00:39:26 S2S array (
  '_sn' => '245150205002',
  '_checkcode' => '4f1926fc3d26e1b048575f6937636606',
  '_currency' => 'USD',
  '_amount' => '58.9',
  '_status' => 'approved',
  '_transactionno' => '15050218999304529W',
  'local_sign' => '4f1926fc3d26e1b048575f6937636606',
)
00:39:27 S2B array (
  'main_page' => 'checkout_process',
  'amount' => '58.9',
  'checkcode' => '4f1926fc3d26e1b048575f6937636606',
  'siteno' => '193736180',
  'sn' => '245150205002',
  'status' => 'approved',
  'transactionno' => '15050218999304529W',
  'local_sign' => '4f1926fc3d26e1b048575f6937636606',
)
11:14:37 S2B array (
  'main_page' => 'checkout_process',
  'amount' => '237',
  'checkcode' => '771d11d5472a5d580fa6d45d7bd3fa44',
  'siteno' => '193736180',
  'sn' => '245150205035',
  'status' => 'approved',
  'transactionno' => '15050218999445307H',
  'local_sign' => '771d11d5472a5d580fa6d45d7bd3fa44',
)
11:15:32 S2B array (
  'main_page' => 'checkout_process',
  'amount' => '82',
  'checkcode' => 'de73ddee8a4c0afe440d1678ce54a0b9',
  'siteno' => '193736180',
  'sn' => '245150205034',
  'status' => 'declined',
  'transactionno' => '15050218999444551A',
  'local_sign' => 'de73ddee8a4c0afe440d1678ce54a0b9',
)
