21:27:36 S2S array (
  '_sn' => '245150323067',
  '_checkcode' => '8ec995162c86bdc5e848e8f0f849073f',
  '_currency' => 'USD',
  '_amount' => '65.5',
  '_status' => 'approved',
  '_transactionno' => '15230319011890780H',
  'local_sign' => '8ec995162c86bdc5e848e8f0f849073f',
)
21:27:38 S2B array (
  'main_page' => 'checkout_process',
  'amount' => '65.5',
  'checkcode' => '8ec995162c86bdc5e848e8f0f849073f',
  'siteno' => '193736180',
  'sn' => '245150323067',
  'status' => 'approved',
  'transactionno' => '15230319011890780H',
  'local_sign' => '8ec995162c86bdc5e848e8f0f849073f',
)
23:39:54 S2S array (
  '_sn' => '245150323074',
  '_checkcode' => '9fe693ccca7fcfd7b6f088bec6b8a18f',
  '_currency' => 'USD',
  '_amount' => '185.5',
  '_status' => 'approved',
  '_transactionno' => '15230319011920103W',
  'local_sign' => '9fe693ccca7fcfd7b6f088bec6b8a18f',
)
23:39:56 S2B array (
  'main_page' => 'checkout_process',
  'amount' => '185.5',
  'checkcode' => '9fe693ccca7fcfd7b6f088bec6b8a18f',
  'siteno' => '193736180',
  'sn' => '245150323074',
  'status' => 'approved',
  'transactionno' => '15230319011920103W',
  'local_sign' => '9fe693ccca7fcfd7b6f088bec6b8a18f',
)
