05:29:51 S2S array (
  '_sn' => '245150413010',
  '_checkcode' => 'cc0ecc98d17d2afa41f3de1be0188030',
  '_currency' => 'USD',
  '_amount' => '66.3',
  '_status' => 'approved',
  '_transactionno' => '15130419015904901G',
  'local_sign' => 'cc0ecc98d17d2afa41f3de1be0188030',
)
05:29:54 S2B array (
  'main_page' => 'checkout_process',
  'amount' => '66.3',
  'checkcode' => 'cc0ecc98d17d2afa41f3de1be0188030',
  'siteno' => '193736180',
  'sn' => '245150413010',
  'status' => 'approved',
  'transactionno' => '15130419015904901G',
  'local_sign' => 'cc0ecc98d17d2afa41f3de1be0188030',
)
05:33:43 S2S array (
  '_sn' => '245150413012',
  '_checkcode' => 'b214d270032c713d1782c7fa5347aebf',
  '_currency' => 'USD',
  '_amount' => '160.5',
  '_status' => 'declined',
  '_transactionno' => '15130419015905562V',
  'local_sign' => 'b214d270032c713d1782c7fa5347aebf',
)
05:33:46 S2B array (
  'main_page' => 'checkout_process',
  'amount' => '160.5',
  'checkcode' => 'b214d270032c713d1782c7fa5347aebf',
  'siteno' => '193736180',
  'sn' => '245150413012',
  'status' => 'declined',
  'transactionno' => '15130419015905562V',
  'local_sign' => 'b214d270032c713d1782c7fa5347aebf',
)
11:08:58 S2B array (
  'main_page' => 'checkout_process',
  'amount' => '160.5',
  'checkcode' => 'b0b0cb229b9dc365c0a5fc57821276ba',
  'siteno' => '193736180',
  'sn' => '245150413025',
  'status' => 'declined',
  'transactionno' => '15130419015946381E',
  'local_sign' => 'b0b0cb229b9dc365c0a5fc57821276ba',
)
