02:38:58 S2S array (
  '_sn' => '245150327010',
  '_checkcode' => 'ddf5aa935a597b749151167ad14b4fda',
  '_currency' => 'USD',
  '_amount' => '236',
  '_status' => 'declined',
  '_transactionno' => '15270319012660374G',
  'local_sign' => 'ddf5aa935a597b749151167ad14b4fda',
)
02:39:00 S2B array (
  'main_page' => 'checkout_process',
  'amount' => '236',
  'checkcode' => 'ddf5aa935a597b749151167ad14b4fda',
  'siteno' => '193736180',
  'sn' => '245150327010',
  'status' => 'declined',
  'transactionno' => '15270319012660374G',
  'local_sign' => 'ddf5aa935a597b749151167ad14b4fda',
)
03:42:55 S2S array (
  '_sn' => '245150327018',
  '_checkcode' => 'c2e4156f50db19228407eb0da0bd9751',
  '_currency' => 'USD',
  '_amount' => '65',
  '_status' => 'declined',
  '_transactionno' => '15270319012669783G',
  'local_sign' => 'c2e4156f50db19228407eb0da0bd9751',
)
03:42:59 S2B array (
  'main_page' => 'checkout_process',
  'amount' => '65',
  'checkcode' => 'c2e4156f50db19228407eb0da0bd9751',
  'siteno' => '193736180',
  'sn' => '245150327018',
  'status' => 'declined',
  'transactionno' => '15270319012669783G',
  'local_sign' => 'c2e4156f50db19228407eb0da0bd9751',
)
05:43:46 S2S array (
  '_sn' => '245150327026',
  '_checkcode' => 'd49641248bb19438fc29f3819e177506',
  '_currency' => 'USD',
  '_amount' => '101.65',
  '_status' => 'declined',
  '_transactionno' => '15270319012705740Q',
  'local_sign' => 'd49641248bb19438fc29f3819e177506',
)
05:43:48 S2B array (
  'main_page' => 'checkout_process',
  'amount' => '101.65',
  'checkcode' => 'd49641248bb19438fc29f3819e177506',
  'siteno' => '193736180',
  'sn' => '245150327026',
  'status' => 'declined',
  'transactionno' => '15270319012705740Q',
  'local_sign' => 'd49641248bb19438fc29f3819e177506',
)
19:06:35 S2S array (
  '_sn' => '245150327068',
  '_checkcode' => 'bb54eb453217eaf1b0c06b6bf9e51afa',
  '_currency' => 'USD',
  '_amount' => '62',
  '_status' => 'declined',
  '_transactionno' => '15270319012808388C',
  'local_sign' => 'bb54eb453217eaf1b0c06b6bf9e51afa',
)
19:06:38 S2B array (
  'main_page' => 'checkout_process',
  'amount' => '62',
  'checkcode' => 'bb54eb453217eaf1b0c06b6bf9e51afa',
  'siteno' => '193736180',
  'sn' => '245150327068',
  'status' => 'declined',
  'transactionno' => '15270319012808388C',
  'local_sign' => 'bb54eb453217eaf1b0c06b6bf9e51afa',
)
19:10:35 S2S array (
  '_sn' => '245150327069',
  '_checkcode' => 'bb14b8dd833295d4bccca2d33bdde9f3',
  '_currency' => 'USD',
  '_amount' => '62',
  '_status' => 'declined',
  '_transactionno' => '15270319012810130Z',
  'local_sign' => 'bb14b8dd833295d4bccca2d33bdde9f3',
)
19:10:37 S2B array (
  'main_page' => 'checkout_process',
  'amount' => '62',
  'checkcode' => 'bb14b8dd833295d4bccca2d33bdde9f3',
  'siteno' => '193736180',
  'sn' => '245150327069',
  'status' => 'declined',
  'transactionno' => '15270319012810130Z',
  'local_sign' => 'bb14b8dd833295d4bccca2d33bdde9f3',
)
21:19:58 S2S array (
  '_sn' => '245150327078',
  '_checkcode' => '37c44d4227db63f21daa97adf975d318',
  '_currency' => 'USD',
  '_amount' => '101.45',
  '_status' => 'approved',
  '_transactionno' => '15270319012821102F',
  'local_sign' => '37c44d4227db63f21daa97adf975d318',
)
21:20:00 S2B array (
  'main_page' => 'checkout_process',
  'amount' => '101.45',
  'checkcode' => '37c44d4227db63f21daa97adf975d318',
  'siteno' => '193736180',
  'sn' => '245150327078',
  'status' => 'approved',
  'transactionno' => '15270319012821102F',
  'local_sign' => '37c44d4227db63f21daa97adf975d318',
)
