10:42:00 S2S array (
  '_sn' => '245150331031',
  '_checkcode' => '40368d0906983571107ca60e067f6a3f',
  '_currency' => 'USD',
  '_amount' => '405.71',
  '_status' => 'declined',
  '_transactionno' => '15310319013552160Q',
  'local_sign' => '40368d0906983571107ca60e067f6a3f',
)
10:42:02 S2B array (
  'main_page' => 'checkout_process',
  'amount' => '405.71',
  'checkcode' => '40368d0906983571107ca60e067f6a3f',
  'siteno' => '193736180',
  'sn' => '245150331031',
  'status' => 'declined',
  'transactionno' => '15310319013552160Q',
  'local_sign' => '40368d0906983571107ca60e067f6a3f',
)
14:45:54 S2S array (
  '_sn' => '245150331047',
  '_checkcode' => '739211d23b48659e31c55a8c2a455875',
  '_currency' => 'USD',
  '_amount' => '116.5',
  '_status' => 'approved',
  '_transactionno' => '15310319013591776Q',
  'local_sign' => '739211d23b48659e31c55a8c2a455875',
)
14:45:56 S2B array (
  'main_page' => 'checkout_process',
  'amount' => '116.5',
  'checkcode' => '739211d23b48659e31c55a8c2a455875',
  'siteno' => '193736180',
  'sn' => '245150331047',
  'status' => 'approved',
  'transactionno' => '15310319013591776Q',
  'local_sign' => '739211d23b48659e31c55a8c2a455875',
)
