00:40:46 S2S array (
  '_sn' => '245150405002',
  '_checkcode' => '0f511650ef8d001e76d1e666f23db615',
  '_currency' => 'USD',
  '_amount' => '65',
  '_status' => 'approved',
  '_transactionno' => '15050419014417164O',
  'local_sign' => '0f511650ef8d001e76d1e666f23db615',
)
00:40:55 S2B array (
  'main_page' => 'checkout_process',
  'amount' => '65',
  'checkcode' => '0f511650ef8d001e76d1e666f23db615',
  'siteno' => '193736180',
  'sn' => '245150405002',
  'status' => 'approved',
  'transactionno' => '15050419014417164O',
  'local_sign' => '0f511650ef8d001e76d1e666f23db615',
)
06:21:47 S2S array (
  '_sn' => '245150405020',
  '_checkcode' => 'af6bf6f3f5e877c3cc857162fc2efa1e',
  '_currency' => 'USD',
  '_amount' => '117.47',
  '_status' => 'approved',
  '_transactionno' => '15050419014442176V',
  'local_sign' => 'af6bf6f3f5e877c3cc857162fc2efa1e',
)
06:21:49 S2B array (
  'main_page' => 'checkout_process',
  'amount' => '117.47',
  'checkcode' => 'af6bf6f3f5e877c3cc857162fc2efa1e',
  'siteno' => '193736180',
  'sn' => '245150405020',
  'status' => 'approved',
  'transactionno' => '15050419014442176V',
  'local_sign' => 'af6bf6f3f5e877c3cc857162fc2efa1e',
)
07:20:01 S2S array (
  '_sn' => '245150405022',
  '_checkcode' => '53787d108c4a847cceeaf2e0335eaed7',
  '_currency' => 'USD',
  '_amount' => '148.88',
  '_status' => 'approved',
  '_transactionno' => '15050419014447702E',
  'local_sign' => '53787d108c4a847cceeaf2e0335eaed7',
)
07:20:03 S2B array (
  'main_page' => 'checkout_process',
  'amount' => '148.88',
  'checkcode' => '53787d108c4a847cceeaf2e0335eaed7',
  'siteno' => '193736180',
  'sn' => '245150405022',
  'status' => 'approved',
  'transactionno' => '15050419014447702E',
  'local_sign' => '53787d108c4a847cceeaf2e0335eaed7',
)
09:27:23 S2S array (
  '_sn' => '245150405031',
  '_checkcode' => 'f6c58ea3f635e1e239f66ec38f61237e',
  '_currency' => 'USD',
  '_amount' => '65',
  '_status' => 'approved',
  '_transactionno' => '15050419014463305E',
  'local_sign' => 'f6c58ea3f635e1e239f66ec38f61237e',
)
09:27:25 S2B array (
  'main_page' => 'checkout_process',
  'amount' => '65',
  'checkcode' => 'f6c58ea3f635e1e239f66ec38f61237e',
  'siteno' => '193736180',
  'sn' => '245150405031',
  'status' => 'approved',
  'transactionno' => '15050419014463305E',
  'local_sign' => 'f6c58ea3f635e1e239f66ec38f61237e',
)
11:42:33 S2S array (
  '_sn' => '245150405041',
  '_checkcode' => '30cf88997b909534d11002c68cbd26b9',
  '_currency' => 'USD',
  '_amount' => '70.99',
  '_status' => 'declined',
  '_transactionno' => '15050419014472382C',
  'local_sign' => '30cf88997b909534d11002c68cbd26b9',
)
11:42:41 S2B array (
  'main_page' => 'checkout_process',
  'amount' => '70.99',
  'checkcode' => '30cf88997b909534d11002c68cbd26b9',
  'siteno' => '193736180',
  'sn' => '245150405041',
  'status' => 'declined',
  'transactionno' => '15050419014472382C',
  'local_sign' => '30cf88997b909534d11002c68cbd26b9',
)
