02:01:44 S2S array (
  '_sn' => '245150316010',
  '_checkcode' => '4df92ba1620643a6895fd8961dabfcd3',
  '_currency' => 'USD',
  '_amount' => '131',
  '_status' => 'declined',
  '_transactionno' => '15160319010065162R',
  'local_sign' => '4df92ba1620643a6895fd8961dabfcd3',
)
02:01:49 S2B array (
  'main_page' => 'checkout_process',
  'amount' => '131',
  'checkcode' => '4df92ba1620643a6895fd8961dabfcd3',
  'siteno' => '193736180',
  'sn' => '245150316010',
  'status' => 'declined',
  'transactionno' => '15160319010065162R',
  'local_sign' => '4df92ba1620643a6895fd8961dabfcd3',
)
04:17:05 S2S array (
  '_sn' => '245150316018',
  '_checkcode' => '77cdc1b02055f9b4e0d011c742aa4cfe',
  '_currency' => 'USD',
  '_amount' => '62',
  '_status' => 'approved',
  '_transactionno' => '15160319010086152G',
  'local_sign' => '77cdc1b02055f9b4e0d011c742aa4cfe',
)
04:17:08 S2B array (
  'main_page' => 'checkout_process',
  'amount' => '62',
  'checkcode' => '77cdc1b02055f9b4e0d011c742aa4cfe',
  'siteno' => '193736180',
  'sn' => '245150316018',
  'status' => 'approved',
  'transactionno' => '15160319010086152G',
  'local_sign' => '77cdc1b02055f9b4e0d011c742aa4cfe',
)
04:23:21 S2S array (
  '_sn' => '245150316019',
  '_checkcode' => '3bb665adcb21bb7d7ddfcb6874204c62',
  '_currency' => 'USD',
  '_amount' => '110',
  '_status' => 'approved',
  '_transactionno' => '15160319010087540H',
  'local_sign' => '3bb665adcb21bb7d7ddfcb6874204c62',
)
04:23:25 S2B array (
  'main_page' => 'checkout_process',
  'amount' => '110',
  'checkcode' => '3bb665adcb21bb7d7ddfcb6874204c62',
  'siteno' => '193736180',
  'sn' => '245150316019',
  'status' => 'approved',
  'transactionno' => '15160319010087540H',
  'local_sign' => '3bb665adcb21bb7d7ddfcb6874204c62',
)
06:32:51 S2S array (
  '_sn' => '245150316034',
  '_checkcode' => 'ee61527471d968b982c2a61a0f460b8c',
  '_currency' => 'USD',
  '_amount' => '92.5',
  '_status' => 'approved',
  '_transactionno' => '15160319010108112N',
  'local_sign' => 'ee61527471d968b982c2a61a0f460b8c',
)
06:32:53 S2B array (
  'main_page' => 'checkout_process',
  'amount' => '92.5',
  'checkcode' => 'ee61527471d968b982c2a61a0f460b8c',
  'siteno' => '193736180',
  'sn' => '245150316034',
  'status' => 'approved',
  'transactionno' => '15160319010108112N',
  'local_sign' => 'ee61527471d968b982c2a61a0f460b8c',
)
08:03:20 S2S array (
  '_sn' => '245150316040',
  '_checkcode' => 'a9b2ec9ed6434881b7f18e5a1e1bcd06',
  '_currency' => 'USD',
  '_amount' => '80',
  '_status' => 'approved',
  '_transactionno' => '15160319010118396H',
  'local_sign' => 'a9b2ec9ed6434881b7f18e5a1e1bcd06',
)
08:03:23 S2B array (
  'main_page' => 'checkout_process',
  'amount' => '80',
  'checkcode' => 'a9b2ec9ed6434881b7f18e5a1e1bcd06',
  'siteno' => '193736180',
  'sn' => '245150316040',
  'status' => 'approved',
  'transactionno' => '15160319010118396H',
  'local_sign' => 'a9b2ec9ed6434881b7f18e5a1e1bcd06',
)
22:35:28 S2S array (
  '_sn' => '245150316077',
  '_checkcode' => '029c2acb4fe3d83b5ab930fbcc558445',
  '_currency' => 'USD',
  '_amount' => '62',
  '_status' => 'approved',
  '_transactionno' => '15160319010257526P',
  'local_sign' => '029c2acb4fe3d83b5ab930fbcc558445',
)
22:35:31 S2B array (
  'main_page' => 'checkout_process',
  'amount' => '62',
  'checkcode' => '029c2acb4fe3d83b5ab930fbcc558445',
  'siteno' => '193736180',
  'sn' => '245150316077',
  'status' => 'approved',
  'transactionno' => '15160319010257526P',
  'local_sign' => '029c2acb4fe3d83b5ab930fbcc558445',
)
