00:35:21 S2S array (
  '_sn' => '245150301005',
  '_checkcode' => '1a30337028e7760c999b21955055a743',
  '_currency' => 'USD',
  '_amount' => '175.33',
  '_status' => 'approved',
  '_transactionno' => '15010319005733727Y',
  'local_sign' => '1a30337028e7760c999b21955055a743',
)
00:35:35 S2B array (
  'main_page' => 'checkout_process',
  'amount' => '175.33',
  'checkcode' => '1a30337028e7760c999b21955055a743',
  'siteno' => '193736180',
  'sn' => '245150301005',
  'status' => 'approved',
  'transactionno' => '15010319005733727Y',
  'local_sign' => '1a30337028e7760c999b21955055a743',
)
00:52:00 S2S array (
  '_sn' => '245150301006',
  '_checkcode' => 'bbfd083003f4b2d0eb16d3c318c1596d',
  '_currency' => 'USD',
  '_amount' => '132.66',
  '_status' => 'approved',
  '_transactionno' => '15010319005738386Z',
  'local_sign' => 'bbfd083003f4b2d0eb16d3c318c1596d',
)
00:52:15 S2B array (
  'main_page' => 'checkout_process',
  'amount' => '132.66',
  'checkcode' => 'bbfd083003f4b2d0eb16d3c318c1596d',
  'siteno' => '193736180',
  'sn' => '245150301006',
  'status' => 'approved',
  'transactionno' => '15010319005738386Z',
  'local_sign' => 'bbfd083003f4b2d0eb16d3c318c1596d',
)
10:12:56 S2S array (
  '_sn' => '245150301040',
  '_checkcode' => 'dd39c8d7df9cd9cfd97d30d728fe329a',
  '_currency' => 'USD',
  '_amount' => '62',
  '_status' => 'approved',
  '_transactionno' => '15010319005833955G',
  'local_sign' => 'dd39c8d7df9cd9cfd97d30d728fe329a',
)
10:13:08 S2B array (
  'main_page' => 'checkout_process',
  'amount' => '62',
  'checkcode' => 'dd39c8d7df9cd9cfd97d30d728fe329a',
  'siteno' => '193736180',
  'sn' => '245150301040',
  'status' => 'approved',
  'transactionno' => '15010319005833955G',
  'local_sign' => 'dd39c8d7df9cd9cfd97d30d728fe329a',
)
20:07:16 S2S array (
  '_sn' => '245150301060',
  '_checkcode' => '5a22ad3c6e218eaac0740f53141a580c',
  '_currency' => 'USD',
  '_amount' => '79.5',
  '_status' => 'approved',
  '_transactionno' => '15010319005918196R',
  'local_sign' => '5a22ad3c6e218eaac0740f53141a580c',
)
20:07:29 S2B array (
  'main_page' => 'checkout_process',
  'amount' => '79.5',
  'checkcode' => '5a22ad3c6e218eaac0740f53141a580c',
  'siteno' => '193736180',
  'sn' => '245150301060',
  'status' => 'approved',
  'transactionno' => '15010319005918196R',
  'local_sign' => '5a22ad3c6e218eaac0740f53141a580c',
)
