04:33:22 S2S array (
  '_sn' => '245150131007',
  '_checkcode' => 'fbec7a964bb70ec4c697c14001e4b766',
  '_currency' => 'USD',
  '_amount' => '51.5',
  '_status' => 'approved',
  '_transactionno' => '15310118997801108Y',
  'local_sign' => 'fbec7a964bb70ec4c697c14001e4b766',
)
04:33:24 S2B array (
  'main_page' => 'checkout_process',
  'amount' => '51.5',
  'checkcode' => 'fbec7a964bb70ec4c697c14001e4b766',
  'siteno' => '193736180',
  'sn' => '245150131007',
  'status' => 'approved',
  'transactionno' => '15310118997801108Y',
  'local_sign' => 'fbec7a964bb70ec4c697c14001e4b766',
)
06:35:36 S2S array (
  '_sn' => '245150131013',
  '_checkcode' => 'eedb3214e8f900fd5f2dcb4760b616a2',
  '_currency' => 'USD',
  '_amount' => '277',
  '_status' => 'declined',
  '_transactionno' => '15310118997832124G',
  'local_sign' => 'eedb3214e8f900fd5f2dcb4760b616a2',
)
06:35:38 S2B array (
  'main_page' => 'checkout_process',
  'amount' => '277',
  'checkcode' => 'eedb3214e8f900fd5f2dcb4760b616a2',
  'siteno' => '193736180',
  'sn' => '245150131013',
  'status' => 'declined',
  'transactionno' => '15310118997832124G',
  'local_sign' => 'eedb3214e8f900fd5f2dcb4760b616a2',
)
21:53:25 S2B array (
  'main_page' => 'checkout_process',
  'amount' => '98',
  'checkcode' => '4cfeebe86921b4bfaa7946b53fa24041',
  'siteno' => '193736180',
  'sn' => '245150131034',
  'status' => 'approved',
  'transactionno' => '15310118997966535W',
  'local_sign' => '4cfeebe86921b4bfaa7946b53fa24041',
)
