07:19:29 S2S array (
  '_sn' => '245150310030',
  '_checkcode' => 'dad1c652f8ab04299818d3c6e5df8922',
  '_currency' => 'USD',
  '_amount' => '94',
  '_status' => 'approved',
  '_transactionno' => '15100319008504734O',
  'local_sign' => 'dad1c652f8ab04299818d3c6e5df8922',
)
07:19:59 S2B array (
  'main_page' => 'checkout_process',
  'amount' => '94',
  'checkcode' => 'dad1c652f8ab04299818d3c6e5df8922',
  'siteno' => '193736180',
  'sn' => '245150310030',
  'status' => 'approved',
  'transactionno' => '15100319008504734O',
  'local_sign' => 'dad1c652f8ab04299818d3c6e5df8922',
)
11:41:02 S2S array (
  '_sn' => '245150310046',
  '_checkcode' => '9aca333020e28d27e9de9ba997e97ecd',
  '_currency' => 'USD',
  '_amount' => '264.5',
  '_status' => 'declined',
  '_transactionno' => '15100319008562130X',
  'local_sign' => '9aca333020e28d27e9de9ba997e97ecd',
)
11:41:16 S2B array (
  'main_page' => 'checkout_process',
  'amount' => '264.5',
  'checkcode' => '9aca333020e28d27e9de9ba997e97ecd',
  'siteno' => '193736180',
  'sn' => '245150310046',
  'status' => 'declined',
  'transactionno' => '15100319008562130X',
  'local_sign' => '9aca333020e28d27e9de9ba997e97ecd',
)
12:24:08 S2S array (
  '_sn' => '245150310052',
  '_checkcode' => '8690436ce249db47873723c437a5d455',
  '_currency' => 'USD',
  '_amount' => '171',
  '_status' => 'declined',
  '_transactionno' => '15100319008570531Q',
  'local_sign' => '8690436ce249db47873723c437a5d455',
)
12:24:29 S2B array (
  'main_page' => 'checkout_process',
  'amount' => '171',
  'checkcode' => '8690436ce249db47873723c437a5d455',
  'siteno' => '193736180',
  'sn' => '245150310052',
  'status' => 'declined',
  'transactionno' => '15100319008570531Q',
  'local_sign' => '8690436ce249db47873723c437a5d455',
)
