02:32:28 S2S array (
  '_sn' => '245150403003',
  '_checkcode' => '40a308d1d5c6c094d51fcd5e94fd1a4b',
  '_currency' => 'USD',
  '_amount' => '86',
  '_status' => 'approved',
  '_transactionno' => '15030419014080370T',
  'local_sign' => '40a308d1d5c6c094d51fcd5e94fd1a4b',
)
02:32:35 S2B array (
  'main_page' => 'checkout_process',
  'amount' => '86',
  'checkcode' => '40a308d1d5c6c094d51fcd5e94fd1a4b',
  'siteno' => '193736180',
  'sn' => '245150403003',
  'status' => 'approved',
  'transactionno' => '15030419014080370T',
  'local_sign' => '40a308d1d5c6c094d51fcd5e94fd1a4b',
)
09:04:58 S2S array (
  '_sn' => '245150403019',
  '_checkcode' => '8bb5241d195795e79dfe64650174e65e',
  '_currency' => 'USD',
  '_amount' => '77.53',
  '_status' => 'approved',
  '_transactionno' => '15030419014154502Z',
  'local_sign' => '8bb5241d195795e79dfe64650174e65e',
)
09:05:01 S2B array (
  'main_page' => 'checkout_process',
  'amount' => '77.53',
  'checkcode' => '8bb5241d195795e79dfe64650174e65e',
  'siteno' => '193736180',
  'sn' => '245150403019',
  'status' => 'approved',
  'transactionno' => '15030419014154502Z',
  'local_sign' => '8bb5241d195795e79dfe64650174e65e',
)
13:04:05 S2S array (
  '_sn' => '245150403036',
  '_checkcode' => '81baf2c563731de131ebe874f98dc326',
  '_currency' => 'USD',
  '_amount' => '37',
  '_status' => 'approved',
  '_transactionno' => '15030419014189377K',
  'local_sign' => '81baf2c563731de131ebe874f98dc326',
)
13:04:08 S2B array (
  'main_page' => 'checkout_process',
  'amount' => '37',
  'checkcode' => '81baf2c563731de131ebe874f98dc326',
  'siteno' => '193736180',
  'sn' => '245150403036',
  'status' => 'approved',
  'transactionno' => '15030419014189377K',
  'local_sign' => '81baf2c563731de131ebe874f98dc326',
)
14:55:37 S2S array (
  '_sn' => '245150403037',
  '_checkcode' => 'a87ad76f9af88be493f9f146065ec143',
  '_currency' => 'USD',
  '_amount' => '116.3',
  '_status' => 'approved',
  '_transactionno' => '15030419014220792V',
  'local_sign' => 'a87ad76f9af88be493f9f146065ec143',
)
14:55:40 S2B array (
  'main_page' => 'checkout_process',
  'amount' => '116.3',
  'checkcode' => 'a87ad76f9af88be493f9f146065ec143',
  'siteno' => '193736180',
  'sn' => '245150403037',
  'status' => 'approved',
  'transactionno' => '15030419014220792V',
  'local_sign' => 'a87ad76f9af88be493f9f146065ec143',
)
