04:05:52 S2S array (
  '_sn' => '245150210009',
  '_checkcode' => '6188d0ea5d7218dcb454308485a69fd9',
  '_currency' => 'USD',
  '_amount' => '74.3',
  '_status' => 'declined',
  '_transactionno' => '15100219001052192O',
  'local_sign' => '6188d0ea5d7218dcb454308485a69fd9',
)
04:06:05 S2B array (
  'main_page' => 'checkout_process',
  'amount' => '74.3',
  'checkcode' => '6188d0ea5d7218dcb454308485a69fd9',
  'siteno' => '193736180',
  'sn' => '245150210009',
  'status' => 'declined',
  'transactionno' => '15100219001052192O',
  'local_sign' => '6188d0ea5d7218dcb454308485a69fd9',
)
09:32:35 S2S array (
  '_sn' => '245150210020',
  '_checkcode' => '33266de7766c594ec0b462b067f4e48b',
  '_currency' => 'USD',
  '_amount' => '53.98',
  '_status' => 'approved',
  '_transactionno' => '15100219001131535X',
  'local_sign' => '33266de7766c594ec0b462b067f4e48b',
)
09:32:36 S2B array (
  'main_page' => 'checkout_process',
  'amount' => '53.98',
  'checkcode' => '33266de7766c594ec0b462b067f4e48b',
  'siteno' => '193736180',
  'sn' => '245150210020',
  'status' => 'approved',
  'transactionno' => '15100219001131535X',
  'local_sign' => '33266de7766c594ec0b462b067f4e48b',
)
12:58:37 S2S array (
  '_sn' => '245150210029',
  '_checkcode' => '55aa56365c8cb8a388c9babf45e55522',
  '_currency' => 'USD',
  '_amount' => '65.5',
  '_status' => 'approved',
  '_transactionno' => '15100219001179784S',
  'local_sign' => '55aa56365c8cb8a388c9babf45e55522',
)
12:58:39 S2B array (
  'main_page' => 'checkout_process',
  'amount' => '65.5',
  'checkcode' => '55aa56365c8cb8a388c9babf45e55522',
  'siteno' => '193736180',
  'sn' => '245150210029',
  'status' => 'approved',
  'transactionno' => '15100219001179784S',
  'local_sign' => '55aa56365c8cb8a388c9babf45e55522',
)
