01:53:19 S2S array (
  '_sn' => '245150404007',
  '_checkcode' => 'b2a022ed9aee500605dbd7d74869ad9e',
  '_currency' => 'USD',
  '_amount' => '65',
  '_status' => 'declined',
  '_transactionno' => '15040419014289902J',
  'local_sign' => 'b2a022ed9aee500605dbd7d74869ad9e',
)
01:53:21 S2B array (
  'main_page' => 'checkout_process',
  'amount' => '65',
  'checkcode' => 'b2a022ed9aee500605dbd7d74869ad9e',
  'siteno' => '193736180',
  'sn' => '245150404007',
  'status' => 'declined',
  'transactionno' => '15040419014289902J',
  'local_sign' => 'b2a022ed9aee500605dbd7d74869ad9e',
)
08:35:51 S2S array (
  '_sn' => '245150404035',
  '_checkcode' => '3db8bbd331047bf29b10eb9c0abb74c4',
  '_currency' => 'USD',
  '_amount' => '166.17',
  '_status' => 'approved',
  '_transactionno' => '15040419014328517F',
  'local_sign' => '3db8bbd331047bf29b10eb9c0abb74c4',
)
08:35:54 S2B array (
  'main_page' => 'checkout_process',
  'amount' => '166.17',
  'checkcode' => '3db8bbd331047bf29b10eb9c0abb74c4',
  'siteno' => '193736180',
  'sn' => '245150404035',
  'status' => 'approved',
  'transactionno' => '15040419014328517F',
  'local_sign' => '3db8bbd331047bf29b10eb9c0abb74c4',
)
09:35:20 S2S array (
  '_sn' => '245150404039',
  '_checkcode' => 'd7043cfc9926d2673bdc9efd88daaf32',
  '_currency' => 'USD',
  '_amount' => '156',
  '_status' => 'approved',
  '_transactionno' => '15040419014330986I',
  'local_sign' => 'd7043cfc9926d2673bdc9efd88daaf32',
)
09:35:22 S2B array (
  'main_page' => 'checkout_process',
  'amount' => '156',
  'checkcode' => 'd7043cfc9926d2673bdc9efd88daaf32',
  'siteno' => '193736180',
  'sn' => '245150404039',
  'status' => 'approved',
  'transactionno' => '15040419014330986I',
  'local_sign' => 'd7043cfc9926d2673bdc9efd88daaf32',
)
12:09:46 S2S array (
  '_sn' => '245150404054',
  '_checkcode' => '3738af770fa4a84c75a323b8b4d5d5ae',
  '_currency' => 'USD',
  '_amount' => '110',
  '_status' => 'declined',
  '_transactionno' => '15040419014348993U',
  'local_sign' => '3738af770fa4a84c75a323b8b4d5d5ae',
)
12:09:53 S2B array (
  'main_page' => 'checkout_process',
  'amount' => '110',
  'checkcode' => '3738af770fa4a84c75a323b8b4d5d5ae',
  'siteno' => '193736180',
  'sn' => '245150404054',
  'status' => 'declined',
  'transactionno' => '15040419014348993U',
  'local_sign' => '3738af770fa4a84c75a323b8b4d5d5ae',
)
13:14:10 S2S array (
  '_sn' => '245150404060',
  '_checkcode' => 'a8d210ceb32d70478b1c0cfe9bc0553a',
  '_currency' => 'USD',
  '_amount' => '65',
  '_status' => 'declined',
  '_transactionno' => '15040419014354359V',
  'local_sign' => 'a8d210ceb32d70478b1c0cfe9bc0553a',
)
13:14:13 S2B array (
  'main_page' => 'checkout_process',
  'amount' => '65',
  'checkcode' => 'a8d210ceb32d70478b1c0cfe9bc0553a',
  'siteno' => '193736180',
  'sn' => '245150404060',
  'status' => 'declined',
  'transactionno' => '15040419014354359V',
  'local_sign' => 'a8d210ceb32d70478b1c0cfe9bc0553a',
)
22:55:32 S2S array (
  '_sn' => '245150404067',
  '_checkcode' => '7deb112cf5aa7b6e6a9e45c96579b4c0',
  '_currency' => 'USD',
  '_amount' => '111',
  '_status' => 'approved',
  '_transactionno' => '15040419014398736J',
  'local_sign' => '7deb112cf5aa7b6e6a9e45c96579b4c0',
)
22:55:34 S2B array (
  'main_page' => 'checkout_process',
  'amount' => '111',
  'checkcode' => '7deb112cf5aa7b6e6a9e45c96579b4c0',
  'siteno' => '193736180',
  'sn' => '245150404067',
  'status' => 'approved',
  'transactionno' => '15040419014398736J',
  'local_sign' => '7deb112cf5aa7b6e6a9e45c96579b4c0',
)
23:17:10 S2S array (
  '_sn' => '245150404070',
  '_checkcode' => '337d783ac0d2af6c5cf136a7bdd2d3f6',
  '_currency' => 'USD',
  '_amount' => '177',
  '_status' => 'declined',
  '_transactionno' => '15040419014403915M',
  'local_sign' => '337d783ac0d2af6c5cf136a7bdd2d3f6',
)
23:17:12 S2B array (
  'main_page' => 'checkout_process',
  'amount' => '177',
  'checkcode' => '337d783ac0d2af6c5cf136a7bdd2d3f6',
  'siteno' => '193736180',
  'sn' => '245150404070',
  'status' => 'declined',
  'transactionno' => '15040419014403915M',
  'local_sign' => '337d783ac0d2af6c5cf136a7bdd2d3f6',
)
