00:04:58 S2S array (
  '_sn' => '245150318001',
  '_checkcode' => 'ee21dadbf65cf16c76300ab81a9b1124',
  '_currency' => 'USD',
  '_amount' => '97.99',
  '_status' => 'approved',
  '_transactionno' => '15180319010535350F',
  'local_sign' => 'ee21dadbf65cf16c76300ab81a9b1124',
)
00:04:59 S2B array (
  'main_page' => 'checkout_process',
  'amount' => '97.99',
  'checkcode' => 'ee21dadbf65cf16c76300ab81a9b1124',
  'siteno' => '193736180',
  'sn' => '245150318001',
  'status' => 'approved',
  'transactionno' => '15180319010535350F',
  'local_sign' => 'ee21dadbf65cf16c76300ab81a9b1124',
)
09:28:47 S2S array (
  '_sn' => '245150318034',
  '_checkcode' => '96b4df54a4e15757458d2deeb966c993',
  '_currency' => 'USD',
  '_amount' => '65.57',
  '_status' => 'approved',
  '_transactionno' => '15180319010625176I',
  'local_sign' => '96b4df54a4e15757458d2deeb966c993',
)
09:28:49 S2B array (
  'main_page' => 'checkout_process',
  'amount' => '65.57',
  'checkcode' => '96b4df54a4e15757458d2deeb966c993',
  'siteno' => '193736180',
  'sn' => '245150318034',
  'status' => 'approved',
  'transactionno' => '15180319010625176I',
  'local_sign' => '96b4df54a4e15757458d2deeb966c993',
)
10:36:05 S2S array (
  '_sn' => '245150318041',
  '_checkcode' => '086ce721860fd72d75fecd6bd9bab2e5',
  '_currency' => 'USD',
  '_amount' => '65.53',
  '_status' => 'approved',
  '_transactionno' => '15180319010640758U',
  'local_sign' => '086ce721860fd72d75fecd6bd9bab2e5',
)
10:36:07 S2B array (
  'main_page' => 'checkout_process',
  'amount' => '65.53',
  'checkcode' => '086ce721860fd72d75fecd6bd9bab2e5',
  'siteno' => '193736180',
  'sn' => '245150318041',
  'status' => 'approved',
  'transactionno' => '15180319010640758U',
  'local_sign' => '086ce721860fd72d75fecd6bd9bab2e5',
)
11:38:04 S2S array (
  '_sn' => '245150318044',
  '_checkcode' => '43ad9164fbfd4b8d75e22dd35b158070',
  '_currency' => 'USD',
  '_amount' => '65.67',
  '_status' => 'declined',
  '_transactionno' => '15180319010652305M',
  'local_sign' => '43ad9164fbfd4b8d75e22dd35b158070',
)
11:38:07 S2B array (
  'main_page' => 'checkout_process',
  'amount' => '65.67',
  'checkcode' => '43ad9164fbfd4b8d75e22dd35b158070',
  'siteno' => '193736180',
  'sn' => '245150318044',
  'status' => 'declined',
  'transactionno' => '15180319010652305M',
  'local_sign' => '43ad9164fbfd4b8d75e22dd35b158070',
)
