00:56:42 S2S array (
  '_sn' => '245150315007',
  '_checkcode' => '792dfdd96e0f38762e1a5d89685648d5',
  '_currency' => 'USD',
  '_amount' => '94',
  '_status' => 'declined',
  '_transactionno' => '15150319009866524T',
  'local_sign' => '792dfdd96e0f38762e1a5d89685648d5',
)
00:56:46 S2B array (
  'main_page' => 'checkout_process',
  'amount' => '94',
  'checkcode' => '792dfdd96e0f38762e1a5d89685648d5',
  'siteno' => '193736180',
  'sn' => '245150315007',
  'status' => 'declined',
  'transactionno' => '15150319009866524T',
  'local_sign' => '792dfdd96e0f38762e1a5d89685648d5',
)
05:26:01 S2S array (
  '_sn' => '245150315049',
  '_checkcode' => 'ec9c0117d033e4556698cb8dac06eb76',
  '_currency' => 'USD',
  '_amount' => '52',
  '_status' => 'declined',
  '_transactionno' => '15150319009912518G',
  'local_sign' => 'ec9c0117d033e4556698cb8dac06eb76',
)
05:26:05 S2B array (
  'main_page' => 'checkout_process',
  'amount' => '52',
  'checkcode' => 'ec9c0117d033e4556698cb8dac06eb76',
  'siteno' => '193736180',
  'sn' => '245150315049',
  'status' => 'declined',
  'transactionno' => '15150319009912518G',
  'local_sign' => 'ec9c0117d033e4556698cb8dac06eb76',
)
11:12:35 S2S array (
  '_sn' => '245150315081',
  '_checkcode' => 'bdafbdc0277850f219d1b02c35a14dda',
  '_currency' => 'USD',
  '_amount' => '65.67',
  '_status' => 'approved',
  '_transactionno' => '15150319009969528U',
  'local_sign' => 'bdafbdc0277850f219d1b02c35a14dda',
)
11:12:38 S2B array (
  'main_page' => 'checkout_process',
  'amount' => '65.67',
  'checkcode' => 'bdafbdc0277850f219d1b02c35a14dda',
  'siteno' => '193736180',
  'sn' => '245150315081',
  'status' => 'approved',
  'transactionno' => '15150319009969528U',
  'local_sign' => 'bdafbdc0277850f219d1b02c35a14dda',
)
11:36:28 S2S array (
  '_sn' => '245150315083',
  '_checkcode' => '6a3bb0279f5fde341e723b72941e9ab7',
  '_currency' => 'USD',
  '_amount' => '205',
  '_status' => 'declined',
  '_transactionno' => '15150319009972773D',
  'local_sign' => '6a3bb0279f5fde341e723b72941e9ab7',
)
11:36:32 S2B array (
  'main_page' => 'checkout_process',
  'amount' => '205',
  'checkcode' => '6a3bb0279f5fde341e723b72941e9ab7',
  'siteno' => '193736180',
  'sn' => '245150315083',
  'status' => 'declined',
  'transactionno' => '15150319009972773D',
  'local_sign' => '6a3bb0279f5fde341e723b72941e9ab7',
)
12:12:03 S2S array (
  '_sn' => '245150315086',
  '_checkcode' => '0402e5f3315438545986508e097595ae',
  '_currency' => 'USD',
  '_amount' => '129.5',
  '_status' => 'approved',
  '_transactionno' => '15150319009976901T',
  'local_sign' => '0402e5f3315438545986508e097595ae',
)
12:12:05 S2B array (
  'main_page' => 'checkout_process',
  'amount' => '129.5',
  'checkcode' => '0402e5f3315438545986508e097595ae',
  'siteno' => '193736180',
  'sn' => '245150315086',
  'status' => 'approved',
  'transactionno' => '15150319009976901T',
  'local_sign' => '0402e5f3315438545986508e097595ae',
)
12:48:37 S2S array (
  '_sn' => '245150315088',
  '_checkcode' => '55a0f35a693ebcef026a98e6e15233c2',
  '_currency' => 'USD',
  '_amount' => '65.66',
  '_status' => 'approved',
  '_transactionno' => '15150319009979943W',
  'local_sign' => '55a0f35a693ebcef026a98e6e15233c2',
)
12:48:42 S2B array (
  'main_page' => 'checkout_process',
  'amount' => '65.66',
  'checkcode' => '55a0f35a693ebcef026a98e6e15233c2',
  'siteno' => '193736180',
  'sn' => '245150315088',
  'status' => 'approved',
  'transactionno' => '15150319009979943W',
  'local_sign' => '55a0f35a693ebcef026a98e6e15233c2',
)
19:04:26 S2S array (
  '_sn' => '245150315092',
  '_checkcode' => '7ffd8cf27332f51e779efe0105d3044a',
  '_currency' => 'USD',
  '_amount' => '200',
  '_status' => 'approved',
  '_transactionno' => '15150319010009706R',
  'local_sign' => '7ffd8cf27332f51e779efe0105d3044a',
)
19:04:30 S2B array (
  'main_page' => 'checkout_process',
  'amount' => '200',
  'checkcode' => '7ffd8cf27332f51e779efe0105d3044a',
  'siteno' => '193736180',
  'sn' => '245150315092',
  'status' => 'approved',
  'transactionno' => '15150319010009706R',
  'local_sign' => '7ffd8cf27332f51e779efe0105d3044a',
)
21:27:04 S2S array (
  '_sn' => '245150315097',
  '_checkcode' => '3999af795a5f88542c2c8d9093c5ff6e',
  '_currency' => 'USD',
  '_amount' => '62',
  '_status' => 'approved',
  '_transactionno' => '15150319010025584K',
  'local_sign' => '3999af795a5f88542c2c8d9093c5ff6e',
)
21:27:06 S2B array (
  'main_page' => 'checkout_process',
  'amount' => '62',
  'checkcode' => '3999af795a5f88542c2c8d9093c5ff6e',
  'siteno' => '193736180',
  'sn' => '245150315097',
  'status' => 'approved',
  'transactionno' => '15150319010025584K',
  'local_sign' => '3999af795a5f88542c2c8d9093c5ff6e',
)
