11:22:23 S2S array (
  '_sn' => '245150207028',
  '_checkcode' => '732cd1dceb69c528cb714b42050ccb35',
  '_currency' => 'USD',
  '_amount' => '68.5',
  '_status' => 'approved',
  '_transactionno' => '15070219000241518H',
  'local_sign' => '732cd1dceb69c528cb714b42050ccb35',
)
11:22:35 S2B array (
  'main_page' => 'checkout_process',
  'amount' => '68.5',
  'checkcode' => '732cd1dceb69c528cb714b42050ccb35',
  'siteno' => '193736180',
  'sn' => '245150207028',
  'status' => 'approved',
  'transactionno' => '15070219000241518H',
  'local_sign' => '732cd1dceb69c528cb714b42050ccb35',
)
17:05:04 S2S array (
  '_sn' => '245150207040',
  '_checkcode' => '778360a73bd0d8213fe7ed0e40d8d964',
  '_currency' => 'USD',
  '_amount' => '321.7',
  '_status' => 'declined',
  '_transactionno' => '15070219000290945M',
  'local_sign' => '778360a73bd0d8213fe7ed0e40d8d964',
)
17:05:17 S2B array (
  'main_page' => 'checkout_process',
  'amount' => '321.7',
  'checkcode' => '778360a73bd0d8213fe7ed0e40d8d964',
  'siteno' => '193736180',
  'sn' => '245150207040',
  'status' => 'declined',
  'transactionno' => '15070219000290945M',
  'local_sign' => '778360a73bd0d8213fe7ed0e40d8d964',
)
