06:19:48 S2S array (
  '_sn' => '245150321036',
  '_checkcode' => '0f9ee3c182c098a01ca639ce8f5811e1',
  '_currency' => 'USD',
  '_amount' => '65.8',
  '_status' => 'approved',
  '_transactionno' => '15210319011313351I',
  'local_sign' => '0f9ee3c182c098a01ca639ce8f5811e1',
)
06:19:50 S2B array (
  'main_page' => 'checkout_process',
  'amount' => '65.8',
  'checkcode' => '0f9ee3c182c098a01ca639ce8f5811e1',
  'siteno' => '193736180',
  'sn' => '245150321036',
  'status' => 'approved',
  'transactionno' => '15210319011313351I',
  'local_sign' => '0f9ee3c182c098a01ca639ce8f5811e1',
)
08:00:20 S2S array (
  '_sn' => '245150321046',
  '_checkcode' => 'f1464dff46650d2a5b6413c7325f41f8',
  '_currency' => 'USD',
  '_amount' => '148.97',
  '_status' => 'approved',
  '_transactionno' => '15210319011327571K',
  'local_sign' => 'f1464dff46650d2a5b6413c7325f41f8',
)
08:00:22 S2B array (
  'main_page' => 'checkout_process',
  'amount' => '148.97',
  'checkcode' => 'f1464dff46650d2a5b6413c7325f41f8',
  'siteno' => '193736180',
  'sn' => '245150321046',
  'status' => 'approved',
  'transactionno' => '15210319011327571K',
  'local_sign' => 'f1464dff46650d2a5b6413c7325f41f8',
)
08:58:11 S2S array (
  '_sn' => '245150321053',
  '_checkcode' => '8d0055909cf293741e6efaf91f4664cd',
  '_currency' => 'USD',
  '_amount' => '96.74',
  '_status' => 'declined',
  '_transactionno' => '15210319011336399P',
  'local_sign' => '8d0055909cf293741e6efaf91f4664cd',
)
08:58:12 S2B array (
  'main_page' => 'checkout_process',
  'amount' => '96.74',
  'checkcode' => '8d0055909cf293741e6efaf91f4664cd',
  'siteno' => '193736180',
  'sn' => '245150321053',
  'status' => 'declined',
  'transactionno' => '15210319011336399P',
  'local_sign' => '8d0055909cf293741e6efaf91f4664cd',
)
10:38:54 S2S array (
  '_sn' => '245150321072',
  '_checkcode' => '8d738f9e6f9c5304280a13de85604243',
  '_currency' => 'USD',
  '_amount' => '96.74',
  '_status' => 'declined',
  '_transactionno' => '15210319011357539C',
  'local_sign' => '8d738f9e6f9c5304280a13de85604243',
)
10:38:56 S2B array (
  'main_page' => 'checkout_process',
  'amount' => '96.74',
  'checkcode' => '8d738f9e6f9c5304280a13de85604243',
  'siteno' => '193736180',
  'sn' => '245150321072',
  'status' => 'declined',
  'transactionno' => '15210319011357539C',
  'local_sign' => '8d738f9e6f9c5304280a13de85604243',
)
11:31:42 S2S array (
  '_sn' => '245150321080',
  '_checkcode' => '74c38bf7a6604b69274f8ab1c2836edd',
  '_currency' => 'USD',
  '_amount' => '255.43',
  '_status' => 'approved',
  '_transactionno' => '15210319011368380C',
  'local_sign' => '74c38bf7a6604b69274f8ab1c2836edd',
)
11:31:47 S2B array (
  'main_page' => 'checkout_process',
  'amount' => '255.43',
  'checkcode' => '74c38bf7a6604b69274f8ab1c2836edd',
  'siteno' => '193736180',
  'sn' => '245150321080',
  'status' => 'approved',
  'transactionno' => '15210319011368380C',
  'local_sign' => '74c38bf7a6604b69274f8ab1c2836edd',
)
20:38:56 S2S array (
  '_sn' => '245150321102',
  '_checkcode' => '3318bfa78788a0948c013ebe447da235',
  '_currency' => 'USD',
  '_amount' => '94',
  '_status' => 'declined',
  '_transactionno' => '15210319011444513V',
  'local_sign' => '3318bfa78788a0948c013ebe447da235',
)
20:38:58 S2B array (
  'main_page' => 'checkout_process',
  'amount' => '94',
  'checkcode' => '3318bfa78788a0948c013ebe447da235',
  'siteno' => '193736180',
  'sn' => '245150321102',
  'status' => 'declined',
  'transactionno' => '15210319011444513V',
  'local_sign' => '3318bfa78788a0948c013ebe447da235',
)
21:37:45 S2S array (
  '_sn' => '245150321107',
  '_checkcode' => '82af2602df02c843afcfa3e0d6e2f631',
  '_currency' => 'USD',
  '_amount' => '96.74',
  '_status' => 'declined',
  '_transactionno' => '15210319011456197W',
  'local_sign' => '82af2602df02c843afcfa3e0d6e2f631',
)
21:37:48 S2B array (
  'main_page' => 'checkout_process',
  'amount' => '96.74',
  'checkcode' => '82af2602df02c843afcfa3e0d6e2f631',
  'siteno' => '193736180',
  'sn' => '245150321107',
  'status' => 'declined',
  'transactionno' => '15210319011456197W',
  'local_sign' => '82af2602df02c843afcfa3e0d6e2f631',
)
