20:54:59 array (
  'siteno' => '193736180',
  'version' => '',
  'orderid' => '245141128001',
  'order_time' => '20141128205459',
  'lang' => 'en',
  'currency' => 'USD',
  'vat' => '4.00',
  'discount' => '0.00',
  'shippingfee' => '25.00',
  'productname[0]' => '2012 NEW NFL Seattle Seahawks #89 Doug Baldwin Grey Jerseys (Elite)
 Size:40',
  'productno[0]' => 'NFL28148',
  'price[0]' => '22.50',
  'qty[0]' => 1,
  'checkcode' => 'a47274153837bdf93b82665a7d9e9c02',
  'backurl' => 'http://www.outlet-jersey.com/index.php?main_page=checkout_process',
  'notifyreurl' => 'http://www.outlet-jersey.com/mallpay_check.php',
  's_firstname' => 'sdfsfd',
  's_lastname' => 'ssdfasdf',
  's_address' => 'sfdsafsdf ',
  's_city' => 'sfdasfasfd',
  's_state' => 'AZ',
  's_postcode' => '242235',
  's_country' => 'US',
  'email' => 'sdf234523@aa.ac',
  's_tel' => '2342352342',
  'b_firstname' => 'sdfsfd',
  'b_lastname' => 'ssdfasdf',
  'b_address' => 'sfdsafsdf ',
  'b_city' => 'sfdasfasfd',
  'b_state' => 'AZ',
  'b_postcode' => '242235',
  'b_country' => 'US',
  'b_tel' => '2342352342',
) 
