01:27:25 array (
  'siteno' => '193736180',
  'version' => '',
  'orderid' => '245141203001',
  'order_time' => '20141203012725',
  'lang' => 'en',
  'currency' => 'USD',
  'vat' => '4.00',
  'discount' => '0.00',
  'shippingfee' => '25.00',
  'productname[0]' => 'Nike Minnesota Vikings 05 Customized Game Jersey
 Size:Women-L
 Number:14
 Name:REED',
  'productno[0]' => 'CJ10553',
  'price[0]' => '79.99',
  'qty[0]' => 1,
  'checkcode' => '749d64d505a9db13bcc14e902ff3c7c3',
  'backurl' => 'http://www.outlet-jersey.com/index.php?main_page=checkout_process',
  'notifyreurl' => 'http://www.outlet-jersey.com/mallpay_check.php',
  's_firstname' => 'Kevin',
  's_lastname' => 'Reed',
  's_address' => '468fox glen dr. ',
  's_city' => 'Kearneysville',
  's_state' => 'WV',
  's_postcode' => '25430',
  's_country' => 'US',
  'email' => 'Flawlessairbrushing@gmail.com',
  's_tel' => '3047074105',
  'b_firstname' => 'Kevin',
  'b_lastname' => 'Reed',
  'b_address' => '468fox glen dr. ',
  'b_city' => 'Kearneysville',
  'b_state' => 'WV',
  'b_postcode' => '25430',
  'b_country' => 'US',
  'b_tel' => '3047074105',
) 
