03:11:51 array (
  'siteno' => '193736180',
  'version' => '',
  'orderid' => '245141129001',
  'order_time' => '20141129031151',
  'lang' => 'en',
  'currency' => 'USD',
  'vat' => '4.00',
  'discount' => '0.00',
  'shippingfee' => '25.00',
  'productname[0]' => 'Men\'s Nike New England Patriots Vapor Jet 2.0 Gloves
 Size:M',
  'productno[0]' => 'NFL22481',
  'price[0]' => '18.00',
  'qty[0]' => 1,
  'checkcode' => '682da2748040169d770ce79332518c48',
  'backurl' => 'http://www.outlet-jersey.com/index.php?main_page=checkout_process',
  'notifyreurl' => 'http://www.outlet-jersey.com/mallpay_check.php',
  's_firstname' => 'Richard',
  's_lastname' => 'Le',
  's_address' => '604 Minot ave ',
  's_city' => 'Auburn',
  's_state' => 'ME',
  's_postcode' => '04210',
  's_country' => 'US',
  'email' => 'rple55@roadrunner.com',
  's_tel' => '2073443089',
  'b_firstname' => 'Richard',
  'b_lastname' => 'Le',
  'b_address' => '604 Minot ave ',
  'b_city' => 'Auburn',
  'b_state' => 'ME',
  'b_postcode' => '04210',
  'b_country' => 'US',
  'b_tel' => '2073443089',
) 
03:21:04 array (
  'siteno' => '193736180',
  'version' => '',
  'orderid' => '245141129002',
  'order_time' => '20141129032104',
  'lang' => 'en',
  'currency' => 'USD',
  'vat' => '4.00',
  'discount' => '0.00',
  'shippingfee' => '25.00',
  'productname[0]' => '2012 NEW NFL Seattle Seahawks #80 Steve Largent Grey Jerseys (Elite)
 Size:40',
  'productno[0]' => 'NFL28146',
  'price[0]' => '22.50',
  'qty[0]' => 1,
  'checkcode' => '34656d675519ad3f36db2d2517a04c6b',
  'backurl' => 'http://www.outlet-jersey.com/index.php?main_page=checkout_process',
  'notifyreurl' => 'http://www.outlet-jersey.com/mallpay_check.php',
  's_firstname' => 'Joe',
  's_lastname' => 'Damiata',
  's_address' => '716 Darwin Ct ',
  's_city' => 'Sanford',
  's_state' => 'NC',
  's_postcode' => '27332',
  's_country' => 'US',
  'email' => 'jdandsd2002@yahoo.com',
  's_tel' => '9194992574',
  'b_firstname' => 'Joe',
  'b_lastname' => 'Damiata',
  'b_address' => '716 Darwin Ct ',
  'b_city' => 'Sanford',
  'b_state' => 'NC',
  'b_postcode' => '27332',
  'b_country' => 'US',
  'b_tel' => '9194992574',
) 
03:40:29 array (
  'siteno' => '193736180',
  'version' => '',
  'orderid' => '245141129004',
  'order_time' => '20141129034029',
  'lang' => 'en',
  'currency' => 'USD',
  'vat' => '4.00',
  'discount' => '0.00',
  'shippingfee' => '25.00',
  'productname[0]' => 'New England Patriots #12 Tom Brady Grey-Blue Sawyer Hooded Sweatshirt Stitched Jersey
 Size:2XL',
  'productno[0]' => 'NFL22486',
  'price[0]' => '36.00',
  'qty[0]' => 1,
  'checkcode' => '6c40fe4982cea3de64916312e86d168c',
  'backurl' => 'http://www.outlet-jersey.com/index.php?main_page=checkout_process',
  'notifyreurl' => 'http://www.outlet-jersey.com/mallpay_check.php',
  's_firstname' => 'Tony',
  's_lastname' => 'Comtois',
  's_address' => '531 south main street ',
  's_city' => 'gifford',
  's_state' => 'IL',
  's_postcode' => '61847',
  's_country' => 'US',
  'email' => 'tony@cuathome.us',
  's_tel' => '217-417-9232',
  'b_firstname' => 'Anthony',
  'b_lastname' => 'comtois',
  'b_address' => '306 west griggs apt 107 ',
  'b_city' => 'Urbana',
  'b_state' => 'IL',
  'b_postcode' => '61801',
  'b_country' => 'US',
  'b_tel' => '217-417-9232',
) 
05:41:44 array (
  'siteno' => '193736180',
  'version' => '',
  'orderid' => '245141129006',
  'order_time' => '20141129054144',
  'lang' => 'en',
  'currency' => 'USD',
  'vat' => '4.00',
  'discount' => '0.00',
  'shippingfee' => '25.00',
  'productname[0]' => 'Packers #12 Aaron Rodgers Green Super Bowl XLV Stitched NFL Jersey
 Size:Extra Large/52',
  'productno[0]' => 'NFL10644',
  'price[0]' => '19.00',
  'qty[0]' => 1,
  'checkcode' => '33426144957cae064d8f7f924694539d',
  'backurl' => 'http://www.outlet-jersey.com/index.php?main_page=checkout_process',
  'notifyreurl' => 'http://www.outlet-jersey.com/mallpay_check.php',
  's_firstname' => 'James Austin',
  's_lastname' => 'C/O EZ Auto License & Title',
  's_address' => '22225 Mountain Hwy E Suite F ',
  's_city' => 'Spanaway',
  's_state' => 'WA',
  's_postcode' => '98387',
  's_country' => 'US',
  'email' => 'austinteaparty@yahoo.com',
  's_tel' => '253-250-6470',
  'b_firstname' => 'James',
  'b_lastname' => 'Austin',
  'b_address' => '14907 13th Ave S ',
  'b_city' => 'Spanaway',
  'b_state' => 'WA',
  'b_postcode' => '98387',
  'b_country' => 'US',
  'b_tel' => '253-250-6470',
) 
05:44:28 array (
  'siteno' => '193736180',
  'version' => '',
  'orderid' => '245141129007',
  'order_time' => '20141129054428',
  'lang' => 'en',
  'currency' => 'USD',
  'vat' => '4.00',
  'discount' => '0.00',
  'shippingfee' => '25.00',
  'productname[0]' => 'Nike Patriots #12 Tom Brady Navy Blue Team Color Men\'s Stitched NFL Elite Jersey
 Size:44/L',
  'productno[0]' => 'NFL22549',
  'price[0]' => '22.50',
  'qty[0]' => 1,
  'checkcode' => 'ba1e0ae014a75ccc6df13a00eefa1255',
  'backurl' => 'http://www.outlet-jersey.com/index.php?main_page=checkout_process',
  'notifyreurl' => 'http://www.outlet-jersey.com/mallpay_check.php',
  's_firstname' => 'Michael',
  's_lastname' => 'Melvin',
  's_address' => 'po box 232 ',
  's_city' => 'bloomingburg',
  's_state' => 'NY',
  's_postcode' => '12721',
  's_country' => 'US',
  'email' => 'mmelvin3387@yahoo.com',
  's_tel' => '8456369545',
  'b_firstname' => 'Michael',
  'b_lastname' => 'Melvin',
  'b_address' => 'po box 232 ',
  'b_city' => 'bloomingburg',
  'b_state' => 'NY',
  'b_postcode' => '12721',
  'b_country' => 'US',
  'b_tel' => '8456369545',
) 
06:11:59 array (
  'siteno' => '193736180',
  'version' => '',
  'orderid' => '245141129008',
  'order_time' => '20141129061159',
  'lang' => 'en',
  'currency' => 'USD',
  'vat' => '16.00',
  'discount' => '0.00',
  'shippingfee' => '20.00',
  'productname[0]' => 'NEW NFL Pittsburgh Steelers 43 Troy Polamalu White-Black Jerseys(Split Elite)
 Size:40',
  'productno[0]' => 'NFL27011',
  'price[0]' => '22.50',
  'qty[0]' => 1,
  'productname[1]' => 'Mitchell and Ness Bears 54# Brian Urlacher Blue Stitched Throwback NFL Jerseys
 Size:Large/50',
  'productno[1]' => 'NFL18752',
  'price[1]' => '19.00',
  'qty[1]' => 1,
  'productname[2]' => 'Mitchell and Ness NFL Pittsburgh Steelers Stitched Snapback Hats 028',
  'productno[2]' => 'SPT21875',
  'price[2]' => '7.00',
  'qty[2]' => 1,
  'productname[3]' => 'Mitchell and Ness NFL Chicago Bears Stitched Snapback Hats 017',
  'productno[3]' => 'SPT21613',
  'price[3]' => '7.00',
  'qty[3]' => 1,
  'checkcode' => '08b8e8b0cab457417d2e9b8198e77e79',
  'backurl' => 'http://www.outlet-jersey.com/index.php?main_page=checkout_process',
  'notifyreurl' => 'http://www.outlet-jersey.com/mallpay_check.php',
  's_firstname' => 'Claudette',
  's_lastname' => 'Pittman',
  's_address' => '84 Lester Ave Office ',
  's_city' => 'Nashville',
  's_state' => 'TN',
  's_postcode' => '37210',
  's_country' => 'US',
  'email' => 'cmapittman@gmail.com',
  's_tel' => '6154019581',
  'b_firstname' => 'Claudette',
  'b_lastname' => 'Pittman',
  'b_address' => '84 Lester Ave G4 ',
  'b_city' => 'Nashville',
  'b_state' => 'TN',
  'b_postcode' => '37210',
  'b_country' => 'US',
  'b_tel' => '6154019581',
) 
06:26:57 array (
  'siteno' => '193736180',
  'version' => '',
  'orderid' => '245141129009',
  'order_time' => '20141129062657',
  'lang' => 'en',
  'currency' => 'USD',
  'vat' => '12.00',
  'discount' => '0.00',
  'shippingfee' => '20.00',
  'productname[0]' => 'Nike Seahawks #12 Fan Steel Blue Men\'s Stitched NFL Game Jersey
 Size:M',
  'productno[0]' => 'NFL28321',
  'price[0]' => '21.50',
  'qty[0]' => 1,
  'productname[1]' => 'NEW Seahawks #12 Fan Green Alternate Super Bowl XLVIII Women\'s NFL Elite Jerseys
 Size:S',
  'productno[1]' => 'NFL15530',
  'price[1]' => '22.00',
  'qty[1]' => 1,
  'productname[2]' => 'Nike Seahawks #12 Fan Steel Blue Team Color Women\'s Stitched NFL Limited Jersey
 Size:S',
  'productno[2]' => 'WOMEN3546',
  'price[2]' => '21.00',
  'qty[2]' => 1,
  'checkcode' => 'fb7b89d8e69297d19c0552a25b02c6d4',
  'backurl' => 'http://www.outlet-jersey.com/index.php?main_page=checkout_process',
  'notifyreurl' => 'http://www.outlet-jersey.com/mallpay_check.php',
  's_firstname' => 'Cody',
  's_lastname' => 'Patey',
  's_address' => '16451 S Union Mills Rd ',
  's_city' => 'Mulino',
  's_state' => 'OR',
  's_postcode' => '97042',
  's_country' => 'US',
  'email' => 'codypatey@yahoo.com',
  's_tel' => '5033827583',
  'b_firstname' => 'Cody',
  'b_lastname' => 'Patey',
  'b_address' => '16451 S Union Mills Rd ',
  'b_city' => 'Mulino',
  'b_state' => 'OR',
  'b_postcode' => '97042',
  'b_country' => 'US',
  'b_tel' => '5033827583',
) 
06:39:30 array (
  'siteno' => '193736180',
  'version' => '',
  'orderid' => '245141129010',
  'order_time' => '20141129063930',
  'lang' => 'en',
  'currency' => 'USD',
  'vat' => '16.00',
  'discount' => '0.00',
  'shippingfee' => '20.00',
  'productname[0]' => 'Nike Seahawks #12 Fan Steel Blue Men\'s Stitched NFL Game Jersey
 Size:M',
  'productno[0]' => 'NFL28321',
  'price[0]' => '21.50',
  'qty[0]' => 1,
  'productname[1]' => 'NEW Seahawks #12 Fan Green Alternate Super Bowl XLVIII Women\'s NFL Elite Jerseys
 Size:S',
  'productno[1]' => 'NFL15530',
  'price[1]' => '22.00',
  'qty[1]' => 1,
  'productname[2]' => 'Nike Seahawks #12 Fan Steel Blue Team Color Women\'s Stitched NFL Limited Jersey
 Size:S',
  'productno[2]' => 'WOMEN3546',
  'price[2]' => '21.00',
  'qty[2]' => 1,
  'productname[3]' => '2013 NEW Nike Dallas cowboys 9 Romo Drift Fashion Grey Elite Jerseys
 Size:44/L',
  'productno[3]' => 'NFL19451',
  'price[3]' => '22.50',
  'qty[3]' => 1,
  'checkcode' => 'f9c673d6e286910e9e3e6ce3c75ed170',
  'backurl' => 'http://www.outlet-jersey.com/index.php?main_page=checkout_process',
  'notifyreurl' => 'http://www.outlet-jersey.com/mallpay_check.php',
  's_firstname' => 'Cody',
  's_lastname' => 'Patey',
  's_address' => '16451 S Union Mills Rd ',
  's_city' => 'Mulino',
  's_state' => 'OR',
  's_postcode' => '97042',
  's_country' => 'US',
  'email' => 'codypatey@yahoo.com',
  's_tel' => '5033827583',
  'b_firstname' => 'Cody',
  'b_lastname' => 'Patey',
  'b_address' => '16451 S Union Mills Rd ',
  'b_city' => 'Mulino',
  'b_state' => 'OR',
  'b_postcode' => '97042',
  'b_country' => 'US',
  'b_tel' => '5033827583',
) 
06:43:03 array (
  'siteno' => '193736180',
  'version' => '',
  'orderid' => '245141129011',
  'order_time' => '20141129064303',
  'lang' => 'en',
  'currency' => 'USD',
  'vat' => '24.00',
  'discount' => '0.00',
  'shippingfee' => '15.00',
  'productname[0]' => 'New Cleveland Browns Customized Drift Fashion II Elite NFL Jerseys
 Size:56
 Number:67
 Name:BOWDEN',
  'productno[0]' => 'CJ10332',
  'price[0]' => '79.90',
  'qty[0]' => 1,
  'productname[1]' => 'Chargers Personalized Authentic Baby Blue NFL Jersey (S-3XL)
 Size:Medium/48
 Number:49
 Name:MANCKIA',
  'productno[1]' => 'CJ10195',
  'price[1]' => '79.00',
  'qty[1]' => 1,
  'productname[2]' => 'Chargers Personalized Authentic Baby Blue NFL Jersey (S-3XL)
 Size:Extra Large/52
 Number:56
 Name:STARKEY',
  'productno[2]' => 'CJ10195',
  'price[2]' => '79.00',
  'qty[2]' => 1,
  'productname[3]' => 'Chargers Personalized Authentic Baby Blue With AFL 50TH Anniversary Patch NFL Jersey (S-3XL)
 Size:Large/50
 Number:36
 Name:STARKEY',
  'productno[3]' => 'CJ10196',
  'price[3]' => '79.00',
  'qty[3]' => 1,
  'productname[4]' => 'Chargers Personalized Authentic Baby Blue With AFL 50TH Anniversary Patch NFL Jersey (S-3XL)
 Size:Extra Large/52
 Number:45
 Name:KUTTICH',
  'productno[4]' => 'CJ10196',
  'price[4]' => '79.00',
  'qty[4]' => 1,
  'productname[5]' => 'Cavaliers Personalized Authentic White NBA Jersey (S-3XL)
 Size:XX Large/54
 Number:67
 Name:BOWDEN',
  'productno[5]' => 'CJ10094',
  'price[5]' => '79.00',
  'qty[5]' => 1,
  'checkcode' => '615476e3030e5a8fa996e5e5968172a0',
  'backurl' => 'http://www.outlet-jersey.com/index.php?main_page=checkout_process',
  'notifyreurl' => 'http://www.outlet-jersey.com/mallpay_check.php',
  's_firstname' => 'Pacific Messenger',
  's_lastname' => 'C/O Terrence Bowden',
  's_address' => '1141 E Street ',
  's_city' => 'San Diego',
  's_state' => 'CA',
  's_postcode' => '92101',
  's_country' => 'US',
  'email' => 'tcnsandiego@yahoo.com',
  's_tel' => '6192323141',
  'b_firstname' => 'Terrence',
  'b_lastname' => 'Bowden',
  'b_address' => '586 Manor Dr. #171 ',
  'b_city' => 'El Cajon',
  'b_state' => 'CA',
  'b_postcode' => '92020',
  'b_country' => 'US',
  'b_tel' => '6192323141',
) 
07:21:44 array (
  'siteno' => '193736180',
  'version' => '',
  'orderid' => '245141129012',
  'order_time' => '20141129072144',
  'lang' => 'en',
  'currency' => 'USD',
  'vat' => '8.00',
  'discount' => '0.00',
  'shippingfee' => '20.00',
  'productname[0]' => 'NEW  Seattle Seahawks #31 Kam Chancellor White NFL Elite Jersey
 Size:40',
  'productno[0]' => 'NFL28213',
  'price[0]' => '22.50',
  'qty[0]' => 1,
  'productname[1]' => '2012 NEW NFL Seattle Seahawks #89 Doug Baldwin Grey Jerseys (Elite)
 Size:40',
  'productno[1]' => 'NFL28149',
  'price[1]' => '22.50',
  'qty[1]' => 1,
  'checkcode' => 'ba99f6b0a47341a1b0e691cbc46e326a',
  'backurl' => 'http://www.outlet-jersey.com/index.php?main_page=checkout_process',
  'notifyreurl' => 'http://www.outlet-jersey.com/mallpay_check.php',
  's_firstname' => 'Alex',
  's_lastname' => 'Le',
  's_address' => '12404 50th Pl S ',
  's_city' => 'Seattle',
  's_state' => 'WA',
  's_postcode' => '98178',
  's_country' => 'US',
  'email' => 'alexhoangle93@yahoo.com',
  's_tel' => '2063004662',
  'b_firstname' => 'Alex',
  'b_lastname' => 'Le',
  'b_address' => '12404 50th Pl S ',
  'b_city' => 'Seattle',
  'b_state' => 'WA',
  'b_postcode' => '98178',
  'b_country' => 'US',
  'b_tel' => '2063004662',
) 
09:44:44 array (
  'siteno' => '193736180',
  'version' => '',
  'orderid' => '245141129013',
  'order_time' => '20141129094444',
  'lang' => 'en',
  'currency' => 'USD',
  'vat' => '8.00',
  'discount' => '0.00',
  'shippingfee' => '20.00',
  'productname[0]' => 'NEW NFL Dallas Cowboys 22 Emmitt Smith White Jerseys(Signed Elite)
 Size:44/L',
  'productno[0]' => 'NFL19538',
  'price[0]' => '22.50',
  'qty[0]' => 1,
  'productname[1]' => 'NEW NFL Dallas Cowboys 22 Emmitt Smith Blue Jerseys(Signed Elite)
 Size:44/L',
  'productno[1]' => 'NFL19537',
  'price[1]' => '22.50',
  'qty[1]' => 1,
  'checkcode' => 'd6c65403f91e8630cc9bfe5442c1623f',
  'backurl' => 'http://www.outlet-jersey.com/index.php?main_page=checkout_process',
  'notifyreurl' => 'http://www.outlet-jersey.com/mallpay_check.php',
  's_firstname' => 'Cindy',
  's_lastname' => 'Horman',
  's_address' => '707 Cowles Street, Apt. 1 ',
  's_city' => 'Fairbanks',
  's_state' => 'AK',
  's_postcode' => '99701',
  's_country' => 'US',
  'email' => 'cdhorman@hotmail.com',
  's_tel' => '9073741317',
  'b_firstname' => 'Cindy',
  'b_lastname' => 'Horman',
  'b_address' => '707 Cowles Street, Apt. 1 ',
  'b_city' => 'Fairbanks',
  'b_state' => 'AK',
  'b_postcode' => '99701',
  'b_country' => 'US',
  'b_tel' => '9073741317',
) 
09:45:18 array (
  'siteno' => '193736180',
  'version' => '',
  'orderid' => '245141129014',
  'order_time' => '20141129094518',
  'lang' => 'en',
  'currency' => 'USD',
  'vat' => '8.00',
  'discount' => '0.00',
  'shippingfee' => '20.00',
  'productname[0]' => 'Women Nike Seattle Seahawks #24 Marshawn Lynch Blue Limited Jerseys
 Size:M',
  'productno[0]' => 'WOMEN4354',
  'price[0]' => '21.00',
  'qty[0]' => 1,
  'productname[1]' => 'Nike Seahawks #31 Kam Chancellor Grey Alternate Men\'s Stitched NFL Elite Jersey
 Size:48/XL',
  'productno[1]' => 'NFL28421',
  'price[1]' => '22.50',
  'qty[1]' => 1,
  'checkcode' => '8f8e20386266cab3b951a3ba44153694',
  'backurl' => 'http://www.outlet-jersey.com/index.php?main_page=checkout_process',
  'notifyreurl' => 'http://www.outlet-jersey.com/mallpay_check.php',
  's_firstname' => 'James',
  's_lastname' => 'Merrill',
  's_address' => '454s 500e apt 4 ',
  's_city' => 'salt lake city',
  's_state' => 'UT',
  's_postcode' => '84102',
  's_country' => 'US',
  'email' => 'james.merrill@aggiemail.usu.edu',
  's_tel' => '2085891120',
  'b_firstname' => 'James',
  'b_lastname' => 'Merrill',
  'b_address' => '454s 500e apt 4 ',
  'b_city' => 'salt lake city',
  'b_state' => 'UT',
  'b_postcode' => '84102',
  'b_country' => 'US',
  'b_tel' => '2085891120',
) 
11:34:34 array (
  'siteno' => '193736180',
  'version' => '',
  'orderid' => '245141129015',
  'order_time' => '20141129113434',
  'lang' => 'en',
  'currency' => 'USD',
  'vat' => '4.00',
  'discount' => '0.00',
  'shippingfee' => '25.00',
  'productname[0]' => 'NEW jerseys seattle seahawks #3 wilson white(Elite signature)
 Size:40',
  'productno[0]' => 'NFL28225',
  'price[0]' => '22.50',
  'qty[0]' => 1,
  'checkcode' => 'ef429082a66da50d9c69527559db3aa3',
  'backurl' => 'http://www.outlet-jersey.com/index.php?main_page=checkout_process',
  'notifyreurl' => 'http://www.outlet-jersey.com/mallpay_check.php',
  's_firstname' => 'Becky',
  's_lastname' => 'Oswald',
  's_address' => '20506 93rd. St. E ',
  's_city' => 'Bonney Lake',
  's_state' => 'WA',
  's_postcode' => '983916325',
  's_country' => 'US',
  'email' => 'beckyl34@outlook.com',
  's_tel' => '253 447 8458',
  'b_firstname' => 'Becky',
  'b_lastname' => 'Oswald',
  'b_address' => '20506 93rd. St. E ',
  'b_city' => 'Bonney Lake',
  'b_state' => 'WA',
  'b_postcode' => '983916325',
  'b_country' => 'US',
  'b_tel' => '253 447 8458',
) 
11:36:35 array (
  'siteno' => '193736180',
  'version' => '',
  'orderid' => '245141129016',
  'order_time' => '20141129113635',
  'lang' => 'en',
  'currency' => 'USD',
  'vat' => '4.00',
  'discount' => '0.00',
  'shippingfee' => '25.00',
  'productname[0]' => 'NEW jerseys seattle seahawks #3 wilson white(Elite signature)
 Size:40',
  'productno[0]' => 'NFL28225',
  'price[0]' => '22.50',
  'qty[0]' => 1,
  'checkcode' => '445c2cf55574fc4e414b5597fca49f87',
  'backurl' => 'http://www.outlet-jersey.com/index.php?main_page=checkout_process',
  'notifyreurl' => 'http://www.outlet-jersey.com/mallpay_check.php',
  's_firstname' => 'Becky',
  's_lastname' => 'Oswald',
  's_address' => '20506 93rd. St. E ',
  's_city' => 'Bonney Lake',
  's_state' => 'WA',
  's_postcode' => '983916325',
  's_country' => 'US',
  'email' => 'beckyl34@outlook.com',
  's_tel' => '253 447 8458',
  'b_firstname' => 'Becky',
  'b_lastname' => 'Oswald',
  'b_address' => '20506 93rd. St. E ',
  'b_city' => 'Bonney Lake',
  'b_state' => 'WA',
  'b_postcode' => '983916325',
  'b_country' => 'US',
  'b_tel' => '253 447 8458',
) 
11:47:22 array (
  'siteno' => '193736180',
  'version' => '',
  'orderid' => '245141129017',
  'order_time' => '20141129114722',
  'lang' => 'en',
  'currency' => 'USD',
  'vat' => '4.00',
  'discount' => '0.00',
  'shippingfee' => '25.00',
  'productname[0]' => 'NEW jerseys seattle seahawks #3 wilson white(Elite signature)
 Size:40',
  'productno[0]' => 'NFL28225',
  'price[0]' => '22.50',
  'qty[0]' => 1,
  'checkcode' => '09faa0c77925a13417d300b27cee40b8',
  'backurl' => 'http://www.outlet-jersey.com/index.php?main_page=checkout_process',
  'notifyreurl' => 'http://www.outlet-jersey.com/mallpay_check.php',
  's_firstname' => 'Becky',
  's_lastname' => 'Oswald',
  's_address' => '20506 93rd. St. E ',
  's_city' => 'Bonney Lake',
  's_state' => 'WA',
  's_postcode' => '983916325',
  's_country' => 'US',
  'email' => 'beckyl34@outlook.com',
  's_tel' => '253 447 8458',
  'b_firstname' => 'Becky',
  'b_lastname' => 'Oswald',
  'b_address' => '20506 93rd. St. E ',
  'b_city' => 'Bonney Lake',
  'b_state' => 'WA',
  'b_postcode' => '983916325',
  'b_country' => 'US',
  'b_tel' => '253 447 8458',
) 
