08:00:41 array (
  'siteno' => '193736180',
  'version' => '',
  'orderid' => '245141201001',
  'order_time' => '20141201080041',
  'lang' => 'en',
  'currency' => 'USD',
  'vat' => '28.00',
  'discount' => '0.00',
  'shippingfee' => '15.00',
  'productname[0]' => 'Nike New England Patriots 87 Rob Gronkowski Blue Signed Elite NFL Jerseys
 Size:40',
  'productno[0]' => 'NFL22536',
  'price[0]' => '22.50',
  'qty[0]' => 1,
  'productname[1]' => 'Nike Patriots #12 Tom Brady Red Alternate With Hall of Fame 50th Patch Men\'s Stitched NFL Elite Jersey
 Size:52/2XL',
  'productno[1]' => 'NFL22557',
  'price[1]' => '23.50',
  'qty[1]' => 1,
  'productname[2]' => '20140929 NFL NEW ENGLAND PATRIOTS Knit Hats
 Size:One Size',
  'productno[2]' => 'HAT10513',
  'price[2]' => '9.90',
  'qty[2]' => 1,
  'productname[3]' => 'Emmitt Smith Dallas Cowboys Nike Player Name & Number T-Shirt
 Size:XL',
  'productno[3]' => 'NFL24225',
  'price[3]' => '12.00',
  'qty[3]' => 1,
  'productname[4]' => 'Nike New York Giants #10 Eli Manning Name & Number T-Shirt BLue
 Size:2XL',
  'productno[4]' => 'NFL25712',
  'price[4]' => '12.00',
  'qty[4]' => 1,
  'productname[5]' => 'Nike New England Patriots #87 Rob Gronkowski Name & Number T-Shirt Navy Blue
 Size:M',
  'productno[5]' => 'NFL25695',
  'price[5]' => '12.00',
  'qty[5]' => 1,
  'productname[6]' => 'Nike New England Patriots #87 Rob Gronkowski Name & Number T-Shirt Navy Blue
 Size:L',
  'productno[6]' => 'NFL25695',
  'price[6]' => '12.00',
  'qty[6]' => 1,
  'checkcode' => '868ee9ba9d32b3b7ff0cbea4c04518e3',
  'backurl' => 'http://www.outlet-jersey.com/index.php?main_page=checkout_process',
  'notifyreurl' => 'http://www.outlet-jersey.com/mallpay_check.php',
  's_firstname' => 'Bethany',
  's_lastname' => 'Stone',
  's_address' => '12 Flyers Drive ',
  's_city' => 'Norwich',
  's_state' => 'CT',
  's_postcode' => '06360',
  's_country' => 'US',
  'email' => 'bffbethst@aol.com',
  's_tel' => '860-608-6417',
  'b_firstname' => 'Bethany',
  'b_lastname' => 'Stone',
  'b_address' => '12 Flyers Drive ',
  'b_city' => 'Norwich',
  'b_state' => 'CT',
  'b_postcode' => '06360',
  'b_country' => 'US',
  'b_tel' => '860-608-6417',
) 
