00:48:12 array (
  'siteno' => '193736180',
  'version' => '',
  'orderid' => '245141202001',
  'order_time' => '20141202004812',
  'lang' => 'en',
  'currency' => 'USD',
  'vat' => '4.00',
  'discount' => '0.00',
  'shippingfee' => '25.00',
  'productname[0]' => 'Nike Falcons #2 Matt Ryan Red Team Color Men\'s Stitched NFL Elite Jersey
 Size:52/2XL',
  'productno[0]' => 'NFL16161',
  'price[0]' => '22.50',
  'qty[0]' => 1,
  'checkcode' => '47471ddb8e84a0775cba3fe755601658',
  'backurl' => 'http://www.outlet-jersey.com/index.php?main_page=checkout_process',
  'notifyreurl' => 'http://www.outlet-jersey.com/mallpay_check.php',
  's_firstname' => 'Dianne',
  's_lastname' => 'Howard',
  's_address' => '804 N. Lismore Ct. ',
  's_city' => 'Newport News',
  's_state' => 'VA',
  's_postcode' => '23602',
  's_country' => 'US',
  'email' => 'TuprwreDiva@cox.net',
  's_tel' => '7573033380',
  'b_firstname' => 'Dianne',
  'b_lastname' => 'Howard',
  'b_address' => '804 N. Lismore Ct. ',
  'b_city' => 'Newport News',
  'b_state' => 'VA',
  'b_postcode' => '23602',
  'b_country' => 'US',
  'b_tel' => '7573033380',
) 
12:49:11 array (
  'siteno' => '193736180',
  'version' => '',
  'orderid' => '245141202002',
  'order_time' => '20141202124911',
  'lang' => 'en',
  'currency' => 'USD',
  'vat' => '20.00',
  'discount' => '0.00',
  'shippingfee' => '15.00',
  'productname[0]' => '20140929 NFL DENVER BRONCOS 01 Knit Hats
 Size:One Size',
  'productno[0]' => 'HAT10510',
  'price[0]' => '9.90',
  'qty[0]' => 1,
  'productname[1]' => 'NFL Reebok Denver Broncos Stitched Fitted Hats 003
 Size:7 3/8',
  'productno[1]' => 'SPT21380',
  'price[1]' => '8.00',
  'qty[1]' => 1,
  'productname[2]' => 'NFL Reebok Denver Broncos Stitched Fitted Hats 002
 Size:7 3/8',
  'productno[2]' => 'SPT21379',
  'price[2]' => '8.00',
  'qty[2]' => 1,
  'productname[3]' => '2013 NFL NEW Denver Broncos 18 Peyton Manning Orange Jerseys(Limited)
 Size:M',
  'productno[3]' => 'NFL19865',
  'price[3]' => '21.50',
  'qty[3]' => 1,
  'productname[4]' => 'Denver Broncos Logo Pullover Hoodie - D.Blue
 Size:M',
  'productno[4]' => 'NFL24162',
  'price[4]' => '36.00',
  'qty[4]' => 1,
  'checkcode' => '7c02473b7f617b41f7c699744c2ae790',
  'backurl' => 'http://www.outlet-jersey.com/index.php?main_page=checkout_process',
  'notifyreurl' => 'http://www.outlet-jersey.com/mallpay_check.php',
  's_firstname' => 'Amber',
  's_lastname' => 'Pate',
  's_address' => '828 West hillsboro ',
  's_city' => 'El Dorado',
  's_state' => 'AR',
  's_postcode' => '71730',
  's_country' => 'US',
  'email' => 'deviousbytch69@yahoo.com',
  's_tel' => '8708661168',
  'b_firstname' => 'Amber',
  'b_lastname' => 'Pate',
  'b_address' => '1016 Forest Lane ',
  'b_city' => 'El Dorado',
  'b_state' => 'AR',
  'b_postcode' => '71730',
  'b_country' => 'US',
  'b_tel' => '8708661168',
) 
12:50:13 array (
  'siteno' => '193736180',
  'version' => '',
  'orderid' => '245141202003',
  'order_time' => '20141202125013',
  'lang' => 'en',
  'currency' => 'USD',
  'vat' => '20.00',
  'discount' => '0.00',
  'shippingfee' => '15.00',
  'productname[0]' => '20140929 NFL DENVER BRONCOS 01 Knit Hats
 Size:One Size',
  'productno[0]' => 'HAT10510',
  'price[0]' => '9.90',
  'qty[0]' => 1,
  'productname[1]' => 'NFL Reebok Denver Broncos Stitched Fitted Hats 003
 Size:7 3/8',
  'productno[1]' => 'SPT21380',
  'price[1]' => '8.00',
  'qty[1]' => 1,
  'productname[2]' => 'NFL Reebok Denver Broncos Stitched Fitted Hats 002
 Size:7 3/8',
  'productno[2]' => 'SPT21379',
  'price[2]' => '8.00',
  'qty[2]' => 1,
  'productname[3]' => '2013 NFL NEW Denver Broncos 18 Peyton Manning Orange Jerseys(Limited)
 Size:M',
  'productno[3]' => 'NFL19865',
  'price[3]' => '21.50',
  'qty[3]' => 1,
  'productname[4]' => 'Denver Broncos Logo Pullover Hoodie - D.Blue
 Size:M',
  'productno[4]' => 'NFL24162',
  'price[4]' => '36.00',
  'qty[4]' => 1,
  'checkcode' => '48856b12a818b39a2548f2f6f72136cb',
  'backurl' => 'http://www.outlet-jersey.com/index.php?main_page=checkout_process',
  'notifyreurl' => 'http://www.outlet-jersey.com/mallpay_check.php',
  's_firstname' => 'Amber',
  's_lastname' => 'Pate',
  's_address' => '828 West hillsboro ',
  's_city' => 'El Dorado',
  's_state' => 'AR',
  's_postcode' => '71730',
  's_country' => 'US',
  'email' => 'deviousbytch69@yahoo.com',
  's_tel' => '8708661168',
  'b_firstname' => 'Amber',
  'b_lastname' => 'Pate',
  'b_address' => '1016 Forest Lane ',
  'b_city' => 'El Dorado',
  'b_state' => 'AR',
  'b_postcode' => '71730',
  'b_country' => 'US',
  'b_tel' => '8708661168',
) 
12:53:10 array (
  'siteno' => '193736180',
  'version' => '',
  'orderid' => '245141202004',
  'order_time' => '20141202125310',
  'lang' => 'en',
  'currency' => 'USD',
  'vat' => '20.00',
  'discount' => '0.00',
  'shippingfee' => '15.00',
  'productname[0]' => '20140929 NFL DENVER BRONCOS 01 Knit Hats
 Size:One Size',
  'productno[0]' => 'HAT10510',
  'price[0]' => '9.90',
  'qty[0]' => 1,
  'productname[1]' => 'NFL Reebok Denver Broncos Stitched Fitted Hats 003
 Size:7 3/8',
  'productno[1]' => 'SPT21380',
  'price[1]' => '8.00',
  'qty[1]' => 1,
  'productname[2]' => 'NFL Reebok Denver Broncos Stitched Fitted Hats 002
 Size:7 3/8',
  'productno[2]' => 'SPT21379',
  'price[2]' => '8.00',
  'qty[2]' => 1,
  'productname[3]' => '2013 NFL NEW Denver Broncos 18 Peyton Manning Orange Jerseys(Limited)
 Size:M',
  'productno[3]' => 'NFL19865',
  'price[3]' => '21.50',
  'qty[3]' => 1,
  'productname[4]' => 'Denver Broncos Logo Pullover Hoodie - D.Blue
 Size:M',
  'productno[4]' => 'NFL24162',
  'price[4]' => '36.00',
  'qty[4]' => 1,
  'checkcode' => '3e3b73db913497b406ace491ccbc6c12',
  'backurl' => 'http://www.outlet-jersey.com/index.php?main_page=checkout_process',
  'notifyreurl' => 'http://www.outlet-jersey.com/mallpay_check.php',
  's_firstname' => 'Amber',
  's_lastname' => 'Pate',
  's_address' => '828 West hillsboro ',
  's_city' => 'El Dorado',
  's_state' => 'AR',
  's_postcode' => '71730',
  's_country' => 'US',
  'email' => 'deviousbytch69@yahoo.com',
  's_tel' => '8708661168',
  'b_firstname' => 'Amber',
  'b_lastname' => 'Pate',
  'b_address' => '1016 Forest Lane ',
  'b_city' => 'El Dorado',
  'b_state' => 'AR',
  'b_postcode' => '71730',
  'b_country' => 'US',
  'b_tel' => '8708661168',
) 
