11:01:04 array (
  'siteno' => '193736180',
  'version' => '',
  'orderid' => '245141205001',
  'order_time' => '20141205110104',
  'lang' => 'en',
  'currency' => 'USD',
  'vat' => '4.00',
  'discount' => '0.00',
  'shippingfee' => '25.00',
  'productname[0]' => 'Nike Seattle Seahawks Customized Steel Blue Stitched Elite Men\'s NFL Jersey
 Size:52/2XL
 Number:12
 Name:Libby',
  'productno[0]' => 'CJ10690',
  'price[0]' => '79.00',
  'qty[0]' => 1,
  'checkcode' => 'ce4bcc150aee29b751227821bc54730a',
  'backurl' => 'http://www.outlet-jersey.com/index.php?main_page=checkout_process',
  'notifyreurl' => 'http://www.outlet-jersey.com/mallpay_check.php',
  's_firstname' => 'dawn',
  's_lastname' => 'Libby',
  's_address' => '73-1178 Mahilani Dr ',
  's_city' => 'Kailua Kona',
  's_state' => 'HI',
  's_postcode' => '96740',
  's_country' => 'US',
  'email' => 'dawninspirit@hotmail.com',
  's_tel' => '8089896312',
  'b_firstname' => 'dawn',
  'b_lastname' => 'Libby',
  'b_address' => '73-1178 Mahilani Dr ',
  'b_city' => 'Kailua Kona',
  'b_state' => 'HI',
  'b_postcode' => '96740',
  'b_country' => 'US',
  'b_tel' => '8089896312',
) 
