09:35:56 array (
  'siteno' => '193736180',
  'version' => '',
  'orderid' => '245150130015',
  'order_time' => '20150130093556',
  'lang' => 'en',
  'currency' => 'USD',
  'vat' => '4.00',
  'discount' => '0.00',
  'shippingfee' => '25.00',
  'productname[0]' => 'Nike Cowboys #9 Tony Romo Navy Blue Team Color Men\'s Stitched NFL Elite Jersey
 Size:48/XL',
  'productno[0]' => 'NFL19758',
  'price[0]' => '22.50',
  'qty[0]' => 1,
  'checkcode' => 'c584620f5fbc1d7b41a42f260652f683',
  'backurl' => 'http://www.outlet-jersey.com/index.php?main_page=checkout_process',
  'notifyreurl' => 'http://www.outlet-jersey.com/mallpay_check.php',
  's_firstname' => 'herb',
  's_lastname' => 'gonzalez',
  's_address' => '5834 cain dr. ',
  's_city' => 'Corpus christi',
  's_state' => 'TX',
  's_postcode' => '78412',
  's_country' => 'US',
  'email' => 'herbgz5977@yahoo.com',
  's_tel' => '3617286429',
  'b_firstname' => 'herb',
  'b_lastname' => 'gonzalez',
  'b_address' => '5834 cain dr. ',
  'b_city' => 'Corpus christi',
  'b_state' => 'TX',
  'b_postcode' => '78412',
  'b_country' => 'US',
  'b_tel' => '3617286429',
) 
