04:04:19 array (
  'siteno' => '193736180',
  'version' => '',
  'orderid' => '245150210009',
  'order_time' => '20150210040419',
  'lang' => 'en',
  'currency' => 'USD',
  'vat' => '12.00',
  'discount' => '0.00',
  'shippingfee' => '20.00',
  'productname[0]' => 'NEW Seattle Seahawks #25 Richard Sherman Blue Jersey(Signed Elite)
 Size:48',
  'productno[0]' => 'NFL28264',
  'price[0]' => '22.50',
  'qty[0]' => 1,
  'productname[1]' => '2015 NFL Seattle Seahawks Knit Hats 15',
  'productno[1]' => 'HAT13240',
  'price[1]' => '9.90',
  'qty[1]' => 1,
  'productname[2]' => '2015 NFL Seattle Seahawks Knit Hats 16',
  'productno[2]' => 'HAT13241',
  'price[2]' => '9.90',
  'qty[2]' => 1,
  'checkcode' => '6188d0ea5d7218dcb454308485a69fd9',
  'backurl' => 'http://www.outlet-jersey.com/index.php?main_page=checkout_process',
  'notifyreurl' => 'http://www.outlet-jersey.com/mallpay_check.php',
  's_firstname' => 'Lori',
  's_lastname' => 'Salyers',
  's_address' => '2800 Beaver Loop Spc 8 ',
  's_city' => 'Kenai',
  's_state' => 'AK',
  's_postcode' => '99611',
  's_country' => 'US',
  'email' => 'mysteqal1@gmail.com',
  's_tel' => '9076902894',
  'b_firstname' => 'Lori',
  'b_lastname' => 'Salyers',
  'b_address' => '2800 Beaver Loop Spc 8 ',
  'b_city' => 'Kenai',
  'b_state' => 'AK',
  'b_postcode' => '99611',
  'b_country' => 'US',
  'b_tel' => '9076902894',
) 
09:31:18 array (
  'siteno' => '193736180',
  'version' => '',
  'orderid' => '245150210020',
  'order_time' => '20150210093118',
  'lang' => 'en',
  'currency' => 'USD',
  'vat' => '4.00',
  'discount' => '0.00',
  'shippingfee' => '25.00',
  'productname[0]' => '2015 Super Bowl XLIX-Patriots #21 Malcolm Butler Men\'s Stitched White Elite Football Jersey
 Size:44 (L)',
  'productno[0]' => 'JE1731720',
  'price[0]' => '24.98',
  'qty[0]' => 1,
  'checkcode' => '33266de7766c594ec0b462b067f4e48b',
  'backurl' => 'http://www.outlet-jersey.com/index.php?main_page=checkout_process',
  'notifyreurl' => 'http://www.outlet-jersey.com/mallpay_check.php',
  's_firstname' => 'Andrew',
  's_lastname' => 'Bonner',
  's_address' => '31 chestnut grove ave ',
  's_city' => 'Cumberland',
  's_state' => 'RI',
  's_postcode' => '02864',
  's_country' => 'US',
  'email' => 'Andrewbnnr22@gmail.com',
  's_tel' => '4015272217',
  'b_firstname' => 'Andrew',
  'b_lastname' => 'Bonner',
  'b_address' => '31 chestnut grove ave ',
  'b_city' => 'Cumberland',
  'b_state' => 'RI',
  'b_postcode' => '02864',
  'b_country' => 'US',
  'b_tel' => '4015272217',
) 
12:55:52 array (
  'siteno' => '193736180',
  'version' => '',
  'orderid' => '245150210029',
  'order_time' => '20150210125552',
  'lang' => 'en',
  'currency' => 'USD',
  'vat' => '8.00',
  'discount' => '0.00',
  'shippingfee' => '20.00',
  'productname[0]' => 'Mitchell and Ness Celtics #6 Bill Russell Stitched Green Throwback NBA Jersey
 Size:Extra Large/52',
  'productno[0]' => 'NBA10295',
  'price[0]' => '18.50',
  'qty[0]' => 1,
  'productname[1]' => 'Patriots #75 Vince Wilfork White Stitched NFL Jersey
 Size:Extra Large/52',
  'productno[1]' => 'NFL11122',
  'price[1]' => '19.00',
  'qty[1]' => 1,
  'checkcode' => '55aa56365c8cb8a388c9babf45e55522',
  'backurl' => 'http://www.outlet-jersey.com/index.php?main_page=checkout_process',
  'notifyreurl' => 'http://www.outlet-jersey.com/mallpay_check.php',
  's_firstname' => 'Marea',
  's_lastname' => 'washington',
  's_address' => '106 Dupont way ',
  's_city' => 'fairborn',
  's_state' => 'OH',
  's_postcode' => '45433',
  's_country' => 'US',
  'email' => 'maeyella@gmail.com',
  's_tel' => '9787261476',
  'b_firstname' => 'Marea',
  'b_lastname' => 'washington',
  'b_address' => '106 Dupont way ',
  'b_city' => 'fairborn',
  'b_state' => 'OH',
  'b_postcode' => '45433',
  'b_country' => 'US',
  'b_tel' => '9787261476',
) 
15:20:44 array (
  'siteno' => '193736180',
  'version' => '',
  'orderid' => '245150210033',
  'order_time' => '20150210152044',
  'lang' => 'en',
  'currency' => 'USD',
  'vat' => '48.00',
  'discount' => '0.00',
  'shippingfee' => '0.00',
  'productname[0]' => '2012 NEW NFL Seattle Seahawks 29 Earl Thomas Green Jerseys (Elite)
 Size:52',
  'productno[0]' => 'NFL28159',
  'price[0]' => '22.50',
  'qty[0]' => 1,
  'productname[1]' => '2012 NEW NFL Seattle Seahawks #3 Russell Wilson Grey Jerseys(Signed Elite)
 Size:52',
  'productno[1]' => 'NFL28144',
  'price[1]' => '22.50',
  'qty[1]' => 1,
  'productname[2]' => 'NEW jerseys seattle seahawks #25 sherman camo(2013 new Elite)(USMC)
 Size:40',
  'productno[2]' => 'NFL28220',
  'price[2]' => '22.50',
  'qty[2]' => 1,
  'productname[3]' => 'NEW jerseys seattle seahawks #3 wilson camo(2013 new Elite)(USMC)
 Size:44',
  'productno[3]' => 'NFL28224',
  'price[3]' => '23.00',
  'qty[3]' => 1,
  'productname[4]' => 'NEW Seattle Seahawks #12 Fan Camo NFL Elite USMC Jersey(USA)
 Size:48',
  'productno[4]' => 'NFL28252',
  'price[4]' => '22.50',
  'qty[4]' => 1,
  'productname[5]' => 'NEW Seattle Seahawks #12 Fan Camo NFL Elite USMC Jersey(USA)
 Size:52',
  'productno[5]' => 'NFL28252',
  'price[5]' => '22.50',
  'qty[5]' => 1,
  'productname[6]' => '2014  Seattle Seahawks #29 Earl Thomas III New Lights Out Black NFL Elite Jersey
 Size:40',
  'productno[6]' => 'NFL28184',
  'price[6]' => '22.50',
  'qty[6]' => 1,
  'productname[7]' => 'NEW Seahawks #12 Fan Pink Super Bowl XLVIII Women\'s NFL Elite Camo Fashion Jerseys
 Size:M',
  'productno[7]' => 'NFL15545',
  'price[7]' => '22.00',
  'qty[7]' => 1,
  'productname[8]' => 'NEW Seahawks #12 Fan Green Alternate Super Bowl XLVIII Women\'s NFL Elite Jerseys
 Size:M',
  'productno[8]' => 'NFL15530',
  'price[8]' => '22.00',
  'qty[8]' => 1,
  'productname[9]' => 'NEW Seahawks #12 Fan Green Alternate Super Bowl XLVIII NFL Game Jerseys
 Size:XL',
  'productno[9]' => 'NFL15529',
  'price[9]' => '23.00',
  'qty[9]' => 1,
  'productname[10]' => 'NEW Seahawks #31 Kam Chancellor Steel Blue Team Color Super Bowl XLVIII NFL Elite Jersey
 Size:52',
  'productno[10]' => 'NFL15818',
  'price[10]' => '23.00',
  'qty[10]' => 1,
  'productname[11]' => 'NEW Seattle Seahawks #12 Fan Camo NFL Elite USMC Jersey(USA)
 Size:56',
  'productno[11]' => 'NFL28252',
  'price[11]' => '22.50',
  'qty[11]' => 1,
  'checkcode' => '88b56b4880dc48b2f9b372aa52fb9831',
  'backurl' => 'http://www.outlet-jersey.com/index.php?main_page=checkout_process',
  'notifyreurl' => 'http://www.outlet-jersey.com/mallpay_check.php',
  's_firstname' => 'Charles',
  's_lastname' => 'Dodge',
  's_address' => '23102 29Th Ave W ',
  's_city' => 'Brier',
  's_state' => 'WA',
  's_postcode' => '98036',
  's_country' => 'US',
  'email' => 'dodgechas@gmail.com',
  's_tel' => '206-910-7996',
  'b_firstname' => 'Charles',
  'b_lastname' => 'Dodge',
  'b_address' => '23102 29Th Ave W ',
  'b_city' => 'Brier',
  'b_state' => 'WA',
  'b_postcode' => '98036',
  'b_country' => 'US',
  'b_tel' => '206-910-7996',
) 
