01:51:47 array (
  'siteno' => '193736180',
  'version' => '',
  'orderid' => '245150404007',
  'order_time' => '20150404015147',
  'lang' => 'en',
  'currency' => 'USD',
  'vat' => '4.00',
  'discount' => '0.00',
  'shippingfee' => '28.00',
  'productname[0]' => 'Dallas Stars #14 Jamie Benn Green Home NHL Jersey
 Size:M(48)',
  'productno[0]' => 'NHL11746',
  'price[0]' => '33.00',
  'qty[0]' => 1,
  'checkcode' => 'b2a022ed9aee500605dbd7d74869ad9e',
  'backurl' => 'http://www.outlet-jersey.com/index.php?main_page=checkout_process',
  'notifyreurl' => 'http://www.outlet-jersey.com/mallpay_check.php',
  's_firstname' => 'Klint',
  's_lastname' => 'Davis',
  's_address' => '2275 Crown Rd ',
  's_city' => 'Dallas',
  's_state' => 'TX',
  's_postcode' => '75229',
  's_country' => 'US',
  'email' => 'Marinersgod22@yahoo.com',
  's_tel' => '9726721061',
  'b_firstname' => 'Klint',
  'b_lastname' => 'Davis',
  'b_address' => '2275 Crown Rd ',
  'b_city' => 'Dallas',
  'b_state' => 'TX',
  'b_postcode' => '75229',
  'b_country' => 'US',
  'b_tel' => '9726721061',
) 
04:44:08 array (
  'siteno' => '193736180',
  'version' => '',
  'orderid' => '245150404025',
  'order_time' => '20150404044408',
  'lang' => 'en',
  'currency' => 'USD',
  'vat' => '4.00',
  'discount' => '0.00',
  'shippingfee' => '28.00',
  'productname[0]' => 'Dallas Stars #14 Jamie Benn Green Home NHL Jersey
 Size:M(48)',
  'productno[0]' => 'NHL11746',
  'price[0]' => '33.00',
  'qty[0]' => 1,
  'checkcode' => 'd096a7c3c56dd5bd30750c1902ae98cb',
  'backurl' => 'http://www.outlet-jersey.com/index.php?main_page=checkout_process',
  'notifyreurl' => 'http://www.outlet-jersey.com/mallpay_check.php',
  's_firstname' => 'Holland',
  's_lastname' => 'Formby',
  's_address' => '2311 Pintail Lane ',
  's_city' => 'College Station',
  's_state' => 'TX',
  's_postcode' => '77845',
  's_country' => 'US',
  'email' => 'hhmformby@gmail.com',
  's_tel' => '9795719007',
  'b_firstname' => 'Holland',
  'b_lastname' => 'Formby',
  'b_address' => '2311 Pintail Lane ',
  'b_city' => 'College Station',
  'b_state' => 'TX',
  'b_postcode' => '77845',
  'b_country' => 'US',
  'b_tel' => '9795719007',
) 
08:31:53 array (
  'siteno' => '193736180',
  'version' => '',
  'orderid' => '245150404035',
  'order_time' => '20150404083153',
  'lang' => 'en',
  'currency' => 'USD',
  'vat' => '12.00',
  'discount' => '0.00',
  'shippingfee' => '44.00',
  'productname[0]' => 'NHL Jersey Chicago Blackhawks 50 CRAWFORD Red  Men Stitched Charcoal Cross Check Fashion Jersey
 Size:M(48)',
  'productno[0]' => 'NHL2015019583',
  'price[0]' => '36.57',
  'qty[0]' => 1,
  'productname[1]' => 'NHL Jersey Chicago Blackhawks 88 kane white kid  Men Stitched 2015 Winter Classic Stitched NHL Jersey
 Size:XXXL(56)',
  'productno[1]' => 'NHL2015019628',
  'price[1]' => '36.80',
  'qty[1]' => 1,
  'productname[2]' => 'NHL Jersey Chicago Blackhawks 88 kane white kid  Men Stitched 2015 Winter Classic Stitched NHL Jersey
 Size:L(50)',
  'productno[2]' => 'NHL2015019628',
  'price[2]' => '36.80',
  'qty[2]' => 1,
  'checkcode' => '3db8bbd331047bf29b10eb9c0abb74c4',
  'backurl' => 'http://www.outlet-jersey.com/index.php?main_page=checkout_process',
  'notifyreurl' => 'http://www.outlet-jersey.com/mallpay_check.php',
  's_firstname' => 'Ty',
  's_lastname' => 'Lufman',
  's_address' => '16777 W. 61st Place ',
  's_city' => 'Golden',
  's_state' => 'CO',
  's_postcode' => '80403',
  's_country' => 'US',
  'email' => 'tylufman@yahoo.com',
  's_tel' => '3032296242',
  'b_firstname' => 'Ty',
  'b_lastname' => 'Lufman',
  'b_address' => '16777 W. 61st Place ',
  'b_city' => 'Golden',
  'b_state' => 'CO',
  'b_postcode' => '80403',
  'b_country' => 'US',
  'b_tel' => '3032296242',
) 
09:33:32 array (
  'siteno' => '193736180',
  'version' => '',
  'orderid' => '245150404039',
  'order_time' => '20150404093332',
  'lang' => 'en',
  'currency' => 'USD',
  'vat' => '12.00',
  'discount' => '0.00',
  'shippingfee' => '44.00',
  'productname[0]' => 'Detroit Red Wings #13 Pavel Datsyuk White Fashion Stitched NHL Jersey
 Size:XXL(54)',
  'productno[0]' => 'NHL11787',
  'price[0]' => '34.00',
  'qty[0]' => 1,
  'productname[1]' => 'Detroit Red Wings #55 Niklas Kronwall Red Hockey Jersey
 Size:XXL(54)',
  'productno[1]' => 'NHL12969',
  'price[1]' => '33.00',
  'qty[1]' => 1,
  'productname[2]' => 'Red Wings #55 Niklas Kronwall White Winter Classic Stitched NHL Jersey
 Size:XXL(54)',
  'productno[2]' => 'NHL11842',
  'price[2]' => '33.00',
  'qty[2]' => 1,
  'checkcode' => 'd7043cfc9926d2673bdc9efd88daaf32',
  'backurl' => 'http://www.outlet-jersey.com/index.php?main_page=checkout_process',
  'notifyreurl' => 'http://www.outlet-jersey.com/mallpay_check.php',
  's_firstname' => 'Cynthia',
  's_lastname' => 'Wium',
  's_address' => '718 Broad St A3 ',
  's_city' => 'Meriden',
  's_state' => 'CT',
  's_postcode' => '06450',
  's_country' => 'US',
  'email' => 'Cyndiwium@att.net',
  's_tel' => '2034404393',
  'b_firstname' => 'Cynthia',
  'b_lastname' => 'Wium',
  'b_address' => '718 Broad St A3 ',
  'b_city' => 'Meriden',
  'b_state' => 'CT',
  'b_postcode' => '06450',
  'b_country' => 'US',
  'b_tel' => '2034404393',
) 
12:00:29 array (
  'siteno' => '193736180',
  'version' => '',
  'orderid' => '245150404051',
  'order_time' => '20150404120029',
  'lang' => 'en',
  'currency' => 'USD',
  'vat' => '8.00',
  'discount' => '0.00',
  'shippingfee' => '36.00',
  'productname[0]' => 'Dallas Stars #14 Jamie Benn Green Home NHL Jersey
 Size:XL(52)',
  'productno[0]' => 'NHL11746',
  'price[0]' => '33.00',
  'qty[0]' => 1,
  'productname[1]' => '2014 Olympics Canada #14 Benn Red Jersey
 Size:XXL(54)',
  'productno[1]' => 'NHL10487',
  'price[1]' => '33.00',
  'qty[1]' => 1,
  'checkcode' => '0a074d951f1c14322d8f22647626d7f3',
  'backurl' => 'http://www.outlet-jersey.com/index.php?main_page=checkout_process',
  'notifyreurl' => 'http://www.outlet-jersey.com/mallpay_check.php',
  's_firstname' => 'Shane',
  's_lastname' => 'underwood',
  's_address' => '13937 j r dr ',
  's_city' => 'walker',
  's_state' => 'LA',
  's_postcode' => '70785',
  's_country' => 'US',
  'email' => 'dshane31@hotmail.com',
  's_tel' => '2259557316',
  'b_firstname' => 'Shane',
  'b_lastname' => 'underwood',
  'b_address' => '13937 j r dr ',
  'b_city' => 'walker',
  'b_state' => 'LA',
  'b_postcode' => '70785',
  'b_country' => 'US',
  'b_tel' => '2259557316',
) 
12:08:17 array (
  'siteno' => '193736180',
  'version' => '',
  'orderid' => '245150404054',
  'order_time' => '20150404120817',
  'lang' => 'en',
  'currency' => 'USD',
  'vat' => '8.00',
  'discount' => '0.00',
  'shippingfee' => '36.00',
  'productname[0]' => 'Dallas Stars #14 Jamie Benn Green Home NHL Jersey
 Size:XL(52)',
  'productno[0]' => 'NHL11746',
  'price[0]' => '33.00',
  'qty[0]' => 1,
  'productname[1]' => '2014 Olympics Canada #14 Benn Red Jersey
 Size:XXL(54)',
  'productno[1]' => 'NHL10487',
  'price[1]' => '33.00',
  'qty[1]' => 1,
  'checkcode' => '3738af770fa4a84c75a323b8b4d5d5ae',
  'backurl' => 'http://www.outlet-jersey.com/index.php?main_page=checkout_process',
  'notifyreurl' => 'http://www.outlet-jersey.com/mallpay_check.php',
  's_firstname' => 'Shane',
  's_lastname' => 'underwood',
  's_address' => '13937 j r dr ',
  's_city' => 'walker',
  's_state' => 'LA',
  's_postcode' => '70785',
  's_country' => 'US',
  'email' => 'dshane31@hotmail.com',
  's_tel' => '2259557316',
  'b_firstname' => 'Denny',
  'b_lastname' => 'underwood',
  'b_address' => '13937 J R Dr ',
  'b_city' => 'Walker',
  'b_state' => 'LA',
  'b_postcode' => '70785',
  'b_country' => 'US',
  'b_tel' => '2259557316',
) 
13:12:08 array (
  'siteno' => '193736180',
  'version' => '',
  'orderid' => '245150404060',
  'order_time' => '20150404131208',
  'lang' => 'en',
  'currency' => 'USD',
  'vat' => '4.00',
  'discount' => '0.00',
  'shippingfee' => '28.00',
  'productname[0]' => 'Dallas Stars #91 Tyler Seguin Green Home NHL Jersey
 Size:L(50)',
  'productno[0]' => 'NHL11759',
  'price[0]' => '33.00',
  'qty[0]' => 1,
  'checkcode' => 'a8d210ceb32d70478b1c0cfe9bc0553a',
  'backurl' => 'http://www.outlet-jersey.com/index.php?main_page=checkout_process',
  'notifyreurl' => 'http://www.outlet-jersey.com/mallpay_check.php',
  's_firstname' => 'Jerry',
  's_lastname' => 'Kennedy',
  's_address' => '1500 Leeward Ln ',
  's_city' => 'Wylie',
  's_state' => 'TX',
  's_postcode' => '75098',
  's_country' => 'US',
  'email' => 'kennedy.33@verizon.net',
  's_tel' => '4698675854',
  'b_firstname' => 'Jerry',
  'b_lastname' => 'Kennedy',
  'b_address' => '1500 Leeward Ln ',
  'b_city' => 'Wylie',
  'b_state' => 'TX',
  'b_postcode' => '75098',
  'b_country' => 'US',
  'b_tel' => '4698675854',
) 
22:52:44 array (
  'siteno' => '193736180',
  'version' => '',
  'orderid' => '245150404067',
  'order_time' => '20150404225244',
  'lang' => 'en',
  'currency' => 'USD',
  'vat' => '8.00',
  'discount' => '0.00',
  'shippingfee' => '36.00',
  'productname[0]' => 'Detroit Red Wings #13 Pavel Datsyuk White Fashion Stitched NHL Jersey
 Size:XXL(54)',
  'productno[0]' => 'NHL11787',
  'price[0]' => '34.00',
  'qty[0]' => 1,
  'productname[1]' => 'Red Wings #5 Nicklas Lidstrom Stitched White Winter Classic NHL Jersey
 Size:XXL(54)',
  'productno[1]' => 'NHL11840',
  'price[1]' => '33.00',
  'qty[1]' => 1,
  'checkcode' => '7deb112cf5aa7b6e6a9e45c96579b4c0',
  'backurl' => 'http://www.outlet-jersey.com/index.php?main_page=checkout_process',
  'notifyreurl' => 'http://www.outlet-jersey.com/mallpay_check.php',
  's_firstname' => 'Mark',
  's_lastname' => 'Thomas',
  's_address' => '279 eden st. ',
  's_city' => 'Kingsley',
  's_state' => 'MI',
  's_postcode' => '49649',
  's_country' => 'US',
  'email' => 'Mthomas9773@Gmail.com',
  's_tel' => '231-590-4336',
  'b_firstname' => 'Mark',
  'b_lastname' => 'Thomas',
  'b_address' => '279 eden st. ',
  'b_city' => 'Kingsley',
  'b_state' => 'MI',
  'b_postcode' => '49649',
  'b_country' => 'US',
  'b_tel' => '231-590-4336',
) 
23:14:32 array (
  'siteno' => '193736180',
  'version' => '',
  'orderid' => '245150404070',
  'order_time' => '20150404231432',
  'lang' => 'en',
  'currency' => 'USD',
  'vat' => '16.00',
  'discount' => '0.00',
  'shippingfee' => '56.00',
  'productname[0]' => 'Dallas Stars #91 Tyler Seguin Green Home NHL Jersey
 Size:M(48)',
  'productno[0]' => 'NHL11759',
  'price[0]' => '33.00',
  'qty[0]' => 1,
  'productname[1]' => '2014 The World Cup United States-23
 Size:L(175-180)',
  'productno[1]' => 'SOC11295',
  'price[1]' => '21.00',
  'qty[1]' => 1,
  'productname[2]' => 'Women\'s USA #8 Dempsey White Home Soccer Country Jersey
 Size:M(158-163)',
  'productno[2]' => 'SOC10907',
  'price[2]' => '18.00',
  'qty[2]' => 1,
  'productname[3]' => 'Dallas Stars #9 Mike Modano Camo Veterans Day Practice Stitched NHL Jersey
 Size:M(48)',
  'productno[3]' => 'NHL11751',
  'price[3]' => '33.00',
  'qty[3]' => 1,
  'checkcode' => '337d783ac0d2af6c5cf136a7bdd2d3f6',
  'backurl' => 'http://www.outlet-jersey.com/index.php?main_page=checkout_process',
  'notifyreurl' => 'http://www.outlet-jersey.com/mallpay_check.php',
  's_firstname' => 'Erin',
  's_lastname' => 'Daniels',
  's_address' => '1451 Centre Place Dr ',
  's_city' => 'Denton',
  's_state' => 'TX',
  's_postcode' => '76205',
  's_country' => 'US',
  'email' => 'erin.daniels.94@gmail.com',
  's_tel' => '5125402997',
  'b_firstname' => 'Erin',
  'b_lastname' => 'Daniels',
  'b_address' => '618 W US HWY 79 ',
  'b_city' => 'Rockdale',
  'b_state' => 'TX',
  'b_postcode' => '76567',
  'b_country' => 'US',
  'b_tel' => '5125402997',
) 
23:17:57 array (
  'siteno' => '193736180',
  'version' => '',
  'orderid' => '245150404071',
  'order_time' => '20150404231757',
  'lang' => 'en',
  'currency' => 'USD',
  'vat' => '16.00',
  'discount' => '0.00',
  'shippingfee' => '20.00',
  'productname[0]' => 'Dallas Stars #91 Tyler Seguin Green Home NHL Jersey
 Size:M(48)',
  'productno[0]' => 'NHL11759',
  'price[0]' => '33.00',
  'qty[0]' => 1,
  'productname[1]' => '2014 The World Cup United States-23
 Size:L(175-180)',
  'productno[1]' => 'SOC11295',
  'price[1]' => '21.00',
  'qty[1]' => 1,
  'productname[2]' => 'Women\'s USA #8 Dempsey White Home Soccer Country Jersey
 Size:M(158-163)',
  'productno[2]' => 'SOC10907',
  'price[2]' => '18.00',
  'qty[2]' => 1,
  'productname[3]' => 'Dallas Stars #9 Mike Modano Camo Veterans Day Practice Stitched NHL Jersey
 Size:M(48)',
  'productno[3]' => 'NHL11751',
  'price[3]' => '33.00',
  'qty[3]' => 1,
  'checkcode' => 'ad956b11d658bb7ccfb6427240f90556',
  'backurl' => 'http://www.outlet-jersey.com/index.php?main_page=checkout_process',
  'notifyreurl' => 'http://www.outlet-jersey.com/mallpay_check.php',
  's_firstname' => 'Erin',
  's_lastname' => 'Daniels',
  's_address' => '1451 Centre Place Dr ',
  's_city' => 'Denton',
  's_state' => 'TX',
  's_postcode' => '76205',
  's_country' => 'US',
  'email' => 'erin.daniels.94@gmail.com',
  's_tel' => '5125402997',
  'b_firstname' => 'Erin',
  'b_lastname' => 'Daniels',
  'b_address' => '618 W US HWY 79 ',
  'b_city' => 'Rockdale',
  'b_state' => 'TX',
  'b_postcode' => '76567',
  'b_country' => 'US',
  'b_tel' => '5125402997',
) 
23:21:59 array (
  'siteno' => '193736180',
  'version' => '',
  'orderid' => '245150404072',
  'order_time' => '20150404232159',
  'lang' => 'en',
  'currency' => 'USD',
  'vat' => '16.00',
  'discount' => '0.00',
  'shippingfee' => '20.00',
  'productname[0]' => 'Dallas Stars #91 Tyler Seguin Green Home NHL Jersey
 Size:M(48)',
  'productno[0]' => 'NHL11759',
  'price[0]' => '33.00',
  'qty[0]' => 1,
  'productname[1]' => '2014 The World Cup United States-23
 Size:L(175-180)',
  'productno[1]' => 'SOC11295',
  'price[1]' => '21.00',
  'qty[1]' => 1,
  'productname[2]' => 'Women\'s USA #8 Dempsey White Home Soccer Country Jersey
 Size:M(158-163)',
  'productno[2]' => 'SOC10907',
  'price[2]' => '18.00',
  'qty[2]' => 1,
  'productname[3]' => 'Dallas Stars #9 Mike Modano Camo Veterans Day Practice Stitched NHL Jersey
 Size:M(48)',
  'productno[3]' => 'NHL11751',
  'price[3]' => '33.00',
  'qty[3]' => 1,
  'checkcode' => '45580c6cd4b60ca0153ac58b88065540',
  'backurl' => 'http://www.outlet-jersey.com/index.php?main_page=checkout_process',
  'notifyreurl' => 'http://www.outlet-jersey.com/mallpay_check.php',
  's_firstname' => 'Erin',
  's_lastname' => 'Daniels',
  's_address' => '1451 Centre Place Dr ',
  's_city' => 'Denton',
  's_state' => 'TX',
  's_postcode' => '76205',
  's_country' => 'US',
  'email' => 'erin.daniels.94@gmail.com',
  's_tel' => '5125402997',
  'b_firstname' => 'Erin',
  'b_lastname' => 'Daniels',
  'b_address' => '618 W US HWY 79 ',
  'b_city' => 'Rockdale',
  'b_state' => 'TX',
  'b_postcode' => '76567',
  'b_country' => 'US',
  'b_tel' => '5125402997',
) 
