01:22:45 array (
  'siteno' => '193736180',
  'version' => '',
  'orderid' => '245150328004',
  'order_time' => '20150328012245',
  'lang' => 'en',
  'currency' => 'USD',
  'vat' => '4.00',
  'discount' => '0.00',
  'shippingfee' => '25.00',
  'productname[0]' => 'NHL Jersey Boston Bruins Green Black 37  Men Stitched 2015 Winter Classic Stitched NHL Jersey
 Size:M(48)',
  'productno[0]' => 'NHL2015019452',
  'price[0]' => '36.67',
  'qty[0]' => 1,
  'checkcode' => '90a56198c908e7706a70c3b34440f4e5',
  'backurl' => 'http://www.outlet-jersey.com/index.php?main_page=checkout_process',
  'notifyreurl' => 'http://www.outlet-jersey.com/mallpay_check.php',
  's_firstname' => 'Heidi',
  's_lastname' => 'Dunbar',
  's_address' => '29 hill street ',
  's_city' => 'Coventry',
  's_state' => 'RI',
  's_postcode' => '02816',
  's_country' => 'US',
  'email' => 'HDUNBAR18@YAHOO.COM',
  's_tel' => '4017439394',
  'b_firstname' => 'Heidi',
  'b_lastname' => 'Dunbar',
  'b_address' => '29 hill street ',
  'b_city' => 'Coventry',
  'b_state' => 'RI',
  'b_postcode' => '02816',
  'b_country' => 'US',
  'b_tel' => '4017439394',
) 
04:04:55 array (
  'siteno' => '193736180',
  'version' => '',
  'orderid' => '245150328014',
  'order_time' => '20150328040455',
  'lang' => 'en',
  'currency' => 'USD',
  'vat' => '4.00',
  'discount' => '0.00',
  'shippingfee' => '25.00',
  'productname[0]' => 'Lightning #91 Steven Stamkos Stitched Blue NHL Jersey
 Size:L(50)',
  'productno[0]' => 'NHL13235',
  'price[0]' => '33.00',
  'qty[0]' => 1,
  'checkcode' => '9f94283a4787f15c97b2954ba32ac7e3',
  'backurl' => 'http://www.outlet-jersey.com/index.php?main_page=checkout_process',
  'notifyreurl' => 'http://www.outlet-jersey.com/mallpay_check.php',
  's_firstname' => 'Andre',
  's_lastname' => 'Magalhaes',
  's_address' => '9906 Lenox St ',
  's_city' => 'Clermont',
  's_state' => 'FL',
  's_postcode' => '34711',
  's_country' => 'US',
  'email' => 'magaandr79@hotmail.com',
  's_tel' => '3216627911',
  'b_firstname' => 'Andre',
  'b_lastname' => 'Magalhaes',
  'b_address' => '9906 Lenox St ',
  'b_city' => 'Clermont',
  'b_state' => 'FL',
  'b_postcode' => '34711',
  'b_country' => 'US',
  'b_tel' => '3216627911',
) 
04:08:36 array (
  'siteno' => '193736180',
  'version' => '',
  'orderid' => '245150328016',
  'order_time' => '20150328040836',
  'lang' => 'en',
  'currency' => 'USD',
  'vat' => '4.00',
  'discount' => '0.00',
  'shippingfee' => '25.00',
  'productname[0]' => 'Lightning #91 Steven Stamkos Stitched Blue NHL Jersey
 Size:L(50)',
  'productno[0]' => 'NHL13235',
  'price[0]' => '33.00',
  'qty[0]' => 1,
  'checkcode' => 'ca93a953616e0c1b389c27830ff17be4',
  'backurl' => 'http://www.outlet-jersey.com/index.php?main_page=checkout_process',
  'notifyreurl' => 'http://www.outlet-jersey.com/mallpay_check.php',
  's_firstname' => 'Andre',
  's_lastname' => 'Magalhaes',
  's_address' => '9906 Lenox St ',
  's_city' => 'Clermont',
  's_state' => 'FL',
  's_postcode' => '34711',
  's_country' => 'US',
  'email' => 'magaandr79@hotmail.com',
  's_tel' => '3216627911',
  'b_firstname' => 'Andre',
  'b_lastname' => 'Magalhaes',
  'b_address' => '9906 Lenox St ',
  'b_city' => 'Clermont',
  'b_state' => 'FL',
  'b_postcode' => '34711',
  'b_country' => 'US',
  'b_tel' => '3216627911',
) 
04:12:54 array (
  'siteno' => '193736180',
  'version' => '',
  'orderid' => '245150328018',
  'order_time' => '20150328041254',
  'lang' => 'en',
  'currency' => 'USD',
  'vat' => '16.00',
  'discount' => '0.00',
  'shippingfee' => '20.00',
  'productname[0]' => 'Detroit Red Wings #13 Pavel Datsyuk Camo Veterans Day Practice NHL Jersey
 Size:L(50)',
  'productno[0]' => 'NHL11786',
  'price[0]' => '33.00',
  'qty[0]' => 1,
  'productname[1]' => 'Detroit Red Wings #13 Pavel Datsyuk Camo Veterans Day Practice NHL Jersey
 Size:XXL(54)',
  'productno[1]' => 'NHL11786',
  'price[1]' => '33.00',
  'qty[1]' => 1,
  'productname[2]' => 'Detroit Red Wings #40 Henrik Zetterberg Camo Veterans Day Practice NHL Jersey
 Size:XL(52)',
  'productno[2]' => 'NHL11789',
  'price[2]' => '33.00',
  'qty[2]' => 1,
  'productname[3]' => 'Red Wings #40 Henrik Zetterberg Red 2014 Winter Classic Stitched Youth NHL Jersey
 Size:Large/X Large',
  'productno[3]' => 'YOUTH4575',
  'price[3]' => '31.00',
  'qty[3]' => 1,
  'checkcode' => 'cf11b6eb2272c9053cd2cbb43674a243',
  'backurl' => 'http://www.outlet-jersey.com/index.php?main_page=checkout_process',
  'notifyreurl' => 'http://www.outlet-jersey.com/mallpay_check.php',
  's_firstname' => 'Ryan',
  's_lastname' => 'Amstutz',
  's_address' => '37 Saint Andrews ',
  's_city' => 'Temperance',
  's_state' => 'MI',
  's_postcode' => '48182',
  's_country' => 'US',
  'email' => 'ryanamstutz@gmail.com',
  's_tel' => '517-902-5262',
  'b_firstname' => 'Ryan',
  'b_lastname' => 'Amstutz',
  'b_address' => '37 Saint Andrews ',
  'b_city' => 'Temperance',
  'b_state' => 'MI',
  'b_postcode' => '48182',
  'b_country' => 'US',
  'b_tel' => '517-902-5262',
) 
05:17:53 array (
  'siteno' => '193736180',
  'version' => '',
  'orderid' => '245150328021',
  'order_time' => '20150328051753',
  'lang' => 'en',
  'currency' => 'USD',
  'vat' => '16.00',
  'discount' => '0.00',
  'shippingfee' => '20.00',
  'productname[0]' => 'Nike New York Jets #15 Brandon Marshall Green Elite jerseys
 Size:50 (L)',
  'productno[0]' => 'JE1732191',
  'price[0]' => '35.87',
  'qty[0]' => 1,
  'productname[1]' => 'Men\'s Knicks #7 Carmelo Anthony White 2015 All Star Eastern Jersey
 Size:50 (L)',
  'productno[1]' => 'JE1731684',
  'price[1]' => '23.58',
  'qty[1]' => 1,
  'productname[2]' => 'RB-4170-3 Ray-Ban Sunglass Lens Light Havana Frame',
  'productno[2]' => 'RB-4170-3',
  'price[2]' => '22.99',
  'qty[2]' => 1,
  'productname[3]' => 'Men\'s brian leetch premier white jersey reebok 2 NHL new york rangers
 Size:50 (L)',
  'productno[3]' => 'NHL13612',
  'price[3]' => '38.99',
  'qty[3]' => 1,
  'checkcode' => '096eeb410fc240fdd59ac6d4a3cd9ffc',
  'backurl' => 'http://www.outlet-jersey.com/index.php?main_page=checkout_process',
  'notifyreurl' => 'http://www.outlet-jersey.com/mallpay_check.php',
  's_firstname' => 'Chris',
  's_lastname' => 'Fraticelli',
  's_address' => '2434 Tiemann Ave. ',
  's_city' => 'Bronx',
  's_state' => 'NY',
  's_postcode' => '10469',
  's_country' => 'US',
  'email' => 'Cfraticelli324@gmail.com',
  's_tel' => '7186523000',
  'b_firstname' => 'Chris',
  'b_lastname' => 'Fraticelli',
  'b_address' => '2434 Tiemann Ave. ',
  'b_city' => 'Bronx',
  'b_state' => 'NY',
  'b_postcode' => '10469',
  'b_country' => 'US',
  'b_tel' => '7186523000',
) 
05:42:49 array (
  'siteno' => '193736180',
  'version' => '',
  'orderid' => '245150328025',
  'order_time' => '20150328054249',
  'lang' => 'en',
  'currency' => 'USD',
  'vat' => '4.00',
  'discount' => '0.00',
  'shippingfee' => '25.00',
  'productname[0]' => 'Anaheim Ducks #8 Teemu Selanne White New Road NHL Jersey
 Size:XXL(54)',
  'productno[0]' => 'NHL10888',
  'price[0]' => '33.00',
  'qty[0]' => 1,
  'checkcode' => '7dd598281d69caac9f9978f2391d1523',
  'backurl' => 'http://www.outlet-jersey.com/index.php?main_page=checkout_process',
  'notifyreurl' => 'http://www.outlet-jersey.com/mallpay_check.php',
  's_firstname' => 'eric',
  's_lastname' => 'schweizer',
  's_address' => '16361 wintun rd ',
  's_city' => 'apple valley',
  's_state' => 'CA',
  's_postcode' => '92307',
  's_country' => 'US',
  'email' => 'sschweizer1@verizon.net',
  's_tel' => '760-553-3464',
  'b_firstname' => 'eric',
  'b_lastname' => 'schweizer',
  'b_address' => '16361 wintun rd ',
  'b_city' => 'apple valley',
  'b_state' => 'CA',
  'b_postcode' => '92307',
  'b_country' => 'US',
  'b_tel' => '760-553-3464',
) 
06:03:47 array (
  'siteno' => '193736180',
  'version' => '',
  'orderid' => '245150328027',
  'order_time' => '20150328060347',
  'lang' => 'en',
  'currency' => 'USD',
  'vat' => '4.00',
  'discount' => '0.00',
  'shippingfee' => '25.00',
  'productname[0]' => 'New York Rangers #36 Mats Zuccarello Blue Home NHL Jersey
 Size:L(50)',
  'productno[0]' => 'NHL12411',
  'price[0]' => '33.00',
  'qty[0]' => 1,
  'checkcode' => 'b4e1f187e40d1a97aa36ef954661844a',
  'backurl' => 'http://www.outlet-jersey.com/index.php?main_page=checkout_process',
  'notifyreurl' => 'http://www.outlet-jersey.com/mallpay_check.php',
  's_firstname' => 'Quinn',
  's_lastname' => 'Hammerman',
  's_address' => '863 Priestley Avenue ',
  's_city' => 'Erie',
  's_state' => 'PA',
  's_postcode' => '16511',
  's_country' => 'US',
  'email' => 'ColdGearHunter14@yahoo.com',
  's_tel' => '8149694250',
  'b_firstname' => 'Quinn',
  'b_lastname' => 'Hammerman',
  'b_address' => '863 Priestley Avenue ',
  'b_city' => 'Erie',
  'b_state' => 'PA',
  'b_postcode' => '16511',
  'b_country' => 'US',
  'b_tel' => '8149694250',
) 
06:22:39 array (
  'siteno' => '193736180',
  'version' => '',
  'orderid' => '245150328030',
  'order_time' => '20150328062239',
  'lang' => 'en',
  'currency' => 'USD',
  'vat' => '4.00',
  'discount' => '0.00',
  'shippingfee' => '25.00',
  'productname[0]' => 'New York Rangers #36 Mats Zuccarello Blue Home NHL Jersey
 Size:L(50)',
  'productno[0]' => 'NHL12411',
  'price[0]' => '33.00',
  'qty[0]' => 1,
  'checkcode' => '039a14e557d51e414d1e1a1e18edfc52',
  'backurl' => 'http://www.outlet-jersey.com/index.php?main_page=checkout_process',
  'notifyreurl' => 'http://www.outlet-jersey.com/mallpay_check.php',
  's_firstname' => 'Quinn',
  's_lastname' => 'Hammerman',
  's_address' => '863 Priestley Avenue ',
  's_city' => 'Erie',
  's_state' => 'PA',
  's_postcode' => '16511',
  's_country' => 'US',
  'email' => 'ColdGearHunter14@yahoo.com',
  's_tel' => '8149694250',
  'b_firstname' => 'Quinn',
  'b_lastname' => 'Hammerman',
  'b_address' => '863 Priestley Avenue ',
  'b_city' => 'Erie',
  'b_state' => 'PA',
  'b_postcode' => '16511',
  'b_country' => 'US',
  'b_tel' => '8149694250',
) 
06:24:34 array (
  'siteno' => '193736180',
  'version' => '',
  'orderid' => '245150328032',
  'order_time' => '20150328062434',
  'lang' => 'en',
  'currency' => 'USD',
  'vat' => '4.00',
  'discount' => '0.00',
  'shippingfee' => '25.00',
  'productname[0]' => 'New York Rangers #36 Mats Zuccarello Blue Home NHL Jersey
 Size:L(50)',
  'productno[0]' => 'NHL12411',
  'price[0]' => '33.00',
  'qty[0]' => 1,
  'checkcode' => '4633b906e60b1bc6f823af055fbce8d7',
  'backurl' => 'http://www.outlet-jersey.com/index.php?main_page=checkout_process',
  'notifyreurl' => 'http://www.outlet-jersey.com/mallpay_check.php',
  's_firstname' => 'Quinn',
  's_lastname' => 'Hammerman',
  's_address' => '863 Priestley Avenue ',
  's_city' => 'Erie',
  's_state' => 'PA',
  's_postcode' => '16511',
  's_country' => 'US',
  'email' => 'ColdGearHunter14@yahoo.com',
  's_tel' => '8149694250',
  'b_firstname' => 'Quinn',
  'b_lastname' => 'Hammerman',
  'b_address' => '863 Priestley Avenue ',
  'b_city' => 'Erie',
  'b_state' => 'PA',
  'b_postcode' => '16511',
  'b_country' => 'US',
  'b_tel' => '8149694250',
) 
07:52:46 array (
  'siteno' => '193736180',
  'version' => '',
  'orderid' => '245150328039',
  'order_time' => '20150328075246',
  'lang' => 'en',
  'currency' => 'USD',
  'vat' => '12.00',
  'discount' => '0.00',
  'shippingfee' => '20.00',
  'productname[0]' => 'NHL Jersey Pittsburgh Penguins 87 Crosby black  Men Stitched 2015 Winter Classic Stitched NHL Jersey
 Size:XL(52)',
  'productno[0]' => 'NHL2015019928',
  'price[0]' => '36.50',
  'qty[0]' => 1,
  'productname[1]' => 'Mitchell and Ness Royals #16 Bo Jackson Stitched Light Blue Thrwoback Baseball Jersey
 Size:Large/50',
  'productno[1]' => 'MLB11390',
  'price[1]' => '18.50',
  'qty[1]' => 1,
  'productname[2]' => 'NHL Chicago Blackhawks Hap ',
  'productno[2]' => 'HAT13932',
  'price[2]' => '9.90',
  'qty[2]' => 1,
  'checkcode' => '984b44bdbc9e0a71963eaefaf16d4aee',
  'backurl' => 'http://www.outlet-jersey.com/index.php?main_page=checkout_process',
  'notifyreurl' => 'http://www.outlet-jersey.com/mallpay_check.php',
  's_firstname' => 'Eric',
  's_lastname' => 'Shrum',
  's_address' => '6425 Longford Dr ',
  's_city' => 'McHenry',
  's_state' => 'IL',
  's_postcode' => '60050',
  's_country' => 'US',
  'email' => 'Eshrum30@gmail.com',
  's_tel' => '8153538364',
  'b_firstname' => 'Eric',
  'b_lastname' => 'Shrum',
  'b_address' => '6425 Longford Dr ',
  'b_city' => 'McHenry',
  'b_state' => 'IL',
  'b_postcode' => '60050',
  'b_country' => 'US',
  'b_tel' => '8153538364',
) 
09:18:10 array (
  'siteno' => '193736180',
  'version' => '',
  'orderid' => '245150328048',
  'order_time' => '20150328091810',
  'lang' => 'en',
  'currency' => 'USD',
  'vat' => '16.00',
  'discount' => '0.00',
  'shippingfee' => '20.00',
  'productname[0]' => 'OK7110-A908 Half Jacket 2.0 Sunglass Multicolor Lens Black Frame',
  'productno[0]' => 'OK7110-A908',
  'price[0]' => '19.87',
  'qty[0]' => 1,
  'productname[1]' => 'OK5844-A833 Straight Jacket Sunglass Yellow/Blue Lens Blue Half Frame',
  'productno[1]' => 'OK5844-A833',
  'price[1]' => '19.95',
  'qty[1]' => 1,
  'productname[2]' => 'St. Louis Blues #91 Vladimir Tarasenko Navy Blue Sawyer Hooded Sweatshirt Stitched NHL Jersey
 Size:XXL(54)',
  'productno[2]' => 'NHL13198',
  'price[2]' => '36.00',
  'qty[2]' => 1,
  'productname[3]' => 'Devils #17 Ilya Kovalchuk 2012 Stanley Cup Finals Black Ice Stitched NHL Jersey
 Size:XXXL(56)',
  'productno[3]' => 'NHL12318',
  'price[3]' => '33.00',
  'qty[3]' => 1,
  'checkcode' => '84f88ccf0f2332de610ca6bdabe30955',
  'backurl' => 'http://www.outlet-jersey.com/index.php?main_page=checkout_process',
  'notifyreurl' => 'http://www.outlet-jersey.com/mallpay_check.php',
  's_firstname' => 'MICHELLE',
  's_lastname' => 'SAGGIO',
  's_address' => '860 montebello camp rd ',
  's_city' => 'IMPERIAL',
  's_state' => 'MO',
  's_postcode' => '63052',
  's_country' => 'US',
  'email' => 'msaggio79@gmail.com',
  's_tel' => '6365750354',
  'b_firstname' => 'MICHELLE',
  'b_lastname' => 'SAGGIO',
  'b_address' => '860 montebello camp rd ',
  'b_city' => 'IMPERIAL',
  'b_state' => 'MO',
  'b_postcode' => '63052',
  'b_country' => 'US',
  'b_tel' => '6365750354',
) 
09:29:21 array (
  'siteno' => '193736180',
  'version' => '',
  'orderid' => '245150328049',
  'order_time' => '20150328092921',
  'lang' => 'en',
  'currency' => 'USD',
  'vat' => '4.00',
  'discount' => '0.00',
  'shippingfee' => '25.00',
  'productname[0]' => 'San Jose Sharks #88 Brent Burns Black Stitched NHL Jersey
 Size:XXXL(56)',
  'productno[0]' => 'NHL13138',
  'price[0]' => '33.00',
  'qty[0]' => 1,
  'checkcode' => '34174489657ba8d23d61f4d739f44a97',
  'backurl' => 'http://www.outlet-jersey.com/index.php?main_page=checkout_process',
  'notifyreurl' => 'http://www.outlet-jersey.com/mallpay_check.php',
  's_firstname' => 'Amber',
  's_lastname' => 'Castro',
  's_address' => '356 chestnut street ',
  's_city' => 'Los banos',
  's_state' => 'CA',
  's_postcode' => '93635',
  's_country' => 'US',
  'email' => 'raidergirl2092003@yahoo.com',
  's_tel' => '2092615341',
  'b_firstname' => 'Amber',
  'b_lastname' => 'Castro',
  'b_address' => '356 chestnut street ',
  'b_city' => 'Los banos',
  'b_state' => 'CA',
  'b_postcode' => '93635',
  'b_country' => 'US',
  'b_tel' => '2092615341',
) 
10:09:26 array (
  'siteno' => '193736180',
  'version' => '',
  'orderid' => '245150328053',
  'order_time' => '20150328100926',
  'lang' => 'en',
  'currency' => 'USD',
  'vat' => '4.00',
  'discount' => '0.00',
  'shippingfee' => '25.00',
  'productname[0]' => 'Chicago Blackhawks 00 Clark Griswold Black Jersey With 2013 Stanley Cup Patch
 Size:M(48)',
  'productno[0]' => 'NHL10255',
  'price[0]' => '34.00',
  'qty[0]' => 1,
  'checkcode' => 'ec7b7e9364a8a62442bda0910090124c',
  'backurl' => 'http://www.outlet-jersey.com/index.php?main_page=checkout_process',
  'notifyreurl' => 'http://www.outlet-jersey.com/mallpay_check.php',
  's_firstname' => 'Chad',
  's_lastname' => 'Anderson',
  's_address' => '34115 N Homestead Rd ',
  's_city' => 'Gurnee',
  's_state' => 'IL',
  's_postcode' => '60031',
  's_country' => 'US',
  'email' => 'Chad_anderson@baxter.com',
  's_tel' => '(847) 370-7484',
  'b_firstname' => 'Chad',
  'b_lastname' => 'Anderson',
  'b_address' => '34115 N Homestead Rd ',
  'b_city' => 'Gurnee',
  'b_state' => 'IL',
  'b_postcode' => '60031',
  'b_country' => 'US',
  'b_tel' => '(847) 370-7484',
) 
16:10:12 array (
  'siteno' => '193736180',
  'version' => '',
  'orderid' => '245150328064',
  'order_time' => '20150328161012',
  'lang' => 'en',
  'currency' => 'USD',
  'vat' => '8.00',
  'discount' => '0.00',
  'shippingfee' => '20.00',
  'productname[0]' => 'Anaheim Ducks #15 Ryan Getzlaf Black NHL Jersey
 Size:L(50)',
  'productno[0]' => 'NHL10876',
  'price[0]' => '33.00',
  'qty[0]' => 1,
  'productname[1]' => 'Anaheim Ducks #15 Ryan Getzlaf White Stitched NHL Jersey
 Size:L(50)',
  'productno[1]' => 'NHL10879',
  'price[1]' => '33.00',
  'qty[1]' => 1,
  'checkcode' => 'f5105c458a41afff010e70e52b52f5b4',
  'backurl' => 'http://www.outlet-jersey.com/index.php?main_page=checkout_process',
  'notifyreurl' => 'http://www.outlet-jersey.com/mallpay_check.php',
  's_firstname' => 'Ronald',
  's_lastname' => 'Rodriguez',
  's_address' => '10550 western age Spc 49 ',
  's_city' => 'stanton',
  's_state' => 'CA',
  's_postcode' => '90680',
  's_country' => 'US',
  'email' => 'Ronrodrz@gmail.com',
  's_tel' => '7145105159',
  'b_firstname' => 'Ronald',
  'b_lastname' => 'Rodriguez',
  'b_address' => '10550 western age Spc 49 ',
  'b_city' => 'stanton',
  'b_state' => 'CA',
  'b_postcode' => '90680',
  'b_country' => 'US',
  'b_tel' => '7145105159',
) 
22:01:48 array (
  'siteno' => '193736180',
  'version' => '',
  'orderid' => '245150328073',
  'order_time' => '20150328220148',
  'lang' => 'en',
  'currency' => 'USD',
  'vat' => '4.00',
  'discount' => '0.00',
  'shippingfee' => '25.00',
  'productname[0]' => 'Customized Chicago Blackhawks Black 2014 Stadium Series Hockey NHL Jerseys
 Size:XXL(54)
 Name:PALIOTTA
 Num#:47',
  'productno[0]' => 'CJ10275',
  'price[0]' => '87.00',
  'qty[0]' => 1,
  'checkcode' => '135237dadb2d5cf1c760c08fd8f111c5',
  'backurl' => 'http://www.outlet-jersey.com/index.php?main_page=checkout_process',
  'notifyreurl' => 'http://www.outlet-jersey.com/mallpay_check.php',
  's_firstname' => 'Roy',
  's_lastname' => 'Herrick',
  's_address' => '25 Windsor Ave ',
  's_city' => 'Pittsfield',
  's_state' => 'MA',
  's_postcode' => '01201',
  's_country' => 'US',
  'email' => 'royski99@yahoo.com',
  's_tel' => '4134427919',
  'b_firstname' => 'Roy',
  'b_lastname' => 'Herrick',
  'b_address' => '25 Windsor Ave ',
  'b_city' => 'Pittsfield',
  'b_state' => 'MA',
  'b_postcode' => '01201',
  'b_country' => 'US',
  'b_tel' => '4134427919',
) 
22:04:35 array (
  'siteno' => '193736180',
  'version' => '',
  'orderid' => '245150328074',
  'order_time' => '20150328220435',
  'lang' => 'en',
  'currency' => 'USD',
  'vat' => '4.00',
  'discount' => '0.00',
  'shippingfee' => '25.00',
  'productname[0]' => 'Customized Chicago Blackhawks Black 2014 Stadium Series Hockey NHL Jerseys
 Size:XXL(54)
 Name:PALIOTTA
 Num#:47',
  'productno[0]' => 'CJ10275',
  'price[0]' => '87.00',
  'qty[0]' => 1,
  'checkcode' => '753081dc28b04261c25e9b43f3f601a3',
  'backurl' => 'http://www.outlet-jersey.com/index.php?main_page=checkout_process',
  'notifyreurl' => 'http://www.outlet-jersey.com/mallpay_check.php',
  's_firstname' => 'Roy',
  's_lastname' => 'Herrick',
  's_address' => '25 Windsor Ave ',
  's_city' => 'Pittsfield',
  's_state' => 'MA',
  's_postcode' => '01201',
  's_country' => 'US',
  'email' => 'royski99@yahoo.com',
  's_tel' => '4134427919',
  'b_firstname' => 'Roy',
  'b_lastname' => 'Herrick',
  'b_address' => '25 Windsor Ave ',
  'b_city' => 'Pittsfield',
  'b_state' => 'MA',
  'b_postcode' => '01201',
  'b_country' => 'US',
  'b_tel' => '4134427919',
) 
22:12:43 array (
  'siteno' => '193736180',
  'version' => '',
  'orderid' => '245150328075',
  'order_time' => '20150328221243',
  'lang' => 'en',
  'currency' => 'USD',
  'vat' => '4.00',
  'discount' => '0.00',
  'shippingfee' => '25.00',
  'productname[0]' => 'Customized Chicago Blackhawks Black 2014 Stadium Series Hockey NHL Jerseys
 Size:XXL(54)
 Name:PALIOTTA
 Num#:47',
  'productno[0]' => 'CJ10275',
  'price[0]' => '87.00',
  'qty[0]' => 1,
  'checkcode' => '0037ccf1a0d5080338463b7bcb160c3a',
  'backurl' => 'http://www.outlet-jersey.com/index.php?main_page=checkout_process',
  'notifyreurl' => 'http://www.outlet-jersey.com/mallpay_check.php',
  's_firstname' => 'Roy',
  's_lastname' => 'Herrick',
  's_address' => '25 Windsor Ave ',
  's_city' => 'Pittsfield',
  's_state' => 'MA',
  's_postcode' => '01201',
  's_country' => 'US',
  'email' => 'royski99@yahoo.com',
  's_tel' => '4134427919',
  'b_firstname' => 'Roy',
  'b_lastname' => 'Herrick',
  'b_address' => '25 Windsor Ave ',
  'b_city' => 'Pittsfield',
  'b_state' => 'MA',
  'b_postcode' => '01201',
  'b_country' => 'US',
  'b_tel' => '4134427919',
) 
22:14:37 array (
  'siteno' => '193736180',
  'version' => '',
  'orderid' => '245150328076',
  'order_time' => '20150328221437',
  'lang' => 'en',
  'currency' => 'USD',
  'vat' => '4.00',
  'discount' => '0.00',
  'shippingfee' => '25.00',
  'productname[0]' => 'Customized Chicago Blackhawks Black 2014 Stadium Series Hockey NHL Jerseys
 Size:XXL(54)
 Name:PALIOTTA
 Num#:47',
  'productno[0]' => 'CJ10275',
  'price[0]' => '87.00',
  'qty[0]' => 1,
  'checkcode' => 'c73536ef2fbbffae652ba23391a154d9',
  'backurl' => 'http://www.outlet-jersey.com/index.php?main_page=checkout_process',
  'notifyreurl' => 'http://www.outlet-jersey.com/mallpay_check.php',
  's_firstname' => 'Roy',
  's_lastname' => 'Herrick',
  's_address' => '25 Windsor Ave ',
  's_city' => 'Pittsfield',
  's_state' => 'MA',
  's_postcode' => '01201',
  's_country' => 'US',
  'email' => 'royski99@yahoo.com',
  's_tel' => '4134427919',
  'b_firstname' => 'Roy',
  'b_lastname' => 'Herrick',
  'b_address' => '25 Windsor Ave ',
  'b_city' => 'Pittsfield',
  'b_state' => 'MA',
  'b_postcode' => '01201',
  'b_country' => 'US',
  'b_tel' => '4134427919',
) 
23:01:43 array (
  'siteno' => '193736180',
  'version' => '',
  'orderid' => '245150328078',
  'order_time' => '20150328230143',
  'lang' => 'en',
  'currency' => 'USD',
  'vat' => '12.00',
  'discount' => '0.00',
  'shippingfee' => '20.00',
  'productname[0]' => '2014 NFL Draft Oakland Raiders #1 Khalil Mack Black Elite Jersey
 Size:52',
  'productno[0]' => 'NFL26422',
  'price[0]' => '22.50',
  'qty[0]' => 1,
  'productname[1]' => 'Suns #34 Charles Barkley Black Throwback Stitched NBA Jersey
 Size:Large/50',
  'productno[1]' => 'NBA12516',
  'price[1]' => '18.50',
  'qty[1]' => 1,
  'productname[2]' => 'Dodgers #34 Fernando Valenzuela Stitched Grey Cool Base Baseball Jersey
 Size:Large/50',
  'productno[2]' => 'MLB11526',
  'price[2]' => '18.50',
  'qty[2]' => 1,
  'checkcode' => '9486608b681a870c9583c98f8261ee4e',
  'backurl' => 'http://www.outlet-jersey.com/index.php?main_page=checkout_process',
  'notifyreurl' => 'http://www.outlet-jersey.com/mallpay_check.php',
  's_firstname' => 'erick',
  's_lastname' => 'jacquez',
  's_address' => '3306 edgerock ',
  's_city' => 'el paso',
  's_state' => 'TX',
  's_postcode' => '79935',
  's_country' => 'US',
  'email' => 'devil-d915@hotmail.com',
  's_tel' => '9156671531',
  'b_firstname' => 'erick',
  'b_lastname' => 'jacquez',
  'b_address' => '3306 edgerock ',
  'b_city' => 'el paso',
  'b_state' => 'TX',
  'b_postcode' => '79935',
  'b_country' => 'US',
  'b_tel' => '9156671531',
) 
23:09:31 array (
  'siteno' => '193736180',
  'version' => '',
  'orderid' => '245150328079',
  'order_time' => '20150328230931',
  'lang' => 'en',
  'currency' => 'USD',
  'vat' => '4.00',
  'discount' => '0.00',
  'shippingfee' => '25.00',
  'productname[0]' => 'NHL Jersey Detroit Red Wings 2  Men Stitched 2015 Winter Classic Stitched NHL Jersey
 Size:L(50)',
  'productno[0]' => 'NHL2015019656',
  'price[0]' => '36.53',
  'qty[0]' => 1,
  'checkcode' => '5583091a33e3f053d6893931f1d8c3f7',
  'backurl' => 'http://www.outlet-jersey.com/index.php?main_page=checkout_process',
  'notifyreurl' => 'http://www.outlet-jersey.com/mallpay_check.php',
  's_firstname' => 'Alisha',
  's_lastname' => 'Webster',
  's_address' => '882 Valleyview Ct. ',
  's_city' => 'Gaylord',
  's_state' => 'MI',
  's_postcode' => '49735',
  's_country' => 'US',
  'email' => 'hockey_girl_14_21@yahoo.com',
  's_tel' => '9893706660',
  'b_firstname' => 'Alisha',
  'b_lastname' => 'Webster',
  'b_address' => '882 Valleyview Ct. ',
  'b_city' => 'Gaylord',
  'b_state' => 'MI',
  'b_postcode' => '49735',
  'b_country' => 'US',
  'b_tel' => '9893706660',
) 
23:13:47 array (
  'siteno' => '193736180',
  'version' => '',
  'orderid' => '245150328080',
  'order_time' => '20150328231347',
  'lang' => 'en',
  'currency' => 'USD',
  'vat' => '4.00',
  'discount' => '0.00',
  'shippingfee' => '25.00',
  'productname[0]' => 'Kings #99 Wayne Gretzky 2012 Stanley Cup FinalsBlack CCM Throwback Stitched NHL Jersey
 Size:XXXL(56)',
  'productno[0]' => 'NHL12062',
  'price[0]' => '33.00',
  'qty[0]' => 1,
  'checkcode' => 'e4baf1ee9d7920e12c560340e9e03786',
  'backurl' => 'http://www.outlet-jersey.com/index.php?main_page=checkout_process',
  'notifyreurl' => 'http://www.outlet-jersey.com/mallpay_check.php',
  's_firstname' => 'Susie',
  's_lastname' => 'De Leon',
  's_address' => '6446 Gallant Street Apt. B ',
  's_city' => 'Bell Gardens',
  's_state' => 'CA',
  's_postcode' => '90201',
  's_country' => 'US',
  'email' => 'scue26@hotmail.com',
  's_tel' => '5624005858',
  'b_firstname' => 'Susie',
  'b_lastname' => 'De Leon',
  'b_address' => '6446 Gallant Street Apt. B ',
  'b_city' => 'Bell Gardens',
  'b_state' => 'CA',
  'b_postcode' => '90201',
  'b_country' => 'US',
  'b_tel' => '5624005858',
) 
23:31:33 array (
  'siteno' => '193736180',
  'version' => '',
  'orderid' => '245150328081',
  'order_time' => '20150328233133',
  'lang' => 'en',
  'currency' => 'USD',
  'vat' => '12.00',
  'discount' => '0.00',
  'shippingfee' => '20.00',
  'productname[0]' => 'Warriors #30 Stephen Curry Gold Alternate Stitched Youth NBA Jersey
 Size:Medium',
  'productno[0]' => 'YOUTH3730',
  'price[0]' => '19.00',
  'qty[0]' => 1,
  'productname[1]' => 'Nike Chargers #17 Philip Rivers Electric Blue Alternate With C Patch Youth Stitched NFL Elite Jersey
 Size:M(10-12)',
  'productno[1]' => 'YOUTH1580',
  'price[1]' => '21.00',
  'qty[1]' => 1,
  'productname[2]' => 'Buckeyes #5 Braxton Miller Red Stitched Youth NCAA Jersey
 Size:S(10-12)',
  'productno[2]' => 'YOUTH3770',
  'price[2]' => '18.00',
  'qty[2]' => 1,
  'checkcode' => '8fb28ed98bfb5fe1cdb7be03a3c63d10',
  'backurl' => 'http://www.outlet-jersey.com/index.php?main_page=checkout_process',
  'notifyreurl' => 'http://www.outlet-jersey.com/mallpay_check.php',
  's_firstname' => 'Elissa',
  's_lastname' => 'shapiro',
  's_address' => '6 glow lane ',
  's_city' => 'hicksville',
  's_state' => 'NY',
  's_postcode' => '11801',
  's_country' => 'US',
  'email' => 'dutchptapres@gmail.com',
  's_tel' => '516-681-2252',
  'b_firstname' => 'Elissa',
  'b_lastname' => 'shapiro',
  'b_address' => '6 glow lane ',
  'b_city' => 'hicksville',
  'b_state' => 'NY',
  'b_postcode' => '11801',
  'b_country' => 'US',
  'b_tel' => '516-681-2252',
) 
