00:11:37 array (
  'siteno' => '193736180',
  'version' => '',
  'orderid' => '245150212002',
  'order_time' => '20150212001137',
  'lang' => 'en',
  'currency' => 'USD',
  'vat' => '4.00',
  'discount' => '0.00',
  'shippingfee' => '25.00',
  'productname[0]' => '2012 NEW NFL Seattle Seahawks #80 Steve Largent Grey Jerseys (Elite)
 Size:44',
  'productno[0]' => 'NFL28147',
  'price[0]' => '22.50',
  'qty[0]' => 1,
  'checkcode' => 'cbd82f4cf26942ea257ae54efe115de0',
  'backurl' => 'http://www.outlet-jersey.com/index.php?main_page=checkout_process',
  'notifyreurl' => 'http://www.outlet-jersey.com/mallpay_check.php',
  's_firstname' => 'Dan',
  's_lastname' => 'Hires',
  's_address' => '2401 NE 125th Ave ',
  's_city' => 'Vancouver',
  's_state' => 'WA',
  's_postcode' => '98684',
  's_country' => 'US',
  'email' => 'danihires@gmail.com',
  's_tel' => '3606070560',
  'b_firstname' => 'Dan',
  'b_lastname' => 'Hires',
  'b_address' => '2401 NE 125th Ave ',
  'b_city' => 'Vancouver',
  'b_state' => 'WA',
  'b_postcode' => '98684',
  'b_country' => 'US',
  'b_tel' => '3606070560',
) 
03:15:37 array (
  'siteno' => '193736180',
  'version' => '',
  'orderid' => '245150212014',
  'order_time' => '20150212031537',
  'lang' => 'en',
  'currency' => 'USD',
  'vat' => '12.00',
  'discount' => '0.00',
  'shippingfee' => '20.00',
  'productname[0]' => 'NEW  Seattle Seahawks #31 Kam Chancellor White Super Bowl XLVIII NFL Elite Jersey
 Size:52',
  'productno[0]' => 'NFL28214',
  'price[0]' => '22.50',
  'qty[0]' => 1,
  'productname[1]' => 'NEW Seattle Seahawks #54 Bobby Wagner White NFL Elite Jersey
 Size:52',
  'productno[1]' => 'NFL28290',
  'price[1]' => '22.50',
  'qty[1]' => 1,
  'productname[2]' => 'Nike Seahawks #24 Marshawn Lynch Grey Alternate Men\'s Stitched NFL Elite Jersey
 Size:52/2XL',
  'productno[2]' => 'NFL28352',
  'price[2]' => '22.50',
  'qty[2]' => 1,
  'checkcode' => '7eaacefd5a249430149776862f3574bd',
  'backurl' => 'http://www.outlet-jersey.com/index.php?main_page=checkout_process',
  'notifyreurl' => 'http://www.outlet-jersey.com/mallpay_check.php',
  's_firstname' => 'chris',
  's_lastname' => 'Hall',
  's_address' => '16705 Tye St SE ',
  's_city' => 'Monroe',
  's_state' => 'WA',
  's_postcode' => '98272',
  's_country' => 'US',
  'email' => 'chall@rhinomfginc.com',
  's_tel' => '425-466-0629',
  'b_firstname' => 'Christopher',
  'b_lastname' => 'HALL',
  'b_address' => '513 Emerson st ',
  'b_city' => 'Monroe',
  'b_state' => 'WA',
  'b_postcode' => '98290',
  'b_country' => 'US',
  'b_tel' => '425-466-0629',
) 
08:29:57 array (
  'siteno' => '193736180',
  'version' => '',
  'orderid' => '245150212027',
  'order_time' => '20150212082957',
  'lang' => 'en',
  'currency' => 'USD',
  'vat' => '12.00',
  'discount' => '0.00',
  'shippingfee' => '20.00',
  'productname[0]' => 'Nike Packers #52 Clay Matthews Green Team Color Men\'s Stitched NFL Game Jersey
 Size:54 (XXL)',
  'productno[0]' => 'NFL20731',
  'price[0]' => '21.50',
  'qty[0]' => 1,
  'productname[1]' => 'Nike Packers #18 Randall Cobb Green Team Color Men\'s Stitched NFL Game Jersey
 Size:L',
  'productno[1]' => 'NFL20656',
  'price[1]' => '21.50',
  'qty[1]' => 1,
  'productname[2]' => 'Nike Packers #12 Aaron Rodgers Green Team Color Men\'s Stitched NFL Game Jersey
 Size:54 (XXL)',
  'productno[2]' => 'NFL20617',
  'price[2]' => '21.50',
  'qty[2]' => 1,
  'checkcode' => 'e3be86f8ff08ced28668b370e40bc3e0',
  'backurl' => 'http://www.outlet-jersey.com/index.php?main_page=checkout_process',
  'notifyreurl' => 'http://www.outlet-jersey.com/mallpay_check.php',
  's_firstname' => 'Sonia',
  's_lastname' => 'Monskey',
  's_address' => '3768 Blueberry Rd ',
  's_city' => 'Warrens',
  's_state' => 'WI',
  's_postcode' => '54666',
  's_country' => 'US',
  'email' => 'mystic_beauty21@yahoo.com',
  's_tel' => '6083870941',
  'b_firstname' => 'Sonia',
  'b_lastname' => 'Monskey',
  'b_address' => '3768 Blueberry Rd ',
  'b_city' => 'Warrens',
  'b_state' => 'WI',
  'b_postcode' => '54666',
  'b_country' => 'US',
  'b_tel' => '6083870941',
) 
13:42:04 array (
  'siteno' => '193736180',
  'version' => '',
  'orderid' => '245150212041',
  'order_time' => '20150212134204',
  'lang' => 'en',
  'currency' => 'USD',
  'vat' => '4.00',
  'discount' => '0.00',
  'shippingfee' => '25.00',
  'productname[0]' => '20141011 GREEN BAY PACKERS Knit Hats
 Size:One Size',
  'productno[0]' => 'HAT10536',
  'price[0]' => '9.90',
  'qty[0]' => 1,
  'checkcode' => 'a243dce4b88593a8ce7f3a3bde2296ab',
  'backurl' => 'http://www.outlet-jersey.com/index.php?main_page=checkout_process',
  'notifyreurl' => 'http://www.outlet-jersey.com/mallpay_check.php',
  's_firstname' => 'Marissa',
  's_lastname' => 'Secor',
  's_address' => '7113 Old Castle Dr ',
  's_city' => 'Fayetteville',
  's_state' => 'NC',
  's_postcode' => '28314',
  's_country' => 'US',
  'email' => 'marissarickles@yahoo.com',
  's_tel' => '9168034737',
  'b_firstname' => 'Marissa',
  'b_lastname' => 'Secor',
  'b_address' => '7113 Old Castle Dr ',
  'b_city' => 'Fayetteville',
  'b_state' => 'NC',
  'b_postcode' => '28314',
  'b_country' => 'US',
  'b_tel' => '9168034737',
) 
13:42:10 array (
  'siteno' => '193736180',
  'version' => '',
  'orderid' => '245150212042',
  'order_time' => '20150212134210',
  'lang' => 'en',
  'currency' => 'USD',
  'vat' => '4.00',
  'discount' => '0.00',
  'shippingfee' => '25.00',
  'productname[0]' => '20141011 GREEN BAY PACKERS Knit Hats
 Size:One Size',
  'productno[0]' => 'HAT10536',
  'price[0]' => '9.90',
  'qty[0]' => 1,
  'checkcode' => '079cb5ede5f404daf0e9788763b1b149',
  'backurl' => 'http://www.outlet-jersey.com/index.php?main_page=checkout_process',
  'notifyreurl' => 'http://www.outlet-jersey.com/mallpay_check.php',
  's_firstname' => 'Marissa',
  's_lastname' => 'Secor',
  's_address' => '7113 Old Castle Dr ',
  's_city' => 'Fayetteville',
  's_state' => 'NC',
  's_postcode' => '28314',
  's_country' => 'US',
  'email' => 'marissarickles@yahoo.com',
  's_tel' => '9168034737',
  'b_firstname' => 'Marissa',
  'b_lastname' => 'Secor',
  'b_address' => '7113 Old Castle Dr ',
  'b_city' => 'Fayetteville',
  'b_state' => 'NC',
  'b_postcode' => '28314',
  'b_country' => 'US',
  'b_tel' => '9168034737',
) 
13:42:19 array (
  'siteno' => '193736180',
  'version' => '',
  'orderid' => '245150212043',
  'order_time' => '20150212134219',
  'lang' => 'en',
  'currency' => 'USD',
  'vat' => '4.00',
  'discount' => '0.00',
  'shippingfee' => '25.00',
  'productname[0]' => '20141011 GREEN BAY PACKERS Knit Hats
 Size:One Size',
  'productno[0]' => 'HAT10536',
  'price[0]' => '9.90',
  'qty[0]' => 1,
  'checkcode' => 'e5f5dc8a5a1d38e5519ccad0488e15ab',
  'backurl' => 'http://www.outlet-jersey.com/index.php?main_page=checkout_process',
  'notifyreurl' => 'http://www.outlet-jersey.com/mallpay_check.php',
  's_firstname' => 'Marissa',
  's_lastname' => 'Secor',
  's_address' => '7113 Old Castle Dr ',
  's_city' => 'Fayetteville',
  's_state' => 'NC',
  's_postcode' => '28314',
  's_country' => 'US',
  'email' => 'marissarickles@yahoo.com',
  's_tel' => '9168034737',
  'b_firstname' => 'Marissa',
  'b_lastname' => 'Secor',
  'b_address' => '7113 Old Castle Dr ',
  'b_city' => 'Fayetteville',
  'b_state' => 'NC',
  'b_postcode' => '28314',
  'b_country' => 'US',
  'b_tel' => '9168034737',
) 
13:42:26 array (
  'siteno' => '193736180',
  'version' => '',
  'orderid' => '245150212044',
  'order_time' => '20150212134226',
  'lang' => 'en',
  'currency' => 'USD',
  'vat' => '4.00',
  'discount' => '0.00',
  'shippingfee' => '25.00',
  'productname[0]' => '20141011 GREEN BAY PACKERS Knit Hats
 Size:One Size',
  'productno[0]' => 'HAT10536',
  'price[0]' => '9.90',
  'qty[0]' => 1,
  'checkcode' => 'e683b424c29fd914d661bbffa1db3b19',
  'backurl' => 'http://www.outlet-jersey.com/index.php?main_page=checkout_process',
  'notifyreurl' => 'http://www.outlet-jersey.com/mallpay_check.php',
  's_firstname' => 'Marissa',
  's_lastname' => 'Secor',
  's_address' => '7113 Old Castle Dr ',
  's_city' => 'Fayetteville',
  's_state' => 'NC',
  's_postcode' => '28314',
  's_country' => 'US',
  'email' => 'marissarickles@yahoo.com',
  's_tel' => '9168034737',
  'b_firstname' => 'Marissa',
  'b_lastname' => 'Secor',
  'b_address' => '7113 Old Castle Dr ',
  'b_city' => 'Fayetteville',
  'b_state' => 'NC',
  'b_postcode' => '28314',
  'b_country' => 'US',
  'b_tel' => '9168034737',
) 
13:42:29 array (
  'siteno' => '193736180',
  'version' => '',
  'orderid' => '245150212045',
  'order_time' => '20150212134229',
  'lang' => 'en',
  'currency' => 'USD',
  'vat' => '4.00',
  'discount' => '0.00',
  'shippingfee' => '25.00',
  'productname[0]' => '20141011 GREEN BAY PACKERS Knit Hats
 Size:One Size',
  'productno[0]' => 'HAT10536',
  'price[0]' => '9.90',
  'qty[0]' => 1,
  'checkcode' => 'b9579e86ec1e7b30487c3b5160ada9e1',
  'backurl' => 'http://www.outlet-jersey.com/index.php?main_page=checkout_process',
  'notifyreurl' => 'http://www.outlet-jersey.com/mallpay_check.php',
  's_firstname' => 'Marissa',
  's_lastname' => 'Secor',
  's_address' => '7113 Old Castle Dr ',
  's_city' => 'Fayetteville',
  's_state' => 'NC',
  's_postcode' => '28314',
  's_country' => 'US',
  'email' => 'marissarickles@yahoo.com',
  's_tel' => '9168034737',
  'b_firstname' => 'Marissa',
  'b_lastname' => 'Secor',
  'b_address' => '7113 Old Castle Dr ',
  'b_city' => 'Fayetteville',
  'b_state' => 'NC',
  'b_postcode' => '28314',
  'b_country' => 'US',
  'b_tel' => '9168034737',
) 
19:58:17 array (
  'siteno' => '193736180',
  'version' => '',
  'orderid' => '245150212049',
  'order_time' => '20150212195817',
  'lang' => 'en',
  'currency' => 'USD',
  'vat' => '16.00',
  'discount' => '0.00',
  'shippingfee' => '20.00',
  'productname[0]' => 'NBA Los Angeles Lakers Stitched New Era 9FIFTY Snapback Hats 039',
  'productno[0]' => 'SPT20576',
  'price[0]' => '7.00',
  'qty[0]' => 1,
  'productname[1]' => 'NBA New Orleans Hornets Stitched 47 Brand Snapback Hats 050',
  'productno[1]' => 'SPT20816',
  'price[1]' => '7.00',
  'qty[1]' => 1,
  'productname[2]' => 'NBA New Orleans Hornets Stitched New Era 9FIFTY Snapback Hats 077',
  'productno[2]' => 'SPT20848',
  'price[2]' => '7.00',
  'qty[2]' => 1,
  'productname[3]' => 'NBA New Orleans Hornets Stitched New Era 9FIFTY Snapback Hats 108',
  'productno[3]' => 'SPT20870',
  'price[3]' => '7.00',
  'qty[3]' => 1,
  'checkcode' => 'dca9c0ae2b931c8b99a27c0a740dbb9c',
  'backurl' => 'http://www.outlet-jersey.com/index.php?main_page=checkout_process',
  'notifyreurl' => 'http://www.outlet-jersey.com/mallpay_check.php',
  's_firstname' => 'Nicole',
  's_lastname' => 'Reit',
  's_address' => '3269 N 2nd ST ',
  's_city' => 'Milwaukee',
  's_state' => 'WI',
  's_postcode' => '53212',
  's_country' => 'US',
  'email' => 'reitnicole@gmail.com',
  's_tel' => '9207910138',
  'b_firstname' => 'Nicole',
  'b_lastname' => 'Reit',
  'b_address' => '3269 N 2nd ST ',
  'b_city' => 'Milwaukee',
  'b_state' => 'WI',
  'b_postcode' => '53212',
  'b_country' => 'US',
  'b_tel' => '9207910138',
) 
21:37:25 array (
  'siteno' => '193736180',
  'version' => '',
  'orderid' => '245150212050',
  'order_time' => '20150212213725',
  'lang' => 'en',
  'currency' => 'USD',
  'vat' => '4.00',
  'discount' => '0.00',
  'shippingfee' => '25.00',
  'productname[0]' => 'NEW Broncos #18 Peyton Manning Blue Alternate Super Bowl XLVIII Women\'s NFL Elite Drift Fashion Jerseys
 Size:XL',
  'productno[0]' => 'NFL15052',
  'price[0]' => '22.00',
  'qty[0]' => 1,
  'checkcode' => '266785b6a89454f7e511d675c7b36bb2',
  'backurl' => 'http://www.outlet-jersey.com/index.php?main_page=checkout_process',
  'notifyreurl' => 'http://www.outlet-jersey.com/mallpay_check.php',
  's_firstname' => 'brian',
  's_lastname' => 'kelly',
  's_address' => '6746 vt rt111 ',
  's_city' => 'morgan',
  's_state' => 'VT',
  's_postcode' => '05853',
  's_country' => 'US',
  'email' => 'brianmichaelkelly05853@gmail.com',
  's_tel' => '8028952821',
  'b_firstname' => 'brian',
  'b_lastname' => 'kelly',
  'b_address' => '6746 vt rt111 ',
  'b_city' => 'morgan',
  'b_state' => 'VT',
  'b_postcode' => '05853',
  'b_country' => 'US',
  'b_tel' => '8028952821',
) 
21:37:30 array (
  'siteno' => '193736180',
  'version' => '',
  'orderid' => '245150212051',
  'order_time' => '20150212213730',
  'lang' => 'en',
  'currency' => 'USD',
  'vat' => '4.00',
  'discount' => '0.00',
  'shippingfee' => '25.00',
  'productname[0]' => 'NEW Broncos #18 Peyton Manning Blue Alternate Super Bowl XLVIII Women\'s NFL Elite Drift Fashion Jerseys
 Size:XL',
  'productno[0]' => 'NFL15052',
  'price[0]' => '22.00',
  'qty[0]' => 1,
  'checkcode' => '6f8b3da569b22e93ab3d695b90eda744',
  'backurl' => 'http://www.outlet-jersey.com/index.php?main_page=checkout_process',
  'notifyreurl' => 'http://www.outlet-jersey.com/mallpay_check.php',
  's_firstname' => 'brian',
  's_lastname' => 'kelly',
  's_address' => '6746 vt rt111 ',
  's_city' => 'morgan',
  's_state' => 'VT',
  's_postcode' => '05853',
  's_country' => 'US',
  'email' => 'brianmichaelkelly05853@gmail.com',
  's_tel' => '8028952821',
  'b_firstname' => 'brian',
  'b_lastname' => 'kelly',
  'b_address' => '6746 vt rt111 ',
  'b_city' => 'morgan',
  'b_state' => 'VT',
  'b_postcode' => '05853',
  'b_country' => 'US',
  'b_tel' => '8028952821',
) 
23:09:17 array (
  'siteno' => '193736180',
  'version' => '',
  'orderid' => '245150212057',
  'order_time' => '20150212230917',
  'lang' => 'en',
  'currency' => 'USD',
  'vat' => '4.00',
  'discount' => '0.00',
  'shippingfee' => '25.00',
  'productname[0]' => 'Nike Patriots #87 Rob Gronkowski Camo Men\'s Stitched NFL Realtree Elite Jersey
 Size:44/L',
  'productno[0]' => 'NFL22625',
  'price[0]' => '22.50',
  'qty[0]' => 1,
  'checkcode' => '40787a48b69fab16cf625033296d2a4d',
  'backurl' => 'http://www.outlet-jersey.com/index.php?main_page=checkout_process',
  'notifyreurl' => 'http://www.outlet-jersey.com/mallpay_check.php',
  's_firstname' => 'Kenneth',
  's_lastname' => 'cormier',
  's_address' => '48 village brook lane ',
  's_city' => 'Natick',
  's_state' => 'MA',
  's_postcode' => '0170',
  's_country' => 'US',
  'email' => 'cormierkiat3@yahoo.com',
  's_tel' => '3392255755',
  'b_firstname' => 'Kenneth',
  'b_lastname' => 'cormier',
  'b_address' => '48 village brook lane ',
  'b_city' => 'Natick',
  'b_state' => 'MA',
  'b_postcode' => '0170',
  'b_country' => 'US',
  'b_tel' => '3392255755',
) 
