01:26:44 array (
  'siteno' => '193736180',
  'version' => '',
  'orderid' => '245150412005',
  'order_time' => '20150412012644',
  'lang' => 'en',
  'currency' => 'USD',
  'vat' => '6.00',
  'discount' => '0.00',
  'shippingfee' => '56.00',
  'productname[0]' => 'Youth NHL New York Rangers #26 Martin St.Louis Blue Home NHL Jersey
 Size:L/XL',
  'productno[0]' => 'YOUTH4714',
  'price[0]' => '31.00',
  'qty[0]' => 1,
  'productname[1]' => 'Rangers #30 Henrik Lundqvist Blue Home Youth Stitched NHL Jersey
 Size:Small/Medium',
  'productno[1]' => 'YOUTH4568',
  'price[1]' => '31.00',
  'qty[1]' => 1,
  'productname[2]' => 'New York Rangers 35 Mike Richter dark blue 2015 Stitched NHL Jersey
 Size:48 (M)',
  'productno[2]' => 'NHL13729',
  'price[2]' => '38.99',
  'qty[2]' => 1,
  'productname[3]' => 'Rangers #20 Chris Kreider White Road Stitched NHL Jersey
 Size:M(48)',
  'productno[3]' => 'NHL12465',
  'price[3]' => '33.00',
  'qty[3]' => 1,
  'checkcode' => '2b5fe89910049c1a9e20ffc60b02305a',
  'backurl' => 'http://www.outlet-jersey.com/index.php?main_page=checkout_process',
  'notifyreurl' => 'http://www.outlet-jersey.com/mallpay_check.php',
  's_firstname' => 'Jonathan',
  's_lastname' => 'Soto',
  's_address' => '86 Lee Road 2096 ',
  's_city' => 'Phenix City',
  's_state' => 'AL',
  's_postcode' => '36870',
  's_country' => 'US',
  'email' => 'sotophotography35@hotmail.com',
  's_tel' => '631-383-3438',
  'b_firstname' => 'Jonathan',
  'b_lastname' => 'Soto',
  'b_address' => '86 Lee Road 2096 ',
  'b_city' => 'Phenix City',
  'b_state' => 'AL',
  'b_postcode' => '36870',
  'b_country' => 'US',
  'b_tel' => '631-383-3438',
) 
01:31:54 array (
  'siteno' => '193736180',
  'version' => '',
  'orderid' => '245150412006',
  'order_time' => '20150412013154',
  'lang' => 'en',
  'currency' => 'USD',
  'vat' => '6.00',
  'discount' => '0.00',
  'shippingfee' => '56.00',
  'productname[0]' => 'Youth NHL New York Rangers #26 Martin St.Louis Blue Home NHL Jersey
 Size:L/XL',
  'productno[0]' => 'YOUTH4714',
  'price[0]' => '31.00',
  'qty[0]' => 1,
  'productname[1]' => 'Rangers #30 Henrik Lundqvist Blue Home Youth Stitched NHL Jersey
 Size:Small/Medium',
  'productno[1]' => 'YOUTH4568',
  'price[1]' => '31.00',
  'qty[1]' => 1,
  'productname[2]' => 'New York Rangers 35 Mike Richter dark blue 2015 Stitched NHL Jersey
 Size:48 (M)',
  'productno[2]' => 'NHL13729',
  'price[2]' => '38.99',
  'qty[2]' => 1,
  'productname[3]' => 'Rangers #20 Chris Kreider White Road Stitched NHL Jersey
 Size:M(48)',
  'productno[3]' => 'NHL12465',
  'price[3]' => '33.00',
  'qty[3]' => 1,
  'checkcode' => '5fd382d953e76d288dca766bc2f73e9e',
  'backurl' => 'http://www.outlet-jersey.com/index.php?main_page=checkout_process',
  'notifyreurl' => 'http://www.outlet-jersey.com/mallpay_check.php',
  's_firstname' => 'Jonathan',
  's_lastname' => 'Soto',
  's_address' => '86 Lee Road 2096 ',
  's_city' => 'Phenix City',
  's_state' => 'AL',
  's_postcode' => '36870',
  's_country' => 'US',
  'email' => 'sotophotography35@hotmail.com',
  's_tel' => '631-383-3438',
  'b_firstname' => 'Jonathan',
  'b_lastname' => 'Soto',
  'b_address' => '86 Lee Road 2096 ',
  'b_city' => 'Phenix City',
  'b_state' => 'AL',
  'b_postcode' => '36870',
  'b_country' => 'US',
  'b_tel' => '631-383-3438',
) 
01:33:03 array (
  'siteno' => '193736180',
  'version' => '',
  'orderid' => '245150412007',
  'order_time' => '20150412013303',
  'lang' => 'en',
  'currency' => 'USD',
  'vat' => '6.00',
  'discount' => '0.00',
  'shippingfee' => '20.00',
  'productname[0]' => 'Youth NHL New York Rangers #26 Martin St.Louis Blue Home NHL Jersey
 Size:L/XL',
  'productno[0]' => 'YOUTH4714',
  'price[0]' => '31.00',
  'qty[0]' => 1,
  'productname[1]' => 'Rangers #30 Henrik Lundqvist Blue Home Youth Stitched NHL Jersey
 Size:Small/Medium',
  'productno[1]' => 'YOUTH4568',
  'price[1]' => '31.00',
  'qty[1]' => 1,
  'productname[2]' => 'New York Rangers 35 Mike Richter dark blue 2015 Stitched NHL Jersey
 Size:48 (M)',
  'productno[2]' => 'NHL13729',
  'price[2]' => '38.99',
  'qty[2]' => 1,
  'productname[3]' => 'Rangers #20 Chris Kreider White Road Stitched NHL Jersey
 Size:M(48)',
  'productno[3]' => 'NHL12465',
  'price[3]' => '33.00',
  'qty[3]' => 1,
  'checkcode' => 'ac456a93f0858403f43f5c68bd886016',
  'backurl' => 'http://www.outlet-jersey.com/index.php?main_page=checkout_process',
  'notifyreurl' => 'http://www.outlet-jersey.com/mallpay_check.php',
  's_firstname' => 'Jonathan',
  's_lastname' => 'Soto',
  's_address' => '86 Lee Road 2096 ',
  's_city' => 'Phenix City',
  's_state' => 'AL',
  's_postcode' => '36870',
  's_country' => 'US',
  'email' => 'sotophotography35@hotmail.com',
  's_tel' => '631-383-3438',
  'b_firstname' => 'Jonathan',
  'b_lastname' => 'Soto',
  'b_address' => '86 Lee Road 2096 ',
  'b_city' => 'Phenix City',
  'b_state' => 'AL',
  'b_postcode' => '36870',
  'b_country' => 'US',
  'b_tel' => '631-383-3438',
) 
01:36:30 array (
  'siteno' => '193736180',
  'version' => '',
  'orderid' => '245150412008',
  'order_time' => '20150412013630',
  'lang' => 'en',
  'currency' => 'USD',
  'vat' => '6.00',
  'discount' => '0.00',
  'shippingfee' => '20.00',
  'productname[0]' => 'Youth NHL New York Rangers #26 Martin St.Louis Blue Home NHL Jersey
 Size:L/XL',
  'productno[0]' => 'YOUTH4714',
  'price[0]' => '31.00',
  'qty[0]' => 1,
  'productname[1]' => 'Rangers #30 Henrik Lundqvist Blue Home Youth Stitched NHL Jersey
 Size:Small/Medium',
  'productno[1]' => 'YOUTH4568',
  'price[1]' => '31.00',
  'qty[1]' => 1,
  'productname[2]' => 'New York Rangers 35 Mike Richter dark blue 2015 Stitched NHL Jersey
 Size:48 (M)',
  'productno[2]' => 'NHL13729',
  'price[2]' => '38.99',
  'qty[2]' => 1,
  'productname[3]' => 'Rangers #20 Chris Kreider White Road Stitched NHL Jersey
 Size:M(48)',
  'productno[3]' => 'NHL12465',
  'price[3]' => '33.00',
  'qty[3]' => 1,
  'checkcode' => '60d768dfe5a9a652d386c6120aad4cc7',
  'backurl' => 'http://www.outlet-jersey.com/index.php?main_page=checkout_process',
  'notifyreurl' => 'http://www.outlet-jersey.com/mallpay_check.php',
  's_firstname' => 'Jonathan',
  's_lastname' => 'Soto',
  's_address' => '86 Lee Road 2096 ',
  's_city' => 'Phenix City',
  's_state' => 'AL',
  's_postcode' => '36870',
  's_country' => 'US',
  'email' => 'sotophotography35@hotmail.com',
  's_tel' => '631-383-3438',
  'b_firstname' => 'Jonathan',
  'b_lastname' => 'Soto',
  'b_address' => '86 Lee Road 2096 ',
  'b_city' => 'Phenix City',
  'b_state' => 'AL',
  'b_postcode' => '36870',
  'b_country' => 'US',
  'b_tel' => '631-383-3438',
) 
01:37:02 array (
  'siteno' => '193736180',
  'version' => '',
  'orderid' => '245150412009',
  'order_time' => '20150412013702',
  'lang' => 'en',
  'currency' => 'USD',
  'vat' => '6.00',
  'discount' => '0.00',
  'shippingfee' => '56.00',
  'productname[0]' => 'Youth NHL New York Rangers #26 Martin St.Louis Blue Home NHL Jersey
 Size:L/XL',
  'productno[0]' => 'YOUTH4714',
  'price[0]' => '31.00',
  'qty[0]' => 1,
  'productname[1]' => 'Rangers #30 Henrik Lundqvist Blue Home Youth Stitched NHL Jersey
 Size:Small/Medium',
  'productno[1]' => 'YOUTH4568',
  'price[1]' => '31.00',
  'qty[1]' => 1,
  'productname[2]' => 'New York Rangers 35 Mike Richter dark blue 2015 Stitched NHL Jersey
 Size:48 (M)',
  'productno[2]' => 'NHL13729',
  'price[2]' => '38.99',
  'qty[2]' => 1,
  'productname[3]' => 'Rangers #20 Chris Kreider White Road Stitched NHL Jersey
 Size:M(48)',
  'productno[3]' => 'NHL12465',
  'price[3]' => '33.00',
  'qty[3]' => 1,
  'checkcode' => '6fdaeec592bf3801b3dc54e14907f864',
  'backurl' => 'http://www.outlet-jersey.com/index.php?main_page=checkout_process',
  'notifyreurl' => 'http://www.outlet-jersey.com/mallpay_check.php',
  's_firstname' => 'Jonathan',
  's_lastname' => 'Soto',
  's_address' => '86 Lee Road 2096 ',
  's_city' => 'Phenix City',
  's_state' => 'AL',
  's_postcode' => '36870',
  's_country' => 'US',
  'email' => 'sotophotography35@hotmail.com',
  's_tel' => '631-383-3438',
  'b_firstname' => 'Jonathan',
  'b_lastname' => 'Soto',
  'b_address' => '86 Lee Road 2096 ',
  'b_city' => 'Phenix City',
  'b_state' => 'AL',
  'b_postcode' => '36870',
  'b_country' => 'US',
  'b_tel' => '631-383-3438',
) 
02:18:46 array (
  'siteno' => '193736180',
  'version' => '',
  'orderid' => '245150412011',
  'order_time' => '20150412021846',
  'lang' => 'en',
  'currency' => 'USD',
  'vat' => '1.50',
  'discount' => '0.00',
  'shippingfee' => '28.00',
  'productname[0]' => 'Philadelphia Flyers #88 Eric Lindros Black CCM Throwback Hockey Jersey
 Size:XL(52)',
  'productno[0]' => 'NHL12948',
  'price[0]' => '33.00',
  'qty[0]' => 1,
  'checkcode' => 'd8fd107087e1597a9664275c32fe1724',
  'backurl' => 'http://www.outlet-jersey.com/index.php?main_page=checkout_process',
  'notifyreurl' => 'http://www.outlet-jersey.com/mallpay_check.php',
  's_firstname' => 'Eric',
  's_lastname' => 'Klein',
  's_address' => '3 Mansfield road ',
  's_city' => 'Milton',
  's_state' => 'VT',
  's_postcode' => '05468',
  's_country' => 'US',
  'email' => 'Ericklein79@hotmail.com',
  's_tel' => '802-598-8077',
  'b_firstname' => 'Eric',
  'b_lastname' => 'Klein',
  'b_address' => '3 Mansfield road ',
  'b_city' => 'Milton',
  'b_state' => 'VT',
  'b_postcode' => '05468',
  'b_country' => 'US',
  'b_tel' => '802-598-8077',
) 
03:11:42 array (
  'siteno' => '193736180',
  'version' => '',
  'orderid' => '245150412014',
  'order_time' => '20150412031142',
  'lang' => 'en',
  'currency' => 'USD',
  'vat' => '1.50',
  'discount' => '0.00',
  'shippingfee' => '25.00',
  'productname[0]' => 'Chicago Cubs #44 Anthony Rizzo Grey Alternate Road Cool Base Stitched Baseball Jersey
 Size:XXXL(56)',
  'productno[0]' => 'MLB10761',
  'price[0]' => '18.50',
  'qty[0]' => 1,
  'checkcode' => '1946cedcd34800e64f56676764e6b2f7',
  'backurl' => 'http://www.outlet-jersey.com/index.php?main_page=checkout_process',
  'notifyreurl' => 'http://www.outlet-jersey.com/mallpay_check.php',
  's_firstname' => 'Luis Carlos',
  's_lastname' => 'Florez',
  's_address' => '3730 South Paulina Street ',
  's_city' => 'Chicago',
  's_state' => 'IL',
  's_postcode' => '60609',
  's_country' => 'US',
  'email' => 'Diego577@icloud.com',
  's_tel' => '7736560142',
  'b_firstname' => 'Luis Carlos',
  'b_lastname' => 'Florez',
  'b_address' => '3730 South Paulina Street ',
  'b_city' => 'Chicago',
  'b_state' => 'IL',
  'b_postcode' => '60609',
  'b_country' => 'US',
  'b_tel' => '7736560142',
) 
04:24:56 array (
  'siteno' => '193736180',
  'version' => '',
  'orderid' => '245150412019',
  'order_time' => '20150412042456',
  'lang' => 'en',
  'currency' => 'USD',
  'vat' => '6.00',
  'discount' => '0.00',
  'shippingfee' => '48.00',
  'productname[0]' => 'Chicago Blackhawks 88 Patrick Kane White Jersey With 2013 Stanley Cup Patch
 Size:XXL(54)',
  'productno[0]' => 'NHL10326',
  'price[0]' => '34.00',
  'qty[0]' => 1,
  'productname[1]' => '1992 All Star Mitchell And Ness Bulls #23 Michael Jordan Red Stitched NBA Jersey
 Size:XXL(54)',
  'productno[1]' => 'NBA10369',
  'price[1]' => '18.50',
  'qty[1]' => 1,
  'productname[2]' => 'NFL Jersey Chicago Bears 34 Blue Men Stitched Noble Fashion Throwback Jersey
 Size:54 (XXL)',
  'productno[2]' => 'NFL15480013',
  'price[2]' => '22.50',
  'qty[2]' => 1,
  'productname[3]' => 'Chicago Cubs #10 Ron Santo Cream 1969 Turn Back The Clock Stitched Baseball Jersey
 Size:XXL(54)',
  'productno[3]' => 'MLB10735',
  'price[3]' => '18.50',
  'qty[3]' => 1,
  'checkcode' => 'abd26d39aad2ca969c7caed5addaf398',
  'backurl' => 'http://www.outlet-jersey.com/index.php?main_page=checkout_process',
  'notifyreurl' => 'http://www.outlet-jersey.com/mallpay_check.php',
  's_firstname' => 'Peter',
  's_lastname' => 'Albert',
  's_address' => '4192 w. San Jose ave. ',
  's_city' => 'Fresno',
  's_state' => 'CA',
  's_postcode' => '93722',
  's_country' => 'US',
  'email' => 'pljasr@msn.com',
  's_tel' => '5592754964',
  'b_firstname' => 'Peter',
  'b_lastname' => 'Albert',
  'b_address' => '4192 w. San Jose ave. ',
  'b_city' => 'Fresno',
  'b_state' => 'CA',
  'b_postcode' => '93722',
  'b_country' => 'US',
  'b_tel' => '5592754964',
) 
06:45:09 array (
  'siteno' => '193736180',
  'version' => '',
  'orderid' => '245150412025',
  'order_time' => '20150412064509',
  'lang' => 'en',
  'currency' => 'USD',
  'vat' => '4.50',
  'discount' => '0.00',
  'shippingfee' => '48.00',
  'productname[0]' => 'Blackhawks #81 Marian Hossa New Black Ice Stanley Cup Champions Stitched NHL Jersey
 Size:XXL(54)',
  'productno[0]' => 'NHL11428',
  'price[0]' => '33.00',
  'qty[0]' => 1,
  'productname[1]' => 'Cubs #44 Anthony Rizzo Blue Cool Base Stitched Youth Baseball Jersey
 Size:M(12-14)',
  'productno[1]' => 'YOUTH3373',
  'price[1]' => '18.00',
  'qty[1]' => 1,
  'productname[2]' => 'Cubs #44 Anthony Rizzo Blue Cool Base Stitched Youth Baseball Jersey
 Size:XL(16-18)',
  'productno[2]' => 'YOUTH3373',
  'price[2]' => '18.00',
  'qty[2]' => 1,
  'checkcode' => '4e0844d4ecba8a2a3b2fb5bced581eab',
  'backurl' => 'http://www.outlet-jersey.com/index.php?main_page=checkout_process',
  'notifyreurl' => 'http://www.outlet-jersey.com/mallpay_check.php',
  's_firstname' => 'Lauren',
  's_lastname' => 'Vasquez',
  's_address' => '7603 Oak Grove Ave ',
  's_city' => 'Justice',
  's_state' => 'IL',
  's_postcode' => '60458',
  's_country' => 'US',
  'email' => 'raecin324@sbcglobal.net',
  's_tel' => '7084073243',
  'b_firstname' => 'Lauren',
  'b_lastname' => 'Vasquez',
  'b_address' => '7603 Oak Grove Ave ',
  'b_city' => 'Justice',
  'b_state' => 'IL',
  'b_postcode' => '60458',
  'b_country' => 'US',
  'b_tel' => '7084073243',
) 
12:27:29 array (
  'siteno' => '193736180',
  'version' => '',
  'orderid' => '245150412040',
  'order_time' => '20150412122729',
  'lang' => 'en',
  'currency' => 'USD',
  'vat' => '4.50',
  'discount' => '0.00',
  'shippingfee' => '61.00',
  'productname[0]' => 'Washington Capitals #19 Nicklas Backstrom 2015 Winter Classic Red(40th Anniversary) Stitched NHL Jersey
 Size:M(48)',
  'productno[0]' => 'NHL13541',
  'price[0]' => '34.00',
  'qty[0]' => 1,
  'productname[1]' => 'Washington Capitals #8 Alex Ovechkin 2015 Winter Classic Red(40th Anniversary) Stitched NHL Jersey
 Size:XXL(54)',
  'productno[1]' => 'NHL13564',
  'price[1]' => '34.00',
  'qty[1]' => 1,
  'productname[2]' => 'Nationals #34 Bryce Harper White USMC Cool Base Stitched Baseball Jersey
 Size:XX Large/54',
  'productno[2]' => 'MLB14016',
  'price[2]' => '18.50',
  'qty[2]' => 1,
  'checkcode' => 'b19730cdea60ac111a6dcaf0e4b4c0bb',
  'backurl' => 'http://www.outlet-jersey.com/index.php?main_page=checkout_process',
  'notifyreurl' => 'http://www.outlet-jersey.com/mallpay_check.php',
  's_firstname' => 'John',
  's_lastname' => 'Shumpert',
  's_address' => '8985 Riverside road ',
  's_city' => 'Nanjemoy',
  's_state' => 'MD',
  's_postcode' => '20662',
  's_country' => 'US',
  'email' => 'Explosive1020@yahoo.com',
  's_tel' => '301-246-4460',
  'b_firstname' => 'John',
  'b_lastname' => 'Shumpert',
  'b_address' => '8985 Riverside road ',
  'b_city' => 'Nanjemoy',
  'b_state' => 'MD',
  'b_postcode' => '20662',
  'b_country' => 'US',
  'b_tel' => '301-246-4460',
) 
12:31:10 array (
  'siteno' => '193736180',
  'version' => '',
  'orderid' => '245150412041',
  'order_time' => '20150412123110',
  'lang' => 'en',
  'currency' => 'USD',
  'vat' => '4.50',
  'discount' => '0.00',
  'shippingfee' => '20.00',
  'productname[0]' => 'Washington Capitals #19 Nicklas Backstrom 2015 Winter Classic Red(40th Anniversary) Stitched NHL Jersey
 Size:M(48)',
  'productno[0]' => 'NHL13541',
  'price[0]' => '34.00',
  'qty[0]' => 1,
  'productname[1]' => 'Washington Capitals #8 Alex Ovechkin 2015 Winter Classic Red(40th Anniversary) Stitched NHL Jersey
 Size:XXL(54)',
  'productno[1]' => 'NHL13564',
  'price[1]' => '34.00',
  'qty[1]' => 1,
  'productname[2]' => 'Nationals #34 Bryce Harper White USMC Cool Base Stitched Baseball Jersey
 Size:XX Large/54',
  'productno[2]' => 'MLB14016',
  'price[2]' => '18.50',
  'qty[2]' => 1,
  'checkcode' => 'a63094d2a9584ce2845e9b80ca16a304',
  'backurl' => 'http://www.outlet-jersey.com/index.php?main_page=checkout_process',
  'notifyreurl' => 'http://www.outlet-jersey.com/mallpay_check.php',
  's_firstname' => 'John',
  's_lastname' => 'Shumpert',
  's_address' => '8985 Riverside road ',
  's_city' => 'Nanjemoy',
  's_state' => 'MD',
  's_postcode' => '20662',
  's_country' => 'US',
  'email' => 'Explosive1020@yahoo.com',
  's_tel' => '301-246-4460',
  'b_firstname' => 'John',
  'b_lastname' => 'Shumpert',
  'b_address' => '8985 Riverside road ',
  'b_city' => 'Nanjemoy',
  'b_state' => 'MD',
  'b_postcode' => '20662',
  'b_country' => 'US',
  'b_tel' => '301-246-4460',
) 
22:13:47 array (
  'siteno' => '193736180',
  'version' => '',
  'orderid' => '245150412045',
  'order_time' => '20150412221347',
  'lang' => 'en',
  'currency' => 'USD',
  'vat' => '1.50',
  'discount' => '0.00',
  'shippingfee' => '25.00',
  'productname[0]' => 'Cavaliers Personalized Authentic Red NBA Jersey (S-3XL)
 Size:XXX Large/56
 Name:Szczerbiak
 Num#:10',
  'productno[0]' => 'CJ10093',
  'price[0]' => '79.00',
  'qty[0]' => 1,
  'checkcode' => '73a1870625ac108b10b348d106c8d82d',
  'backurl' => 'http://www.outlet-jersey.com/index.php?main_page=checkout_process',
  'notifyreurl' => 'http://www.outlet-jersey.com/mallpay_check.php',
  's_firstname' => 'Mark',
  's_lastname' => 'giannino',
  's_address' => '10227 summer elm ave ',
  's_city' => 'clermont',
  's_state' => 'FL',
  's_postcode' => '34711',
  's_country' => 'US',
  'email' => 'newyork2457814l@aol.com',
  's_tel' => '3522557632',
  'b_firstname' => 'Mark',
  'b_lastname' => 'giannino',
  'b_address' => '10227 summer elm ave ',
  'b_city' => 'clermont',
  'b_state' => 'FL',
  'b_postcode' => '34711',
  'b_country' => 'US',
  'b_tel' => '3522557632',
) 
