02:25:52 array (
  'siteno' => '193736180',
  'version' => '',
  'orderid' => '245150127005',
  'order_time' => '20150127022552',
  'lang' => 'en',
  'currency' => 'USD',
  'vat' => '16.00',
  'discount' => '0.00',
  'shippingfee' => '20.00',
  'productname[0]' => '2014 Youth Nike Seattle Seahawks 3# Russell Wilson New Lights Out Black Elite Jersey
 Size:S(8)',
  'productno[0]' => 'YOUTH1080',
  'price[0]' => '21.00',
  'qty[0]' => 1,
  'productname[1]' => '2014 Youth Nike Seattle Seahawks 3# Russell Wilson New Lights Out Black Elite Jersey
 Size:M(10-12)',
  'productno[1]' => 'YOUTH1080',
  'price[1]' => '21.00',
  'qty[1]' => 1,
  'productname[2]' => 'NEW Seattle Seahawks #25 Richard Sherman Blue Jersey(Signed Elite)
 Size:40',
  'productno[2]' => 'NFL28264',
  'price[2]' => '22.50',
  'qty[2]' => 1,
  'productname[3]' => 'NEW Seahawks #89 Doug Baldwin Steel Blue Team Color Super Bowl XLVIII Women\'s  NFL Elite Jersey
 Size:M',
  'productno[3]' => 'NFL15855',
  'price[3]' => '22.00',
  'qty[3]' => 1,
  'checkcode' => 'dfeb8f65cfd02e330c9461dc39f28d32',
  'backurl' => 'http://www.outlet-jersey.com/index.php?main_page=checkout_process',
  'notifyreurl' => 'http://www.outlet-jersey.com/mallpay_check.php',
  's_firstname' => 'Emily',
  's_lastname' => 'Laureano',
  's_address' => '4642 191st ST SW ',
  's_city' => 'Lynnwood',
  's_state' => 'WA',
  's_postcode' => '98036',
  's_country' => 'US',
  'email' => 'roblaureano39@ymail.com',
  's_tel' => '206 372 1062',
  'b_firstname' => 'Emily',
  'b_lastname' => 'Laureano',
  'b_address' => '4642 191st ST SW ',
  'b_city' => 'Lynnwood',
  'b_state' => 'WA',
  'b_postcode' => '98036',
  'b_country' => 'US',
  'b_tel' => '206 372 1062',
) 
02:47:36 array (
  'siteno' => '193736180',
  'version' => '',
  'orderid' => '245150127007',
  'order_time' => '20150127024736',
  'lang' => 'en',
  'currency' => 'USD',
  'vat' => '16.00',
  'discount' => '0.00',
  'shippingfee' => '20.00',
  'productname[0]' => '2014 Youth Nike Seattle Seahawks 3# Russell Wilson New Lights Out Black Elite Jersey
 Size:S(8)',
  'productno[0]' => 'YOUTH1080',
  'price[0]' => '21.00',
  'qty[0]' => 1,
  'productname[1]' => '2014 Youth Nike Seattle Seahawks 3# Russell Wilson New Lights Out Black Elite Jersey
 Size:M(10-12)',
  'productno[1]' => 'YOUTH1080',
  'price[1]' => '21.00',
  'qty[1]' => 1,
  'productname[2]' => 'NEW Seattle Seahawks #25 Richard Sherman Blue Jersey(Signed Elite)
 Size:40',
  'productno[2]' => 'NFL28264',
  'price[2]' => '22.50',
  'qty[2]' => 1,
  'productname[3]' => 'NEW Seahawks #89 Doug Baldwin Steel Blue Team Color Super Bowl XLVIII Women\'s  NFL Elite Jersey
 Size:M',
  'productno[3]' => 'NFL15855',
  'price[3]' => '22.00',
  'qty[3]' => 1,
  'checkcode' => '34b50c033a52bfc13d0394b4b29c756d',
  'backurl' => 'http://www.outlet-jersey.com/index.php?main_page=checkout_process',
  'notifyreurl' => 'http://www.outlet-jersey.com/mallpay_check.php',
  's_firstname' => 'Emily',
  's_lastname' => 'Laureano',
  's_address' => '4642 191st St SW ',
  's_city' => 'Lynnwood',
  's_state' => 'WA',
  's_postcode' => '98036',
  's_country' => 'US',
  'email' => 'roblaureano39@ymail.com',
  's_tel' => '206 372 1062',
  'b_firstname' => 'Emily',
  'b_lastname' => 'Laureano',
  'b_address' => '4642 191st ST SW ',
  'b_city' => 'Lynnwood',
  'b_state' => 'WA',
  'b_postcode' => '98036',
  'b_country' => 'US',
  'b_tel' => '206 372 1062',
) 
02:47:42 array (
  'siteno' => '193736180',
  'version' => '',
  'orderid' => '245150127008',
  'order_time' => '20150127024742',
  'lang' => 'en',
  'currency' => 'USD',
  'vat' => '16.00',
  'discount' => '0.00',
  'shippingfee' => '20.00',
  'productname[0]' => '2014 Youth Nike Seattle Seahawks 3# Russell Wilson New Lights Out Black Elite Jersey
 Size:S(8)',
  'productno[0]' => 'YOUTH1080',
  'price[0]' => '21.00',
  'qty[0]' => 1,
  'productname[1]' => '2014 Youth Nike Seattle Seahawks 3# Russell Wilson New Lights Out Black Elite Jersey
 Size:M(10-12)',
  'productno[1]' => 'YOUTH1080',
  'price[1]' => '21.00',
  'qty[1]' => 1,
  'productname[2]' => 'NEW Seattle Seahawks #25 Richard Sherman Blue Jersey(Signed Elite)
 Size:40',
  'productno[2]' => 'NFL28264',
  'price[2]' => '22.50',
  'qty[2]' => 1,
  'productname[3]' => 'NEW Seahawks #89 Doug Baldwin Steel Blue Team Color Super Bowl XLVIII Women\'s  NFL Elite Jersey
 Size:M',
  'productno[3]' => 'NFL15855',
  'price[3]' => '22.00',
  'qty[3]' => 1,
  'checkcode' => '1fd4d594609375f8c8ba5984591c864a',
  'backurl' => 'http://www.outlet-jersey.com/index.php?main_page=checkout_process',
  'notifyreurl' => 'http://www.outlet-jersey.com/mallpay_check.php',
  's_firstname' => 'Emily',
  's_lastname' => 'Laureano',
  's_address' => '4642 191st St SW ',
  's_city' => 'Lynnwood',
  's_state' => 'WA',
  's_postcode' => '98036',
  's_country' => 'US',
  'email' => 'roblaureano39@ymail.com',
  's_tel' => '206 372 1062',
  'b_firstname' => 'Emily',
  'b_lastname' => 'Laureano',
  'b_address' => '4642 191st ST SW ',
  'b_city' => 'Lynnwood',
  'b_state' => 'WA',
  'b_postcode' => '98036',
  'b_country' => 'US',
  'b_tel' => '206 372 1062',
) 
02:50:13 array (
  'siteno' => '193736180',
  'version' => '',
  'orderid' => '245150127009',
  'order_time' => '20150127025013',
  'lang' => 'en',
  'currency' => 'USD',
  'vat' => '16.00',
  'discount' => '0.00',
  'shippingfee' => '20.00',
  'productname[0]' => '2014 Youth Nike Seattle Seahawks 3# Russell Wilson New Lights Out Black Elite Jersey
 Size:S(8)',
  'productno[0]' => 'YOUTH1080',
  'price[0]' => '21.00',
  'qty[0]' => 1,
  'productname[1]' => '2014 Youth Nike Seattle Seahawks 3# Russell Wilson New Lights Out Black Elite Jersey
 Size:M(10-12)',
  'productno[1]' => 'YOUTH1080',
  'price[1]' => '21.00',
  'qty[1]' => 1,
  'productname[2]' => 'NEW Seattle Seahawks #25 Richard Sherman Blue Jersey(Signed Elite)
 Size:40',
  'productno[2]' => 'NFL28264',
  'price[2]' => '22.50',
  'qty[2]' => 1,
  'productname[3]' => 'NEW Seahawks #89 Doug Baldwin Steel Blue Team Color Super Bowl XLVIII Women\'s  NFL Elite Jersey
 Size:M',
  'productno[3]' => 'NFL15855',
  'price[3]' => '22.00',
  'qty[3]' => 1,
  'checkcode' => 'acf64d052af83f5bad139d38ce4fe503',
  'backurl' => 'http://www.outlet-jersey.com/index.php?main_page=checkout_process',
  'notifyreurl' => 'http://www.outlet-jersey.com/mallpay_check.php',
  's_firstname' => 'Emily',
  's_lastname' => 'Laureano',
  's_address' => '4642 191st St SW ',
  's_city' => 'Lynnwood',
  's_state' => 'WA',
  's_postcode' => '98036',
  's_country' => 'US',
  'email' => 'roblaureano39@ymail.com',
  's_tel' => '206 372 1062',
  'b_firstname' => 'Emily',
  'b_lastname' => 'Laureano',
  'b_address' => '4642 191st ST SW ',
  'b_city' => 'Lynnwood',
  'b_state' => 'WA',
  'b_postcode' => '98036',
  'b_country' => 'US',
  'b_tel' => '206 372 1062',
) 
02:50:21 array (
  'siteno' => '193736180',
  'version' => '',
  'orderid' => '245150127010',
  'order_time' => '20150127025021',
  'lang' => 'en',
  'currency' => 'USD',
  'vat' => '16.00',
  'discount' => '0.00',
  'shippingfee' => '20.00',
  'productname[0]' => '2014 Youth Nike Seattle Seahawks 3# Russell Wilson New Lights Out Black Elite Jersey
 Size:S(8)',
  'productno[0]' => 'YOUTH1080',
  'price[0]' => '21.00',
  'qty[0]' => 1,
  'productname[1]' => '2014 Youth Nike Seattle Seahawks 3# Russell Wilson New Lights Out Black Elite Jersey
 Size:M(10-12)',
  'productno[1]' => 'YOUTH1080',
  'price[1]' => '21.00',
  'qty[1]' => 1,
  'productname[2]' => 'NEW Seattle Seahawks #25 Richard Sherman Blue Jersey(Signed Elite)
 Size:40',
  'productno[2]' => 'NFL28264',
  'price[2]' => '22.50',
  'qty[2]' => 1,
  'productname[3]' => 'NEW Seahawks #89 Doug Baldwin Steel Blue Team Color Super Bowl XLVIII Women\'s  NFL Elite Jersey
 Size:M',
  'productno[3]' => 'NFL15855',
  'price[3]' => '22.00',
  'qty[3]' => 1,
  'checkcode' => '1f0899a93b7c73b3c4aa57e74ff4b0da',
  'backurl' => 'http://www.outlet-jersey.com/index.php?main_page=checkout_process',
  'notifyreurl' => 'http://www.outlet-jersey.com/mallpay_check.php',
  's_firstname' => 'Emily',
  's_lastname' => 'Laureano',
  's_address' => '4642 191st St SW ',
  's_city' => 'Lynnwood',
  's_state' => 'WA',
  's_postcode' => '98036',
  's_country' => 'US',
  'email' => 'roblaureano39@ymail.com',
  's_tel' => '206 372 1062',
  'b_firstname' => 'Emily',
  'b_lastname' => 'Laureano',
  'b_address' => '4642 191st ST SW ',
  'b_city' => 'Lynnwood',
  'b_state' => 'WA',
  'b_postcode' => '98036',
  'b_country' => 'US',
  'b_tel' => '206 372 1062',
) 
