02:20:27 array (
  'siteno' => '193736180',
  'version' => '',
  'orderid' => '245150204002',
  'order_time' => '20150204022027',
  'lang' => 'en',
  'currency' => 'USD',
  'vat' => '12.00',
  'discount' => '0.00',
  'shippingfee' => '20.00',
  'productname[0]' => 'Nike NFL Seattle Seahawks 12 Fan Black Jerseys(Impact Limited)
 Size:XXL',
  'productno[0]' => 'NFL28303',
  'price[0]' => '22.50',
  'qty[0]' => 1,
  'productname[1]' => 'Nike NFL Seattle Seahawks 12 Fan Black Jerseys(Impact Limited)
 Size:XXXL',
  'productno[1]' => 'NFL28303',
  'price[1]' => '22.50',
  'qty[1]' => 1,
  'productname[2]' => 'Nike Seahawks #12 Fan Steel Blue Men\'s Stitched NFL Game Jersey
 Size:54 (XXL)',
  'productno[2]' => 'NFL28321',
  'price[2]' => '21.50',
  'qty[2]' => 1,
  'checkcode' => '2fc9b9b7a6c703b8b3fe1848aa31802a',
  'backurl' => 'http://www.outlet-jersey.com/index.php?main_page=checkout_process',
  'notifyreurl' => 'http://www.outlet-jersey.com/mallpay_check.php',
  's_firstname' => 'Jennifer',
  's_lastname' => 'Kelton',
  's_address' => '58056 N.E. 4th Street ',
  's_city' => 'Electric City',
  's_state' => 'WA',
  's_postcode' => '99123',
  's_country' => 'US',
  'email' => 'jbraybrook@yahoo.com',
  's_tel' => '5096412269',
  'b_firstname' => 'Jennifer',
  'b_lastname' => 'Kelton',
  'b_address' => '58056 N.E. 4th Street ',
  'b_city' => 'Electric City',
  'b_state' => 'WA',
  'b_postcode' => '99123',
  'b_country' => 'US',
  'b_tel' => '5096412269',
) 
02:24:08 array (
  'siteno' => '193736180',
  'version' => '',
  'orderid' => '245150204003',
  'order_time' => '20150204022408',
  'lang' => 'en',
  'currency' => 'USD',
  'vat' => '12.00',
  'discount' => '0.00',
  'shippingfee' => '20.00',
  'productname[0]' => 'Nike NFL Seattle Seahawks 12 Fan Black Jerseys(Impact Limited)
 Size:XXL',
  'productno[0]' => 'NFL28303',
  'price[0]' => '22.50',
  'qty[0]' => 1,
  'productname[1]' => 'Nike NFL Seattle Seahawks 12 Fan Black Jerseys(Impact Limited)
 Size:XXXL',
  'productno[1]' => 'NFL28303',
  'price[1]' => '22.50',
  'qty[1]' => 1,
  'productname[2]' => 'Nike Seahawks #12 Fan Steel Blue Men\'s Stitched NFL Game Jersey
 Size:54 (XXL)',
  'productno[2]' => 'NFL28321',
  'price[2]' => '21.50',
  'qty[2]' => 1,
  'checkcode' => 'f84aee6bab4d94d4b43dd8c7d981b807',
  'backurl' => 'http://www.outlet-jersey.com/index.php?main_page=checkout_process',
  'notifyreurl' => 'http://www.outlet-jersey.com/mallpay_check.php',
  's_firstname' => 'Jennifer',
  's_lastname' => 'Kelton',
  's_address' => '58056 N.E. 4th Street ',
  's_city' => 'Electric City',
  's_state' => 'WA',
  's_postcode' => '99123',
  's_country' => 'US',
  'email' => 'jbraybrook@yahoo.com',
  's_tel' => '5096412269',
  'b_firstname' => 'Jennifer',
  'b_lastname' => 'Kelton',
  'b_address' => '58056 N.E. 4th Street ',
  'b_city' => 'Electric City',
  'b_state' => 'WA',
  'b_postcode' => '99123',
  'b_country' => 'US',
  'b_tel' => '5096412269',
) 
07:28:20 array (
  'siteno' => '193736180',
  'version' => '',
  'orderid' => '245150204011',
  'order_time' => '20150204072820',
  'lang' => 'en',
  'currency' => 'USD',
  'vat' => '8.00',
  'discount' => '0.00',
  'shippingfee' => '20.00',
  'productname[0]' => 'Nike Seahawks #24 Marshawn Lynch Steel Blue Men\'s Stitched NFL Game Jersey
 Size:L',
  'productno[0]' => 'NFL28361',
  'price[0]' => '21.50',
  'qty[0]' => 1,
  'productname[1]' => 'Nike Seahawks #12 Fan White Men\'s Stitched NFL Elite Jersey
 Size:44/L',
  'productno[1]' => 'NFL28325',
  'price[1]' => '22.50',
  'qty[1]' => 1,
  'checkcode' => 'd063c7f162fcf790aa6cad6253ea3c63',
  'backurl' => 'http://www.outlet-jersey.com/index.php?main_page=checkout_process',
  'notifyreurl' => 'http://www.outlet-jersey.com/mallpay_check.php',
  's_firstname' => 'coby',
  's_lastname' => 'cook',
  's_address' => '18240 124th ave se ',
  's_city' => 'renton',
  's_state' => 'WA',
  's_postcode' => '98058',
  's_country' => 'US',
  'email' => 'cobycook50@gmail.com',
  's_tel' => '4258916557',
  'b_firstname' => 'coby',
  'b_lastname' => 'cook',
  'b_address' => '18240 124th ave se ',
  'b_city' => 'renton',
  'b_state' => 'WA',
  'b_postcode' => '98058',
  'b_country' => 'US',
  'b_tel' => '4258916557',
) 
10:02:46 array (
  'siteno' => '193736180',
  'version' => '',
  'orderid' => '245150204018',
  'order_time' => '20150204100246',
  'lang' => 'en',
  'currency' => 'USD',
  'vat' => '4.00',
  'discount' => '0.00',
  'shippingfee' => '25.00',
  'productname[0]' => 'NEW Seahawks #3 Russell Wilson Dark Grey Super Bowl XLVIII Women\'s Breast Cancer Awareness NFL Elite Jersey
 Size:XXL',
  'productno[0]' => 'NFL15746',
  'price[0]' => '22.00',
  'qty[0]' => 1,
  'checkcode' => '38a107de19fc404b14f92892a13b79d9',
  'backurl' => 'http://www.outlet-jersey.com/index.php?main_page=checkout_process',
  'notifyreurl' => 'http://www.outlet-jersey.com/mallpay_check.php',
  's_firstname' => 'Samantha',
  's_lastname' => 'Olson',
  's_address' => '13826 se 161st pl ',
  's_city' => 'Renton',
  's_state' => 'WA',
  's_postcode' => '98058',
  's_country' => 'US',
  'email' => 'Samanthadawn721@gmail.com',
  's_tel' => '2532275461',
  'b_firstname' => 'Samantha',
  'b_lastname' => 'Olson',
  'b_address' => '13826 se 161st pl ',
  'b_city' => 'Renton',
  'b_state' => 'WA',
  'b_postcode' => '98058',
  'b_country' => 'US',
  'b_tel' => '2532275461',
) 
10:49:48 array (
  'siteno' => '193736180',
  'version' => '',
  'orderid' => '245150204020',
  'order_time' => '20150204104948',
  'lang' => 'en',
  'currency' => 'USD',
  'vat' => '4.00',
  'discount' => '0.00',
  'shippingfee' => '25.00',
  'productname[0]' => 'Nike Patriots #22 Stevan Ridley Navy Blue Team Color With Hall of Fame 50th Patch Men\'s Stitched NFL Elite Jersey
 Size:52/2XL',
  'productno[0]' => 'NFL22568',
  'price[0]' => '23.50',
  'qty[0]' => 1,
  'checkcode' => '03c40c3cdc3b1b94c477735a851aa9fa',
  'backurl' => 'http://www.outlet-jersey.com/index.php?main_page=checkout_process',
  'notifyreurl' => 'http://www.outlet-jersey.com/mallpay_check.php',
  's_firstname' => 'Kenneth',
  's_lastname' => 'Burgos',
  's_address' => '15 farren ave ',
  's_city' => 'new haven',
  's_state' => 'CT',
  's_postcode' => '06513',
  's_country' => 'US',
  'email' => 'Jherms24@gmail.com',
  's_tel' => '2037457880',
  'b_firstname' => 'jhermynne',
  'b_lastname' => 'josef',
  'b_address' => '550 Norton pkwy ',
  'b_city' => 'new haven',
  'b_state' => 'CT',
  'b_postcode' => '06511',
  'b_country' => 'US',
  'b_tel' => '2037457880',
) 
11:51:14 array (
  'siteno' => '193736180',
  'version' => '',
  'orderid' => '245150204022',
  'order_time' => '20150204115114',
  'lang' => 'en',
  'currency' => 'USD',
  'vat' => '8.00',
  'discount' => '0.00',
  'shippingfee' => '20.00',
  'productname[0]' => 'NEW NFL Dallas Cowboys 22 Emmitt Smith Blue Jerseys(Signed Elite)
 Size:40/M',
  'productno[0]' => 'NFL19537',
  'price[0]' => '22.50',
  'qty[0]' => 1,
  'productname[1]' => 'Nike Cowboys #9 Tony Romo Lights Out Black Men\'s Stitched NFL Elite Jersey
 Size:40/M',
  'productno[1]' => 'NFL19757',
  'price[1]' => '22.50',
  'qty[1]' => 1,
  'checkcode' => 'bc15993a78d14674829bbee0e3c6bbbc',
  'backurl' => 'http://www.outlet-jersey.com/index.php?main_page=checkout_process',
  'notifyreurl' => 'http://www.outlet-jersey.com/mallpay_check.php',
  's_firstname' => 'Jesper',
  's_lastname' => 'Jensen',
  's_address' => '8101 Lonesome Spur Trl ',
  's_city' => 'McKinney',
  's_state' => 'TX',
  's_postcode' => '75070',
  's_country' => 'US',
  'email' => 'jstrunge@gmail.com',
  's_tel' => '214-733-9245',
  'b_firstname' => 'Jesper',
  'b_lastname' => 'Jensen',
  'b_address' => '8101 Lonesome Spur Trl ',
  'b_city' => 'McKinney',
  'b_state' => 'TX',
  'b_postcode' => '75070',
  'b_country' => 'US',
  'b_tel' => '214-733-9245',
) 
23:10:29 array (
  'siteno' => '193736180',
  'version' => '',
  'orderid' => '245150204031',
  'order_time' => '20150204231029',
  'lang' => 'en',
  'currency' => 'USD',
  'vat' => '4.00',
  'discount' => '0.00',
  'shippingfee' => '25.00',
  'productname[0]' => 'Nike Colts #12 Andrew Luck White Men\'s Stitched NFL Elite Jersey
 Size:44/L',
  'productno[0]' => 'NFL21407',
  'price[0]' => '22.50',
  'qty[0]' => 1,
  'checkcode' => '4c9975bce78f23a5bd00775b3f80eab5',
  'backurl' => 'http://www.outlet-jersey.com/index.php?main_page=checkout_process',
  'notifyreurl' => 'http://www.outlet-jersey.com/mallpay_check.php',
  's_firstname' => 'Anthony',
  's_lastname' => 'Page',
  's_address' => '705 Hughes St. ',
  's_city' => 'Crawfordsville',
  's_state' => 'IN',
  's_postcode' => '47933',
  's_country' => 'US',
  'email' => 'tony_no_eyes@hotmail.com',
  's_tel' => '7653667674',
  'b_firstname' => 'Anthony',
  'b_lastname' => 'Page',
  'b_address' => '705 Hughes St. ',
  'b_city' => 'Crawfordsville',
  'b_state' => 'IN',
  'b_postcode' => '47933',
  'b_country' => 'US',
  'b_tel' => '7653667674',
) 
