07:32:33 array (
  'siteno' => '193736180',
  'version' => '',
  'orderid' => '245150207012',
  'order_time' => '20150207073233',
  'lang' => 'en',
  'currency' => 'USD',
  'vat' => '8.00',
  'discount' => '0.00',
  'shippingfee' => '20.00',
  'productname[0]' => 'NEW  Seattle Seahawks #31 Kam Chancellor White NFL Elite Jersey
 Size:56',
  'productno[0]' => 'NFL28213',
  'price[0]' => '22.50',
  'qty[0]' => 1,
  'productname[1]' => 'Men\'s Nike Seattle Seahawks Vapor Jet 2.0 Gloves
 Size:XL',
  'productno[1]' => 'NFL28206',
  'price[1]' => '18.00',
  'qty[1]' => 1,
  'checkcode' => 'f4e8e8adeb76125bf12ee7037a12abeb',
  'backurl' => 'http://www.outlet-jersey.com/index.php?main_page=checkout_process',
  'notifyreurl' => 'http://www.outlet-jersey.com/mallpay_check.php',
  's_firstname' => 'Jeff',
  's_lastname' => 'Plummer',
  's_address' => '444 morningstar boulevard ',
  's_city' => 'Ephrata',
  's_state' => 'WA',
  's_postcode' => '98823',
  's_country' => 'US',
  'email' => 'rice95@hotmail.com',
  's_tel' => '425-894-8737',
  'b_firstname' => 'Jeff',
  'b_lastname' => 'Plummer',
  'b_address' => '444 morningstar boulevard ',
  'b_city' => 'Ephrata',
  'b_state' => 'WA',
  'b_postcode' => '98823',
  'b_country' => 'US',
  'b_tel' => '425-894-8737',
) 
08:23:12 array (
  'siteno' => '193736180',
  'version' => '',
  'orderid' => '245150207015',
  'order_time' => '20150207082312',
  'lang' => 'en',
  'currency' => 'USD',
  'vat' => '8.00',
  'discount' => '0.00',
  'shippingfee' => '20.00',
  'productname[0]' => 'NEW Carolina Panthers Heart & Soul Long Sleeve T-Shirt D.Grey
 Size:54(XXL)',
  'productno[0]' => 'NFL24598',
  'price[0]' => '14.00',
  'qty[0]' => 1,
  'productname[1]' => 'NEW Carolina Panthers Critical Victory Long Sleeve T-Shirt Grey
 Size:L',
  'productno[1]' => 'NFL24592',
  'price[1]' => '14.00',
  'qty[1]' => 1,
  'checkcode' => 'f27e2767bc07d8f71ad33930eb5ef551',
  'backurl' => 'http://www.outlet-jersey.com/index.php?main_page=checkout_process',
  'notifyreurl' => 'http://www.outlet-jersey.com/mallpay_check.php',
  's_firstname' => 'Patricia',
  's_lastname' => 'Merkwa',
  's_address' => '108 Bradford Dr. ',
  's_city' => 'Salisbury',
  's_state' => 'NC',
  's_postcode' => '28146',
  's_country' => 'US',
  'email' => 'trishn3kids@yahoo.com',
  's_tel' => '704-209-1885',
  'b_firstname' => 'Patricia',
  'b_lastname' => 'Merkwa',
  'b_address' => '108 Bradford Dr. ',
  'b_city' => 'Salisbury',
  'b_state' => 'NC',
  'b_postcode' => '28146',
  'b_country' => 'US',
  'b_tel' => '704-209-1885',
) 
10:09:45 array (
  'siteno' => '193736180',
  'version' => '',
  'orderid' => '245150207023',
  'order_time' => '20150207100945',
  'lang' => 'en',
  'currency' => 'USD',
  'vat' => '4.00',
  'discount' => '0.00',
  'shippingfee' => '25.00',
  'productname[0]' => '2012 NEW NFL Seattle Seahawks 12 Fan Green Jerseys (Elite)
 Size:44',
  'productno[0]' => 'NFL28154',
  'price[0]' => '22.50',
  'qty[0]' => 1,
  'checkcode' => '02d6078d1a71266fa6b979d28a1944d6',
  'backurl' => 'http://www.outlet-jersey.com/index.php?main_page=checkout_process',
  'notifyreurl' => 'http://www.outlet-jersey.com/mallpay_check.php',
  's_firstname' => 'Joshua',
  's_lastname' => 'Bigner',
  's_address' => '9817 N Whittier Street ',
  's_city' => 'Spokane',
  's_state' => 'WA',
  's_postcode' => '99218',
  's_country' => 'US',
  'email' => 'saehawkjosh@hotmail.com',
  's_tel' => '4062238547',
  'b_firstname' => 'Joshua',
  'b_lastname' => 'Bigner',
  'b_address' => '9817 N Whittier Street ',
  'b_city' => 'Spokane',
  'b_state' => 'WA',
  'b_postcode' => '99218',
  'b_country' => 'US',
  'b_tel' => '4062238547',
) 
11:15:52 array (
  'siteno' => '193736180',
  'version' => '',
  'orderid' => '245150207028',
  'order_time' => '20150207111552',
  'lang' => 'en',
  'currency' => 'USD',
  'vat' => '8.00',
  'discount' => '0.00',
  'shippingfee' => '20.00',
  'productname[0]' => 'NEW  Seattle Seahawks #31 Kam Chancellor White NFL Elite Jersey
 Size:56',
  'productno[0]' => 'NFL28213',
  'price[0]' => '22.50',
  'qty[0]' => 1,
  'productname[1]' => 'Men\'s Nike Seattle Seahawks Vapor Jet 2.0 Gloves
 Size:XL',
  'productno[1]' => 'NFL28206',
  'price[1]' => '18.00',
  'qty[1]' => 1,
  'checkcode' => '732cd1dceb69c528cb714b42050ccb35',
  'backurl' => 'http://www.outlet-jersey.com/index.php?main_page=checkout_process',
  'notifyreurl' => 'http://www.outlet-jersey.com/mallpay_check.php',
  's_firstname' => 'Jeff',
  's_lastname' => 'Plummer',
  's_address' => '444 morningstar boulevard ',
  's_city' => 'Ephrata',
  's_state' => 'WA',
  's_postcode' => '98823',
  's_country' => 'US',
  'email' => 'jeff_plummer@hotmail.com',
  's_tel' => '4258948737',
  'b_firstname' => 'Jeff',
  'b_lastname' => 'Plummer',
  'b_address' => '444 morningstar boulevard ',
  'b_city' => 'Ephrata',
  'b_state' => 'WA',
  'b_postcode' => '98823',
  'b_country' => 'US',
  'b_tel' => '4258948737',
) 
17:03:17 array (
  'siteno' => '193736180',
  'version' => '',
  'orderid' => '245150207039',
  'order_time' => '20150207170317',
  'lang' => 'en',
  'currency' => 'USD',
  'vat' => '60.00',
  'discount' => '0.00',
  'shippingfee' => '0.00',
  'productname[0]' => 'Nike Seahawks #24 Marshawn Lynch Steel Blue Men\'s Stitched NFL Game Jersey
 Size:L',
  'productno[0]' => 'NFL28361',
  'price[0]' => '21.50',
  'qty[0]' => 2,
  'productname[1]' => 'Nike Seahawks #24 Marshawn Lynch Steel Blue Men\'s Stitched NFL Game Jersey
 Size:M',
  'productno[1]' => 'NFL28361',
  'price[1]' => '21.50',
  'qty[1]' => 2,
  'productname[2]' => 'Nike Seahawks #24 Marshawn Lynch Steel Blue Men\'s Stitched NFL Game Jersey
 Size:S',
  'productno[2]' => 'NFL28361',
  'price[2]' => '21.50',
  'qty[2]' => 2,
  'productname[3]' => 'Nike Seahawks #24 Marshawn Lynch Steel Blue Men\'s Stitched NFL Game Jersey
 Size:XL',
  'productno[3]' => 'NFL28361',
  'price[3]' => '21.50',
  'qty[3]' => 2,
  'productname[4]' => 'Texas Rangers #17 Shin-Soo Choo White Baseball Jersey
 Size:L(50)',
  'productno[4]' => 'MLB13830',
  'price[4]' => '21.00',
  'qty[4]' => 1,
  'productname[5]' => 'Texas Rangers #17 Shin-Soo Choo White Baseball Jersey
 Size:M(48)',
  'productno[5]' => 'MLB13830',
  'price[5]' => '21.00',
  'qty[5]' => 1,
  'productname[6]' => '2015 NFL Jersey Hat Seattle Seahawks ',
  'productno[6]' => 'HAT13349',
  'price[6]' => '9.90',
  'qty[6]' => 3,
  'productname[7]' => 'Seattle Seahawks Flag
 Size:No Size',
  'productno[7]' => 'SPT12557',
  'price[7]' => '9.00',
  'qty[7]' => 2,
  'checkcode' => 'f7b66aff6e08caac2c3dfc141ff61e5e',
  'backurl' => 'http://www.outlet-jersey.com/index.php?main_page=checkout_process',
  'notifyreurl' => 'http://www.outlet-jersey.com/mallpay_check.php',
  's_firstname' => 'Daniel',
  's_lastname' => 'park',
  's_address' => '18311 Veterans Memorial Dr. E ',
  's_city' => 'Bonney Lake',
  's_state' => 'WA',
  's_postcode' => '98391',
  's_country' => 'US',
  'email' => 'demsinc2002@hotmail.com',
  's_tel' => '2533351926',
  'b_firstname' => 'Daniel',
  'b_lastname' => 'park',
  'b_address' => '18311 Veterans Memorial Dr. E ',
  'b_city' => 'Bonney Lake',
  'b_state' => 'WA',
  'b_postcode' => '98391',
  'b_country' => 'US',
  'b_tel' => '2533351926',
) 
17:03:23 array (
  'siteno' => '193736180',
  'version' => '',
  'orderid' => '245150207040',
  'order_time' => '20150207170323',
  'lang' => 'en',
  'currency' => 'USD',
  'vat' => '60.00',
  'discount' => '0.00',
  'shippingfee' => '0.00',
  'productname[0]' => 'Nike Seahawks #24 Marshawn Lynch Steel Blue Men\'s Stitched NFL Game Jersey
 Size:L',
  'productno[0]' => 'NFL28361',
  'price[0]' => '21.50',
  'qty[0]' => 2,
  'productname[1]' => 'Nike Seahawks #24 Marshawn Lynch Steel Blue Men\'s Stitched NFL Game Jersey
 Size:M',
  'productno[1]' => 'NFL28361',
  'price[1]' => '21.50',
  'qty[1]' => 2,
  'productname[2]' => 'Nike Seahawks #24 Marshawn Lynch Steel Blue Men\'s Stitched NFL Game Jersey
 Size:S',
  'productno[2]' => 'NFL28361',
  'price[2]' => '21.50',
  'qty[2]' => 2,
  'productname[3]' => 'Nike Seahawks #24 Marshawn Lynch Steel Blue Men\'s Stitched NFL Game Jersey
 Size:XL',
  'productno[3]' => 'NFL28361',
  'price[3]' => '21.50',
  'qty[3]' => 2,
  'productname[4]' => 'Texas Rangers #17 Shin-Soo Choo White Baseball Jersey
 Size:L(50)',
  'productno[4]' => 'MLB13830',
  'price[4]' => '21.00',
  'qty[4]' => 1,
  'productname[5]' => 'Texas Rangers #17 Shin-Soo Choo White Baseball Jersey
 Size:M(48)',
  'productno[5]' => 'MLB13830',
  'price[5]' => '21.00',
  'qty[5]' => 1,
  'productname[6]' => '2015 NFL Jersey Hat Seattle Seahawks ',
  'productno[6]' => 'HAT13349',
  'price[6]' => '9.90',
  'qty[6]' => 3,
  'productname[7]' => 'Seattle Seahawks Flag
 Size:No Size',
  'productno[7]' => 'SPT12557',
  'price[7]' => '9.00',
  'qty[7]' => 2,
  'checkcode' => '778360a73bd0d8213fe7ed0e40d8d964',
  'backurl' => 'http://www.outlet-jersey.com/index.php?main_page=checkout_process',
  'notifyreurl' => 'http://www.outlet-jersey.com/mallpay_check.php',
  's_firstname' => 'Daniel',
  's_lastname' => 'park',
  's_address' => '18311 Veterans Memorial Dr. E ',
  's_city' => 'Bonney Lake',
  's_state' => 'WA',
  's_postcode' => '98391',
  's_country' => 'US',
  'email' => 'demsinc2002@hotmail.com',
  's_tel' => '2533351926',
  'b_firstname' => 'Daniel',
  'b_lastname' => 'park',
  'b_address' => '18311 Veterans Memorial Dr. E ',
  'b_city' => 'Bonney Lake',
  'b_state' => 'WA',
  'b_postcode' => '98391',
  'b_country' => 'US',
  'b_tel' => '2533351926',
) 
23:47:33 array (
  'siteno' => '193736180',
  'version' => '',
  'orderid' => '245150207046',
  'order_time' => '20150207234733',
  'lang' => 'en',
  'currency' => 'USD',
  'vat' => '12.00',
  'discount' => '0.00',
  'shippingfee' => '20.00',
  'productname[0]' => '2015 NFL New England Patriots Knit Hats 11',
  'productno[0]' => 'HAT13224',
  'price[0]' => '9.90',
  'qty[0]' => 2,
  'productname[1]' => 'Nike New England Patriots 12# Brady Drift Fashion Grey Men\'s NFL Elite Jerseys
 Size:48 (XL)',
  'productno[1]' => 'JE1731330',
  'price[1]' => '24.66',
  'qty[1]' => 1,
  'checkcode' => 'dcafff30a3b46ae24f196d089445cdac',
  'backurl' => 'http://www.outlet-jersey.com/index.php?main_page=checkout_process',
  'notifyreurl' => 'http://www.outlet-jersey.com/mallpay_check.php',
  's_firstname' => 'THELMA',
  's_lastname' => 'FRANKLIN',
  's_address' => '2741 N 25TH STREET ',
  's_city' => 'MILWAUKEE',
  's_state' => 'WI',
  's_postcode' => '53206',
  's_country' => 'US',
  'email' => 'THELMAFRANKLIN@YAHOO.COM',
  's_tel' => '4142491890',
  'b_firstname' => 'THELMA',
  'b_lastname' => 'FRANKLIN',
  'b_address' => '2741 N 25TH STREET ',
  'b_city' => 'MILWAUKEE',
  'b_state' => 'WI',
  'b_postcode' => '53206',
  'b_country' => 'US',
  'b_tel' => '4142491890',
) 
