09:40:10 array (
  'siteno' => '193736180',
  'version' => '',
  'orderid' => '245150124015',
  'order_time' => '20150124094010',
  'lang' => 'en',
  'currency' => 'USD',
  'vat' => '4.00',
  'discount' => '0.00',
  'shippingfee' => '25.00',
  'productname[0]' => '2014 NEW Seattle Seahawks #3 Russell Wilson New Lights Out Grey NFL Elite Jersey
 Size:40',
  'productno[0]' => 'NFL28205',
  'price[0]' => '22.50',
  'qty[0]' => 1,
  'checkcode' => '4c41bdbcd0b1c79b50e16d28d6298abd',
  'backurl' => 'http://www.outlet-jersey.com/index.php?main_page=checkout_process',
  'notifyreurl' => 'http://www.outlet-jersey.com/mallpay_check.php',
  's_firstname' => 'Shalonda',
  's_lastname' => 'Walden',
  's_address' => '14625 SE 277th Ct ',
  's_city' => 'Kent',
  's_state' => 'WA',
  's_postcode' => '98042',
  's_country' => 'US',
  'email' => 'Ladyscorpion98@hotmail.com',
  's_tel' => '2066171457',
  'b_firstname' => 'Shalonda',
  'b_lastname' => 'Walden',
  'b_address' => '14625 SE 277th Ct ',
  'b_city' => 'Kent',
  'b_state' => 'WA',
  'b_postcode' => '98042',
  'b_country' => 'US',
  'b_tel' => '2066171457',
) 
22:52:45 array (
  'siteno' => '193736180',
  'version' => '',
  'orderid' => '245150124022',
  'order_time' => '20150124225245',
  'lang' => 'en',
  'currency' => 'USD',
  'vat' => '12.00',
  'discount' => '0.00',
  'shippingfee' => '20.00',
  'productname[0]' => '2013 New NFL Seattle Seahawks #29 Earl Thomas III Drift Fashion Blue Elite Jerseys
 Size:56',
  'productno[0]' => 'NFL28163',
  'price[0]' => '22.50',
  'qty[0]' => 1,
  'productname[1]' => '2013 New Nike Seattle Seahawks 24 Lynch Lights Out Black Elite Jerseys
 Size:56',
  'productno[1]' => 'NFL28174',
  'price[1]' => '22.50',
  'qty[1]' => 1,
  'productname[2]' => '2013 New Nike Seattle Seahawks 12 Fan Lights Out Black Elite Jerseys
 Size:56',
  'productno[2]' => 'NFL28171',
  'price[2]' => '22.50',
  'qty[2]' => 1,
  'checkcode' => 'afc4e33a3614f2b704c3596b8b26a660',
  'backurl' => 'http://www.outlet-jersey.com/index.php?main_page=checkout_process',
  'notifyreurl' => 'http://www.outlet-jersey.com/mallpay_check.php',
  's_firstname' => 'Aaron',
  's_lastname' => 'LeDuc',
  's_address' => '455 SE Barrington Dr # 106 ',
  's_city' => 'Oak Harbor',
  's_state' => 'WA',
  's_postcode' => '98277',
  's_country' => 'US',
  'email' => 'aaron.leduc@ymail.com',
  's_tel' => '3603202722',
  'b_firstname' => 'Aaron',
  'b_lastname' => 'LeDuc',
  'b_address' => '455 SE Barrington Dr # 106 ',
  'b_city' => 'Oak Harbor',
  'b_state' => 'WA',
  'b_postcode' => '98277',
  'b_country' => 'US',
  'b_tel' => '3603202722',
) 
