01:30:15 array (
  'siteno' => '193736180',
  'version' => '',
  'orderid' => '245150414002',
  'order_time' => '20150414013015',
  'lang' => 'en',
  'currency' => 'USD',
  'vat' => '4.50',
  'discount' => '0.00',
  'shippingfee' => '44.00',
  'productname[0]' => 'Canadiens #31 Carey Price Stitched Red New CH NHL Jersey
 Size:XL(52)',
  'productno[0]' => 'NHL12200',
  'price[0]' => '33.00',
  'qty[0]' => 1,
  'productname[1]' => 'Canadiens #76 PK Subban Stitched White Heritage Classic Style NHL Jersey
 Size:XL(52)',
  'productno[1]' => 'NHL12225',
  'price[1]' => '33.00',
  'qty[1]' => 1,
  'productname[2]' => 'NHL Jersey Montreal Canadiens 31 Carey Price Stitched White NHL Jersey Jersey  Men Stitched 2015 Winter Classic Stitched NHL Jersey
 Size:XL(52)',
  'productno[2]' => 'NHL2015019732',
  'price[2]' => '36.80',
  'qty[2]' => 1,
  'checkcode' => 'd66fffe55c86c25cee387d6346d26306',
  'backurl' => 'http://www.outlet-jersey.com/index.php?main_page=checkout_process',
  'notifyreurl' => 'http://www.outlet-jersey.com/mallpay_check.php',
  's_firstname' => 'Roxanne',
  's_lastname' => 'bumble',
  's_address' => '1480 washinton ave ',
  's_city' => 'greenport',
  's_state' => 'NY',
  's_postcode' => '11944',
  's_country' => 'US',
  'email' => 'rocksea54@aol.com',
  's_tel' => '6314770669',
  'b_firstname' => 'Roxanne',
  'b_lastname' => 'bumble',
  'b_address' => '1480 washinton ave ',
  'b_city' => 'greenport',
  'b_state' => 'NY',
  'b_postcode' => '11944',
  'b_country' => 'US',
  'b_tel' => '6314770669',
) 
01:32:41 array (
  'siteno' => '193736180',
  'version' => '',
  'orderid' => '245150414003',
  'order_time' => '20150414013241',
  'lang' => 'en',
  'currency' => 'USD',
  'vat' => '4.50',
  'discount' => '0.00',
  'shippingfee' => '44.00',
  'productname[0]' => 'Canadiens #31 Carey Price Stitched Red New CH NHL Jersey
 Size:XL(52)',
  'productno[0]' => 'NHL12200',
  'price[0]' => '33.00',
  'qty[0]' => 1,
  'productname[1]' => 'Canadiens #76 PK Subban Stitched White Heritage Classic Style NHL Jersey
 Size:XL(52)',
  'productno[1]' => 'NHL12225',
  'price[1]' => '33.00',
  'qty[1]' => 1,
  'productname[2]' => 'NHL Jersey Montreal Canadiens 31 Carey Price Stitched White NHL Jersey Jersey  Men Stitched 2015 Winter Classic Stitched NHL Jersey
 Size:XL(52)',
  'productno[2]' => 'NHL2015019732',
  'price[2]' => '36.80',
  'qty[2]' => 1,
  'checkcode' => '2ebf53ffd7790f0bb85bbc1addbf7f05',
  'backurl' => 'http://www.outlet-jersey.com/index.php?main_page=checkout_process',
  'notifyreurl' => 'http://www.outlet-jersey.com/mallpay_check.php',
  's_firstname' => 'Roxanne',
  's_lastname' => 'bumble',
  's_address' => '1480 washinton ave ',
  's_city' => 'greenport',
  's_state' => 'NY',
  's_postcode' => '11944',
  's_country' => 'US',
  'email' => 'rocksea54@aol.com',
  's_tel' => '6314770669',
  'b_firstname' => 'Roxanne',
  'b_lastname' => 'bumble',
  'b_address' => '1480 washinton ave ',
  'b_city' => 'greenport',
  'b_state' => 'NY',
  'b_postcode' => '11944',
  'b_country' => 'US',
  'b_tel' => '6314770669',
) 
01:39:55 array (
  'siteno' => '193736180',
  'version' => '',
  'orderid' => '245150414004',
  'order_time' => '20150414013955',
  'lang' => 'en',
  'currency' => 'USD',
  'vat' => '4.50',
  'discount' => '0.00',
  'shippingfee' => '44.00',
  'productname[0]' => 'Canadiens #31 Carey Price Stitched Red New CH NHL Jersey
 Size:XL(52)',
  'productno[0]' => 'NHL12200',
  'price[0]' => '33.00',
  'qty[0]' => 1,
  'productname[1]' => 'Canadiens #76 PK Subban Stitched White Heritage Classic Style NHL Jersey
 Size:XL(52)',
  'productno[1]' => 'NHL12225',
  'price[1]' => '33.00',
  'qty[1]' => 1,
  'productname[2]' => 'NHL Jersey Montreal Canadiens 31 Carey Price Stitched White NHL Jersey Jersey  Men Stitched 2015 Winter Classic Stitched NHL Jersey
 Size:XL(52)',
  'productno[2]' => 'NHL2015019732',
  'price[2]' => '36.80',
  'qty[2]' => 1,
  'checkcode' => 'bd8a7dc1690de3ff212cd2a601bc02b1',
  'backurl' => 'http://www.outlet-jersey.com/index.php?main_page=checkout_process',
  'notifyreurl' => 'http://www.outlet-jersey.com/mallpay_check.php',
  's_firstname' => 'Roxanne',
  's_lastname' => 'bumble',
  's_address' => '1480 washinton ave ',
  's_city' => 'greenport',
  's_state' => 'NY',
  's_postcode' => '11944',
  's_country' => 'US',
  'email' => 'rocksea54@aol.com',
  's_tel' => '6314770669',
  'b_firstname' => 'Roxanne',
  'b_lastname' => 'bumble',
  'b_address' => '1480 washinton ave ',
  'b_city' => 'greenport',
  'b_state' => 'NY',
  'b_postcode' => '11944',
  'b_country' => 'US',
  'b_tel' => '6314770669',
) 
04:30:01 array (
  'siteno' => '193736180',
  'version' => '',
  'orderid' => '245150414011',
  'order_time' => '20150414043001',
  'lang' => 'en',
  'currency' => 'USD',
  'vat' => '15.00',
  'discount' => '0.00',
  'shippingfee' => '85.00',
  'productname[0]' => 'Dallas Stars #91 Tyler Seguin Green Home NHL Jersey
 Size:M(48)',
  'productno[0]' => 'NHL11759',
  'price[0]' => '33.00',
  'qty[0]' => 1,
  'productname[1]' => 'Dallas Stars #91 Tyler Seguin Green Home NHL Jersey
 Size:XXL(54)',
  'productno[1]' => 'NHL11759',
  'price[1]' => '33.00',
  'qty[1]' => 2,
  'productname[2]' => 'Dallas Stars #14 Jamie Benn Green Home NHL Jersey
 Size:M(48)',
  'productno[2]' => 'NHL11746',
  'price[2]' => '33.00',
  'qty[2]' => 1,
  'productname[3]' => 'Dallas Stars #14 Jamie Benn Green Home NHL Jersey
 Size:L(50)',
  'productno[3]' => 'NHL11746',
  'price[3]' => '33.00',
  'qty[3]' => 2,
  'productname[4]' => 'Dallas Stars #14 Jamie Benn Green Home NHL Jersey
 Size:XXL(54)',
  'productno[4]' => 'NHL11746',
  'price[4]' => '33.00',
  'qty[4]' => 1,
  'productname[5]' => 'Dallas Stars #91 Tyler Seguin Green Home NHL Jersey
 Size:L(50)',
  'productno[5]' => 'NHL11759',
  'price[5]' => '33.00',
  'qty[5]' => 2,
  'productname[6]' => 'Dallas Stars #43 Valeri Nichushkin Green Home NHL Jersey
 Size:L(50)',
  'productno[6]' => 'NHL11750',
  'price[6]' => '33.00',
  'qty[6]' => 1,
  'checkcode' => '33d3c637c41ed40a8cd6c1df91a5f6f9',
  'backurl' => 'http://www.outlet-jersey.com/index.php?main_page=checkout_process',
  'notifyreurl' => 'http://www.outlet-jersey.com/mallpay_check.php',
  's_firstname' => 'Susan',
  's_lastname' => 'Judd',
  's_address' => '5840 Spring Valley #1010 ',
  's_city' => 'Dallas',
  's_state' => 'TX',
  's_postcode' => '75254',
  's_country' => 'US',
  'email' => 'Susan.judd@concentrix.com',
  's_tel' => '214-676-2772',
  'b_firstname' => 'Susan',
  'b_lastname' => 'Judd',
  'b_address' => '5840 Spring Valley #1010 ',
  'b_city' => 'Dallas',
  'b_state' => 'TX',
  'b_postcode' => '75254',
  'b_country' => 'US',
  'b_tel' => '214-676-2772',
) 
13:38:30 array (
  'siteno' => '193736180',
  'version' => '',
  'orderid' => '245150414044',
  'order_time' => '20150414133830',
  'lang' => 'en',
  'currency' => 'USD',
  'vat' => '3.00',
  'discount' => '0.00',
  'shippingfee' => '36.00',
  'productname[0]' => 'NHL Jacket-008
 Size:M(48)',
  'productno[0]' => 'NHL12521',
  'price[0]' => '68.00',
  'qty[0]' => 1,
  'productname[1]' => 'NHL Jacket-008
 Size:XL(52)',
  'productno[1]' => 'NHL12521',
  'price[1]' => '68.00',
  'qty[1]' => 1,
  'checkcode' => '7e8262715a6d57457382165c3b696dad',
  'backurl' => 'http://www.outlet-jersey.com/index.php?main_page=checkout_process',
  'notifyreurl' => 'http://www.outlet-jersey.com/mallpay_check.php',
  's_firstname' => 'Kathleen',
  's_lastname' => 'groner',
  's_address' => '14661 lydia ',
  's_city' => 'EASTPOINTE',
  's_state' => 'MI',
  's_postcode' => '48021',
  's_country' => 'US',
  'email' => 'kg1hockeyfan@aol.com',
  's_tel' => '586)943-8393',
  'b_firstname' => 'Kathleen',
  'b_lastname' => 'groner',
  'b_address' => '14661 lydia ',
  'b_city' => 'EASTPOINTE',
  'b_state' => 'MI',
  'b_postcode' => '48021',
  'b_country' => 'US',
  'b_tel' => '586)943-8393',
) 
