01:19:26 array (
  'siteno' => '193736180',
  'version' => '',
  'orderid' => '245150326009',
  'order_time' => '20150326011926',
  'lang' => 'en',
  'currency' => 'USD',
  'vat' => '4.00',
  'discount' => '0.00',
  'shippingfee' => '25.00',
  'productname[0]' => 'NHL Jersey Chicago Blackhawks 19 Toews green  Men Stitched Charcoal Cross Check Fashion Jersey
 Size:L(50)',
  'productno[0]' => 'NHL2015019523',
  'price[0]' => '36.70',
  'qty[0]' => 1,
  'checkcode' => '01d346eebde3c82b69652d377f21e0ef',
  'backurl' => 'http://www.outlet-jersey.com/index.php?main_page=checkout_process',
  'notifyreurl' => 'http://www.outlet-jersey.com/mallpay_check.php',
  's_firstname' => 'Katelynn',
  's_lastname' => 'Everson',
  's_address' => '475 Autumn Blvd Apartment #303 ',
  's_city' => 'Lakemoor',
  's_state' => 'IL',
  's_postcode' => '60051',
  's_country' => 'US',
  'email' => 'kate07sr@yahoo.com',
  's_tel' => '8478947941',
  'b_firstname' => 'Katelynn',
  'b_lastname' => 'Everson',
  'b_address' => '475 Autumn Blvd Apartment #303 ',
  'b_city' => 'Lakemoor',
  'b_state' => 'IL',
  'b_postcode' => '60051',
  'b_country' => 'US',
  'b_tel' => '8478947941',
) 
11:02:53 array (
  'siteno' => '193736180',
  'version' => '',
  'orderid' => '245150326037',
  'order_time' => '20150326110253',
  'lang' => 'en',
  'currency' => 'USD',
  'vat' => '4.00',
  'discount' => '0.00',
  'shippingfee' => '25.00',
  'productname[0]' => 'Detroit Red Wings #13 Pavel Datsyuk White Fashion Stitched NHL Jersey
 Size:XL(52)',
  'productno[0]' => 'NHL11787',
  'price[0]' => '34.00',
  'qty[0]' => 1,
  'checkcode' => 'b6557c0d4ea1ffdc247a7c136af7a700',
  'backurl' => 'http://www.outlet-jersey.com/index.php?main_page=checkout_process',
  'notifyreurl' => 'http://www.outlet-jersey.com/mallpay_check.php',
  's_firstname' => 'James',
  's_lastname' => 'Wright',
  's_address' => '2378 County Road 68 Lot C1 ',
  's_city' => 'Dothan',
  's_state' => 'AL',
  's_postcode' => '36305',
  's_country' => 'US',
  'email' => 'rhondajames22@yahoo.com',
  's_tel' => '334-379-1407',
  'b_firstname' => 'James',
  'b_lastname' => 'Wright',
  'b_address' => '2378 County Road 68 Lot C1 ',
  'b_city' => 'Dothan',
  'b_state' => 'AL',
  'b_postcode' => '36305',
  'b_country' => 'US',
  'b_tel' => '334-379-1407',
) 
11:05:04 array (
  'siteno' => '193736180',
  'version' => '',
  'orderid' => '245150326038',
  'order_time' => '20150326110504',
  'lang' => 'en',
  'currency' => 'USD',
  'vat' => '4.00',
  'discount' => '0.00',
  'shippingfee' => '25.00',
  'productname[0]' => 'Detroit Red Wings #13 Pavel Datsyuk White Fashion Stitched NHL Jersey
 Size:XL(52)',
  'productno[0]' => 'NHL11787',
  'price[0]' => '34.00',
  'qty[0]' => 1,
  'checkcode' => 'b3de0aa31f31c9c9d0a6f8f0d069a222',
  'backurl' => 'http://www.outlet-jersey.com/index.php?main_page=checkout_process',
  'notifyreurl' => 'http://www.outlet-jersey.com/mallpay_check.php',
  's_firstname' => 'James',
  's_lastname' => 'Wright',
  's_address' => '2378 County Road 68 Lot C1 ',
  's_city' => 'Dothan',
  's_state' => 'AL',
  's_postcode' => '36305',
  's_country' => 'US',
  'email' => 'rhondajames22@yahoo.com',
  's_tel' => '334-379-1407',
  'b_firstname' => 'James',
  'b_lastname' => 'Wright',
  'b_address' => '2378 County Road 68 Lot C1 ',
  'b_city' => 'Dothan',
  'b_state' => 'AL',
  'b_postcode' => '36305',
  'b_country' => 'US',
  'b_tel' => '334-379-1407',
) 
21:37:46 array (
  'siteno' => '193736180',
  'version' => '',
  'orderid' => '245150326057',
  'order_time' => '20150326213746',
  'lang' => 'en',
  'currency' => 'USD',
  'vat' => '12.00',
  'discount' => '0.00',
  'shippingfee' => '20.00',
  'productname[0]' => 'Blackhawks #88 Patrick Kane Stitched Red NHL Jersey
 Size:M(48)',
  'productno[0]' => 'NHL11495',
  'price[0]' => '33.00',
  'qty[0]' => 1,
  'productname[1]' => 'Blackhawks #88 Patrick Kane Stitched Red NHL Jersey
 Size:XXL(54)',
  'productno[1]' => 'NHL11495',
  'price[1]' => '33.00',
  'qty[1]' => 1,
  'productname[2]' => 'Blackhawks #35 Tony Esposito Stitched Red NHL Jersey
 Size:XL(52)',
  'productno[2]' => 'NHL11344',
  'price[2]' => '33.00',
  'qty[2]' => 1,
  'checkcode' => '31d5e157a9f6a6e2661644925acb5555',
  'backurl' => 'http://www.outlet-jersey.com/index.php?main_page=checkout_process',
  'notifyreurl' => 'http://www.outlet-jersey.com/mallpay_check.php',
  's_firstname' => 'Renee',
  's_lastname' => 'Medernach',
  's_address' => '365 Brittany Court Apt. E ',
  's_city' => 'Geneva',
  's_state' => 'IL',
  's_postcode' => '60134',
  's_country' => 'US',
  'email' => 'jar8raj@att.net',
  's_tel' => '630-818-0599',
  'b_firstname' => 'Renee',
  'b_lastname' => 'Medernach',
  'b_address' => '365 Brittany Court Apt. E ',
  'b_city' => 'Geneva',
  'b_state' => 'IL',
  'b_postcode' => '60134',
  'b_country' => 'US',
  'b_tel' => '630-818-0599',
) 
