05:41:58 array (
  'siteno' => '193736180',
  'version' => '',
  'orderid' => '245150406010',
  'order_time' => '20150406054158',
  'lang' => 'en',
  'currency' => 'USD',
  'vat' => '4.00',
  'discount' => '0.00',
  'shippingfee' => '28.00',
  'productname[0]' => 'Dallas Stars #14 Jamie Benn New White NHL Jersey
 Size:XXXL(56)',
  'productno[0]' => 'NHL11747',
  'price[0]' => '33.00',
  'qty[0]' => 1,
  'checkcode' => '2204bb53bfa82917469f54351d746905',
  'backurl' => 'http://www.outlet-jersey.com/index.php?main_page=checkout_process',
  'notifyreurl' => 'http://www.outlet-jersey.com/mallpay_check.php',
  's_firstname' => 'Lelia',
  's_lastname' => 'Lee',
  's_address' => '112 Kirk Circle ',
  's_city' => 'Flora',
  's_state' => 'MS',
  's_postcode' => '39071',
  's_country' => 'US',
  'email' => 'lelialee1969@gmail.com',
  's_tel' => '6014152017',
  'b_firstname' => 'Lelia',
  'b_lastname' => 'Lee',
  'b_address' => '112 Kirk Circle ',
  'b_city' => 'Flora',
  'b_state' => 'MS',
  'b_postcode' => '39071',
  'b_country' => 'US',
  'b_tel' => '6014152017',
) 
06:09:14 array (
  'siteno' => '193736180',
  'version' => '',
  'orderid' => '245150406013',
  'order_time' => '20150406060914',
  'lang' => 'en',
  'currency' => 'USD',
  'vat' => '8.00',
  'discount' => '0.00',
  'shippingfee' => '36.00',
  'productname[0]' => 'Rangers #20 Chris Kreider White Road Stitched NHL Jersey
 Size:XL(52)',
  'productno[0]' => 'NHL12465',
  'price[0]' => '33.00',
  'qty[0]' => 1,
  'productname[1]' => 'New York Rangers #36 Mats Zuccarello Blue Home NHL Jersey
 Size:L(50)',
  'productno[1]' => 'NHL12411',
  'price[1]' => '33.00',
  'qty[1]' => 1,
  'checkcode' => 'b976dd24e3e1fc839690f0def4650822',
  'backurl' => 'http://www.outlet-jersey.com/index.php?main_page=checkout_process',
  'notifyreurl' => 'http://www.outlet-jersey.com/mallpay_check.php',
  's_firstname' => 'James',
  's_lastname' => 'Burke',
  's_address' => '2802 john roe smith ave. ',
  's_city' => 'Medforrd',
  's_state' => 'NY',
  's_postcode' => '11763',
  's_country' => 'US',
  'email' => 'Baseheat@yahoo.com',
  's_tel' => '631-654-4210',
  'b_firstname' => 'James',
  'b_lastname' => 'Burke',
  'b_address' => '2802 john roe smith ave. ',
  'b_city' => 'Medforrd',
  'b_state' => 'NY',
  'b_postcode' => '11763',
  'b_country' => 'US',
  'b_tel' => '631-654-4210',
) 
06:13:00 array (
  'siteno' => '193736180',
  'version' => '',
  'orderid' => '245150406014',
  'order_time' => '20150406061300',
  'lang' => 'en',
  'currency' => 'USD',
  'vat' => '8.00',
  'discount' => '0.00',
  'shippingfee' => '36.00',
  'productname[0]' => 'Rangers #20 Chris Kreider White Road Stitched NHL Jersey
 Size:XL(52)',
  'productno[0]' => 'NHL12465',
  'price[0]' => '33.00',
  'qty[0]' => 1,
  'productname[1]' => 'New York Rangers #36 Mats Zuccarello Blue Home NHL Jersey
 Size:L(50)',
  'productno[1]' => 'NHL12411',
  'price[1]' => '33.00',
  'qty[1]' => 1,
  'checkcode' => '40748caedeff26b65d4718179295ed57',
  'backurl' => 'http://www.outlet-jersey.com/index.php?main_page=checkout_process',
  'notifyreurl' => 'http://www.outlet-jersey.com/mallpay_check.php',
  's_firstname' => 'James',
  's_lastname' => 'Burke',
  's_address' => '2802 john roe smith ave. ',
  's_city' => 'Medforrd',
  's_state' => 'NY',
  's_postcode' => '11763',
  's_country' => 'US',
  'email' => 'Baseheat@yahoo.com',
  's_tel' => '631-654-4210',
  'b_firstname' => 'James',
  'b_lastname' => 'Burke',
  'b_address' => '2802 john roe smith ave. ',
  'b_city' => 'Medforrd',
  'b_state' => 'NY',
  'b_postcode' => '11763',
  'b_country' => 'US',
  'b_tel' => '631-654-4210',
) 
06:28:19 array (
  'siteno' => '193736180',
  'version' => '',
  'orderid' => '245150406015',
  'order_time' => '20150406062819',
  'lang' => 'en',
  'currency' => 'USD',
  'vat' => '8.00',
  'discount' => '0.00',
  'shippingfee' => '53.00',
  'productname[0]' => 'Dallas Stars #14 Jamie Benn New White NHL Jersey
 Size:XL(52)',
  'productno[0]' => 'NHL11747',
  'price[0]' => '33.00',
  'qty[0]' => 1,
  'productname[1]' => 'Cubs Blank White Cool Base Stitched Baseball Jersey
 Size:Extra Large/52',
  'productno[1]' => 'MLB10854',
  'price[1]' => '18.50',
  'qty[1]' => 1,
  'checkcode' => '801580d51da269c808e16281167740c8',
  'backurl' => 'http://www.outlet-jersey.com/index.php?main_page=checkout_process',
  'notifyreurl' => 'http://www.outlet-jersey.com/mallpay_check.php',
  's_firstname' => 'Dave',
  's_lastname' => 'Dittman',
  's_address' => '2928 Knollwood Dr ',
  's_city' => 'Plano',
  's_state' => 'TX',
  's_postcode' => '75075',
  's_country' => 'US',
  'email' => 'Ddittman1@verizon.net',
  's_tel' => '9726122428',
  'b_firstname' => 'Dave',
  'b_lastname' => 'Dittman',
  'b_address' => '2928 Knollwood Dr ',
  'b_city' => 'Plano',
  'b_state' => 'TX',
  'b_postcode' => '75075',
  'b_country' => 'US',
  'b_tel' => '9726122428',
) 
07:55:53 array (
  'siteno' => '193736180',
  'version' => '',
  'orderid' => '245150406018',
  'order_time' => '20150406075553',
  'lang' => 'en',
  'currency' => 'USD',
  'vat' => '4.00',
  'discount' => '0.00',
  'shippingfee' => '25.00',
  'productname[0]' => 'Red Wings #19 Steve Yzerman Red 2014 Winter Classic Stitched NHL Jersey
 Size:XXL(54)',
  'productno[0]' => 'NHL11811',
  'price[0]' => '33.00',
  'qty[0]' => 1,
  'checkcode' => 'e237f075db639f11f1767c40d1c47ca7',
  'backurl' => 'http://www.outlet-jersey.com/index.php?main_page=checkout_process',
  'notifyreurl' => 'http://www.outlet-jersey.com/mallpay_check.php',
  's_firstname' => 'mike',
  's_lastname' => 'wysocki',
  's_address' => '3582 South Richfield Circle ',
  's_city' => 'Aurora',
  's_state' => 'AZ',
  's_postcode' => '80013',
  's_country' => 'US',
  'email' => 'deborahkaner@gmail.com',
  's_tel' => '602-859-0353',
  'b_firstname' => 'deborah',
  'b_lastname' => 'kaner',
  'b_address' => '26634 north 45th street ',
  'b_city' => 'cave creek',
  'b_state' => 'AZ',
  'b_postcode' => '85331',
  'b_country' => 'US',
  'b_tel' => '602-859-0353',
) 
09:22:12 array (
  'siteno' => '193736180',
  'version' => '',
  'orderid' => '245150406022',
  'order_time' => '20150406092212',
  'lang' => 'en',
  'currency' => 'USD',
  'vat' => '4.00',
  'discount' => '0.00',
  'shippingfee' => '28.00',
  'productname[0]' => 'Rangers #30 Henrik Lundqvist Stitched Blue NHL Jersey
 Size:M(48)',
  'productno[0]' => 'NHL12484',
  'price[0]' => '33.00',
  'qty[0]' => 1,
  'checkcode' => '7e96d4ce2b27de3b9c9a8ebc13bfaf79',
  'backurl' => 'http://www.outlet-jersey.com/index.php?main_page=checkout_process',
  'notifyreurl' => 'http://www.outlet-jersey.com/mallpay_check.php',
  's_firstname' => 'Sean',
  's_lastname' => 'Carlin',
  's_address' => '2245 Brightmoor Court ',
  's_city' => 'Richmond',
  's_state' => 'VA',
  's_postcode' => '23238',
  's_country' => 'US',
  'email' => 'carlinsp24@gmail.com',
  's_tel' => '804-677-9796',
  'b_firstname' => 'Sean',
  'b_lastname' => 'Carlin',
  'b_address' => '2245 Brightmoor Court ',
  'b_city' => 'Richmond',
  'b_state' => 'VA',
  'b_postcode' => '23238',
  'b_country' => 'US',
  'b_tel' => '804-677-9796',
) 
09:54:07 array (
  'siteno' => '193736180',
  'version' => '',
  'orderid' => '245150406028',
  'order_time' => '20150406095407',
  'lang' => 'en',
  'currency' => 'USD',
  'vat' => '3.00',
  'discount' => '0.00',
  'shippingfee' => '36.00',
  'productname[0]' => 'Dallas Stars #91 Tyler Seguin Green Home NHL Jersey
 Size:L(50)',
  'productno[0]' => 'NHL11759',
  'price[0]' => '33.00',
  'qty[0]' => 1,
  'productname[1]' => 'Dallas Stars #14 Jamie Benn Green Home NHL Jersey
 Size:L(50)',
  'productno[1]' => 'NHL11746',
  'price[1]' => '33.00',
  'qty[1]' => 1,
  'checkcode' => '73189a8c35e5c6f2dfd79aa1f9dc35c0',
  'backurl' => 'http://www.outlet-jersey.com/index.php?main_page=checkout_process',
  'notifyreurl' => 'http://www.outlet-jersey.com/mallpay_check.php',
  's_firstname' => 'Michael',
  's_lastname' => 'Johnson',
  's_address' => '4033 glenbrook dr ',
  's_city' => 'arlington',
  's_state' => 'TX',
  's_postcode' => '76015',
  's_country' => 'US',
  'email' => 'mikej.tx@gmail.com',
  's_tel' => '8176909523',
  'b_firstname' => 'Michael',
  'b_lastname' => 'Johnson',
  'b_address' => '4033 glenbrook dr ',
  'b_city' => 'arlington',
  'b_state' => 'TX',
  'b_postcode' => '76015',
  'b_country' => 'US',
  'b_tel' => '8176909523',
) 
10:01:14 array (
  'siteno' => '193736180',
  'version' => '',
  'orderid' => '245150406029',
  'order_time' => '20150406100114',
  'lang' => 'en',
  'currency' => 'USD',
  'vat' => '1.50',
  'discount' => '0.00',
  'shippingfee' => '28.00',
  'productname[0]' => 'NHL Jersey Blackhawks 81 Marian Hossa Mens Stitched Red Fights Cancer Hockey Jersey  Men Stitched Fights Cancer Stitched Hockey Jersey
 Size:L(50)',
  'productno[0]' => 'NHL2015019473',
  'price[0]' => '36.50',
  'qty[0]' => 1,
  'checkcode' => 'f58a5c74b61e7d75a0fd9d1260bdabc7',
  'backurl' => 'http://www.outlet-jersey.com/index.php?main_page=checkout_process',
  'notifyreurl' => 'http://www.outlet-jersey.com/mallpay_check.php',
  's_firstname' => 'Mark J.',
  's_lastname' => 'Kokot',
  's_address' => '3904 North Newcastle Avenue ',
  's_city' => 'Chicago',
  's_state' => 'IL',
  's_postcode' => '60634',
  's_country' => 'US',
  'email' => 'mjkokot10@gmail.com',
  's_tel' => '7739344146',
  'b_firstname' => 'Mark J.',
  'b_lastname' => 'Kokot',
  'b_address' => '3904 North Newcastle Avenue ',
  'b_city' => 'Chicago',
  'b_state' => 'IL',
  'b_postcode' => '60634',
  'b_country' => 'US',
  'b_tel' => '7739344146',
) 
22:02:20 array (
  'siteno' => '193736180',
  'version' => '',
  'orderid' => '245150406040',
  'order_time' => '20150406220220',
  'lang' => 'en',
  'currency' => 'USD',
  'vat' => '3.00',
  'discount' => '0.00',
  'shippingfee' => '36.00',
  'productname[0]' => 'Dallas Stars #91 Tyler Seguin Green Home NHL Jersey
 Size:XXXL(56)',
  'productno[0]' => 'NHL11759',
  'price[0]' => '33.00',
  'qty[0]' => 2,
  'checkcode' => '0bb0db96eb40be67bceb735ba2387c25',
  'backurl' => 'http://www.outlet-jersey.com/index.php?main_page=checkout_process',
  'notifyreurl' => 'http://www.outlet-jersey.com/mallpay_check.php',
  's_firstname' => 'James',
  's_lastname' => 'Lewis',
  's_address' => 'Po box 1622 ',
  's_city' => 'Van Alstyne',
  's_state' => 'TX',
  's_postcode' => '75496',
  's_country' => 'US',
  'email' => 'Jrlewis1995@yahoo.com',
  's_tel' => '903-267-5595',
  'b_firstname' => 'James',
  'b_lastname' => 'Lewis',
  'b_address' => 'Po box 1622 ',
  'b_city' => 'Van Alstyne',
  'b_state' => 'TX',
  'b_postcode' => '75496',
  'b_country' => 'US',
  'b_tel' => '903-267-5595',
) 
