04:03:25 array (
  'siteno' => '193736180',
  'version' => '',
  'orderid' => '245150324008',
  'order_time' => '20150324040325',
  'lang' => 'en',
  'currency' => 'USD',
  'vat' => '4.00',
  'discount' => '0.00',
  'shippingfee' => '25.00',
  'productname[0]' => 'Red Wings #19 Steve Yzerman Red All Star CCM Throwback 75TH Stitched NHL Jersey
 Size:M(48)',
  'productno[0]' => 'NHL11812',
  'price[0]' => '33.00',
  'qty[0]' => 1,
  'checkcode' => 'f75cc0a10de0af25adf306d4e0b363ac',
  'backurl' => 'http://www.outlet-jersey.com/index.php?main_page=checkout_process',
  'notifyreurl' => 'http://www.outlet-jersey.com/mallpay_check.php',
  's_firstname' => 'Josh',
  's_lastname' => 'Lowmaster',
  's_address' => '2025 E 84th St Apt 2A ',
  's_city' => 'Merrillville',
  's_state' => 'IN',
  's_postcode' => '46410',
  's_country' => 'US',
  'email' => 'deo.valente@gmail.com',
  's_tel' => '3173663991',
  'b_firstname' => 'Josh',
  'b_lastname' => 'Lowmaster',
  'b_address' => '2025 E 84th St Apt 2A ',
  'b_city' => 'Merrillville',
  'b_state' => 'IN',
  'b_postcode' => '46410',
  'b_country' => 'US',
  'b_tel' => '3173663991',
) 
05:49:03 array (
  'siteno' => '193736180',
  'version' => '',
  'orderid' => '245150324010',
  'order_time' => '20150324054903',
  'lang' => 'en',
  'currency' => 'USD',
  'vat' => '16.00',
  'discount' => '0.00',
  'shippingfee' => '20.00',
  'productname[0]' => 'Detroit Red Wings #13 Pavel Datsyuk Camo Veterans Day Practice NHL Jersey
 Size:L(50)',
  'productno[0]' => 'NHL11786',
  'price[0]' => '33.00',
  'qty[0]' => 1,
  'productname[1]' => 'Detroit Red Wings #13 Pavel Datsyuk Camo Veterans Day Practice NHL Jersey
 Size:XXL(54)',
  'productno[1]' => 'NHL11786',
  'price[1]' => '33.00',
  'qty[1]' => 1,
  'productname[2]' => 'Detroit Red Wings #40 Henrik Zetterberg Camo Veterans Day Practice NHL Jersey
 Size:XL(52)',
  'productno[2]' => 'NHL11789',
  'price[2]' => '33.00',
  'qty[2]' => 1,
  'productname[3]' => 'Red Wings #40 Henrik Zetterberg Red 2014 Winter Classic Stitched Youth NHL Jersey
 Size:Large/X Large',
  'productno[3]' => 'YOUTH4575',
  'price[3]' => '31.00',
  'qty[3]' => 1,
  'checkcode' => '4de18fd89508ffff2360b6881f0bfe85',
  'backurl' => 'http://www.outlet-jersey.com/index.php?main_page=checkout_process',
  'notifyreurl' => 'http://www.outlet-jersey.com/mallpay_check.php',
  's_firstname' => 'Ryan',
  's_lastname' => 'Amstutz',
  's_address' => '37 Saint Andrews ',
  's_city' => 'Temperance',
  's_state' => 'MI',
  's_postcode' => '488182',
  's_country' => 'US',
  'email' => 'ryanamstutz@gmail.com',
  's_tel' => '517-902-5262',
  'b_firstname' => 'Ryan',
  'b_lastname' => 'Amstutz',
  'b_address' => '37 Saint Andrews ',
  'b_city' => 'Temperance',
  'b_state' => 'MI',
  'b_postcode' => '488182',
  'b_country' => 'US',
  'b_tel' => '517-902-5262',
) 
07:53:15 array (
  'siteno' => '193736180',
  'version' => '',
  'orderid' => '245150324019',
  'order_time' => '20150324075315',
  'lang' => 'en',
  'currency' => 'USD',
  'vat' => '4.00',
  'discount' => '0.00',
  'shippingfee' => '25.00',
  'productname[0]' => 'Men\'s New York Rangers #27 Ryan McDonagh White Stitched NHL Hockey Jersey
 Size:52 (XL)',
  'productno[0]' => 'NHL13630',
  'price[0]' => '38.99',
  'qty[0]' => 1,
  'checkcode' => '16df77de085eec61870d4551592866d2',
  'backurl' => 'http://www.outlet-jersey.com/index.php?main_page=checkout_process',
  'notifyreurl' => 'http://www.outlet-jersey.com/mallpay_check.php',
  's_firstname' => 'Wayne',
  's_lastname' => 'Koppel',
  's_address' => '13234 west lakeview rd ',
  's_city' => 'Lakeside',
  's_state' => 'CO',
  's_postcode' => '92040',
  's_country' => 'US',
  'email' => 'Jrkoppel999@gmail.com',
  's_tel' => '6195817170',
  'b_firstname' => 'Joshua',
  'b_lastname' => 'Koppel',
  'b_address' => '2567 south Memphis way ',
  'b_city' => 'Aurora',
  'b_state' => 'CO',
  'b_postcode' => '80013',
  'b_country' => 'US',
  'b_tel' => '6195817170',
) 
08:47:16 array (
  'siteno' => '193736180',
  'version' => '',
  'orderid' => '245150324028',
  'order_time' => '20150324084716',
  'lang' => 'en',
  'currency' => 'USD',
  'vat' => '8.00',
  'discount' => '0.00',
  'shippingfee' => '20.00',
  'productname[0]' => 'NHL Jersey Detroit Red Wings 5  Men Stitched Charcoal Cross Check Fashion Jersey
 Size:XXL(54)',
  'productno[0]' => 'NHL2015019659',
  'price[0]' => '36.66',
  'qty[0]' => 1,
  'productname[1]' => 'Men\'s henrik zetterberg authentic black ice jersey reebok 40 NHL detroit red wings
 Size:54 (XXL)',
  'productno[1]' => 'NHL13620',
  'price[1]' => '38.99',
  'qty[1]' => 1,
  'checkcode' => 'bd0d4024472f5c2ce6aeed47eb934a4b',
  'backurl' => 'http://www.outlet-jersey.com/index.php?main_page=checkout_process',
  'notifyreurl' => 'http://www.outlet-jersey.com/mallpay_check.php',
  's_firstname' => 'Jeremy',
  's_lastname' => 'Wagner',
  's_address' => '3365 Knoll Rd ',
  's_city' => 'capac',
  's_state' => 'MI',
  's_postcode' => '48014',
  's_country' => 'US',
  'email' => 'znanoguy@hotmail.com',
  's_tel' => '810-395-7755',
  'b_firstname' => 'Jeremy',
  'b_lastname' => 'Wagner',
  'b_address' => '3365 Knoll Rd ',
  'b_city' => 'capac',
  'b_state' => 'MI',
  'b_postcode' => '48014',
  'b_country' => 'US',
  'b_tel' => '810-395-7755',
) 
09:10:20 array (
  'siteno' => '193736180',
  'version' => '',
  'orderid' => '245150324030',
  'order_time' => '20150324091020',
  'lang' => 'en',
  'currency' => 'USD',
  'vat' => '4.00',
  'discount' => '0.00',
  'shippingfee' => '25.00',
  'productname[0]' => 'Bruins Stanley Cup Finals Patch #40 Tuukka Rask Black Home Stitched NHL Jersey
 Size:XL(52)',
  'productno[0]' => 'NHL11060',
  'price[0]' => '33.00',
  'qty[0]' => 1,
  'checkcode' => '784344866b098ac7bd82ebfa73c7dbe5',
  'backurl' => 'http://www.outlet-jersey.com/index.php?main_page=checkout_process',
  'notifyreurl' => 'http://www.outlet-jersey.com/mallpay_check.php',
  's_firstname' => 'Cassandra',
  's_lastname' => 'Brooker',
  's_address' => '123 Elm St ',
  's_city' => 'Keene',
  's_state' => 'NH',
  's_postcode' => '03431',
  's_country' => 'US',
  'email' => 'cassandra2136@yahoo.com',
  's_tel' => '6038526954',
  'b_firstname' => 'Cassandra',
  'b_lastname' => 'Brooker',
  'b_address' => '123 Elm St ',
  'b_city' => 'Keene',
  'b_state' => 'NH',
  'b_postcode' => '03431',
  'b_country' => 'US',
  'b_tel' => '6038526954',
) 
11:30:23 array (
  'siteno' => '193736180',
  'version' => '',
  'orderid' => '245150324035',
  'order_time' => '20150324113023',
  'lang' => 'en',
  'currency' => 'USD',
  'vat' => '8.00',
  'discount' => '0.00',
  'shippingfee' => '20.00',
  'productname[0]' => 'Men\'s mark messier premier white jersey reebok 11 NHL new york rangers
 Size:52 (XL)',
  'productno[0]' => 'NHL13629',
  'price[0]' => '38.99',
  'qty[0]' => 1,
  'productname[1]' => 'Rangers #11 Mark Messier Stitched Blue NHL Jersey
 Size:XL(52)',
  'productno[1]' => 'NHL12433',
  'price[1]' => '33.00',
  'qty[1]' => 1,
  'checkcode' => 'fcbe9287e906a1835742e3db237ad366',
  'backurl' => 'http://www.outlet-jersey.com/index.php?main_page=checkout_process',
  'notifyreurl' => 'http://www.outlet-jersey.com/mallpay_check.php',
  's_firstname' => 'Michael',
  's_lastname' => 'Newcomer',
  's_address' => '328 S. Stewart Ave. ',
  's_city' => 'Norman',
  's_state' => 'OK',
  's_postcode' => '73071',
  's_country' => 'US',
  'email' => 'm.newcomer1219@gmail.com',
  's_tel' => '4056413997',
  'b_firstname' => 'Michael',
  'b_lastname' => 'Newcomer',
  'b_address' => '328 S. Stewart Ave. ',
  'b_city' => 'Norman',
  'b_state' => 'OK',
  'b_postcode' => '73071',
  'b_country' => 'US',
  'b_tel' => '4056413997',
) 
11:43:13 array (
  'siteno' => '193736180',
  'version' => '',
  'orderid' => '245150324038',
  'order_time' => '20150324114313',
  'lang' => 'en',
  'currency' => 'USD',
  'vat' => '4.00',
  'discount' => '0.00',
  'shippingfee' => '25.00',
  'productname[0]' => 'Patriots #87 Rob Gronkowski Red 2012 Pro Bowl Stitched NFL Jersey
 Size:XXX Large/56',
  'productno[0]' => 'NFL10014',
  'price[0]' => '20.00',
  'qty[0]' => 1,
  'checkcode' => 'bbd2225834dde74af794c11ae517a43c',
  'backurl' => 'http://www.outlet-jersey.com/index.php?main_page=checkout_process',
  'notifyreurl' => 'http://www.outlet-jersey.com/mallpay_check.php',
  's_firstname' => 'Tiara',
  's_lastname' => 'Williams',
  's_address' => '2840 Highlands Blvd ',
  's_city' => 'Spring Valley',
  's_state' => 'CA',
  's_postcode' => '91977',
  's_country' => 'US',
  'email' => 'Oceanmist10@msn.com',
  's_tel' => '619-7799082',
  'b_firstname' => 'Tiara',
  'b_lastname' => 'Williams',
  'b_address' => '2840 Highlands Blvd ',
  'b_city' => 'Spring Valley',
  'b_state' => 'CA',
  'b_postcode' => '91977',
  'b_country' => 'US',
  'b_tel' => '619-7799082',
) 
11:46:10 array (
  'siteno' => '193736180',
  'version' => '',
  'orderid' => '245150324040',
  'order_time' => '20150324114610',
  'lang' => 'en',
  'currency' => 'USD',
  'vat' => '4.00',
  'discount' => '0.00',
  'shippingfee' => '25.00',
  'productname[0]' => 'Patriots #87 Rob Gronkowski Red 2012 Pro Bowl Stitched NFL Jersey
 Size:XXX Large/56',
  'productno[0]' => 'NFL10014',
  'price[0]' => '20.00',
  'qty[0]' => 1,
  'checkcode' => 'b0c4f289276e1718b7f9f4c9cb26e4a3',
  'backurl' => 'http://www.outlet-jersey.com/index.php?main_page=checkout_process',
  'notifyreurl' => 'http://www.outlet-jersey.com/mallpay_check.php',
  's_firstname' => 'Tiara',
  's_lastname' => 'Williams',
  's_address' => '2840 Highlands Blvd ',
  's_city' => 'Spring Valley',
  's_state' => 'CA',
  's_postcode' => '91977',
  's_country' => 'US',
  'email' => 'Oceanmist10@msn.com',
  's_tel' => '619-7799082',
  'b_firstname' => 'Tiara',
  'b_lastname' => 'Williams',
  'b_address' => '2840 Highlands Blvd ',
  'b_city' => 'Spring Valley',
  'b_state' => 'CA',
  'b_postcode' => '91977',
  'b_country' => 'US',
  'b_tel' => '619-7799082',
) 
13:27:21 array (
  'siteno' => '193736180',
  'version' => '',
  'orderid' => '245150324043',
  'order_time' => '20150324132721',
  'lang' => 'en',
  'currency' => 'USD',
  'vat' => '8.00',
  'discount' => '0.00',
  'shippingfee' => '20.00',
  'productname[0]' => 'Rangers #20 Chris Kreider Blue Home Stitched NHL Jersey
 Size:M(48)',
  'productno[0]' => 'NHL12463',
  'price[0]' => '33.00',
  'qty[0]' => 1,
  'productname[1]' => 'NEW Jets #87 Eric Decker White NFL Limited Jersey
 Size:M',
  'productno[1]' => 'NFL23226',
  'price[1]' => '21.50',
  'qty[1]' => 1,
  'checkcode' => 'c4146d6bf3973a69f24c5557be42b670',
  'backurl' => 'http://www.outlet-jersey.com/index.php?main_page=checkout_process',
  'notifyreurl' => 'http://www.outlet-jersey.com/mallpay_check.php',
  's_firstname' => 'Sean',
  's_lastname' => 'conway',
  's_address' => '285 Myers corners rd ',
  's_city' => 'Wappingers falls',
  's_state' => 'NY',
  's_postcode' => '12590',
  's_country' => 'US',
  'email' => 'sean.conway.01@gmail.com',
  's_tel' => '8454531812',
  'b_firstname' => 'Sean',
  'b_lastname' => 'conway',
  'b_address' => '285 Myers corners rd ',
  'b_city' => 'Wappingers falls',
  'b_state' => 'NY',
  'b_postcode' => '12590',
  'b_country' => 'US',
  'b_tel' => '8454531812',
) 
15:38:18 array (
  'siteno' => '193736180',
  'version' => '',
  'orderid' => '245150324043',
  'order_time' => '20150324153818',
  'lang' => 'en',
  'currency' => 'USD',
  'vat' => '40.00',
  'discount' => '0.00',
  'shippingfee' => '0.00',
  'productname[0]' => 'Men\'s john tavares authentic green jersey reebok 91 NHL new york islanders
 Size:56 (XXXL)',
  'productno[0]' => 'NHL13624',
  'price[0]' => '38.99',
  'qty[0]' => 1,
  'productname[1]' => 'New York Islanders #91 John Tavares Black Third NHL Jersey
 Size:XXXL(56)',
  'productno[1]' => 'NHL12395',
  'price[1]' => '34.00',
  'qty[1]' => 1,
  'productname[2]' => 'Kings #8 Drew Doughty Men\'s Stitched White/Grey 2015 Stadium Series Hockey Jersey
 Size:XXXL(56)',
  'productno[2]' => 'JE1731112',
  'price[2]' => '36.50',
  'qty[2]' => 1,
  'productname[3]' => 'New York Yankees #2 Derek Jeter Red Navy American League 2014 All Star BP Stitched Baseball Jersey
 Size:M(48)',
  'productno[3]' => 'MLB12615',
  'price[3]' => '18.50',
  'qty[3]' => 1,
  'productname[4]' => 'NHL Hartford Whalers Hap ',
  'productno[4]' => 'HAT13933',
  'price[4]' => '9.90',
  'qty[4]' => 1,
  'productname[5]' => 'NBA Washington Wizards  Hap ',
  'productno[5]' => 'HAT13815',
  'price[5]' => '9.90',
  'qty[5]' => 1,
  'productname[6]' => 'Cardinals #4 Yadier Molina Cream Alternate Cool Base Stitched Baseball Jersey
 Size:XX Large/54',
  'productno[6]' => 'MLB13494',
  'price[6]' => '18.50',
  'qty[6]' => 1,
  'productname[7]' => 'New York Mets 33 Matt Harvey 2013 All-Star Patch Cool Base Blue Signed Jersey
 Size:54(XXL)',
  'productno[7]' => 'MLB12548',
  'price[7]' => '21.00',
  'qty[7]' => 1,
  'productname[8]' => 'NFL Oakland RaidersSnapback 4 Hap ',
  'productno[8]' => 'HAT13897',
  'price[8]' => '9.90',
  'qty[8]' => 1,
  'productname[9]' => '2015 NBA Hat 83',
  'productno[9]' => 'HAT13543',
  'price[9]' => '9.90',
  'qty[9]' => 1,
  'checkcode' => 'c4146d6bf3973a69f24c5557be42b670',
  'backurl' => 'http://www.outlet-jersey.com/index.php?main_page=checkout_process',
  'notifyreurl' => 'http://www.outlet-jersey.com/mallpay_check.php',
  's_firstname' => 'john',
  's_lastname' => 'brady',
  's_address' => '102 boatside court ',
  's_city' => 'dardenne prarie',
  's_state' => 'MO',
  's_postcode' => '63368',
  's_country' => 'US',
  'email' => 'tystjude6499@aol.com',
  's_tel' => '6362945257',
  'b_firstname' => 'john',
  'b_lastname' => 'brady',
  'b_address' => '102 boatside court ',
  'b_city' => 'dardenne prarie',
  'b_state' => 'MO',
  'b_postcode' => '63368',
  'b_country' => 'US',
  'b_tel' => '6362945257',
) 
20:42:48 array (
  'siteno' => '193736180',
  'version' => '',
  'orderid' => '245150324048',
  'order_time' => '20150324204248',
  'lang' => 'en',
  'currency' => 'USD',
  'vat' => '4.00',
  'discount' => '0.00',
  'shippingfee' => '25.00',
  'productname[0]' => 'NHL Jersey Chicago Blackhawks 19 Toews black winter classic  Men Stitched with Purple Num Stitched NHL Jersey
 Size:XXL(54)',
  'productno[0]' => 'NHL2015019522',
  'price[0]' => '36.55',
  'qty[0]' => 1,
  'checkcode' => '49d40a8c93ac02a89c7c3ea18b0feb6f',
  'backurl' => 'http://www.outlet-jersey.com/index.php?main_page=checkout_process',
  'notifyreurl' => 'http://www.outlet-jersey.com/mallpay_check.php',
  's_firstname' => 'Jayson',
  's_lastname' => 'Rocksvold',
  's_address' => '2020 1st Ave North ',
  's_city' => 'Grand Forks',
  's_state' => 'ND',
  's_postcode' => '58203',
  's_country' => 'US',
  'email' => 'jaysonrocksvold19@hotmail.com',
  's_tel' => '7017395804',
  'b_firstname' => 'Jayson',
  'b_lastname' => 'Rocksvold',
  'b_address' => '2020 1st Ave North ',
  'b_city' => 'Grand Forks',
  'b_state' => 'ND',
  'b_postcode' => '58203',
  'b_country' => 'US',
  'b_tel' => '7017395804',
) 
22:57:35 array (
  'siteno' => '193736180',
  'version' => '',
  'orderid' => '245150324059',
  'order_time' => '20150324225735',
  'lang' => 'en',
  'currency' => 'USD',
  'vat' => '4.00',
  'discount' => '0.00',
  'shippingfee' => '25.00',
  'productname[0]' => 'Rangers #61 Rick Nash Dark Blue Third Stitched NHL Jersey
 Size:L(50)',
  'productno[0]' => 'NHL12490',
  'price[0]' => '33.00',
  'qty[0]' => 1,
  'checkcode' => '99388734b96a70f43aca2e31282d8d63',
  'backurl' => 'http://www.outlet-jersey.com/index.php?main_page=checkout_process',
  'notifyreurl' => 'http://www.outlet-jersey.com/mallpay_check.php',
  's_firstname' => 'rani',
  's_lastname' => 'shulman',
  's_address' => '86-63 pinto street ',
  's_city' => 'hollis',
  's_state' => 'NY',
  's_postcode' => '11423',
  's_country' => 'US',
  'email' => 'ranishulman@gmail.com',
  's_tel' => '9178465639',
  'b_firstname' => 'rani',
  'b_lastname' => 'shulman',
  'b_address' => '86-63 pinto street ',
  'b_city' => 'hollis',
  'b_state' => 'NY',
  'b_postcode' => '11423',
  'b_country' => 'US',
  'b_tel' => '9178465639',
) 
