00:16:14 array (
  'siteno' => '193736180',
  'version' => '',
  'orderid' => '245150417002',
  'order_time' => '20150417001614',
  'lang' => 'en',
  'currency' => 'USD',
  'vat' => '1.50',
  'discount' => '0.00',
  'shippingfee' => '28.00',
  'productname[0]' => 'Blackhawks #81 Marian Hossa Stitched White NHL Jersey With Stanley Cup Finals
 Size:M(48)',
  'productno[0]' => 'NHL11449',
  'price[0]' => '33.00',
  'qty[0]' => 1,
  'checkcode' => '8503a15ccabf1328dc3e177f7e496178',
  'backurl' => 'http://www.outlet-jersey.com/index.php?main_page=checkout_process',
  'notifyreurl' => 'http://www.outlet-jersey.com/mallpay_check.php',
  's_firstname' => 'Joe',
  's_lastname' => 'Dietzel',
  's_address' => '3617 Bailey Street ',
  's_city' => 'PLANO',
  's_state' => 'IL',
  's_postcode' => '60545',
  's_country' => 'US',
  'email' => 'joedietzel@comcast.net',
  's_tel' => '6307389169',
  'b_firstname' => 'Joe',
  'b_lastname' => 'Dietzel',
  'b_address' => '3617 Bailey Street ',
  'b_city' => 'PLANO',
  'b_state' => 'IL',
  'b_postcode' => '60545',
  'b_country' => 'US',
  'b_tel' => '6307389169',
) 
01:11:22 array (
  'siteno' => '193736180',
  'version' => '',
  'orderid' => '245150417006',
  'order_time' => '20150417011122',
  'lang' => 'en',
  'currency' => 'USD',
  'vat' => '7.50',
  'discount' => '0.00',
  'shippingfee' => '60.00',
  'productname[0]' => 'Rangers #99 Wayne Gretzky Stitched Blue CCM Throwback NHL Jersey
 Size:M(48)',
  'productno[0]' => 'NHL12497',
  'price[0]' => '33.00',
  'qty[0]' => 1,
  'productname[1]' => 'New York Rangers Reebok 30 Henrik Lundqvist Dark Blue Jersey Men Stiched Noble Fashion NHL Jersey
 Size:48 (M)',
  'productno[1]' => 'NHL1548011',
  'price[1]' => '38.99',
  'qty[1]' => 1,
  'productname[2]' => 'New York Rangers #20 Chris Kreider White 2014 Stadium Series NHL Jersey
 Size:M(48)',
  'productno[2]' => 'NHL12398',
  'price[2]' => '33.00',
  'qty[2]' => 1,
  'productname[3]' => 'Rangers #11 Mark Messier White All Star CCM Throwback 75TH Stitched NHL Jersey
 Size:M(48)',
  'productno[3]' => 'NHL12435',
  'price[3]' => '33.00',
  'qty[3]' => 1,
  'productname[4]' => 'NHL New York Rangers 11 Messier red Pullover Hoodie 
 Size:48 (M)',
  'productno[4]' => 'NHL13655',
  'price[4]' => '38.99',
  'qty[4]' => 1,
  'checkcode' => 'e41ada60ac9c7d5fcfd21e5d2a72aad0',
  'backurl' => 'http://www.outlet-jersey.com/index.php?main_page=checkout_process',
  'notifyreurl' => 'http://www.outlet-jersey.com/mallpay_check.php',
  's_firstname' => 'Jamison',
  's_lastname' => 'Benvenuto',
  's_address' => '619 Adams Street apt 208 ',
  's_city' => 'Hoboken',
  's_state' => 'NJ',
  's_postcode' => '07030',
  's_country' => 'US',
  'email' => 'jamson0@aol.com',
  's_tel' => '9179228624',
  'b_firstname' => 'Jamison',
  'b_lastname' => 'Benvenuto',
  'b_address' => '619 Adams Street apt 208 ',
  'b_city' => 'Hoboken',
  'b_state' => 'NJ',
  'b_postcode' => '07030',
  'b_country' => 'US',
  'b_tel' => '9179228624',
) 
02:14:36 array (
  'siteno' => '193736180',
  'version' => '',
  'orderid' => '245150417015',
  'order_time' => '20150417021436',
  'lang' => 'en',
  'currency' => 'USD',
  'vat' => '4.50',
  'discount' => '0.00',
  'shippingfee' => '44.00',
  'productname[0]' => 'Red Wings #9 Gordie Howe Red 2014 Winter Classic Stitched NHL Jersey
 Size:XL(52)',
  'productno[0]' => 'NHL11847',
  'price[0]' => '33.00',
  'qty[0]' => 1,
  'productname[1]' => 'NHL Jersey Detroit Red Wings  Men Stitched Charcoal Cross Check Fashion Jersey
 Size:XL(52)',
  'productno[1]' => 'NHL2015019655',
  'price[1]' => '36.50',
  'qty[1]' => 1,
  'productname[2]' => 'Red Wings #40 Henrik Zetterberg Red 2014 Winter Classic Stitched NHL Jersey
 Size:XL(52)',
  'productno[2]' => 'NHL11828',
  'price[2]' => '33.00',
  'qty[2]' => 1,
  'checkcode' => '166bfe6dc32130f275f1a8e903b78769',
  'backurl' => 'http://www.outlet-jersey.com/index.php?main_page=checkout_process',
  'notifyreurl' => 'http://www.outlet-jersey.com/mallpay_check.php',
  's_firstname' => 'Pamela Y',
  's_lastname' => 'Price',
  's_address' => '911 Forest Street ',
  's_city' => 'Marshall',
  's_state' => 'MI',
  's_postcode' => '49068',
  's_country' => 'US',
  'email' => 'Pyp1959@yahoo.com',
  's_tel' => '2697812342',
  'b_firstname' => 'Pamela Y',
  'b_lastname' => 'Price',
  'b_address' => '911 Forest Street ',
  'b_city' => 'Marshall',
  'b_state' => 'MI',
  'b_postcode' => '49068',
  'b_country' => 'US',
  'b_tel' => '2697812342',
) 
02:17:24 array (
  'siteno' => '193736180',
  'version' => '',
  'orderid' => '245150417016',
  'order_time' => '20150417021724',
  'lang' => 'en',
  'currency' => 'USD',
  'vat' => '4.50',
  'discount' => '0.00',
  'shippingfee' => '20.00',
  'productname[0]' => 'Red Wings #9 Gordie Howe Red 2014 Winter Classic Stitched NHL Jersey
 Size:XL(52)',
  'productno[0]' => 'NHL11847',
  'price[0]' => '33.00',
  'qty[0]' => 1,
  'productname[1]' => 'NHL Jersey Detroit Red Wings  Men Stitched Charcoal Cross Check Fashion Jersey
 Size:XL(52)',
  'productno[1]' => 'NHL2015019655',
  'price[1]' => '36.50',
  'qty[1]' => 1,
  'productname[2]' => 'Red Wings #40 Henrik Zetterberg Red 2014 Winter Classic Stitched NHL Jersey
 Size:XL(52)',
  'productno[2]' => 'NHL11828',
  'price[2]' => '33.00',
  'qty[2]' => 1,
  'checkcode' => '676398f17cf485650e31f76d956b7faf',
  'backurl' => 'http://www.outlet-jersey.com/index.php?main_page=checkout_process',
  'notifyreurl' => 'http://www.outlet-jersey.com/mallpay_check.php',
  's_firstname' => 'Pamela Y',
  's_lastname' => 'Price',
  's_address' => '911 Forest Street ',
  's_city' => 'Marshall',
  's_state' => 'MI',
  's_postcode' => '49068',
  's_country' => 'US',
  'email' => 'Pyp1959@yahoo.com',
  's_tel' => '2697812342',
  'b_firstname' => 'Pamela Y',
  'b_lastname' => 'Price',
  'b_address' => '911 Forest Street ',
  'b_city' => 'Marshall',
  'b_state' => 'MI',
  'b_postcode' => '49068',
  'b_country' => 'US',
  'b_tel' => '2697812342',
) 
03:59:36 array (
  'siteno' => '193736180',
  'version' => '',
  'orderid' => '245150417019',
  'order_time' => '20150417035936',
  'lang' => 'en',
  'currency' => 'USD',
  'vat' => '3.00',
  'discount' => '0.00',
  'shippingfee' => '20.00',
  'productname[0]' => 'Washington Wizards 23 MICHAEL JORDAN WHITE JERSEYS
 Size:52(XL)',
  'productno[0]' => 'NBA12873',
  'price[0]' => '18.50',
  'qty[0]' => 1,
  'productname[1]' => 'Brooklyn Nets 7 Joe Johnson Black 2013 Christmas Day Swingman Stitched NBA Jerseys
 Size:52(XL)',
  'productno[1]' => 'NBA10317',
  'price[1]' => '19.00',
  'qty[1]' => 1,
  'checkcode' => '9cfa8a01726db7954120d2e3d4e20789',
  'backurl' => 'http://www.outlet-jersey.com/index.php?main_page=checkout_process',
  'notifyreurl' => 'http://www.outlet-jersey.com/mallpay_check.php',
  's_firstname' => 'georgia',
  's_lastname' => 'vouvoudAKIS',
  's_address' => '37 Cambridge dr ',
  's_city' => 'Hicksville',
  's_state' => 'NY',
  's_postcode' => '11801',
  's_country' => 'US',
  'email' => 'Johnkosmas@hotmail.com',
  's_tel' => '5165124011',
  'b_firstname' => 'georgia',
  'b_lastname' => 'vouvoudAKIS',
  'b_address' => '37 Cambridge dr ',
  'b_city' => 'Hicksville',
  'b_state' => 'NY',
  'b_postcode' => '11801',
  'b_country' => 'US',
  'b_tel' => '5165124011',
) 
08:46:03 array (
  'siteno' => '193736180',
  'version' => '',
  'orderid' => '245150417038',
  'order_time' => '20150417084603',
  'lang' => 'en',
  'currency' => 'USD',
  'vat' => '4.50',
  'discount' => '0.00',
  'shippingfee' => '44.00',
  'productname[0]' => 'NHL Jersey Islanders 22 Mike Bossy Mens Stitched Blue CCM Throwback Hockey Jersey  Men Stitched Fights Cancer Stitched Hockey Jersey
 Size:L(50)',
  'productno[0]' => 'NHL2015019761',
  'price[0]' => '36.80',
  'qty[0]' => 1,
  'productname[1]' => 'New York Islanders 91 John Tavares Blue Fights Cancer Stitched Hockey Jersey 
 Size:48 (M)',
  'productno[1]' => 'NHL13647',
  'price[1]' => '38.99',
  'qty[1]' => 1,
  'productname[2]' => 'Islanders #91 John Tavares Stitched Light Blue NHL Jersey
 Size:L(50)',
  'productno[2]' => 'NHL12390',
  'price[2]' => '33.00',
  'qty[2]' => 1,
  'checkcode' => '639d007c90eb7ae8f1b81a46dcdc8431',
  'backurl' => 'http://www.outlet-jersey.com/index.php?main_page=checkout_process',
  'notifyreurl' => 'http://www.outlet-jersey.com/mallpay_check.php',
  's_firstname' => 'stephanie',
  's_lastname' => 'st John',
  's_address' => '10 Garden street ',
  's_city' => 'bayshore',
  's_state' => 'NY',
  's_postcode' => '11706',
  's_country' => 'US',
  'email' => 'stephanie_stjhn@yahoo.com',
  's_tel' => '6316477533',
  'b_firstname' => 'stephanie',
  'b_lastname' => 'st John',
  'b_address' => '10 Garden street ',
  'b_city' => 'bayshore',
  'b_state' => 'NY',
  'b_postcode' => '11706',
  'b_country' => 'US',
  'b_tel' => '6316477533',
) 
09:23:09 array (
  'siteno' => '193736180',
  'version' => '',
  'orderid' => '245150417046',
  'order_time' => '20150417092309',
  'lang' => 'en',
  'currency' => 'USD',
  'vat' => '3.00',
  'discount' => '0.00',
  'shippingfee' => '36.00',
  'productname[0]' => 'Islanders #91 John Tavares Stitched Light Blue NHL Jersey
 Size:XXL(54)',
  'productno[0]' => 'NHL12390',
  'price[0]' => '33.00',
  'qty[0]' => 1,
  'productname[1]' => 'Islanders #91 John Tavares Stitched Light Blue NHL Jersey
 Size:M(48)',
  'productno[1]' => 'NHL12390',
  'price[1]' => '33.00',
  'qty[1]' => 1,
  'checkcode' => '21b87360d4465d0605e65b53c6765225',
  'backurl' => 'http://www.outlet-jersey.com/index.php?main_page=checkout_process',
  'notifyreurl' => 'http://www.outlet-jersey.com/mallpay_check.php',
  's_firstname' => 'Kristina',
  's_lastname' => 'burke',
  's_address' => '155 country estates road ',
  's_city' => 'greenville',
  's_state' => 'NY',
  's_postcode' => '12083',
  's_country' => 'US',
  'email' => 'giggle3010@aol.com',
  's_tel' => '5189668383',
  'b_firstname' => 'Kristina',
  'b_lastname' => 'burke',
  'b_address' => '155 country estates road ',
  'b_city' => 'greenville',
  'b_state' => 'NY',
  'b_postcode' => '12083',
  'b_country' => 'US',
  'b_tel' => '5189668383',
) 
09:30:45 array (
  'siteno' => '193736180',
  'version' => '',
  'orderid' => '245150417049',
  'order_time' => '20150417093045',
  'lang' => 'en',
  'currency' => 'USD',
  'vat' => '3.00',
  'discount' => '0.00',
  'shippingfee' => '36.00',
  'productname[0]' => 'Islanders #91 John Tavares Stitched Light Blue NHL Jersey
 Size:XXL(54)',
  'productno[0]' => 'NHL12390',
  'price[0]' => '33.00',
  'qty[0]' => 1,
  'productname[1]' => 'Islanders #91 John Tavares Stitched Light Blue NHL Jersey
 Size:M(48)',
  'productno[1]' => 'NHL12390',
  'price[1]' => '33.00',
  'qty[1]' => 1,
  'checkcode' => '99e88037895a9e93bc8afb7f93db14de',
  'backurl' => 'http://www.outlet-jersey.com/index.php?main_page=checkout_process',
  'notifyreurl' => 'http://www.outlet-jersey.com/mallpay_check.php',
  's_firstname' => 'Kristina',
  's_lastname' => 'burke',
  's_address' => '155 country estates road ',
  's_city' => 'greenville',
  's_state' => 'NY',
  's_postcode' => '12083',
  's_country' => 'US',
  'email' => 'giggle3010@aol.com',
  's_tel' => '5189668383',
  'b_firstname' => 'Kristina',
  'b_lastname' => 'burke',
  'b_address' => '155 country estates road ',
  'b_city' => 'greenville',
  'b_state' => 'NY',
  'b_postcode' => '12083',
  'b_country' => 'US',
  'b_tel' => '5189668383',
) 
11:06:12 array (
  'siteno' => '193736180',
  'version' => '',
  'orderid' => '245150417060',
  'order_time' => '20150417110612',
  'lang' => 'en',
  'currency' => 'USD',
  'vat' => '15.00',
  'discount' => '0.00',
  'shippingfee' => '85.00',
  'productname[0]' => 'Chicago Blackhawks #4 Niklas Hjalmarsson Black 2014 Stadium Series Hockey NHL Jersey
 Size:XL(52)',
  'productno[0]' => 'NHL11585',
  'price[0]' => '33.00',
  'qty[0]' => 1,
  'productname[1]' => 'Blackhawks #10 Patrick Sharp Red Sawyer Hooded Sweatshirt Stitched NHL Jersey
 Size:XL(52)',
  'productno[1]' => 'NHL11177',
  'price[1]' => '36.00',
  'qty[1]' => 1,
  'productname[2]' => 'Chicago Blackhawks #65 Andrew Shaw White Sawyer Hooded Sweatshirt NHL Jersey
 Size:XL(52)',
  'productno[2]' => 'NHL11604',
  'price[2]' => '36.00',
  'qty[2]' => 1,
  'productname[3]' => 'Blackhawks #2 Duncan Keith Black Ice Stitched NHL Jersey
 Size:XXL(54)',
  'productno[3]' => 'NHL11265',
  'price[3]' => '33.00',
  'qty[3]' => 1,
  'productname[4]' => 'Blackhawks #88 Patrick Kane Red Sawyer Hooded Sweatshirt Stitched NHL Jersey
 Size:XXL(54)',
  'productno[4]' => 'NHL11483',
  'price[4]' => '36.00',
  'qty[4]' => 1,
  'productname[5]' => 'Chicago Blackhawks #19 Jonathan Toews(C patches) Red Hockey NHL Jersey
 Size:XXL(54)',
  'productno[5]' => 'NHL11552',
  'price[5]' => '33.00',
  'qty[5]' => 1,
  'productname[6]' => 'NHL Jersey Chicago Blackhawks 35 Esposito white  Men Stitched 2015 Winter Classic Stitched NHL Jersey
 Size:XL(52)',
  'productno[6]' => 'NHL2015019572',
  'price[6]' => '36.52',
  'qty[6]' => 1,
  'productname[7]' => 'Chicago Blackhawks #88 Patrick Kane Red-Black Split Stitched NHL Jersey
 Size:XL(52)',
  'productno[7]' => 'NHL11633',
  'price[7]' => '33.00',
  'qty[7]' => 1,
  'productname[8]' => 'NHL Jersey Chicago Blackhawks 81 Hossa 2014  Men Stitched Charcoal Cross Check Fashion Jersey
 Size:XXL(54)',
  'productno[8]' => 'NHL2015019607',
  'price[8]' => '36.66',
  'qty[8]' => 1,
  'productname[9]' => 'NHL jerseys chicago blackhawks #10 sharp red(pullover hooded sweatshirt)
 Size:XXL(54)',
  'productno[9]' => 'NHL11667',
  'price[9]' => '36.00',
  'qty[9]' => 1,
  'checkcode' => '9c3d89c648120f05d6cfafe7dee981f9',
  'backurl' => 'http://www.outlet-jersey.com/index.php?main_page=checkout_process',
  'notifyreurl' => 'http://www.outlet-jersey.com/mallpay_check.php',
  's_firstname' => 'Linda',
  's_lastname' => 'Gilbert',
  's_address' => '1069 Dorwood Park ',
  's_city' => 'Ransomville',
  's_state' => 'NY',
  's_postcode' => '14131',
  's_country' => 'US',
  'email' => 'kdnpumkin@yahoo.com',
  's_tel' => '7167914965',
  'b_firstname' => 'Linda',
  'b_lastname' => 'Gilbert',
  'b_address' => '1069 Dorwood Park ',
  'b_city' => 'Ransomville',
  'b_state' => 'NY',
  'b_postcode' => '14131',
  'b_country' => 'US',
  'b_tel' => '7167914965',
) 
