00:32:34 array (
  'siteno' => '193736180',
  'version' => '',
  'orderid' => '245150301005',
  'order_time' => '20150301003234',
  'lang' => 'en',
  'currency' => 'USD',
  'vat' => '16.00',
  'discount' => '0.00',
  'shippingfee' => '20.00',
  'productname[0]' => 'NHL Jersey NHL Jersey New York Rangers  30 Lundovist blue Pullover Hoodie  Men Stitched Fights Cancer Stitched Hockey Jersey
 Size:48 (XL)',
  'productno[0]' => 'NHL2015019773',
  'price[0]' => '36.53',
  'qty[0]' => 1,
  'productname[1]' => 'Rangers #61 Rick Nash White Road Stitched NHL Jersey
 Size:Medium/48',
  'productno[1]' => 'NHL12491',
  'price[1]' => '33.00',
  'qty[1]' => 1,
  'productname[2]' => 'NHL Jersey NHL Jersey New York Rangers  30 Lundovist red Pullover Hoodie  Men Stitched with Purple Num Stitched NHL Jersey
 Size:48 (XL)',
  'productno[2]' => 'NHL2015019774',
  'price[2]' => '36.80',
  'qty[2]' => 1,
  'productname[3]' => 'New York Rangers #26 Martin St.Louis White Stitched NHL Jersey
 Size:L(50)',
  'productno[3]' => 'NHL12404',
  'price[3]' => '33.00',
  'qty[3]' => 1,
  'checkcode' => '1a30337028e7760c999b21955055a743',
  'backurl' => 'http://www.outlet-jersey.com/index.php?main_page=checkout_process',
  'notifyreurl' => 'http://www.outlet-jersey.com/mallpay_check.php',
  's_firstname' => 'Anthony',
  's_lastname' => 'mercado',
  's_address' => '204 bright leaf lane ',
  's_city' => 'jacksonville',
  's_state' => 'NC',
  's_postcode' => '28540',
  's_country' => 'US',
  'email' => 'amercado22@aol.com',
  's_tel' => '6313348080',
  'b_firstname' => 'Anthony',
  'b_lastname' => 'mercado',
  'b_address' => '204 bright leaf lane ',
  'b_city' => 'jacksonville',
  'b_state' => 'NC',
  'b_postcode' => '28540',
  'b_country' => 'US',
  'b_tel' => '6313348080',
) 
00:50:22 array (
  'siteno' => '193736180',
  'version' => '',
  'orderid' => '245150301006',
  'order_time' => '20150301005022',
  'lang' => 'en',
  'currency' => 'USD',
  'vat' => '12.00',
  'discount' => '0.00',
  'shippingfee' => '20.00',
  'productname[0]' => 'NHL Jersey Detroit Red Wings 5  Men Stitched Charcoal Cross Check Fashion Jersey
 Size:40 (M)',
  'productno[0]' => 'NHL2015019659',
  'price[0]' => '36.66',
  'qty[0]' => 1,
  'productname[1]' => 'Red Wings #13 Pavel Datsyuk Black Ice Stitched NHL Jersey
 Size:Medium/48',
  'productno[1]' => 'NHL11801',
  'price[1]' => '33.00',
  'qty[1]' => 1,
  'productname[2]' => 'Red Wings St Patty\'s Day #13 Pavel Datsyuk Green Stitched Youth NHL Jersey
 Size:Large/X Large',
  'productno[2]' => 'YOUTH4576',
  'price[2]' => '31.00',
  'qty[2]' => 1,
  'checkcode' => 'bbfd083003f4b2d0eb16d3c318c1596d',
  'backurl' => 'http://www.outlet-jersey.com/index.php?main_page=checkout_process',
  'notifyreurl' => 'http://www.outlet-jersey.com/mallpay_check.php',
  's_firstname' => 'Jeffrey',
  's_lastname' => 'martin',
  's_address' => '109 acorn drive ',
  's_city' => 'negaunee',
  's_state' => 'MI',
  's_postcode' => '49866',
  's_country' => 'US',
  'email' => 'j24marti@yahoo.com',
  's_tel' => '9063617582',
  'b_firstname' => 'Jeffrey',
  'b_lastname' => 'martin',
  'b_address' => '109 acorn drive ',
  'b_city' => 'negaunee',
  'b_state' => 'MI',
  'b_postcode' => '49866',
  'b_country' => 'US',
  'b_tel' => '9063617582',
) 
04:31:39 array (
  'siteno' => '193736180',
  'version' => '',
  'orderid' => '245150301015',
  'order_time' => '20150301043139',
  'lang' => 'en',
  'currency' => 'USD',
  'vat' => '4.00',
  'discount' => '0.00',
  'shippingfee' => '25.00',
  'productname[0]' => 'NHL Jersey Canadiens 10 Guy Lafleur Stitched Red CH CCM Throwback NHL Jersey Jersey  Men Stitched with Purple Num Stitched NHL Jersey
 Size:52 (XXL)',
  'productno[0]' => 'NHL2015019690',
  'price[0]' => '36.95',
  'qty[0]' => 1,
  'checkcode' => 'c4137fabbd7657a4b61f7d0553715fc1',
  'backurl' => 'http://www.outlet-jersey.com/index.php?main_page=checkout_process',
  'notifyreurl' => 'http://www.outlet-jersey.com/mallpay_check.php',
  's_firstname' => 'Eric Kreutzfeld',
  's_lastname' => 'Holmes Middle School',
  's_address' => '16200 Newburgh Road ',
  's_city' => 'Livonia',
  's_state' => 'MI',
  's_postcode' => '48154',
  's_country' => 'US',
  'email' => 'ekreutzfeld@twmi.rr.com',
  's_tel' => '313-387-3582',
  'b_firstname' => 'Eric',
  'b_lastname' => 'Kreutzfeld',
  'b_address' => '17373 Brady ',
  'b_city' => 'Redford',
  'b_state' => 'MI',
  'b_postcode' => '48240',
  'b_country' => 'US',
  'b_tel' => '313-387-3582',
) 
05:34:58 array (
  'siteno' => '193736180',
  'version' => '',
  'orderid' => '245150301019',
  'order_time' => '20150301053458',
  'lang' => 'en',
  'currency' => 'USD',
  'vat' => '4.00',
  'discount' => '0.00',
  'shippingfee' => '25.00',
  'productname[0]' => 'Devils #30 Martin Brodeur Stitched Red and Green CCM Throwback NHL Jersey
 Size:Medium/48',
  'productno[0]' => 'NHL12346',
  'price[0]' => '33.00',
  'qty[0]' => 1,
  'checkcode' => '0c6befd7e7c60b9df24d962f3e46cd71',
  'backurl' => 'http://www.outlet-jersey.com/index.php?main_page=checkout_process',
  'notifyreurl' => 'http://www.outlet-jersey.com/mallpay_check.php',
  's_firstname' => 'Collin',
  's_lastname' => 'D\'Anna',
  's_address' => '2475 Virginia Ave NW #101 ',
  's_city' => 'Washington',
  's_state' => 'DC',
  's_postcode' => '20037',
  's_country' => 'US',
  'email' => 'collindanna@yahoo.com',
  's_tel' => '8436855902',
  'b_firstname' => 'Collin',
  'b_lastname' => 'D\'Anna',
  'b_address' => '2475 Virginia Ave NW #101 ',
  'b_city' => 'Washington',
  'b_state' => 'DC',
  'b_postcode' => '20037',
  'b_country' => 'US',
  'b_tel' => '8436855902',
) 
07:02:21 array (
  'siteno' => '193736180',
  'version' => '',
  'orderid' => '245150301022',
  'order_time' => '20150301070221',
  'lang' => 'en',
  'currency' => 'USD',
  'vat' => '12.00',
  'discount' => '0.00',
  'shippingfee' => '20.00',
  'productname[0]' => 'Capitals #21 Brooks Laich Stitched Red NHL Jersey
 Size:Large/50',
  'productno[0]' => 'NHL13510',
  'price[0]' => '33.00',
  'qty[0]' => 1,
  'productname[1]' => 'Capitals #21 Brooks Laich Stitched Red NHL Jersey
 Size:Medium/48',
  'productno[1]' => 'NHL13510',
  'price[1]' => '33.00',
  'qty[1]' => 1,
  'productname[2]' => 'Nationals #28 Jayson Werth White Stitched Baseball Jersey
 Size:Medium/48',
  'productno[2]' => 'MLB14008',
  'price[2]' => '18.50',
  'qty[2]' => 1,
  'checkcode' => '73e011da2adeb9f0ee57680153e069ab',
  'backurl' => 'http://www.outlet-jersey.com/index.php?main_page=checkout_process',
  'notifyreurl' => 'http://www.outlet-jersey.com/mallpay_check.php',
  's_firstname' => 'kina',
  's_lastname' => 'martin',
  's_address' => '1375 ironwood st ',
  's_city' => 'woodbridge',
  's_state' => 'VA',
  's_postcode' => '22191',
  's_country' => 'US',
  'email' => 'ksm9768@yahoo.com',
  's_tel' => '7034946838',
  'b_firstname' => 'kina',
  'b_lastname' => 'martin',
  'b_address' => '1375 ironwood st ',
  'b_city' => 'woodbridge',
  'b_state' => 'VA',
  'b_postcode' => '22191',
  'b_country' => 'US',
  'b_tel' => '7034946838',
) 
10:10:56 array (
  'siteno' => '193736180',
  'version' => '',
  'orderid' => '245150301040',
  'order_time' => '20150301101056',
  'lang' => 'en',
  'currency' => 'USD',
  'vat' => '4.00',
  'discount' => '0.00',
  'shippingfee' => '25.00',
  'productname[0]' => 'Red Wings #40 Henrik Zetterberg Red 2014 Winter Classic Stitched NHL Jersey
 Size:Medium/48',
  'productno[0]' => 'NHL11828',
  'price[0]' => '33.00',
  'qty[0]' => 1,
  'checkcode' => 'dd39c8d7df9cd9cfd97d30d728fe329a',
  'backurl' => 'http://www.outlet-jersey.com/index.php?main_page=checkout_process',
  'notifyreurl' => 'http://www.outlet-jersey.com/mallpay_check.php',
  's_firstname' => 'David',
  's_lastname' => 'McMullen',
  's_address' => '6975 19 Mile Road ',
  's_city' => 'Sterling Heights',
  's_state' => 'MI',
  's_postcode' => '48314',
  's_country' => 'US',
  'email' => 'rwdave@hotmail.com',
  's_tel' => '586-427-9779',
  'b_firstname' => 'David',
  'b_lastname' => 'McMullen',
  'b_address' => '25707 Wagner Ave ',
  'b_city' => 'Warren',
  'b_state' => 'MI',
  'b_postcode' => '48089',
  'b_country' => 'US',
  'b_tel' => '586-427-9779',
) 
12:08:42 array (
  'siteno' => '193736180',
  'version' => '',
  'orderid' => '245150301042',
  'order_time' => '20150301120842',
  'lang' => 'en',
  'currency' => 'USD',
  'vat' => '4.00',
  'discount' => '0.00',
  'shippingfee' => '25.00',
  'productname[0]' => 'Nike Packers #12 Aaron Rodgers Navy Blue Alternate Men\'s Stitched NFL Elite Jersey
 Size:44/L',
  'productno[0]' => 'NFL20631',
  'price[0]' => '22.50',
  'qty[0]' => 1,
  'checkcode' => '45313bf46df31270938427dcccd99823',
  'backurl' => 'http://www.outlet-jersey.com/index.php?main_page=checkout_process',
  'notifyreurl' => 'http://www.outlet-jersey.com/mallpay_check.php',
  's_firstname' => 'Silvia',
  's_lastname' => 'Ramos',
  's_address' => '5929 63rd. St ',
  's_city' => 'Kenosha',
  's_state' => 'WI',
  's_postcode' => '53142',
  's_country' => 'US',
  'email' => 'Arenny1316@gmail.com',
  's_tel' => '8478496747',
  'b_firstname' => 'Silvia',
  'b_lastname' => 'Ramos',
  'b_address' => '5929 63rd. St ',
  'b_city' => 'Kenosha',
  'b_state' => 'WI',
  'b_postcode' => '53142',
  'b_country' => 'US',
  'b_tel' => '8478496747',
) 
14:48:46 array (
  'siteno' => '193736180',
  'version' => '',
  'orderid' => '245150301056',
  'order_time' => '20150301144846',
  'lang' => 'en',
  'currency' => 'USD',
  'vat' => '4.00',
  'discount' => '0.00',
  'shippingfee' => '25.00',
  'productname[0]' => 'NHL Jersey Detroit Red Wings 5  Men Stitched Charcoal Cross Check Fashion Jersey
 Size:48 (XL)',
  'productno[0]' => 'NHL2015019659',
  'price[0]' => '36.66',
  'qty[0]' => 1,
  'checkcode' => 'dd9532aa9ae803cb9a4cb015891d4008',
  'backurl' => 'http://www.outlet-jersey.com/index.php?main_page=checkout_process',
  'notifyreurl' => 'http://www.outlet-jersey.com/mallpay_check.php',
  's_firstname' => 'Robert',
  's_lastname' => 'Huckaba',
  's_address' => '100 NW 112th St ',
  's_city' => 'Kansas City',
  's_state' => 'MO',
  's_postcode' => '64155',
  's_country' => 'US',
  'email' => 'chubaka13@live.com',
  's_tel' => '8163920310',
  'b_firstname' => 'Robert',
  'b_lastname' => 'Huckaba',
  'b_address' => '100 NW 112th St ',
  'b_city' => 'Kansas City',
  'b_state' => 'MO',
  'b_postcode' => '64155',
  'b_country' => 'US',
  'b_tel' => '8163920310',
) 
20:05:04 array (
  'siteno' => '193736180',
  'version' => '',
  'orderid' => '245150301060',
  'order_time' => '20150301200504',
  'lang' => 'en',
  'currency' => 'USD',
  'vat' => '8.00',
  'discount' => '0.00',
  'shippingfee' => '20.00',
  'productname[0]' => 'Devils #30 Martin Brodeur 2012 Stanley Cup Finals Black Ice Stitched NHL Jersey
 Size:Large/50',
  'productno[0]' => 'NHL12340',
  'price[0]' => '33.00',
  'qty[0]' => 1,
  'productname[1]' => 'Mitchelland Ness Yankees #7 Mickey Mantle Stitched White Throwback Baseball Jersey
 Size:Large/50',
  'productno[1]' => 'MLB12589',
  'price[1]' => '18.50',
  'qty[1]' => 1,
  'checkcode' => '5a22ad3c6e218eaac0740f53141a580c',
  'backurl' => 'http://www.outlet-jersey.com/index.php?main_page=checkout_process',
  'notifyreurl' => 'http://www.outlet-jersey.com/mallpay_check.php',
  's_firstname' => 'Toni',
  's_lastname' => 'Natwora',
  's_address' => '2919 amsdell road ',
  's_city' => 'hamburg',
  's_state' => 'NY',
  's_postcode' => '14075',
  's_country' => 'US',
  'email' => 'natworaj@yahoo.com',
  's_tel' => '7163103367',
  'b_firstname' => 'Toni',
  'b_lastname' => 'Natwora',
  'b_address' => '2919 amsdell road ',
  'b_city' => 'hamburg',
  'b_state' => 'NY',
  'b_postcode' => '14075',
  'b_country' => 'US',
  'b_tel' => '7163103367',
) 
