01:24:41 array (
  'siteno' => '193736180',
  'version' => '',
  'orderid' => '245150323007',
  'order_time' => '20150323012441',
  'lang' => 'en',
  'currency' => 'USD',
  'vat' => '4.00',
  'discount' => '0.00',
  'shippingfee' => '25.00',
  'productname[0]' => 'Florida Panthers #1 Roberto Luongo Red Home Stitched NHL Jersey
 Size:XXL(54)',
  'productno[0]' => 'NHL11920',
  'price[0]' => '34.00',
  'qty[0]' => 1,
  'checkcode' => '7e90379a88525330d4b6b3fd289b347e',
  'backurl' => 'http://www.outlet-jersey.com/index.php?main_page=checkout_process',
  'notifyreurl' => 'http://www.outlet-jersey.com/mallpay_check.php',
  's_firstname' => 'Howard',
  's_lastname' => 'taskin',
  's_address' => '87 via verona ',
  's_city' => 'Palm beach gardens',
  's_state' => 'FL',
  's_postcode' => '33418',
  's_country' => 'US',
  'email' => 'annataskin@yahoo.com',
  's_tel' => '5614144350',
  'b_firstname' => 'Anna',
  'b_lastname' => 'taskin',
  'b_address' => '1225 d rd ',
  'b_city' => 'Loxahatchee',
  'b_state' => 'FL',
  'b_postcode' => '33470',
  'b_country' => 'US',
  'b_tel' => '5614144350',
) 
03:10:02 array (
  'siteno' => '193736180',
  'version' => '',
  'orderid' => '245150323015',
  'order_time' => '20150323031002',
  'lang' => 'en',
  'currency' => 'USD',
  'vat' => '12.00',
  'discount' => '0.00',
  'shippingfee' => '20.00',
  'productname[0]' => 'NHL Jersey Chicago Blackhawks 011  Men Stitched 2015 Winter Classic Stitched NHL Jersey
 Size:M(48)',
  'productno[0]' => 'NHL2015019488',
  'price[0]' => '36.80',
  'qty[0]' => 1,
  'productname[1]' => 'NHL Jersey Chicago Blackhawks 016  Men Stitched Fights Cancer Stitched Hockey Jersey
 Size:L(50)',
  'productno[1]' => 'NHL2015019493',
  'price[1]' => '36.56',
  'qty[1]' => 1,
  'productname[2]' => 'Kings #11 Anze Kopitar 2012 Stanley Cup Finals White Road Stitched NHL Jersey
 Size:L(50)',
  'productno[2]' => 'NHL11968',
  'price[2]' => '33.00',
  'qty[2]' => 1,
  'checkcode' => 'fea9c36a070539fab331db5873a9a7ff',
  'backurl' => 'http://www.outlet-jersey.com/index.php?main_page=checkout_process',
  'notifyreurl' => 'http://www.outlet-jersey.com/mallpay_check.php',
  's_firstname' => 'kevin',
  's_lastname' => 'rogge',
  's_address' => '7544 dusty lake street ',
  's_city' => 'las vegas',
  's_state' => 'NV',
  's_postcode' => '89131',
  's_country' => 'US',
  'email' => 'germansoccerman90@yahoo.com',
  's_tel' => '7023712569',
  'b_firstname' => 'kevin',
  'b_lastname' => 'rogge',
  'b_address' => '7544 dusty lake street ',
  'b_city' => 'las vegas',
  'b_state' => 'NV',
  'b_postcode' => '89131',
  'b_country' => 'US',
  'b_tel' => '7023712569',
) 
11:52:15 array (
  'siteno' => '193736180',
  'version' => '',
  'orderid' => '245150323059',
  'order_time' => '20150323115215',
  'lang' => 'en',
  'currency' => 'USD',
  'vat' => '16.00',
  'discount' => '0.00',
  'shippingfee' => '20.00',
  'productname[0]' => 'NHL Jersey Chicago Blackhawks 19 Toews white  Men Stitched with Purple Num Stitched NHL Jersey
 Size:XXL(54)',
  'productno[0]' => 'NHL2015019526',
  'price[0]' => '36.53',
  'qty[0]' => 1,
  'productname[1]' => 'Cardinals #29 Chris Carpenter Black Fashion Stitched Baseball Jersey
 Size:XX Large/54',
  'productno[1]' => 'MLB13484',
  'price[1]' => '18.50',
  'qty[1]' => 1,
  'productname[2]' => 'Blackhawks #88 Patrick Kane Red Stitched Youth New Third NHL Jersey
 Size:Large/X Large',
  'productno[2]' => 'YOUTH4404',
  'price[2]' => '31.00',
  'qty[2]' => 1,
  'productname[3]' => 'Cardinals #7 Matt Holliday Stitched White Baseball Jersey
 Size:XX Large/54',
  'productno[3]' => 'MLB13520',
  'price[3]' => '18.50',
  'qty[3]' => 1,
  'checkcode' => 'b29dd6dbebb48645da8a27abad771922',
  'backurl' => 'http://www.outlet-jersey.com/index.php?main_page=checkout_process',
  'notifyreurl' => 'http://www.outlet-jersey.com/mallpay_check.php',
  's_firstname' => 'Gabriel',
  's_lastname' => 'Lindell',
  's_address' => '9413 Jewel Lake Ave. ',
  's_city' => 'Las Vegas',
  's_state' => 'NV',
  's_postcode' => '89166',
  's_country' => 'US',
  'email' => 'g.lindell@yahoo.com',
  's_tel' => '702 860 1107',
  'b_firstname' => 'Gabriel',
  'b_lastname' => 'Lindell',
  'b_address' => '9413 Jewel Lake Ave. ',
  'b_city' => 'Las Vegas',
  'b_state' => 'NV',
  'b_postcode' => '89166',
  'b_country' => 'US',
  'b_tel' => '702 860 1107',
) 
13:24:32 array (
  'siteno' => '193736180',
  'version' => '',
  'orderid' => '245150323062',
  'order_time' => '20150323132432',
  'lang' => 'en',
  'currency' => 'USD',
  'vat' => '12.00',
  'discount' => '0.00',
  'shippingfee' => '20.00',
  'productname[0]' => 'Blackhawks #7 Brent Seabrook Stitched Red Stanley Cup Champions NHL Jersey
 Size:L(50)',
  'productno[0]' => 'NHL11417',
  'price[0]' => '33.00',
  'qty[0]' => 1,
  'productname[1]' => 'Chicago Blackhawks #19 Jonathan Toews WHite Autographed Stitched NHL Jersey
 Size:L(50)',
  'productno[1]' => 'NHL11550',
  'price[1]' => '33.00',
  'qty[1]' => 1,
  'productname[2]' => 'Chicago Blackhawks #88 Patrick Kane Charcoal Cross Check Fashion Stitched NHL Jersey
 Size:L(50)',
  'productno[2]' => 'NHL11625',
  'price[2]' => '34.00',
  'qty[2]' => 1,
  'checkcode' => '52a01384cde71522020078432080b0a6',
  'backurl' => 'http://www.outlet-jersey.com/index.php?main_page=checkout_process',
  'notifyreurl' => 'http://www.outlet-jersey.com/mallpay_check.php',
  's_firstname' => 'William',
  's_lastname' => 'Wells',
  's_address' => '108 maple st ',
  's_city' => 'Moro',
  's_state' => 'IL',
  's_postcode' => '62067',
  's_country' => 'US',
  'email' => 'Plynumore2@yahoo.com',
  's_tel' => '6185316514',
  'b_firstname' => 'William',
  'b_lastname' => 'Wells',
  'b_address' => '108 maple st ',
  'b_city' => 'Moro',
  'b_state' => 'IL',
  'b_postcode' => '62067',
  'b_country' => 'US',
  'b_tel' => '6185316514',
) 
21:26:07 array (
  'siteno' => '193736180',
  'version' => '',
  'orderid' => '245150323067',
  'order_time' => '20150323212607',
  'lang' => 'en',
  'currency' => 'USD',
  'vat' => '4.00',
  'discount' => '0.00',
  'shippingfee' => '25.00',
  'productname[0]' => 'NHL Jersey Philadelphia Flyers 2  Men Stitched Charcoal Cross Check Fashion Jersey
 Size:L(50)',
  'productno[0]' => 'NHL2015019863',
  'price[0]' => '36.50',
  'qty[0]' => 1,
  'checkcode' => '8ec995162c86bdc5e848e8f0f849073f',
  'backurl' => 'http://www.outlet-jersey.com/index.php?main_page=checkout_process',
  'notifyreurl' => 'http://www.outlet-jersey.com/mallpay_check.php',
  's_firstname' => 'Thomas',
  's_lastname' => 'Blakeslee',
  's_address' => '308 Ashbourne Rd ',
  's_city' => 'Claymont',
  's_state' => 'DE',
  's_postcode' => '19703',
  's_country' => 'US',
  'email' => 'tomblakeslee@yahoo.com',
  's_tel' => '3022201247',
  'b_firstname' => 'Thomas',
  'b_lastname' => 'Blakeslee',
  'b_address' => '2504 Washington Ave ',
  'b_city' => 'Claymont',
  'b_state' => 'DE',
  'b_postcode' => '19703',
  'b_country' => 'US',
  'b_tel' => '3022201247',
) 
23:33:19 array (
  'siteno' => '193736180',
  'version' => '',
  'orderid' => '245150323073',
  'order_time' => '20150323233319',
  'lang' => 'en',
  'currency' => 'USD',
  'vat' => '16.00',
  'discount' => '0.00',
  'shippingfee' => '20.00',
  'productname[0]' => 'Bulls #13 Joakim Noah Black With 20TH Stitched NBA Jersey
 Size:XX Large/54',
  'productno[0]' => 'NBA10396',
  'price[0]' => '18.50',
  'qty[0]' => 1,
  'productname[1]' => 'Chicago Blackhawks #88 Patrick Kane Red-Black Split White Skull Stitched NHL Jersey
 Size:XXL(54)',
  'productno[1]' => 'NHL11634',
  'price[1]' => '33.00',
  'qty[1]' => 1,
  'productname[2]' => 'Bulls Personalized Authentic Black NBA Jersey (S-3XL)
 Size:XX Large/54
 Name:feeley
 Num#:68',
  'productno[2]' => 'CJ10090',
  'price[2]' => '79.00',
  'qty[2]' => 1,
  'productname[3]' => 'Bears #95 Richard Dent Black Shadow Hall of Fame 2011 Stitched NFL Jersey
 Size:XX Large/54',
  'productno[3]' => 'NFL18712',
  'price[3]' => '19.00',
  'qty[3]' => 1,
  'checkcode' => '7211a343628cb8649486ff69333f0f27',
  'backurl' => 'http://www.outlet-jersey.com/index.php?main_page=checkout_process',
  'notifyreurl' => 'http://www.outlet-jersey.com/mallpay_check.php',
  's_firstname' => 'patrick',
  's_lastname' => 'feeley',
  's_address' => '3429 n. avers ave. ',
  's_city' => 'chicago',
  's_state' => 'IL',
  's_postcode' => '60618',
  's_country' => 'US',
  'email' => 'feeley_p@yahoo.com',
  's_tel' => '773 814 8570',
  'b_firstname' => 'patrick',
  'b_lastname' => 'feeley',
  'b_address' => '3429 n. avers ave. ',
  'b_city' => 'chicago',
  'b_state' => 'IL',
  'b_postcode' => '60618',
  'b_country' => 'US',
  'b_tel' => '773 814 8570',
) 
23:36:22 array (
  'siteno' => '193736180',
  'version' => '',
  'orderid' => '245150323074',
  'order_time' => '20150323233622',
  'lang' => 'en',
  'currency' => 'USD',
  'vat' => '16.00',
  'discount' => '0.00',
  'shippingfee' => '20.00',
  'productname[0]' => 'Bulls #13 Joakim Noah Black With 20TH Stitched NBA Jersey
 Size:XX Large/54',
  'productno[0]' => 'NBA10396',
  'price[0]' => '18.50',
  'qty[0]' => 1,
  'productname[1]' => 'Chicago Blackhawks #88 Patrick Kane Red-Black Split White Skull Stitched NHL Jersey
 Size:XXL(54)',
  'productno[1]' => 'NHL11634',
  'price[1]' => '33.00',
  'qty[1]' => 1,
  'productname[2]' => 'Bears #95 Richard Dent Black Shadow Hall of Fame 2011 Stitched NFL Jersey
 Size:XX Large/54',
  'productno[2]' => 'NFL18712',
  'price[2]' => '19.00',
  'qty[2]' => 1,
  'productname[3]' => 'Bulls Personalized Authentic Black NBA Jersey (S-3XL)
 Size:XX Large/54
 Name:FEELEY
 Num#:69',
  'productno[3]' => 'CJ10090',
  'price[3]' => '79.00',
  'qty[3]' => 1,
  'checkcode' => '9fe693ccca7fcfd7b6f088bec6b8a18f',
  'backurl' => 'http://www.outlet-jersey.com/index.php?main_page=checkout_process',
  'notifyreurl' => 'http://www.outlet-jersey.com/mallpay_check.php',
  's_firstname' => 'patrick',
  's_lastname' => 'feeley',
  's_address' => '3429 n. avers ave. ',
  's_city' => 'chicago',
  's_state' => 'IL',
  's_postcode' => '60618',
  's_country' => 'US',
  'email' => 'feeley_p@yahoo.com',
  's_tel' => '773 814 8570',
  'b_firstname' => 'patrick',
  'b_lastname' => 'feeley',
  'b_address' => '3429 n. avers ave. ',
  'b_city' => 'chicago',
  'b_state' => 'IL',
  'b_postcode' => '60618',
  'b_country' => 'US',
  'b_tel' => '773 814 8570',
) 
