01:52:48 array (
  'siteno' => '193736180',
  'version' => '',
  'orderid' => '245150208005',
  'order_time' => '20150208015248',
  'lang' => 'en',
  'currency' => 'USD',
  'vat' => '4.00',
  'discount' => '0.00',
  'shippingfee' => '25.00',
  'productname[0]' => 'Nike Seahawks #12 Fan Lights Out Black Men\'s Stitched NFL Elite Jersey
 Size:40/M',
  'productno[0]' => 'NFL28319',
  'price[0]' => '22.50',
  'qty[0]' => 1,
  'checkcode' => '06629f7fc59008d2f4789eb2019d834a',
  'backurl' => 'http://www.outlet-jersey.com/index.php?main_page=checkout_process',
  'notifyreurl' => 'http://www.outlet-jersey.com/mallpay_check.php',
  's_firstname' => 'yoomi',
  's_lastname' => 'cho',
  's_address' => '9765 alburtis ave apt139 ',
  's_city' => 'santa fe springs',
  's_state' => 'CA',
  's_postcode' => '90670',
  's_country' => 'US',
  'email' => '06audis4@gmail.com',
  's_tel' => '2062266323',
  'b_firstname' => 'yoomi',
  'b_lastname' => 'cho',
  'b_address' => '9765 alburtis ave apt139 ',
  'b_city' => 'santa fe springs',
  'b_state' => 'CA',
  'b_postcode' => '90670',
  'b_country' => 'US',
  'b_tel' => '2062266323',
) 
01:55:47 array (
  'siteno' => '193736180',
  'version' => '',
  'orderid' => '245150208006',
  'order_time' => '20150208015547',
  'lang' => 'en',
  'currency' => 'USD',
  'vat' => '8.00',
  'discount' => '0.00',
  'shippingfee' => '20.00',
  'productname[0]' => '2015 Super Bowl XLIX-Patriots #21 Malcolm Butler Men\'s Stitched Blue Team Color 2015 Noble Fashion Elite Jersey
 Size:48 (XL)',
  'productno[0]' => 'JE1731718',
  'price[0]' => '35.75',
  'qty[0]' => 1,
  'productname[1]' => 'Patriots #87 Rob Gronkowski Red Women\'s Alternate Super Bowl XLVI Stitched NFL Jersey
 Size:Medium',
  'productno[1]' => 'WOMEN5647',
  'price[1]' => '20.00',
  'qty[1]' => 1,
  'checkcode' => '42429f9349db61ae8c50fd78fe821cef',
  'backurl' => 'http://www.outlet-jersey.com/index.php?main_page=checkout_process',
  'notifyreurl' => 'http://www.outlet-jersey.com/mallpay_check.php',
  's_firstname' => 'Brett',
  's_lastname' => 'Gibson',
  's_address' => '20 Bog Rd #311 ',
  's_city' => 'Concord',
  's_state' => 'NH',
  's_postcode' => '03303',
  's_country' => 'US',
  'email' => 'thenuabyss@gmail.com',
  's_tel' => '9788778143',
  'b_firstname' => 'Brett',
  'b_lastname' => 'Gibson',
  'b_address' => '20 Bog Rd #311 ',
  'b_city' => 'Concord',
  'b_state' => 'NH',
  'b_postcode' => '03303',
  'b_country' => 'US',
  'b_tel' => '9788778143',
) 
04:30:50 array (
  'siteno' => '193736180',
  'version' => '',
  'orderid' => '245150208021',
  'order_time' => '20150208043050',
  'lang' => 'en',
  'currency' => 'USD',
  'vat' => '8.00',
  'discount' => '0.00',
  'shippingfee' => '20.00',
  'productname[0]' => 'New Nike Carolina Panthers 59 Kuechly Impact Limited Black Jerseys
 Size:54 (XXL)',
  'productno[0]' => 'NFL18551',
  'price[0]' => '21.50',
  'qty[0]' => 2,
  'checkcode' => '20fb01f5332d2f1c1baba5609e26e94f',
  'backurl' => 'http://www.outlet-jersey.com/index.php?main_page=checkout_process',
  'notifyreurl' => 'http://www.outlet-jersey.com/mallpay_check.php',
  's_firstname' => 'Glenn Charles',
  's_lastname' => 'Barren',
  's_address' => '1516 Holmes ct ',
  's_city' => 'virginia beach',
  's_state' => 'VA',
  's_postcode' => '23456',
  's_country' => 'US',
  'email' => 'gbarren@yahoo.com',
  's_tel' => '3018731374',
  'b_firstname' => 'Glenn Charles',
  'b_lastname' => 'Barren',
  'b_address' => '1516 Holmes ct ',
  'b_city' => 'virginia beach',
  'b_state' => 'VA',
  'b_postcode' => '23456',
  'b_country' => 'US',
  'b_tel' => '3018731374',
) 
04:33:49 array (
  'siteno' => '193736180',
  'version' => '',
  'orderid' => '245150208022',
  'order_time' => '20150208043349',
  'lang' => 'en',
  'currency' => 'USD',
  'vat' => '4.00',
  'discount' => '0.00',
  'shippingfee' => '25.00',
  'productname[0]' => 'New Nike Carolina Panthers 59 Kuechly Impact Limited Black Jerseys
 Size:54 (XXL)',
  'productno[0]' => 'NFL18551',
  'price[0]' => '21.50',
  'qty[0]' => 1,
  'checkcode' => '084b0433b767300a8b1c93c8be732d8b',
  'backurl' => 'http://www.outlet-jersey.com/index.php?main_page=checkout_process',
  'notifyreurl' => 'http://www.outlet-jersey.com/mallpay_check.php',
  's_firstname' => 'Glenn Charles',
  's_lastname' => 'Barren',
  's_address' => '1516 Holmes ct ',
  's_city' => 'virginia beach',
  's_state' => 'VA',
  's_postcode' => '23456',
  's_country' => 'US',
  'email' => 'gbarren@yahoo.com',
  's_tel' => '3018731374',
  'b_firstname' => 'Glenn Charles',
  'b_lastname' => 'Barren',
  'b_address' => '1516 Holmes ct ',
  'b_city' => 'virginia beach',
  'b_state' => 'VA',
  'b_postcode' => '23456',
  'b_country' => 'US',
  'b_tel' => '3018731374',
) 
04:33:54 array (
  'siteno' => '193736180',
  'version' => '',
  'orderid' => '245150208023',
  'order_time' => '20150208043354',
  'lang' => 'en',
  'currency' => 'USD',
  'vat' => '4.00',
  'discount' => '0.00',
  'shippingfee' => '25.00',
  'productname[0]' => 'New Nike Carolina Panthers 59 Kuechly Impact Limited Black Jerseys
 Size:54 (XXL)',
  'productno[0]' => 'NFL18551',
  'price[0]' => '21.50',
  'qty[0]' => 1,
  'checkcode' => '489b9dfc14bb8fd5dea1af71d931106a',
  'backurl' => 'http://www.outlet-jersey.com/index.php?main_page=checkout_process',
  'notifyreurl' => 'http://www.outlet-jersey.com/mallpay_check.php',
  's_firstname' => 'Glenn Charles',
  's_lastname' => 'Barren',
  's_address' => '1516 Holmes ct ',
  's_city' => 'virginia beach',
  's_state' => 'VA',
  's_postcode' => '23456',
  's_country' => 'US',
  'email' => 'gbarren@yahoo.com',
  's_tel' => '3018731374',
  'b_firstname' => 'Glenn Charles',
  'b_lastname' => 'Barren',
  'b_address' => '1516 Holmes ct ',
  'b_city' => 'virginia beach',
  'b_state' => 'VA',
  'b_postcode' => '23456',
  'b_country' => 'US',
  'b_tel' => '3018731374',
) 
04:37:02 array (
  'siteno' => '193736180',
  'version' => '',
  'orderid' => '245150208024',
  'order_time' => '20150208043702',
  'lang' => 'en',
  'currency' => 'USD',
  'vat' => '4.00',
  'discount' => '0.00',
  'shippingfee' => '25.00',
  'productname[0]' => 'New Nike Carolina Panthers 59 Kuechly Impact Limited Black Jerseys
 Size:54 (XXL)',
  'productno[0]' => 'NFL18551',
  'price[0]' => '21.50',
  'qty[0]' => 1,
  'checkcode' => 'a6370e2335246d63488cfb4968239861',
  'backurl' => 'http://www.outlet-jersey.com/index.php?main_page=checkout_process',
  'notifyreurl' => 'http://www.outlet-jersey.com/mallpay_check.php',
  's_firstname' => 'Glenn Charles',
  's_lastname' => 'Barren',
  's_address' => '1516 Holmes ct ',
  's_city' => 'virginia beach',
  's_state' => 'VA',
  's_postcode' => '23456',
  's_country' => 'US',
  'email' => 'gbarren@yahoo.com',
  's_tel' => '3018731374',
  'b_firstname' => 'Glenn Charles',
  'b_lastname' => 'Barren',
  'b_address' => '1516 Holmes ct ',
  'b_city' => 'virginia beach',
  'b_state' => 'VA',
  'b_postcode' => '23456',
  'b_country' => 'US',
  'b_tel' => '3018731374',
) 
07:14:26 array (
  'siteno' => '193736180',
  'version' => '',
  'orderid' => '245150208030',
  'order_time' => '20150208071426',
  'lang' => 'en',
  'currency' => 'USD',
  'vat' => '8.00',
  'discount' => '0.00',
  'shippingfee' => '20.00',
  'productname[0]' => 'New England Patriots #87 Rob Gronkowski Grey-Blue Sawyer Hooded Sweatshirt Stitched Jersey
 Size:L',
  'productno[0]' => 'NFL22493',
  'price[0]' => '36.00',
  'qty[0]' => 1,
  'productname[1]' => 'New England Patriots #12 Tom Brady Grey-Blue Sawyer Hooded Sweatshirt Stitched Jersey
 Size:L',
  'productno[1]' => 'NFL22486',
  'price[1]' => '36.00',
  'qty[1]' => 1,
  'checkcode' => 'd22c15f93538e4e6d671b6fa70ea3437',
  'backurl' => 'http://www.outlet-jersey.com/index.php?main_page=checkout_process',
  'notifyreurl' => 'http://www.outlet-jersey.com/mallpay_check.php',
  's_firstname' => 'Susan',
  's_lastname' => 'Hanley',
  's_address' => '22 Powder Mill RD ',
  's_city' => 'Warren',
  's_state' => 'ME',
  's_postcode' => '04864',
  's_country' => 'US',
  'email' => 'fhanley@tds.net',
  's_tel' => '2072733715',
  'b_firstname' => 'Susan',
  'b_lastname' => 'Hanley',
  'b_address' => '22 Powder Mill RD ',
  'b_city' => 'Warren',
  'b_state' => 'ME',
  'b_postcode' => '04864',
  'b_country' => 'US',
  'b_tel' => '2072733715',
) 
09:21:16 array (
  'siteno' => '193736180',
  'version' => '',
  'orderid' => '245150208043',
  'order_time' => '20150208092116',
  'lang' => 'en',
  'currency' => 'USD',
  'vat' => '4.00',
  'discount' => '0.00',
  'shippingfee' => '25.00',
  'productname[0]' => '2015 NFL New England Patriots Knit Hats',
  'productno[0]' => 'HAT13214',
  'price[0]' => '9.90',
  'qty[0]' => 1,
  'checkcode' => 'facb3fd1ed104c27c746d582e570080c',
  'backurl' => 'http://www.outlet-jersey.com/index.php?main_page=checkout_process',
  'notifyreurl' => 'http://www.outlet-jersey.com/mallpay_check.php',
  's_firstname' => 'Jennifer',
  's_lastname' => 'Dubois',
  's_address' => '13 Asylum rd ',
  's_city' => 'warren',
  's_state' => 'RI',
  's_postcode' => '02885',
  's_country' => 'US',
  'email' => 'jeepchickjld94@hotmail.com',
  's_tel' => '4018645438',
  'b_firstname' => 'Jennifer',
  'b_lastname' => 'Dubois',
  'b_address' => '13 Asylum rd ',
  'b_city' => 'warren',
  'b_state' => 'RI',
  'b_postcode' => '02885',
  'b_country' => 'US',
  'b_tel' => '4018645438',
) 
12:03:16 array (
  'siteno' => '193736180',
  'version' => '',
  'orderid' => '245150208049',
  'order_time' => '20150208120316',
  'lang' => 'en',
  'currency' => 'USD',
  'vat' => '12.00',
  'discount' => '0.00',
  'shippingfee' => '20.00',
  'productname[0]' => 'NFL Reebok Green Bay Packers Logo Stitched Knit Hats 001',
  'productno[0]' => 'SPT21552',
  'price[0]' => '7.00',
  'qty[0]' => 3,
  'checkcode' => 'e8988c8d76d3bd374f19eed0367e924f',
  'backurl' => 'http://www.outlet-jersey.com/index.php?main_page=checkout_process',
  'notifyreurl' => 'http://www.outlet-jersey.com/mallpay_check.php',
  's_firstname' => 'Karen',
  's_lastname' => 'wells',
  's_address' => '1106 river place blvd ',
  's_city' => 'waukesha',
  's_state' => 'WI',
  's_postcode' => '53189',
  's_country' => 'US',
  'email' => 'Imfrezn@yahoo.com',
  's_tel' => '2624423914',
  'b_firstname' => 'Karen',
  'b_lastname' => 'wells',
  'b_address' => '1106 river place blvd ',
  'b_city' => 'waukesha',
  'b_state' => 'WI',
  'b_postcode' => '53189',
  'b_country' => 'US',
  'b_tel' => '2624423914',
) 
14:32:43 array (
  'siteno' => '193736180',
  'version' => '',
  'orderid' => '245150208057',
  'order_time' => '20150208143243',
  'lang' => 'en',
  'currency' => 'USD',
  'vat' => '8.00',
  'discount' => '0.00',
  'shippingfee' => '20.00',
  'productname[0]' => 'Nike Dallas Cowboys 88# Bryant White Thanksgiving Men\'s NFL Elite Jerseys
 Size:44 (L)',
  'productno[0]' => 'JE1731318',
  'price[0]' => '24.93',
  'qty[0]' => 1,
  'productname[1]' => '2012 NEW NFL Denver Broncos 7 john elway Blue Jerseys (Limited)
 Size:L',
  'productno[1]' => 'NFL19838',
  'price[1]' => '21.50',
  'qty[1]' => 1,
  'checkcode' => '10caba8c6da92ae993cab31a860c7484',
  'backurl' => 'http://www.outlet-jersey.com/index.php?main_page=checkout_process',
  'notifyreurl' => 'http://www.outlet-jersey.com/mallpay_check.php',
  's_firstname' => 'Alex',
  's_lastname' => 'Garcia',
  's_address' => '1057 Raleigh ',
  's_city' => 'Denver',
  's_state' => 'CO',
  's_postcode' => '80204',
  's_country' => 'US',
  'email' => 'alexjoseph303@yahoo.com',
  's_tel' => '7203098035',
  'b_firstname' => 'Alex',
  'b_lastname' => 'Garcia',
  'b_address' => '1057 Raleigh ',
  'b_city' => 'Denver',
  'b_state' => 'CO',
  'b_postcode' => '80204',
  'b_country' => 'US',
  'b_tel' => '7203098035',
) 
14:40:10 array (
  'siteno' => '193736180',
  'version' => '',
  'orderid' => '245150208058',
  'order_time' => '20150208144010',
  'lang' => 'en',
  'currency' => 'USD',
  'vat' => '8.00',
  'discount' => '0.00',
  'shippingfee' => '20.00',
  'productname[0]' => 'Nike Dallas Cowboys 88# Bryant White Thanksgiving Men\'s NFL Elite Jerseys
 Size:44 (L)',
  'productno[0]' => 'JE1731318',
  'price[0]' => '24.93',
  'qty[0]' => 1,
  'productname[1]' => '2012 NEW NFL Denver Broncos 7 john elway Blue Jerseys (Limited)
 Size:L',
  'productno[1]' => 'NFL19838',
  'price[1]' => '21.50',
  'qty[1]' => 1,
  'checkcode' => 'bf92f78f3594b30d861d865926f63e5a',
  'backurl' => 'http://www.outlet-jersey.com/index.php?main_page=checkout_process',
  'notifyreurl' => 'http://www.outlet-jersey.com/mallpay_check.php',
  's_firstname' => 'Alex',
  's_lastname' => 'Garcia',
  's_address' => '1057 Raleigh ',
  's_city' => 'Denver',
  's_state' => 'CO',
  's_postcode' => '80204',
  's_country' => 'US',
  'email' => 'alexjoseph303@yahoo.com',
  's_tel' => '7203098035',
  'b_firstname' => 'Alex',
  'b_lastname' => 'Garcia',
  'b_address' => '1057 Raleigh ',
  'b_city' => 'Denver',
  'b_state' => 'CO',
  'b_postcode' => '80204',
  'b_country' => 'US',
  'b_tel' => '7203098035',
) 
14:43:15 array (
  'siteno' => '193736180',
  'version' => '',
  'orderid' => '245150208059',
  'order_time' => '20150208144315',
  'lang' => 'en',
  'currency' => 'USD',
  'vat' => '8.00',
  'discount' => '0.00',
  'shippingfee' => '20.00',
  'productname[0]' => 'Nike Dallas Cowboys 88# Bryant White Thanksgiving Men\'s NFL Elite Jerseys
 Size:44 (L)',
  'productno[0]' => 'JE1731318',
  'price[0]' => '24.93',
  'qty[0]' => 1,
  'productname[1]' => '2012 NEW NFL Denver Broncos 7 john elway Blue Jerseys (Limited)
 Size:L',
  'productno[1]' => 'NFL19838',
  'price[1]' => '21.50',
  'qty[1]' => 1,
  'checkcode' => '644cb88958a887afab074da1e762647a',
  'backurl' => 'http://www.outlet-jersey.com/index.php?main_page=checkout_process',
  'notifyreurl' => 'http://www.outlet-jersey.com/mallpay_check.php',
  's_firstname' => 'Alex',
  's_lastname' => 'Garcia',
  's_address' => '1057 Raleigh ',
  's_city' => 'Denver',
  's_state' => 'CO',
  's_postcode' => '80204',
  's_country' => 'US',
  'email' => 'alexjoseph303@yahoo.com',
  's_tel' => '7203098035',
  'b_firstname' => 'Alex',
  'b_lastname' => 'Garcia',
  'b_address' => '1057 Raleigh ',
  'b_city' => 'Denver',
  'b_state' => 'CO',
  'b_postcode' => '80204',
  'b_country' => 'US',
  'b_tel' => '7203098035',
) 
14:44:48 array (
  'siteno' => '193736180',
  'version' => '',
  'orderid' => '245150208060',
  'order_time' => '20150208144448',
  'lang' => 'en',
  'currency' => 'USD',
  'vat' => '8.00',
  'discount' => '0.00',
  'shippingfee' => '20.00',
  'productname[0]' => 'Nike Dallas Cowboys 88# Bryant White Thanksgiving Men\'s NFL Elite Jerseys
 Size:44 (L)',
  'productno[0]' => 'JE1731318',
  'price[0]' => '24.93',
  'qty[0]' => 1,
  'productname[1]' => '2012 NEW NFL Denver Broncos 7 john elway Blue Jerseys (Limited)
 Size:L',
  'productno[1]' => 'NFL19838',
  'price[1]' => '21.50',
  'qty[1]' => 1,
  'checkcode' => '31d2724ea7479bf120906ad7de276fdc',
  'backurl' => 'http://www.outlet-jersey.com/index.php?main_page=checkout_process',
  'notifyreurl' => 'http://www.outlet-jersey.com/mallpay_check.php',
  's_firstname' => 'Alex',
  's_lastname' => 'Garcia',
  's_address' => '1057 Raleigh ',
  's_city' => 'Denver',
  's_state' => 'CO',
  's_postcode' => '80204',
  's_country' => 'US',
  'email' => 'alexjoseph303@yahoo.com',
  's_tel' => '7203098035',
  'b_firstname' => 'Alex',
  'b_lastname' => 'Garcia',
  'b_address' => '1057 Raleigh ',
  'b_city' => 'Denver',
  'b_state' => 'CO',
  'b_postcode' => '80204',
  'b_country' => 'US',
  'b_tel' => '7203098035',
) 
23:44:23 array (
  'siteno' => '193736180',
  'version' => '',
  'orderid' => '245150208072',
  'order_time' => '20150208234423',
  'lang' => 'en',
  'currency' => 'USD',
  'vat' => '8.00',
  'discount' => '0.00',
  'shippingfee' => '20.00',
  'productname[0]' => 'Nike Houston Texans #99 JJ Watt Silver Grey
 Size:54 (XXL)',
  'productno[0]' => 'NFL20926',
  'price[0]' => '22.50',
  'qty[0]' => 1,
  'productname[1]' => '2013 NEW NFL Green Bay Packers #87 Jordy Nelson Green Team Color Drift Fashion Elite Jersey
 Size:52',
  'productno[1]' => 'NFL20467',
  'price[1]' => '22.50',
  'qty[1]' => 1,
  'checkcode' => '931f702c76827d531169ff5417a11c69',
  'backurl' => 'http://www.outlet-jersey.com/index.php?main_page=checkout_process',
  'notifyreurl' => 'http://www.outlet-jersey.com/mallpay_check.php',
  's_firstname' => 'aimee',
  's_lastname' => 'kaschel',
  's_address' => '920 10th ave ',
  's_city' => 'antigo',
  's_state' => 'WI',
  's_postcode' => '54409',
  's_country' => 'US',
  'email' => 'sportlady08@yahoo.com',
  's_tel' => '7156103882',
  'b_firstname' => 'aimee',
  'b_lastname' => 'kaschel',
  'b_address' => '920 10th ave ',
  'b_city' => 'antigo',
  'b_state' => 'WI',
  'b_postcode' => '54409',
  'b_country' => 'US',
  'b_tel' => '7156103882',
) 
