05:24:59 array (
  'siteno' => '193736180',
  'version' => '',
  'orderid' => '245150321031',
  'order_time' => '20150321052459',
  'lang' => 'en',
  'currency' => 'USD',
  'vat' => '8.00',
  'discount' => '0.00',
  'shippingfee' => '20.00',
  'productname[0]' => 'Blackhawks #88 Patrick Kane Men\'s Stitched Red Fights Cancer Hockey Jersey
 Size:XXXL(56)',
  'productno[0]' => 'NHL13641',
  'price[0]' => '36.70',
  'qty[0]' => 1,
  'productname[1]' => 'Chicago Blackhawks 81 Marian Hossa White With Purple Jersey With 2013 Stanley Cup Patch
 Size:M(48)',
  'productno[1]' => 'NHL10317',
  'price[1]' => '34.00',
  'qty[1]' => 1,
  'checkcode' => '833973457d9f373cbfdb78672bd10bb9',
  'backurl' => 'http://www.outlet-jersey.com/index.php?main_page=checkout_process',
  'notifyreurl' => 'http://www.outlet-jersey.com/mallpay_check.php',
  's_firstname' => 'Matthew',
  's_lastname' => 'Melancon',
  's_address' => '8817 Brandywine Rd NE ',
  's_city' => 'Albuquerque',
  's_state' => 'NM',
  's_postcode' => '87111',
  's_country' => 'US',
  'email' => 'psajuniors@hotmail.com',
  's_tel' => '815-514-9601',
  'b_firstname' => 'Matthew',
  'b_lastname' => 'Melancon',
  'b_address' => '8817 Brandywine Rd NE ',
  'b_city' => 'Albuquerque',
  'b_state' => 'NM',
  'b_postcode' => '87111',
  'b_country' => 'US',
  'b_tel' => '815-514-9601',
) 
06:18:06 array (
  'siteno' => '193736180',
  'version' => '',
  'orderid' => '245150321036',
  'order_time' => '20150321061806',
  'lang' => 'en',
  'currency' => 'USD',
  'vat' => '4.00',
  'discount' => '0.00',
  'shippingfee' => '25.00',
  'productname[0]' => 'NHL Jersey Chicago Blackhawks 19 Toews Red  Men Stitched 2015 Winter Classic Stitched NHL Jersey
 Size:XL(52)',
  'productno[0]' => 'NHL2015019524',
  'price[0]' => '36.80',
  'qty[0]' => 1,
  'checkcode' => '0f9ee3c182c098a01ca639ce8f5811e1',
  'backurl' => 'http://www.outlet-jersey.com/index.php?main_page=checkout_process',
  'notifyreurl' => 'http://www.outlet-jersey.com/mallpay_check.php',
  's_firstname' => 'randy',
  's_lastname' => 'heller',
  's_address' => '137 toulon dr ',
  's_city' => 'buffalo grove',
  's_state' => 'IL',
  's_postcode' => '60089',
  's_country' => 'US',
  'email' => 'randy.heller48@gmail.com',
  's_tel' => '773.858.4788',
  'b_firstname' => 'randy',
  'b_lastname' => 'heller',
  'b_address' => '137 toulon dr ',
  'b_city' => 'buffalo grove',
  'b_state' => 'IL',
  'b_postcode' => '60089',
  'b_country' => 'US',
  'b_tel' => '773.858.4788',
) 
06:35:28 array (
  'siteno' => '193736180',
  'version' => '',
  'orderid' => '245150321038',
  'order_time' => '20150321063528',
  'lang' => 'en',
  'currency' => 'USD',
  'vat' => '4.00',
  'discount' => '0.00',
  'shippingfee' => '25.00',
  'productname[0]' => 'Anaheim Ducks #17 Ryan Kesler White New Road NHL Jersey
 Size:XXL(54)',
  'productno[0]' => 'NHL10881',
  'price[0]' => '33.00',
  'qty[0]' => 1,
  'checkcode' => 'b92a631b6a8d5fa36a564beef431022f',
  'backurl' => 'http://www.outlet-jersey.com/index.php?main_page=checkout_process',
  'notifyreurl' => 'http://www.outlet-jersey.com/mallpay_check.php',
  's_firstname' => 'Jairo',
  's_lastname' => 'uribe',
  's_address' => '26686 paseo tecate ',
  's_city' => 'san juan Capistrano',
  's_state' => 'CA',
  's_postcode' => '92675',
  's_country' => 'US',
  'email' => 'uribej1990@yahoo.com',
  's_tel' => '9495728668',
  'b_firstname' => 'Jairo',
  'b_lastname' => 'uribe',
  'b_address' => '26686 paseo tecate ',
  'b_city' => 'san juan Capistrano',
  'b_state' => 'CA',
  'b_postcode' => '92675',
  'b_country' => 'US',
  'b_tel' => '9495728668',
) 
07:51:06 array (
  'siteno' => '193736180',
  'version' => '',
  'orderid' => '245150321045',
  'order_time' => '20150321075106',
  'lang' => 'en',
  'currency' => 'USD',
  'vat' => '12.00',
  'discount' => '0.00',
  'shippingfee' => '20.00',
  'productname[0]' => 'Men\'s jonathan toews authentic green jersey reebok 19 NHL chicago blackhawks
 Size:54 (XXL)',
  'productno[0]' => 'NHL13627',
  'price[0]' => '38.99',
  'qty[0]' => 2,
  'productname[1]' => 'Men\'s jonathan toews authentic green jersey reebok 19 NHL chicago blackhawks
 Size:48 (M)',
  'productno[1]' => 'NHL13627',
  'price[1]' => '38.99',
  'qty[1]' => 1,
  'checkcode' => '956f7fb18c00a31aea44cc156617f68d',
  'backurl' => 'http://www.outlet-jersey.com/index.php?main_page=checkout_process',
  'notifyreurl' => 'http://www.outlet-jersey.com/mallpay_check.php',
  's_firstname' => 'Anthony',
  's_lastname' => 'Lullo',
  's_address' => '3663 w. Belmont ave. #319 ',
  's_city' => 'chicago',
  's_state' => 'IL',
  's_postcode' => '60618',
  's_country' => 'US',
  'email' => 'boneslullo@gmail.com',
  's_tel' => '7087213456',
  'b_firstname' => 'Anthony',
  'b_lastname' => 'Lullo',
  'b_address' => '3663 w. Belmont ave. #319 ',
  'b_city' => 'chicago',
  'b_state' => 'IL',
  'b_postcode' => '60618',
  'b_country' => 'US',
  'b_tel' => '7087213456',
) 
07:56:46 array (
  'siteno' => '193736180',
  'version' => '',
  'orderid' => '245150321046',
  'order_time' => '20150321075646',
  'lang' => 'en',
  'currency' => 'USD',
  'vat' => '12.00',
  'discount' => '0.00',
  'shippingfee' => '20.00',
  'productname[0]' => 'Men\'s jonathan toews authentic green jersey reebok 19 NHL chicago blackhawks
 Size:54 (XXL)',
  'productno[0]' => 'NHL13627',
  'price[0]' => '38.99',
  'qty[0]' => 2,
  'productname[1]' => 'Men\'s jonathan toews authentic green jersey reebok 19 NHL chicago blackhawks
 Size:48 (M)',
  'productno[1]' => 'NHL13627',
  'price[1]' => '38.99',
  'qty[1]' => 1,
  'checkcode' => 'f1464dff46650d2a5b6413c7325f41f8',
  'backurl' => 'http://www.outlet-jersey.com/index.php?main_page=checkout_process',
  'notifyreurl' => 'http://www.outlet-jersey.com/mallpay_check.php',
  's_firstname' => 'Anthony',
  's_lastname' => 'Lullo',
  's_address' => '3663 w. Belmont ave. #319 ',
  's_city' => 'chicago',
  's_state' => 'IL',
  's_postcode' => '60618',
  's_country' => 'US',
  'email' => 'boneslullo@gmail.com',
  's_tel' => '7087213456',
  'b_firstname' => 'Anthony',
  'b_lastname' => 'Lullo',
  'b_address' => '3663 w. Belmont ave. #319 ',
  'b_city' => 'chicago',
  'b_state' => 'IL',
  'b_postcode' => '60618',
  'b_country' => 'US',
  'b_tel' => '7087213456',
) 
08:56:52 array (
  'siteno' => '193736180',
  'version' => '',
  'orderid' => '245150321053',
  'order_time' => '20150321085652',
  'lang' => 'en',
  'currency' => 'USD',
  'vat' => '8.00',
  'discount' => '0.00',
  'shippingfee' => '20.00',
  'productname[0]' => 'Ducks #9 Paul Kariya Men\'s Stitched White CCM Throwback Hockey Jersey
 Size:XXL(54)',
  'productno[0]' => 'JE1731698',
  'price[0]' => '36.74',
  'qty[0]' => 1,
  'productname[1]' => 'NEW women jerseys carolina panthers #1 cam newton pink(fashion camo)
 Size:XL',
  'productno[1]' => 'WOMEN1064',
  'price[1]' => '32.00',
  'qty[1]' => 1,
  'checkcode' => '8d0055909cf293741e6efaf91f4664cd',
  'backurl' => 'http://www.outlet-jersey.com/index.php?main_page=checkout_process',
  'notifyreurl' => 'http://www.outlet-jersey.com/mallpay_check.php',
  's_firstname' => 'Raymond',
  's_lastname' => 'Handy',
  's_address' => '2780 Clifton ave ',
  's_city' => 'creedmoor',
  's_state' => 'NC',
  's_postcode' => '27522',
  's_country' => 'US',
  'email' => 'rhandy919@yahoo.com',
  's_tel' => '984 209 8822',
  'b_firstname' => 'Raymond',
  'b_lastname' => 'Handy',
  'b_address' => '2780 Clifton ave ',
  'b_city' => 'creedmoor',
  'b_state' => 'NC',
  'b_postcode' => '27522',
  'b_country' => 'US',
  'b_tel' => '984 209 8822',
) 
08:58:45 array (
  'siteno' => '193736180',
  'version' => '',
  'orderid' => '245150321054',
  'order_time' => '20150321085845',
  'lang' => 'en',
  'currency' => 'USD',
  'vat' => '8.00',
  'discount' => '0.00',
  'shippingfee' => '20.00',
  'productname[0]' => 'Ducks #9 Paul Kariya Men\'s Stitched White CCM Throwback Hockey Jersey
 Size:XXL(54)',
  'productno[0]' => 'JE1731698',
  'price[0]' => '36.74',
  'qty[0]' => 1,
  'productname[1]' => 'NEW women jerseys carolina panthers #1 cam newton pink(fashion camo)
 Size:XL',
  'productno[1]' => 'WOMEN1064',
  'price[1]' => '32.00',
  'qty[1]' => 1,
  'checkcode' => 'e89068f243ab3b2d4b6e102fed9e9275',
  'backurl' => 'http://www.outlet-jersey.com/index.php?main_page=checkout_process',
  'notifyreurl' => 'http://www.outlet-jersey.com/mallpay_check.php',
  's_firstname' => 'Raymond',
  's_lastname' => 'Handy',
  's_address' => '2780 Clifton ave ',
  's_city' => 'creedmoor',
  's_state' => 'NC',
  's_postcode' => '27522',
  's_country' => 'US',
  'email' => 'rhandy919@yahoo.com',
  's_tel' => '984 209 8822',
  'b_firstname' => 'Raymond',
  'b_lastname' => 'Handy',
  'b_address' => '2780 Clifton ave ',
  'b_city' => 'creedmoor',
  'b_state' => 'NC',
  'b_postcode' => '27522',
  'b_country' => 'US',
  'b_tel' => '984 209 8822',
) 
08:59:44 array (
  'siteno' => '193736180',
  'version' => '',
  'orderid' => '245150321055',
  'order_time' => '20150321085944',
  'lang' => 'en',
  'currency' => 'USD',
  'vat' => '16.00',
  'discount' => '0.00',
  'shippingfee' => '20.00',
  'productname[0]' => 'Red Wings #13 Pavel Datsyuk Red Women\'s Home Stitched NHL Jersey
 Size:Large/50',
  'productno[0]' => 'WOMEN6732',
  'price[0]' => '31.00',
  'qty[0]' => 1,
  'productname[1]' => 'Red Sox #15 Dustin Pedroia White Women\'s Fashion Stitched Baseball Jersey
 Size:Large',
  'productno[1]' => 'WOMEN4678',
  'price[1]' => '19.00',
  'qty[1]' => 1,
  'productname[2]' => 'Red Wings 35# Hdward Stitched Red NHL Jersey
 Size:L(50)',
  'productno[2]' => 'NHL11859',
  'price[2]' => '33.00',
  'qty[2]' => 1,
  'productname[3]' => 'Red Wings #40 Henrik Zetterberg Red Women\'s Home Stitched NHL Jersey
 Size:Large/50',
  'productno[3]' => 'WOMEN6734',
  'price[3]' => '31.00',
  'qty[3]' => 1,
  'checkcode' => '1b43a2a43a016bde609539888983635a',
  'backurl' => 'http://www.outlet-jersey.com/index.php?main_page=checkout_process',
  'notifyreurl' => 'http://www.outlet-jersey.com/mallpay_check.php',
  's_firstname' => 'Lynn',
  's_lastname' => 'Reynolds',
  's_address' => '387 Eastlook Dr ',
  's_city' => 'Saline',
  's_state' => 'MI',
  's_postcode' => '48176',
  's_country' => 'US',
  'email' => 'Jlsportsfam82@aol.com',
  's_tel' => '734-330-7535',
  'b_firstname' => 'Lynn',
  'b_lastname' => 'Reynolds',
  'b_address' => '387 Eastlook Dr ',
  'b_city' => 'Saline',
  'b_state' => 'MI',
  'b_postcode' => '48176',
  'b_country' => 'US',
  'b_tel' => '734-330-7535',
) 
09:00:12 array (
  'siteno' => '193736180',
  'version' => '',
  'orderid' => '245150321056',
  'order_time' => '20150321090012',
  'lang' => 'en',
  'currency' => 'USD',
  'vat' => '8.00',
  'discount' => '0.00',
  'shippingfee' => '20.00',
  'productname[0]' => 'Ducks #9 Paul Kariya Men\'s Stitched White CCM Throwback Hockey Jersey
 Size:XXL(54)',
  'productno[0]' => 'JE1731698',
  'price[0]' => '36.74',
  'qty[0]' => 1,
  'productname[1]' => 'NEW women jerseys carolina panthers #1 cam newton pink(fashion camo)
 Size:XL',
  'productno[1]' => 'WOMEN1064',
  'price[1]' => '32.00',
  'qty[1]' => 1,
  'checkcode' => '1a0c1d84bba8b96bb4c945e61e49395a',
  'backurl' => 'http://www.outlet-jersey.com/index.php?main_page=checkout_process',
  'notifyreurl' => 'http://www.outlet-jersey.com/mallpay_check.php',
  's_firstname' => 'Raymond',
  's_lastname' => 'Handy',
  's_address' => '2780 Clifton ave ',
  's_city' => 'creedmoor',
  's_state' => 'NC',
  's_postcode' => '27522',
  's_country' => 'US',
  'email' => 'rhandy919@yahoo.com',
  's_tel' => '984 209 8822',
  'b_firstname' => 'Raymond',
  'b_lastname' => 'Handy',
  'b_address' => '2780 Clifton ave ',
  'b_city' => 'creedmoor',
  'b_state' => 'NC',
  'b_postcode' => '27522',
  'b_country' => 'US',
  'b_tel' => '984 209 8822',
) 
09:03:13 array (
  'siteno' => '193736180',
  'version' => '',
  'orderid' => '245150321057',
  'order_time' => '20150321090313',
  'lang' => 'en',
  'currency' => 'USD',
  'vat' => '8.00',
  'discount' => '0.00',
  'shippingfee' => '20.00',
  'productname[0]' => 'Ducks #9 Paul Kariya Men\'s Stitched White CCM Throwback Hockey Jersey
 Size:XXL(54)',
  'productno[0]' => 'JE1731698',
  'price[0]' => '36.74',
  'qty[0]' => 1,
  'productname[1]' => 'NEW women jerseys carolina panthers #1 cam newton pink(fashion camo)
 Size:XL',
  'productno[1]' => 'WOMEN1064',
  'price[1]' => '32.00',
  'qty[1]' => 1,
  'checkcode' => 'cacf9c8eb0653ed2bccc7a14405c1ebc',
  'backurl' => 'http://www.outlet-jersey.com/index.php?main_page=checkout_process',
  'notifyreurl' => 'http://www.outlet-jersey.com/mallpay_check.php',
  's_firstname' => 'Raymond',
  's_lastname' => 'Handy',
  's_address' => '2780 Clifton ave ',
  's_city' => 'creedmoor',
  's_state' => 'NC',
  's_postcode' => '27522',
  's_country' => 'US',
  'email' => 'rhandy919@yahoo.com',
  's_tel' => '984 209 8822',
  'b_firstname' => 'Raymond',
  'b_lastname' => 'Handy',
  'b_address' => '2780 Clifton ave ',
  'b_city' => 'creedmoor',
  'b_state' => 'NC',
  'b_postcode' => '27522',
  'b_country' => 'US',
  'b_tel' => '984 209 8822',
) 
10:37:21 array (
  'siteno' => '193736180',
  'version' => '',
  'orderid' => '245150321072',
  'order_time' => '20150321103721',
  'lang' => 'en',
  'currency' => 'USD',
  'vat' => '8.00',
  'discount' => '0.00',
  'shippingfee' => '20.00',
  'productname[0]' => 'Ducks #9 Paul Kariya Men\'s Stitched White CCM Throwback Hockey Jersey
 Size:XXL(54)',
  'productno[0]' => 'JE1731698',
  'price[0]' => '36.74',
  'qty[0]' => 1,
  'productname[1]' => 'NEW women jerseys carolina panthers #1 cam newton pink(fashion camo)
 Size:XL',
  'productno[1]' => 'WOMEN1064',
  'price[1]' => '32.00',
  'qty[1]' => 1,
  'checkcode' => '8d738f9e6f9c5304280a13de85604243',
  'backurl' => 'http://www.outlet-jersey.com/index.php?main_page=checkout_process',
  'notifyreurl' => 'http://www.outlet-jersey.com/mallpay_check.php',
  's_firstname' => 'raymond',
  's_lastname' => 'handy',
  's_address' => '2780 Clifton ave ',
  's_city' => 'creedmoor',
  's_state' => 'NC',
  's_postcode' => '27522',
  's_country' => 'US',
  'email' => 'critterspony@yahoo.com',
  's_tel' => '9842098822',
  'b_firstname' => 'raymond',
  'b_lastname' => 'handy',
  'b_address' => '2780 Clifton ave ',
  'b_city' => 'creedmoor',
  'b_state' => 'NC',
  'b_postcode' => '27522',
  'b_country' => 'US',
  'b_tel' => '9842098822',
) 
10:39:16 array (
  'siteno' => '193736180',
  'version' => '',
  'orderid' => '245150321073',
  'order_time' => '20150321103916',
  'lang' => 'en',
  'currency' => 'USD',
  'vat' => '8.00',
  'discount' => '0.00',
  'shippingfee' => '20.00',
  'productname[0]' => 'Ducks #9 Paul Kariya Men\'s Stitched White CCM Throwback Hockey Jersey
 Size:XXL(54)',
  'productno[0]' => 'JE1731698',
  'price[0]' => '36.74',
  'qty[0]' => 1,
  'productname[1]' => 'NEW women jerseys carolina panthers #1 cam newton pink(fashion camo)
 Size:XL',
  'productno[1]' => 'WOMEN1064',
  'price[1]' => '32.00',
  'qty[1]' => 1,
  'checkcode' => '2c1de2a93941da4613a0e6a09482ff61',
  'backurl' => 'http://www.outlet-jersey.com/index.php?main_page=checkout_process',
  'notifyreurl' => 'http://www.outlet-jersey.com/mallpay_check.php',
  's_firstname' => 'raymond',
  's_lastname' => 'handy',
  's_address' => '2780 Clifton ave ',
  's_city' => 'creedmoor',
  's_state' => 'NC',
  's_postcode' => '27522',
  's_country' => 'US',
  'email' => 'critterspony@yahoo.com',
  's_tel' => '9842098822',
  'b_firstname' => 'raymond',
  'b_lastname' => 'handy',
  'b_address' => '2780 Clifton ave ',
  'b_city' => 'creedmoor',
  'b_state' => 'NC',
  'b_postcode' => '27522',
  'b_country' => 'US',
  'b_tel' => '9842098822',
) 
11:30:21 array (
  'siteno' => '193736180',
  'version' => '',
  'orderid' => '245150321079',
  'order_time' => '20150321113021',
  'lang' => 'en',
  'currency' => 'USD',
  'vat' => '28.00',
  'discount' => '0.00',
  'shippingfee' => '15.00',
  'productname[0]' => 'NHL Jersey Boston Bruins Yello Black  40  Men Stitched with Purple Num Stitched NHL Jersey
 Size:L(50)',
  'productno[0]' => 'NHL2015019454',
  'price[0]' => '36.56',
  'qty[0]' => 1,
  'productname[1]' => 'Mitchell And Ness 1939 Yankees #4 Lou Gehrig Grey Stitched Baseball Jersey
 Size:XXX Large/56',
  'productno[1]' => 'MLB12572',
  'price[1]' => '18.50',
  'qty[1]' => 1,
  'productname[2]' => 'New York Rangers #30 Henrik Lundqvist White 2014 Stadium Series Stitched NHL Jersey
 Size:XXXL(56)',
  'productno[2]' => 'NHL12410',
  'price[2]' => '33.00',
  'qty[2]' => 1,
  'productname[3]' => 'NHL Jersey NHL Jersey New York Rangers 11 Messier red Pullover Hoodie  Men Stitched Charcoal Cross Check Fashion Jersey
 Size:XXXL(56)',
  'productno[3]' => 'NHL2015019775',
  'price[3]' => '36.57',
  'qty[3]' => 1,
  'productname[4]' => 'NHL Jersey NHL Jersey New York Rangers  30 Lundovist red Pullover Hoodie  Men Stitched with Purple Num Stitched NHL Jersey
 Size:XL(52)',
  'productno[4]' => 'NHL2015019774',
  'price[4]' => '36.80',
  'qty[4]' => 1,
  'productname[5]' => 'Yankees #52 C.C. Sabathia Stitched White Youth Baseball Jersey
 Size:M(12-14)',
  'productno[5]' => 'YOUTH3514',
  'price[5]' => '18.00',
  'qty[5]' => 1,
  'productname[6]' => 'Red Wings #24 Chris Chelios Stitched Red NHL Jersey
 Size:XL(52)',
  'productno[6]' => 'NHL11821',
  'price[6]' => '33.00',
  'qty[6]' => 1,
  'checkcode' => 'c70819c95da7a66afb6519879d171110',
  'backurl' => 'http://www.outlet-jersey.com/index.php?main_page=checkout_process',
  'notifyreurl' => 'http://www.outlet-jersey.com/mallpay_check.php',
  's_firstname' => 'Dan',
  's_lastname' => 'Chieffo',
  's_address' => '48 Harland Ave ',
  's_city' => 'Waterbury',
  's_state' => 'CT',
  's_postcode' => '06705',
  's_country' => 'US',
  'email' => 'fdemt25@aol.com',
  's_tel' => '2035742664',
  'b_firstname' => 'Dan',
  'b_lastname' => 'Chieffo',
  'b_address' => '48 Harland Ave ',
  'b_city' => 'Waterbury',
  'b_state' => 'CT',
  'b_postcode' => '06705',
  'b_country' => 'US',
  'b_tel' => '2035742664',
) 
11:30:25 array (
  'siteno' => '193736180',
  'version' => '',
  'orderid' => '245150321080',
  'order_time' => '20150321113025',
  'lang' => 'en',
  'currency' => 'USD',
  'vat' => '28.00',
  'discount' => '0.00',
  'shippingfee' => '15.00',
  'productname[0]' => 'NHL Jersey Boston Bruins Yello Black  40  Men Stitched with Purple Num Stitched NHL Jersey
 Size:L(50)',
  'productno[0]' => 'NHL2015019454',
  'price[0]' => '36.56',
  'qty[0]' => 1,
  'productname[1]' => 'Mitchell And Ness 1939 Yankees #4 Lou Gehrig Grey Stitched Baseball Jersey
 Size:XXX Large/56',
  'productno[1]' => 'MLB12572',
  'price[1]' => '18.50',
  'qty[1]' => 1,
  'productname[2]' => 'New York Rangers #30 Henrik Lundqvist White 2014 Stadium Series Stitched NHL Jersey
 Size:XXXL(56)',
  'productno[2]' => 'NHL12410',
  'price[2]' => '33.00',
  'qty[2]' => 1,
  'productname[3]' => 'NHL Jersey NHL Jersey New York Rangers 11 Messier red Pullover Hoodie  Men Stitched Charcoal Cross Check Fashion Jersey
 Size:XXXL(56)',
  'productno[3]' => 'NHL2015019775',
  'price[3]' => '36.57',
  'qty[3]' => 1,
  'productname[4]' => 'NHL Jersey NHL Jersey New York Rangers  30 Lundovist red Pullover Hoodie  Men Stitched with Purple Num Stitched NHL Jersey
 Size:XL(52)',
  'productno[4]' => 'NHL2015019774',
  'price[4]' => '36.80',
  'qty[4]' => 1,
  'productname[5]' => 'Yankees #52 C.C. Sabathia Stitched White Youth Baseball Jersey
 Size:M(12-14)',
  'productno[5]' => 'YOUTH3514',
  'price[5]' => '18.00',
  'qty[5]' => 1,
  'productname[6]' => 'Red Wings #24 Chris Chelios Stitched Red NHL Jersey
 Size:XL(52)',
  'productno[6]' => 'NHL11821',
  'price[6]' => '33.00',
  'qty[6]' => 1,
  'checkcode' => '74c38bf7a6604b69274f8ab1c2836edd',
  'backurl' => 'http://www.outlet-jersey.com/index.php?main_page=checkout_process',
  'notifyreurl' => 'http://www.outlet-jersey.com/mallpay_check.php',
  's_firstname' => 'Dan',
  's_lastname' => 'Chieffo',
  's_address' => '48 Harland Ave ',
  's_city' => 'Waterbury',
  's_state' => 'CT',
  's_postcode' => '06705',
  's_country' => 'US',
  'email' => 'fdemt25@aol.com',
  's_tel' => '2035742664',
  'b_firstname' => 'Dan',
  'b_lastname' => 'Chieffo',
  'b_address' => '48 Harland Ave ',
  'b_city' => 'Waterbury',
  'b_state' => 'CT',
  'b_postcode' => '06705',
  'b_country' => 'US',
  'b_tel' => '2035742664',
) 
19:37:57 array (
  'siteno' => '193736180',
  'version' => '',
  'orderid' => '245150321097',
  'order_time' => '20150321193757',
  'lang' => 'en',
  'currency' => 'USD',
  'vat' => '28.00',
  'discount' => '0.00',
  'shippingfee' => '15.00',
  'productname[0]' => 'Nike Bears #34 Walter Payton Pink Women\'s Breast Cancer Awareness Stitched NFL Elite Jersey
 Size:L',
  'productno[0]' => 'WOMEN1701',
  'price[0]' => '21.00',
  'qty[0]' => 1,
  'productname[1]' => 'Nike Bears #34 Walter Payton Black Impact Women\'s Stitched NFL Limited Jersey
 Size:XL',
  'productno[1]' => 'WOMEN1688',
  'price[1]' => '21.00',
  'qty[1]' => 1,
  'productname[2]' => 'Nike Bears #34 Walter Payton Lights Out Black Men\'s Stitched NFL Elite Jersey
 Size:48/XL',
  'productno[2]' => 'NFL18938',
  'price[2]' => '22.50',
  'qty[2]' => 1,
  'productname[3]' => 'Women NEW NFL Chicago Bears 34 Walter Payton Black Orange Drift Fashion II Jerseys
 Size:XL',
  'productno[3]' => 'WOMEN4228',
  'price[3]' => '21.00',
  'qty[3]' => 1,
  'productname[4]' => 'Chicago Cubs Nike Short Sleeve Practice Baseball T-Shirts Light Grey
 Size:XL',
  'productno[4]' => 'SPT10119',
  'price[4]' => '11.00',
  'qty[4]' => 1,
  'productname[5]' => 'Chicago Blackhawks #19 Jonathan Toews(C patches) Red Hockey NHL Jersey
 Size:L(50)',
  'productno[5]' => 'NHL11552',
  'price[5]' => '33.00',
  'qty[5]' => 1,
  'productname[6]' => 'OK1052-A757 Flak Jacket Sunglass Gold Lens White Frame',
  'productno[6]' => 'OK1052-A757',
  'price[6]' => '19.99',
  'qty[6]' => 1,
  'checkcode' => '47c583cf63ffa8ae3e78e265796c5249',
  'backurl' => 'http://www.outlet-jersey.com/index.php?main_page=checkout_process',
  'notifyreurl' => 'http://www.outlet-jersey.com/mallpay_check.php',
  's_firstname' => 'shawn',
  's_lastname' => 'Myers',
  's_address' => '1238 Castle ',
  's_city' => 'Burns Harbor',
  's_state' => 'IN',
  's_postcode' => '46304',
  's_country' => 'US',
  'email' => 'bassfisherman76@live.com',
  's_tel' => '219-712-7762',
  'b_firstname' => 'shawn',
  'b_lastname' => 'Myers',
  'b_address' => '1238 Castle ',
  'b_city' => 'Burns Harbor',
  'b_state' => 'IN',
  'b_postcode' => '46304',
  'b_country' => 'US',
  'b_tel' => '219-712-7762',
) 
20:15:42 array (
  'siteno' => '193736180',
  'version' => '',
  'orderid' => '245150321098',
  'order_time' => '20150321201542',
  'lang' => 'en',
  'currency' => 'USD',
  'vat' => '8.00',
  'discount' => '0.00',
  'shippingfee' => '20.00',
  'productname[0]' => 'Mitchell&Ness Eagles #92 Reggie White Green Stitched Throwback NFL Jersey
 Size:Large/50',
  'productno[0]' => 'NFL26762',
  'price[0]' => '19.00',
  'qty[0]' => 1,
  'productname[1]' => 'Mitchell&Ness Eagles #92 Reggie White Green Stitched Throwback NFL Jersey
 Size:Extra Large/52',
  'productno[1]' => 'NFL26762',
  'price[1]' => '19.00',
  'qty[1]' => 1,
  'checkcode' => '739518c270a7ba5f88c1f5fad90963bc',
  'backurl' => 'http://www.outlet-jersey.com/index.php?main_page=checkout_process',
  'notifyreurl' => 'http://www.outlet-jersey.com/mallpay_check.php',
  's_firstname' => 'April',
  's_lastname' => 'dancy',
  's_address' => '155 s 12th st ',
  's_city' => 'reading',
  's_state' => 'PA',
  's_postcode' => '19602',
  's_country' => 'US',
  'email' => 'adancy155@comcast.net',
  's_tel' => '6103013767',
  'b_firstname' => 'April',
  'b_lastname' => 'dancy',
  'b_address' => '155 s 12th st ',
  'b_city' => 'reading',
  'b_state' => 'PA',
  'b_postcode' => '19602',
  'b_country' => 'US',
  'b_tel' => '6103013767',
) 
20:36:29 array (
  'siteno' => '193736180',
  'version' => '',
  'orderid' => '245150321102',
  'order_time' => '20150321203629',
  'lang' => 'en',
  'currency' => 'USD',
  'vat' => '8.00',
  'discount' => '0.00',
  'shippingfee' => '20.00',
  'productname[0]' => 'Blackhawks #10 Patrick Sharp Stitched Green Stanley Cup Champions NHL Jersey
 Size:M(48)',
  'productno[0]' => 'NHL11188',
  'price[0]' => '33.00',
  'qty[0]' => 1,
  'productname[1]' => 'Blackhawks #4 Nikals Hjalmarsson Green Stitched NHL Jersey
 Size:XL(52)',
  'productno[1]' => 'NHL11374',
  'price[1]' => '33.00',
  'qty[1]' => 1,
  'checkcode' => '3318bfa78788a0948c013ebe447da235',
  'backurl' => 'http://www.outlet-jersey.com/index.php?main_page=checkout_process',
  'notifyreurl' => 'http://www.outlet-jersey.com/mallpay_check.php',
  's_firstname' => 'Brandon',
  's_lastname' => 'Hendler',
  's_address' => '1501 Rosemarie dr. ',
  's_city' => 'Johnsburg',
  's_state' => 'IL',
  's_postcode' => '60051',
  's_country' => 'US',
  'email' => 'cbhendler@comcast.net',
  's_tel' => '815-578-1695',
  'b_firstname' => 'Brandon',
  'b_lastname' => 'Hendler',
  'b_address' => '1501 Rosemarie dr. ',
  'b_city' => 'Johnsburg',
  'b_state' => 'IL',
  'b_postcode' => '60051',
  'b_country' => 'US',
  'b_tel' => '815-578-1695',
) 
20:39:49 array (
  'siteno' => '193736180',
  'version' => '',
  'orderid' => '245150321103',
  'order_time' => '20150321203949',
  'lang' => 'en',
  'currency' => 'USD',
  'vat' => '8.00',
  'discount' => '0.00',
  'shippingfee' => '20.00',
  'productname[0]' => 'Blackhawks #10 Patrick Sharp Stitched Green Stanley Cup Champions NHL Jersey
 Size:M(48)',
  'productno[0]' => 'NHL11188',
  'price[0]' => '33.00',
  'qty[0]' => 1,
  'productname[1]' => 'Blackhawks #4 Nikals Hjalmarsson Green Stitched NHL Jersey
 Size:XL(52)',
  'productno[1]' => 'NHL11374',
  'price[1]' => '33.00',
  'qty[1]' => 1,
  'checkcode' => 'c4e6f6583eb099194649b8263debfe2a',
  'backurl' => 'http://www.outlet-jersey.com/index.php?main_page=checkout_process',
  'notifyreurl' => 'http://www.outlet-jersey.com/mallpay_check.php',
  's_firstname' => 'Brandon',
  's_lastname' => 'Hendler',
  's_address' => '1501 Rosemarie dr. ',
  's_city' => 'Johnsburg',
  's_state' => 'IL',
  's_postcode' => '60051',
  's_country' => 'US',
  'email' => 'cbhendler@comcast.net',
  's_tel' => '815-578-1695',
  'b_firstname' => 'Brandon',
  'b_lastname' => 'Hendler',
  'b_address' => '1501 Rosemarie dr. ',
  'b_city' => 'Johnsburg',
  'b_state' => 'IL',
  'b_postcode' => '60051',
  'b_country' => 'US',
  'b_tel' => '815-578-1695',
) 
21:36:18 array (
  'siteno' => '193736180',
  'version' => '',
  'orderid' => '245150321107',
  'order_time' => '20150321213618',
  'lang' => 'en',
  'currency' => 'USD',
  'vat' => '8.00',
  'discount' => '0.00',
  'shippingfee' => '20.00',
  'productname[0]' => 'Ducks #9 Paul Kariya Men\'s Stitched White CCM Throwback Hockey Jersey
 Size:XXL(54)',
  'productno[0]' => 'JE1731698',
  'price[0]' => '36.74',
  'qty[0]' => 1,
  'productname[1]' => 'NEW women jerseys carolina panthers #1 cam newton pink(fashion camo)
 Size:XL',
  'productno[1]' => 'WOMEN1064',
  'price[1]' => '32.00',
  'qty[1]' => 1,
  'checkcode' => '82af2602df02c843afcfa3e0d6e2f631',
  'backurl' => 'http://www.outlet-jersey.com/index.php?main_page=checkout_process',
  'notifyreurl' => 'http://www.outlet-jersey.com/mallpay_check.php',
  's_firstname' => 'Raymond',
  's_lastname' => 'Handy',
  's_address' => '2780 Clifton ave ',
  's_city' => 'creedmoor',
  's_state' => 'NC',
  's_postcode' => '27522',
  's_country' => 'US',
  'email' => 'rhandy919@yahoo.com',
  's_tel' => '984 209 8822',
  'b_firstname' => 'Raymond',
  'b_lastname' => 'Handy',
  'b_address' => '2780 Clifton ave ',
  'b_city' => 'creedmoor',
  'b_state' => 'NC',
  'b_postcode' => '27522',
  'b_country' => 'US',
  'b_tel' => '984 209 8822',
) 
