23:54:38 array (
  'siteno' => '193736180',
  'version' => '',
  'orderid' => '245150306025',
  'order_time' => '20150306235438',
  'lang' => 'en',
  'currency' => 'USD',
  'vat' => '12.00',
  'discount' => '0.00',
  'shippingfee' => '20.00',
  'productname[0]' => 'Nike Seattle Seahawks 24# Lynch Drift Fashion Blue Men\'s NFL Elite Jerseys
 Size:44 (L)',
  'productno[0]' => 'JE1731373',
  'price[0]' => '24.59',
  'qty[0]' => 1,
  'productname[1]' => 'NEW Seahawks #3 Russell Wilson Steel Blue Team Color Super Bowl XLVIII Youth NFL Elite Jersey
 Size:S(8)',
  'productno[1]' => 'NFL15789',
  'price[1]' => '22.00',
  'qty[1]' => 1,
  'productname[2]' => 'NEW Seahawks #24 Marshawn Lynch White Super Bowl XLVIII Youth Stitched NFL Elite Jerseys
 Size:M(10-12)',
  'productno[2]' => 'NFL15664',
  'price[2]' => '22.00',
  'qty[2]' => 1,
  'checkcode' => '737e87d3e22ddd81f643e12016f5b329',
  'backurl' => 'http://www.outlet-jersey.com/index.php?main_page=checkout_process',
  'notifyreurl' => 'http://www.outlet-jersey.com/mallpay_check.php',
  's_firstname' => 'Patria',
  's_lastname' => 'Jones',
  's_address' => '1900 Sw Campus Drive apt #17-104 ',
  's_city' => 'Federal Way',
  's_state' => 'WA',
  's_postcode' => '98023',
  's_country' => 'US',
  'email' => 'patriajones1975@gmail.com',
  's_tel' => '253 221-2767',
  'b_firstname' => 'Patria',
  'b_lastname' => 'Jones',
  'b_address' => '1900 Sw Campus Drive apt #17-104 ',
  'b_city' => 'Federal Way',
  'b_state' => 'WA',
  'b_postcode' => '98023',
  'b_country' => 'US',
  'b_tel' => '253 221-2767',
) 
