00:47:52 array (
  'siteno' => '193736180',
  'version' => '',
  'orderid' => '245150418003',
  'order_time' => '20150418004752',
  'lang' => 'en',
  'currency' => 'USD',
  'vat' => '1.50',
  'discount' => '0.00',
  'shippingfee' => '28.00',
  'productname[0]' => 'Anaheim Ducks  #10 Corey Perry Orange Stitched NHL Jersey
 Size:M(48)',
  'productno[0]' => 'NHL10872',
  'price[0]' => '33.00',
  'qty[0]' => 1,
  'checkcode' => '8b84220072b700df81e08574a339dc51',
  'backurl' => 'http://www.outlet-jersey.com/index.php?main_page=checkout_process',
  'notifyreurl' => 'http://www.outlet-jersey.com/mallpay_check.php',
  's_firstname' => 'Erich',
  's_lastname' => 'hess',
  's_address' => '2155 north grace blvd Unit 214 ',
  's_city' => 'chandler',
  's_state' => 'AZ',
  's_postcode' => '85225',
  's_country' => 'US',
  'email' => 'erichcatinthehat@yahoo.com',
  's_tel' => '4802913217',
  'b_firstname' => 'Erich',
  'b_lastname' => 'hess',
  'b_address' => '2155 north grace blvd Unit 214 ',
  'b_city' => 'chandler',
  'b_state' => 'AZ',
  'b_postcode' => '85225',
  'b_country' => 'US',
  'b_tel' => '4802913217',
) 
00:53:26 array (
  'siteno' => '193736180',
  'version' => '',
  'orderid' => '245150418005',
  'order_time' => '20150418005326',
  'lang' => 'en',
  'currency' => 'USD',
  'vat' => '1.50',
  'discount' => '0.00',
  'shippingfee' => '25.00',
  'productname[0]' => 'Anaheim Ducks  #10 Corey Perry Orange Stitched NHL Jersey
 Size:M(48)',
  'productno[0]' => 'NHL10872',
  'price[0]' => '33.00',
  'qty[0]' => 1,
  'checkcode' => '5cf93877969e872cdd6156725cf44d0a',
  'backurl' => 'http://www.outlet-jersey.com/index.php?main_page=checkout_process',
  'notifyreurl' => 'http://www.outlet-jersey.com/mallpay_check.php',
  's_firstname' => 'Erich',
  's_lastname' => 'hess',
  's_address' => '2155 north grace blvd Unit 214 ',
  's_city' => 'chandler',
  's_state' => 'AZ',
  's_postcode' => '85225',
  's_country' => 'US',
  'email' => 'erichcatinthehat@yahoo.com',
  's_tel' => '4802913217',
  'b_firstname' => 'Erich',
  'b_lastname' => 'hess',
  'b_address' => '2155 north grace blvd Unit 214 ',
  'b_city' => 'chandler',
  'b_state' => 'AZ',
  'b_postcode' => '85225',
  'b_country' => 'US',
  'b_tel' => '4802913217',
) 
01:03:28 array (
  'siteno' => '193736180',
  'version' => '',
  'orderid' => '245150418007',
  'order_time' => '20150418010328',
  'lang' => 'en',
  'currency' => 'USD',
  'vat' => '1.50',
  'discount' => '0.00',
  'shippingfee' => '28.00',
  'productname[0]' => 'Islanders #22 Mike Bossy Men\'s Stitched Blue CCM Throwback Hockey Jersey
 Size:M(48)',
  'productno[0]' => 'JE1731116',
  'price[0]' => '36.66',
  'qty[0]' => 1,
  'checkcode' => '6bb0657442fabdc4fc2c9b72b05c7f32',
  'backurl' => 'http://www.outlet-jersey.com/index.php?main_page=checkout_process',
  'notifyreurl' => 'http://www.outlet-jersey.com/mallpay_check.php',
  's_firstname' => 'Mike',
  's_lastname' => 'Perry',
  's_address' => '27 Robert ln ',
  's_city' => 'Wappingers falls',
  's_state' => 'NY',
  's_postcode' => '12590',
  's_country' => 'US',
  'email' => 'mikep069@gmail.com',
  's_tel' => '845-518-1858',
  'b_firstname' => 'Mike',
  'b_lastname' => 'Perry',
  'b_address' => '27 Robert ln ',
  'b_city' => 'Wappingers falls',
  'b_state' => 'NY',
  'b_postcode' => '12590',
  'b_country' => 'US',
  'b_tel' => '845-518-1858',
) 
01:06:31 array (
  'siteno' => '193736180',
  'version' => '',
  'orderid' => '245150418009',
  'order_time' => '20150418010631',
  'lang' => 'en',
  'currency' => 'USD',
  'vat' => '1.50',
  'discount' => '0.00',
  'shippingfee' => '25.00',
  'productname[0]' => 'Islanders #22 Mike Bossy Men\'s Stitched Blue CCM Throwback Hockey Jersey
 Size:M(48)',
  'productno[0]' => 'JE1731116',
  'price[0]' => '36.66',
  'qty[0]' => 1,
  'checkcode' => '4a762b0ffdf86cf063c5fc8d79153f89',
  'backurl' => 'http://www.outlet-jersey.com/index.php?main_page=checkout_process',
  'notifyreurl' => 'http://www.outlet-jersey.com/mallpay_check.php',
  's_firstname' => 'Mike',
  's_lastname' => 'Perry',
  's_address' => '27 Robert ln ',
  's_city' => 'Wappingers falls',
  's_state' => 'NY',
  's_postcode' => '12590',
  's_country' => 'US',
  'email' => 'mikep069@gmail.com',
  's_tel' => '845-518-1858',
  'b_firstname' => 'Mike',
  'b_lastname' => 'Perry',
  'b_address' => '27 Robert ln ',
  'b_city' => 'Wappingers falls',
  'b_state' => 'NY',
  'b_postcode' => '12590',
  'b_country' => 'US',
  'b_tel' => '845-518-1858',
) 
01:31:27 array (
  'siteno' => '193736180',
  'version' => '',
  'orderid' => '245150418010',
  'order_time' => '20150418013127',
  'lang' => 'en',
  'currency' => 'USD',
  'vat' => '1.50',
  'discount' => '0.00',
  'shippingfee' => '28.00',
  'productname[0]' => 'New York Islanders #91 John Tavares Baby Blue 2014 Stadium Series NHL Jersey
 Size:XL(52)',
  'productno[0]' => 'NHL12394',
  'price[0]' => '33.00',
  'qty[0]' => 1,
  'checkcode' => '06b23d3bb210807aca89c7c04c8a73eb',
  'backurl' => 'http://www.outlet-jersey.com/index.php?main_page=checkout_process',
  'notifyreurl' => 'http://www.outlet-jersey.com/mallpay_check.php',
  's_firstname' => 'Kathleen',
  's_lastname' => 'Gallagher',
  's_address' => '1027 Midland St. ',
  's_city' => 'Uniondale',
  's_state' => 'NY',
  's_postcode' => '11553',
  's_country' => 'US',
  'email' => 'velvet56@optonline.net',
  's_tel' => '5168084429',
  'b_firstname' => 'Kathleen',
  'b_lastname' => 'Gallagher',
  'b_address' => '1027 Midland St. ',
  'b_city' => 'Uniondale',
  'b_state' => 'NY',
  'b_postcode' => '11553',
  'b_country' => 'US',
  'b_tel' => '5168084429',
) 
01:33:33 array (
  'siteno' => '193736180',
  'version' => '',
  'orderid' => '245150418011',
  'order_time' => '20150418013333',
  'lang' => 'en',
  'currency' => 'USD',
  'vat' => '1.50',
  'discount' => '0.00',
  'shippingfee' => '28.00',
  'productname[0]' => 'New York Islanders #91 John Tavares Baby Blue 2014 Stadium Series NHL Jersey
 Size:XL(52)',
  'productno[0]' => 'NHL12394',
  'price[0]' => '33.00',
  'qty[0]' => 1,
  'checkcode' => 'ee02e87520c957e4011aa6e2e8e4eaa0',
  'backurl' => 'http://www.outlet-jersey.com/index.php?main_page=checkout_process',
  'notifyreurl' => 'http://www.outlet-jersey.com/mallpay_check.php',
  's_firstname' => 'Kathleen',
  's_lastname' => 'Gallagher',
  's_address' => '1027 Midland St. ',
  's_city' => 'Uniondale',
  's_state' => 'NY',
  's_postcode' => '11553',
  's_country' => 'US',
  'email' => 'velvet56@optonline.net',
  's_tel' => '5168084429',
  'b_firstname' => 'Kathleen',
  'b_lastname' => 'Gallagher',
  'b_address' => '1027 Midland St. ',
  'b_city' => 'Uniondale',
  'b_state' => 'NY',
  'b_postcode' => '11553',
  'b_country' => 'US',
  'b_tel' => '5168084429',
) 
05:36:10 array (
  'siteno' => '193736180',
  'version' => '',
  'orderid' => '245150418024',
  'order_time' => '20150418053610',
  'lang' => 'en',
  'currency' => 'USD',
  'vat' => '4.50',
  'discount' => '0.00',
  'shippingfee' => '44.00',
  'productname[0]' => 'NHL Jersey Islanders 22 Mike Bossy Mens Stitched Blue CCM Throwback Hockey Jersey  Men Stitched Fights Cancer Stitched Hockey Jersey
 Size:L(50)',
  'productno[0]' => 'NHL2015019761',
  'price[0]' => '36.80',
  'qty[0]' => 1,
  'productname[1]' => 'New York Islanders 91 John Tavares Blue Fights Cancer Stitched Hockey Jersey 
 Size:48 (M)',
  'productno[1]' => 'NHL13647',
  'price[1]' => '38.99',
  'qty[1]' => 1,
  'productname[2]' => 'Islanders #91 John Tavares Stitched Light Blue NHL Jersey
 Size:L(50)',
  'productno[2]' => 'NHL12390',
  'price[2]' => '33.00',
  'qty[2]' => 1,
  'checkcode' => '59e79375d74dc672688f4bc7a11a5b7f',
  'backurl' => 'http://www.outlet-jersey.com/index.php?main_page=checkout_process',
  'notifyreurl' => 'http://www.outlet-jersey.com/mallpay_check.php',
  's_firstname' => 'stephanie',
  's_lastname' => 'st John',
  's_address' => '10 Garden street ',
  's_city' => 'bayshore',
  's_state' => 'NY',
  's_postcode' => '11706',
  's_country' => 'US',
  'email' => 'stephanie_stjhn@yahoo.com',
  's_tel' => '6316477533',
  'b_firstname' => 'stephanie',
  'b_lastname' => 'st John',
  'b_address' => '10 Garden street ',
  'b_city' => 'bayshore',
  'b_state' => 'NY',
  'b_postcode' => '11706',
  'b_country' => 'US',
  'b_tel' => '6316477533',
) 
09:21:21 array (
  'siteno' => '193736180',
  'version' => '',
  'orderid' => '245150418033',
  'order_time' => '20150418092121',
  'lang' => 'en',
  'currency' => 'USD',
  'vat' => '6.00',
  'discount' => '0.00',
  'shippingfee' => '56.00',
  'productname[0]' => 'Islanders #91 John Tavares Stitched Dark Blue NHL Jersey
 Size:XL(52)',
  'productno[0]' => 'NHL12389',
  'price[0]' => '33.00',
  'qty[0]' => 1,
  'productname[1]' => 'Devils #30 Martin Brodeur Red Sawyer Hooded Sweatshirt Stitched NHL Jersey
 Size:XL(52)',
  'productno[1]' => 'NHL12345',
  'price[1]' => '36.00',
  'qty[1]' => 1,
  'productname[2]' => 'Other Brand CAYLERSONS snapbacks7 Hap ',
  'productno[2]' => 'HAT14066',
  'price[2]' => '10.00',
  'qty[2]' => 1,
  'productname[3]' => 'NBA Chicago Bulls Snapback 20 Hap ',
  'productno[3]' => 'HAT13706',
  'price[3]' => '10.00',
  'qty[3]' => 1,
  'checkcode' => 'b2f274590362ec68dc8788995302907b',
  'backurl' => 'http://www.outlet-jersey.com/index.php?main_page=checkout_process',
  'notifyreurl' => 'http://www.outlet-jersey.com/mallpay_check.php',
  's_firstname' => 'David',
  's_lastname' => 'Matis',
  's_address' => '40 brookwood drive ',
  's_city' => 'Stanhope',
  's_state' => 'NJ',
  's_postcode' => '07874',
  's_country' => 'US',
  'email' => 'dmatis36@gmail.com',
  's_tel' => '9732343147',
  'b_firstname' => 'David',
  'b_lastname' => 'Matis',
  'b_address' => '40 brookwood drive ',
  'b_city' => 'Stanhope',
  'b_state' => 'NJ',
  'b_postcode' => '07874',
  'b_country' => 'US',
  'b_tel' => '9732343147',
) 
10:32:54 array (
  'siteno' => '193736180',
  'version' => '',
  'orderid' => '245150418042',
  'order_time' => '20150418103254',
  'lang' => 'en',
  'currency' => 'USD',
  'vat' => '1.50',
  'discount' => '0.00',
  'shippingfee' => '28.00',
  'productname[0]' => 'Boston Bruins #33 Zdeno Chara Stitched Black NHL Jersey
 Size:XXL(54)',
  'productno[0]' => 'NHL10909',
  'price[0]' => '33.00',
  'qty[0]' => 1,
  'checkcode' => '73fd300cf2eff0e698cbe2644275b20b',
  'backurl' => 'http://www.outlet-jersey.com/index.php?main_page=checkout_process',
  'notifyreurl' => 'http://www.outlet-jersey.com/mallpay_check.php',
  's_firstname' => 'Justin',
  's_lastname' => 'hier',
  's_address' => '25 east Street ',
  's_city' => 'middletown springs',
  's_state' => 'VT',
  's_postcode' => '05757',
  's_country' => 'US',
  'email' => 'justinhier@hotmail.com',
  's_tel' => '8022351297',
  'b_firstname' => 'Justin',
  'b_lastname' => 'hier',
  'b_address' => '25 east Street ',
  'b_city' => 'middletown springs',
  'b_state' => 'VT',
  'b_postcode' => '05757',
  'b_country' => 'US',
  'b_tel' => '8022351297',
) 
21:05:21 array (
  'siteno' => '193736180',
  'version' => '',
  'orderid' => '245150418050',
  'order_time' => '20150418210521',
  'lang' => 'en',
  'currency' => 'USD',
  'vat' => '3.00',
  'discount' => '0.00',
  'shippingfee' => '36.00',
  'productname[0]' => 'Penguins #29 Andre Fleury Stitched White NHL Jersey
 Size:L(50)',
  'productno[0]' => 'NHL13007',
  'price[0]' => '33.00',
  'qty[0]' => 1,
  'productname[1]' => 'Red Wings #40 Henrik Zetterberg Red 2014 Winter Classic Stitched NHL Jersey
 Size:M(48)',
  'productno[1]' => 'NHL11828',
  'price[1]' => '33.00',
  'qty[1]' => 1,
  'checkcode' => 'ae0da121142c8d474e3188c68478f53c',
  'backurl' => 'http://www.outlet-jersey.com/index.php?main_page=checkout_process',
  'notifyreurl' => 'http://www.outlet-jersey.com/mallpay_check.php',
  's_firstname' => 'Jon',
  's_lastname' => 'Hollingsworth',
  's_address' => '1505 3rd Ave SW ',
  's_city' => 'Minot',
  's_state' => 'ND',
  's_postcode' => '58701',
  's_country' => 'US',
  'email' => 'enjoiskater01@gmail.com',
  's_tel' => '7013403968',
  'b_firstname' => 'Jon',
  'b_lastname' => 'Hollingsworth',
  'b_address' => '1505 3rd Ave SW ',
  'b_city' => 'Minot',
  'b_state' => 'ND',
  'b_postcode' => '58701',
  'b_country' => 'US',
  'b_tel' => '7013403968',
) 
21:05:32 array (
  'siteno' => '193736180',
  'version' => '',
  'orderid' => '245150418051',
  'order_time' => '20150418210532',
  'lang' => 'en',
  'currency' => 'USD',
  'vat' => '1.50',
  'discount' => '0.00',
  'shippingfee' => '28.00',
  'productname[0]' => 'New York Islanders #91 John Tavares Baby Blue 2014 Stadium Series NHL Jersey
 Size:XL(52)',
  'productno[0]' => 'NHL12394',
  'price[0]' => '33.00',
  'qty[0]' => 1,
  'checkcode' => '9cb85ef567e028cb7c74ae45f79b5da4',
  'backurl' => 'http://www.outlet-jersey.com/index.php?main_page=checkout_process',
  'notifyreurl' => 'http://www.outlet-jersey.com/mallpay_check.php',
  's_firstname' => 'Kathleen',
  's_lastname' => 'Gallagher',
  's_address' => '1027 Midland St. ',
  's_city' => 'Uniondale',
  's_state' => 'NY',
  's_postcode' => '11553',
  's_country' => 'US',
  'email' => 'velvet56@optonline.net',
  's_tel' => '5168084429',
  'b_firstname' => 'Kathleen',
  'b_lastname' => 'Gallagher',
  'b_address' => '1027 Midland St. ',
  'b_city' => 'Uniondale',
  'b_state' => 'NY',
  'b_postcode' => '11553',
  'b_country' => 'US',
  'b_tel' => '5168084429',
) 
21:08:58 array (
  'siteno' => '193736180',
  'version' => '',
  'orderid' => '245150418053',
  'order_time' => '20150418210858',
  'lang' => 'en',
  'currency' => 'USD',
  'vat' => '3.00',
  'discount' => '0.00',
  'shippingfee' => '36.00',
  'productname[0]' => 'Penguins #29 Andre Fleury Stitched White NHL Jersey
 Size:L(50)',
  'productno[0]' => 'NHL13007',
  'price[0]' => '33.00',
  'qty[0]' => 1,
  'productname[1]' => 'Red Wings #40 Henrik Zetterberg Red 2014 Winter Classic Stitched NHL Jersey
 Size:M(48)',
  'productno[1]' => 'NHL11828',
  'price[1]' => '33.00',
  'qty[1]' => 1,
  'checkcode' => '06a10cb37040f44bf4ba0cb6936f51e0',
  'backurl' => 'http://www.outlet-jersey.com/index.php?main_page=checkout_process',
  'notifyreurl' => 'http://www.outlet-jersey.com/mallpay_check.php',
  's_firstname' => 'Jon',
  's_lastname' => 'Hollingsworth',
  's_address' => '1505 3rd Ave SW ',
  's_city' => 'Minot',
  's_state' => 'ND',
  's_postcode' => '58701',
  's_country' => 'US',
  'email' => 'enjoiskater01@gmail.com',
  's_tel' => '7013403968',
  'b_firstname' => 'Jon',
  'b_lastname' => 'Hollingsworth',
  'b_address' => '1505 3rd Ave SW ',
  'b_city' => 'Minot',
  'b_state' => 'ND',
  'b_postcode' => '58701',
  'b_country' => 'US',
  'b_tel' => '7013403968',
) 
21:10:43 array (
  'siteno' => '193736180',
  'version' => '',
  'orderid' => '245150418055',
  'order_time' => '20150418211043',
  'lang' => 'en',
  'currency' => 'USD',
  'vat' => '3.00',
  'discount' => '0.00',
  'shippingfee' => '36.00',
  'productname[0]' => 'Penguins #29 Andre Fleury Stitched White NHL Jersey
 Size:L(50)',
  'productno[0]' => 'NHL13007',
  'price[0]' => '33.00',
  'qty[0]' => 1,
  'productname[1]' => 'Red Wings #40 Henrik Zetterberg Red 2014 Winter Classic Stitched NHL Jersey
 Size:M(48)',
  'productno[1]' => 'NHL11828',
  'price[1]' => '33.00',
  'qty[1]' => 1,
  'checkcode' => 'c1506c8927c2acf819a43182ded09a17',
  'backurl' => 'http://www.outlet-jersey.com/index.php?main_page=checkout_process',
  'notifyreurl' => 'http://www.outlet-jersey.com/mallpay_check.php',
  's_firstname' => 'Jon',
  's_lastname' => 'Hollingsworth',
  's_address' => '1505 3rd Ave SW ',
  's_city' => 'Minot',
  's_state' => 'ND',
  's_postcode' => '58701',
  's_country' => 'US',
  'email' => 'enjoiskater01@gmail.com',
  's_tel' => '7013403968',
  'b_firstname' => 'Jon',
  'b_lastname' => 'Hollingsworth',
  'b_address' => '1505 3rd Ave SW ',
  'b_city' => 'Minot',
  'b_state' => 'ND',
  'b_postcode' => '58701',
  'b_country' => 'US',
  'b_tel' => '7013403968',
) 
21:13:56 array (
  'siteno' => '193736180',
  'version' => '',
  'orderid' => '245150418058',
  'order_time' => '20150418211356',
  'lang' => 'en',
  'currency' => 'USD',
  'vat' => '3.00',
  'discount' => '0.00',
  'shippingfee' => '36.00',
  'productname[0]' => 'Penguins #29 Andre Fleury Stitched White NHL Jersey
 Size:L(50)',
  'productno[0]' => 'NHL13007',
  'price[0]' => '33.00',
  'qty[0]' => 1,
  'productname[1]' => 'Red Wings #40 Henrik Zetterberg Red 2014 Winter Classic Stitched NHL Jersey
 Size:M(48)',
  'productno[1]' => 'NHL11828',
  'price[1]' => '33.00',
  'qty[1]' => 1,
  'checkcode' => 'a27e83a100d0527552dc9d6801247b68',
  'backurl' => 'http://www.outlet-jersey.com/index.php?main_page=checkout_process',
  'notifyreurl' => 'http://www.outlet-jersey.com/mallpay_check.php',
  's_firstname' => 'Jon',
  's_lastname' => 'Hollingsworth',
  's_address' => '1505 3rd Ave SW ',
  's_city' => 'Minot',
  's_state' => 'ND',
  's_postcode' => '58701',
  's_country' => 'US',
  'email' => 'enjoiskater01@gmail.com',
  's_tel' => '7013403968',
  'b_firstname' => 'Jon',
  'b_lastname' => 'Hollingsworth',
  'b_address' => '1505 3rd Ave SW ',
  'b_city' => 'Minot',
  'b_state' => 'ND',
  'b_postcode' => '58701',
  'b_country' => 'US',
  'b_tel' => '7013403968',
) 
21:16:27 array (
  'siteno' => '193736180',
  'version' => '',
  'orderid' => '245150418059',
  'order_time' => '20150418211627',
  'lang' => 'en',
  'currency' => 'USD',
  'vat' => '3.00',
  'discount' => '0.00',
  'shippingfee' => '36.00',
  'productname[0]' => 'Penguins #29 Andre Fleury Stitched White NHL Jersey
 Size:L(50)',
  'productno[0]' => 'NHL13007',
  'price[0]' => '33.00',
  'qty[0]' => 1,
  'productname[1]' => 'Red Wings #40 Henrik Zetterberg Red 2014 Winter Classic Stitched NHL Jersey
 Size:M(48)',
  'productno[1]' => 'NHL11828',
  'price[1]' => '33.00',
  'qty[1]' => 1,
  'checkcode' => '2c8c3729a92dabbfb7d58f47dd5559d6',
  'backurl' => 'http://www.outlet-jersey.com/index.php?main_page=checkout_process',
  'notifyreurl' => 'http://www.outlet-jersey.com/mallpay_check.php',
  's_firstname' => 'Jon',
  's_lastname' => 'Hollingsworth',
  's_address' => '1505 3rd Ave SW ',
  's_city' => 'Minot',
  's_state' => 'ND',
  's_postcode' => '58701',
  's_country' => 'US',
  'email' => 'enjoiskater01@gmail.com',
  's_tel' => '7013403968',
  'b_firstname' => 'Jon',
  'b_lastname' => 'Hollingsworth',
  'b_address' => '1505 3rd Ave SW ',
  'b_city' => 'Minot',
  'b_state' => 'ND',
  'b_postcode' => '58701',
  'b_country' => 'US',
  'b_tel' => '7013403968',
) 
