00:49:21 array (
  'siteno' => '193736180',
  'version' => '',
  'orderid' => '245150425005',
  'order_time' => '20150425004921',
  'lang' => 'en',
  'currency' => 'USD',
  'vat' => '4.50',
  'discount' => '0.00',
  'shippingfee' => '38.00',
  'productname[0]' => 'NHL Jersey Chicago Blackhawks 10 Sharp black winter classic  Men Stitched with Purple Num Stitched NHL Jersey
 Size:XL(52)',
  'productno[0]' => 'NHL2015019510',
  'price[0]' => '33.00',
  'qty[0]' => 1,
  'productname[1]' => 'NHL Jersey Chicago Blackhawks 2 Keith black   Men Stitched with Purple Num Stitched NHL Jersey
 Size:XL(52)',
  'productno[1]' => 'NHL2015019550',
  'price[1]' => '33.00',
  'qty[1]' => 1,
  'productname[2]' => 'NHL Jersey Chicago Blackhawks 50 CRAWFORD white  Men Stitched Fights Cancer Stitched Hockey Jersey
 Size:XL(52)',
  'productno[2]' => 'NHL2015019585',
  'price[2]' => '33.00',
  'qty[2]' => 1,
  'checkcode' => 'd3d60432b6626a680d753ab108c5151d',
  'backurl' => 'http://www.outlet-jersey.com/index.php?main_page=checkout_process',
  'notifyreurl' => 'http://www.outlet-jersey.com/mallpay_check.php',
  's_firstname' => 'Robin',
  's_lastname' => 'Bresley',
  's_address' => '216NW Knight court ',
  's_city' => 'grants pass',
  's_state' => 'OR',
  's_postcode' => '97526',
  's_country' => 'US',
  'email' => 'robinbresley@yahoo.com',
  's_tel' => '630-253-4119',
  'b_firstname' => 'Robin',
  'b_lastname' => 'Bresley',
  'b_address' => '216NW Knight court ',
  'b_city' => 'grants pass',
  'b_state' => 'OR',
  'b_postcode' => '97526',
  'b_country' => 'US',
  'b_tel' => '630-253-4119',
) 
00:51:43 array (
  'siteno' => '193736180',
  'version' => '',
  'orderid' => '245150425006',
  'order_time' => '20150425005143',
  'lang' => 'en',
  'currency' => 'USD',
  'vat' => '4.50',
  'discount' => '0.00',
  'shippingfee' => '38.00',
  'productname[0]' => 'NHL Jersey Chicago Blackhawks 10 Sharp black winter classic  Men Stitched with Purple Num Stitched NHL Jersey
 Size:XL(52)',
  'productno[0]' => 'NHL2015019510',
  'price[0]' => '33.00',
  'qty[0]' => 1,
  'productname[1]' => 'NHL Jersey Chicago Blackhawks 2 Keith black   Men Stitched with Purple Num Stitched NHL Jersey
 Size:XL(52)',
  'productno[1]' => 'NHL2015019550',
  'price[1]' => '33.00',
  'qty[1]' => 1,
  'productname[2]' => 'NHL Jersey Chicago Blackhawks 50 CRAWFORD white  Men Stitched Fights Cancer Stitched Hockey Jersey
 Size:XL(52)',
  'productno[2]' => 'NHL2015019585',
  'price[2]' => '33.00',
  'qty[2]' => 1,
  'checkcode' => '6136781eaad2b93696e4a8fc1d1af8eb',
  'backurl' => 'http://www.outlet-jersey.com/index.php?main_page=checkout_process',
  'notifyreurl' => 'http://www.outlet-jersey.com/mallpay_check.php',
  's_firstname' => 'Robin',
  's_lastname' => 'Bresley',
  's_address' => '216NW Knight court ',
  's_city' => 'grants pass',
  's_state' => 'OR',
  's_postcode' => '97526',
  's_country' => 'US',
  'email' => 'robinbresley@yahoo.com',
  's_tel' => '630-253-4119',
  'b_firstname' => 'Robin',
  'b_lastname' => 'Bresley',
  'b_address' => '216NW Knight court ',
  'b_city' => 'grants pass',
  'b_state' => 'OR',
  'b_postcode' => '97526',
  'b_country' => 'US',
  'b_tel' => '630-253-4119',
) 
00:58:17 array (
  'siteno' => '193736180',
  'version' => '',
  'orderid' => '245150425007',
  'order_time' => '20150425005817',
  'lang' => 'en',
  'currency' => 'USD',
  'vat' => '4.50',
  'discount' => '0.00',
  'shippingfee' => '38.00',
  'productname[0]' => 'NHL Jersey Chicago Blackhawks 10 Sharp black winter classic  Men Stitched with Purple Num Stitched NHL Jersey
 Size:XL(52)',
  'productno[0]' => 'NHL2015019510',
  'price[0]' => '33.00',
  'qty[0]' => 1,
  'productname[1]' => 'NHL Jersey Chicago Blackhawks 2 Keith black   Men Stitched with Purple Num Stitched NHL Jersey
 Size:XL(52)',
  'productno[1]' => 'NHL2015019550',
  'price[1]' => '33.00',
  'qty[1]' => 1,
  'productname[2]' => 'NHL Jersey Chicago Blackhawks 50 CRAWFORD white  Men Stitched Fights Cancer Stitched Hockey Jersey
 Size:XL(52)',
  'productno[2]' => 'NHL2015019585',
  'price[2]' => '33.00',
  'qty[2]' => 1,
  'checkcode' => 'c0e01680d7d3aac9b4732a1f74118746',
  'backurl' => 'http://www.outlet-jersey.com/index.php?main_page=checkout_process',
  'notifyreurl' => 'http://www.outlet-jersey.com/mallpay_check.php',
  's_firstname' => 'Robin',
  's_lastname' => 'Bresley',
  's_address' => '216NW Knight court ',
  's_city' => 'grants pass',
  's_state' => 'OR',
  's_postcode' => '97526',
  's_country' => 'US',
  'email' => 'robinbresley@yahoo.com',
  's_tel' => '630-253-4119',
  'b_firstname' => 'Robin',
  'b_lastname' => 'Bresley',
  'b_address' => '216NW Knight court ',
  'b_city' => 'grants pass',
  'b_state' => 'OR',
  'b_postcode' => '97526',
  'b_country' => 'US',
  'b_tel' => '630-253-4119',
) 
03:58:42 array (
  'siteno' => '193736180',
  'version' => '',
  'orderid' => '245150425011',
  'order_time' => '20150425035842',
  'lang' => 'en',
  'currency' => 'USD',
  'vat' => '6.00',
  'discount' => '0.00',
  'shippingfee' => '43.00',
  'productname[0]' => 'NHL Jersey Anaheim Ducks #15 GETZLAF   Men Stitched Jersey
 Size:XL(52)',
  'productno[0]' => 'NHL2015019439',
  'price[0]' => '36.67',
  'qty[0]' => 1,
  'productname[1]' => 'Anaheim Ducks #10 Corey Perry White New Road NHL Jersey
 Size:M(48)',
  'productno[1]' => 'NHL10874',
  'price[1]' => '33.00',
  'qty[1]' => 1,
  'productname[2]' => 'NHL Jersey Detroit Red Wings 3  Men Stitched Fights Cancer Stitched Hockey Jersey
 Size:XL(52)',
  'productno[2]' => 'NHL2015019657',
  'price[2]' => '36.80',
  'qty[2]' => 1,
  'productname[3]' => 'NHL Jersey Detroit Red Wings 5  Men Stitched Charcoal Cross Check Fashion Jersey
 Size:XL(52)',
  'productno[3]' => 'NHL2015019659',
  'price[3]' => '36.66',
  'qty[3]' => 1,
  'checkcode' => '93a0129f9ef2ef95ebd76cb3941cf76c',
  'backurl' => 'http://www.outlet-jersey.com/index.php?main_page=checkout_process',
  'notifyreurl' => 'http://www.outlet-jersey.com/mallpay_check.php',
  's_firstname' => 'zachary',
  's_lastname' => 'meller',
  's_address' => '5945 county road 4 ',
  's_city' => 'swanton',
  's_state' => 'OH',
  's_postcode' => '43558',
  's_country' => 'US',
  'email' => 'mellertime1992@gmail.com',
  's_tel' => '4197644734',
  'b_firstname' => 'zachary',
  'b_lastname' => 'meller',
  'b_address' => '5945 county road 4 ',
  'b_city' => 'swanton',
  'b_state' => 'OH',
  'b_postcode' => '43558',
  'b_country' => 'US',
  'b_tel' => '4197644734',
) 
04:00:37 array (
  'siteno' => '193736180',
  'version' => '',
  'orderid' => '245150425012',
  'order_time' => '20150425040037',
  'lang' => 'en',
  'currency' => 'USD',
  'vat' => '6.00',
  'discount' => '0.00',
  'shippingfee' => '20.00',
  'productname[0]' => 'NHL Jersey Anaheim Ducks #15 GETZLAF   Men Stitched Jersey
 Size:XL(52)',
  'productno[0]' => 'NHL2015019439',
  'price[0]' => '36.67',
  'qty[0]' => 1,
  'productname[1]' => 'Anaheim Ducks #10 Corey Perry White New Road NHL Jersey
 Size:M(48)',
  'productno[1]' => 'NHL10874',
  'price[1]' => '33.00',
  'qty[1]' => 1,
  'productname[2]' => 'NHL Jersey Detroit Red Wings 3  Men Stitched Fights Cancer Stitched Hockey Jersey
 Size:XL(52)',
  'productno[2]' => 'NHL2015019657',
  'price[2]' => '36.80',
  'qty[2]' => 1,
  'productname[3]' => 'NHL Jersey Detroit Red Wings 5  Men Stitched Charcoal Cross Check Fashion Jersey
 Size:XL(52)',
  'productno[3]' => 'NHL2015019659',
  'price[3]' => '36.66',
  'qty[3]' => 1,
  'checkcode' => '2c08123988e7bceec1e0d094f2db903c',
  'backurl' => 'http://www.outlet-jersey.com/index.php?main_page=checkout_process',
  'notifyreurl' => 'http://www.outlet-jersey.com/mallpay_check.php',
  's_firstname' => 'zachary',
  's_lastname' => 'meller',
  's_address' => '5945 county road 4 ',
  's_city' => 'swanton',
  's_state' => 'OH',
  's_postcode' => '43558',
  's_country' => 'US',
  'email' => 'mellertime1992@gmail.com',
  's_tel' => '4197644734',
  'b_firstname' => 'zachary',
  'b_lastname' => 'meller',
  'b_address' => '5945 county road 4 ',
  'b_city' => 'swanton',
  'b_state' => 'OH',
  'b_postcode' => '43558',
  'b_country' => 'US',
  'b_tel' => '4197644734',
) 
04:03:44 array (
  'siteno' => '193736180',
  'version' => '',
  'orderid' => '245150425013',
  'order_time' => '20150425040344',
  'lang' => 'en',
  'currency' => 'USD',
  'vat' => '6.00',
  'discount' => '0.00',
  'shippingfee' => '20.00',
  'productname[0]' => 'NHL Jersey Anaheim Ducks #15 GETZLAF   Men Stitched Jersey
 Size:XL(52)',
  'productno[0]' => 'NHL2015019439',
  'price[0]' => '36.67',
  'qty[0]' => 1,
  'productname[1]' => 'Anaheim Ducks #10 Corey Perry White New Road NHL Jersey
 Size:M(48)',
  'productno[1]' => 'NHL10874',
  'price[1]' => '33.00',
  'qty[1]' => 1,
  'productname[2]' => 'NHL Jersey Detroit Red Wings 3  Men Stitched Fights Cancer Stitched Hockey Jersey
 Size:XL(52)',
  'productno[2]' => 'NHL2015019657',
  'price[2]' => '36.80',
  'qty[2]' => 1,
  'productname[3]' => 'NHL Jersey Detroit Red Wings 5  Men Stitched Charcoal Cross Check Fashion Jersey
 Size:XL(52)',
  'productno[3]' => 'NHL2015019659',
  'price[3]' => '36.66',
  'qty[3]' => 1,
  'checkcode' => '2287693b45a35bf76ed13796a67e9f6f',
  'backurl' => 'http://www.outlet-jersey.com/index.php?main_page=checkout_process',
  'notifyreurl' => 'http://www.outlet-jersey.com/mallpay_check.php',
  's_firstname' => 'zachary',
  's_lastname' => 'meller',
  's_address' => '5945 county road 4 ',
  's_city' => 'swanton',
  's_state' => 'OH',
  's_postcode' => '43558',
  's_country' => 'US',
  'email' => 'mellertime1992@gmail.com',
  's_tel' => '4197644734',
  'b_firstname' => 'zachary',
  'b_lastname' => 'meller',
  'b_address' => '5945 county road 4 ',
  'b_city' => 'swanton',
  'b_state' => 'OH',
  'b_postcode' => '43558',
  'b_country' => 'US',
  'b_tel' => '4197644734',
) 
04:07:01 array (
  'siteno' => '193736180',
  'version' => '',
  'orderid' => '245150425014',
  'order_time' => '20150425040701',
  'lang' => 'en',
  'currency' => 'USD',
  'vat' => '6.00',
  'discount' => '0.00',
  'shippingfee' => '20.00',
  'productname[0]' => 'NHL Jersey Anaheim Ducks #15 GETZLAF   Men Stitched Jersey
 Size:XL(52)',
  'productno[0]' => 'NHL2015019439',
  'price[0]' => '36.67',
  'qty[0]' => 1,
  'productname[1]' => 'Anaheim Ducks #10 Corey Perry White New Road NHL Jersey
 Size:M(48)',
  'productno[1]' => 'NHL10874',
  'price[1]' => '33.00',
  'qty[1]' => 1,
  'productname[2]' => 'NHL Jersey Detroit Red Wings 3  Men Stitched Fights Cancer Stitched Hockey Jersey
 Size:XL(52)',
  'productno[2]' => 'NHL2015019657',
  'price[2]' => '36.80',
  'qty[2]' => 1,
  'productname[3]' => 'NHL Jersey Detroit Red Wings 5  Men Stitched Charcoal Cross Check Fashion Jersey
 Size:XL(52)',
  'productno[3]' => 'NHL2015019659',
  'price[3]' => '36.66',
  'qty[3]' => 1,
  'checkcode' => '6a1b69136bfb7c1a3e9e1da3505ea0c7',
  'backurl' => 'http://www.outlet-jersey.com/index.php?main_page=checkout_process',
  'notifyreurl' => 'http://www.outlet-jersey.com/mallpay_check.php',
  's_firstname' => 'zachary',
  's_lastname' => 'meller',
  's_address' => '5945 county road 4 ',
  's_city' => 'swanton',
  's_state' => 'OH',
  's_postcode' => '43558',
  's_country' => 'US',
  'email' => 'mellertime1992@gmail.com',
  's_tel' => '4197644734',
  'b_firstname' => 'zachary',
  'b_lastname' => 'meller',
  'b_address' => '5945 county road 4 ',
  'b_city' => 'swanton',
  'b_state' => 'OH',
  'b_postcode' => '43558',
  'b_country' => 'US',
  'b_tel' => '4197644734',
) 
04:51:52 array (
  'siteno' => '193736180',
  'version' => '',
  'orderid' => '245150425018',
  'order_time' => '20150425045152',
  'lang' => 'en',
  'currency' => 'USD',
  'vat' => '1.50',
  'discount' => '0.00',
  'shippingfee' => '28.00',
  'productname[0]' => 'Rangers #11 Mark Messier Stitched Blue NHL Jersey
 Size:M(48)',
  'productno[0]' => 'NHL12433',
  'price[0]' => '33.00',
  'qty[0]' => 1,
  'checkcode' => '93d64b47b9b0eb2cbd9a5f589aca65ce',
  'backurl' => 'http://www.outlet-jersey.com/index.php?main_page=checkout_process',
  'notifyreurl' => 'http://www.outlet-jersey.com/mallpay_check.php',
  's_firstname' => 'Shawn',
  's_lastname' => 'Bell',
  's_address' => '833 kern st ',
  's_city' => 'Chico',
  's_state' => 'CA',
  's_postcode' => '95928',
  's_country' => 'US',
  'email' => 'Sbellgoofy@yahoo.com',
  's_tel' => '5305667292',
  'b_firstname' => 'Shawn',
  'b_lastname' => 'Bell',
  'b_address' => '833 kern st ',
  'b_city' => 'Chico',
  'b_state' => 'CA',
  'b_postcode' => '95928',
  'b_country' => 'US',
  'b_tel' => '5305667292',
) 
05:10:53 array (
  'siteno' => '193736180',
  'version' => '',
  'orderid' => '245150425022',
  'order_time' => '20150425051053',
  'lang' => 'en',
  'currency' => 'USD',
  'vat' => '1.50',
  'discount' => '0.00',
  'shippingfee' => '28.00',
  'productname[0]' => 'NHL Jersey Boston Bruins Yello Black 17  Men Stitched Charcoal Cross Check Fashion Jersey
 Size:M(48)',
  'productno[0]' => 'NHL2015019455',
  'price[0]' => '36.52',
  'qty[0]' => 1,
  'checkcode' => '40571304809dfb05cc11c20c5b2928aa',
  'backurl' => 'http://www.outlet-jersey.com/index.php?main_page=checkout_process',
  'notifyreurl' => 'http://www.outlet-jersey.com/mallpay_check.php',
  's_firstname' => 'Frank',
  's_lastname' => 'Stone',
  's_address' => '11 lakewood circle ',
  's_city' => 'pittsfield',
  's_state' => 'MA',
  's_postcode' => '01201',
  's_country' => 'US',
  'email' => 'frankbones86@gmail.com',
  's_tel' => '4138414822',
  'b_firstname' => 'Frank',
  'b_lastname' => 'Stone',
  'b_address' => '11 lakewood circle ',
  'b_city' => 'pittsfield',
  'b_state' => 'MA',
  'b_postcode' => '01201',
  'b_country' => 'US',
  'b_tel' => '4138414822',
) 
05:16:28 array (
  'siteno' => '193736180',
  'version' => '',
  'orderid' => '245150425023',
  'order_time' => '20150425051628',
  'lang' => 'en',
  'currency' => 'USD',
  'vat' => '4.50',
  'discount' => '0.00',
  'shippingfee' => '38.00',
  'productname[0]' => 'Bruins #37 Patrice Bergeron Stitched Winter Classic Yellow NHL Jersey
 Size:L(50)',
  'productno[0]' => 'NHL10957',
  'price[0]' => '33.00',
  'qty[0]' => 1,
  'productname[1]' => 'nhl jerseys boston bruins #63 marchand yellow(winter classic)
 Size:L(50)',
  'productno[1]' => 'NHL11071',
  'price[1]' => '33.00',
  'qty[1]' => 1,
  'productname[2]' => 'Bruins #40 Tuukka Rask Black Home Stitched NHL Jersey
 Size:L(50)',
  'productno[2]' => 'NHL10960',
  'price[2]' => '33.00',
  'qty[2]' => 1,
  'checkcode' => 'cd360ea2ba07c9f354482bf080545e69',
  'backurl' => 'http://www.outlet-jersey.com/index.php?main_page=checkout_process',
  'notifyreurl' => 'http://www.outlet-jersey.com/mallpay_check.php',
  's_firstname' => 'Paul',
  's_lastname' => 'Dearden',
  's_address' => '1014 Hancock Dr. ',
  's_city' => 'Boone',
  's_state' => 'IA',
  's_postcode' => '50036',
  's_country' => 'US',
  'email' => 'dearden.paul@yahoo.com',
  's_tel' => '5152301916',
  'b_firstname' => 'Paul',
  'b_lastname' => 'Dearden',
  'b_address' => '1014 Hancock Dr. ',
  'b_city' => 'Boone',
  'b_state' => 'IA',
  'b_postcode' => '50036',
  'b_country' => 'US',
  'b_tel' => '5152301916',
) 
05:37:07 array (
  'siteno' => '193736180',
  'version' => '',
  'orderid' => '245150425025',
  'order_time' => '20150425053707',
  'lang' => 'en',
  'currency' => 'USD',
  'vat' => '4.50',
  'discount' => '0.00',
  'shippingfee' => '38.00',
  'productname[0]' => 'Boston Bruins 40 Tuukka Rask Black NHL Jerseys
 Size:XL(52)',
  'productno[0]' => 'NHL10913',
  'price[0]' => '33.00',
  'qty[0]' => 1,
  'productname[1]' => 'Bruins #37 Patrice Bergeron Stitched Winter Classic Yellow NHL Jersey
 Size:L(50)',
  'productno[1]' => 'NHL10957',
  'price[1]' => '33.00',
  'qty[1]' => 1,
  'productname[2]' => 'nhl jerseys boston bruins #63 marchand yellow(winter classic)
 Size:L(50)',
  'productno[2]' => 'NHL11071',
  'price[2]' => '33.00',
  'qty[2]' => 1,
  'checkcode' => '89811fd2df06f280d5e6bc8273815324',
  'backurl' => 'http://www.outlet-jersey.com/index.php?main_page=checkout_process',
  'notifyreurl' => 'http://www.outlet-jersey.com/mallpay_check.php',
  's_firstname' => 'Paul',
  's_lastname' => 'Dearden',
  's_address' => '1014 Hancock Dr. ',
  's_city' => 'Boone',
  's_state' => 'IA',
  's_postcode' => '50036',
  's_country' => 'US',
  'email' => 'dearden.paul@yahoo.com',
  's_tel' => '5152301916',
  'b_firstname' => 'Paul',
  'b_lastname' => 'Dearden',
  'b_address' => '1014 Hancock Dr. ',
  'b_city' => 'Boone',
  'b_state' => 'IA',
  'b_postcode' => '50036',
  'b_country' => 'US',
  'b_tel' => '5152301916',
) 
06:04:59 array (
  'siteno' => '193736180',
  'version' => '',
  'orderid' => '245150425028',
  'order_time' => '20150425060459',
  'lang' => 'en',
  'currency' => 'USD',
  'vat' => '4.50',
  'discount' => '0.00',
  'shippingfee' => '38.00',
  'productname[0]' => 'NHL Jersey Islanders 22 Mike Bossy Mens Stitched Blue CCM Throwback Hockey Jersey  Men Stitched Fights Cancer Stitched Hockey Jersey
 Size:L(50)',
  'productno[0]' => 'NHL2015019761',
  'price[0]' => '33.00',
  'qty[0]' => 1,
  'productname[1]' => 'New York Islanders 91 John Tavares Blue Fights Cancer Stitched Hockey Jersey 
 Size:48 (M)',
  'productno[1]' => 'NHL13647',
  'price[1]' => '38.99',
  'qty[1]' => 1,
  'productname[2]' => 'Islanders #91 John Tavares Stitched Light Blue NHL Jersey
 Size:L(50)',
  'productno[2]' => 'NHL12390',
  'price[2]' => '33.00',
  'qty[2]' => 1,
  'checkcode' => '1b8a975a4c7c6c5964b20e8425a83ace',
  'backurl' => 'http://www.outlet-jersey.com/index.php?main_page=checkout_process',
  'notifyreurl' => 'http://www.outlet-jersey.com/mallpay_check.php',
  's_firstname' => 'stephanie',
  's_lastname' => 'st John',
  's_address' => '10 Garden street ',
  's_city' => 'bayshore',
  's_state' => 'NY',
  's_postcode' => '11706',
  's_country' => 'US',
  'email' => 'stephanie_stjhn@yahoo.com',
  's_tel' => '6316477533',
  'b_firstname' => 'stephanie',
  'b_lastname' => 'st John',
  'b_address' => '10 Garden street ',
  'b_city' => 'bayshore',
  'b_state' => 'NY',
  'b_postcode' => '11706',
  'b_country' => 'US',
  'b_tel' => '6316477533',
) 
06:26:33 array (
  'siteno' => '193736180',
  'version' => '',
  'orderid' => '245150425029',
  'order_time' => '20150425062633',
  'lang' => 'en',
  'currency' => 'USD',
  'vat' => '3.00',
  'discount' => '0.00',
  'shippingfee' => '33.00',
  'productname[0]' => 'Red Wings #13 Pavel Datsyuk Stitched Red NHL Jersey
 Size:L(50)',
  'productno[0]' => 'NHL11804',
  'price[0]' => '33.00',
  'qty[0]' => 1,
  'productname[1]' => 'NHL Jersey Pittsburgh Penguins 87 Crosby black 2  Men Stitched Fights Cancer Stitched Hockey Jersey
 Size:XL(52)',
  'productno[1]' => 'NHL2015019929',
  'price[1]' => '33.00',
  'qty[1]' => 1,
  'checkcode' => '709723ecdd73222b1f457f269c393a5b',
  'backurl' => 'http://www.outlet-jersey.com/index.php?main_page=checkout_process',
  'notifyreurl' => 'http://www.outlet-jersey.com/mallpay_check.php',
  's_firstname' => 'Mario',
  's_lastname' => 'Wardell',
  's_address' => '3090 9th street ',
  's_city' => 'Cuyahoga falls',
  's_state' => 'OH',
  's_postcode' => '44221',
  's_country' => 'US',
  'email' => 'Mew57@uakron.edu',
  's_tel' => '330-714-7683',
  'b_firstname' => 'Mario',
  'b_lastname' => 'Wardell',
  'b_address' => '3090 9th street ',
  'b_city' => 'Cuyahoga falls',
  'b_state' => 'OH',
  'b_postcode' => '44221',
  'b_country' => 'US',
  'b_tel' => '330-714-7683',
) 
06:30:16 array (
  'siteno' => '193736180',
  'version' => '',
  'orderid' => '245150425031',
  'order_time' => '20150425063016',
  'lang' => 'en',
  'currency' => 'USD',
  'vat' => '3.00',
  'discount' => '0.00',
  'shippingfee' => '33.00',
  'productname[0]' => 'Red Wings #13 Pavel Datsyuk Stitched Red NHL Jersey
 Size:L(50)',
  'productno[0]' => 'NHL11804',
  'price[0]' => '33.00',
  'qty[0]' => 1,
  'productname[1]' => 'NHL Jersey Pittsburgh Penguins 87 Crosby black 2  Men Stitched Fights Cancer Stitched Hockey Jersey
 Size:XL(52)',
  'productno[1]' => 'NHL2015019929',
  'price[1]' => '33.00',
  'qty[1]' => 1,
  'checkcode' => '27893c3c1aa7af474786e50863006f94',
  'backurl' => 'http://www.outlet-jersey.com/index.php?main_page=checkout_process',
  'notifyreurl' => 'http://www.outlet-jersey.com/mallpay_check.php',
  's_firstname' => 'Mario',
  's_lastname' => 'Wardell',
  's_address' => '3090 9th street ',
  's_city' => 'Cuyahoga falls',
  's_state' => 'OH',
  's_postcode' => '44221',
  's_country' => 'US',
  'email' => 'Mew57@uakron.edu',
  's_tel' => '330-714-7683',
  'b_firstname' => 'Mario',
  'b_lastname' => 'Wardell',
  'b_address' => '3090 9th street ',
  'b_city' => 'Cuyahoga falls',
  'b_state' => 'OH',
  'b_postcode' => '44221',
  'b_country' => 'US',
  'b_tel' => '330-714-7683',
) 
07:27:43 array (
  'siteno' => '193736180',
  'version' => '',
  'orderid' => '245150425033',
  'order_time' => '20150425072743',
  'lang' => 'en',
  'currency' => 'USD',
  'vat' => '1.50',
  'discount' => '0.00',
  'shippingfee' => '28.00',
  'productname[0]' => 'Boston Bruins #17 Milan Lucic white strip with Purple Num Stitched NHL Jersey
 Size:52 (XL)',
  'productno[0]' => 'NHL13660',
  'price[0]' => '33.00',
  'qty[0]' => 1,
  'checkcode' => '45abfd3ba166e60436563c7980c59c7f',
  'backurl' => 'http://www.outlet-jersey.com/index.php?main_page=checkout_process',
  'notifyreurl' => 'http://www.outlet-jersey.com/mallpay_check.php',
  's_firstname' => 'Michelle',
  's_lastname' => 'Lattimer',
  's_address' => '111 Third Street ',
  's_city' => 'Medford',
  's_state' => 'MA',
  's_postcode' => '02155',
  's_country' => 'US',
  'email' => 'ilovemyrusty@aol.com',
  's_tel' => '339-221-5152',
  'b_firstname' => 'Michelle',
  'b_lastname' => 'Lattimer',
  'b_address' => '111 Third Street ',
  'b_city' => 'Medford',
  'b_state' => 'MA',
  'b_postcode' => '02155',
  'b_country' => 'US',
  'b_tel' => '339-221-5152',
) 
07:30:12 array (
  'siteno' => '193736180',
  'version' => '',
  'orderid' => '245150425034',
  'order_time' => '20150425073012',
  'lang' => 'en',
  'currency' => 'USD',
  'vat' => '1.50',
  'discount' => '0.00',
  'shippingfee' => '28.00',
  'productname[0]' => 'Boston Bruins #17 Milan Lucic white strip with Purple Num Stitched NHL Jersey
 Size:52 (XL)',
  'productno[0]' => 'NHL13660',
  'price[0]' => '33.00',
  'qty[0]' => 1,
  'checkcode' => '9e63dffa2f53683d37a4ad7f3e098e6d',
  'backurl' => 'http://www.outlet-jersey.com/index.php?main_page=checkout_process',
  'notifyreurl' => 'http://www.outlet-jersey.com/mallpay_check.php',
  's_firstname' => 'Michelle',
  's_lastname' => 'Lattimer',
  's_address' => '111 Third Street ',
  's_city' => 'Medford',
  's_state' => 'MA',
  's_postcode' => '02155',
  's_country' => 'US',
  'email' => 'ilovemyrusty@aol.com',
  's_tel' => '339-221-5152',
  'b_firstname' => 'Michelle',
  'b_lastname' => 'Lattimer',
  'b_address' => '111 Third Street ',
  'b_city' => 'Medford',
  'b_state' => 'MA',
  'b_postcode' => '02155',
  'b_country' => 'US',
  'b_tel' => '339-221-5152',
) 
07:33:30 array (
  'siteno' => '193736180',
  'version' => '',
  'orderid' => '245150425035',
  'order_time' => '20150425073330',
  'lang' => 'en',
  'currency' => 'USD',
  'vat' => '1.50',
  'discount' => '0.00',
  'shippingfee' => '28.00',
  'productname[0]' => 'Boston Bruins #17 Milan Lucic white strip with Purple Num Stitched NHL Jersey
 Size:52 (XL)',
  'productno[0]' => 'NHL13660',
  'price[0]' => '33.00',
  'qty[0]' => 1,
  'checkcode' => '37d9326bad8e2946e6725e416508b203',
  'backurl' => 'http://www.outlet-jersey.com/index.php?main_page=checkout_process',
  'notifyreurl' => 'http://www.outlet-jersey.com/mallpay_check.php',
  's_firstname' => 'Michelle',
  's_lastname' => 'Lattimer',
  's_address' => '111 Third Street ',
  's_city' => 'Medford',
  's_state' => 'MA',
  's_postcode' => '02155',
  's_country' => 'US',
  'email' => 'ilovemyrusty@aol.com',
  's_tel' => '339-221-5152',
  'b_firstname' => 'Michelle',
  'b_lastname' => 'Lattimer',
  'b_address' => '111 Third Street ',
  'b_city' => 'Medford',
  'b_state' => 'MA',
  'b_postcode' => '02155',
  'b_country' => 'US',
  'b_tel' => '339-221-5152',
) 
10:26:01 array (
  'siteno' => '193736180',
  'version' => '',
  'orderid' => '245150425046',
  'order_time' => '20150425102601',
  'lang' => 'en',
  'currency' => 'USD',
  'vat' => '1.50',
  'discount' => '0.00',
  'shippingfee' => '28.00',
  'productname[0]' => 'NHL Jersey Montreal Canadiens 11 Brendan Gallagher Red Stitched NHL Jersey Jersey  Men Stitched with Purple Num Stitched NHL Jersey
 Size:L(50)',
  'productno[0]' => 'NHL2015019710',
  'price[0]' => '33.00',
  'qty[0]' => 1,
  'checkcode' => 'fb55d535ecef384895194bde5bcd2244',
  'backurl' => 'http://www.outlet-jersey.com/index.php?main_page=checkout_process',
  'notifyreurl' => 'http://www.outlet-jersey.com/mallpay_check.php',
  's_firstname' => 'Gilles',
  's_lastname' => 'Masseau',
  's_address' => '62 Sauriol Street ',
  's_city' => 'Fort-Coulonge',
  's_state' => 'QC',
  's_postcode' => 'J0X 1V0',
  's_country' => 'CA',
  'email' => 'm.elika22@hotmail.com',
  's_tel' => '819-683-2159',
  'b_firstname' => 'Gilles',
  'b_lastname' => 'Masseau',
  'b_address' => '62 Sauriol Street ',
  'b_city' => 'Fort-Coulonge',
  'b_state' => 'QC',
  'b_postcode' => 'J0X 1V0',
  'b_country' => 'CA',
  'b_tel' => '819-683-2159',
) 
11:43:34 array (
  'siteno' => '193736180',
  'version' => '',
  'orderid' => '245150425050',
  'order_time' => '20150425114334',
  'lang' => 'en',
  'currency' => 'USD',
  'vat' => '1.50',
  'discount' => '0.00',
  'shippingfee' => '25.00',
  'productname[0]' => 'Men\'s New York Rangers #27 Ryan McDonagh White Stitched NHL Hockey Jersey
 Size:56 (XXXL)',
  'productno[0]' => 'NHL13630',
  'price[0]' => '33.00',
  'qty[0]' => 1,
  'checkcode' => '9fac94bb08b57179d860536f76ce9e31',
  'backurl' => 'http://www.outlet-jersey.com/index.php?main_page=checkout_process',
  'notifyreurl' => 'http://www.outlet-jersey.com/mallpay_check.php',
  's_firstname' => 'Aaron',
  's_lastname' => 'Yusufov',
  's_address' => '8100 bay pkwy ',
  's_city' => 'Brooklyn',
  's_state' => 'NY',
  's_postcode' => '11214',
  's_country' => 'US',
  'email' => 'Eliteshoes333@yahoo.com',
  's_tel' => '9174780410',
  'b_firstname' => 'Aaron',
  'b_lastname' => 'Yusufov',
  'b_address' => '2076 86th st ',
  'b_city' => 'Brooklyn',
  'b_state' => 'NY',
  'b_postcode' => '11214',
  'b_country' => 'US',
  'b_tel' => '9174780410',
) 
12:55:09 array (
  'siteno' => '193736180',
  'version' => '',
  'orderid' => '245150425056',
  'order_time' => '20150425125509',
  'lang' => 'en',
  'currency' => 'USD',
  'vat' => '4.50',
  'discount' => '0.00',
  'shippingfee' => '58.00',
  'productname[0]' => 'New York Rangers #36 Mats Zuccarello White Road NHL Jersey
 Size:XXXL(56)',
  'productno[0]' => 'NHL12414',
  'price[0]' => '33.00',
  'qty[0]' => 1,
  'productname[1]' => 'NEW New York Mets 2015 Authentic 33# Matt Harvey Home Jersey
 Size:56 (XXXL)',
  'productno[1]' => 'MLB14101',
  'price[1]' => '18.50',
  'qty[1]' => 1,
  'productname[2]' => 'New York Rangers #61 Rick Nash White 2014 Stadium Series Stitched NHL Jersey
 Size:L(50)',
  'productno[2]' => 'NHL12417',
  'price[2]' => '33.00',
  'qty[2]' => 1,
  'checkcode' => '085f2d615991755b3bc71ff9b27900ac',
  'backurl' => 'http://www.outlet-jersey.com/index.php?main_page=checkout_process',
  'notifyreurl' => 'http://www.outlet-jersey.com/mallpay_check.php',
  's_firstname' => 'James',
  's_lastname' => 'Slowey',
  's_address' => '116-12 rockaway beach blvd ',
  's_city' => 'Rockaway park',
  's_state' => 'NY',
  's_postcode' => '11694',
  's_country' => 'US',
  'email' => 'Slowey1@msn.com',
  's_tel' => '+1 (917) 664-0480',
  'b_firstname' => 'James',
  'b_lastname' => 'Slowey',
  'b_address' => '116-12 rockaway beach blvd ',
  'b_city' => 'Rockaway park',
  'b_state' => 'NY',
  'b_postcode' => '11694',
  'b_country' => 'US',
  'b_tel' => '+1 (917) 664-0480',
) 
13:29:59 array (
  'siteno' => '193736180',
  'version' => '',
  'orderid' => '245150425061',
  'order_time' => '20150425132959',
  'lang' => 'en',
  'currency' => 'USD',
  'vat' => '1.50',
  'discount' => '0.00',
  'shippingfee' => '28.00',
  'productname[0]' => 'Bruins 2011 Stanley Cup Finals Patch #4 Bobby Orr Black Stitched NHL Jersey
 Size:XXL(54)',
  'productno[0]' => 'NHL11038',
  'price[0]' => '33.00',
  'qty[0]' => 1,
  'checkcode' => 'fb03b461b97c3fd35d784295dcc88719',
  'backurl' => 'http://www.outlet-jersey.com/index.php?main_page=checkout_process',
  'notifyreurl' => 'http://www.outlet-jersey.com/mallpay_check.php',
  's_firstname' => 'Jake',
  's_lastname' => 'Ryan',
  's_address' => '2427 N Fair Oaks #3 ',
  's_city' => 'Tucson',
  's_state' => 'AZ',
  's_postcode' => '85712',
  's_country' => 'US',
  'email' => 'jryan96@cox.net',
  's_tel' => '5203890660',
  'b_firstname' => 'Jake',
  'b_lastname' => 'Ryan',
  'b_address' => '2427 N Fair Oaks #3 ',
  'b_city' => 'Tucson',
  'b_state' => 'AZ',
  'b_postcode' => '85712',
  'b_country' => 'US',
  'b_tel' => '5203890660',
) 
14:16:54 array (
  'siteno' => '193736180',
  'version' => '',
  'orderid' => '245150425063',
  'order_time' => '20150425141654',
  'lang' => 'en',
  'currency' => 'USD',
  'vat' => '1.50',
  'discount' => '0.00',
  'shippingfee' => '28.00',
  'productname[0]' => 'Ducks #13 Teemu Selanne Men\'s Stitched Red CCM Throwback Hockey Jersey
 Size:M(48)',
  'productno[0]' => 'JE1731697',
  'price[0]' => '33.00',
  'qty[0]' => 1,
  'checkcode' => '08972d7f3a5102a7b6a2b5d6ae0b7dc0',
  'backurl' => 'http://www.outlet-jersey.com/index.php?main_page=checkout_process',
  'notifyreurl' => 'http://www.outlet-jersey.com/mallpay_check.php',
  's_firstname' => 'Hector',
  's_lastname' => 'Perez',
  's_address' => '3400 Big Dalton Ave ',
  's_city' => 'Baldwin Park',
  's_state' => 'CA',
  's_postcode' => '91706',
  's_country' => 'US',
  'email' => 'hexperez71@yahoo.com',
  's_tel' => '626-931-0766',
  'b_firstname' => 'Hector',
  'b_lastname' => 'Perez',
  'b_address' => '3400 Big Dalton Ave ',
  'b_city' => 'Baldwin Park',
  'b_state' => 'CA',
  'b_postcode' => '91706',
  'b_country' => 'US',
  'b_tel' => '626-931-0766',
) 
20:52:46 array (
  'siteno' => '193736180',
  'version' => '',
  'orderid' => '245150425066',
  'order_time' => '20150425205246',
  'lang' => 'en',
  'currency' => 'USD',
  'vat' => '3.00',
  'discount' => '0.00',
  'shippingfee' => '33.00',
  'productname[0]' => 'NHL Jersey Montreal Canadiens 31 Carey Price Red Stitched NHL Jersey Jersey  Men Stitched Charcoal Cross Check Fashion Jersey
 Size:L(50)',
  'productno[0]' => 'NHL2015019731',
  'price[0]' => '33.00',
  'qty[0]' => 1,
  'productname[1]' => 'NHL Jersey Montreal Canadiens 31 Carey Price Red Stitched NHL Jersey Jersey  Men Stitched Charcoal Cross Check Fashion Jersey
 Size:XXL(54)',
  'productno[1]' => 'NHL2015019731',
  'price[1]' => '33.00',
  'qty[1]' => 1,
  'checkcode' => '88355a51b97ec745f295f521561b0bca',
  'backurl' => 'http://www.outlet-jersey.com/index.php?main_page=checkout_process',
  'notifyreurl' => 'http://www.outlet-jersey.com/mallpay_check.php',
  's_firstname' => 'Heather',
  's_lastname' => 'hackett-Hayes',
  's_address' => '504 Olympic way ',
  's_city' => 'acworth',
  's_state' => 'GA',
  's_postcode' => '30102',
  's_country' => 'US',
  'email' => 'Hghackett@gmail.com',
  's_tel' => '6107800364',
  'b_firstname' => 'Heather',
  'b_lastname' => 'hackett-Hayes',
  'b_address' => '504 Olympic way ',
  'b_city' => 'acworth',
  'b_state' => 'GA',
  'b_postcode' => '30102',
  'b_country' => 'US',
  'b_tel' => '6107800364',
) 
