00:00:33 array (
  'siteno' => '193736180',
  'version' => '',
  'orderid' => '245150302001',
  'order_time' => '20150302000033',
  'lang' => 'en',
  'currency' => 'USD',
  'vat' => '8.00',
  'discount' => '0.00',
  'shippingfee' => '20.00',
  'productname[0]' => 'Detroit Red Wings #40 Henrik Zetterberg White Fashion Stitched NHL Jersey
 Size:XL(52)',
  'productno[0]' => 'NHL11790',
  'price[0]' => '34.00',
  'qty[0]' => 1,
  'productname[1]' => 'Red Wings #1 Terry Sawchuk Stitched Red CCM Throwback NHL Jersey
 Size:Extra Large/52',
  'productno[1]' => 'NHL11800',
  'price[1]' => '33.00',
  'qty[1]' => 1,
  'checkcode' => '2866dddaf3071ac8bbfc0f0085506c95',
  'backurl' => 'http://www.outlet-jersey.com/index.php?main_page=checkout_process',
  'notifyreurl' => 'http://www.outlet-jersey.com/mallpay_check.php',
  's_firstname' => 'Mary',
  's_lastname' => 'Pavlic',
  's_address' => '1269 Old Bon Air Rd ',
  's_city' => 'Sparta',
  's_state' => 'TN',
  's_postcode' => '38583',
  's_country' => 'US',
  'email' => 'stuckinsparta@rocketmail.com',
  's_tel' => '9313169603',
  'b_firstname' => 'Mary',
  'b_lastname' => 'Pavlic',
  'b_address' => '1269 Old Bon Air Rd ',
  'b_city' => 'Sparta',
  'b_state' => 'TN',
  'b_postcode' => '38583',
  'b_country' => 'US',
  'b_tel' => '9313169603',
) 
01:01:03 array (
  'siteno' => '193736180',
  'version' => '',
  'orderid' => '245150302003',
  'order_time' => '20150302010103',
  'lang' => 'en',
  'currency' => 'USD',
  'vat' => '36.00',
  'discount' => '0.00',
  'shippingfee' => '15.00',
  'productname[0]' => 'Nationals Blank White Women\'s Fashion Stitched Baseball Jersey
 Size:Medium',
  'productno[0]' => 'WOMEN4635',
  'price[0]' => '19.00',
  'qty[0]' => 1,
  'productname[1]' => 'Nationals Blank White Women\'s Fashion Stitched Baseball Jersey
 Size:Small',
  'productno[1]' => 'WOMEN4635',
  'price[1]' => '19.00',
  'qty[1]' => 4,
  'productname[2]' => 'Nationals Blank White Cool Base Stitched Baseball Jersey
 Size:Large/50',
  'productno[2]' => 'MLB14033',
  'price[2]' => '18.50',
  'qty[2]' => 2,
  'productname[3]' => 'Nationals Blank White Cool Base Stitched Baseball Jersey
 Size:Medium/48',
  'productno[3]' => 'MLB14033',
  'price[3]' => '18.50',
  'qty[3]' => 2,
  'checkcode' => 'ccf670370e587d8cbc434895a92acb32',
  'backurl' => 'http://www.outlet-jersey.com/index.php?main_page=checkout_process',
  'notifyreurl' => 'http://www.outlet-jersey.com/mallpay_check.php',
  's_firstname' => 'Rudolph',
  's_lastname' => 'Tarlosky',
  's_address' => '8139 Edmonton Court ',
  's_city' => 'Springfield',
  's_state' => 'VA',
  's_postcode' => '22152',
  's_country' => 'US',
  'email' => 'rtarlosky@ct-pllc.com',
  's_tel' => '571-239-1529',
  'b_firstname' => 'Rudolph',
  'b_lastname' => 'Tarlosky',
  'b_address' => '8139 Edmonton Court ',
  'b_city' => 'Springfield',
  'b_state' => 'VA',
  'b_postcode' => '22152',
  'b_country' => 'US',
  'b_tel' => '571-239-1529',
) 
04:27:28 array (
  'siteno' => '193736180',
  'version' => '',
  'orderid' => '245150302008',
  'order_time' => '20150302042728',
  'lang' => 'en',
  'currency' => 'USD',
  'vat' => '12.00',
  'discount' => '0.00',
  'shippingfee' => '20.00',
  'productname[0]' => '2015 Super Bowl XLIX-Patriots #12 Tom Brady Men\'s Stitched Grey Drift Fashion Elite Jersey
 Size:44 (L)',
  'productno[0]' => 'JE1731631',
  'price[0]' => '27.79',
  'qty[0]' => 1,
  'productname[1]' => '2015 Super Bowl XLIX-Patriots #12 Tom Brady Men\'s Stitched Grey Drift Fashion Elite Jersey
 Size:48 (XL)',
  'productno[1]' => 'JE1731631',
  'price[1]' => '27.79',
  'qty[1]' => 1,
  'productname[2]' => '2015 Super Bowl XLIX-Patriots #12 Tom Brady Men\'s Stitched Grey Drift Fashion Elite Jersey
 Size:40 (M)',
  'productno[2]' => 'JE1731631',
  'price[2]' => '27.79',
  'qty[2]' => 1,
  'checkcode' => '49aa22b02ad5600ea7f18385b9798143',
  'backurl' => 'http://www.outlet-jersey.com/index.php?main_page=checkout_process',
  'notifyreurl' => 'http://www.outlet-jersey.com/mallpay_check.php',
  's_firstname' => 'Peter',
  's_lastname' => 'Gaudet',
  's_address' => '356 Church St ',
  's_city' => 'Northborough',
  's_state' => 'MA',
  's_postcode' => '01532',
  's_country' => 'US',
  'email' => 'pag_65_98@yahoo.com',
  's_tel' => '7818837408',
  'b_firstname' => 'Peter',
  'b_lastname' => 'Gaudet',
  'b_address' => '356 Church St ',
  'b_city' => 'Northborough',
  'b_state' => 'MA',
  'b_postcode' => '01532',
  'b_country' => 'US',
  'b_tel' => '7818837408',
) 
05:09:05 array (
  'siteno' => '193736180',
  'version' => '',
  'orderid' => '245150302019',
  'order_time' => '20150302050905',
  'lang' => 'en',
  'currency' => 'USD',
  'vat' => '20.00',
  'discount' => '0.00',
  'shippingfee' => '15.00',
  'productname[0]' => 'Mitchell & Ness Steelers #12 Terry Bradshaw White Stitched Throwback NFL Jersey
 Size:XXX Large/56',
  'productno[0]' => 'NFL26956',
  'price[0]' => '19.00',
  'qty[0]' => 1,
  'productname[1]' => 'Nike Pittsburgh Steelers #84 Antonio Brown Black(Gold No.) NFL Elite Jersey
 Size:60',
  'productno[1]' => 'NFL27077',
  'price[1]' => '22.50',
  'qty[1]' => 1,
  'productname[2]' => 'Mitchell & Ness Steelers #75 Joe Greene White Stitched Throwback NFL Jersey
 Size:XXX Large/56',
  'productno[2]' => 'NFL26968',
  'price[2]' => '19.00',
  'qty[2]' => 1,
  'productname[3]' => 'NFL Mitchell and Ness Pittsburgh Steelers Stitched Fitted Hats 011
 Size:7 1/2',
  'productno[3]' => 'SPT21320',
  'price[3]' => '8.00',
  'qty[3]' => 1,
  'productname[4]' => 'NFL Mitchell and Ness Pittsburgh Steelers Stitched Fitted Hats 012
 Size:7 1/2',
  'productno[4]' => 'SPT21321',
  'price[4]' => '8.00',
  'qty[4]' => 1,
  'checkcode' => '005e3cc0d4dbee0ecab78fa1b83043f9',
  'backurl' => 'http://www.outlet-jersey.com/index.php?main_page=checkout_process',
  'notifyreurl' => 'http://www.outlet-jersey.com/mallpay_check.php',
  's_firstname' => 'Sharon',
  's_lastname' => 'Price-page',
  's_address' => '2408 Leithgow street ',
  's_city' => 'Philadelphia',
  's_state' => 'PA',
  's_postcode' => '19133',
  's_country' => 'US',
  'email' => '1964sweetone@gmail.com',
  's_tel' => '267-584-7940',
  'b_firstname' => 'Sharon',
  'b_lastname' => 'Price-page',
  'b_address' => '2408 Leithgow street ',
  'b_city' => 'Philadelphia',
  'b_state' => 'PA',
  'b_postcode' => '19133',
  'b_country' => 'US',
  'b_tel' => '267-584-7940',
) 
08:46:12 array (
  'siteno' => '193736180',
  'version' => '',
  'orderid' => '245150302030',
  'order_time' => '20150302084612',
  'lang' => 'en',
  'currency' => 'USD',
  'vat' => '4.00',
  'discount' => '0.00',
  'shippingfee' => '25.00',
  'productname[0]' => 'Devils #30 Martin Brodeur 2012 Stanley Cup Finals Red and Green CCM Throwback Stitched NHL Jersey
 Size:XXX Large/56',
  'productno[0]' => 'NHL12341',
  'price[0]' => '33.00',
  'qty[0]' => 1,
  'checkcode' => 'ca7f2992b2769eb89ae3aaec207c1ba3',
  'backurl' => 'http://www.outlet-jersey.com/index.php?main_page=checkout_process',
  'notifyreurl' => 'http://www.outlet-jersey.com/mallpay_check.php',
  's_firstname' => 'Peter',
  's_lastname' => 'Smith',
  's_address' => '4790 West 227 ',
  's_city' => 'Fairview Park',
  's_state' => 'OH',
  's_postcode' => '44126',
  's_country' => 'US',
  'email' => 'Pwilliamsmith@yahoo.com',
  's_tel' => '4407160710',
  'b_firstname' => 'Peter',
  'b_lastname' => 'Smith',
  'b_address' => '4790 West 227 ',
  'b_city' => 'Fairview Park',
  'b_state' => 'OH',
  'b_postcode' => '44126',
  'b_country' => 'US',
  'b_tel' => '4407160710',
) 
10:07:53 array (
  'siteno' => '193736180',
  'version' => '',
  'orderid' => '245150302039',
  'order_time' => '20150302100753',
  'lang' => 'en',
  'currency' => 'USD',
  'vat' => '8.00',
  'discount' => '0.00',
  'shippingfee' => '20.00',
  'productname[0]' => 'Tigers #24 Miguel Cabrera White Cool Base w/2012 World Series Patch Stitched Baseball Jersey
 Size:XXX Large/56',
  'productno[0]' => 'MLB11266',
  'price[0]' => '18.50',
  'qty[0]' => 1,
  'productname[1]' => 'Red Wings #19 Steve Yzerman White Stitched NHL Jersey
 Size:XXX Large/56',
  'productno[1]' => 'NHL11818',
  'price[1]' => '33.00',
  'qty[1]' => 1,
  'checkcode' => 'a8a94c50d03c02cf0d67b24d601647fc',
  'backurl' => 'http://www.outlet-jersey.com/index.php?main_page=checkout_process',
  'notifyreurl' => 'http://www.outlet-jersey.com/mallpay_check.php',
  's_firstname' => 'Jeremy',
  's_lastname' => 'farner',
  's_address' => '226 constitution circle ',
  's_city' => 'potterville',
  's_state' => 'MI',
  's_postcode' => '48876',
  's_country' => 'US',
  'email' => 'jlfarner1@yahoo.com',
  's_tel' => '9892848143',
  'b_firstname' => 'Jeremy',
  'b_lastname' => 'farner',
  'b_address' => '1412 n Carolina at ',
  'b_city' => 'saginaw',
  'b_state' => 'MI',
  'b_postcode' => '48602',
  'b_country' => 'US',
  'b_tel' => '9892848143',
) 
10:33:45 array (
  'siteno' => '193736180',
  'version' => '',
  'orderid' => '245150302040',
  'order_time' => '20150302103345',
  'lang' => 'en',
  'currency' => 'USD',
  'vat' => '4.00',
  'discount' => '0.00',
  'shippingfee' => '25.00',
  'productname[0]' => 'NHL Jersey Montreal canadiens 31 Carey Price  black ice NHL Jersey jerseys  Men Stitched with Purple Num Stitched NHL Jersey
 Size:48 (XL)',
  'productno[0]' => 'NHL2015019730',
  'price[0]' => '36.55',
  'qty[0]' => 1,
  'checkcode' => '7e406a77f50de417e22b98cb3b0ba7d1',
  'backurl' => 'http://www.outlet-jersey.com/index.php?main_page=checkout_process',
  'notifyreurl' => 'http://www.outlet-jersey.com/mallpay_check.php',
  's_firstname' => 'Marc',
  's_lastname' => 'Blais',
  's_address' => '218 dionne dr ',
  's_city' => 'Manchester',
  's_state' => 'NH',
  's_postcode' => '03102',
  's_country' => 'US',
  'email' => 'mblaisdup@gmail.com',
  's_tel' => '6036456083',
  'b_firstname' => 'Marc',
  'b_lastname' => 'Blais',
  'b_address' => '218 dionne dr ',
  'b_city' => 'Manchester',
  'b_state' => 'NH',
  'b_postcode' => '03102',
  'b_country' => 'US',
  'b_tel' => '6036456083',
) 
13:56:31 array (
  'siteno' => '193736180',
  'version' => '',
  'orderid' => '245150302046',
  'order_time' => '20150302135631',
  'lang' => 'en',
  'currency' => 'USD',
  'vat' => '4.00',
  'discount' => '0.00',
  'shippingfee' => '25.00',
  'productname[0]' => 'Red Wings #13 Pavel Datsyuk Red 2014 Winter Classic Stitched NHL Jersey
 Size:Large/50',
  'productno[0]' => 'NHL11802',
  'price[0]' => '33.00',
  'qty[0]' => 1,
  'checkcode' => '1515ce7dddbae8d818f1a244976d5645',
  'backurl' => 'http://www.outlet-jersey.com/index.php?main_page=checkout_process',
  'notifyreurl' => 'http://www.outlet-jersey.com/mallpay_check.php',
  's_firstname' => 'Joe',
  's_lastname' => 'Kure',
  's_address' => '1214 11th st south ',
  's_city' => 'Virginia',
  's_state' => 'MN',
  's_postcode' => '55792',
  's_country' => 'US',
  'email' => 'joekure@hotmail.com',
  's_tel' => '2184100482',
  'b_firstname' => 'Joe',
  'b_lastname' => 'Kure',
  'b_address' => '1214 11th st south ',
  'b_city' => 'Virginia',
  'b_state' => 'MN',
  'b_postcode' => '55792',
  'b_country' => 'US',
  'b_tel' => '2184100482',
) 
13:59:42 array (
  'siteno' => '193736180',
  'version' => '',
  'orderid' => '245150302047',
  'order_time' => '20150302135942',
  'lang' => 'en',
  'currency' => 'USD',
  'vat' => '4.00',
  'discount' => '0.00',
  'shippingfee' => '25.00',
  'productname[0]' => 'Red Wings #13 Pavel Datsyuk Red 2014 Winter Classic Stitched NHL Jersey
 Size:Large/50',
  'productno[0]' => 'NHL11802',
  'price[0]' => '33.00',
  'qty[0]' => 1,
  'checkcode' => '5aa7d2042de7ba2e0a545e47c674bc6b',
  'backurl' => 'http://www.outlet-jersey.com/index.php?main_page=checkout_process',
  'notifyreurl' => 'http://www.outlet-jersey.com/mallpay_check.php',
  's_firstname' => 'Joe',
  's_lastname' => 'Kure',
  's_address' => '1214 11th st south ',
  's_city' => 'Virginia',
  's_state' => 'MN',
  's_postcode' => '55792',
  's_country' => 'US',
  'email' => 'joekure@hotmail.com',
  's_tel' => '2184100482',
  'b_firstname' => 'Joe',
  'b_lastname' => 'Kure',
  'b_address' => '1214 11th st south ',
  'b_city' => 'Virginia',
  'b_state' => 'MN',
  'b_postcode' => '55792',
  'b_country' => 'US',
  'b_tel' => '2184100482',
) 
23:33:14 array (
  'siteno' => '193736180',
  'version' => '',
  'orderid' => '245150302059',
  'order_time' => '20150302233314',
  'lang' => 'en',
  'currency' => 'USD',
  'vat' => '20.00',
  'discount' => '0.00',
  'shippingfee' => '15.00',
  'productname[0]' => 'NEW Seahawks #89 Doug Baldwin Steel Blue Team Color Super Bowl XLVIII Youth NFL Jersey
 Size:S(8)',
  'productno[0]' => 'NFL15856',
  'price[0]' => '22.00',
  'qty[0]' => 1,
  'productname[1]' => 'NEW Seahawks #89 Doug Baldwin White Super Bowl XLVIII Youth NFL Elite Jersey
 Size:M(10-12)',
  'productno[1]' => 'NFL15857',
  'price[1]' => '22.00',
  'qty[1]' => 1,
  'productname[2]' => '2015 NFL Seattle Seahawks Knit Hats 15',
  'productno[2]' => 'HAT13240',
  'price[2]' => '9.90',
  'qty[2]' => 2,
  'productname[3]' => 'NEW Pittsburgh Steelers 43 Troy Polamalu Black Yellow Drift Fashion II Elite NFL Jerseys
 Size:52',
  'productno[3]' => 'NFL27022',
  'price[3]' => '23.00',
  'qty[3]' => 1,
  'checkcode' => 'e3e8b1578e4887677c17ef7a00042c7d',
  'backurl' => 'http://www.outlet-jersey.com/index.php?main_page=checkout_process',
  'notifyreurl' => 'http://www.outlet-jersey.com/mallpay_check.php',
  's_firstname' => 'Saundra',
  's_lastname' => 'McGinnis',
  's_address' => '323 7th St./ P.O.Box 122 ',
  's_city' => 'Vader',
  's_state' => 'WA',
  's_postcode' => '98593',
  's_country' => 'US',
  'email' => 'nanamcgoo1@gmail.com',
  's_tel' => '360-523-4294',
  'b_firstname' => 'Saundra',
  'b_lastname' => 'McGinnis',
  'b_address' => '323 7th St./ P.O.Box 122 ',
  'b_city' => 'Vader',
  'b_state' => 'WA',
  'b_postcode' => '98593',
  'b_country' => 'US',
  'b_tel' => '360-523-4294',
) 
