00:36:53 array (
  'siteno' => '193736180',
  'version' => '',
  'orderid' => '245150205002',
  'order_time' => '20150205003653',
  'lang' => 'en',
  'currency' => 'USD',
  'vat' => '8.00',
  'discount' => '0.00',
  'shippingfee' => '20.00',
  'productname[0]' => 'Nike Seahawks #89 Doug Baldwin Steel Blue Team Color Youth Stitched NFL Elite Jersey
 Size:L(14-16)',
  'productno[0]' => 'YOUTH2584',
  'price[0]' => '21.00',
  'qty[0]' => 1,
  'productname[1]' => '20141011 SEATTLE SEAHAWKS Knit Hats
 Size:One Size',
  'productno[1]' => 'HAT10558',
  'price[1]' => '9.90',
  'qty[1]' => 1,
  'checkcode' => '4f1926fc3d26e1b048575f6937636606',
  'backurl' => 'http://www.outlet-jersey.com/index.php?main_page=checkout_process',
  'notifyreurl' => 'http://www.outlet-jersey.com/mallpay_check.php',
  's_firstname' => 'Alexian',
  's_lastname' => 'Chambers',
  's_address' => '15815 16th Ave SW ',
  's_city' => 'Burien',
  's_state' => 'WA',
  's_postcode' => '98166',
  's_country' => 'US',
  'email' => 'alexianchambers@comcast.net',
  's_tel' => '206 489-7472',
  'b_firstname' => 'Alexian',
  'b_lastname' => 'Chambers',
  'b_address' => '15815 16th Ave SW ',
  'b_city' => 'Burien',
  'b_state' => 'WA',
  'b_postcode' => '98166',
  'b_country' => 'US',
  'b_tel' => '206 489-7472',
) 
00:54:11 array (
  'siteno' => '193736180',
  'version' => '',
  'orderid' => '245150205003',
  'order_time' => '20150205005411',
  'lang' => 'en',
  'currency' => 'USD',
  'vat' => '48.00',
  'discount' => '0.00',
  'shippingfee' => '0.00',
  'productname[0]' => 'NCAA Crimson Tide #10 AJ McCarron Red Embroidered Jerseys SEC Patch
 Size:50(L)',
  'productno[0]' => 'NCAA10170',
  'price[0]' => '19.00',
  'qty[0]' => 1,
  'productname[1]' => 'Wisconsin Badgers #16 Russell Wilson Red NCAA Jersey
 Size:M(48)',
  'productno[1]' => 'NCAA11258',
  'price[1]' => '19.50',
  'qty[1]' => 1,
  'productname[2]' => 'Wisconsin Badgers #16 Russell Wilson Red NCAA Jersey
 Size:XL(52)',
  'productno[2]' => 'NCAA11258',
  'price[2]' => '19.50',
  'qty[2]' => 1,
  'productname[3]' => 'Nike Packers #12 Aaron Rodgers Green Team Color Men\'s Stitched NFL Game Jersey
 Size:M',
  'productno[3]' => 'NFL20617',
  'price[3]' => '21.50',
  'qty[3]' => 1,
  'productname[4]' => 'Nike Packers #12 Aaron Rodgers Green Team Color Men\'s Stitched NFL Game Jersey
 Size:XL',
  'productno[4]' => 'NFL20617',
  'price[4]' => '21.50',
  'qty[4]' => 1,
  'productname[5]' => 'Auburn Tigers 14 Nick Marshall White College Football NCAA Jerseys
 Size:48(M)',
  'productno[5]' => 'NCAA10184',
  'price[5]' => '19.00',
  'qty[5]' => 1,
  'productname[6]' => 'Auburn Tigers 14 Nick Marshall White College Football NCAA Jerseys
 Size:52(XL)',
  'productno[6]' => 'NCAA10184',
  'price[6]' => '19.00',
  'qty[6]' => 1,
  'productname[7]' => 'Nike Florida State Seminoles Deion Sanders #2 Red College Football Jersey
 Size:48(M)',
  'productno[7]' => 'NCAA10374',
  'price[7]' => '19.00',
  'qty[7]' => 1,
  'productname[8]' => 'Nike Florida State Seminoles Deion Sanders #2 Red College Football Jersey
 Size:54(XXL)',
  'productno[8]' => 'NCAA10374',
  'price[8]' => '19.00',
  'qty[8]' => 1,
  'productname[9]' => 'NCAA Crimson Tide #10 AJ McCarron Red Embroidered Jerseys SEC Patch
 Size:54(XXL)',
  'productno[9]' => 'NCAA10170',
  'price[9]' => '19.00',
  'qty[9]' => 1,
  'productname[10]' => 'Mitchell and Ness Lions #20 Barry Sanders Black Stitched NFL Jersey
 Size:Large/50',
  'productno[10]' => 'NFL20299',
  'price[10]' => '19.00',
  'qty[10]' => 1,
  'productname[11]' => 'New Nike Pittsburgh Steelers 7 Roethlisberger Impact Limited Black Jersey
 Size:XL',
  'productno[11]' => 'NFL27015',
  'price[11]' => '21.50',
  'qty[11]' => 1,
  'checkcode' => '1e13aa1389cf664fae137f6931277ab1',
  'backurl' => 'http://www.outlet-jersey.com/index.php?main_page=checkout_process',
  'notifyreurl' => 'http://www.outlet-jersey.com/mallpay_check.php',
  's_firstname' => 'Amanda',
  's_lastname' => 'Palmer',
  's_address' => '2101 E. 3rd Street ',
  's_city' => 'Superior',
  's_state' => 'WI',
  's_postcode' => '54880',
  's_country' => 'US',
  'email' => 'cabbamz@gmail.com',
  's_tel' => '7159190657',
  'b_firstname' => 'Amanda',
  'b_lastname' => 'Palmer',
  'b_address' => '2101 E. 3rd Street ',
  'b_city' => 'Superior',
  'b_state' => 'WI',
  'b_postcode' => '54880',
  'b_country' => 'US',
  'b_tel' => '7159190657',
) 
09:05:06 array (
  'siteno' => '193736180',
  'version' => '',
  'orderid' => '245150205024',
  'order_time' => '20150205090506',
  'lang' => 'en',
  'currency' => 'USD',
  'vat' => '12.00',
  'discount' => '0.00',
  'shippingfee' => '20.00',
  'productname[0]' => 'Nike Packers #87 Jordy Nelson Green Team Color Women\'s Stitched NFL Elite Jersey
 Size:XL',
  'productno[0]' => 'WOMEN2869',
  'price[0]' => '21.00',
  'qty[0]' => 1,
  'productname[1]' => 'Green Bay Packers #12 Aaron Rodgers Nike Black Salute To Service Jersey
 Size:M',
  'productno[1]' => 'NFL20492',
  'price[1]' => '22.50',
  'qty[1]' => 1,
  'productname[2]' => 'Nike Packers #12 Aaron Rodgers Yellow Alternate Women\'s Stitched NFL Elite Jersey
 Size:M',
  'productno[2]' => 'WOMEN2802',
  'price[2]' => '21.00',
  'qty[2]' => 1,
  'checkcode' => '2e1ec73fb4184d0a2b05d0341b1a7101',
  'backurl' => 'http://www.outlet-jersey.com/index.php?main_page=checkout_process',
  'notifyreurl' => 'http://www.outlet-jersey.com/mallpay_check.php',
  's_firstname' => 'Dennis',
  's_lastname' => 'Xiong',
  's_address' => '2531 Golden Rd ',
  's_city' => 'Plover',
  's_state' => 'WI',
  's_postcode' => '54467',
  's_country' => 'US',
  'email' => 'ninjxiong000@gmail.com',
  's_tel' => '7152954269',
  'b_firstname' => 'Dennis',
  'b_lastname' => 'Xiong',
  'b_address' => '2531 Golden Rd ',
  'b_city' => 'Plover',
  'b_state' => 'WI',
  'b_postcode' => '54467',
  'b_country' => 'US',
  'b_tel' => '7152954269',
) 
11:12:32 array (
  'siteno' => '193736180',
  'version' => '',
  'orderid' => '245150205034',
  'order_time' => '20150205111232',
  'lang' => 'en',
  'currency' => 'USD',
  'vat' => '8.00',
  'discount' => '0.00',
  'shippingfee' => '20.00',
  'productname[0]' => 'Men\'s Nike New England Patriots Vapor Jet 2.0 Gloves
 Size:L',
  'productno[0]' => 'NFL22481',
  'price[0]' => '18.00',
  'qty[0]' => 1,
  'productname[1]' => 'New England Patriots #87 Rob Gronkowski Grey-Blue Sawyer Hooded Sweatshirt Stitched Jersey
 Size:XL',
  'productno[1]' => 'NFL22493',
  'price[1]' => '36.00',
  'qty[1]' => 1,
  'checkcode' => 'de73ddee8a4c0afe440d1678ce54a0b9',
  'backurl' => 'http://www.outlet-jersey.com/index.php?main_page=checkout_process',
  'notifyreurl' => 'http://www.outlet-jersey.com/mallpay_check.php',
  's_firstname' => 'Derek',
  's_lastname' => 'Sheehan',
  's_address' => '134 North st. ',
  's_city' => 'Norfolk',
  's_state' => 'MA',
  's_postcode' => '02056',
  's_country' => 'US',
  'email' => 'derekremedy@yahoo.com',
  's_tel' => '7742405484',
  'b_firstname' => 'Derek',
  'b_lastname' => 'Sheehan',
  'b_address' => '134 North st. ',
  'b_city' => 'Norfolk',
  'b_state' => 'MA',
  'b_postcode' => '02056',
  'b_country' => 'US',
  'b_tel' => '7742405484',
) 
11:12:58 array (
  'siteno' => '193736180',
  'version' => '',
  'orderid' => '245150205035',
  'order_time' => '20150205111258',
  'lang' => 'en',
  'currency' => 'USD',
  'vat' => '40.00',
  'discount' => '0.00',
  'shippingfee' => '0.00',
  'productname[0]' => 'New England Patriots #24 Darrelle Revis Red Alternate NFL Elite Jersey
 Size:48',
  'productno[0]' => 'NFL22490',
  'price[0]' => '22.50',
  'qty[0]' => 1,
  'productname[1]' => 'Patriots #11 Julian Edelman Dark Blue Stitched NFL Jersey
 Size:Medium/48',
  'productno[1]' => 'NFL11089',
  'price[1]' => '19.00',
  'qty[1]' => 1,
  'productname[2]' => 'New England Patriots #87 Rob Gronkowski Navy Blue Team Color NFL Elite Drift Fashion Jersey
 Size:44',
  'productno[2]' => 'NFL22494',
  'price[2]' => '22.50',
  'qty[2]' => 1,
  'productname[3]' => 'Nike Patriots #87 Rob Gronkowski Pink Women\'s Be Luv\'d Stitched NFL Elite Jersey
 Size:M',
  'productno[3]' => 'WOMEN2982',
  'price[3]' => '21.00',
  'qty[3]' => 1,
  'productname[4]' => 'Boston Celtics 9 Rajon Rondo Green Drift Fashion NBA Jersey
 Size:48(M)',
  'productno[4]' => 'NBA10157',
  'price[4]' => '18.50',
  'qty[4]' => 1,
  'productname[5]' => 'Celtics #20 Ray Allen Stitched Green Gold Number Final Patch NBA Jersey
 Size:Medium/48',
  'productno[5]' => 'NBA10187',
  'price[5]' => '18.50',
  'qty[5]' => 1,
  'productname[6]' => 'Celtics #11 Glen Davis Stitched White Final Patch NBA Jersey
 Size:Medium/48',
  'productno[6]' => 'NBA10179',
  'price[6]' => '18.50',
  'qty[6]' => 1,
  'productname[7]' => 'Women\'s Fashion Boston Red Sox #15 Dustin Pedroia White-Pink Splash Fashion Baseball Jersey
 Size:M',
  'productno[7]' => 'WOMEN4739',
  'price[7]' => '18.50',
  'qty[7]' => 1,
  'productname[8]' => 'Red Sox #34 David Ortiz White/Pink Women\'s Splash Fashion Stitched Baseball Jersey
 Size:Small',
  'productno[8]' => 'WOMEN4690',
  'price[8]' => '19.00',
  'qty[8]' => 1,
  'productname[9]' => 'Red Sox #34 David Ortiz White Women\'s Fashion Stitched Baseball Jersey
 Size:Small',
  'productno[9]' => 'WOMEN4689',
  'price[9]' => '19.00',
  'qty[9]' => 1,
  'checkcode' => '771d11d5472a5d580fa6d45d7bd3fa44',
  'backurl' => 'http://www.outlet-jersey.com/index.php?main_page=checkout_process',
  'notifyreurl' => 'http://www.outlet-jersey.com/mallpay_check.php',
  's_firstname' => 'Katie',
  's_lastname' => 'Bedard',
  's_address' => '5 Glen Falls Road ',
  's_city' => 'Franklin',
  's_state' => 'NH',
  's_postcode' => '03235',
  's_country' => 'US',
  'email' => 'Lil.mama.kit.kat@gmail.com',
  's_tel' => '6035818448',
  'b_firstname' => 'Katie',
  'b_lastname' => 'Bedard',
  'b_address' => '5 Glen Falls Road ',
  'b_city' => 'Franklin',
  'b_state' => 'NH',
  'b_postcode' => '03235',
  'b_country' => 'US',
  'b_tel' => '6035818448',
) 
11:18:30 array (
  'siteno' => '193736180',
  'version' => '',
  'orderid' => '245150205039',
  'order_time' => '20150205111830',
  'lang' => 'en',
  'currency' => 'USD',
  'vat' => '16.00',
  'discount' => '0.00',
  'shippingfee' => '20.00',
  'productname[0]' => 'Nike Patriots #95 Chandler Jones Navy Blue Team Color Men\'s Stitched NFL Elite Jersey
 Size:44/L',
  'productno[0]' => 'NFL22646',
  'price[0]' => '22.50',
  'qty[0]' => 1,
  'productname[1]' => 'New England Patriots #87 Rob Gronkowski Grey-Blue Sawyer Hooded Sweatshirt Stitched Jersey
 Size:54 (XXL)',
  'productno[1]' => 'NFL22493',
  'price[1]' => '36.00',
  'qty[1]' => 1,
  'productname[2]' => 'Nike Patriots #87 Rob Gronkowski Grey Men\'s Stitched NFL Elite Drift Fashion Jersey
 Size:44/L',
  'productno[2]' => 'NFL22626',
  'price[2]' => '22.50',
  'qty[2]' => 1,
  'productname[3]' => 'Nike Patriots #12 Tom Brady Grey Men\'s Stitched NFL Elite Drift Fashion Jersey
 Size:52/2XL',
  'productno[3]' => 'NFL22542',
  'price[3]' => '22.50',
  'qty[3]' => 1,
  'checkcode' => '6efc4889e2f1699927ae5374ed646659',
  'backurl' => 'http://www.outlet-jersey.com/index.php?main_page=checkout_process',
  'notifyreurl' => 'http://www.outlet-jersey.com/mallpay_check.php',
  's_firstname' => 'james',
  's_lastname' => 'gonsorcik',
  's_address' => '31 goddard street ',
  's_city' => 'webster',
  's_state' => 'MA',
  's_postcode' => '01570',
  's_country' => 'US',
  'email' => 'jgonsorcik@gmail.com',
  's_tel' => '7742800638',
  'b_firstname' => 'james',
  'b_lastname' => 'gonsorcik',
  'b_address' => '31 goddard street ',
  'b_city' => 'webster',
  'b_state' => 'MA',
  'b_postcode' => '01570',
  'b_country' => 'US',
  'b_tel' => '7742800638',
) 
11:18:31 array (
  'siteno' => '193736180',
  'version' => '',
  'orderid' => '245150205040',
  'order_time' => '20150205111831',
  'lang' => 'en',
  'currency' => 'USD',
  'vat' => '16.00',
  'discount' => '0.00',
  'shippingfee' => '20.00',
  'productname[0]' => 'Nike Patriots #95 Chandler Jones Navy Blue Team Color Men\'s Stitched NFL Elite Jersey
 Size:44/L',
  'productno[0]' => 'NFL22646',
  'price[0]' => '22.50',
  'qty[0]' => 1,
  'productname[1]' => 'New England Patriots #87 Rob Gronkowski Grey-Blue Sawyer Hooded Sweatshirt Stitched Jersey
 Size:54 (XXL)',
  'productno[1]' => 'NFL22493',
  'price[1]' => '36.00',
  'qty[1]' => 1,
  'productname[2]' => 'Nike Patriots #87 Rob Gronkowski Grey Men\'s Stitched NFL Elite Drift Fashion Jersey
 Size:44/L',
  'productno[2]' => 'NFL22626',
  'price[2]' => '22.50',
  'qty[2]' => 1,
  'productname[3]' => 'Nike Patriots #12 Tom Brady Grey Men\'s Stitched NFL Elite Drift Fashion Jersey
 Size:52/2XL',
  'productno[3]' => 'NFL22542',
  'price[3]' => '22.50',
  'qty[3]' => 1,
  'checkcode' => 'd9bcc37ba4c4625ea7ca9fee21eda436',
  'backurl' => 'http://www.outlet-jersey.com/index.php?main_page=checkout_process',
  'notifyreurl' => 'http://www.outlet-jersey.com/mallpay_check.php',
  's_firstname' => 'james',
  's_lastname' => 'gonsorcik',
  's_address' => '31 goddard street ',
  's_city' => 'webster',
  's_state' => 'MA',
  's_postcode' => '01570',
  's_country' => 'US',
  'email' => 'jgonsorcik@gmail.com',
  's_tel' => '7742800638',
  'b_firstname' => 'james',
  'b_lastname' => 'gonsorcik',
  'b_address' => '31 goddard street ',
  'b_city' => 'webster',
  'b_state' => 'MA',
  'b_postcode' => '01570',
  'b_country' => 'US',
  'b_tel' => '7742800638',
) 
11:18:31 array (
  'siteno' => '193736180',
  'version' => '',
  'orderid' => '245150205041',
  'order_time' => '20150205111831',
  'lang' => 'en',
  'currency' => 'USD',
  'vat' => '16.00',
  'discount' => '0.00',
  'shippingfee' => '20.00',
  'productname[0]' => 'Nike Patriots #95 Chandler Jones Navy Blue Team Color Men\'s Stitched NFL Elite Jersey
 Size:44/L',
  'productno[0]' => 'NFL22646',
  'price[0]' => '22.50',
  'qty[0]' => 1,
  'productname[1]' => 'New England Patriots #87 Rob Gronkowski Grey-Blue Sawyer Hooded Sweatshirt Stitched Jersey
 Size:54 (XXL)',
  'productno[1]' => 'NFL22493',
  'price[1]' => '36.00',
  'qty[1]' => 1,
  'productname[2]' => 'Nike Patriots #87 Rob Gronkowski Grey Men\'s Stitched NFL Elite Drift Fashion Jersey
 Size:44/L',
  'productno[2]' => 'NFL22626',
  'price[2]' => '22.50',
  'qty[2]' => 1,
  'productname[3]' => 'Nike Patriots #12 Tom Brady Grey Men\'s Stitched NFL Elite Drift Fashion Jersey
 Size:52/2XL',
  'productno[3]' => 'NFL22542',
  'price[3]' => '22.50',
  'qty[3]' => 1,
  'checkcode' => 'd97bfa50e10c3bc26bb3cc1b97309504',
  'backurl' => 'http://www.outlet-jersey.com/index.php?main_page=checkout_process',
  'notifyreurl' => 'http://www.outlet-jersey.com/mallpay_check.php',
  's_firstname' => 'james',
  's_lastname' => 'gonsorcik',
  's_address' => '31 goddard street ',
  's_city' => 'webster',
  's_state' => 'MA',
  's_postcode' => '01570',
  's_country' => 'US',
  'email' => 'jgonsorcik@gmail.com',
  's_tel' => '7742800638',
  'b_firstname' => 'james',
  'b_lastname' => 'gonsorcik',
  'b_address' => '31 goddard street ',
  'b_city' => 'webster',
  'b_state' => 'MA',
  'b_postcode' => '01570',
  'b_country' => 'US',
  'b_tel' => '7742800638',
) 
11:41:40 array (
  'siteno' => '193736180',
  'version' => '',
  'orderid' => '245150205050',
  'order_time' => '20150205114140',
  'lang' => 'en',
  'currency' => 'USD',
  'vat' => '8.00',
  'discount' => '0.00',
  'shippingfee' => '20.00',
  'productname[0]' => 'Nike Indianapolis Colts #13 T.Y. Hilton Team Color NFL Elite Fanatical Version Jersey
 Size:48',
  'productno[0]' => 'NFL21478',
  'price[0]' => '33.00',
  'qty[0]' => 1,
  'productname[1]' => 'Nike Indianapolis Colts #13 T.Y. Hilton Team Color NFL Elite Fanatical Version Jersey
 Size:44',
  'productno[1]' => 'NFL21478',
  'price[1]' => '33.00',
  'qty[1]' => 1,
  'checkcode' => '45476a6fec8b0b553f7f0c8e3ab5c3e0',
  'backurl' => 'http://www.outlet-jersey.com/index.php?main_page=checkout_process',
  'notifyreurl' => 'http://www.outlet-jersey.com/mallpay_check.php',
  's_firstname' => 'sheila',
  's_lastname' => 'huddleston',
  's_address' => '4317 Pottawatomie rd ',
  's_city' => 'logansport',
  's_state' => 'IN',
  's_postcode' => '46947',
  's_country' => 'US',
  'email' => 'Huddlestonsheila@yahoo.com',
  's_tel' => '5742281257',
  'b_firstname' => 'sheila',
  'b_lastname' => 'huddleston',
  'b_address' => '4317 Pottawatomie rd ',
  'b_city' => 'logansport',
  'b_state' => 'IN',
  'b_postcode' => '46947',
  'b_country' => 'US',
  'b_tel' => '5742281257',
) 
13:12:34 array (
  'siteno' => '193736180',
  'version' => '',
  'orderid' => '245150205057',
  'order_time' => '20150205131234',
  'lang' => 'en',
  'currency' => 'USD',
  'vat' => '24.00',
  'discount' => '0.00',
  'shippingfee' => '15.00',
  'productname[0]' => 'Mitchell & Ness Steelers #20 Rocky Bleier Black Stitched Throwback NFL Jersey
 Size:Extra Large/52',
  'productno[0]' => 'NFL26957',
  'price[0]' => '19.00',
  'qty[0]' => 1,
  'productname[1]' => 'NEW Denver Broncos 18 Peyton Manning Orange Blue Drift Fashion II Elite NFL Jerseys
 Size:56',
  'productno[1]' => 'NFL19989',
  'price[1]' => '22.50',
  'qty[1]' => 1,
  'productname[2]' => 'Nike Ravens #52 Ray Lewis Lights Out Black Super Bowl XLVII Men\'s Stitched NFL Elite Jersey
 Size:44/L',
  'productno[2]' => 'NFL16528',
  'price[2]' => '22.50',
  'qty[2]' => 1,
  'productname[3]' => 'Mitchel & Ness Colts #19 Johnny Unitas Blue Stitched Throwback NFL Jersey
 Size:XX Large/54',
  'productno[3]' => 'NFL21316',
  'price[3]' => '19.00',
  'qty[3]' => 1,
  'productname[4]' => 'Barcelona #11 Neymar Jr Home Long Sleeves Soccer Club Jersey
 Size:M(170-175)',
  'productno[4]' => 'SOC10116',
  'price[4]' => '21.00',
  'qty[4]' => 1,
  'productname[5]' => '2013 NEW NEW Denver Broncos #7 John Elway Blue Drift Fashion Elite Jersey
 Size:40',
  'productno[5]' => 'NFL19848',
  'price[5]' => '22.50',
  'qty[5]' => 1,
  'checkcode' => 'aa6c1b1a182fcd64c69e84bb39fde505',
  'backurl' => 'http://www.outlet-jersey.com/index.php?main_page=checkout_process',
  'notifyreurl' => 'http://www.outlet-jersey.com/mallpay_check.php',
  's_firstname' => 'James',
  's_lastname' => 'Graham',
  's_address' => '593 Slippery Rock Road ',
  's_city' => 'Slippery Rock',
  's_state' => 'PA',
  's_postcode' => '16057',
  's_country' => 'US',
  'email' => 'jimgusgraham@yahoo.com',
  's_tel' => '724-421-7913',
  'b_firstname' => 'James',
  'b_lastname' => 'Graham',
  'b_address' => '593 Slippery Rock Road ',
  'b_city' => 'Slippery Rock',
  'b_state' => 'PA',
  'b_postcode' => '16057',
  'b_country' => 'US',
  'b_tel' => '724-421-7913',
) 
15:06:15 array (
  'siteno' => '193736180',
  'version' => '',
  'orderid' => '245150205062',
  'order_time' => '20150205150615',
  'lang' => 'en',
  'currency' => 'USD',
  'vat' => '28.00',
  'discount' => '0.00',
  'shippingfee' => '15.00',
  'productname[0]' => '2012 NEW NFL Seattle Seahawks #3 Russell Wilson Grey Jerseys(Signed Elite)
 Size:44',
  'productno[0]' => 'NFL28144',
  'price[0]' => '22.50',
  'qty[0]' => 2,
  'productname[1]' => 'NEW Seattle Seahawks #25 Richard Sherman Blue Jersey(Signed Elite)
 Size:44',
  'productno[1]' => 'NFL28264',
  'price[1]' => '22.50',
  'qty[1]' => 1,
  'productname[2]' => 'Nike Seahawks #3 Russell Wilson Steel Blue Team Color Men\'s Stitched NFL Limited Jersey
 Size:L',
  'productno[2]' => 'NFL28410',
  'price[2]' => '22.00',
  'qty[2]' => 1,
  'productname[3]' => 'Nike Seahawks #25 Richard Sherman Steel Blue Team Color Men\'s Stitched NFL Elite Jersey
 Size:44/L',
  'productno[3]' => 'NFL28377',
  'price[3]' => '22.50',
  'qty[3]' => 1,
  'productname[4]' => 'Youth Nike Seattle Seahawks 25# Richard Sherman Blue Limited Jerseys
 Size:L(14-16)',
  'productno[4]' => 'YOUTH3308',
  'price[4]' => '21.00',
  'qty[4]' => 1,
  'productname[5]' => 'Nike Seahawks #3 Russell Wilson Steel Blue Team Color Youth Stitched NFL Elite Jersey
 Size:S(8)',
  'productno[5]' => 'YOUTH2576',
  'price[5]' => '21.00',
  'qty[5]' => 1,
  'checkcode' => '19fd40dfb659bdfcef0e0c18bedb585b',
  'backurl' => 'http://www.outlet-jersey.com/index.php?main_page=checkout_process',
  'notifyreurl' => 'http://www.outlet-jersey.com/mallpay_check.php',
  's_firstname' => 'Solina',
  's_lastname' => 'Sotelo',
  's_address' => '10022 31st Ave SE ',
  's_city' => 'Everett',
  's_state' => 'WA',
  's_postcode' => '98208',
  's_country' => 'US',
  'email' => 'solshister@gmail.com',
  's_tel' => '4253460996',
  'b_firstname' => 'Solina',
  'b_lastname' => 'Sotelo',
  'b_address' => '10022 31st Ave SE ',
  'b_city' => 'Everett',
  'b_state' => 'WA',
  'b_postcode' => '98208',
  'b_country' => 'US',
  'b_tel' => '4253460996',
) 
