00:27:18 array (
  'siteno' => '193736180',
  'version' => '',
  'orderid' => '245150209001',
  'order_time' => '20150209002718',
  'lang' => 'en',
  'currency' => 'USD',
  'vat' => '4.00',
  'discount' => '0.00',
  'shippingfee' => '25.00',
  'productname[0]' => '2013 New Nike Seattle Seahawks 24 Lynch Lights Out Black Elite Jerseys
 Size:56',
  'productno[0]' => 'NFL28174',
  'price[0]' => '22.50',
  'qty[0]' => 1,
  'checkcode' => '515b7a0f9837a78d34fc937f74f36d54',
  'backurl' => 'http://www.outlet-jersey.com/index.php?main_page=checkout_process',
  'notifyreurl' => 'http://www.outlet-jersey.com/mallpay_check.php',
  's_firstname' => 'ida',
  's_lastname' => 'cruz',
  's_address' => '439 3rd ave nw ',
  's_city' => 'ephrata',
  's_state' => 'WA',
  's_postcode' => '98823',
  's_country' => 'US',
  'email' => 'idarojas1@hotmail.com',
  's_tel' => '509-396-1676',
  'b_firstname' => 'ida',
  'b_lastname' => 'cruz',
  'b_address' => '439 3rd ave nw ',
  'b_city' => 'ephrata',
  'b_state' => 'WA',
  'b_postcode' => '98823',
  'b_country' => 'US',
  'b_tel' => '509-396-1676',
) 
00:30:20 array (
  'siteno' => '193736180',
  'version' => '',
  'orderid' => '245150209002',
  'order_time' => '20150209003020',
  'lang' => 'en',
  'currency' => 'USD',
  'vat' => '8.00',
  'discount' => '0.00',
  'shippingfee' => '20.00',
  'productname[0]' => 'Nike New England Patriots 87 Rob Gronkowski Blue Signed Elite NFL Jerseys
 Size:44',
  'productno[0]' => 'NFL22536',
  'price[0]' => '22.50',
  'qty[0]' => 1,
  'productname[1]' => 'Nike New England Patriots 87 Rob Gronkowski Blue Signed Elite NFL Jerseys
 Size:52',
  'productno[1]' => 'NFL22536',
  'price[1]' => '22.50',
  'qty[1]' => 1,
  'checkcode' => '3a046356d014cc6a997744dc79484710',
  'backurl' => 'http://www.outlet-jersey.com/index.php?main_page=checkout_process',
  'notifyreurl' => 'http://www.outlet-jersey.com/mallpay_check.php',
  's_firstname' => 'Bill',
  's_lastname' => 'libby',
  's_address' => '25 Kelseie Ln ',
  's_city' => 'Lyman',
  's_state' => 'ME',
  's_postcode' => '04002',
  's_country' => 'US',
  'email' => 'blib1962@hotmail.com',
  's_tel' => '2078384611',
  'b_firstname' => 'Bill',
  'b_lastname' => 'libby',
  'b_address' => '25 Kelseie Ln ',
  'b_city' => 'Lyman',
  'b_state' => 'ME',
  'b_postcode' => '04002',
  'b_country' => 'US',
  'b_tel' => '2078384611',
) 
00:31:34 array (
  'siteno' => '193736180',
  'version' => '',
  'orderid' => '245150209003',
  'order_time' => '20150209003134',
  'lang' => 'en',
  'currency' => 'USD',
  'vat' => '4.00',
  'discount' => '0.00',
  'shippingfee' => '25.00',
  'productname[0]' => '2013 New Nike Seattle Seahawks 24 Lynch Lights Out Black Elite Jerseys
 Size:56',
  'productno[0]' => 'NFL28174',
  'price[0]' => '22.50',
  'qty[0]' => 1,
  'checkcode' => '8762007131189b8e2fcb4dfd80e35511',
  'backurl' => 'http://www.outlet-jersey.com/index.php?main_page=checkout_process',
  'notifyreurl' => 'http://www.outlet-jersey.com/mallpay_check.php',
  's_firstname' => 'ida',
  's_lastname' => 'cruz',
  's_address' => '439 3rd ave nw ',
  's_city' => 'ephrata',
  's_state' => 'WA',
  's_postcode' => '98823',
  's_country' => 'US',
  'email' => 'idarojas1@hotmail.com',
  's_tel' => '509-396-1676',
  'b_firstname' => 'ida',
  'b_lastname' => 'cruz',
  'b_address' => '439 3rd ave nw ',
  'b_city' => 'ephrata',
  'b_state' => 'WA',
  'b_postcode' => '98823',
  'b_country' => 'US',
  'b_tel' => '509-396-1676',
) 
01:26:29 array (
  'siteno' => '193736180',
  'version' => '',
  'orderid' => '245150209009',
  'order_time' => '20150209012629',
  'lang' => 'en',
  'currency' => 'USD',
  'vat' => '12.00',
  'discount' => '0.00',
  'shippingfee' => '20.00',
  'productname[0]' => '2013 New NFL Seattle Seahawks #29 Earl Thomas III Drift Fashion Blue Elite Jerseys
 Size:52',
  'productno[0]' => 'NFL28164',
  'price[0]' => '22.50',
  'qty[0]' => 1,
  'productname[1]' => '2013 New Nike Seattle Seahawks 3 Wilson Drift Fashion Green Elite Jerseys
 Size:52/2XL',
  'productno[1]' => 'NFL28179',
  'price[1]' => '22.50',
  'qty[1]' => 1,
  'productname[2]' => 'NEW NFL Seattle Seahawks #54 Wagner white Jerseys(Elite)
 Size:52',
  'productno[2]' => 'NFL28236',
  'price[2]' => '22.50',
  'qty[2]' => 1,
  'checkcode' => '4ab1e13482c2b1d39e73819f437d1c77',
  'backurl' => 'http://www.outlet-jersey.com/index.php?main_page=checkout_process',
  'notifyreurl' => 'http://www.outlet-jersey.com/mallpay_check.php',
  's_firstname' => 'Brian',
  's_lastname' => 'Richardson',
  's_address' => '271 E Barbarita Ave ',
  's_city' => 'Gilbert',
  's_state' => 'AZ',
  's_postcode' => '85234',
  's_country' => 'US',
  'email' => 'bksm24@gmail.com',
  's_tel' => '3606219392',
  'b_firstname' => 'Brian',
  'b_lastname' => 'Richardson',
  'b_address' => '271 E Barbarita Ave ',
  'b_city' => 'Gilbert',
  'b_state' => 'AZ',
  'b_postcode' => '85234',
  'b_country' => 'US',
  'b_tel' => '3606219392',
) 
01:34:24 array (
  'siteno' => '193736180',
  'version' => '',
  'orderid' => '245150209010',
  'order_time' => '20150209013424',
  'lang' => 'en',
  'currency' => 'USD',
  'vat' => '12.00',
  'discount' => '0.00',
  'shippingfee' => '20.00',
  'productname[0]' => 'NFL Seattle Seahawks IPhone 4/4S Juice Pack',
  'productno[0]' => 'NFL28302',
  'price[0]' => '5.00',
  'qty[0]' => 1,
  'productname[1]' => 'NEW Seattle Seahawks 24 Marshawn Lynch Blue Green Drift Fashion II Elite NFL Jerseys
 Size:48',
  'productno[1]' => 'NFL28298',
  'price[1]' => '22.50',
  'qty[1]' => 1,
  'productname[2]' => 'NEW Seattle Seahawks 12 Fan Blue Green Drift Fashion II Elite NFL Jerseys
 Size:40',
  'productno[2]' => 'NFL28295',
  'price[2]' => '22.50',
  'qty[2]' => 1,
  'checkcode' => '473610b8b1f586ded76e4f8e9fb5329f',
  'backurl' => 'http://www.outlet-jersey.com/index.php?main_page=checkout_process',
  'notifyreurl' => 'http://www.outlet-jersey.com/mallpay_check.php',
  's_firstname' => 'jean',
  's_lastname' => 'phillips',
  's_address' => '6616 n addison #c112 ',
  's_city' => 'spokane',
  's_state' => 'WA',
  's_postcode' => '99208',
  's_country' => 'US',
  'email' => 'jeanphillips816@yahoo.com',
  's_tel' => '(509) 844-4624',
  'b_firstname' => 'jean',
  'b_lastname' => 'phillips',
  'b_address' => '3105 w. decatur ',
  'b_city' => 'spokane',
  'b_state' => 'WA',
  'b_postcode' => '99205',
  'b_country' => 'US',
  'b_tel' => '(509) 844-4624',
) 
01:42:36 array (
  'siteno' => '193736180',
  'version' => '',
  'orderid' => '245150209011',
  'order_time' => '20150209014236',
  'lang' => 'en',
  'currency' => 'USD',
  'vat' => '4.00',
  'discount' => '0.00',
  'shippingfee' => '25.00',
  'productname[0]' => 'NEW  Seattle Seahawks #31 Kam Chancellor White Super Bowl XLVIII NFL Elite Jersey
 Size:56',
  'productno[0]' => 'NFL28214',
  'price[0]' => '22.50',
  'qty[0]' => 1,
  'checkcode' => 'cb2a1f935971faaae4a466426415d079',
  'backurl' => 'http://www.outlet-jersey.com/index.php?main_page=checkout_process',
  'notifyreurl' => 'http://www.outlet-jersey.com/mallpay_check.php',
  's_firstname' => 'Della',
  's_lastname' => 'Smollack',
  's_address' => '8842 S Marchs Pt Rd ',
  's_city' => 'Anacortes',
  's_state' => 'WA',
  's_postcode' => '98221',
  's_country' => 'US',
  'email' => 'heylouigee@yahoo.com',
  's_tel' => '360-293-8760',
  'b_firstname' => 'Della',
  'b_lastname' => 'Smollack',
  'b_address' => '8842 S Marchs Pt Rd ',
  'b_city' => 'Anacortes',
  'b_state' => 'WA',
  'b_postcode' => '98221',
  'b_country' => 'US',
  'b_tel' => '360-293-8760',
) 
04:09:06 array (
  'siteno' => '193736180',
  'version' => '',
  'orderid' => '245150209017',
  'order_time' => '20150209040906',
  'lang' => 'en',
  'currency' => 'USD',
  'vat' => '12.00',
  'discount' => '0.00',
  'shippingfee' => '20.00',
  'productname[0]' => '2013 New NFL Seattle Seahawks #29 Earl Thomas III Drift Fashion Blue Elite Jerseys
 Size:48',
  'productno[0]' => 'NFL28164',
  'price[0]' => '22.50',
  'qty[0]' => 1,
  'productname[1]' => 'NEW Marshawn Lynch Seattle Seahawks Drenched Limited Jerseys(Navy Blue)
 Size:L',
  'productno[1]' => 'NFL28226',
  'price[1]' => '21.50',
  'qty[1]' => 1,
  'productname[2]' => 'NEW Seattle Seahawks #3 Russell Wilson Lights Out Black Jerseys(Signed Elite)
 Size:48',
  'productno[2]' => 'NFL28277',
  'price[2]' => '22.50',
  'qty[2]' => 1,
  'checkcode' => 'd059241573f8521b488f31773648644f',
  'backurl' => 'http://www.outlet-jersey.com/index.php?main_page=checkout_process',
  'notifyreurl' => 'http://www.outlet-jersey.com/mallpay_check.php',
  's_firstname' => 'Stacy',
  's_lastname' => 'West',
  's_address' => '2171 Heather Place ',
  's_city' => 'East Wenatchee',
  's_state' => 'WA',
  's_postcode' => '98802',
  's_country' => 'US',
  'email' => 'Thewesterly4@yahoo.com',
  's_tel' => '509-886-4191',
  'b_firstname' => 'Stacy',
  'b_lastname' => 'West',
  'b_address' => '2171 Heather Place ',
  'b_city' => 'East Wenatchee',
  'b_state' => 'WA',
  'b_postcode' => '98802',
  'b_country' => 'US',
  'b_tel' => '509-886-4191',
) 
04:12:32 array (
  'siteno' => '193736180',
  'version' => '',
  'orderid' => '245150209018',
  'order_time' => '20150209041232',
  'lang' => 'en',
  'currency' => 'USD',
  'vat' => '12.00',
  'discount' => '0.00',
  'shippingfee' => '20.00',
  'productname[0]' => '2013 New NFL Seattle Seahawks #29 Earl Thomas III Drift Fashion Blue Elite Jerseys
 Size:48',
  'productno[0]' => 'NFL28164',
  'price[0]' => '22.50',
  'qty[0]' => 1,
  'productname[1]' => 'NEW Marshawn Lynch Seattle Seahawks Drenched Limited Jerseys(Navy Blue)
 Size:L',
  'productno[1]' => 'NFL28226',
  'price[1]' => '21.50',
  'qty[1]' => 1,
  'productname[2]' => 'NEW Seattle Seahawks #3 Russell Wilson Lights Out Black Jerseys(Signed Elite)
 Size:48',
  'productno[2]' => 'NFL28277',
  'price[2]' => '22.50',
  'qty[2]' => 1,
  'checkcode' => '83a7779a7cd30af33a398ecaf995daa9',
  'backurl' => 'http://www.outlet-jersey.com/index.php?main_page=checkout_process',
  'notifyreurl' => 'http://www.outlet-jersey.com/mallpay_check.php',
  's_firstname' => 'Stacy',
  's_lastname' => 'West',
  's_address' => '2171 Heather Place ',
  's_city' => 'East Wenatchee',
  's_state' => 'WA',
  's_postcode' => '98802',
  's_country' => 'US',
  'email' => 'Thewesterly4@yahoo.com',
  's_tel' => '509-886-4191',
  'b_firstname' => 'Stacy',
  'b_lastname' => 'West',
  'b_address' => '2171 Heather Place ',
  'b_city' => 'East Wenatchee',
  'b_state' => 'WA',
  'b_postcode' => '98802',
  'b_country' => 'US',
  'b_tel' => '509-886-4191',
) 
07:58:49 array (
  'siteno' => '193736180',
  'version' => '',
  'orderid' => '245150209036',
  'order_time' => '20150209075849',
  'lang' => 'en',
  'currency' => 'USD',
  'vat' => '8.00',
  'discount' => '0.00',
  'shippingfee' => '20.00',
  'productname[0]' => '2015 NFL Green Bay Packers Knit Hats 08',
  'productno[0]' => 'HAT13207',
  'price[0]' => '9.90',
  'qty[0]' => 2,
  'checkcode' => '30cdf5d4b31e36b632f409c213301883',
  'backurl' => 'http://www.outlet-jersey.com/index.php?main_page=checkout_process',
  'notifyreurl' => 'http://www.outlet-jersey.com/mallpay_check.php',
  's_firstname' => 'jose',
  's_lastname' => 'mendoza',
  's_address' => '117 saint joseph av ',
  's_city' => 'joliet',
  's_state' => 'IL',
  's_postcode' => '60436',
  's_country' => 'US',
  'email' => 'mendozacesar467@yahoo.com',
  's_tel' => '8156031541',
  'b_firstname' => 'jose',
  'b_lastname' => 'mendoza',
  'b_address' => '117 saint joseph av ',
  'b_city' => 'joliet',
  'b_state' => 'IL',
  'b_postcode' => '60436',
  'b_country' => 'US',
  'b_tel' => '8156031541',
) 
08:01:05 array (
  'siteno' => '193736180',
  'version' => '',
  'orderid' => '245150209037',
  'order_time' => '20150209080105',
  'lang' => 'en',
  'currency' => 'USD',
  'vat' => '8.00',
  'discount' => '0.00',
  'shippingfee' => '20.00',
  'productname[0]' => '2015 NFL Green Bay Packers Knit Hats 08',
  'productno[0]' => 'HAT13207',
  'price[0]' => '9.90',
  'qty[0]' => 2,
  'checkcode' => '08683bfd190da27e8b6094cc94e849de',
  'backurl' => 'http://www.outlet-jersey.com/index.php?main_page=checkout_process',
  'notifyreurl' => 'http://www.outlet-jersey.com/mallpay_check.php',
  's_firstname' => 'jose',
  's_lastname' => 'mendoza',
  's_address' => '117 saint joseph av ',
  's_city' => 'joliet',
  's_state' => 'IL',
  's_postcode' => '60436',
  's_country' => 'US',
  'email' => 'mendozacesar467@yahoo.com',
  's_tel' => '8156031541',
  'b_firstname' => 'jose',
  'b_lastname' => 'mendoza',
  'b_address' => '117 saint joseph av ',
  'b_city' => 'joliet',
  'b_state' => 'IL',
  'b_postcode' => '60436',
  'b_country' => 'US',
  'b_tel' => '8156031541',
) 
08:09:21 array (
  'siteno' => '193736180',
  'version' => '',
  'orderid' => '245150209040',
  'order_time' => '20150209080921',
  'lang' => 'en',
  'currency' => 'USD',
  'vat' => '8.00',
  'discount' => '0.00',
  'shippingfee' => '20.00',
  'productname[0]' => '2015 NFL Green Bay Packers Knit Hats 08',
  'productno[0]' => 'HAT13207',
  'price[0]' => '9.90',
  'qty[0]' => 2,
  'checkcode' => '1fa4af6dd1f27eced11cb86c19811e6c',
  'backurl' => 'http://www.outlet-jersey.com/index.php?main_page=checkout_process',
  'notifyreurl' => 'http://www.outlet-jersey.com/mallpay_check.php',
  's_firstname' => 'jose',
  's_lastname' => 'mendoza',
  's_address' => '117 saint joseph av ',
  's_city' => 'joliet',
  's_state' => 'IL',
  's_postcode' => '60436',
  's_country' => 'US',
  'email' => 'mendozacesar467@yahoo.com',
  's_tel' => '8156031541',
  'b_firstname' => 'jose',
  'b_lastname' => 'mendoza',
  'b_address' => '117 saint joseph av ',
  'b_city' => 'joliet',
  'b_state' => 'IL',
  'b_postcode' => '60436',
  'b_country' => 'US',
  'b_tel' => '8156031541',
) 
22:08:45 array (
  'siteno' => '193736180',
  'version' => '',
  'orderid' => '245150209067',
  'order_time' => '20150209220845',
  'lang' => 'en',
  'currency' => 'USD',
  'vat' => '4.00',
  'discount' => '0.00',
  'shippingfee' => '25.00',
  'productname[0]' => 'Nike Dallas Cowboys 8# Aikman Blue Thanksgiving Men\'s NFL Elite Jerseys
 Size:48 (XL)',
  'productno[0]' => 'JE1731313',
  'price[0]' => '24.71',
  'qty[0]' => 1,
  'checkcode' => '960a9d005e0940064c28ad17ca3f9357',
  'backurl' => 'http://www.outlet-jersey.com/index.php?main_page=checkout_process',
  'notifyreurl' => 'http://www.outlet-jersey.com/mallpay_check.php',
  's_firstname' => 'Efrain',
  's_lastname' => 'gutierrez',
  's_address' => '18594 centerline Rd ',
  's_city' => 'rio hondo',
  's_state' => 'TX',
  's_postcode' => '78583',
  's_country' => 'US',
  'email' => 'guterrezefra@gmail.com',
  's_tel' => '9564072711',
  'b_firstname' => 'Efrain',
  'b_lastname' => 'gutierrez',
  'b_address' => '18594 centerline Rd ',
  'b_city' => 'rio hondo',
  'b_state' => 'TX',
  'b_postcode' => '78583',
  'b_country' => 'US',
  'b_tel' => '9564072711',
) 
