01:49:42 array (
  'siteno' => '193736180',
  'version' => '',
  'orderid' => '245150312006',
  'order_time' => '20150312014942',
  'lang' => 'en',
  'currency' => 'USD',
  'vat' => '4.00',
  'discount' => '0.00',
  'shippingfee' => '25.00',
  'productname[0]' => 'NHL Jersey Chicago Blackhawks 011  Men Stitched 2015 Winter Classic Stitched NHL Jersey
 Size:M(48)',
  'productno[0]' => 'NHL2015019488',
  'price[0]' => '36.80',
  'qty[0]' => 1,
  'checkcode' => 'c86c6cb9d62a658d64b3990e5d072c5f',
  'backurl' => 'http://www.outlet-jersey.com/index.php?main_page=checkout_process',
  'notifyreurl' => 'http://www.outlet-jersey.com/mallpay_check.php',
  's_firstname' => 'Jerry',
  's_lastname' => 'Villarreal',
  's_address' => '2300 32nd Street ',
  's_city' => 'Snyder',
  's_state' => 'TX',
  's_postcode' => '79549',
  's_country' => 'US',
  'email' => 'jerryv418@gmail.com',
  's_tel' => '3253203977',
  'b_firstname' => 'Jerry',
  'b_lastname' => 'Villarreal',
  'b_address' => '2300 32nd Street ',
  'b_city' => 'Snyder',
  'b_state' => 'TX',
  'b_postcode' => '79549',
  'b_country' => 'US',
  'b_tel' => '3253203977',
) 
06:21:47 array (
  'siteno' => '193736180',
  'version' => '',
  'orderid' => '245150312030',
  'order_time' => '20150312062147',
  'lang' => 'en',
  'currency' => 'USD',
  'vat' => '4.00',
  'discount' => '0.00',
  'shippingfee' => '25.00',
  'productname[0]' => 'Capitals #19 Nicklas Backstrom Stitched Red NHL Jersey
 Size:XL(52)',
  'productno[0]' => 'NHL13507',
  'price[0]' => '33.00',
  'qty[0]' => 1,
  'checkcode' => 'ee4b8d58df53a13a29e803182e3b62d8',
  'backurl' => 'http://www.outlet-jersey.com/index.php?main_page=checkout_process',
  'notifyreurl' => 'http://www.outlet-jersey.com/mallpay_check.php',
  's_firstname' => 'GIL',
  's_lastname' => 'FITZGERALD',
  's_address' => '15232 CRESENT ST ',
  's_city' => 'WOODBRIDGE',
  's_state' => 'VA',
  's_postcode' => '22193',
  's_country' => 'US',
  'email' => 'scorpiozane@yahoo.com',
  's_tel' => '540-841-8530',
  'b_firstname' => 'EDIOR',
  'b_lastname' => 'FITZGERALDDORSEY',
  'b_address' => 'P.O. BOX 220 ',
  'b_city' => 'WOODBRIDGE',
  'b_state' => 'VA',
  'b_postcode' => '22194',
  'b_country' => 'US',
  'b_tel' => '540-841-8530',
) 
11:19:41 array (
  'siteno' => '193736180',
  'version' => '',
  'orderid' => '245150312042',
  'order_time' => '20150312111941',
  'lang' => 'en',
  'currency' => 'USD',
  'vat' => '12.00',
  'discount' => '0.00',
  'shippingfee' => '20.00',
  'productname[0]' => 'Philadelphia Flyers #88 Eric Lindros Black CCM Throwback Hockey Jersey
 Size:XXL(54)',
  'productno[0]' => 'NHL12948',
  'price[0]' => '33.00',
  'qty[0]' => 1,
  'productname[1]' => 'Philadelphia Flyers 27# Hextall Black NHL CCM JERSEYS
 Size:XXL(54)',
  'productno[1]' => 'NHL12952',
  'price[1]' => '33.00',
  'qty[1]' => 1,
  'productname[2]' => 'Flyers #48 Danny Briere Stitched Black NHL Jersey
 Size:M(48)',
  'productno[2]' => 'NHL12921',
  'price[2]' => '33.00',
  'qty[2]' => 1,
  'checkcode' => '487790c042b00880b3136c1e663b4113',
  'backurl' => 'http://www.outlet-jersey.com/index.php?main_page=checkout_process',
  'notifyreurl' => 'http://www.outlet-jersey.com/mallpay_check.php',
  's_firstname' => 'Jason',
  's_lastname' => 'meloni',
  's_address' => '1019 gallery road ',
  's_city' => 'Wilmington',
  's_state' => 'DE',
  's_postcode' => '19805',
  's_country' => 'US',
  'email' => 'melonijason@yahoo.com',
  's_tel' => '3023452031',
  'b_firstname' => 'Jason',
  'b_lastname' => 'meloni',
  'b_address' => '1019 gallery road ',
  'b_city' => 'Wilmington',
  'b_state' => 'DE',
  'b_postcode' => '19805',
  'b_country' => 'US',
  'b_tel' => '3023452031',
) 
12:21:43 array (
  'siteno' => '193736180',
  'version' => '',
  'orderid' => '245150312045',
  'order_time' => '20150312122143',
  'lang' => 'en',
  'currency' => 'USD',
  'vat' => '4.00',
  'discount' => '0.00',
  'shippingfee' => '25.00',
  'productname[0]' => 'Memphis Grizzlies #3 Shareef Abdur-Rahim Green Hardwood Classics Throwback Stitched NBA Jersey
 Size:XL(52)',
  'productno[0]' => 'NBA11417',
  'price[0]' => '18.50',
  'qty[0]' => 1,
  'checkcode' => 'fb3db4b8a3b8b09061b62117585e24e8',
  'backurl' => 'http://www.outlet-jersey.com/index.php?main_page=checkout_process',
  'notifyreurl' => 'http://www.outlet-jersey.com/mallpay_check.php',
  's_firstname' => 'Maurice',
  's_lastname' => 'Moten',
  's_address' => '103 Intervale Rd. ',
  's_city' => 'Teaneck',
  's_state' => 'NJ',
  's_postcode' => '07666',
  's_country' => 'US',
  'email' => '103tpk@gmail.com',
  's_tel' => '2015661642',
  'b_firstname' => 'Maurice',
  'b_lastname' => 'Moten',
  'b_address' => '103 Intervale Rd. ',
  'b_city' => 'Teaneck',
  'b_state' => 'NJ',
  'b_postcode' => '07666',
  'b_country' => 'US',
  'b_tel' => '2015661642',
) 
12:32:36 array (
  'siteno' => '193736180',
  'version' => '',
  'orderid' => '245150312047',
  'order_time' => '20150312123236',
  'lang' => 'en',
  'currency' => 'USD',
  'vat' => '4.00',
  'discount' => '0.00',
  'shippingfee' => '25.00',
  'productname[0]' => 'NHL Jersey Chicago Blackhawks 010  Men Stitched Charcoal Cross Check Fashion Jersey
 Size:XL(52)',
  'productno[0]' => 'NHL2015019487',
  'price[0]' => '36.53',
  'qty[0]' => 1,
  'checkcode' => '0c65e9f1b7fedea39dc51a7036b761ae',
  'backurl' => 'http://www.outlet-jersey.com/index.php?main_page=checkout_process',
  'notifyreurl' => 'http://www.outlet-jersey.com/mallpay_check.php',
  's_firstname' => 'John',
  's_lastname' => 'Drohan',
  's_address' => '413 Morton st. ',
  's_city' => 'Batavia',
  's_state' => 'IL',
  's_postcode' => '60510',
  's_country' => 'US',
  'email' => 'jjdro3@yahoo.com',
  's_tel' => '6303702450',
  'b_firstname' => 'John',
  'b_lastname' => 'Drohan',
  'b_address' => '413 Morton st. ',
  'b_city' => 'Batavia',
  'b_state' => 'IL',
  'b_postcode' => '60510',
  'b_country' => 'US',
  'b_tel' => '6303702450',
) 
22:07:28 array (
  'siteno' => '193736180',
  'version' => '',
  'orderid' => '245150312061',
  'order_time' => '20150312220728',
  'lang' => 'en',
  'currency' => 'USD',
  'vat' => '8.00',
  'discount' => '0.00',
  'shippingfee' => '20.00',
  'productname[0]' => 'Anaheim Ducks #10 Corey Perry White New Road NHL Jersey
 Size:XL(52)',
  'productno[0]' => 'NHL10874',
  'price[0]' => '33.00',
  'qty[0]' => 1,
  'productname[1]' => 'Anaheim Ducks #17 Ryan Kesler Black Third NHL Jersey
 Size:XL(52)',
  'productno[1]' => 'NHL10880',
  'price[1]' => '33.00',
  'qty[1]' => 1,
  'checkcode' => 'f66468899cd5dedb378d47804b46aac6',
  'backurl' => 'http://www.outlet-jersey.com/index.php?main_page=checkout_process',
  'notifyreurl' => 'http://www.outlet-jersey.com/mallpay_check.php',
  's_firstname' => 'michael',
  's_lastname' => 'Tolman',
  's_address' => '8825 Arabian filly Ave ',
  's_city' => 'Las vegas',
  's_state' => 'NV',
  's_postcode' => '89143',
  's_country' => 'US',
  'email' => 'michaeltolmanlv@gmail.com',
  's_tel' => '7026593579',
  'b_firstname' => 'michael',
  'b_lastname' => 'Tolman',
  'b_address' => '8825 Arabian filly Ave ',
  'b_city' => 'Las vegas',
  'b_state' => 'NV',
  'b_postcode' => '89143',
  'b_country' => 'US',
  'b_tel' => '7026593579',
) 
22:12:55 array (
  'siteno' => '193736180',
  'version' => '',
  'orderid' => '245150312063',
  'order_time' => '20150312221255',
  'lang' => 'en',
  'currency' => 'USD',
  'vat' => '8.00',
  'discount' => '0.00',
  'shippingfee' => '20.00',
  'productname[0]' => 'Anaheim Ducks #10 Corey Perry White New Road NHL Jersey
 Size:XL(52)',
  'productno[0]' => 'NHL10874',
  'price[0]' => '33.00',
  'qty[0]' => 1,
  'productname[1]' => 'Anaheim Ducks #17 Ryan Kesler Black Third NHL Jersey
 Size:XL(52)',
  'productno[1]' => 'NHL10880',
  'price[1]' => '33.00',
  'qty[1]' => 1,
  'checkcode' => 'f2a91bf287e584bc10231a04b80147e0',
  'backurl' => 'http://www.outlet-jersey.com/index.php?main_page=checkout_process',
  'notifyreurl' => 'http://www.outlet-jersey.com/mallpay_check.php',
  's_firstname' => 'michael',
  's_lastname' => 'Tolman',
  's_address' => '8825 Arabian filly Ave ',
  's_city' => 'Las vegas',
  's_state' => 'NV',
  's_postcode' => '89143',
  's_country' => 'US',
  'email' => 'michaeltolmanlv@gmail.com',
  's_tel' => '7026593579',
  'b_firstname' => 'michael',
  'b_lastname' => 'Tolman',
  'b_address' => '8825 Arabian filly Ave ',
  'b_city' => 'Las vegas',
  'b_state' => 'NV',
  'b_postcode' => '89143',
  'b_country' => 'US',
  'b_tel' => '7026593579',
) 
22:33:40 array (
  'siteno' => '193736180',
  'version' => '',
  'orderid' => '245150312068',
  'order_time' => '20150312223340',
  'lang' => 'en',
  'currency' => 'USD',
  'vat' => '8.00',
  'discount' => '0.00',
  'shippingfee' => '20.00',
  'productname[0]' => 'Red Wings #13 Pavel Datsyuk Black Ice Stitched NHL Jersey
 Size:XL(52)',
  'productno[0]' => 'NHL11801',
  'price[0]' => '33.00',
  'qty[0]' => 1,
  'productname[1]' => 'Red Wings #13 Pavel Datsyuk Black Ice Stitched NHL Jersey
 Size:XXXL(56)',
  'productno[1]' => 'NHL11801',
  'price[1]' => '33.00',
  'qty[1]' => 1,
  'checkcode' => 'edecdd2e21169355719f0435dd96b57d',
  'backurl' => 'http://www.outlet-jersey.com/index.php?main_page=checkout_process',
  'notifyreurl' => 'http://www.outlet-jersey.com/mallpay_check.php',
  's_firstname' => 'Larry',
  's_lastname' => 'Van Hoorelbeke',
  's_address' => '37818 N Nippersink Pl ',
  's_city' => 'Spring Grove',
  's_state' => 'IL',
  's_postcode' => '60081',
  's_country' => 'US',
  'email' => 'klvan@att.net',
  's_tel' => '2246880088',
  'b_firstname' => 'Larry',
  'b_lastname' => 'Van Hoorelbeke',
  'b_address' => '37818 N Nippersink Pl ',
  'b_city' => 'Spring Grove',
  'b_state' => 'IL',
  'b_postcode' => '60081',
  'b_country' => 'US',
  'b_tel' => '2246880088',
) 
