00:41:31 array (
  'siteno' => '193736180',
  'version' => '',
  'orderid' => '245150423004',
  'order_time' => '20150423004131',
  'lang' => 'en',
  'currency' => 'USD',
  'vat' => '1.50',
  'discount' => '0.00',
  'shippingfee' => '28.00',
  'productname[0]' => 'NHL Jersey Boston Bruins Yello Black 17  Men Stitched Charcoal Cross Check Fashion Jersey
 Size:L(50)',
  'productno[0]' => 'NHL2015019455',
  'price[0]' => '36.52',
  'qty[0]' => 1,
  'checkcode' => 'af930d08eebd8f4947d263f33b46ef06',
  'backurl' => 'http://www.outlet-jersey.com/index.php?main_page=checkout_process',
  'notifyreurl' => 'http://www.outlet-jersey.com/mallpay_check.php',
  's_firstname' => 'Adam',
  's_lastname' => 'Rumrill',
  's_address' => '67 Main st. #12 ',
  's_city' => 'Brattleboro',
  's_state' => 'VT',
  's_postcode' => '05301',
  's_country' => 'US',
  'email' => 'Crateofrum@gmail.com',
  's_tel' => '8025798070',
  'b_firstname' => 'Adam',
  'b_lastname' => 'Rumrill',
  'b_address' => '67 Main st. #12 ',
  'b_city' => 'Brattleboro',
  'b_state' => 'VT',
  'b_postcode' => '05301',
  'b_country' => 'US',
  'b_tel' => '8025798070',
) 
01:02:59 array (
  'siteno' => '193736180',
  'version' => '',
  'orderid' => '245150423007',
  'order_time' => '20150423010259',
  'lang' => 'en',
  'currency' => 'USD',
  'vat' => '1.50',
  'discount' => '0.00',
  'shippingfee' => '25.00',
  'productname[0]' => 'NHL Jersey Chicago Blackhawks 19 Toews white  Men Stitched with Purple Num Stitched NHL Jersey
 Size:M(48)',
  'productno[0]' => 'NHL2015019526',
  'price[0]' => '36.53',
  'qty[0]' => 1,
  'checkcode' => '54709f6179b6f351248cfcb8cbbd43af',
  'backurl' => 'http://www.outlet-jersey.com/index.php?main_page=checkout_process',
  'notifyreurl' => 'http://www.outlet-jersey.com/mallpay_check.php',
  's_firstname' => 'Libby',
  's_lastname' => 'Legris',
  's_address' => '1221 w. Main st ',
  's_city' => 'sun prairie',
  's_state' => 'WI',
  's_postcode' => '53916',
  's_country' => 'US',
  'email' => 'kibby_libby_101@hotmail.com',
  's_tel' => '9203446802',
  'b_firstname' => 'Libby',
  'b_lastname' => 'Legris',
  'b_address' => '109 Knaup Dr. Apt 11 ',
  'b_city' => 'Beaver Dam',
  'b_state' => 'WI',
  'b_postcode' => '53916',
  'b_country' => 'US',
  'b_tel' => '9203446802',
) 
01:03:26 array (
  'siteno' => '193736180',
  'version' => '',
  'orderid' => '245150423008',
  'order_time' => '20150423010326',
  'lang' => 'en',
  'currency' => 'USD',
  'vat' => '1.50',
  'discount' => '0.00',
  'shippingfee' => '28.00',
  'productname[0]' => 'NHL Jersey Boston Bruins Yello Black 17  Men Stitched Charcoal Cross Check Fashion Jersey
 Size:L(50)',
  'productno[0]' => 'NHL2015019455',
  'price[0]' => '36.52',
  'qty[0]' => 1,
  'checkcode' => 'a9ab12e1dbda2c67e2f64ba464dd1051',
  'backurl' => 'http://www.outlet-jersey.com/index.php?main_page=checkout_process',
  'notifyreurl' => 'http://www.outlet-jersey.com/mallpay_check.php',
  's_firstname' => 'Adam',
  's_lastname' => 'Rumrill',
  's_address' => '67 Main st. #12 ',
  's_city' => 'Brattleboro',
  's_state' => 'VT',
  's_postcode' => '05301',
  's_country' => 'US',
  'email' => 'Crateofrum@gmail.com',
  's_tel' => '8025798070',
  'b_firstname' => 'Adam',
  'b_lastname' => 'Rumrill',
  'b_address' => '67 Main st. #12 ',
  'b_city' => 'Brattleboro',
  'b_state' => 'VT',
  'b_postcode' => '05301',
  'b_country' => 'US',
  'b_tel' => '8025798070',
) 
01:11:13 array (
  'siteno' => '193736180',
  'version' => '',
  'orderid' => '245150423012',
  'order_time' => '20150423011113',
  'lang' => 'en',
  'currency' => 'USD',
  'vat' => '1.50',
  'discount' => '0.00',
  'shippingfee' => '28.00',
  'productname[0]' => 'NHL Jersey Chicago Blackhawks 19 Toews white  Men Stitched with Purple Num Stitched NHL Jersey
 Size:M(48)',
  'productno[0]' => 'NHL2015019526',
  'price[0]' => '36.53',
  'qty[0]' => 1,
  'checkcode' => '34efc52374bacdd0a1b6cf1f27d2adb6',
  'backurl' => 'http://www.outlet-jersey.com/index.php?main_page=checkout_process',
  'notifyreurl' => 'http://www.outlet-jersey.com/mallpay_check.php',
  's_firstname' => 'Libby',
  's_lastname' => 'Legris',
  's_address' => '1221 w. Main st ',
  's_city' => 'sun prairie',
  's_state' => 'WI',
  's_postcode' => '53916',
  's_country' => 'US',
  'email' => 'kibby_libby_101@hotmail.com',
  's_tel' => '9203446802',
  'b_firstname' => 'Libby',
  'b_lastname' => 'Legris',
  'b_address' => '109 Knaup Dr. Apt 11 ',
  'b_city' => 'Beaver Dam',
  'b_state' => 'WI',
  'b_postcode' => '53916',
  'b_country' => 'US',
  'b_tel' => '9203446802',
) 
01:12:26 array (
  'siteno' => '193736180',
  'version' => '',
  'orderid' => '245150423013',
  'order_time' => '20150423011226',
  'lang' => 'en',
  'currency' => 'USD',
  'vat' => '1.50',
  'discount' => '0.00',
  'shippingfee' => '28.00',
  'productname[0]' => 'NHL Jersey Chicago Blackhawks 19 Toews white  Men Stitched with Purple Num Stitched NHL Jersey
 Size:M(48)',
  'productno[0]' => 'NHL2015019526',
  'price[0]' => '36.53',
  'qty[0]' => 1,
  'checkcode' => '95bd49666de7434623486216bacdf5fc',
  'backurl' => 'http://www.outlet-jersey.com/index.php?main_page=checkout_process',
  'notifyreurl' => 'http://www.outlet-jersey.com/mallpay_check.php',
  's_firstname' => 'Libby',
  's_lastname' => 'Legris',
  's_address' => '1221 w. Main st ',
  's_city' => 'sun prairie',
  's_state' => 'WI',
  's_postcode' => '53916',
  's_country' => 'US',
  'email' => 'kibby_libby_101@hotmail.com',
  's_tel' => '9203446802',
  'b_firstname' => 'Libby',
  'b_lastname' => 'Legris',
  'b_address' => '109 Knaup Dr. Apt 11 ',
  'b_city' => 'Beaver Dam',
  'b_state' => 'WI',
  'b_postcode' => '53916',
  'b_country' => 'US',
  'b_tel' => '9203446802',
) 
02:48:36 array (
  'siteno' => '193736180',
  'version' => '',
  'orderid' => '245150423023',
  'order_time' => '20150423024836',
  'lang' => 'en',
  'currency' => 'USD',
  'vat' => '1.50',
  'discount' => '0.00',
  'shippingfee' => '28.00',
  'productname[0]' => 'New York Rangers #26 Martin St.Louis Blue Home NHL Jersey
 Size:M(48)',
  'productno[0]' => 'NHL12402',
  'price[0]' => '33.00',
  'qty[0]' => 1,
  'checkcode' => 'fd74b035e790786f7a5443aca53d2934',
  'backurl' => 'http://www.outlet-jersey.com/index.php?main_page=checkout_process',
  'notifyreurl' => 'http://www.outlet-jersey.com/mallpay_check.php',
  's_firstname' => 'brendan',
  's_lastname' => 'karwecki',
  's_address' => '17 ebey lane ',
  's_city' => 'Staten island',
  's_state' => 'NY',
  's_postcode' => '10312',
  's_country' => 'US',
  'email' => 'karweckipedia@gmail.com',
  's_tel' => '7329962329',
  'b_firstname' => 'brendan',
  'b_lastname' => 'karwecki',
  'b_address' => '17 ebey lane ',
  'b_city' => 'Staten island',
  'b_state' => 'NY',
  'b_postcode' => '10312',
  'b_country' => 'US',
  'b_tel' => '7329962329',
) 
02:50:18 array (
  'siteno' => '193736180',
  'version' => '',
  'orderid' => '245150423024',
  'order_time' => '20150423025018',
  'lang' => 'en',
  'currency' => 'USD',
  'vat' => '1.50',
  'discount' => '0.00',
  'shippingfee' => '28.00',
  'productname[0]' => 'New York Rangers #26 Martin St.Louis Blue Home NHL Jersey
 Size:M(48)',
  'productno[0]' => 'NHL12402',
  'price[0]' => '33.00',
  'qty[0]' => 1,
  'checkcode' => '63b081c34272db3b847614ab5dbabd67',
  'backurl' => 'http://www.outlet-jersey.com/index.php?main_page=checkout_process',
  'notifyreurl' => 'http://www.outlet-jersey.com/mallpay_check.php',
  's_firstname' => 'brendan',
  's_lastname' => 'karwecki',
  's_address' => '17 ebey lane ',
  's_city' => 'Staten island',
  's_state' => 'NY',
  's_postcode' => '10312',
  's_country' => 'US',
  'email' => 'karweckipedia@gmail.com',
  's_tel' => '7329962329',
  'b_firstname' => 'brendan',
  'b_lastname' => 'karwecki',
  'b_address' => '17 ebey lane ',
  'b_city' => 'Staten island',
  'b_state' => 'NY',
  'b_postcode' => '10312',
  'b_country' => 'US',
  'b_tel' => '7329962329',
) 
06:33:07 array (
  'siteno' => '193736180',
  'version' => '',
  'orderid' => '245150423034',
  'order_time' => '20150423063307',
  'lang' => 'en',
  'currency' => 'USD',
  'vat' => '1.50',
  'discount' => '0.00',
  'shippingfee' => '28.00',
  'productname[0]' => 'NHL Jersey Montreal Canadiens 31 Carey Price Red Stitched NHL Jersey Jersey  Men Stitched Charcoal Cross Check Fashion Jersey
 Size:XL(52)',
  'productno[0]' => 'NHL2015019731',
  'price[0]' => '36.70',
  'qty[0]' => 1,
  'checkcode' => 'e017990b3f0d201a3a2ffebd494d170e',
  'backurl' => 'http://www.outlet-jersey.com/index.php?main_page=checkout_process',
  'notifyreurl' => 'http://www.outlet-jersey.com/mallpay_check.php',
  's_firstname' => 'Jocelyn',
  's_lastname' => 'Roy',
  's_address' => '39 beechwood dr ',
  's_city' => 'Ballston Lake',
  's_state' => 'NY',
  's_postcode' => '12019',
  's_country' => 'US',
  'email' => 'joshroy99@yahoo.com',
  's_tel' => '518-795-0041',
  'b_firstname' => 'Jocelyn',
  'b_lastname' => 'Roy',
  'b_address' => '39 beechwood dr ',
  'b_city' => 'Ballston Lake',
  'b_state' => 'NY',
  'b_postcode' => '12019',
  'b_country' => 'US',
  'b_tel' => '518-795-0041',
) 
06:35:39 array (
  'siteno' => '193736180',
  'version' => '',
  'orderid' => '245150423035',
  'order_time' => '20150423063539',
  'lang' => 'en',
  'currency' => 'USD',
  'vat' => '1.50',
  'discount' => '0.00',
  'shippingfee' => '28.00',
  'productname[0]' => 'NHL Jersey Montreal Canadiens 31 Carey Price Red Stitched NHL Jersey Jersey  Men Stitched Charcoal Cross Check Fashion Jersey
 Size:XL(52)',
  'productno[0]' => 'NHL2015019731',
  'price[0]' => '36.70',
  'qty[0]' => 1,
  'checkcode' => '22ee76d056cec2953522c8ead4214d04',
  'backurl' => 'http://www.outlet-jersey.com/index.php?main_page=checkout_process',
  'notifyreurl' => 'http://www.outlet-jersey.com/mallpay_check.php',
  's_firstname' => 'Jocelyn',
  's_lastname' => 'Roy',
  's_address' => '39 beechwood dr ',
  's_city' => 'Ballston Lake',
  's_state' => 'NY',
  's_postcode' => '12019',
  's_country' => 'US',
  'email' => 'joshroy99@yahoo.com',
  's_tel' => '518-795-0041',
  'b_firstname' => 'Jocelyn',
  'b_lastname' => 'Roy',
  'b_address' => '39 beechwood dr ',
  'b_city' => 'Ballston Lake',
  'b_state' => 'NY',
  'b_postcode' => '12019',
  'b_country' => 'US',
  'b_tel' => '518-795-0041',
) 
06:37:12 array (
  'siteno' => '193736180',
  'version' => '',
  'orderid' => '245150423036',
  'order_time' => '20150423063712',
  'lang' => 'en',
  'currency' => 'USD',
  'vat' => '1.50',
  'discount' => '0.00',
  'shippingfee' => '28.00',
  'productname[0]' => 'NHL Jersey Montreal Canadiens 31 Carey Price Red Stitched NHL Jersey Jersey  Men Stitched Charcoal Cross Check Fashion Jersey
 Size:XL(52)',
  'productno[0]' => 'NHL2015019731',
  'price[0]' => '36.70',
  'qty[0]' => 1,
  'checkcode' => '9e1111bd2780cf75e0a61fafec64bdb8',
  'backurl' => 'http://www.outlet-jersey.com/index.php?main_page=checkout_process',
  'notifyreurl' => 'http://www.outlet-jersey.com/mallpay_check.php',
  's_firstname' => 'Jocelyn',
  's_lastname' => 'Roy',
  's_address' => '39 beechwood dr ',
  's_city' => 'Ballston Lake',
  's_state' => 'NY',
  's_postcode' => '12019',
  's_country' => 'US',
  'email' => 'joshroy99@yahoo.com',
  's_tel' => '518-795-0041',
  'b_firstname' => 'Jocelyn',
  'b_lastname' => 'Roy',
  'b_address' => '39 beechwood dr ',
  'b_city' => 'Ballston Lake',
  'b_state' => 'NY',
  'b_postcode' => '12019',
  'b_country' => 'US',
  'b_tel' => '518-795-0041',
) 
06:39:04 array (
  'siteno' => '193736180',
  'version' => '',
  'orderid' => '245150423037',
  'order_time' => '20150423063904',
  'lang' => 'en',
  'currency' => 'USD',
  'vat' => '1.50',
  'discount' => '0.00',
  'shippingfee' => '25.00',
  'productname[0]' => 'NHL Jersey Montreal Canadiens 31 Carey Price Red Stitched NHL Jersey Jersey  Men Stitched Charcoal Cross Check Fashion Jersey
 Size:XL(52)',
  'productno[0]' => 'NHL2015019731',
  'price[0]' => '36.70',
  'qty[0]' => 1,
  'checkcode' => '19052c766db47064659d4e902e392652',
  'backurl' => 'http://www.outlet-jersey.com/index.php?main_page=checkout_process',
  'notifyreurl' => 'http://www.outlet-jersey.com/mallpay_check.php',
  's_firstname' => 'Jocelyn',
  's_lastname' => 'Roy',
  's_address' => '39 beechwood dr ',
  's_city' => 'Ballston Lake',
  's_state' => 'NY',
  's_postcode' => '12019',
  's_country' => 'US',
  'email' => 'joshroy99@yahoo.com',
  's_tel' => '518-795-0041',
  'b_firstname' => 'Jocelyn',
  'b_lastname' => 'Roy',
  'b_address' => '39 beechwood dr ',
  'b_city' => 'Ballston Lake',
  'b_state' => 'NY',
  'b_postcode' => '12019',
  'b_country' => 'US',
  'b_tel' => '518-795-0041',
) 
07:11:51 array (
  'siteno' => '193736180',
  'version' => '',
  'orderid' => '245150423039',
  'order_time' => '20150423071151',
  'lang' => 'en',
  'currency' => 'USD',
  'vat' => '3.00',
  'discount' => '0.00',
  'shippingfee' => '36.00',
  'productname[0]' => 'Anaheim Ducks #10 Corey Perry White New Road NHL Jersey
 Size:L(50)',
  'productno[0]' => 'NHL10874',
  'price[0]' => '33.00',
  'qty[0]' => 1,
  'productname[1]' => 'Anaheim Ducks #10 Corey Perry White New Road NHL Jersey
 Size:XXL(54)',
  'productno[1]' => 'NHL10874',
  'price[1]' => '33.00',
  'qty[1]' => 1,
  'checkcode' => '5c133a15990c8e3e5d21be38bfe0f954',
  'backurl' => 'http://www.outlet-jersey.com/index.php?main_page=checkout_process',
  'notifyreurl' => 'http://www.outlet-jersey.com/mallpay_check.php',
  's_firstname' => 'Brian',
  's_lastname' => 'Schmitz',
  's_address' => '1320 E. Sample ',
  's_city' => 'fresno',
  's_state' => 'CA',
  's_postcode' => '93710',
  's_country' => 'US',
  'email' => 'b.schmitz@hotmail.com',
  's_tel' => '(559) 930-7358',
  'b_firstname' => 'Brian',
  'b_lastname' => 'Schmitz',
  'b_address' => '1320 E. Sample ',
  'b_city' => 'fresno',
  'b_state' => 'CA',
  'b_postcode' => '93710',
  'b_country' => 'US',
  'b_tel' => '(559) 930-7358',
) 
08:10:44 array (
  'siteno' => '193736180',
  'version' => '',
  'orderid' => '245150423051',
  'order_time' => '20150423081044',
  'lang' => 'en',
  'currency' => 'USD',
  'vat' => '1.50',
  'discount' => '0.00',
  'shippingfee' => '28.00',
  'productname[0]' => 'Ducks #15 Ryan Getzlaf Stitched Black NHL Jersey
 Size:XL(52)',
  'productno[0]' => 'NHL10894',
  'price[0]' => '33.00',
  'qty[0]' => 1,
  'checkcode' => '612e98331ed715cf2e936c996cdacfa6',
  'backurl' => 'http://www.outlet-jersey.com/index.php?main_page=checkout_process',
  'notifyreurl' => 'http://www.outlet-jersey.com/mallpay_check.php',
  's_firstname' => 'Alyssa',
  's_lastname' => 'Hill',
  's_address' => '738 South Hilda Street ',
  's_city' => 'Anaheim',
  's_state' => 'CA',
  's_postcode' => '92806',
  's_country' => 'US',
  'email' => 'alyssa.hill@yahoo.com',
  's_tel' => '7142946745',
  'b_firstname' => 'Alyssa',
  'b_lastname' => 'Hill',
  'b_address' => '738 South Hilda Street ',
  'b_city' => 'Anaheim',
  'b_state' => 'CA',
  'b_postcode' => '92806',
  'b_country' => 'US',
  'b_tel' => '7142946745',
) 
09:35:48 array (
  'siteno' => '193736180',
  'version' => '',
  'orderid' => '245150423056',
  'order_time' => '20150423093548',
  'lang' => 'en',
  'currency' => 'USD',
  'vat' => '3.00',
  'discount' => '0.00',
  'shippingfee' => '36.00',
  'productname[0]' => 'NHL Jersey Chicago Blackhawks 00 GRISWOLD white  Men Stitched with Purple Num Stitched NHL Jersey
 Size:XXXL(56)',
  'productno[0]' => 'NHL2015019486',
  'price[0]' => '36.50',
  'qty[0]' => 1,
  'productname[1]' => 'Men\'s jonathan toews authentic black ice jersey reebok 19 NHL chicago blackhawks
 Size:52 (XL)',
  'productno[1]' => 'NHL13626',
  'price[1]' => '38.99',
  'qty[1]' => 1,
  'checkcode' => '2a74b8f3a50d48ab88a8d109c623dcdc',
  'backurl' => 'http://www.outlet-jersey.com/index.php?main_page=checkout_process',
  'notifyreurl' => 'http://www.outlet-jersey.com/mallpay_check.php',
  's_firstname' => 'James',
  's_lastname' => 'Hannon',
  's_address' => '3003 Woodbridge lane ',
  's_city' => 'Canton',
  's_state' => 'GA',
  's_postcode' => '30114',
  's_country' => 'US',
  'email' => 'jimhannon@windstream.net',
  's_tel' => '2242327218',
  'b_firstname' => 'James',
  'b_lastname' => 'Hannon',
  'b_address' => '3003 Woodbridge lane ',
  'b_city' => 'Canton',
  'b_state' => 'GA',
  'b_postcode' => '30114',
  'b_country' => 'US',
  'b_tel' => '2242327218',
) 
09:40:26 array (
  'siteno' => '193736180',
  'version' => '',
  'orderid' => '245150423058',
  'order_time' => '20150423094026',
  'lang' => 'en',
  'currency' => 'USD',
  'vat' => '1.50',
  'discount' => '0.00',
  'shippingfee' => '28.00',
  'productname[0]' => 'Anaheim Ducks #8 Teemu Selanne White New Road NHL Jersey
 Size:XXXL(56)',
  'productno[0]' => 'NHL10888',
  'price[0]' => '33.00',
  'qty[0]' => 1,
  'checkcode' => '8c8790dfe7b6aaa7e959788eb2707683',
  'backurl' => 'http://www.outlet-jersey.com/index.php?main_page=checkout_process',
  'notifyreurl' => 'http://www.outlet-jersey.com/mallpay_check.php',
  's_firstname' => 'Lawrence',
  's_lastname' => 'Little',
  's_address' => '833 Xenia ave. Apt 4 ',
  's_city' => 'Yellow Springs',
  's_state' => 'OH',
  's_postcode' => '45387',
  's_country' => 'US',
  'email' => 'littleratrods@yahoo.com',
  's_tel' => '9372047626',
  'b_firstname' => 'Lawrence',
  'b_lastname' => 'Little',
  'b_address' => '833 Xenia ave. Apt 4 ',
  'b_city' => 'Yellow Springs',
  'b_state' => 'OH',
  'b_postcode' => '45387',
  'b_country' => 'US',
  'b_tel' => '9372047626',
) 
09:40:27 array (
  'siteno' => '193736180',
  'version' => '',
  'orderid' => '245150423059',
  'order_time' => '20150423094027',
  'lang' => 'en',
  'currency' => 'USD',
  'vat' => '1.50',
  'discount' => '0.00',
  'shippingfee' => '28.00',
  'productname[0]' => 'Anaheim Ducks #8 Teemu Selanne White New Road NHL Jersey
 Size:XXXL(56)',
  'productno[0]' => 'NHL10888',
  'price[0]' => '33.00',
  'qty[0]' => 1,
  'checkcode' => '269b19ddf5b9a425011453a2a31067ab',
  'backurl' => 'http://www.outlet-jersey.com/index.php?main_page=checkout_process',
  'notifyreurl' => 'http://www.outlet-jersey.com/mallpay_check.php',
  's_firstname' => 'Lawrence',
  's_lastname' => 'Little',
  's_address' => '833 Xenia ave. Apt 4 ',
  's_city' => 'Yellow Springs',
  's_state' => 'OH',
  's_postcode' => '45387',
  's_country' => 'US',
  'email' => 'littleratrods@yahoo.com',
  's_tel' => '9372047626',
  'b_firstname' => 'Lawrence',
  'b_lastname' => 'Little',
  'b_address' => '833 Xenia ave. Apt 4 ',
  'b_city' => 'Yellow Springs',
  'b_state' => 'OH',
  'b_postcode' => '45387',
  'b_country' => 'US',
  'b_tel' => '9372047626',
) 
09:42:33 array (
  'siteno' => '193736180',
  'version' => '',
  'orderid' => '245150423060',
  'order_time' => '20150423094233',
  'lang' => 'en',
  'currency' => 'USD',
  'vat' => '1.50',
  'discount' => '0.00',
  'shippingfee' => '25.00',
  'productname[0]' => 'Anaheim Ducks #8 Teemu Selanne White New Road NHL Jersey
 Size:XXXL(56)',
  'productno[0]' => 'NHL10888',
  'price[0]' => '33.00',
  'qty[0]' => 1,
  'checkcode' => '68f2dc4cfcf91045e69d0b079e3701ed',
  'backurl' => 'http://www.outlet-jersey.com/index.php?main_page=checkout_process',
  'notifyreurl' => 'http://www.outlet-jersey.com/mallpay_check.php',
  's_firstname' => 'Lawrence',
  's_lastname' => 'Little',
  's_address' => '833 Xenia ave. Apt 4 ',
  's_city' => 'Yellow Springs',
  's_state' => 'OH',
  's_postcode' => '45387',
  's_country' => 'US',
  'email' => 'littleratrods@yahoo.com',
  's_tel' => '9372047626',
  'b_firstname' => 'Lawrence',
  'b_lastname' => 'Little',
  'b_address' => '833 Xenia ave. Apt 4 ',
  'b_city' => 'Yellow Springs',
  'b_state' => 'OH',
  'b_postcode' => '45387',
  'b_country' => 'US',
  'b_tel' => '9372047626',
) 
09:42:35 array (
  'siteno' => '193736180',
  'version' => '',
  'orderid' => '245150423061',
  'order_time' => '20150423094235',
  'lang' => 'en',
  'currency' => 'USD',
  'vat' => '3.00',
  'discount' => '0.00',
  'shippingfee' => '36.00',
  'productname[0]' => 'Blues #74 T.J Oshie White New Road Stitched NHL Jersey
 Size:XL(52)',
  'productno[0]' => 'NHL13188',
  'price[0]' => '33.00',
  'qty[0]' => 1,
  'productname[1]' => 'St.Louis Blues #91 Vladimir Tarasenko Light Blue Home Stitched NHL Jersey
 Size:L(50)',
  'productno[1]' => 'NHL13210',
  'price[1]' => '34.00',
  'qty[1]' => 1,
  'checkcode' => '487e66e122047e58d1fd7c8568e366d2',
  'backurl' => 'http://www.outlet-jersey.com/index.php?main_page=checkout_process',
  'notifyreurl' => 'http://www.outlet-jersey.com/mallpay_check.php',
  's_firstname' => 'Bill',
  's_lastname' => 'Neece',
  's_address' => '3354 Cedar Falls Rd ',
  's_city' => 'Bonne Terre',
  's_state' => 'MO',
  's_postcode' => '63628',
  's_country' => 'US',
  'email' => 'bdneece54@yahoo.com',
  's_tel' => '5735181405',
  'b_firstname' => 'Bill',
  'b_lastname' => 'Neece',
  'b_address' => '3354 Cedar Falls Rd ',
  'b_city' => 'Bonne Terre',
  'b_state' => 'MO',
  'b_postcode' => '63628',
  'b_country' => 'US',
  'b_tel' => '5735181405',
) 
09:45:23 array (
  'siteno' => '193736180',
  'version' => '',
  'orderid' => '245150423062',
  'order_time' => '20150423094523',
  'lang' => 'en',
  'currency' => 'USD',
  'vat' => '1.50',
  'discount' => '0.00',
  'shippingfee' => '25.00',
  'productname[0]' => 'Anaheim Ducks #8 Teemu Selanne White New Road NHL Jersey
 Size:XXXL(56)',
  'productno[0]' => 'NHL10888',
  'price[0]' => '33.00',
  'qty[0]' => 1,
  'checkcode' => 'f4022229bad1ecb60900643e96b597db',
  'backurl' => 'http://www.outlet-jersey.com/index.php?main_page=checkout_process',
  'notifyreurl' => 'http://www.outlet-jersey.com/mallpay_check.php',
  's_firstname' => 'Lawrence',
  's_lastname' => 'Little',
  's_address' => '833 Xenia ave. Apt 4 ',
  's_city' => 'Yellow Springs',
  's_state' => 'OH',
  's_postcode' => '45387',
  's_country' => 'US',
  'email' => 'littleratrods@yahoo.com',
  's_tel' => '9372047626',
  'b_firstname' => 'Lawrence',
  'b_lastname' => 'Little',
  'b_address' => '833 Xenia ave. Apt 4 ',
  'b_city' => 'Yellow Springs',
  'b_state' => 'OH',
  'b_postcode' => '45387',
  'b_country' => 'US',
  'b_tel' => '9372047626',
) 
09:46:09 array (
  'siteno' => '193736180',
  'version' => '',
  'orderid' => '245150423063',
  'order_time' => '20150423094609',
  'lang' => 'en',
  'currency' => 'USD',
  'vat' => '1.50',
  'discount' => '0.00',
  'shippingfee' => '25.00',
  'productname[0]' => 'Anaheim Ducks #8 Teemu Selanne White New Road NHL Jersey
 Size:XXXL(56)',
  'productno[0]' => 'NHL10888',
  'price[0]' => '33.00',
  'qty[0]' => 1,
  'checkcode' => 'd00205f02ec17496103a2a4cb2b66876',
  'backurl' => 'http://www.outlet-jersey.com/index.php?main_page=checkout_process',
  'notifyreurl' => 'http://www.outlet-jersey.com/mallpay_check.php',
  's_firstname' => 'Lawrence',
  's_lastname' => 'Little',
  's_address' => '833 Xenia ave. Apt 4 ',
  's_city' => 'Yellow Springs',
  's_state' => 'OH',
  's_postcode' => '45387',
  's_country' => 'US',
  'email' => 'littleratrods@yahoo.com',
  's_tel' => '9372047626',
  'b_firstname' => 'Lawrence',
  'b_lastname' => 'Little',
  'b_address' => '833 Xenia ave. Apt 4 ',
  'b_city' => 'Yellow Springs',
  'b_state' => 'OH',
  'b_postcode' => '45387',
  'b_country' => 'US',
  'b_tel' => '9372047626',
) 
09:51:20 array (
  'siteno' => '193736180',
  'version' => '',
  'orderid' => '245150423066',
  'order_time' => '20150423095120',
  'lang' => 'en',
  'currency' => 'USD',
  'vat' => '1.50',
  'discount' => '0.00',
  'shippingfee' => '28.00',
  'productname[0]' => 'Anaheim Ducks #8 Teemu Selanne White New Road NHL Jersey
 Size:XXXL(56)',
  'productno[0]' => 'NHL10888',
  'price[0]' => '33.00',
  'qty[0]' => 1,
  'checkcode' => '0e133ee592d694afb8a02e56d3243e81',
  'backurl' => 'http://www.outlet-jersey.com/index.php?main_page=checkout_process',
  'notifyreurl' => 'http://www.outlet-jersey.com/mallpay_check.php',
  's_firstname' => 'Lawrence',
  's_lastname' => 'Little',
  's_address' => '833 Xenia ave. Apt 4 ',
  's_city' => 'Yellow Springs',
  's_state' => 'OH',
  's_postcode' => '45387',
  's_country' => 'US',
  'email' => 'littleratrods@yahoo.com',
  's_tel' => '9372047626',
  'b_firstname' => 'Lawrence',
  'b_lastname' => 'Little',
  'b_address' => '833 Xenia ave. Apt 4 ',
  'b_city' => 'Yellow Springs',
  'b_state' => 'OH',
  'b_postcode' => '45387',
  'b_country' => 'US',
  'b_tel' => '9372047626',
) 
09:52:44 array (
  'siteno' => '193736180',
  'version' => '',
  'orderid' => '245150423067',
  'order_time' => '20150423095244',
  'lang' => 'en',
  'currency' => 'USD',
  'vat' => '1.50',
  'discount' => '0.00',
  'shippingfee' => '28.00',
  'productname[0]' => 'Anaheim Ducks #8 Teemu Selanne White New Road NHL Jersey
 Size:XXXL(56)',
  'productno[0]' => 'NHL10888',
  'price[0]' => '33.00',
  'qty[0]' => 1,
  'checkcode' => '4547d96dcd2f20e9031c037e6f03db5b',
  'backurl' => 'http://www.outlet-jersey.com/index.php?main_page=checkout_process',
  'notifyreurl' => 'http://www.outlet-jersey.com/mallpay_check.php',
  's_firstname' => 'Lawrence',
  's_lastname' => 'Little',
  's_address' => '833 Xenia ave. Apt 4 ',
  's_city' => 'Yellow Springs',
  's_state' => 'OH',
  's_postcode' => '45387',
  's_country' => 'US',
  'email' => 'littleratrods@yahoo.com',
  's_tel' => '9372047626',
  'b_firstname' => 'Lawrence',
  'b_lastname' => 'Little',
  'b_address' => '833 Xenia ave. Apt 4 ',
  'b_city' => 'Yellow Springs',
  'b_state' => 'OH',
  'b_postcode' => '45387',
  'b_country' => 'US',
  'b_tel' => '9372047626',
) 
12:26:39 array (
  'siteno' => '193736180',
  'version' => '',
  'orderid' => '245150423080',
  'order_time' => '20150423122639',
  'lang' => 'en',
  'currency' => 'USD',
  'vat' => '4.50',
  'discount' => '0.00',
  'shippingfee' => '44.00',
  'productname[0]' => 'Anaheim Ducks #17 Ryan Kesler White New Road NHL Jersey
 Size:XL(52)',
  'productno[0]' => 'NHL10881',
  'price[0]' => '33.00',
  'qty[0]' => 1,
  'productname[1]' => 'Ducks #8 Teemu Selanne Men\'s Stitched Black CCM Throwback Hockey Jersey
 Size:XXL(54)',
  'productno[1]' => 'JE1731692',
  'price[1]' => '36.67',
  'qty[1]' => 1,
  'productname[2]' => 'Canucks #10 Pavel Bure CCM Throwback Stitched Black NHL Jersey
 Size:XL(52)',
  'productno[2]' => 'NHL13377',
  'price[2]' => '33.00',
  'qty[2]' => 1,
  'checkcode' => 'a5cab2f901cf4688ac5ff6e147201655',
  'backurl' => 'http://www.outlet-jersey.com/index.php?main_page=checkout_process',
  'notifyreurl' => 'http://www.outlet-jersey.com/mallpay_check.php',
  's_firstname' => 'Kennyth',
  's_lastname' => 'Marcial',
  's_address' => '3025 Tansy Circle ',
  's_city' => 'Perris',
  's_state' => 'CA',
  's_postcode' => '92571',
  's_country' => 'US',
  'email' => 'Kennyolley@yahoo.com',
  's_tel' => '7142969276',
  'b_firstname' => 'Kennyth',
  'b_lastname' => 'Marcial',
  'b_address' => '3025 Tansy Circle ',
  'b_city' => 'Perris',
  'b_state' => 'CA',
  'b_postcode' => '92571',
  'b_country' => 'US',
  'b_tel' => '7142969276',
) 
12:47:48 array (
  'siteno' => '193736180',
  'version' => '',
  'orderid' => '245150423086',
  'order_time' => '20150423124748',
  'lang' => 'en',
  'currency' => 'USD',
  'vat' => '1.50',
  'discount' => '0.00',
  'shippingfee' => '25.00',
  'productname[0]' => 'Nike Indianapolis Colts Customized Royal Blue Stitched Elite Men\'s NFL Jersey
 Size:44/L
 Name:MackDaddy
 Num#:12',
  'productno[0]' => 'CJ10511',
  'price[0]' => '79.00',
  'qty[0]' => 1,
  'checkcode' => '606bb316a2db068629a0ab12aaf0479b',
  'backurl' => 'http://www.outlet-jersey.com/index.php?main_page=checkout_process',
  'notifyreurl' => 'http://www.outlet-jersey.com/mallpay_check.php',
  's_firstname' => 'Dean',
  's_lastname' => 'Floyd',
  's_address' => '1506 n Ruston ave ',
  's_city' => 'Evansville',
  's_state' => 'IN',
  's_postcode' => '47711',
  's_country' => 'US',
  'email' => 'Deanfloyd26@live.com',
  's_tel' => '8123067785',
  'b_firstname' => 'Dean',
  'b_lastname' => 'Floyd',
  'b_address' => '1506 n Ruston ave ',
  'b_city' => 'Evansville',
  'b_state' => 'IN',
  'b_postcode' => '47711',
  'b_country' => 'US',
  'b_tel' => '8123067785',
) 
12:50:30 array (
  'siteno' => '193736180',
  'version' => '',
  'orderid' => '245150423087',
  'order_time' => '20150423125030',
  'lang' => 'en',
  'currency' => 'USD',
  'vat' => '1.50',
  'discount' => '0.00',
  'shippingfee' => '25.00',
  'productname[0]' => 'Nike Indianapolis Colts Customized Royal Blue Stitched Elite Men\'s NFL Jersey
 Size:44/L
 Name:MackDaddy
 Num#:12',
  'productno[0]' => 'CJ10511',
  'price[0]' => '79.00',
  'qty[0]' => 1,
  'checkcode' => 'e6d8664db7dfbd1fb1cec7bd7baa2284',
  'backurl' => 'http://www.outlet-jersey.com/index.php?main_page=checkout_process',
  'notifyreurl' => 'http://www.outlet-jersey.com/mallpay_check.php',
  's_firstname' => 'Dean',
  's_lastname' => 'Floyd',
  's_address' => '1506 n Ruston ave ',
  's_city' => 'Evansville',
  's_state' => 'IN',
  's_postcode' => '47711',
  's_country' => 'US',
  'email' => 'Deanfloyd26@live.com',
  's_tel' => '8123067785',
  'b_firstname' => 'Dean',
  'b_lastname' => 'Floyd',
  'b_address' => '1506 n Ruston ave ',
  'b_city' => 'Evansville',
  'b_state' => 'IN',
  'b_postcode' => '47711',
  'b_country' => 'US',
  'b_tel' => '8123067785',
) 
20:05:32 array (
  'siteno' => '193736180',
  'version' => '',
  'orderid' => '245150423098',
  'order_time' => '20150423200532',
  'lang' => 'en',
  'currency' => 'USD',
  'vat' => '1.50',
  'discount' => '0.00',
  'shippingfee' => '28.00',
  'productname[0]' => 'NHL Jersey Chicago Blackhawks 19 Toews white  Men Stitched with Purple Num Stitched NHL Jersey
 Size:M(48)',
  'productno[0]' => 'NHL2015019526',
  'price[0]' => '36.53',
  'qty[0]' => 1,
  'checkcode' => '5b008db4e3f962625e5ba5eaec5a9566',
  'backurl' => 'http://www.outlet-jersey.com/index.php?main_page=checkout_process',
  'notifyreurl' => 'http://www.outlet-jersey.com/mallpay_check.php',
  's_firstname' => 'Libby',
  's_lastname' => 'Legris',
  's_address' => '1221 W. Main St. ',
  's_city' => 'Sun Prairie',
  's_state' => 'WI',
  's_postcode' => '53590',
  's_country' => 'US',
  'email' => 'kibby_libby_101@hotmail.com',
  's_tel' => '9203446802',
  'b_firstname' => 'Libby',
  'b_lastname' => 'Legris',
  'b_address' => '109 Knaup Dr. Apt 11 ',
  'b_city' => 'Beaver Dam',
  'b_state' => 'WI',
  'b_postcode' => '53916',
  'b_country' => 'US',
  'b_tel' => '9203446802',
) 
