05:28:11 array (
  'siteno' => '193736180',
  'version' => '',
  'orderid' => '245150413010',
  'order_time' => '20150413052811',
  'lang' => 'en',
  'currency' => 'USD',
  'vat' => '1.50',
  'discount' => '0.00',
  'shippingfee' => '28.00',
  'productname[0]' => 'NHL Jersey Kings 32 Jonathan Quick Mens Stitched White Grey 2015 Stadium Series Hockey Jersey  Men Stitched with Purple Num Stitched NHL Jersey
 Size:M(48)',
  'productno[0]' => 'NHL2015019670',
  'price[0]' => '36.80',
  'qty[0]' => 1,
  'checkcode' => 'cc0ecc98d17d2afa41f3de1be0188030',
  'backurl' => 'http://www.outlet-jersey.com/index.php?main_page=checkout_process',
  'notifyreurl' => 'http://www.outlet-jersey.com/mallpay_check.php',
  's_firstname' => 'scott',
  's_lastname' => 'tidrick',
  's_address' => '7353 E universiry dr #1038 ',
  's_city' => 'mesa',
  's_state' => 'AZ',
  's_postcode' => '85207',
  's_country' => 'US',
  'email' => 'hoowwee09@yahoo.com',
  's_tel' => '480-229-6970',
  'b_firstname' => 'scott',
  'b_lastname' => 'tidrick',
  'b_address' => '7353 E universiry dr #1038 ',
  'b_city' => 'mesa',
  'b_state' => 'AZ',
  'b_postcode' => '85207',
  'b_country' => 'US',
  'b_tel' => '480-229-6970',
) 
05:32:20 array (
  'siteno' => '193736180',
  'version' => '',
  'orderid' => '245150413012',
  'order_time' => '20150413053220',
  'lang' => 'en',
  'currency' => 'USD',
  'vat' => '4.50',
  'discount' => '0.00',
  'shippingfee' => '44.00',
  'productname[0]' => 'Detroit Red Wings #13 Pavel Datsyuk White Fashion Stitched NHL Jersey
 Size:M(48)',
  'productno[0]' => 'NHL11787',
  'price[0]' => '34.00',
  'qty[0]' => 1,
  'productname[1]' => 'Detroit Red Wings Pullover Hoodie Black & Red
 Size:M',
  'productno[1]' => 'NHL12568',
  'price[1]' => '39.00',
  'qty[1]' => 1,
  'productname[2]' => 'Detroit Red Wings Pullover Hoodie Grey & Red
 Size:M',
  'productno[2]' => 'NHL12571',
  'price[2]' => '39.00',
  'qty[2]' => 1,
  'checkcode' => 'b214d270032c713d1782c7fa5347aebf',
  'backurl' => 'http://www.outlet-jersey.com/index.php?main_page=checkout_process',
  'notifyreurl' => 'http://www.outlet-jersey.com/mallpay_check.php',
  's_firstname' => 'Dustin',
  's_lastname' => 'Wilson',
  's_address' => '3717 Lee Street ',
  's_city' => 'Flint',
  's_state' => 'MI',
  's_postcode' => '48506',
  's_country' => 'US',
  'email' => 'dwilson2121@yahoo.com',
  's_tel' => '810-931-6530',
  'b_firstname' => 'Dustin',
  'b_lastname' => 'Wilson',
  'b_address' => '3717 Lee Street ',
  'b_city' => 'Flint',
  'b_state' => 'MI',
  'b_postcode' => '48506',
  'b_country' => 'US',
  'b_tel' => '810-931-6530',
) 
09:37:00 array (
  'siteno' => '193736180',
  'version' => '',
  'orderid' => '245150413023',
  'order_time' => '20150413093700',
  'lang' => 'en',
  'currency' => 'USD',
  'vat' => '6.00',
  'discount' => '0.00',
  'shippingfee' => '52.00',
  'productname[0]' => 'New York Rangers Reebok 27 Ryan McDonagh Dark Blue Jersey Men Stiched Noble Fashion NHL Jersey
 Size:56 (XXXL)',
  'productno[0]' => 'NHL1548010',
  'price[0]' => '38.99',
  'qty[0]' => 1,
  'productname[1]' => 'New York Rangers Reebok 36 Mats Zuccarello Dark Blue Jersey Men Stiched Noble Fashion NHL Jersey
 Size:56 (XXXL)',
  'productno[1]' => 'NHL1548013',
  'price[1]' => '38.99',
  'qty[1]' => 1,
  'productname[2]' => 'New York Rangers Reebok 61 Rick Nash Dark Blue Jersey Men Stiched Noble Fashion NHL Jersey
 Size:56 (XXXL)',
  'productno[2]' => 'NHL1548014',
  'price[2]' => '38.99',
  'qty[2]' => 1,
  'productname[3]' => 'New York Rangers Reebok 30 Henrik Lundqvist Dark Blue Jersey Men Stiched Noble Fashion NHL Jersey
 Size:50 (L)',
  'productno[3]' => 'NHL1548011',
  'price[3]' => '38.99',
  'qty[3]' => 1,
  'checkcode' => '858ba27d790904798b05fcf4b08a2c91',
  'backurl' => 'http://www.outlet-jersey.com/index.php?main_page=checkout_process',
  'notifyreurl' => 'http://www.outlet-jersey.com/mallpay_check.php',
  's_firstname' => 'Joseph',
  's_lastname' => 'Hernandez',
  's_address' => '35 wilmont turn ',
  's_city' => 'coram',
  's_state' => 'NY',
  's_postcode' => '11727',
  's_country' => 'US',
  'email' => 'Bayshore013@gmail.com',
  's_tel' => '631-241-9492',
  'b_firstname' => 'Joseph',
  'b_lastname' => 'Hernandez',
  'b_address' => '35 wilmont turn ',
  'b_city' => 'coram',
  'b_state' => 'NY',
  'b_postcode' => '11727',
  'b_country' => 'US',
  'b_tel' => '631-241-9492',
) 
11:07:08 array (
  'siteno' => '193736180',
  'version' => '',
  'orderid' => '245150413025',
  'order_time' => '20150413110708',
  'lang' => 'en',
  'currency' => 'USD',
  'vat' => '4.50',
  'discount' => '0.00',
  'shippingfee' => '44.00',
  'productname[0]' => 'Detroit Red Wings #13 Pavel Datsyuk White Fashion Stitched NHL Jersey
 Size:M(48)',
  'productno[0]' => 'NHL11787',
  'price[0]' => '34.00',
  'qty[0]' => 1,
  'productname[1]' => 'Detroit Red Wings Pullover Hoodie Black & Red
 Size:M',
  'productno[1]' => 'NHL12568',
  'price[1]' => '39.00',
  'qty[1]' => 1,
  'productname[2]' => 'Detroit Red Wings Pullover Hoodie Grey & Red
 Size:M',
  'productno[2]' => 'NHL12571',
  'price[2]' => '39.00',
  'qty[2]' => 1,
  'checkcode' => 'b0b0cb229b9dc365c0a5fc57821276ba',
  'backurl' => 'http://www.outlet-jersey.com/index.php?main_page=checkout_process',
  'notifyreurl' => 'http://www.outlet-jersey.com/mallpay_check.php',
  's_firstname' => 'Dustin',
  's_lastname' => 'Wilson',
  's_address' => '3717 Lee Street ',
  's_city' => 'Flint',
  's_state' => 'MI',
  's_postcode' => '48506',
  's_country' => 'US',
  'email' => 'dwilson2121@yahoo.com',
  's_tel' => '810-931-6530',
  'b_firstname' => 'Dustin',
  'b_lastname' => 'Wilson',
  'b_address' => '3717 Lee Street ',
  'b_city' => 'Flint',
  'b_state' => 'MI',
  'b_postcode' => '48506',
  'b_country' => 'US',
  'b_tel' => '810-931-6530',
) 
11:09:38 array (
  'siteno' => '193736180',
  'version' => '',
  'orderid' => '245150413026',
  'order_time' => '20150413110938',
  'lang' => 'en',
  'currency' => 'USD',
  'vat' => '4.50',
  'discount' => '0.00',
  'shippingfee' => '20.00',
  'productname[0]' => 'Detroit Red Wings #13 Pavel Datsyuk White Fashion Stitched NHL Jersey
 Size:M(48)',
  'productno[0]' => 'NHL11787',
  'price[0]' => '34.00',
  'qty[0]' => 1,
  'productname[1]' => 'Detroit Red Wings Pullover Hoodie Black & Red
 Size:M',
  'productno[1]' => 'NHL12568',
  'price[1]' => '39.00',
  'qty[1]' => 1,
  'productname[2]' => 'Detroit Red Wings Pullover Hoodie Grey & Red
 Size:M',
  'productno[2]' => 'NHL12571',
  'price[2]' => '39.00',
  'qty[2]' => 1,
  'checkcode' => '7e4747f52813978a2d144b8c6b2fe233',
  'backurl' => 'http://www.outlet-jersey.com/index.php?main_page=checkout_process',
  'notifyreurl' => 'http://www.outlet-jersey.com/mallpay_check.php',
  's_firstname' => 'Dustin',
  's_lastname' => 'Wilson',
  's_address' => '3717 Lee Street ',
  's_city' => 'Flint',
  's_state' => 'MI',
  's_postcode' => '48506',
  's_country' => 'US',
  'email' => 'dwilson2121@yahoo.com',
  's_tel' => '810-931-6530',
  'b_firstname' => 'Dustin',
  'b_lastname' => 'Wilson',
  'b_address' => '3717 Lee Street ',
  'b_city' => 'Flint',
  'b_state' => 'MI',
  'b_postcode' => '48506',
  'b_country' => 'US',
  'b_tel' => '810-931-6530',
) 
