01:29:54 array (
  'siteno' => '806424997',
  'version' => '',
  'orderid' => '326150513001',
  'order_time' => '20150513012954',
  'lang' => 'en',
  'currency' => 'USD',
  'vat' => '3.00',
  'discount' => '0.00',
  'shippingfee' => '33.00',
  'productname[0]' => 'New York Rangers #20 Chris Kreider Blue Home NHL Jersey
 Size:XXL(54)',
  'productno[0]' => 'NHL12397',
  'price[0]' => '33.00',
  'qty[0]' => 1,
  'productname[1]' => 'New York Rangers #26 Martin St.Louis White Stitched NHL Jersey
 Size:XXL(54)',
  'productno[1]' => 'NHL12404',
  'price[1]' => '33.00',
  'qty[1]' => 1,
  'checkcode' => 'bf92de07b41e41238d4a646bf56beb2f',
  'backurl' => 'http://www.goshopjerseys.com/index.php?main_page=checkout_process',
  'notifyreurl' => 'http://www.goshopjerseys.com/mallpay_check.php',
  's_firstname' => 'Mike',
  's_lastname' => 'Klaum',
  's_address' => '612 W. Mendoza Ave. ',
  's_city' => 'Mesa',
  's_state' => 'AZ',
  's_postcode' => '85210',
  's_country' => 'US',
  'email' => 'sk8ter6404@yahoo.com',
  's_tel' => '4806125665',
  'b_firstname' => 'Mike',
  'b_lastname' => 'Klaum',
  'b_address' => '612 W. Mendoza Ave. ',
  'b_city' => 'Mesa',
  'b_state' => 'AZ',
  'b_postcode' => '85210',
  'b_country' => 'US',
  'b_tel' => '4806125665',
) 
01:31:07 array (
  'siteno' => '806424997',
  'version' => '',
  'orderid' => '326150513002',
  'order_time' => '20150513013107',
  'lang' => 'en',
  'currency' => 'USD',
  'vat' => '3.00',
  'discount' => '0.00',
  'shippingfee' => '33.00',
  'productname[0]' => 'New York Rangers #20 Chris Kreider Blue Home NHL Jersey
 Size:XXL(54)',
  'productno[0]' => 'NHL12397',
  'price[0]' => '33.00',
  'qty[0]' => 1,
  'productname[1]' => 'New York Rangers #26 Martin St.Louis White Stitched NHL Jersey
 Size:XXL(54)',
  'productno[1]' => 'NHL12404',
  'price[1]' => '33.00',
  'qty[1]' => 1,
  'checkcode' => '94b44e887a9898b52a58163c42ba3d39',
  'backurl' => 'http://www.goshopjerseys.com/index.php?main_page=checkout_process',
  'notifyreurl' => 'http://www.goshopjerseys.com/mallpay_check.php',
  's_firstname' => 'Mike',
  's_lastname' => 'Klaum',
  's_address' => '612 W. Mendoza Ave. ',
  's_city' => 'Mesa',
  's_state' => 'AZ',
  's_postcode' => '85210',
  's_country' => 'US',
  'email' => 'sk8ter6404@yahoo.com',
  's_tel' => '4806125665',
  'b_firstname' => 'Mike',
  'b_lastname' => 'Klaum',
  'b_address' => '612 W. Mendoza Ave. ',
  'b_city' => 'Mesa',
  'b_state' => 'AZ',
  'b_postcode' => '85210',
  'b_country' => 'US',
  'b_tel' => '4806125665',
) 
11:26:41 array (
  'siteno' => '519276143',
  'version' => '',
  'orderid' => '323150513001',
  'order_time' => '20150513112641',
  'lang' => 'en',
  'currency' => 'USD',
  'vat' => '1.50',
  'discount' => '0.00',
  'shippingfee' => '28.00',
  'productname[0]' => 'Canadiens #31 Carey Price Men\'s Stitched White CCM Throwback Hockey Jersey
 Size:M(48)',
  'productno[0]' => 'JE1731707',
  'price[0]' => '33.00',
  'qty[0]' => 1,
  'checkcode' => '21823107a6e382377f14af4cfa7c6dbd',
  'backurl' => 'http://www.stars-jersey.com/index.php?main_page=checkout_process',
  'notifyreurl' => 'http://www.stars-jersey.com/mallpay_check.php',
  's_firstname' => 'Scott',
  's_lastname' => 'Schoonover',
  's_address' => '1249 East Crystal Avenue ',
  's_city' => 'Salt Lake City',
  's_state' => 'UT',
  's_postcode' => '84106',
  's_country' => 'US',
  'email' => 'sas_ut@yahoo.com',
  's_tel' => '(801) 946-1546',
  'b_firstname' => 'Scott',
  'b_lastname' => 'Schoonover',
  'b_address' => '1249 East Crystal Avenue ',
  'b_city' => 'Salt Lake City',
  'b_state' => 'UT',
  'b_postcode' => '84106',
  'b_country' => 'US',
  'b_tel' => '(801) 946-1546',
) 
11:28:29 array (
  'siteno' => '519276143',
  'version' => '',
  'orderid' => '323150513002',
  'order_time' => '20150513112829',
  'lang' => 'en',
  'currency' => 'USD',
  'vat' => '1.50',
  'discount' => '0.00',
  'shippingfee' => '28.00',
  'productname[0]' => 'Canadiens #31 Carey Price Men\'s Stitched White CCM Throwback Hockey Jersey
 Size:M(48)',
  'productno[0]' => 'JE1731707',
  'price[0]' => '33.00',
  'qty[0]' => 1,
  'checkcode' => '11cb11fb1d4a1ae376684fa6882b584f',
  'backurl' => 'http://www.stars-jersey.com/index.php?main_page=checkout_process',
  'notifyreurl' => 'http://www.stars-jersey.com/mallpay_check.php',
  's_firstname' => 'Scott',
  's_lastname' => 'Schoonover',
  's_address' => '1249 East Crystal Avenue ',
  's_city' => 'Salt Lake City',
  's_state' => 'UT',
  's_postcode' => '84106',
  's_country' => 'US',
  'email' => 'sas_ut@yahoo.com',
  's_tel' => '(801) 946-1546',
  'b_firstname' => 'Scott',
  'b_lastname' => 'Schoonover',
  'b_address' => '1249 East Crystal Avenue ',
  'b_city' => 'Salt Lake City',
  'b_state' => 'UT',
  'b_postcode' => '84106',
  'b_country' => 'US',
  'b_tel' => '(801) 946-1546',
) 
18:58:42 array (
  'siteno' => '519276143',
  'version' => '',
  'orderid' => '323150513004',
  'order_time' => '20150513185842',
  'lang' => 'en',
  'currency' => 'USD',
  'vat' => '1.50',
  'discount' => '0.00',
  'shippingfee' => '28.00',
  'productname[0]' => 'NHL Chicago Blackhawks #88 Kane Red Fashion Noble Jersey
 Size:50 (L)',
  'productno[0]' => 'NHL15425007',
  'price[0]' => '33.00',
  'qty[0]' => 1,
  'checkcode' => '177764620a3167eeeecf58f8fbf42a58',
  'backurl' => 'http://www.stars-jersey.com/index.php?main_page=checkout_process',
  'notifyreurl' => 'http://www.stars-jersey.com/mallpay_check.php',
  's_firstname' => 'Thomas',
  's_lastname' => 'Eggleston',
  's_address' => '4400 e. Sager rd. ',
  's_city' => 'Hastings',
  's_state' => 'MI',
  's_postcode' => '49058',
  's_country' => 'US',
  'email' => 'tdchevytom1@aol.com',
  's_tel' => '269-948-1978',
  'b_firstname' => 'Thomas',
  'b_lastname' => 'Eggleston',
  'b_address' => '4400 e. Sager rd. ',
  'b_city' => 'Hastings',
  'b_state' => 'MI',
  'b_postcode' => '49058',
  'b_country' => 'US',
  'b_tel' => '269-948-1978',
) 
