01:25:09 array (
  'siteno' => '193736180',
  'version' => '',
  'orderid' => '245150407008',
  'order_time' => '20150407012509',
  'lang' => 'en',
  'currency' => 'USD',
  'vat' => '3.00',
  'discount' => '0.00',
  'shippingfee' => '20.00',
  'productname[0]' => 'Cowboys #33 Tony Dorsett White Legend Throwback Stitched NFL Jersey
 Size:XX Large/54',
  'productno[0]' => 'NFL10429',
  'price[0]' => '19.00',
  'qty[0]' => 1,
  'productname[1]' => 'Cowboys #33 Tony Dorsett White Legend Throwback Stitched NFL Jersey
 Size:XXX Large/56',
  'productno[1]' => 'NFL10429',
  'price[1]' => '19.00',
  'qty[1]' => 1,
  'checkcode' => '9b8e06847ff4b8dfc8e95cb21161005b',
  'backurl' => 'http://www.outlet-jersey.com/index.php?main_page=checkout_process',
  'notifyreurl' => 'http://www.outlet-jersey.com/mallpay_check.php',
  's_firstname' => 'Jada',
  's_lastname' => 'Fobbs',
  's_address' => '2508 Glenwood Dr. ',
  's_city' => 'Port Arthur',
  's_state' => 'TX',
  's_postcode' => '77642',
  's_country' => 'US',
  'email' => 'jfobbs@paisd.org',
  's_tel' => '409-332-1551',
  'b_firstname' => 'Jada',
  'b_lastname' => 'Fobbs',
  'b_address' => '2508 Glenwood Dr. ',
  'b_city' => 'Port Arthur',
  'b_state' => 'TX',
  'b_postcode' => '77642',
  'b_country' => 'US',
  'b_tel' => '409-332-1551',
) 
01:39:10 array (
  'siteno' => '193736180',
  'version' => '',
  'orderid' => '245150407009',
  'order_time' => '20150407013910',
  'lang' => 'en',
  'currency' => 'USD',
  'vat' => '1.50',
  'discount' => '0.00',
  'shippingfee' => '25.00',
  'productname[0]' => 'Manchester United #10 Rooney Red Home Soccer Club Jersey
 Size:M(170-175)',
  'productno[0]' => 'SOC10394',
  'price[0]' => '21.00',
  'qty[0]' => 1,
  'checkcode' => '3e1d8f139dca975cb4129f0a92c2c3b3',
  'backurl' => 'http://www.outlet-jersey.com/index.php?main_page=checkout_process',
  'notifyreurl' => 'http://www.outlet-jersey.com/mallpay_check.php',
  's_firstname' => 'alex',
  's_lastname' => 'lowry',
  's_address' => '1607 Oakview Dr ',
  's_city' => 'GRIFFIN',
  's_state' => 'GA',
  's_postcode' => '30223',
  's_country' => 'US',
  'email' => 'alex7lowry@gmail.com',
  's_tel' => '4043139842',
  'b_firstname' => 'alex',
  'b_lastname' => 'lowry',
  'b_address' => '1607 Oakview Dr ',
  'b_city' => 'GRIFFIN',
  'b_state' => 'GA',
  'b_postcode' => '30223',
  'b_country' => 'US',
  'b_tel' => '4043139842',
) 
02:45:26 array (
  'siteno' => '193736180',
  'version' => '',
  'orderid' => '245150407011',
  'order_time' => '20150407024526',
  'lang' => 'en',
  'currency' => 'USD',
  'vat' => '1.50',
  'discount' => '0.00',
  'shippingfee' => '25.00',
  'productname[0]' => 'Red Wings #13 Pavel Datsyuk Red 2014 Winter Classic Stitched NHL Jersey
 Size:XL(52)',
  'productno[0]' => 'NHL11802',
  'price[0]' => '33.00',
  'qty[0]' => 1,
  'checkcode' => '848350cfb0832b3350f6c15befff8af5',
  'backurl' => 'http://www.outlet-jersey.com/index.php?main_page=checkout_process',
  'notifyreurl' => 'http://www.outlet-jersey.com/mallpay_check.php',
  's_firstname' => 'oscar',
  's_lastname' => 'villa',
  's_address' => '3873 westmeadow drive apt 101 ',
  's_city' => 'colorado springs',
  's_state' => 'CO',
  's_postcode' => '80906',
  's_country' => 'US',
  'email' => 'oscar_villa@msn.com',
  's_tel' => '9092298776',
  'b_firstname' => 'Oscar',
  'b_lastname' => 'Villa',
  'b_address' => '1449 Nelson Blvd ',
  'b_city' => 'Fort Carson',
  'b_state' => 'CO',
  'b_postcode' => '80913',
  'b_country' => 'US',
  'b_tel' => '9092298776',
) 
03:24:01 array (
  'siteno' => '193736180',
  'version' => '',
  'orderid' => '245150407014',
  'order_time' => '20150407032401',
  'lang' => 'en',
  'currency' => 'USD',
  'vat' => '6.00',
  'discount' => '0.00',
  'shippingfee' => '20.00',
  'productname[0]' => 'nhl jerseys dallas stars #9 modano green-yellow(pullover hooded sweatshirt)
 Size:L(50)',
  'productno[0]' => 'NHL11766',
  'price[0]' => '36.00',
  'qty[0]' => 1,
  'productname[1]' => 'Stars #7 Neal Broten Stitched Green CCM Throwback NHL Jersey
 Size:XL(52)',
  'productno[1]' => 'NHL11777',
  'price[1]' => '33.00',
  'qty[1]' => 1,
  'productname[2]' => 'nhl jerseys dallas stars #20 ciccarelli green-yellow(pullover hooded sweatshirt)
 Size:L(50)',
  'productno[2]' => 'NHL11765',
  'price[2]' => '36.00',
  'qty[2]' => 1,
  'productname[3]' => 'nhl jerseys dallas stars #9 modano green-yellow(pullover hooded sweatshirt)
 Size:M(48)',
  'productno[3]' => 'NHL11766',
  'price[3]' => '36.00',
  'qty[3]' => 1,
  'checkcode' => 'aae006f7211e6e21964b61813b0efdb8',
  'backurl' => 'http://www.outlet-jersey.com/index.php?main_page=checkout_process',
  'notifyreurl' => 'http://www.outlet-jersey.com/mallpay_check.php',
  's_firstname' => 'jim',
  's_lastname' => 'gildenblatt',
  's_address' => '2921 avenue e ',
  's_city' => 'arlington',
  's_state' => 'TX',
  's_postcode' => '76011',
  's_country' => 'US',
  'email' => 'jimg@universalad.com',
  's_tel' => '8178810242',
  'b_firstname' => 'james',
  'b_lastname' => 'gildenblatt',
  'b_address' => '414 copperfield st ',
  'b_city' => 'southlake',
  'b_state' => 'TX',
  'b_postcode' => '76092',
  'b_country' => 'US',
  'b_tel' => '8178810242',
) 
05:33:55 array (
  'siteno' => '193736180',
  'version' => '',
  'orderid' => '245150407018',
  'order_time' => '20150407053355',
  'lang' => 'en',
  'currency' => 'USD',
  'vat' => '1.50',
  'discount' => '0.00',
  'shippingfee' => '28.00',
  'productname[0]' => 'Red Wings #13 Pavel Datsyuk Red 2014 Winter Classic Stitched NHL Jersey
 Size:XL(52)',
  'productno[0]' => 'NHL11802',
  'price[0]' => '33.00',
  'qty[0]' => 1,
  'checkcode' => 'c32801d66ae6812294a2cb74b2a316d0',
  'backurl' => 'http://www.outlet-jersey.com/index.php?main_page=checkout_process',
  'notifyreurl' => 'http://www.outlet-jersey.com/mallpay_check.php',
  's_firstname' => 'Oscar',
  's_lastname' => 'Villa',
  's_address' => '3873 westmeadow drive apt 101 ',
  's_city' => 'Colorado Springs',
  's_state' => 'CO',
  's_postcode' => '80906',
  's_country' => 'US',
  'email' => 'oscar_villa@msn.com',
  's_tel' => '9092298776',
  'b_firstname' => 'Oscar',
  'b_lastname' => 'Villa',
  'b_address' => '1449 Nelson Blvd ',
  'b_city' => 'Fort Carson',
  'b_state' => 'CO',
  'b_postcode' => '80913',
  'b_country' => 'US',
  'b_tel' => '9092298776',
) 
06:34:13 array (
  'siteno' => '193736180',
  'version' => '',
  'orderid' => '245150407023',
  'order_time' => '20150407063413',
  'lang' => 'en',
  'currency' => 'USD',
  'vat' => '3.00',
  'discount' => '0.00',
  'shippingfee' => '36.00',
  'productname[0]' => 'Rangers #30 Henrik Lundqvist Stitched Dark Blue 85TH  Third NHL Jersey
 Size:XXXL(56)',
  'productno[0]' => 'NHL12485',
  'price[0]' => '33.00',
  'qty[0]' => 1,
  'productname[1]' => 'New York Rangers #36 Mats Zuccarello Blue Home NHL Jersey
 Size:XXXL(56)',
  'productno[1]' => 'NHL12411',
  'price[1]' => '33.00',
  'qty[1]' => 1,
  'checkcode' => '57529e64b32acab304a80ab5774d1cd8',
  'backurl' => 'http://www.outlet-jersey.com/index.php?main_page=checkout_process',
  'notifyreurl' => 'http://www.outlet-jersey.com/mallpay_check.php',
  's_firstname' => 'Daniel',
  's_lastname' => 'Levine',
  's_address' => '10 Pheasant Run ',
  's_city' => 'Edison',
  's_state' => 'NJ',
  's_postcode' => '08820',
  's_country' => 'US',
  'email' => 'yanksfan131@yahoo.com',
  's_tel' => '732-887-4221',
  'b_firstname' => 'Daniel',
  'b_lastname' => 'Levine',
  'b_address' => '10 Pheasant Run ',
  'b_city' => 'Edison',
  'b_state' => 'NJ',
  'b_postcode' => '08820',
  'b_country' => 'US',
  'b_tel' => '732-887-4221',
) 
06:36:01 array (
  'siteno' => '193736180',
  'version' => '',
  'orderid' => '245150407024',
  'order_time' => '20150407063601',
  'lang' => 'en',
  'currency' => 'USD',
  'vat' => '3.00',
  'discount' => '0.00',
  'shippingfee' => '20.00',
  'productname[0]' => 'Rangers #30 Henrik Lundqvist Stitched Dark Blue 85TH  Third NHL Jersey
 Size:XXXL(56)',
  'productno[0]' => 'NHL12485',
  'price[0]' => '33.00',
  'qty[0]' => 1,
  'productname[1]' => 'New York Rangers #36 Mats Zuccarello Blue Home NHL Jersey
 Size:XXXL(56)',
  'productno[1]' => 'NHL12411',
  'price[1]' => '33.00',
  'qty[1]' => 1,
  'checkcode' => '90451012b8e2f5202f376e34d51bc4e0',
  'backurl' => 'http://www.outlet-jersey.com/index.php?main_page=checkout_process',
  'notifyreurl' => 'http://www.outlet-jersey.com/mallpay_check.php',
  's_firstname' => 'Daniel',
  's_lastname' => 'Levine',
  's_address' => '10 Pheasant Run ',
  's_city' => 'Edison',
  's_state' => 'NJ',
  's_postcode' => '08820',
  's_country' => 'US',
  'email' => 'yanksfan131@yahoo.com',
  's_tel' => '732-887-4221',
  'b_firstname' => 'Daniel',
  'b_lastname' => 'Levine',
  'b_address' => '10 Pheasant Run ',
  'b_city' => 'Edison',
  'b_state' => 'NJ',
  'b_postcode' => '08820',
  'b_country' => 'US',
  'b_tel' => '732-887-4221',
) 
08:56:27 array (
  'siteno' => '193736180',
  'version' => '',
  'orderid' => '245150407029',
  'order_time' => '20150407085627',
  'lang' => 'en',
  'currency' => 'USD',
  'vat' => '3.00',
  'discount' => '0.00',
  'shippingfee' => '20.00',
  'productname[0]' => 'Chicago Cubs #13 Starlin Castro Grey Alternate Road Cool Base Baseball Jersey
 Size:L(50)',
  'productno[0]' => 'MLB10740',
  'price[0]' => '18.50',
  'qty[0]' => 1,
  'productname[1]' => 'Chicago Cubs #13 Starlin Castro Grey Alternate Road Cool Base Baseball Jersey
 Size:XL(52)',
  'productno[1]' => 'MLB10740',
  'price[1]' => '18.50',
  'qty[1]' => 1,
  'checkcode' => '82b90922ff5f150789daea64de026dd6',
  'backurl' => 'http://www.outlet-jersey.com/index.php?main_page=checkout_process',
  'notifyreurl' => 'http://www.outlet-jersey.com/mallpay_check.php',
  's_firstname' => 'Michael',
  's_lastname' => 'Pauken',
  's_address' => '5464 Radcliffe ',
  's_city' => 'Sylvania',
  's_state' => 'OH',
  's_postcode' => '43560',
  's_country' => 'US',
  'email' => 'cubfan2691@ymail.com',
  's_tel' => '4193515738',
  'b_firstname' => 'Michael',
  'b_lastname' => 'Pauken',
  'b_address' => '5464 Radcliffe ',
  'b_city' => 'Sylvania',
  'b_state' => 'OH',
  'b_postcode' => '43560',
  'b_country' => 'US',
  'b_tel' => '4193515738',
) 
09:54:26 array (
  'siteno' => '193736180',
  'version' => '',
  'orderid' => '245150407031',
  'order_time' => '20150407095426',
  'lang' => 'en',
  'currency' => 'USD',
  'vat' => '1.50',
  'discount' => '0.00',
  'shippingfee' => '28.00',
  'productname[0]' => 'Los Angeles Kings 99 Wayne Gretzky Golden with Purple Stitched NHL Jersey 
 Size:52 (XL)',
  'productno[0]' => 'NHL13645',
  'price[0]' => '38.99',
  'qty[0]' => 1,
  'checkcode' => '7d1159147d822cff469751568942747d',
  'backurl' => 'http://www.outlet-jersey.com/index.php?main_page=checkout_process',
  'notifyreurl' => 'http://www.outlet-jersey.com/mallpay_check.php',
  's_firstname' => 'Jose J',
  's_lastname' => 'Borges',
  's_address' => '17721 Norwalk blv. Apt. 3 ',
  's_city' => 'Artesia',
  's_state' => 'CA',
  's_postcode' => '90701',
  's_country' => 'US',
  'email' => 'JZeka77@gmail.com',
  's_tel' => '5624022221',
  'b_firstname' => 'Jose J',
  'b_lastname' => 'Borges',
  'b_address' => '17721 Norwalk blv. Apt. 3 ',
  'b_city' => 'Artesia',
  'b_state' => 'CA',
  'b_postcode' => '90701',
  'b_country' => 'US',
  'b_tel' => '5624022221',
) 
11:55:18 array (
  'siteno' => '193736180',
  'version' => '',
  'orderid' => '245150407032',
  'order_time' => '20150407115518',
  'lang' => 'en',
  'currency' => 'USD',
  'vat' => '1.50',
  'discount' => '0.00',
  'shippingfee' => '28.00',
  'productname[0]' => 'Dallas Stars #91 Tyler Seguin Green Home NHL Jersey
 Size:M(48)',
  'productno[0]' => 'NHL11759',
  'price[0]' => '33.00',
  'qty[0]' => 1,
  'checkcode' => 'e8f080c4fca229dd36c82afbba2b8797',
  'backurl' => 'http://www.outlet-jersey.com/index.php?main_page=checkout_process',
  'notifyreurl' => 'http://www.outlet-jersey.com/mallpay_check.php',
  's_firstname' => 'Mike',
  's_lastname' => 'Wilson',
  's_address' => '2255 marilla st. Apt. 3207 ',
  's_city' => 'dallas',
  's_state' => 'TX',
  's_postcode' => '75201',
  's_country' => 'US',
  'email' => 'mikeywilson76@gmail.com',
  's_tel' => '2146425849',
  'b_firstname' => 'Mike',
  'b_lastname' => 'Wilson',
  'b_address' => '2255 marilla st. Apt. 3207 ',
  'b_city' => 'dallas',
  'b_state' => 'TX',
  'b_postcode' => '75201',
  'b_country' => 'US',
  'b_tel' => '2146425849',
) 
14:40:00 array (
  'siteno' => '193736180',
  'version' => '',
  'orderid' => '245150407037',
  'order_time' => '20150407144000',
  'lang' => 'en',
  'currency' => 'USD',
  'vat' => '4.50',
  'discount' => '0.00',
  'shippingfee' => '44.00',
  'productname[0]' => 'NHL Jersey Chicago Blackhawks 020  Men Stitched Fights Cancer Stitched Hockey Jersey
 Size:M(48)',
  'productno[0]' => 'NHL2015019497',
  'price[0]' => '36.70',
  'qty[0]' => 1,
  'productname[1]' => 'NHL Jersey Chicago Blackhawks 012  Men Stitched Fights Cancer Stitched Hockey Jersey
 Size:M(48)',
  'productno[1]' => 'NHL2015019489',
  'price[1]' => '36.57',
  'qty[1]' => 1,
  'productname[2]' => 'Anaheim Ducks #15 Ryan Getzlaf White New Road NHL Jersey
 Size:XXL(54)',
  'productno[2]' => 'NHL10878',
  'price[2]' => '33.00',
  'qty[2]' => 1,
  'checkcode' => '8e713daaeb5659cc88d9af35278a2f18',
  'backurl' => 'http://www.outlet-jersey.com/index.php?main_page=checkout_process',
  'notifyreurl' => 'http://www.outlet-jersey.com/mallpay_check.php',
  's_firstname' => 'Lisa',
  's_lastname' => 'Brand',
  's_address' => '1344 Berkenshire Lane ',
  's_city' => 'Elk Grove Village',
  's_state' => 'IL',
  's_postcode' => '60007',
  's_country' => 'US',
  'email' => 'lisambrand@comcast.net',
  's_tel' => '8476401126',
  'b_firstname' => 'Lisa',
  'b_lastname' => 'Brand',
  'b_address' => '1344 Berkenshire Lane ',
  'b_city' => 'Elk Grove Village',
  'b_state' => 'IL',
  'b_postcode' => '60007',
  'b_country' => 'US',
  'b_tel' => '8476401126',
) 
