00:36:23 array (
  'siteno' => '193736180',
  'version' => '',
  'orderid' => '245150331003',
  'order_time' => '20150331003623',
  'lang' => 'en',
  'currency' => 'USD',
  'vat' => '24.00',
  'discount' => '0.00',
  'shippingfee' => '15.00',
  'productname[0]' => 'Red Wings #40 Henrik Zetterberg Red 2014 Winter Classic Stitched Youth NHL Jersey
 Size:Small/Medium',
  'productno[0]' => 'YOUTH4575',
  'price[0]' => '31.00',
  'qty[0]' => 1,
  'productname[1]' => 'Twins #7 Joe Mauer Stitched Navy Blue Cool Base Baseball Jersey
 Size:XX Large/54',
  'productno[1]' => 'MLB11864',
  'price[1]' => '18.50',
  'qty[1]' => 1,
  'productname[2]' => 'NHL Jersey Detroit Red Wings 6  Men Stitched 2015 Winter Classic Stitched NHL Jersey
 Size:L(50)',
  'productno[2]' => 'NHL2015019660',
  'price[2]' => '36.67',
  'qty[2]' => 1,
  'productname[3]' => 'Red Wings #24 Chris Chelios White Stitched NHL Jersey
 Size:L(50)',
  'productno[3]' => 'NHL11822',
  'price[3]' => '33.00',
  'qty[3]' => 1,
  'productname[4]' => 'Red Wings #93 Johan Franzen Red 2014 Winter Classic Stitched NHL Jersey
 Size:L(50)',
  'productno[4]' => 'NHL11855',
  'price[4]' => '33.00',
  'qty[4]' => 1,
  'productname[5]' => 'Men\'s henrik zetterberg authentic black ice jersey reebok 40 NHL detroit red wings
 Size:50 (L)',
  'productno[5]' => 'NHL13620',
  'price[5]' => '38.99',
  'qty[5]' => 1,
  'checkcode' => '3f2629535972c9413f0193b91f004dc1',
  'backurl' => 'http://www.outlet-jersey.com/index.php?main_page=checkout_process',
  'notifyreurl' => 'http://www.outlet-jersey.com/mallpay_check.php',
  's_firstname' => 'Ashlee',
  's_lastname' => 'Beam',
  's_address' => '340 Martinson Blvd ',
  's_city' => 'Spicer',
  's_state' => 'MN',
  's_postcode' => '56288',
  's_country' => 'US',
  'email' => 'Ashlee@tpimn.com',
  's_tel' => '3202822691',
  'b_firstname' => 'Ashlee',
  'b_lastname' => 'Beam',
  'b_address' => '340 Martinson Blvd ',
  'b_city' => 'Spicer',
  'b_state' => 'MN',
  'b_postcode' => '56288',
  'b_country' => 'US',
  'b_tel' => '3202822691',
) 
00:41:50 array (
  'siteno' => '193736180',
  'version' => '',
  'orderid' => '245150331004',
  'order_time' => '20150331004150',
  'lang' => 'en',
  'currency' => 'USD',
  'vat' => '24.00',
  'discount' => '0.00',
  'shippingfee' => '15.00',
  'productname[0]' => 'Red Wings #40 Henrik Zetterberg Red 2014 Winter Classic Stitched Youth NHL Jersey
 Size:Small/Medium',
  'productno[0]' => 'YOUTH4575',
  'price[0]' => '31.00',
  'qty[0]' => 1,
  'productname[1]' => 'Twins #7 Joe Mauer Stitched Navy Blue Cool Base Baseball Jersey
 Size:XX Large/54',
  'productno[1]' => 'MLB11864',
  'price[1]' => '18.50',
  'qty[1]' => 1,
  'productname[2]' => 'NHL Jersey Detroit Red Wings 6  Men Stitched 2015 Winter Classic Stitched NHL Jersey
 Size:L(50)',
  'productno[2]' => 'NHL2015019660',
  'price[2]' => '36.67',
  'qty[2]' => 1,
  'productname[3]' => 'Red Wings #24 Chris Chelios White Stitched NHL Jersey
 Size:L(50)',
  'productno[3]' => 'NHL11822',
  'price[3]' => '33.00',
  'qty[3]' => 1,
  'productname[4]' => 'Red Wings #93 Johan Franzen Red 2014 Winter Classic Stitched NHL Jersey
 Size:L(50)',
  'productno[4]' => 'NHL11855',
  'price[4]' => '33.00',
  'qty[4]' => 1,
  'productname[5]' => 'Men\'s henrik zetterberg authentic black ice jersey reebok 40 NHL detroit red wings
 Size:50 (L)',
  'productno[5]' => 'NHL13620',
  'price[5]' => '38.99',
  'qty[5]' => 1,
  'checkcode' => '0fe5980af849f26d56575628a3711952',
  'backurl' => 'http://www.outlet-jersey.com/index.php?main_page=checkout_process',
  'notifyreurl' => 'http://www.outlet-jersey.com/mallpay_check.php',
  's_firstname' => 'Ashlee',
  's_lastname' => 'Beam',
  's_address' => '340 Martinson Blvd ',
  's_city' => 'Spicer',
  's_state' => 'MN',
  's_postcode' => '56288',
  's_country' => 'US',
  'email' => 'Ashlee@tpimn.com',
  's_tel' => '3202822691',
  'b_firstname' => 'Ashlee',
  'b_lastname' => 'Beam',
  'b_address' => '340 Martinson Blvd ',
  'b_city' => 'Spicer',
  'b_state' => 'MN',
  'b_postcode' => '56288',
  'b_country' => 'US',
  'b_tel' => '3202822691',
) 
10:39:43 array (
  'siteno' => '193736180',
  'version' => '',
  'orderid' => '245150331031',
  'order_time' => '20150331103943',
  'lang' => 'en',
  'currency' => 'USD',
  'vat' => '52.00',
  'discount' => '0.00',
  'shippingfee' => '0.00',
  'productname[0]' => 'Red Wings #35 Hdward Red 2014 Winter Classic Stitched NHL Jersey
 Size:L(50)',
  'productno[0]' => 'NHL11825',
  'price[0]' => '33.00',
  'qty[0]' => 1,
  'productname[1]' => 'Detroit Red Wings #65 Danny DeKeyser White Stitched NHL Jersey
 Size:XXXL(56)',
  'productno[1]' => 'NHL11792',
  'price[1]' => '33.00',
  'qty[1]' => 1,
  'productname[2]' => 'Detroit Red Wings #40 Henrik Zetterberg Camo Veterans Day Practice NHL Jersey
 Size:L(50)',
  'productno[2]' => 'NHL11789',
  'price[2]' => '33.00',
  'qty[2]' => 1,
  'productname[3]' => 'Red Wings #8 Justin Abdelkader Red Stitched NHL Jersey
 Size:XXXL(56)',
  'productno[3]' => 'NHL11844',
  'price[3]' => '33.00',
  'qty[3]' => 1,
  'productname[4]' => 'Red Wings #93 Johan Franzen White Stitched NHL Jersey
 Size:L(50)',
  'productno[4]' => 'NHL11857',
  'price[4]' => '33.00',
  'qty[4]' => 1,
  'productname[5]' => 'Red Wings #13 Pavel Datsyuk Black Ice Stitched NHL Jersey
 Size:XXXL(56)',
  'productno[5]' => 'NHL11801',
  'price[5]' => '33.00',
  'qty[5]' => 1,
  'productname[6]' => 'NHL Jersey Detroit Red Wings 7  Men Stitched Fights Cancer Stitched Hockey Jersey
 Size:XXXL(56)',
  'productno[6]' => 'NHL2015019661',
  'price[6]' => '36.57',
  'qty[6]' => 1,
  'productname[7]' => 'OK68207-V46 Fast Jacket XL Sunglass Grey Lens Black Frame',
  'productno[7]' => 'OK68207-V46',
  'price[7]' => '19.99',
  'qty[7]' => 2,
  'productname[8]' => 'OK7014-T33 Oil Rig Sunglass Green Lens Blue Frame',
  'productno[8]' => 'OK7014-T33',
  'price[8]' => '19.80',
  'qty[8]' => 1,
  'productname[9]' => 'OK5817-S97 Gascan Sunglass Grey Lens Black Frame',
  'productno[9]' => 'OK5817-S97',
  'price[9]' => '19.88',
  'qty[9]' => 1,
  'productname[10]' => 'OK2085-S18 Fuel Cell Sunglass Gold Lens White Frame',
  'productno[10]' => 'OK2085-S18',
  'price[10]' => '19.74',
  'qty[10]' => 2,
  'checkcode' => '40368d0906983571107ca60e067f6a3f',
  'backurl' => 'http://www.outlet-jersey.com/index.php?main_page=checkout_process',
  'notifyreurl' => 'http://www.outlet-jersey.com/mallpay_check.php',
  's_firstname' => 'garnet',
  's_lastname' => 'crawford III',
  's_address' => 'p.o box517 ',
  's_city' => 'crosby',
  's_state' => 'ND',
  's_postcode' => '58730',
  's_country' => 'US',
  'email' => 'gdcrawford62211@gmail.com',
  's_tel' => '701-570-6672',
  'b_firstname' => 'garnet',
  'b_lastname' => 'crawford III',
  'b_address' => 'p.o box517 ',
  'b_city' => 'crosby',
  'b_state' => 'ND',
  'b_postcode' => '58730',
  'b_country' => 'US',
  'b_tel' => '701-570-6672',
) 
10:42:43 array (
  'siteno' => '193736180',
  'version' => '',
  'orderid' => '245150331032',
  'order_time' => '20150331104243',
  'lang' => 'en',
  'currency' => 'USD',
  'vat' => '52.00',
  'discount' => '0.00',
  'shippingfee' => '0.00',
  'productname[0]' => 'Red Wings #35 Hdward Red 2014 Winter Classic Stitched NHL Jersey
 Size:L(50)',
  'productno[0]' => 'NHL11825',
  'price[0]' => '33.00',
  'qty[0]' => 1,
  'productname[1]' => 'Detroit Red Wings #65 Danny DeKeyser White Stitched NHL Jersey
 Size:XXXL(56)',
  'productno[1]' => 'NHL11792',
  'price[1]' => '33.00',
  'qty[1]' => 1,
  'productname[2]' => 'Detroit Red Wings #40 Henrik Zetterberg Camo Veterans Day Practice NHL Jersey
 Size:L(50)',
  'productno[2]' => 'NHL11789',
  'price[2]' => '33.00',
  'qty[2]' => 1,
  'productname[3]' => 'Red Wings #8 Justin Abdelkader Red Stitched NHL Jersey
 Size:XXXL(56)',
  'productno[3]' => 'NHL11844',
  'price[3]' => '33.00',
  'qty[3]' => 1,
  'productname[4]' => 'Red Wings #93 Johan Franzen White Stitched NHL Jersey
 Size:L(50)',
  'productno[4]' => 'NHL11857',
  'price[4]' => '33.00',
  'qty[4]' => 1,
  'productname[5]' => 'Red Wings #13 Pavel Datsyuk Black Ice Stitched NHL Jersey
 Size:XXXL(56)',
  'productno[5]' => 'NHL11801',
  'price[5]' => '33.00',
  'qty[5]' => 1,
  'productname[6]' => 'NHL Jersey Detroit Red Wings 7  Men Stitched Fights Cancer Stitched Hockey Jersey
 Size:XXXL(56)',
  'productno[6]' => 'NHL2015019661',
  'price[6]' => '36.57',
  'qty[6]' => 1,
  'productname[7]' => 'OK68207-V46 Fast Jacket XL Sunglass Grey Lens Black Frame',
  'productno[7]' => 'OK68207-V46',
  'price[7]' => '19.99',
  'qty[7]' => 2,
  'productname[8]' => 'OK7014-T33 Oil Rig Sunglass Green Lens Blue Frame',
  'productno[8]' => 'OK7014-T33',
  'price[8]' => '19.80',
  'qty[8]' => 1,
  'productname[9]' => 'OK5817-S97 Gascan Sunglass Grey Lens Black Frame',
  'productno[9]' => 'OK5817-S97',
  'price[9]' => '19.88',
  'qty[9]' => 1,
  'productname[10]' => 'OK2085-S18 Fuel Cell Sunglass Gold Lens White Frame',
  'productno[10]' => 'OK2085-S18',
  'price[10]' => '19.74',
  'qty[10]' => 2,
  'checkcode' => 'd8d3d508da48f226398cd309f9e1ab53',
  'backurl' => 'http://www.outlet-jersey.com/index.php?main_page=checkout_process',
  'notifyreurl' => 'http://www.outlet-jersey.com/mallpay_check.php',
  's_firstname' => 'garnet',
  's_lastname' => 'crawford III',
  's_address' => 'p.o box517 ',
  's_city' => 'crosby',
  's_state' => 'ND',
  's_postcode' => '58730',
  's_country' => 'US',
  'email' => 'gdcrawford62211@gmail.com',
  's_tel' => '701-570-6672',
  'b_firstname' => 'garnet',
  'b_lastname' => 'crawford III',
  'b_address' => 'p.o box517 ',
  'b_city' => 'crosby',
  'b_state' => 'ND',
  'b_postcode' => '58730',
  'b_country' => 'US',
  'b_tel' => '701-570-6672',
) 
10:51:24 array (
  'siteno' => '193736180',
  'version' => '',
  'orderid' => '245150331033',
  'order_time' => '20150331105124',
  'lang' => 'en',
  'currency' => 'USD',
  'vat' => '52.00',
  'discount' => '0.00',
  'shippingfee' => '0.00',
  'productname[0]' => 'Red Wings #35 Hdward Red 2014 Winter Classic Stitched NHL Jersey
 Size:L(50)',
  'productno[0]' => 'NHL11825',
  'price[0]' => '33.00',
  'qty[0]' => 1,
  'productname[1]' => 'Detroit Red Wings #65 Danny DeKeyser White Stitched NHL Jersey
 Size:XXXL(56)',
  'productno[1]' => 'NHL11792',
  'price[1]' => '33.00',
  'qty[1]' => 1,
  'productname[2]' => 'Detroit Red Wings #40 Henrik Zetterberg Camo Veterans Day Practice NHL Jersey
 Size:L(50)',
  'productno[2]' => 'NHL11789',
  'price[2]' => '33.00',
  'qty[2]' => 1,
  'productname[3]' => 'Red Wings #8 Justin Abdelkader Red Stitched NHL Jersey
 Size:XXXL(56)',
  'productno[3]' => 'NHL11844',
  'price[3]' => '33.00',
  'qty[3]' => 1,
  'productname[4]' => 'Red Wings #93 Johan Franzen White Stitched NHL Jersey
 Size:L(50)',
  'productno[4]' => 'NHL11857',
  'price[4]' => '33.00',
  'qty[4]' => 1,
  'productname[5]' => 'Red Wings #13 Pavel Datsyuk Black Ice Stitched NHL Jersey
 Size:XXXL(56)',
  'productno[5]' => 'NHL11801',
  'price[5]' => '33.00',
  'qty[5]' => 1,
  'productname[6]' => 'NHL Jersey Detroit Red Wings 7  Men Stitched Fights Cancer Stitched Hockey Jersey
 Size:XXXL(56)',
  'productno[6]' => 'NHL2015019661',
  'price[6]' => '36.57',
  'qty[6]' => 1,
  'productname[7]' => 'OK68207-V46 Fast Jacket XL Sunglass Grey Lens Black Frame',
  'productno[7]' => 'OK68207-V46',
  'price[7]' => '19.99',
  'qty[7]' => 2,
  'productname[8]' => 'OK7014-T33 Oil Rig Sunglass Green Lens Blue Frame',
  'productno[8]' => 'OK7014-T33',
  'price[8]' => '19.80',
  'qty[8]' => 1,
  'productname[9]' => 'OK5817-S97 Gascan Sunglass Grey Lens Black Frame',
  'productno[9]' => 'OK5817-S97',
  'price[9]' => '19.88',
  'qty[9]' => 1,
  'productname[10]' => 'OK2085-S18 Fuel Cell Sunglass Gold Lens White Frame',
  'productno[10]' => 'OK2085-S18',
  'price[10]' => '19.74',
  'qty[10]' => 2,
  'checkcode' => '5f773beec11840e62c5bf4f31158a65e',
  'backurl' => 'http://www.outlet-jersey.com/index.php?main_page=checkout_process',
  'notifyreurl' => 'http://www.outlet-jersey.com/mallpay_check.php',
  's_firstname' => 'garnet',
  's_lastname' => 'crawford III',
  's_address' => 'p.o box517 ',
  's_city' => 'crosby',
  's_state' => 'ND',
  's_postcode' => '58730',
  's_country' => 'US',
  'email' => 'gdcrawford62211@gmail.com',
  's_tel' => '701-570-6672',
  'b_firstname' => 'garnet',
  'b_lastname' => 'crawford III',
  'b_address' => 'p.o box517 ',
  'b_city' => 'crosby',
  'b_state' => 'ND',
  'b_postcode' => '58730',
  'b_country' => 'US',
  'b_tel' => '701-570-6672',
) 
10:52:14 array (
  'siteno' => '193736180',
  'version' => '',
  'orderid' => '245150331034',
  'order_time' => '20150331105214',
  'lang' => 'en',
  'currency' => 'USD',
  'vat' => '52.00',
  'discount' => '0.00',
  'shippingfee' => '0.00',
  'productname[0]' => 'Red Wings #35 Hdward Red 2014 Winter Classic Stitched NHL Jersey
 Size:L(50)',
  'productno[0]' => 'NHL11825',
  'price[0]' => '33.00',
  'qty[0]' => 1,
  'productname[1]' => 'Detroit Red Wings #65 Danny DeKeyser White Stitched NHL Jersey
 Size:XXXL(56)',
  'productno[1]' => 'NHL11792',
  'price[1]' => '33.00',
  'qty[1]' => 1,
  'productname[2]' => 'Detroit Red Wings #40 Henrik Zetterberg Camo Veterans Day Practice NHL Jersey
 Size:L(50)',
  'productno[2]' => 'NHL11789',
  'price[2]' => '33.00',
  'qty[2]' => 1,
  'productname[3]' => 'Red Wings #8 Justin Abdelkader Red Stitched NHL Jersey
 Size:XXXL(56)',
  'productno[3]' => 'NHL11844',
  'price[3]' => '33.00',
  'qty[3]' => 1,
  'productname[4]' => 'Red Wings #93 Johan Franzen White Stitched NHL Jersey
 Size:L(50)',
  'productno[4]' => 'NHL11857',
  'price[4]' => '33.00',
  'qty[4]' => 1,
  'productname[5]' => 'Red Wings #13 Pavel Datsyuk Black Ice Stitched NHL Jersey
 Size:XXXL(56)',
  'productno[5]' => 'NHL11801',
  'price[5]' => '33.00',
  'qty[5]' => 1,
  'productname[6]' => 'NHL Jersey Detroit Red Wings 7  Men Stitched Fights Cancer Stitched Hockey Jersey
 Size:XXXL(56)',
  'productno[6]' => 'NHL2015019661',
  'price[6]' => '36.57',
  'qty[6]' => 1,
  'productname[7]' => 'OK68207-V46 Fast Jacket XL Sunglass Grey Lens Black Frame',
  'productno[7]' => 'OK68207-V46',
  'price[7]' => '19.99',
  'qty[7]' => 2,
  'productname[8]' => 'OK7014-T33 Oil Rig Sunglass Green Lens Blue Frame',
  'productno[8]' => 'OK7014-T33',
  'price[8]' => '19.80',
  'qty[8]' => 1,
  'productname[9]' => 'OK5817-S97 Gascan Sunglass Grey Lens Black Frame',
  'productno[9]' => 'OK5817-S97',
  'price[9]' => '19.88',
  'qty[9]' => 1,
  'productname[10]' => 'OK2085-S18 Fuel Cell Sunglass Gold Lens White Frame',
  'productno[10]' => 'OK2085-S18',
  'price[10]' => '19.74',
  'qty[10]' => 2,
  'checkcode' => 'fc286906ca2e630a96aad90fc5dafcc2',
  'backurl' => 'http://www.outlet-jersey.com/index.php?main_page=checkout_process',
  'notifyreurl' => 'http://www.outlet-jersey.com/mallpay_check.php',
  's_firstname' => 'garnet',
  's_lastname' => 'crawford III',
  's_address' => 'p.o box517 ',
  's_city' => 'crosby',
  's_state' => 'ND',
  's_postcode' => '58730',
  's_country' => 'US',
  'email' => 'gdcrawford62211@gmail.com',
  's_tel' => '701-570-6672',
  'b_firstname' => 'garnet',
  'b_lastname' => 'crawford III',
  'b_address' => 'p.o box517 ',
  'b_city' => 'crosby',
  'b_state' => 'ND',
  'b_postcode' => '58730',
  'b_country' => 'US',
  'b_tel' => '701-570-6672',
) 
14:06:32 array (
  'siteno' => '193736180',
  'version' => '',
  'orderid' => '245150331044',
  'order_time' => '20150331140632',
  'lang' => 'en',
  'currency' => 'USD',
  'vat' => '8.00',
  'discount' => '0.00',
  'shippingfee' => '20.00',
  'productname[0]' => 'Canadiens #76 PK Subban Stitched Red Youth NHL Jersey
 Size:Small/Medium',
  'productno[0]' => 'YOUTH4439',
  'price[0]' => '31.00',
  'qty[0]' => 1,
  'productname[1]' => 'Canadiens #31 Carey Price Women CH Stitched Red NHL Jersey
 Size:Small/46',
  'productno[1]' => 'WOMEN6711',
  'price[1]' => '31.00',
  'qty[1]' => 1,
  'checkcode' => '305a550a3185511cb7a8f81aa77cd1bc',
  'backurl' => 'http://www.outlet-jersey.com/index.php?main_page=checkout_process',
  'notifyreurl' => 'http://www.outlet-jersey.com/mallpay_check.php',
  's_firstname' => 'Mehrdad',
  's_lastname' => 'Saririan',
  's_address' => '8602 E. Santa Catalina Drive ',
  's_city' => 'Scottsdale',
  's_state' => 'AZ',
  's_postcode' => '85255',
  's_country' => 'US',
  'email' => 'mehrdad@saririan.com',
  's_tel' => '4807605431',
  'b_firstname' => 'Mehrdad',
  'b_lastname' => 'Saririan',
  'b_address' => '8602 E. Santa Catalina Drive ',
  'b_city' => 'Scottsdale',
  'b_state' => 'AZ',
  'b_postcode' => '85255',
  'b_country' => 'US',
  'b_tel' => '4807605431',
) 
14:44:14 array (
  'siteno' => '193736180',
  'version' => '',
  'orderid' => '245150331046',
  'order_time' => '20150331144414',
  'lang' => 'en',
  'currency' => 'USD',
  'vat' => '16.00',
  'discount' => '0.00',
  'shippingfee' => '20.00',
  'productname[0]' => 'NBA NCAA North Carolina 5# Lawson White Jersey
 Size:54(XXL)',
  'productno[0]' => 'NBA12070',
  'price[0]' => '18.50',
  'qty[0]' => 1,
  'productname[1]' => 'NBA NCAA North Carolina 50# Hansbrough White Jersey
 Size:50(L)',
  'productno[1]' => 'NBA12072',
  'price[1]' => '18.50',
  'qty[1]' => 1,
  'productname[2]' => 'Atlanta Braves 10# Chipper Jones Grey MLB Jerseys(Signed)
 Size:XL(52)',
  'productno[2]' => 'MLB10396',
  'price[2]' => '21.00',
  'qty[2]' => 1,
  'productname[3]' => 'Green Bay Packers #4 Brett Favre Green throwback Jersey(Signed Elite)
 Size:50(L)',
  'productno[3]' => 'NFL10631',
  'price[3]' => '22.50',
  'qty[3]' => 1,
  'checkcode' => '656d37e8e7ca7acdc86bcb34aec2ce3f',
  'backurl' => 'http://www.outlet-jersey.com/index.php?main_page=checkout_process',
  'notifyreurl' => 'http://www.outlet-jersey.com/mallpay_check.php',
  's_firstname' => 'DAN',
  's_lastname' => 'CHAMBERLAIN',
  's_address' => '2307 LEO AVE #B ',
  's_city' => 'MISSOULA',
  's_state' => 'MT',
  's_postcode' => '59808',
  's_country' => 'US',
  'email' => 'hooksindahole@hotmail.com',
  's_tel' => '4065299538',
  'b_firstname' => 'DAN',
  'b_lastname' => 'CHAMBERLAIN',
  'b_address' => '2307 LEO AVE #B ',
  'b_city' => 'MISSOULA',
  'b_state' => 'MT',
  'b_postcode' => '59808',
  'b_country' => 'US',
  'b_tel' => '4065299538',
) 
14:44:14 array (
  'siteno' => '193736180',
  'version' => '',
  'orderid' => '245150331047',
  'order_time' => '20150331144414',
  'lang' => 'en',
  'currency' => 'USD',
  'vat' => '16.00',
  'discount' => '0.00',
  'shippingfee' => '20.00',
  'productname[0]' => 'NBA NCAA North Carolina 5# Lawson White Jersey
 Size:54(XXL)',
  'productno[0]' => 'NBA12070',
  'price[0]' => '18.50',
  'qty[0]' => 1,
  'productname[1]' => 'NBA NCAA North Carolina 50# Hansbrough White Jersey
 Size:50(L)',
  'productno[1]' => 'NBA12072',
  'price[1]' => '18.50',
  'qty[1]' => 1,
  'productname[2]' => 'Atlanta Braves 10# Chipper Jones Grey MLB Jerseys(Signed)
 Size:XL(52)',
  'productno[2]' => 'MLB10396',
  'price[2]' => '21.00',
  'qty[2]' => 1,
  'productname[3]' => 'Green Bay Packers #4 Brett Favre Green throwback Jersey(Signed Elite)
 Size:50(L)',
  'productno[3]' => 'NFL10631',
  'price[3]' => '22.50',
  'qty[3]' => 1,
  'checkcode' => '739211d23b48659e31c55a8c2a455875',
  'backurl' => 'http://www.outlet-jersey.com/index.php?main_page=checkout_process',
  'notifyreurl' => 'http://www.outlet-jersey.com/mallpay_check.php',
  's_firstname' => 'DAN',
  's_lastname' => 'CHAMBERLAIN',
  's_address' => '2307 LEO AVE #B ',
  's_city' => 'MISSOULA',
  's_state' => 'MT',
  's_postcode' => '59808',
  's_country' => 'US',
  'email' => 'hooksindahole@hotmail.com',
  's_tel' => '4065299538',
  'b_firstname' => 'DAN',
  'b_lastname' => 'CHAMBERLAIN',
  'b_address' => '2307 LEO AVE #B ',
  'b_city' => 'MISSOULA',
  'b_state' => 'MT',
  'b_postcode' => '59808',
  'b_country' => 'US',
  'b_tel' => '4065299538',
) 
21:55:31 array (
  'siteno' => '193736180',
  'version' => '',
  'orderid' => '245150331055',
  'order_time' => '20150331215531',
  'lang' => 'en',
  'currency' => 'USD',
  'vat' => '4.00',
  'discount' => '0.00',
  'shippingfee' => '25.00',
  'productname[0]' => 'Penguins #87 Sidney Crosby Black Sawyer Hooded Sweatshirt Stitched NHL Jersey
 Size:M(48)',
  'productno[0]' => 'NHL13048',
  'price[0]' => '36.00',
  'qty[0]' => 1,
  'checkcode' => 'a632971cd336819ced53009ac90aba4c',
  'backurl' => 'http://www.outlet-jersey.com/index.php?main_page=checkout_process',
  'notifyreurl' => 'http://www.outlet-jersey.com/mallpay_check.php',
  's_firstname' => 'Rebecca',
  's_lastname' => 'Marshall',
  's_address' => '9434 Pam Ct. ',
  's_city' => 'Twinsburg',
  's_state' => 'OH',
  's_postcode' => '44087',
  's_country' => 'US',
  'email' => 'beckyfm9434@gmail.com',
  's_tel' => '3309630719',
  'b_firstname' => 'Rebecca',
  'b_lastname' => 'Marshall',
  'b_address' => '9434 Pam Ct. ',
  'b_city' => 'Twinsburg',
  'b_state' => 'OH',
  'b_postcode' => '44087',
  'b_country' => 'US',
  'b_tel' => '3309630719',
) 
21:58:05 array (
  'siteno' => '193736180',
  'version' => '',
  'orderid' => '245150331056',
  'order_time' => '20150331215805',
  'lang' => 'en',
  'currency' => 'USD',
  'vat' => '4.00',
  'discount' => '0.00',
  'shippingfee' => '25.00',
  'productname[0]' => 'Penguins #87 Sidney Crosby Black Sawyer Hooded Sweatshirt Stitched NHL Jersey
 Size:M(48)',
  'productno[0]' => 'NHL13048',
  'price[0]' => '36.00',
  'qty[0]' => 1,
  'checkcode' => 'ec05f126b528346a4c5691c90b5aaf35',
  'backurl' => 'http://www.outlet-jersey.com/index.php?main_page=checkout_process',
  'notifyreurl' => 'http://www.outlet-jersey.com/mallpay_check.php',
  's_firstname' => 'Rebecca',
  's_lastname' => 'Marshall',
  's_address' => '9434 Pam Ct. ',
  's_city' => 'Twinsburg',
  's_state' => 'OH',
  's_postcode' => '44087',
  's_country' => 'US',
  'email' => 'beckyfm9434@gmail.com',
  's_tel' => '3309630719',
  'b_firstname' => 'Rebecca',
  'b_lastname' => 'Marshall',
  'b_address' => '9434 Pam Ct. ',
  'b_city' => 'Twinsburg',
  'b_state' => 'OH',
  'b_postcode' => '44087',
  'b_country' => 'US',
  'b_tel' => '3309630719',
) 
