00:03:54 array (
  'siteno' => '193736180',
  'version' => '',
  'orderid' => '245150318001',
  'order_time' => '20150318000354',
  'lang' => 'en',
  'currency' => 'USD',
  'vat' => '8.00',
  'discount' => '0.00',
  'shippingfee' => '20.00',
  'productname[0]' => 'Men\'s marian hossa authentic green jersey reebok 81 NHL chicago blackhawks
 Size:54 (XXL)',
  'productno[0]' => 'NHL13628',
  'price[0]' => '38.99',
  'qty[0]' => 1,
  'productname[1]' => 'Blackhawks #88 Patrick Kane Stitched Green youth NHL Jersey
 Size:Small/Medium',
  'productno[1]' => 'YOUTH4406',
  'price[1]' => '31.00',
  'qty[1]' => 1,
  'checkcode' => 'ee21dadbf65cf16c76300ab81a9b1124',
  'backurl' => 'http://www.outlet-jersey.com/index.php?main_page=checkout_process',
  'notifyreurl' => 'http://www.outlet-jersey.com/mallpay_check.php',
  's_firstname' => 'Troy',
  's_lastname' => 'Wallace',
  's_address' => '1938 Lindenwood Court ',
  's_city' => 'Aurora',
  's_state' => 'IL',
  's_postcode' => '60506',
  's_country' => 'US',
  'email' => 'tewallace64@comcast.net',
  's_tel' => '630-723-9888',
  'b_firstname' => 'Troy',
  'b_lastname' => 'Wallace',
  'b_address' => '1938 Lindenwood Court ',
  'b_city' => 'Aurora',
  'b_state' => 'IL',
  'b_postcode' => '60506',
  'b_country' => 'US',
  'b_tel' => '630-723-9888',
) 
04:35:49 array (
  'siteno' => '193736180',
  'version' => '',
  'orderid' => '245150318015',
  'order_time' => '20150318043549',
  'lang' => 'en',
  'currency' => 'USD',
  'vat' => '8.00',
  'discount' => '0.00',
  'shippingfee' => '20.00',
  'productname[0]' => 'Flyers #19 Scott Hartnell Orange Official 2012 Winter Classic Stitched NHL Jersey
 Size:L(50)',
  'productno[0]' => 'NHL12864',
  'price[0]' => '33.00',
  'qty[0]' => 1,
  'productname[1]' => 'Stars #9 Mike Modano Green Home Stitched NHL Jersey
 Size:L(50)',
  'productno[1]' => 'NHL11778',
  'price[1]' => '33.00',
  'qty[1]' => 1,
  'checkcode' => '07d88547dcbdd0ce64c265a50a3892f4',
  'backurl' => 'http://www.outlet-jersey.com/index.php?main_page=checkout_process',
  'notifyreurl' => 'http://www.outlet-jersey.com/mallpay_check.php',
  's_firstname' => 'Daniel',
  's_lastname' => 'DiMarco',
  's_address' => '2205 Bumblebee Court ',
  's_city' => 'League City',
  's_state' => 'TX',
  's_postcode' => '77573',
  's_country' => 'US',
  'email' => 'dpilot416@comcast.net',
  's_tel' => '281-337-4303',
  'b_firstname' => 'Daniel',
  'b_lastname' => 'DiMarco',
  'b_address' => '2205 Bumblebee Court ',
  'b_city' => 'League City',
  'b_state' => 'TX',
  'b_postcode' => '77573',
  'b_country' => 'US',
  'b_tel' => '281-337-4303',
) 
04:37:19 array (
  'siteno' => '193736180',
  'version' => '',
  'orderid' => '245150318016',
  'order_time' => '20150318043719',
  'lang' => 'en',
  'currency' => 'USD',
  'vat' => '4.00',
  'discount' => '0.00',
  'shippingfee' => '25.00',
  'productname[0]' => 'NHL Jersey Chicago Blackhawks 023  Men Stitched 2015 Winter Classic Stitched NHL Jersey
 Size:XL(52)',
  'productno[0]' => 'NHL2015019500',
  'price[0]' => '36.53',
  'qty[0]' => 1,
  'checkcode' => 'e18bb38d50e21569c1f9d0f6c8d264c3',
  'backurl' => 'http://www.outlet-jersey.com/index.php?main_page=checkout_process',
  'notifyreurl' => 'http://www.outlet-jersey.com/mallpay_check.php',
  's_firstname' => 'James',
  's_lastname' => 'Byland',
  's_address' => '5404 Drury Ln ',
  's_city' => 'Oak Lawn',
  's_state' => 'IL',
  's_postcode' => '60453',
  's_country' => 'US',
  'email' => 'j.byland@yahoo.com',
  's_tel' => '7086060542',
  'b_firstname' => 'James',
  'b_lastname' => 'Byland',
  'b_address' => '5404 Drury Ln ',
  'b_city' => 'Oak Lawn',
  'b_state' => 'IL',
  'b_postcode' => '60453',
  'b_country' => 'US',
  'b_tel' => '7086060542',
) 
06:49:48 array (
  'siteno' => '193736180',
  'version' => '',
  'orderid' => '245150318024',
  'order_time' => '20150318064948',
  'lang' => 'en',
  'currency' => 'USD',
  'vat' => '8.00',
  'discount' => '0.00',
  'shippingfee' => '20.00',
  'productname[0]' => 'Red Wings #13 Pavel Datsyuk Red 2014 Winter Classic Stitched NHL Jersey
 Size:XL(52)',
  'productno[0]' => 'NHL11802',
  'price[0]' => '33.00',
  'qty[0]' => 1,
  'productname[1]' => 'Red Wings #13 Pavel Datsyuk Red 2014 Winter Classic Stitched Youth NHL Jersey
 Size:Large/X Large',
  'productno[1]' => 'YOUTH4572',
  'price[1]' => '31.00',
  'qty[1]' => 1,
  'checkcode' => 'eeef298a40d1ef5ffe71a76ae9d19dca',
  'backurl' => 'http://www.outlet-jersey.com/index.php?main_page=checkout_process',
  'notifyreurl' => 'http://www.outlet-jersey.com/mallpay_check.php',
  's_firstname' => 'jessica',
  's_lastname' => 'vogen',
  's_address' => '584 36th st sw ',
  's_city' => 'rochester',
  's_state' => 'MN',
  's_postcode' => '55902',
  's_country' => 'US',
  'email' => 'vogenj@yahoo.com',
  's_tel' => '5072722848',
  'b_firstname' => 'jessica',
  'b_lastname' => 'vogen',
  'b_address' => '584 36th st sw ',
  'b_city' => 'rochester',
  'b_state' => 'MN',
  'b_postcode' => '55902',
  'b_country' => 'US',
  'b_tel' => '5072722848',
) 
07:05:12 array (
  'siteno' => '193736180',
  'version' => '',
  'orderid' => '245150318025',
  'order_time' => '20150318070512',
  'lang' => 'en',
  'currency' => 'USD',
  'vat' => '12.00',
  'discount' => '0.00',
  'shippingfee' => '20.00',
  'productname[0]' => 'Ducks #9 Paul Kariya Men\'s Stitched White CCM Throwback Hockey Jersey
 Size:XXL(54)',
  'productno[0]' => 'JE1731698',
  'price[0]' => '36.74',
  'qty[0]' => 1,
  'productname[1]' => 'Edmonton Oilers Wayne Gretzky #99 Stitched White CCM Throwback NHL Jersey
 Size:XXXL(56)',
  'productno[1]' => 'NHL11869',
  'price[1]' => '33.00',
  'qty[1]' => 1,
  'productname[2]' => 'Anaheim Ducks #8 Teemu Selanne Orange Stitched NHL Jersey
 Size:XXL(54)',
  'productno[2]' => 'NHL10886',
  'price[2]' => '33.00',
  'qty[2]' => 1,
  'checkcode' => 'fdbd67cea85c3f9b0c80d2c085ef9f70',
  'backurl' => 'http://www.outlet-jersey.com/index.php?main_page=checkout_process',
  'notifyreurl' => 'http://www.outlet-jersey.com/mallpay_check.php',
  's_firstname' => 'Debra',
  's_lastname' => 'Rohaley',
  's_address' => '1001 Bluestone River Way ',
  's_city' => 'Bakersfield',
  's_state' => 'CA',
  's_postcode' => '93311',
  's_country' => 'US',
  'email' => 'pndro7@gmail.com',
  's_tel' => '6616644661',
  'b_firstname' => 'Debra',
  'b_lastname' => 'Rohaley',
  'b_address' => '1001 Bluestone River Way ',
  'b_city' => 'Bakersfield',
  'b_state' => 'CA',
  'b_postcode' => '93311',
  'b_country' => 'US',
  'b_tel' => '6616644661',
) 
09:02:21 array (
  'siteno' => '193736180',
  'version' => '',
  'orderid' => '245150318032',
  'order_time' => '20150318090221',
  'lang' => 'en',
  'currency' => 'USD',
  'vat' => '4.00',
  'discount' => '0.00',
  'shippingfee' => '25.00',
  'productname[0]' => 'NHL Jersey Boston Bruins Yello Black 17  Men Stitched Charcoal Cross Check Fashion Jersey
 Size:M(48)',
  'productno[0]' => 'NHL2015019455',
  'price[0]' => '36.52',
  'qty[0]' => 1,
  'checkcode' => 'd4e6588e6d3c0b8ec052099b9188f4e2',
  'backurl' => 'http://www.outlet-jersey.com/index.php?main_page=checkout_process',
  'notifyreurl' => 'http://www.outlet-jersey.com/mallpay_check.php',
  's_firstname' => 'Oscar from Jeff',
  's_lastname' => 'Picard',
  's_address' => '18245 N. Pima rd. #2053 ',
  's_city' => 'Scottsdale AZ',
  's_state' => 'AZ',
  's_postcode' => '85255',
  's_country' => 'US',
  'email' => 'jeff-picard@hotmail.com',
  's_tel' => '6029199719',
  'b_firstname' => 'Oscar from Jeff',
  'b_lastname' => 'Picard',
  'b_address' => '18245 N. Pima rd. #2053 ',
  'b_city' => 'Scottsdale AZ',
  'b_state' => 'AZ',
  'b_postcode' => '85255',
  'b_country' => 'US',
  'b_tel' => '6029199719',
) 
09:26:52 array (
  'siteno' => '193736180',
  'version' => '',
  'orderid' => '245150318034',
  'order_time' => '20150318092652',
  'lang' => 'en',
  'currency' => 'USD',
  'vat' => '4.00',
  'discount' => '0.00',
  'shippingfee' => '25.00',
  'productname[0]' => 'NHL Jersey Maple Leafs 17 Wendel Clark Blue Third Stitched NHL Jersey Jersey  Men Stitched Fights Cancer Stitched Hockey Jersey
 Size:L(50)',
  'productno[0]' => 'NHL2015019957',
  'price[0]' => '36.57',
  'qty[0]' => 1,
  'checkcode' => '96b4df54a4e15757458d2deeb966c993',
  'backurl' => 'http://www.outlet-jersey.com/index.php?main_page=checkout_process',
  'notifyreurl' => 'http://www.outlet-jersey.com/mallpay_check.php',
  's_firstname' => 'Wendy',
  's_lastname' => 'Boisvert',
  's_address' => '218 S Rutland St ',
  's_city' => 'Watertown',
  's_state' => 'NY',
  's_postcode' => '13601',
  's_country' => 'US',
  'email' => 'wendy_boisvert@yahoo.com',
  's_tel' => '315-586-3473',
  'b_firstname' => 'Wendy',
  'b_lastname' => 'Boisvert',
  'b_address' => '218 S Rutland St ',
  'b_city' => 'Watertown',
  'b_state' => 'NY',
  'b_postcode' => '13601',
  'b_country' => 'US',
  'b_tel' => '315-586-3473',
) 
09:29:23 array (
  'siteno' => '193736180',
  'version' => '',
  'orderid' => '245150318036',
  'order_time' => '20150318092923',
  'lang' => 'en',
  'currency' => 'USD',
  'vat' => '12.00',
  'discount' => '0.00',
  'shippingfee' => '20.00',
  'productname[0]' => 'NHL Jersey Chicago Blackhawks 003  Men Stitched Fights Cancer Stitched Hockey Jersey
 Size:L(50)',
  'productno[0]' => 'NHL2015019477',
  'price[0]' => '36.66',
  'qty[0]' => 1,
  'productname[1]' => 'Men\'s patrick kane authentic black ice jersey reebok 88 NHL chicago blackhawks.jpg
 Size:L(50)',
  'productno[1]' => 'NHL13122',
  'price[1]' => '38.99',
  'qty[1]' => 1,
  'productname[2]' => 'NHL Jersey Chicago Blackhawks 025  Men Stitched with Purple Num Stitched NHL Jersey
 Size:L(50)',
  'productno[2]' => 'NHL2015019502',
  'price[2]' => '36.57',
  'qty[2]' => 1,
  'checkcode' => '1cf896f3e98fc942dc9efaea54c3fe9c',
  'backurl' => 'http://www.outlet-jersey.com/index.php?main_page=checkout_process',
  'notifyreurl' => 'http://www.outlet-jersey.com/mallpay_check.php',
  's_firstname' => 'Tim',
  's_lastname' => 'West',
  's_address' => '1313 Barbara ct ',
  's_city' => 'Chesapeake',
  's_state' => 'VA',
  's_postcode' => '23322',
  's_country' => 'US',
  'email' => 'trkfw@yahoo.com',
  's_tel' => '6306064942',
  'b_firstname' => 'Tim',
  'b_lastname' => 'West',
  'b_address' => '1313 Barbara ct ',
  'b_city' => 'Chesapeake',
  'b_state' => 'VA',
  'b_postcode' => '23322',
  'b_country' => 'US',
  'b_tel' => '6306064942',
) 
10:35:04 array (
  'siteno' => '193736180',
  'version' => '',
  'orderid' => '245150318041',
  'order_time' => '20150318103504',
  'lang' => 'en',
  'currency' => 'USD',
  'vat' => '4.00',
  'discount' => '0.00',
  'shippingfee' => '25.00',
  'productname[0]' => 'NHL Jersey Kings 11 Anze Kopitar Mens Stitched White Grey 2015 Stadium Series Hockey Jersey  Men Stitched Fights Cancer Stitched Hockey Jersey
 Size:XL(52)',
  'productno[0]' => 'NHL2015019669',
  'price[0]' => '36.53',
  'qty[0]' => 1,
  'checkcode' => '086ce721860fd72d75fecd6bd9bab2e5',
  'backurl' => 'http://www.outlet-jersey.com/index.php?main_page=checkout_process',
  'notifyreurl' => 'http://www.outlet-jersey.com/mallpay_check.php',
  's_firstname' => 'Ashley',
  's_lastname' => 'Parker',
  's_address' => '2509 pebble creek ct ',
  's_city' => 'Tracy',
  's_state' => 'CA',
  's_postcode' => '95377',
  's_country' => 'US',
  'email' => 'ap6306@gmail.com',
  's_tel' => '6698884074',
  'b_firstname' => 'Ashley',
  'b_lastname' => 'Parker',
  'b_address' => '2509 pebble creek ct ',
  'b_city' => 'Tracy',
  'b_state' => 'CA',
  'b_postcode' => '95377',
  'b_country' => 'US',
  'b_tel' => '6698884074',
) 
11:36:49 array (
  'siteno' => '193736180',
  'version' => '',
  'orderid' => '245150318044',
  'order_time' => '20150318113649',
  'lang' => 'en',
  'currency' => 'USD',
  'vat' => '4.00',
  'discount' => '0.00',
  'shippingfee' => '25.00',
  'productname[0]' => 'NHL Jersey Chicago Blackhawks 88 Kane 3rd  Men Stitched Fights Cancer Stitched Hockey Jersey
 Size:M(48)',
  'productno[0]' => 'NHL2015019621',
  'price[0]' => '36.67',
  'qty[0]' => 1,
  'checkcode' => '43ad9164fbfd4b8d75e22dd35b158070',
  'backurl' => 'http://www.outlet-jersey.com/index.php?main_page=checkout_process',
  'notifyreurl' => 'http://www.outlet-jersey.com/mallpay_check.php',
  's_firstname' => 'Toney',
  's_lastname' => 'Rivers',
  's_address' => '20810 Arline Ave. #14 ',
  's_city' => 'Lakewood',
  's_state' => 'CA',
  's_postcode' => '90715',
  's_country' => 'US',
  'email' => 'toney8806@hotmail.com',
  's_tel' => '5625362567',
  'b_firstname' => 'Toney',
  'b_lastname' => 'Rivers',
  'b_address' => '20810 Arline Ave. #14 ',
  'b_city' => 'Lakewood',
  'b_state' => 'CA',
  'b_postcode' => '90715',
  'b_country' => 'US',
  'b_tel' => '5625362567',
) 
23:32:10 array (
  'siteno' => '193736180',
  'version' => '',
  'orderid' => '245150318064',
  'order_time' => '20150318233210',
  'lang' => 'en',
  'currency' => 'USD',
  'vat' => '4.00',
  'discount' => '0.00',
  'shippingfee' => '25.00',
  'productname[0]' => 'NHL Jersey Chicago Blackhawks 65 shaw black  Men Stitched Fights Cancer Stitched Hockey Jersey
 Size:M(48)',
  'productno[0]' => 'NHL2015019589',
  'price[0]' => '36.80',
  'qty[0]' => 1,
  'checkcode' => '62ca173203190d4548445ed807cb3312',
  'backurl' => 'http://www.outlet-jersey.com/index.php?main_page=checkout_process',
  'notifyreurl' => 'http://www.outlet-jersey.com/mallpay_check.php',
  's_firstname' => 'Maureen',
  's_lastname' => 'Martin-Huber',
  's_address' => '4022 Sunnyside ',
  's_city' => 'Brookfield',
  's_state' => 'IL',
  's_postcode' => '60513',
  's_country' => 'US',
  'email' => 'moeandphil@att.net',
  's_tel' => '708 404-8132',
  'b_firstname' => 'Maureen',
  'b_lastname' => 'Martin-Huber',
  'b_address' => '4022 Sunnyside ',
  'b_city' => 'Brookfield',
  'b_state' => 'IL',
  'b_postcode' => '60513',
  'b_country' => 'US',
  'b_tel' => '708 404-8132',
) 
