02:24:36 array (
  'siteno' => '193736180',
  'version' => '',
  'orderid' => '245150211007',
  'order_time' => '20150211022436',
  'lang' => 'en',
  'currency' => 'USD',
  'vat' => '8.00',
  'discount' => '0.00',
  'shippingfee' => '20.00',
  'productname[0]' => 'NHL Jersey Detroit Red Wings 6  Men Stitched 2015 Winter Classic Stitched NHL Jersey
 Size:48 (XL)',
  'productno[0]' => 'NHL2015019660',
  'price[0]' => '36.67',
  'qty[0]' => 1,
  'productname[1]' => 'Detroit Pistons 4 Joe Dumars Blue Hardwood Classics Revolution 30 NBA Jerseys
 Size:Extra Large/52',
  'productno[1]' => 'NBA10863',
  'price[1]' => '18.50',
  'qty[1]' => 1,
  'checkcode' => 'bf4f0a85d5c28a1f107328718c60d2bb',
  'backurl' => 'http://www.outlet-jersey.com/index.php?main_page=checkout_process',
  'notifyreurl' => 'http://www.outlet-jersey.com/mallpay_check.php',
  's_firstname' => 'Lance',
  's_lastname' => 'faranso',
  's_address' => '3128 rancho Diego circle ',
  's_city' => 'el cajon',
  's_state' => 'CA',
  's_postcode' => '92019',
  's_country' => 'US',
  'email' => 'lfaranso612@yahoo.com',
  's_tel' => '6198387774',
  'b_firstname' => 'Lance',
  'b_lastname' => 'faranso',
  'b_address' => '3128 rancho Diego circle ',
  'b_city' => 'el cajon',
  'b_state' => 'CA',
  'b_postcode' => '92019',
  'b_country' => 'US',
  'b_tel' => '6198387774',
) 
03:48:38 array (
  'siteno' => '193736180',
  'version' => '',
  'orderid' => '245150211011',
  'order_time' => '20150211034838',
  'lang' => 'en',
  'currency' => 'USD',
  'vat' => '4.00',
  'discount' => '0.00',
  'shippingfee' => '25.00',
  'productname[0]' => '2014 New Nike New England Patriots 87 Gronkowski USA Flag Fashion Black Elite Jerseys
 Size:44',
  'productno[0]' => 'NFL22471',
  'price[0]' => '22.50',
  'qty[0]' => 1,
  'checkcode' => '17f298fe5d7dcd2cfaf0097faf2b0e9a',
  'backurl' => 'http://www.outlet-jersey.com/index.php?main_page=checkout_process',
  'notifyreurl' => 'http://www.outlet-jersey.com/mallpay_check.php',
  's_firstname' => 'Keegan',
  's_lastname' => 'mulready',
  's_address' => '90 guilds hollow rd ',
  's_city' => 'Bethlehem',
  's_state' => 'CT',
  's_postcode' => '06751',
  's_country' => 'US',
  'email' => 'keginater@gmail.com',
  's_tel' => '2036951864',
  'b_firstname' => 'Keegan',
  'b_lastname' => 'mulready',
  'b_address' => '90 guilds hollow rd ',
  'b_city' => 'Bethlehem',
  'b_state' => 'CT',
  'b_postcode' => '06751',
  'b_country' => 'US',
  'b_tel' => '2036951864',
) 
03:55:01 array (
  'siteno' => '193736180',
  'version' => '',
  'orderid' => '245150211012',
  'order_time' => '20150211035501',
  'lang' => 'en',
  'currency' => 'USD',
  'vat' => '4.00',
  'discount' => '0.00',
  'shippingfee' => '25.00',
  'productname[0]' => '2014 New Nike New England Patriots 87 Gronkowski USA Flag Fashion Black Elite Jerseys
 Size:44',
  'productno[0]' => 'NFL22471',
  'price[0]' => '22.50',
  'qty[0]' => 1,
  'checkcode' => 'f4007bd5dd23774207ebf29606445676',
  'backurl' => 'http://www.outlet-jersey.com/index.php?main_page=checkout_process',
  'notifyreurl' => 'http://www.outlet-jersey.com/mallpay_check.php',
  's_firstname' => 'Keegan',
  's_lastname' => 'mulready',
  's_address' => '90 guilds hollow rd ',
  's_city' => 'Bethlehem',
  's_state' => 'CT',
  's_postcode' => '06751',
  's_country' => 'US',
  'email' => 'keginater@gmail.com',
  's_tel' => '2036951864',
  'b_firstname' => 'Keegan',
  'b_lastname' => 'mulready',
  'b_address' => '90 guilds hollow rd ',
  'b_city' => 'Bethlehem',
  'b_state' => 'CT',
  'b_postcode' => '06751',
  'b_country' => 'US',
  'b_tel' => '2036951864',
) 
03:57:02 array (
  'siteno' => '193736180',
  'version' => '',
  'orderid' => '245150211013',
  'order_time' => '20150211035702',
  'lang' => 'en',
  'currency' => 'USD',
  'vat' => '4.00',
  'discount' => '0.00',
  'shippingfee' => '25.00',
  'productname[0]' => '2014 New Nike New England Patriots 87 Gronkowski USA Flag Fashion Black Elite Jerseys
 Size:44',
  'productno[0]' => 'NFL22471',
  'price[0]' => '22.50',
  'qty[0]' => 1,
  'checkcode' => 'b8c8d43dc0d702ea23542cd473dd201f',
  'backurl' => 'http://www.outlet-jersey.com/index.php?main_page=checkout_process',
  'notifyreurl' => 'http://www.outlet-jersey.com/mallpay_check.php',
  's_firstname' => 'Keegan',
  's_lastname' => 'mulready',
  's_address' => '90 guilds hollow rd ',
  's_city' => 'Bethlehem',
  's_state' => 'CT',
  's_postcode' => '06751',
  's_country' => 'US',
  'email' => 'keginater@gmail.com',
  's_tel' => '2036951864',
  'b_firstname' => 'Keegan',
  'b_lastname' => 'mulready',
  'b_address' => '90 guilds hollow rd ',
  'b_city' => 'Bethlehem',
  'b_state' => 'CT',
  'b_postcode' => '06751',
  'b_country' => 'US',
  'b_tel' => '2036951864',
) 
04:54:35 array (
  'siteno' => '193736180',
  'version' => '',
  'orderid' => '245150211014',
  'order_time' => '20150211045435',
  'lang' => 'en',
  'currency' => 'USD',
  'vat' => '20.00',
  'discount' => '0.00',
  'shippingfee' => '15.00',
  'productname[0]' => '2013 NEW Nike Dallas cowboys 50 Lee Drift Fashion Grey Elite Jerseys
 Size:48/XL',
  'productno[0]' => 'NFL19446',
  'price[0]' => '22.50',
  'qty[0]' => 1,
  'productname[1]' => 'Nike Cowboys #82 Jason Witten Navy Blue Team Color Men\'s Stitched NFL Elite Jersey
 Size:56/3XL',
  'productno[1]' => 'NFL19703',
  'price[1]' => '22.50',
  'qty[1]' => 1,
  'productname[2]' => 'Nike Cowboys #50 Sean Lee Navy Blue Team Color Men\'s Stitched NFL Elite Jersey
 Size:56/3XL',
  'productno[2]' => 'NFL19669',
  'price[2]' => '22.50',
  'qty[2]' => 1,
  'productname[3]' => 'Nike Cowboys #9 Tony Romo Navy Blue Team Color Men\'s Stitched NFL Elite Jersey
 Size:60/4XL',
  'productno[3]' => 'NFL19758',
  'price[3]' => '22.50',
  'qty[3]' => 1,
  'productname[4]' => 'Nike Cowboys #88 Dez Bryant Navy Blue Team Color Men\'s Stitched NFL Elite Jersey
 Size:48/XL',
  'productno[4]' => 'NFL19735',
  'price[4]' => '22.50',
  'qty[4]' => 1,
  'checkcode' => '555fb0bde5c8fa8054b29cc839d1f9f7',
  'backurl' => 'http://www.outlet-jersey.com/index.php?main_page=checkout_process',
  'notifyreurl' => 'http://www.outlet-jersey.com/mallpay_check.php',
  's_firstname' => 'Brandon',
  's_lastname' => 'Milligan',
  's_address' => '3401 West 7th Ave. Apt. #99 ',
  's_city' => 'Corsicana',
  's_state' => 'TX',
  's_postcode' => '75110',
  's_country' => 'US',
  'email' => 'Milligan7694@yahoo.com',
  's_tel' => '2033764902',
  'b_firstname' => 'Brandon',
  'b_lastname' => 'Milligan',
  'b_address' => '3401 West 7th Ave. Apt. #99 ',
  'b_city' => 'Corsicana',
  'b_state' => 'TX',
  'b_postcode' => '75110',
  'b_country' => 'US',
  'b_tel' => '2033764902',
) 
09:24:15 array (
  'siteno' => '193736180',
  'version' => '',
  'orderid' => '245150211026',
  'order_time' => '20150211092415',
  'lang' => 'en',
  'currency' => 'USD',
  'vat' => '20.00',
  'discount' => '0.00',
  'shippingfee' => '15.00',
  'productname[0]' => '2013 NEW Nike Dallas cowboys 50 Lee Drift Fashion Grey Elite Jerseys
 Size:48/XL',
  'productno[0]' => 'NFL19446',
  'price[0]' => '22.50',
  'qty[0]' => 1,
  'productname[1]' => 'Nike Cowboys #82 Jason Witten Navy Blue Team Color Men\'s Stitched NFL Elite Jersey
 Size:56/3XL',
  'productno[1]' => 'NFL19703',
  'price[1]' => '22.50',
  'qty[1]' => 1,
  'productname[2]' => 'Nike Cowboys #9 Tony Romo Navy Blue Team Color Men\'s Stitched NFL Elite Jersey
 Size:60/4XL',
  'productno[2]' => 'NFL19758',
  'price[2]' => '22.50',
  'qty[2]' => 1,
  'productname[3]' => 'Nike Cowboys #50 Sean Lee Navy Blue Team Color Men\'s Stitched NFL Elite Jersey
 Size:56/3XL',
  'productno[3]' => 'NFL19669',
  'price[3]' => '22.50',
  'qty[3]' => 1,
  'productname[4]' => 'NEW Dallas Cowboys 88 Dez Bryant Blue White Drift Fashion II Elite NFL Jerseys
 Size:48',
  'productno[4]' => 'NFL19528',
  'price[4]' => '22.50',
  'qty[4]' => 1,
  'checkcode' => '51daf5a4f8b01ca9997da35b53e48d0f',
  'backurl' => 'http://www.outlet-jersey.com/index.php?main_page=checkout_process',
  'notifyreurl' => 'http://www.outlet-jersey.com/mallpay_check.php',
  's_firstname' => 'Brandon',
  's_lastname' => 'Milligan',
  's_address' => '3401 West 7th Ave. Apt.#99 ',
  's_city' => 'Corsicana',
  's_state' => 'TX',
  's_postcode' => '75110',
  's_country' => 'US',
  'email' => 'gary.milligan@sbcglobal.net',
  's_tel' => '2033764902',
  'b_firstname' => 'Brandon',
  'b_lastname' => 'Milligan',
  'b_address' => '3401 West 7th Ave. Apt.#99 ',
  'b_city' => 'Corsicana',
  'b_state' => 'TX',
  'b_postcode' => '75110',
  'b_country' => 'US',
  'b_tel' => '2033764902',
) 
12:50:18 array (
  'siteno' => '193736180',
  'version' => '',
  'orderid' => '245150211043',
  'order_time' => '20150211125018',
  'lang' => 'en',
  'currency' => 'USD',
  'vat' => '24.00',
  'discount' => '0.00',
  'shippingfee' => '15.00',
  'productname[0]' => 'Discount Oakley Pit Boss Sunglasses multicolor Lens black Frame
 Size:No Size',
  'productno[0]' => 'GLS13154',
  'price[0]' => '16.90',
  'qty[0]' => 1,
  'productname[1]' => 'Oakley Jawbone Sunglasses Black Lens Matte Black Frame On Sale
 Size:No Size',
  'productno[1]' => 'GLS13073',
  'price[1]' => '16.90',
  'qty[1]' => 1,
  'productname[2]' => 'Oakley Oil Rig Sunglasses Blue Yellow Iridium Gradient Lens
 Size:No Size',
  'productno[2]' => 'GLS13128',
  'price[2]' => '16.90',
  'qty[2]' => 1,
  'productname[3]' => 'Cheap Oakley Scalpel Sunglasses Yellow Lens Black Frame On Sale
 Size:No Size',
  'productno[3]' => 'GLS13230',
  'price[3]' => '16.90',
  'qty[3]' => 1,
  'productname[4]' => 'NEW jerseys green bay packers #52 clay matthews camo(2013 new Elite)(USMC)
 Size:48',
  'productno[4]' => 'NFL20548',
  'price[4]' => '23.00',
  'qty[4]' => 1,
  'productname[5]' => 'NEW Green Bay Packers #12 Aaron Rodgers Camo NFL Elite USMC Jersey(USA)
 Size:48',
  'productno[5]' => 'NFL20518',
  'price[5]' => '22.50',
  'qty[5]' => 1,
  'checkcode' => 'd5379a86186815e96916251602d1dfdc',
  'backurl' => 'http://www.outlet-jersey.com/index.php?main_page=checkout_process',
  'notifyreurl' => 'http://www.outlet-jersey.com/mallpay_check.php',
  's_firstname' => 'Douglas',
  's_lastname' => 'Finn',
  's_address' => '8521 Hower Rd. #12 ',
  's_city' => 'minocqua',
  's_state' => 'WI',
  's_postcode' => '54548',
  's_country' => 'US',
  'email' => 'dougfinnjr@gmail.com',
  's_tel' => '7158926212',
  'b_firstname' => 'Douglas',
  'b_lastname' => 'Finn',
  'b_address' => '8521 Hower Rd. #12 ',
  'b_city' => 'minocqua',
  'b_state' => 'WI',
  'b_postcode' => '54548',
  'b_country' => 'US',
  'b_tel' => '7158926212',
) 
21:32:00 array (
  'siteno' => '193736180',
  'version' => '',
  'orderid' => '245150211051',
  'order_time' => '20150211213200',
  'lang' => 'en',
  'currency' => 'USD',
  'vat' => '4.00',
  'discount' => '0.00',
  'shippingfee' => '25.00',
  'productname[0]' => 'New England Patriots #87 Rob Gronkowski Nike Black Salute To Service Jersey
 Size:L',
  'productno[0]' => 'NFL22495',
  'price[0]' => '22.50',
  'qty[0]' => 1,
  'checkcode' => 'd272d75fb25350ec0b275dea3624caf3',
  'backurl' => 'http://www.outlet-jersey.com/index.php?main_page=checkout_process',
  'notifyreurl' => 'http://www.outlet-jersey.com/mallpay_check.php',
  's_firstname' => 'Ryan',
  's_lastname' => 'Morel',
  's_address' => '6 favor st ',
  's_city' => 'Lowell',
  's_state' => 'MA',
  's_postcode' => '01852',
  's_country' => 'US',
  'email' => 'Ryan.morel@yahoo.com',
  's_tel' => '978-596-6776',
  'b_firstname' => 'Ryan',
  'b_lastname' => 'Morel',
  'b_address' => '6 favor st ',
  'b_city' => 'Lowell',
  'b_state' => 'MA',
  'b_postcode' => '01852',
  'b_country' => 'US',
  'b_tel' => '978-596-6776',
) 
22:42:17 array (
  'siteno' => '193736180',
  'version' => '',
  'orderid' => '245150211058',
  'order_time' => '20150211224217',
  'lang' => 'en',
  'currency' => 'USD',
  'vat' => '28.00',
  'discount' => '0.00',
  'shippingfee' => '15.00',
  'productname[0]' => 'NEW Seahawks #12 Fan White Super Bowl XLVIII Women\'s NFL Elite Jerseys
 Size:L',
  'productno[0]' => 'NFL15562',
  'price[0]' => '22.00',
  'qty[0]' => 1,
  'productname[1]' => '2015 Super Bowl XLIX-Seahawks #24 Marshawn Lynch Men\'s Stitched Steel Blue Drift Fashion Elite Jersey
 Size:44 (L)',
  'productno[1]' => 'JE1731636',
  'price[1]' => '27.72',
  'qty[1]' => 1,
  'productname[2]' => 'NEW Seahawks #15 Jermaine Kearse White Super Bowl XLVIII NFL Elite Jerseys
 Size:52',
  'productno[2]' => 'NFL15568',
  'price[2]' => '23.00',
  'qty[2]' => 1,
  'productname[3]' => '2015 Super Bowl XLIX-Seahawks #12 Fan Men\'s Stitched Steel Blue Drift Fashion Elite Jersey
 Size:52 (XXL)',
  'productno[3]' => 'JE1731634',
  'price[3]' => '27.87',
  'qty[3]' => 1,
  'productname[4]' => 'NEW Seahawks #25 Richard Sherman Steel Blue-Green Super Bowl XLVIII Women\'s Stitched NFL Elite Fadeaway Fashion Jerseys
 Size:L',
  'productno[4]' => 'NFL15701',
  'price[4]' => '22.00',
  'qty[4]' => 1,
  'productname[5]' => '2015 NFL Seattle Seahawks Knit Hats 15',
  'productno[5]' => 'HAT13240',
  'price[5]' => '9.90',
  'qty[5]' => 2,
  'checkcode' => '74b00d09cb89ab508b5cf821974e1668',
  'backurl' => 'http://www.outlet-jersey.com/index.php?main_page=checkout_process',
  'notifyreurl' => 'http://www.outlet-jersey.com/mallpay_check.php',
  's_firstname' => 'Carol',
  's_lastname' => 'Bennett',
  's_address' => '435 THIRD ST ',
  's_city' => 'SUMAS',
  's_state' => 'WA',
  's_postcode' => '98295',
  's_country' => 'US',
  'email' => 'tcb6162@gmail.com',
  's_tel' => '360)920-7458',
  'b_firstname' => 'Carol',
  'b_lastname' => 'Bennett',
  'b_address' => '435 THIRD ST ',
  'b_city' => 'SUMAS',
  'b_state' => 'WA',
  'b_postcode' => '98295',
  'b_country' => 'US',
  'b_tel' => '360)920-7458',
) 
