02:46:18 array (
  'siteno' => '193736180',
  'version' => '',
  'orderid' => '245150329019',
  'order_time' => '20150329024618',
  'lang' => 'en',
  'currency' => 'USD',
  'vat' => '4.00',
  'discount' => '0.00',
  'shippingfee' => '25.00',
  'productname[0]' => 'Customized Chicago Blackhawks Black 2014 Stadium Series Hockey NHL Jerseys
 Size:XXL(54)
 Name:PALIOTTA
 Num#:47',
  'productno[0]' => 'CJ10275',
  'price[0]' => '87.00',
  'qty[0]' => 1,
  'checkcode' => 'e44135e8fd0107d3d76bf5609b6ee752',
  'backurl' => 'http://www.outlet-jersey.com/index.php?main_page=checkout_process',
  'notifyreurl' => 'http://www.outlet-jersey.com/mallpay_check.php',
  's_firstname' => 'Roy',
  's_lastname' => 'Herrick',
  's_address' => '25 Windsor Ave ',
  's_city' => 'Pittsfield',
  's_state' => 'MA',
  's_postcode' => '01201',
  's_country' => 'US',
  'email' => 'royski99@yahoo.com',
  's_tel' => '4134427919',
  'b_firstname' => 'Roy',
  'b_lastname' => 'Herrick',
  'b_address' => '25 Windsor Ave ',
  'b_city' => 'Pittsfield',
  'b_state' => 'MA',
  'b_postcode' => '01201',
  'b_country' => 'US',
  'b_tel' => '4134427919',
) 
02:47:09 array (
  'siteno' => '193736180',
  'version' => '',
  'orderid' => '245150329020',
  'order_time' => '20150329024709',
  'lang' => 'en',
  'currency' => 'USD',
  'vat' => '4.00',
  'discount' => '0.00',
  'shippingfee' => '25.00',
  'productname[0]' => 'Customized Chicago Blackhawks Black 2014 Stadium Series Hockey NHL Jerseys
 Size:XXL(54)
 Name:PALIOTTA
 Num#:47',
  'productno[0]' => 'CJ10275',
  'price[0]' => '87.00',
  'qty[0]' => 1,
  'checkcode' => 'fb28df930d835d39fe4be745a2439856',
  'backurl' => 'http://www.outlet-jersey.com/index.php?main_page=checkout_process',
  'notifyreurl' => 'http://www.outlet-jersey.com/mallpay_check.php',
  's_firstname' => 'Roy',
  's_lastname' => 'Herrick',
  's_address' => '25 Windsor Ave ',
  's_city' => 'Pittsfield',
  's_state' => 'MA',
  's_postcode' => '01201',
  's_country' => 'US',
  'email' => 'royski99@yahoo.com',
  's_tel' => '4134427919',
  'b_firstname' => 'Roy',
  'b_lastname' => 'Herrick',
  'b_address' => '25 Windsor Ave ',
  'b_city' => 'Pittsfield',
  'b_state' => 'MA',
  'b_postcode' => '01201',
  'b_country' => 'US',
  'b_tel' => '4134427919',
) 
04:24:01 array (
  'siteno' => '193736180',
  'version' => '',
  'orderid' => '245150329034',
  'order_time' => '20150329042401',
  'lang' => 'en',
  'currency' => 'USD',
  'vat' => '20.00',
  'discount' => '0.00',
  'shippingfee' => '15.00',
  'productname[0]' => 'NHL Jersey Detroit Red Wings 4  Men Stitched with Purple Num Stitched NHL Jersey
 Size:L(50)',
  'productno[0]' => 'NHL2015019658',
  'price[0]' => '36.57',
  'qty[0]' => 1,
  'productname[1]' => 'Red Wings #1 Terry Sawchuk Stitched Red CCM Throwback NHL Jersey
 Size:XL(52)',
  'productno[1]' => 'NHL11800',
  'price[1]' => '33.00',
  'qty[1]' => 1,
  'productname[2]' => 'Red Wings #8 Justin Abdelkader Red Stitched NHL Jersey
 Size:XL(52)',
  'productno[2]' => 'NHL11844',
  'price[2]' => '33.00',
  'qty[2]' => 1,
  'productname[3]' => 'NHL Jersey Detroit Red Wings 2  Men Stitched 2015 Winter Classic Stitched NHL Jersey
 Size:L(50)',
  'productno[3]' => 'NHL2015019656',
  'price[3]' => '36.53',
  'qty[3]' => 1,
  'productname[4]' => 'Red Wings #24 Chris Chelios Stitched Red NHL Jersey
 Size:XL(52)',
  'productno[4]' => 'NHL11821',
  'price[4]' => '33.00',
  'qty[4]' => 1,
  'checkcode' => 'b93408ea588e16b042590d8f83bdd32f',
  'backurl' => 'http://www.outlet-jersey.com/index.php?main_page=checkout_process',
  'notifyreurl' => 'http://www.outlet-jersey.com/mallpay_check.php',
  's_firstname' => 'Angie L.',
  's_lastname' => 'Hayes',
  's_address' => '1262 Alhi ',
  's_city' => 'Waterford',
  's_state' => 'MI',
  's_postcode' => '48328',
  's_country' => 'US',
  'email' => 'alhlexi@icloud.com',
  's_tel' => '248-673-3833',
  'b_firstname' => 'Angie L.',
  'b_lastname' => 'Hayes',
  'b_address' => '1262 Alhi ',
  'b_city' => 'Waterford',
  'b_state' => 'MI',
  'b_postcode' => '48328',
  'b_country' => 'US',
  'b_tel' => '248-673-3833',
) 
09:15:23 array (
  'siteno' => '193736180',
  'version' => '',
  'orderid' => '245150329051',
  'order_time' => '20150329091523',
  'lang' => 'en',
  'currency' => 'USD',
  'vat' => '4.00',
  'discount' => '0.00',
  'shippingfee' => '25.00',
  'productname[0]' => 'Nike Philadelphia Eagles #29 DeMarco Murray green Elite jerseys
 Size:52 (XL)',
  'productno[0]' => 'JE1732193',
  'price[0]' => '35.72',
  'qty[0]' => 1,
  'checkcode' => '53610879e6d2aced9c5807e3d73b8074',
  'backurl' => 'http://www.outlet-jersey.com/index.php?main_page=checkout_process',
  'notifyreurl' => 'http://www.outlet-jersey.com/mallpay_check.php',
  's_firstname' => 'daniel',
  's_lastname' => 'monaghan',
  's_address' => '226 powhattan ave. ',
  's_city' => 'lester',
  's_state' => 'PA',
  's_postcode' => '19029',
  's_country' => 'US',
  'email' => 'redanmon@hotmail.com',
  's_tel' => '610-299-8231',
  'b_firstname' => 'daniel',
  'b_lastname' => 'monaghan',
  'b_address' => '226 powhattan ave. ',
  'b_city' => 'lester',
  'b_state' => 'PA',
  'b_postcode' => '19029',
  'b_country' => 'US',
  'b_tel' => '610-299-8231',
) 
09:18:57 array (
  'siteno' => '193736180',
  'version' => '',
  'orderid' => '245150329052',
  'order_time' => '20150329091857',
  'lang' => 'en',
  'currency' => 'USD',
  'vat' => '4.00',
  'discount' => '0.00',
  'shippingfee' => '25.00',
  'productname[0]' => 'Nike Philadelphia Eagles #29 DeMarco Murray green Elite jerseys
 Size:52 (XL)',
  'productno[0]' => 'JE1732193',
  'price[0]' => '35.72',
  'qty[0]' => 1,
  'checkcode' => '1585581fc369415ae8bc3ac9e7011869',
  'backurl' => 'http://www.outlet-jersey.com/index.php?main_page=checkout_process',
  'notifyreurl' => 'http://www.outlet-jersey.com/mallpay_check.php',
  's_firstname' => 'daniel',
  's_lastname' => 'monaghan',
  's_address' => '226 powhattan ave. ',
  's_city' => 'lester',
  's_state' => 'PA',
  's_postcode' => '19029',
  's_country' => 'US',
  'email' => 'redanmon@hotmail.com',
  's_tel' => '610-299-8231',
  'b_firstname' => 'daniel',
  'b_lastname' => 'monaghan',
  'b_address' => '226 powhattan ave. ',
  'b_city' => 'lester',
  'b_state' => 'PA',
  'b_postcode' => '19029',
  'b_country' => 'US',
  'b_tel' => '610-299-8231',
) 
09:24:40 array (
  'siteno' => '193736180',
  'version' => '',
  'orderid' => '245150329053',
  'order_time' => '20150329092440',
  'lang' => 'en',
  'currency' => 'USD',
  'vat' => '4.00',
  'discount' => '0.00',
  'shippingfee' => '25.00',
  'productname[0]' => 'Nike Philadelphia Eagles #29 DeMarco Murray green Elite jerseys
 Size:52 (XL)',
  'productno[0]' => 'JE1732193',
  'price[0]' => '35.72',
  'qty[0]' => 1,
  'checkcode' => '4c80becbd69c732dbe4dbf157ec0a7b6',
  'backurl' => 'http://www.outlet-jersey.com/index.php?main_page=checkout_process',
  'notifyreurl' => 'http://www.outlet-jersey.com/mallpay_check.php',
  's_firstname' => 'daniel',
  's_lastname' => 'monaghan',
  's_address' => '226 powhattan ave. ',
  's_city' => 'lester',
  's_state' => 'PA',
  's_postcode' => '19029',
  's_country' => 'US',
  'email' => 'redanmon@hotmail.com',
  's_tel' => '610-299-8231',
  'b_firstname' => 'daniel',
  'b_lastname' => 'monaghan',
  'b_address' => '226 powhattan ave. ',
  'b_city' => 'lester',
  'b_state' => 'PA',
  'b_postcode' => '19029',
  'b_country' => 'US',
  'b_tel' => '610-299-8231',
) 
09:33:36 array (
  'siteno' => '193736180',
  'version' => '',
  'orderid' => '245150329056',
  'order_time' => '20150329093336',
  'lang' => 'en',
  'currency' => 'USD',
  'vat' => '4.00',
  'discount' => '0.00',
  'shippingfee' => '25.00',
  'productname[0]' => 'New York Rangers #36 Mats Zuccarello Blue Home NHL Jersey
 Size:XL(52)',
  'productno[0]' => 'NHL12411',
  'price[0]' => '33.00',
  'qty[0]' => 1,
  'checkcode' => '23e448539c40680d3d0caf0d2984afcc',
  'backurl' => 'http://www.outlet-jersey.com/index.php?main_page=checkout_process',
  'notifyreurl' => 'http://www.outlet-jersey.com/mallpay_check.php',
  's_firstname' => 'harvey',
  's_lastname' => 'reeser',
  's_address' => '16 haber dr ',
  's_city' => 'avon',
  's_state' => 'CT',
  's_postcode' => '06001-2241',
  's_country' => 'US',
  'email' => 'firebos171@sbcglobal.net',
  's_tel' => '860-751-4085',
  'b_firstname' => 'harvey',
  'b_lastname' => 'reeser',
  'b_address' => '16 haber dr ',
  'b_city' => 'avon',
  'b_state' => 'CT',
  'b_postcode' => '06001-2241',
  'b_country' => 'US',
  'b_tel' => '860-751-4085',
) 
13:37:51 array (
  'siteno' => '193736180',
  'version' => '',
  'orderid' => '245150329065',
  'order_time' => '20150329133751',
  'lang' => 'en',
  'currency' => 'USD',
  'vat' => '4.00',
  'discount' => '0.00',
  'shippingfee' => '25.00',
  'productname[0]' => 'NHL Jersey Montreal canadiens 67 pacioretty White NHL Jersey jerseys  Men Stitched Fights Cancer Stitched Hockey Jersey
 Size:M(48)',
  'productno[0]' => 'NHL2015019745',
  'price[0]' => '36.80',
  'qty[0]' => 1,
  'checkcode' => '513b59997b88cf0fc32c7788e18e2e7e',
  'backurl' => 'http://www.outlet-jersey.com/index.php?main_page=checkout_process',
  'notifyreurl' => 'http://www.outlet-jersey.com/mallpay_check.php',
  's_firstname' => 'Adam',
  's_lastname' => 'duncan',
  's_address' => '3468 misty meadow ',
  's_city' => 'dallas',
  's_state' => 'TX',
  's_postcode' => '75287',
  's_country' => 'US',
  'email' => 'aduncan1367@gmail.com',
  's_tel' => '972-533-2105',
  'b_firstname' => 'Adam',
  'b_lastname' => 'duncan',
  'b_address' => '400 canyon creek dr ',
  'b_city' => 'richardson',
  'b_state' => 'TX',
  'b_postcode' => '75080',
  'b_country' => 'US',
  'b_tel' => '972-533-2105',
) 
21:14:01 array (
  'siteno' => '193736180',
  'version' => '',
  'orderid' => '245150329073',
  'order_time' => '20150329211401',
  'lang' => 'en',
  'currency' => 'USD',
  'vat' => '4.00',
  'discount' => '0.00',
  'shippingfee' => '25.00',
  'productname[0]' => 'Men\'s patrick kane authentic black ice jersey reebok 88 NHL chicago blackhawks
 Size:48 (M)',
  'productno[0]' => 'NHL13631',
  'price[0]' => '38.99',
  'qty[0]' => 1,
  'checkcode' => '736dd7bf39705dbc225f938ff0b18f4b',
  'backurl' => 'http://www.outlet-jersey.com/index.php?main_page=checkout_process',
  'notifyreurl' => 'http://www.outlet-jersey.com/mallpay_check.php',
  's_firstname' => 'Michael',
  's_lastname' => 'DAngelo',
  's_address' => '1 N Louis ',
  's_city' => 'mount prospect',
  's_state' => 'IL',
  's_postcode' => '60056',
  's_country' => 'US',
  'email' => 'Mjd4690@aol.com',
  's_tel' => '224-334-6564',
  'b_firstname' => 'Michael',
  'b_lastname' => 'DAngelo',
  'b_address' => '1 N Louis ',
  'b_city' => 'mount prospect',
  'b_state' => 'IL',
  'b_postcode' => '60056',
  'b_country' => 'US',
  'b_tel' => '224-334-6564',
) 
21:43:09 array (
  'siteno' => '193736180',
  'version' => '',
  'orderid' => '245150329074',
  'order_time' => '20150329214309',
  'lang' => 'en',
  'currency' => 'USD',
  'vat' => '12.00',
  'discount' => '0.00',
  'shippingfee' => '20.00',
  'productname[0]' => 'NHL Jersey Pittsburgh Penguins 87 Crosby black  Men Stitched 2015 Winter Classic Stitched NHL Jersey
 Size:XL(52)',
  'productno[0]' => 'NHL2015019928',
  'price[0]' => '36.50',
  'qty[0]' => 1,
  'productname[1]' => 'Mitchell and Ness Royals #16 Bo Jackson Stitched Light Blue Thrwoback Baseball Jersey
 Size:Large/50',
  'productno[1]' => 'MLB11390',
  'price[1]' => '18.50',
  'qty[1]' => 1,
  'productname[2]' => 'NHL Chicago Blackhawks Hap ',
  'productno[2]' => 'HAT13932',
  'price[2]' => '9.90',
  'qty[2]' => 1,
  'checkcode' => '8bde66f587edb11540a0cb1db6b54a76',
  'backurl' => 'http://www.outlet-jersey.com/index.php?main_page=checkout_process',
  'notifyreurl' => 'http://www.outlet-jersey.com/mallpay_check.php',
  's_firstname' => 'Eric',
  's_lastname' => 'Shrum',
  's_address' => '6425 Longford Dr ',
  's_city' => 'McHenry',
  's_state' => 'IL',
  's_postcode' => '60050',
  's_country' => 'US',
  'email' => 'Eshrum30@gmail.com',
  's_tel' => '8153538364',
  'b_firstname' => 'Eric',
  'b_lastname' => 'Shrum',
  'b_address' => '6425 Longford Dr ',
  'b_city' => 'McHenry',
  'b_state' => 'IL',
  'b_postcode' => '60050',
  'b_country' => 'US',
  'b_tel' => '8153538364',
) 
22:06:59 array (
  'siteno' => '193736180',
  'version' => '',
  'orderid' => '245150329076',
  'order_time' => '20150329220659',
  'lang' => 'en',
  'currency' => 'USD',
  'vat' => '4.00',
  'discount' => '0.00',
  'shippingfee' => '25.00',
  'productname[0]' => 'Red Wings #93 Johan Franzen Red 2014 Winter Classic Stitched NHL Jersey
 Size:L(50)',
  'productno[0]' => 'NHL11855',
  'price[0]' => '33.00',
  'qty[0]' => 1,
  'checkcode' => '16e692d6da231de45ccbfc340e829f1d',
  'backurl' => 'http://www.outlet-jersey.com/index.php?main_page=checkout_process',
  'notifyreurl' => 'http://www.outlet-jersey.com/mallpay_check.php',
  's_firstname' => 'Susan',
  's_lastname' => 'Boyer',
  's_address' => '40 Peach Dr ',
  's_city' => 'Independence',
  's_state' => 'KY',
  's_postcode' => '41051',
  's_country' => 'US',
  'email' => 'susan.boyer10@yahoo.com',
  's_tel' => '8593595770',
  'b_firstname' => 'Susan',
  'b_lastname' => 'Boyer',
  'b_address' => '40 Peach Dr ',
  'b_city' => 'Independence',
  'b_state' => 'KY',
  'b_postcode' => '41051',
  'b_country' => 'US',
  'b_tel' => '8593595770',
) 
22:40:47 array (
  'siteno' => '193736180',
  'version' => '',
  'orderid' => '245150329078',
  'order_time' => '20150329224047',
  'lang' => 'en',
  'currency' => 'USD',
  'vat' => '4.00',
  'discount' => '0.00',
  'shippingfee' => '25.00',
  'productname[0]' => 'Los Angeles Kings 11 Anze Kopitar Golden 2015 Winter Classic Stitched NHL Jersey 
 Size:50 (L)',
  'productno[0]' => 'NHL13641',
  'price[0]' => '38.99',
  'qty[0]' => 1,
  'checkcode' => 'e37ff761d302ddb0ab6ee3ac433b00b8',
  'backurl' => 'http://www.outlet-jersey.com/index.php?main_page=checkout_process',
  'notifyreurl' => 'http://www.outlet-jersey.com/mallpay_check.php',
  's_firstname' => 'Steven',
  's_lastname' => 'Moreno',
  's_address' => '11244 dunning st ',
  's_city' => 'Santa Fe springs',
  's_state' => 'CA',
  's_postcode' => '90670',
  's_country' => 'US',
  'email' => 'Stevenmoreno59@yahoo.com',
  's_tel' => '5623051188',
  'b_firstname' => 'Steven',
  'b_lastname' => 'Moreno',
  'b_address' => '11244 dunning st ',
  'b_city' => 'Santa Fe springs',
  'b_state' => 'CA',
  'b_postcode' => '90670',
  'b_country' => 'US',
  'b_tel' => '5623051188',
) 
