00:58:38 array (
  'siteno' => '193736180',
  'version' => '',
  'orderid' => '245150126002',
  'order_time' => '20150126005838',
  'lang' => 'en',
  'currency' => 'USD',
  'vat' => '8.00',
  'discount' => '0.00',
  'shippingfee' => '20.00',
  'productname[0]' => 'NEW Seattle Seahawks #3 Russell Wilson Lights Out Black Jerseys(Signed Elite)
 Size:40',
  'productno[0]' => 'NFL28277',
  'price[0]' => '22.50',
  'qty[0]' => 2,
  'checkcode' => 'ab1be7bbdf2eaff34daedecc4f07b28f',
  'backurl' => 'http://www.outlet-jersey.com/index.php?main_page=checkout_process',
  'notifyreurl' => 'http://www.outlet-jersey.com/mallpay_check.php',
  's_firstname' => 'daniel',
  's_lastname' => 'gulliford',
  's_address' => '28516 106th pl se ',
  's_city' => 'monroe',
  's_state' => 'WA',
  's_postcode' => '98272',
  's_country' => 'US',
  'email' => 'dangkat@comcast.net',
  's_tel' => '4257373222',
  'b_firstname' => 'daniel',
  'b_lastname' => 'gulliford',
  'b_address' => '28516 106th pl se ',
  'b_city' => 'monroe',
  'b_state' => 'WA',
  'b_postcode' => '98272',
  'b_country' => 'US',
  'b_tel' => '4257373222',
) 
01:47:59 array (
  'siteno' => '193736180',
  'version' => '',
  'orderid' => '245150126004',
  'order_time' => '20150126014759',
  'lang' => 'en',
  'currency' => 'USD',
  'vat' => '12.00',
  'discount' => '0.00',
  'shippingfee' => '20.00',
  'productname[0]' => '2013 NEW Nike San Diego Charger 17 Rivers Drift Fashion Blue Elite Jerseys
 Size:48/XL',
  'productno[0]' => 'NFL27426',
  'price[0]' => '22.50',
  'qty[0]' => 1,
  'productname[1]' => 'NEW Seahawks #3 Russell Wilson New Lights Out Black Super Bowl XLVIII NFL Elite Jersey
 Size:56',
  'productno[1]' => 'NFL15771',
  'price[1]' => '23.00',
  'qty[1]' => 1,
  'productname[2]' => 'Women\'s NFL Nike Seahawks #31 Kam Chancellor Black Limited Jersey
 Size:L',
  'productno[2]' => 'WOMEN4404',
  'price[2]' => '21.00',
  'qty[2]' => 1,
  'checkcode' => '944ed4eca709f85e32d83750a751696e',
  'backurl' => 'http://www.outlet-jersey.com/index.php?main_page=checkout_process',
  'notifyreurl' => 'http://www.outlet-jersey.com/mallpay_check.php',
  's_firstname' => 'Jeff',
  's_lastname' => 'Ferri',
  's_address' => '2100 196th St SW, Suite 131 ',
  's_city' => 'Lynnwood',
  's_state' => 'WA',
  's_postcode' => '98036',
  's_country' => 'US',
  'email' => 'jeffferri@yahoo.com',
  's_tel' => '4252143326',
  'b_firstname' => 'Jeff',
  'b_lastname' => 'Ferri',
  'b_address' => '2919 98th Pl SE ',
  'b_city' => 'Everett',
  'b_state' => 'WA',
  'b_postcode' => '98208',
  'b_country' => 'US',
  'b_tel' => '4252143326',
) 
10:10:43 array (
  'siteno' => '193736180',
  'version' => '',
  'orderid' => '245150126019',
  'order_time' => '20150126101043',
  'lang' => 'en',
  'currency' => 'USD',
  'vat' => '24.00',
  'discount' => '0.00',
  'shippingfee' => '15.00',
  'productname[0]' => '2012 NEW NFL Seattle Seahawks #80 Steve Largent Grey Jerseys (Elite)
 Size:52',
  'productno[0]' => 'NFL28147',
  'price[0]' => '22.50',
  'qty[0]' => 1,
  'productname[1]' => 'NEW Nike Seattle Seahawks 29 Thomas III Lights Out Black Elite Jerseys
 Size:52',
  'productno[1]' => 'NFL28246',
  'price[1]' => '22.50',
  'qty[1]' => 1,
  'productname[2]' => 'NEW Seattle Seahawks #54 Bobby Wagner White NFL Elite Jersey
 Size:52',
  'productno[2]' => 'NFL28290',
  'price[2]' => '22.50',
  'qty[2]' => 1,
  'productname[3]' => 'Mitchell & Ness Seahawks #80 Steve Largent Blue Throwback Stitched NFL Jersey
 Size:XX Large/54',
  'productno[3]' => 'NFL28207',
  'price[3]' => '19.00',
  'qty[3]' => 1,
  'productname[4]' => 'Nike Seahawks #24 Marshawn Lynch Lights Out Black Men\'s Stitched NFL Elite Jersey
 Size:52/2XL',
  'productno[4]' => 'NFL28357',
  'price[4]' => '22.50',
  'qty[4]' => 1,
  'productname[5]' => 'Nike Seahawks #3 Russell Wilson Steel Blue Team Color With C Patch Men\'s Stitched NFL Elite Jersey
 Size:52/2XL',
  'productno[5]' => 'NFL28411',
  'price[5]' => '22.50',
  'qty[5]' => 1,
  'checkcode' => '61008708d86a5961166b053d2f9f4aa9',
  'backurl' => 'http://www.outlet-jersey.com/index.php?main_page=checkout_process',
  'notifyreurl' => 'http://www.outlet-jersey.com/mallpay_check.php',
  's_firstname' => 'Ryan',
  's_lastname' => 'Eddy',
  's_address' => '7822 86th dr ne ',
  's_city' => 'Marysville',
  's_state' => 'WA',
  's_postcode' => '98270',
  's_country' => 'US',
  'email' => 'trashjeeper@yahoo.com',
  's_tel' => '425 512 7016',
  'b_firstname' => 'Ryan',
  'b_lastname' => 'Eddy',
  'b_address' => '7822 86th dr ne ',
  'b_city' => 'Marysville',
  'b_state' => 'WA',
  'b_postcode' => '98270',
  'b_country' => 'US',
  'b_tel' => '425 512 7016',
) 
