00:02:02 array (
  'siteno' => '193736180',
  'version' => '',
  'orderid' => '245150305001',
  'order_time' => '20150305000202',
  'lang' => 'en',
  'currency' => 'USD',
  'vat' => '12.00',
  'discount' => '0.00',
  'shippingfee' => '20.00',
  'productname[0]' => 'NHL Jersey Colorado Avalanche 3  Men Stitched Fights Cancer Stitched Hockey Jersey
 Size:56 (XXXL)',
  'productno[0]' => 'NHL2015019649',
  'price[0]' => '36.56',
  'qty[0]' => 1,
  'productname[1]' => 'Capitals #19 Nicklas Backstrom Stitched Red NHL Jersey
 Size:XXX Large/56',
  'productno[1]' => 'NHL13507',
  'price[1]' => '33.00',
  'qty[1]' => 1,
  'productname[2]' => 'Cheap Oakley Pit Boss Sunglasses blanchedalmond Lens firebrick Frame
 Size:No Size',
  'productno[2]' => 'GLS13151',
  'price[2]' => '16.90',
  'qty[2]' => 1,
  'checkcode' => 'ef39405734c16a660500980281c688bd',
  'backurl' => 'http://www.outlet-jersey.com/index.php?main_page=checkout_process',
  'notifyreurl' => 'http://www.outlet-jersey.com/mallpay_check.php',
  's_firstname' => 'patrick',
  's_lastname' => 'kramer',
  's_address' => '7557 braemar ct ',
  's_city' => 'sykesville',
  's_state' => 'MD',
  's_postcode' => '21784',
  's_country' => 'US',
  'email' => 'slatch420@yahoo.com',
  's_tel' => '3013706167',
  'b_firstname' => 'Patrick',
  'b_lastname' => 'Kramer',
  'b_address' => '8325 revelation ave ',
  'b_city' => 'walkersville',
  'b_state' => 'MD',
  'b_postcode' => '21793',
  'b_country' => 'US',
  'b_tel' => '3013706167',
) 
07:18:03 array (
  'siteno' => '193736180',
  'version' => '',
  'orderid' => '245150305013',
  'order_time' => '20150305071803',
  'lang' => 'en',
  'currency' => 'USD',
  'vat' => '4.00',
  'discount' => '0.00',
  'shippingfee' => '25.00',
  'productname[0]' => 'Devils #3 Ken Daneyko 2012 Stanley Cup Finals Red/Green CCM Team Classic Stitched NHL Jersey
 Size:Large/50',
  'productno[0]' => 'NHL12337',
  'price[0]' => '33.00',
  'qty[0]' => 1,
  'checkcode' => 'def750c41a9999fd065d56ca63efa5ee',
  'backurl' => 'http://www.outlet-jersey.com/index.php?main_page=checkout_process',
  'notifyreurl' => 'http://www.outlet-jersey.com/mallpay_check.php',
  's_firstname' => 'Jacob',
  's_lastname' => 'Bracey',
  's_address' => '598 Belmont Avenue unit D101 ',
  's_city' => 'southampton',
  's_state' => 'NJ',
  's_postcode' => '18966',
  's_country' => 'US',
  'email' => 'bracey3333@yahoo.com',
  's_tel' => '9094205469',
  'b_firstname' => 'Jacob',
  'b_lastname' => 'Bracey',
  'b_address' => '76 carlton avenue ',
  'b_city' => 'Washington',
  'b_state' => 'NJ',
  'b_postcode' => '07882',
  'b_country' => 'US',
  'b_tel' => '9094205469',
) 
09:42:57 array (
  'siteno' => '193736180',
  'version' => '',
  'orderid' => '245150305015',
  'order_time' => '20150305094257',
  'lang' => 'en',
  'currency' => 'USD',
  'vat' => '4.00',
  'discount' => '0.00',
  'shippingfee' => '25.00',
  'productname[0]' => 'Canadiens #76 PK Subban Stitched Red New CH NHL Jersey
 Size:Medium/48',
  'productno[0]' => 'NHL12224',
  'price[0]' => '33.00',
  'qty[0]' => 1,
  'checkcode' => '631ff30ac89817bdc3ccf40422e26ce4',
  'backurl' => 'http://www.outlet-jersey.com/index.php?main_page=checkout_process',
  'notifyreurl' => 'http://www.outlet-jersey.com/mallpay_check.php',
  's_firstname' => 'jonathan',
  's_lastname' => 'whalen',
  's_address' => '303 parker st 1st floor ',
  's_city' => 'gardner',
  's_state' => 'MA',
  's_postcode' => '01440',
  's_country' => 'US',
  'email' => 'thecoach872000@yahoo.com',
  's_tel' => '978 906 5164',
  'b_firstname' => 'jonathan',
  'b_lastname' => 'whalen',
  'b_address' => '303 parker st 1st floor ',
  'b_city' => 'gardner',
  'b_state' => 'MA',
  'b_postcode' => '01440',
  'b_country' => 'US',
  'b_tel' => '978 906 5164',
) 
