03:48:55 array (
  'siteno' => '193736180',
  'version' => '',
  'orderid' => '245150314012',
  'order_time' => '20150314034855',
  'lang' => 'en',
  'currency' => 'USD',
  'vat' => '4.00',
  'discount' => '0.00',
  'shippingfee' => '25.00',
  'productname[0]' => 'Red Wings St Patty\'s Day #9 Gordie Howe Green Stitched NHL Jersey
 Size:XL(52)',
  'productno[0]' => 'NHL11867',
  'price[0]' => '33.00',
  'qty[0]' => 1,
  'checkcode' => '78c20b2b51523b0117f62bc3554bf5a9',
  'backurl' => 'http://www.outlet-jersey.com/index.php?main_page=checkout_process',
  'notifyreurl' => 'http://www.outlet-jersey.com/mallpay_check.php',
  's_firstname' => 'Kenneth',
  's_lastname' => 'Casey',
  's_address' => '15415 Puritas Avenue ',
  's_city' => 'Apt #6',
  's_state' => 'OH',
  's_postcode' => '44135',
  's_country' => 'US',
  'email' => 'kcasey19@hotmail.com',
  's_tel' => '216-702-4156',
  'b_firstname' => 'Kenneth',
  'b_lastname' => 'Casey',
  'b_address' => '15415 Puritas Avenue ',
  'b_city' => 'Apt #6',
  'b_state' => 'OH',
  'b_postcode' => '44135',
  'b_country' => 'US',
  'b_tel' => '216-702-4156',
) 
05:45:39 array (
  'siteno' => '193736180',
  'version' => '',
  'orderid' => '245150314017',
  'order_time' => '20150314054539',
  'lang' => 'en',
  'currency' => 'USD',
  'vat' => '4.00',
  'discount' => '0.00',
  'shippingfee' => '25.00',
  'productname[0]' => 'New York Rangers #36 Mats Zuccarello White 2014 Stadium Series NHL Jersey
 Size:XL(52)',
  'productno[0]' => 'NHL12413',
  'price[0]' => '33.00',
  'qty[0]' => 1,
  'checkcode' => 'a946ae2cb42c541f8997069852167f62',
  'backurl' => 'http://www.outlet-jersey.com/index.php?main_page=checkout_process',
  'notifyreurl' => 'http://www.outlet-jersey.com/mallpay_check.php',
  's_firstname' => 'mike',
  's_lastname' => 'doerr',
  's_address' => '25 stephenville Boulevard ',
  's_city' => 'red bank',
  's_state' => 'NJ',
  's_postcode' => '07701',
  's_country' => 'US',
  'email' => 'thormd1980@yahoo.com',
  's_tel' => '9089025859',
  'b_firstname' => 'mike',
  'b_lastname' => 'doerr',
  'b_address' => '25 stephenville Boulevard ',
  'b_city' => 'red bank',
  'b_state' => 'NJ',
  'b_postcode' => '07701',
  'b_country' => 'US',
  'b_tel' => '9089025859',
) 
05:49:49 array (
  'siteno' => '193736180',
  'version' => '',
  'orderid' => '245150314018',
  'order_time' => '20150314054949',
  'lang' => 'en',
  'currency' => 'USD',
  'vat' => '4.00',
  'discount' => '0.00',
  'shippingfee' => '25.00',
  'productname[0]' => 'New York Rangers #36 Mats Zuccarello White 2014 Stadium Series NHL Jersey
 Size:XL(52)',
  'productno[0]' => 'NHL12413',
  'price[0]' => '33.00',
  'qty[0]' => 1,
  'checkcode' => 'b84de2cd34fabaeb6db03af9514d1586',
  'backurl' => 'http://www.outlet-jersey.com/index.php?main_page=checkout_process',
  'notifyreurl' => 'http://www.outlet-jersey.com/mallpay_check.php',
  's_firstname' => 'mike',
  's_lastname' => 'doerr',
  's_address' => '25 stephenville Boulevard ',
  's_city' => 'red bank',
  's_state' => 'NJ',
  's_postcode' => '07701',
  's_country' => 'US',
  'email' => 'thormd1980@yahoo.com',
  's_tel' => '9089025859',
  'b_firstname' => 'mike',
  'b_lastname' => 'doerr',
  'b_address' => '25 stephenville Boulevard ',
  'b_city' => 'red bank',
  'b_state' => 'NJ',
  'b_postcode' => '07701',
  'b_country' => 'US',
  'b_tel' => '9089025859',
) 
05:52:32 array (
  'siteno' => '193736180',
  'version' => '',
  'orderid' => '245150314019',
  'order_time' => '20150314055232',
  'lang' => 'en',
  'currency' => 'USD',
  'vat' => '4.00',
  'discount' => '0.00',
  'shippingfee' => '25.00',
  'productname[0]' => 'New York Rangers #36 Mats Zuccarello White 2014 Stadium Series NHL Jersey
 Size:XL(52)',
  'productno[0]' => 'NHL12413',
  'price[0]' => '33.00',
  'qty[0]' => 1,
  'checkcode' => '37b7843c2c4ded3834d12187cbc03cee',
  'backurl' => 'http://www.outlet-jersey.com/index.php?main_page=checkout_process',
  'notifyreurl' => 'http://www.outlet-jersey.com/mallpay_check.php',
  's_firstname' => 'mike',
  's_lastname' => 'doerr',
  's_address' => '25 stephenville Boulevard ',
  's_city' => 'red bank',
  's_state' => 'NJ',
  's_postcode' => '07701',
  's_country' => 'US',
  'email' => 'thormd1980@yahoo.com',
  's_tel' => '9089025859',
  'b_firstname' => 'mike',
  'b_lastname' => 'doerr',
  'b_address' => '25 stephenville Boulevard ',
  'b_city' => 'red bank',
  'b_state' => 'NJ',
  'b_postcode' => '07701',
  'b_country' => 'US',
  'b_tel' => '9089025859',
) 
06:46:00 array (
  'siteno' => '193736180',
  'version' => '',
  'orderid' => '245150314026',
  'order_time' => '20150314064600',
  'lang' => 'en',
  'currency' => 'USD',
  'vat' => '24.00',
  'discount' => '0.00',
  'shippingfee' => '15.00',
  'productname[0]' => 'Great Quality Oakley Straight Jacket Sunglasses Grey Lens Silver
 Size:No Size',
  'productno[0]' => 'GLS13272',
  'price[0]' => '16.90',
  'qty[0]' => 1,
  'productname[1]' => 'Discount Oakley Straight Jacket Sunglasses Grey Lens Maroon Frame
 Size:No Size',
  'productno[1]' => 'GLS13268',
  'price[1]' => '16.90',
  'qty[1]' => 1,
  'productname[2]' => 'Oakley Straight Jacket Sunglasses Grey Lens Black Frame Closeout
 Size:No Size',
  'productno[2]' => 'GLS13274',
  'price[2]' => '16.90',
  'qty[2]' => 1,
  'productname[3]' => 'Cheap Oakley Oil Rig Sunglasses Black Lens Black Silver Frame
 Size:No Size',
  'productno[3]' => 'GLS13100',
  'price[3]' => '16.90',
  'qty[3]' => 1,
  'productname[4]' => 'Oakley Gascan Sunglasses White Frame Black Lens Sale
 Size:No Size',
  'productno[4]' => 'GLS12986',
  'price[4]' => '16.90',
  'qty[4]' => 1,
  'productname[5]' => 'Discount Oakley Hijinx Sunglasses Dimgrey Lens Slategrey Frame
 Size:No Size',
  'productno[5]' => 'GLS13009',
  'price[5]' => '16.90',
  'qty[5]' => 1,
  'checkcode' => '2df4d9674b07af96537bac18aa412cf9',
  'backurl' => 'http://www.outlet-jersey.com/index.php?main_page=checkout_process',
  'notifyreurl' => 'http://www.outlet-jersey.com/mallpay_check.php',
  's_firstname' => 'Alexander',
  's_lastname' => 'Brown',
  's_address' => '780 River Ave ',
  's_city' => 'Yerington',
  's_state' => 'NV',
  's_postcode' => '89447',
  's_country' => 'US',
  'email' => 'atrain10qi@gmail.com',
  's_tel' => '7757816915',
  'b_firstname' => 'Alexander',
  'b_lastname' => 'Brown',
  'b_address' => '780 River Ave ',
  'b_city' => 'Yerington',
  'b_state' => 'NV',
  'b_postcode' => '89447',
  'b_country' => 'US',
  'b_tel' => '7757816915',
) 
09:34:07 array (
  'siteno' => '193736180',
  'version' => '',
  'orderid' => '245150314037',
  'order_time' => '20150314093407',
  'lang' => 'en',
  'currency' => 'USD',
  'vat' => '8.00',
  'discount' => '0.00',
  'shippingfee' => '20.00',
  'productname[0]' => 'Nike Cowboys #8 Troy Aikman Men\'s Stitched Blue Elite Thanksgiving Jersey
 Size:52 (XXL)',
  'productno[0]' => 'JE1731578',
  'price[0]' => '23.50',
  'qty[0]' => 1,
  'productname[1]' => 'Nike Cowboys #8 Troy Aikman Men\'s Stitched White Elite Thanksgiving Jersey
 Size:52 (XXL)',
  'productno[1]' => 'JE1731579',
  'price[1]' => '23.71',
  'qty[1]' => 1,
  'checkcode' => '9a6db60a487d249104592a9ac4fbb0de',
  'backurl' => 'http://www.outlet-jersey.com/index.php?main_page=checkout_process',
  'notifyreurl' => 'http://www.outlet-jersey.com/mallpay_check.php',
  's_firstname' => 'Walter',
  's_lastname' => 'Israel',
  's_address' => '413 South Stebbins Street ',
  's_city' => 'Anniston',
  's_state' => 'AL',
  's_postcode' => '36201',
  's_country' => 'US',
  'email' => 'walterisrael@ymail.com',
  's_tel' => '2567709262',
  'b_firstname' => 'Walter',
  'b_lastname' => 'Israel',
  'b_address' => '413 South Stebbins Street ',
  'b_city' => 'Anniston',
  'b_state' => 'AL',
  'b_postcode' => '36201',
  'b_country' => 'US',
  'b_tel' => '2567709262',
) 
10:31:31 array (
  'siteno' => '193736180',
  'version' => '',
  'orderid' => '245150314040',
  'order_time' => '20150314103131',
  'lang' => 'en',
  'currency' => 'USD',
  'vat' => '8.00',
  'discount' => '0.00',
  'shippingfee' => '20.00',
  'productname[0]' => 'San Jose Sharks #19 Joe Thornton Stitched Black NHL Jersey
 Size:M(48)',
  'productno[0]' => 'NHL13133',
  'price[0]' => '33.00',
  'qty[0]' => 1,
  'productname[1]' => 'San Jose Sharks #19 Joe Thornton Stitched Black NHL Jersey
 Size:XXL(54)',
  'productno[1]' => 'NHL13133',
  'price[1]' => '33.00',
  'qty[1]' => 1,
  'checkcode' => '339c5c50aef316cc8495ab463af0b854',
  'backurl' => 'http://www.outlet-jersey.com/index.php?main_page=checkout_process',
  'notifyreurl' => 'http://www.outlet-jersey.com/mallpay_check.php',
  's_firstname' => 'Servando',
  's_lastname' => 'Mendoza',
  's_address' => '9 Heron Ct ',
  's_city' => 'Watsonville',
  's_state' => 'CA',
  's_postcode' => '95076',
  's_country' => 'US',
  'email' => 'mendozafam22@yahoo.com',
  's_tel' => '8312884227',
  'b_firstname' => 'Servando',
  'b_lastname' => 'Mendoza',
  'b_address' => '9 Heron Ct ',
  'b_city' => 'Watsonville',
  'b_state' => 'CA',
  'b_postcode' => '95076',
  'b_country' => 'US',
  'b_tel' => '8312884227',
) 
11:36:48 array (
  'siteno' => '193736180',
  'version' => '',
  'orderid' => '245150314051',
  'order_time' => '20150314113648',
  'lang' => 'en',
  'currency' => 'USD',
  'vat' => '12.00',
  'discount' => '0.00',
  'shippingfee' => '20.00',
  'productname[0]' => 'Red Wings #13 Pavel Datsyuk Red 2014 Winter Classic Stitched NHL Jersey
 Size:M(48)',
  'productno[0]' => 'NHL11802',
  'price[0]' => '33.00',
  'qty[0]' => 1,
  'productname[1]' => 'NHL Detroit Red Wings Stitched Zephyr Snapback Hats 016',
  'productno[1]' => 'SPT22347',
  'price[1]' => '7.00',
  'qty[1]' => 1,
  'productname[2]' => 'Detroit Red Wings Big & Tall Logo Crow Grey NHL T-Shirts
 Size:Extra Large',
  'productno[2]' => 'SPT16398',
  'price[2]' => '11.00',
  'qty[2]' => 1,
  'checkcode' => '60158c2a002deae4b1eb34e285971710',
  'backurl' => 'http://www.outlet-jersey.com/index.php?main_page=checkout_process',
  'notifyreurl' => 'http://www.outlet-jersey.com/mallpay_check.php',
  's_firstname' => 'Leigh Ann',
  's_lastname' => 'LaFollette',
  's_address' => '805 E Ryan Dr #2 ',
  's_city' => 'Tea',
  's_state' => 'SD',
  's_postcode' => '57064',
  's_country' => 'US',
  'email' => 'slurp82001@yahoo.com',
  's_tel' => '605-376-6840',
  'b_firstname' => 'Leigh Ann',
  'b_lastname' => 'LaFollette',
  'b_address' => '805 E Ryan Dr #2 ',
  'b_city' => 'Tea',
  'b_state' => 'SD',
  'b_postcode' => '57064',
  'b_country' => 'US',
  'b_tel' => '605-376-6840',
) 
22:21:12 array (
  'siteno' => '193736180',
  'version' => '',
  'orderid' => '245150314077',
  'order_time' => '20150314222112',
  'lang' => 'en',
  'currency' => 'USD',
  'vat' => '4.00',
  'discount' => '0.00',
  'shippingfee' => '25.00',
  'productname[0]' => 'NHL Jersey Chicago Blackhawks 88 Kane red  3  Men Stitched Charcoal Cross Check Fashion Jersey
 Size:XXXL(56)',
  'productno[0]' => 'NHL2015019627',
  'price[0]' => '36.70',
  'qty[0]' => 1,
  'checkcode' => 'b0e54e23b40b9f1136ccbd5da7c938f5',
  'backurl' => 'http://www.outlet-jersey.com/index.php?main_page=checkout_process',
  'notifyreurl' => 'http://www.outlet-jersey.com/mallpay_check.php',
  's_firstname' => 'Jeffrey',
  's_lastname' => 'Ramion',
  's_address' => '102 W 2nd Street ',
  's_city' => 'Michigan City',
  's_state' => 'IN',
  's_postcode' => '46360',
  's_country' => 'US',
  'email' => 'jmramion@comcast.net',
  's_tel' => '219-561-3131',
  'b_firstname' => 'Jeffrey M',
  'b_lastname' => 'Ramion',
  'b_address' => '409 Spruce Drie ',
  'b_city' => 'Michigan City',
  'b_state' => 'IN',
  'b_postcode' => '46360',
  'b_country' => 'US',
  'b_tel' => '219-561-3131',
) 
23:18:54 array (
  'siteno' => '193736180',
  'version' => '',
  'orderid' => '245150314083',
  'order_time' => '20150314231854',
  'lang' => 'en',
  'currency' => 'USD',
  'vat' => '8.00',
  'discount' => '0.00',
  'shippingfee' => '20.00',
  'productname[0]' => 'San Jose Sharks #8 Joe Pavelski Stitched Black NHL Jersey
 Size:XXL(54)',
  'productno[0]' => 'NHL13136',
  'price[0]' => '33.00',
  'qty[0]' => 1,
  'productname[1]' => 'San Jose Sharks #88 Brent Burns Black Stitched NHL Jersey
 Size:XXL(54)',
  'productno[1]' => 'NHL13138',
  'price[1]' => '33.00',
  'qty[1]' => 1,
  'checkcode' => '3b117ebefb36e7d669eb6ef8182b91f0',
  'backurl' => 'http://www.outlet-jersey.com/index.php?main_page=checkout_process',
  'notifyreurl' => 'http://www.outlet-jersey.com/mallpay_check.php',
  's_firstname' => 'Tyler',
  's_lastname' => 'Martin',
  's_address' => '73373 Country Club Dr #2702 ',
  's_city' => 'Palm Desert',
  's_state' => 'MT',
  's_postcode' => '92260',
  's_country' => 'US',
  'email' => 'tmartin1105@hotmail.com',
  's_tel' => '406-291-4852',
  'b_firstname' => 'Tyler',
  'b_lastname' => 'Martin',
  'b_address' => '645 Woodland Place #12 ',
  'b_city' => 'Whitefish',
  'b_state' => 'MT',
  'b_postcode' => '59937',
  'b_country' => 'US',
  'b_tel' => '406-291-4852',
) 
23:24:15 array (
  'siteno' => '193736180',
  'version' => '',
  'orderid' => '245150314084',
  'order_time' => '20150314232415',
  'lang' => 'en',
  'currency' => 'USD',
  'vat' => '8.00',
  'discount' => '0.00',
  'shippingfee' => '20.00',
  'productname[0]' => 'San Jose Sharks #8 Joe Pavelski Stitched Black NHL Jersey
 Size:XXL(54)',
  'productno[0]' => 'NHL13136',
  'price[0]' => '33.00',
  'qty[0]' => 1,
  'productname[1]' => 'San Jose Sharks #88 Brent Burns Black Stitched NHL Jersey
 Size:XXL(54)',
  'productno[1]' => 'NHL13138',
  'price[1]' => '33.00',
  'qty[1]' => 1,
  'checkcode' => '538ba96c21ae2dd16640011f9d0a629d',
  'backurl' => 'http://www.outlet-jersey.com/index.php?main_page=checkout_process',
  'notifyreurl' => 'http://www.outlet-jersey.com/mallpay_check.php',
  's_firstname' => 'Tyler',
  's_lastname' => 'Martin',
  's_address' => '73373 Country Club Dr #2702 ',
  's_city' => 'Palm Desert',
  's_state' => 'MT',
  's_postcode' => '92260',
  's_country' => 'US',
  'email' => 'tmartin1105@hotmail.com',
  's_tel' => '406-291-4852',
  'b_firstname' => 'Tyler',
  'b_lastname' => 'Martin',
  'b_address' => '73373 Country Club Dr #2702 ',
  'b_city' => 'Palm Desert',
  'b_state' => 'MT',
  'b_postcode' => '92260',
  'b_country' => 'US',
  'b_tel' => '406-291-4852',
) 
