01:08:17 array (
  'siteno' => '193736180',
  'version' => '',
  'orderid' => '245150311006',
  'order_time' => '20150311010817',
  'lang' => 'en',
  'currency' => 'USD',
  'vat' => '8.00',
  'discount' => '0.00',
  'shippingfee' => '20.00',
  'productname[0]' => 'NHL Jersey Chicago Blackhawks 19 Toews black k  Men Stitched Fights Cancer Stitched Hockey Jersey
 Size:M(48)',
  'productno[0]' => 'NHL2015019521',
  'price[0]' => '36.95',
  'qty[0]' => 1,
  'productname[1]' => 'Blackhawks #19 Jonathan Toews Stitched Black NHL Jersey With Stanley Cup Finals
 Size:M(48)',
  'productno[1]' => 'NHL11251',
  'price[1]' => '33.00',
  'qty[1]' => 1,
  'checkcode' => 'f21bd5bc57744e300f1666625da17b57',
  'backurl' => 'http://www.outlet-jersey.com/index.php?main_page=checkout_process',
  'notifyreurl' => 'http://www.outlet-jersey.com/mallpay_check.php',
  's_firstname' => 'Alison',
  's_lastname' => 'Gayda',
  's_address' => '127 Pinehurst Lane ',
  's_city' => 'Battle Creek',
  's_state' => 'MI',
  's_postcode' => '49015',
  's_country' => 'US',
  'email' => 'a.gayda21@gmail.com',
  's_tel' => '2699790285',
  'b_firstname' => 'Alison',
  'b_lastname' => 'Gayda',
  'b_address' => '127 Pinehurst Lane ',
  'b_city' => 'Battle Creek',
  'b_state' => 'MI',
  'b_postcode' => '49015',
  'b_country' => 'US',
  'b_tel' => '2699790285',
) 
02:00:03 array (
  'siteno' => '193736180',
  'version' => '',
  'orderid' => '245150311011',
  'order_time' => '20150311020003',
  'lang' => 'en',
  'currency' => 'USD',
  'vat' => '4.00',
  'discount' => '0.00',
  'shippingfee' => '25.00',
  'productname[0]' => 'NHL Jersey Chicago Blackhawks 19 Toews green  Men Stitched Charcoal Cross Check Fashion Jersey
 Size:L(50)',
  'productno[0]' => 'NHL2015019523',
  'price[0]' => '36.70',
  'qty[0]' => 1,
  'checkcode' => '3af4426a281d79fe03b1e2ff174d497a',
  'backurl' => 'http://www.outlet-jersey.com/index.php?main_page=checkout_process',
  'notifyreurl' => 'http://www.outlet-jersey.com/mallpay_check.php',
  's_firstname' => 'Rebecca',
  's_lastname' => 'dalton',
  's_address' => '1205 n 11th st ',
  's_city' => 'superior',
  's_state' => 'WI',
  's_postcode' => '54880',
  's_country' => 'US',
  'email' => 'brodybombshell@gmail.com',
  's_tel' => '7158171921',
  'b_firstname' => 'Rebecca',
  'b_lastname' => 'dalton',
  'b_address' => '1205 n 11th st ',
  'b_city' => 'superior',
  'b_state' => 'WI',
  'b_postcode' => '54880',
  'b_country' => 'US',
  'b_tel' => '7158171921',
) 
03:23:25 array (
  'siteno' => '193736180',
  'version' => '',
  'orderid' => '245150311013',
  'order_time' => '20150311032325',
  'lang' => 'en',
  'currency' => 'USD',
  'vat' => '4.00',
  'discount' => '0.00',
  'shippingfee' => '25.00',
  'productname[0]' => 'NHL Jersey Chicago Blackhawks 011  Men Stitched 2015 Winter Classic Stitched NHL Jersey
 Size:XXXL(56)',
  'productno[0]' => 'NHL2015019488',
  'price[0]' => '36.80',
  'qty[0]' => 1,
  'checkcode' => 'cffa965c72bc09ec6f7fd94c83fc41df',
  'backurl' => 'http://www.outlet-jersey.com/index.php?main_page=checkout_process',
  'notifyreurl' => 'http://www.outlet-jersey.com/mallpay_check.php',
  's_firstname' => 'William',
  's_lastname' => 'harmon',
  's_address' => '3331 N Keating ',
  's_city' => 'chicago',
  's_state' => 'IL',
  's_postcode' => '60641',
  's_country' => 'US',
  'email' => 'bharmon@nelsensteel.com',
  's_tel' => '773-794-0354',
  'b_firstname' => 'William',
  'b_lastname' => 'harmon',
  'b_address' => '3331 N Keating ',
  'b_city' => 'chicago',
  'b_state' => 'IL',
  'b_postcode' => '60641',
  'b_country' => 'US',
  'b_tel' => '773-794-0354',
) 
04:50:54 array (
  'siteno' => '193736180',
  'version' => '',
  'orderid' => '245150311019',
  'order_time' => '20150311045054',
  'lang' => 'en',
  'currency' => 'USD',
  'vat' => '12.00',
  'discount' => '0.00',
  'shippingfee' => '20.00',
  'productname[0]' => 'NHL Jersey Detroit Red Wings 8  Men Stitched with Purple Num Stitched NHL Jersey
 Size:XL(52)',
  'productno[0]' => 'NHL2015019662',
  'price[0]' => '36.56',
  'qty[0]' => 1,
  'productname[1]' => 'NHL Jersey Detroit Red Wings 6  Men Stitched 2015 Winter Classic Stitched NHL Jersey
 Size:L(50)',
  'productno[1]' => 'NHL2015019660',
  'price[1]' => '36.67',
  'qty[1]' => 1,
  'productname[2]' => 'NHL Jersey Detroit Red Wings 4  Men Stitched with Purple Num Stitched NHL Jersey
 Size:M(48)',
  'productno[2]' => 'NHL2015019658',
  'price[2]' => '36.57',
  'qty[2]' => 1,
  'checkcode' => '124e14c54e0f6e247761950aa2f2d558',
  'backurl' => 'http://www.outlet-jersey.com/index.php?main_page=checkout_process',
  'notifyreurl' => 'http://www.outlet-jersey.com/mallpay_check.php',
  's_firstname' => 'Robert',
  's_lastname' => 'Lewis',
  's_address' => '900 Old Fashioned Way ',
  's_city' => 'Newport',
  's_state' => 'GA',
  's_postcode' => '28570',
  's_country' => 'US',
  'email' => 'lewis.ps.mlg@gmail.com',
  's_tel' => '9544966841',
  'b_firstname' => 'Robert',
  'b_lastname' => 'Lewis',
  'b_address' => '1212 Dover Pl ',
  'b_city' => 'Conyers',
  'b_state' => 'GA',
  'b_postcode' => '30013',
  'b_country' => 'US',
  'b_tel' => '9544966841',
) 
10:52:37 array (
  'siteno' => '193736180',
  'version' => '',
  'orderid' => '245150311045',
  'order_time' => '20150311105237',
  'lang' => 'en',
  'currency' => 'USD',
  'vat' => '4.00',
  'discount' => '0.00',
  'shippingfee' => '25.00',
  'productname[0]' => 'Red Wings St Patty\'s Day #40 Henrik Zetterberg Green Stitched NHL Jersey
 Size:XXL(54)',
  'productno[0]' => 'NHL11865',
  'price[0]' => '33.00',
  'qty[0]' => 1,
  'checkcode' => 'bf26851fcd6cd0c7ac626910e674bb79',
  'backurl' => 'http://www.outlet-jersey.com/index.php?main_page=checkout_process',
  'notifyreurl' => 'http://www.outlet-jersey.com/mallpay_check.php',
  's_firstname' => 'Chad',
  's_lastname' => 'Milletics',
  's_address' => '2217 North Hanley Road ',
  's_city' => 'Saint Joseph',
  's_state' => 'MI',
  's_postcode' => '49085',
  's_country' => 'US',
  'email' => 'milletics2217@comcast.net',
  's_tel' => '2699306782',
  'b_firstname' => 'Chad',
  'b_lastname' => 'Milletics',
  'b_address' => '2217 North Hanley Road ',
  'b_city' => 'Saint Joseph',
  'b_state' => 'MI',
  'b_postcode' => '49085',
  'b_country' => 'US',
  'b_tel' => '2699306782',
) 
11:10:04 array (
  'siteno' => '193736180',
  'version' => '',
  'orderid' => '245150311048',
  'order_time' => '20150311111004',
  'lang' => 'en',
  'currency' => 'USD',
  'vat' => '8.00',
  'discount' => '0.00',
  'shippingfee' => '20.00',
  'productname[0]' => 'NHL Jersey Boston Bruins Yello Black 37  Men Stitched with Purple Num Stitched NHL Jersey
 Size:XL(52)',
  'productno[0]' => 'NHL2015019458',
  'price[0]' => '36.70',
  'qty[0]' => 1,
  'productname[1]' => 'NHL Jersey Boston Bruins Yello Black 37  Men Stitched with Purple Num Stitched NHL Jersey
 Size:M(48)',
  'productno[1]' => 'NHL2015019458',
  'price[1]' => '36.70',
  'qty[1]' => 1,
  'checkcode' => '001bfcbc50c846cfe1ee9d94a5ea9fbc',
  'backurl' => 'http://www.outlet-jersey.com/index.php?main_page=checkout_process',
  'notifyreurl' => 'http://www.outlet-jersey.com/mallpay_check.php',
  's_firstname' => 'Richard',
  's_lastname' => 'Davis',
  's_address' => '(3 East Main Road ',
  's_city' => 'Portsmouth',
  's_state' => 'RI',
  's_postcode' => '02871',
  's_country' => 'US',
  'email' => 'rookie8810@yahoo.com',
  's_tel' => '4014268417',
  'b_firstname' => 'Richard',
  'b_lastname' => 'Davis',
  'b_address' => '(3 East Main Road ',
  'b_city' => 'Portsmouth',
  'b_state' => 'RI',
  'b_postcode' => '02871',
  'b_country' => 'US',
  'b_tel' => '4014268417',
) 
17:09:02 array (
  'siteno' => '193736180',
  'version' => '',
  'orderid' => '245150311061',
  'order_time' => '20150311170902',
  'lang' => 'en',
  'currency' => 'USD',
  'vat' => '4.00',
  'discount' => '0.00',
  'shippingfee' => '25.00',
  'productname[0]' => 'New York Rangers #36 Mats Zuccarello Blue Home NHL Jersey
 Size:XXXL(56)',
  'productno[0]' => 'NHL12411',
  'price[0]' => '33.00',
  'qty[0]' => 1,
  'checkcode' => '0da5926218fac86d381721bd68494205',
  'backurl' => 'http://www.outlet-jersey.com/index.php?main_page=checkout_process',
  'notifyreurl' => 'http://www.outlet-jersey.com/mallpay_check.php',
  's_firstname' => 'Mark',
  's_lastname' => 'Grosso',
  's_address' => '525 Centre Ave ',
  's_city' => 'Lindenhurst',
  's_state' => 'NY',
  's_postcode' => '11757',
  's_country' => 'US',
  'email' => 'Markg325@hotmail.com',
  's_tel' => '631-682-0604',
  'b_firstname' => 'Mark',
  'b_lastname' => 'Grosso',
  'b_address' => '525 Centre Ave ',
  'b_city' => 'Lindenhurst',
  'b_state' => 'NY',
  'b_postcode' => '11757',
  'b_country' => 'US',
  'b_tel' => '631-682-0604',
) 
