05:01:09 array (
  'siteno' => '193736180',
  'version' => '',
  'orderid' => '245150123007',
  'order_time' => '20150123050109',
  'lang' => 'en',
  'currency' => 'USD',
  'vat' => '44.00',
  'discount' => '0.00',
  'shippingfee' => '0.00',
  'productname[0]' => '2012 NEW NFL Seattle Seahawks 3 Russell Wilson Green Jerseys (Elite)
 Size:52',
  'productno[0]' => 'NFL28160',
  'price[0]' => '23.00',
  'qty[0]' => 1,
  'productname[1]' => '2012 NEW NFL Seattle Seahawks #3 Russell Wilson Grey Jerseys(Signed Elite)
 Size:52',
  'productno[1]' => 'NFL28144',
  'price[1]' => '22.50',
  'qty[1]' => 1,
  'productname[2]' => 'NEW NFL Seattle Seahawks 24 Marshawn Lynch White-Blue Jerseys(Split Elite)
 Size:52',
  'productno[2]' => 'NFL28243',
  'price[2]' => '22.50',
  'qty[2]' => 1,
  'productname[3]' => 'NEW Seattle Seahawks #53 Malcolm Smith Blue Jersey(Signed Elite)
 Size:52',
  'productno[3]' => 'NFL28283',
  'price[3]' => '22.50',
  'qty[3]' => 1,
  'productname[4]' => 'NEW  Seattle Seahawks #31 Kam Chancellor White Super Bowl XLVIII NFL Elite Jersey
 Size:52',
  'productno[4]' => 'NFL28214',
  'price[4]' => '22.50',
  'qty[4]' => 1,
  'productname[5]' => 'Men\'s Nike Seattle Seahawks Vapor Jet 2.0 Gloves
 Size:L',
  'productno[5]' => 'NFL28206',
  'price[5]' => '18.00',
  'qty[5]' => 1,
  'productname[6]' => 'Mitchell & Ness Seahawks #80 Steve Largent White Throwback Stitched NFL Jersey
 Size:Extra Large/52',
  'productno[6]' => 'NFL28208',
  'price[6]' => '19.00',
  'qty[6]' => 1,
  'productname[7]' => 'NEW Seattle Seahawks #12 Fan Camo NFL Elite USMC Jersey(USA)
 Size:52',
  'productno[7]' => 'NFL28252',
  'price[7]' => '22.50',
  'qty[7]' => 1,
  'productname[8]' => 'Nike Seahawks #12 Fan Grey Alternate Men\'s Stitched NFL Elite Jersey
 Size:52/2XL',
  'productno[8]' => 'NFL28316',
  'price[8]' => '22.50',
  'qty[8]' => 1,
  'productname[9]' => 'NFL Seattle Seahawks IPhone 4/4S Juice Pack',
  'productno[9]' => 'NFL28302',
  'price[9]' => '5.00',
  'qty[9]' => 2,
  'checkcode' => '4dcbe2924973c23c4cf02151bc099879',
  'backurl' => 'http://www.outlet-jersey.com/index.php?main_page=checkout_process',
  'notifyreurl' => 'http://www.outlet-jersey.com/mallpay_check.php',
  's_firstname' => 'tony',
  's_lastname' => 'hobson',
  's_address' => '16821 Smokey point Blvd #801 ',
  's_city' => 'Arlington',
  's_state' => 'WA',
  's_postcode' => '98223',
  's_country' => 'US',
  'email' => 'tbonehobson@gmail.com',
  's_tel' => '253-381-7433',
  'b_firstname' => 'tony',
  'b_lastname' => 'hobson',
  'b_address' => '16821 Smokey point Blvd #801 ',
  'b_city' => 'Arlington',
  'b_state' => 'WA',
  'b_postcode' => '98223',
  'b_country' => 'US',
  'b_tel' => '253-381-7433',
) 
05:58:49 array (
  'siteno' => '193736180',
  'version' => '',
  'orderid' => '245150123009',
  'order_time' => '20150123055849',
  'lang' => 'en',
  'currency' => 'USD',
  'vat' => '8.00',
  'discount' => '0.00',
  'shippingfee' => '20.00',
  'productname[0]' => 'Nike Seattle Seahawks #29 Earl Thomas III Steel Blue Team Color NFL Game Jersey
 Size:M',
  'productno[0]' => 'NFL28458',
  'price[0]' => '21.50',
  'qty[0]' => 1,
  'productname[1]' => '2012 NEW NFL Seattle Seahawks #89 Doug Baldwin Grey Jerseys (Elite)
 Size:44',
  'productno[1]' => 'NFL28149',
  'price[1]' => '22.50',
  'qty[1]' => 1,
  'checkcode' => '5a042668ad0397666b9b6705774d2755',
  'backurl' => 'http://www.outlet-jersey.com/index.php?main_page=checkout_process',
  'notifyreurl' => 'http://www.outlet-jersey.com/mallpay_check.php',
  's_firstname' => 'Michael',
  's_lastname' => 'Johnson',
  's_address' => '452 Lind ave Nw ',
  's_city' => 'Renton',
  's_state' => 'WA',
  's_postcode' => '98057',
  's_country' => 'US',
  'email' => 'mdj21516@gmail.com',
  's_tel' => '4255778219',
  'b_firstname' => 'Michael',
  'b_lastname' => 'Johnson',
  'b_address' => '452 Lind ave Nw ',
  'b_city' => 'Renton',
  'b_state' => 'WA',
  'b_postcode' => '98057',
  'b_country' => 'US',
  'b_tel' => '4255778219',
) 
