00:34:57 array (
  'siteno' => '193736180',
  'version' => '',
  'orderid' => '245150409002',
  'order_time' => '20150409003457',
  'lang' => 'en',
  'currency' => 'USD',
  'vat' => '1.50',
  'discount' => '0.00',
  'shippingfee' => '28.00',
  'productname[0]' => 'NHL Jersey Boston Bruins Yello Black  40  Men Stitched with Purple Num Stitched NHL Jersey
 Size:XL(52)',
  'productno[0]' => 'NHL2015019454',
  'price[0]' => '36.56',
  'qty[0]' => 1,
  'checkcode' => '64ae396e8f6beae1892c9ac21afed55f',
  'backurl' => 'http://www.outlet-jersey.com/index.php?main_page=checkout_process',
  'notifyreurl' => 'http://www.outlet-jersey.com/mallpay_check.php',
  's_firstname' => 'Nicole',
  's_lastname' => 'fisher',
  's_address' => '65 veterans rd ',
  's_city' => 'dedham',
  's_state' => 'MA',
  's_postcode' => '02026',
  's_country' => 'US',
  'email' => 'Nicfish25@aol.com',
  's_tel' => '7817990933',
  'b_firstname' => 'Nicole',
  'b_lastname' => 'fisher',
  'b_address' => '65 veterans rd ',
  'b_city' => 'dedham',
  'b_state' => 'MA',
  'b_postcode' => '02026',
  'b_country' => 'US',
  'b_tel' => '7817990933',
) 
02:01:28 array (
  'siteno' => '193736180',
  'version' => '',
  'orderid' => '245150409008',
  'order_time' => '20150409020128',
  'lang' => 'en',
  'currency' => 'USD',
  'vat' => '1.50',
  'discount' => '0.00',
  'shippingfee' => '28.00',
  'productname[0]' => 'NHL Jersey Boston Bruins Yello Black 4  Men Stitched Charcoal Cross Check Fashion Jersey
 Size:XL(52)',
  'productno[0]' => 'NHL2015019459',
  'price[0]' => '36.80',
  'qty[0]' => 1,
  'checkcode' => '57a8521dcddc9f5f3f176d22a9eebffe',
  'backurl' => 'http://www.outlet-jersey.com/index.php?main_page=checkout_process',
  'notifyreurl' => 'http://www.outlet-jersey.com/mallpay_check.php',
  's_firstname' => 'HEATHER',
  's_lastname' => 'FINN',
  's_address' => '171 WALNUT ST ',
  's_city' => 'WINSTED',
  's_state' => 'CT',
  's_postcode' => '06098',
  's_country' => 'US',
  'email' => 'heatherf@curtisinsurance.com',
  's_tel' => '8604852249',
  'b_firstname' => 'HEATHER',
  'b_lastname' => 'FINN',
  'b_address' => '171 WALNUT ST ',
  'b_city' => 'WINSTED',
  'b_state' => 'CT',
  'b_postcode' => '06098',
  'b_country' => 'US',
  'b_tel' => '8604852249',
) 
02:02:20 array (
  'siteno' => '193736180',
  'version' => '',
  'orderid' => '245150409009',
  'order_time' => '20150409020220',
  'lang' => 'en',
  'currency' => 'USD',
  'vat' => '1.50',
  'discount' => '0.00',
  'shippingfee' => '28.00',
  'productname[0]' => 'NHL Jersey Boston Bruins Yello Black 4  Men Stitched Charcoal Cross Check Fashion Jersey
 Size:XL(52)',
  'productno[0]' => 'NHL2015019459',
  'price[0]' => '36.80',
  'qty[0]' => 1,
  'checkcode' => 'a4fff72682f52edebead7bc867176781',
  'backurl' => 'http://www.outlet-jersey.com/index.php?main_page=checkout_process',
  'notifyreurl' => 'http://www.outlet-jersey.com/mallpay_check.php',
  's_firstname' => 'HEATHER',
  's_lastname' => 'FINN',
  's_address' => '171 WALNUT ST ',
  's_city' => 'WINSTED',
  's_state' => 'CT',
  's_postcode' => '06098',
  's_country' => 'US',
  'email' => 'heatherf@curtisinsurance.com',
  's_tel' => '8604852249',
  'b_firstname' => 'HEATHER',
  'b_lastname' => 'FINN',
  'b_address' => '171 WALNUT ST ',
  'b_city' => 'WINSTED',
  'b_state' => 'CT',
  'b_postcode' => '06098',
  'b_country' => 'US',
  'b_tel' => '8604852249',
) 
02:03:06 array (
  'siteno' => '193736180',
  'version' => '',
  'orderid' => '245150409010',
  'order_time' => '20150409020306',
  'lang' => 'en',
  'currency' => 'USD',
  'vat' => '1.50',
  'discount' => '0.00',
  'shippingfee' => '28.00',
  'productname[0]' => 'NHL Jersey Boston Bruins Yello Black 4  Men Stitched Charcoal Cross Check Fashion Jersey
 Size:XL(52)',
  'productno[0]' => 'NHL2015019459',
  'price[0]' => '36.80',
  'qty[0]' => 1,
  'checkcode' => '25d85656d4505343ca7f5a8c773eafef',
  'backurl' => 'http://www.outlet-jersey.com/index.php?main_page=checkout_process',
  'notifyreurl' => 'http://www.outlet-jersey.com/mallpay_check.php',
  's_firstname' => 'HEATHER',
  's_lastname' => 'FINN',
  's_address' => '171 WALNUT ST ',
  's_city' => 'WINSTED',
  's_state' => 'CT',
  's_postcode' => '06098',
  's_country' => 'US',
  'email' => 'heatherf@curtisinsurance.com',
  's_tel' => '8604852249',
  'b_firstname' => 'HEATHER',
  'b_lastname' => 'FINN',
  'b_address' => '171 WALNUT ST ',
  'b_city' => 'WINSTED',
  'b_state' => 'CT',
  'b_postcode' => '06098',
  'b_country' => 'US',
  'b_tel' => '8604852249',
) 
02:15:44 array (
  'siteno' => '193736180',
  'version' => '',
  'orderid' => '245150409011',
  'order_time' => '20150409021544',
  'lang' => 'en',
  'currency' => 'USD',
  'vat' => '3.00',
  'discount' => '0.00',
  'shippingfee' => '36.00',
  'productname[0]' => 'New York Islanders #91 John Tavares Black Third NHL Jersey
 Size:M(48)',
  'productno[0]' => 'NHL12395',
  'price[0]' => '34.00',
  'qty[0]' => 1,
  'productname[1]' => 'Islanders #21 Kyle Okposo Baby Blue Stitched NHL Jersey
 Size:L(50)',
  'productno[1]' => 'NHL12381',
  'price[1]' => '33.00',
  'qty[1]' => 1,
  'checkcode' => '780690a036f6dd8b8da629ad553ec803',
  'backurl' => 'http://www.outlet-jersey.com/index.php?main_page=checkout_process',
  'notifyreurl' => 'http://www.outlet-jersey.com/mallpay_check.php',
  's_firstname' => 'Paul',
  's_lastname' => 'Clark',
  's_address' => '17 Lower Cross ',
  's_city' => 'Shoreham',
  's_state' => 'NY',
  's_postcode' => '11786',
  's_country' => 'US',
  'email' => 'clarkenator85@gmail.com',
  's_tel' => '6312416571',
  'b_firstname' => 'Paul',
  'b_lastname' => 'Clark',
  'b_address' => '17 Lower Cross ',
  'b_city' => 'Shoreham',
  'b_state' => 'NY',
  'b_postcode' => '11786',
  'b_country' => 'US',
  'b_tel' => '6312416571',
) 
02:42:06 array (
  'siteno' => '193736180',
  'version' => '',
  'orderid' => '245150409013',
  'order_time' => '20150409024206',
  'lang' => 'en',
  'currency' => 'USD',
  'vat' => '1.50',
  'discount' => '0.00',
  'shippingfee' => '28.00',
  'productname[0]' => 'Anaheim Ducks #17 Ryan Kesler Black Third NHL Jersey
 Size:M(48)',
  'productno[0]' => 'NHL10880',
  'price[0]' => '33.00',
  'qty[0]' => 1,
  'checkcode' => 'cb28b654e16deb92e5b4c69f94e73fbf',
  'backurl' => 'http://www.outlet-jersey.com/index.php?main_page=checkout_process',
  'notifyreurl' => 'http://www.outlet-jersey.com/mallpay_check.php',
  's_firstname' => 'Gabby',
  's_lastname' => 'Nault',
  's_address' => '60 Bluecoat ',
  's_city' => 'Irvine',
  's_state' => 'CA',
  's_postcode' => '92620',
  's_country' => 'US',
  'email' => 'tinkpinkchick10@yahoo.com',
  's_tel' => '7147313322',
  'b_firstname' => 'Gabby',
  'b_lastname' => 'Nault',
  'b_address' => '60 Bluecoat ',
  'b_city' => 'Irvine',
  'b_state' => 'CA',
  'b_postcode' => '92620',
  'b_country' => 'US',
  'b_tel' => '7147313322',
) 
07:43:27 array (
  'siteno' => '193736180',
  'version' => '',
  'orderid' => '245150409022',
  'order_time' => '20150409074327',
  'lang' => 'en',
  'currency' => 'USD',
  'vat' => '6.00',
  'discount' => '0.00',
  'shippingfee' => '52.00',
  'productname[0]' => '2014 Olympic Team Canada #16 Jonathan Toews White Hockey NHL Jersey
 Size:L(50)',
  'productno[0]' => 'NHL10442',
  'price[0]' => '33.00',
  'qty[0]' => 1,
  'productname[1]' => 'NHL Jersey Canadiens 4 Jean Beliveau Stitched Red CH CCM Throwback NHL Jersey Jersey  Men Stitched with Purple Num Stitched NHL Jersey
 Size:XL(52)',
  'productno[1]' => 'NHL2015019698',
  'price[1]' => '36.66',
  'qty[1]' => 1,
  'productname[2]' => 'NHL Jersey Montreal Canadiens 31 Carey Price Red Stitched NHL Jersey Jersey  Men Stitched Charcoal Cross Check Fashion Jersey
 Size:XL(52)',
  'productno[2]' => 'NHL2015019731',
  'price[2]' => '36.70',
  'qty[2]' => 1,
  'productname[3]' => 'NHL Jersey Montreal canadiens 27 Alex Galchenyuk  red NHL Jersey Jerseys   Men Stitched with Purple Num Stitched NHL Jersey
 Size:XL(52)',
  'productno[3]' => 'NHL2015019726',
  'price[3]' => '36.57',
  'qty[3]' => 1,
  'checkcode' => 'ead640bdd8fc4539565b98ab3ed77393',
  'backurl' => 'http://www.outlet-jersey.com/index.php?main_page=checkout_process',
  'notifyreurl' => 'http://www.outlet-jersey.com/mallpay_check.php',
  's_firstname' => 'Ken',
  's_lastname' => 'Sheriko',
  's_address' => '13 East Rhodes Avenue ',
  's_city' => 'West Chester',
  's_state' => 'PA',
  's_postcode' => '19382',
  's_country' => 'US',
  'email' => 'ksheriko@kcc.com',
  's_tel' => '610-389-0281',
  'b_firstname' => 'Ken',
  'b_lastname' => 'Sheriko',
  'b_address' => '13 East Rhodes Avenue ',
  'b_city' => 'West Chester',
  'b_state' => 'PA',
  'b_postcode' => '19382',
  'b_country' => 'US',
  'b_tel' => '610-389-0281',
) 
08:43:51 array (
  'siteno' => '193736180',
  'version' => '',
  'orderid' => '245150409027',
  'order_time' => '20150409084351',
  'lang' => 'en',
  'currency' => 'USD',
  'vat' => '3.00',
  'discount' => '0.00',
  'shippingfee' => '36.00',
  'productname[0]' => 'NHL Jersey Chicago Blackhawks 21 Mikita red ccm  Men Stitched 2015 Winter Classic Stitched NHL Jersey
 Size:XL(52)',
  'productno[0]' => 'NHL2015019536',
  'price[0]' => '36.70',
  'qty[0]' => 1,
  'productname[1]' => 'NHL Jersey Chicago Blackhawks 19 Toews black 2014  Men Stitched Charcoal Cross Check Fashion Jersey
 Size:XL(52)',
  'productno[1]' => 'NHL2015019519',
  'price[1]' => '36.56',
  'qty[1]' => 1,
  'checkcode' => '047a2534de38ed5a341cfbd8368fa18d',
  'backurl' => 'http://www.outlet-jersey.com/index.php?main_page=checkout_process',
  'notifyreurl' => 'http://www.outlet-jersey.com/mallpay_check.php',
  's_firstname' => 'camerom',
  's_lastname' => 'wellmaker',
  's_address' => '111 brentwood blvd. ',
  's_city' => 'monroe',
  's_state' => 'GA',
  's_postcode' => '30655',
  's_country' => 'US',
  'email' => 'wellmaker77@icloud.com',
  's_tel' => '6789796352',
  'b_firstname' => 'camerom',
  'b_lastname' => 'wellmaker',
  'b_address' => '111 brentwood blvd. ',
  'b_city' => 'monroe',
  'b_state' => 'GA',
  'b_postcode' => '30655',
  'b_country' => 'US',
  'b_tel' => '6789796352',
) 
