03:23:30 array (
  'siteno' => '519276143',
  'version' => '',
  'orderid' => '323150515003',
  'order_time' => '20150515032330',
  'lang' => 'en',
  'currency' => 'USD',
  'vat' => '7.50',
  'discount' => '0.00',
  'shippingfee' => '68.00',
  'productname[0]' => 'Rangers St Patty\'s Day #30 Henrik Lundqvist Green Stitched NHL Jersey
 Size:XL(52)',
  'productno[0]' => 'NHL12504',
  'price[0]' => '33.00',
  'qty[0]' => 1,
  'productname[1]' => 'Rangers #30 Henrik Lundqvist Stitched Blue NHL Jersey
 Size:XL(52)',
  'productno[1]' => 'NHL12484',
  'price[1]' => '33.00',
  'qty[1]' => 1,
  'productname[2]' => 'Men\'s mark messier premier white jersey reebok 11 NHL new york rangers
 Size:52 (XL)',
  'productno[2]' => 'NHL13629',
  'price[2]' => '33.00',
  'qty[2]' => 1,
  'productname[3]' => 'New York Rangers #30 Henrik Lundqvist White 2014 Stadium Series Stitched NHL Jersey
 Size:M(48)',
  'productno[3]' => 'NHL12410',
  'price[3]' => '33.00',
  'qty[3]' => 1,
  'productname[4]' => 'Mitchell and Ness Yankees #15 Thurman Munson Stitched White Throwback Baseball Jersey
 Size:Extra Large/52',
  'productno[4]' => 'MLB12581',
  'price[4]' => '18.50',
  'qty[4]' => 1,
  'checkcode' => '0fa2194a03d835f50edc8c041ef0b102',
  'backurl' => 'http://www.stars-jersey.com/index.php?main_page=checkout_process',
  'notifyreurl' => 'http://www.stars-jersey.com/mallpay_check.php',
  's_firstname' => 'Brian',
  's_lastname' => 'O\'Hara',
  's_address' => '4277 N. Brynner Pass ',
  's_city' => 'Beverly Hills',
  's_state' => 'FL',
  's_postcode' => '34465',
  's_country' => 'US',
  'email' => 'yanks1521us@yahoo.com',
  's_tel' => '352-362-6391',
  'b_firstname' => 'Brian',
  'b_lastname' => 'O\'Hara',
  'b_address' => '4277 N. Brynner Pass ',
  'b_city' => 'Beverly Hills',
  'b_state' => 'FL',
  'b_postcode' => '34465',
  'b_country' => 'US',
  'b_tel' => '352-362-6391',
) 
03:32:37 array (
  'siteno' => '519276143',
  'version' => '',
  'orderid' => '323150515006',
  'order_time' => '20150515033237',
  'lang' => 'en',
  'currency' => 'USD',
  'vat' => '7.50',
  'discount' => '0.00',
  'shippingfee' => '68.00',
  'productname[0]' => 'Rangers St Patty\'s Day #30 Henrik Lundqvist Green Stitched NHL Jersey
 Size:XL(52)',
  'productno[0]' => 'NHL12504',
  'price[0]' => '33.00',
  'qty[0]' => 1,
  'productname[1]' => 'Rangers #30 Henrik Lundqvist Stitched Blue NHL Jersey
 Size:XL(52)',
  'productno[1]' => 'NHL12484',
  'price[1]' => '33.00',
  'qty[1]' => 1,
  'productname[2]' => 'Men\'s mark messier premier white jersey reebok 11 NHL new york rangers
 Size:52 (XL)',
  'productno[2]' => 'NHL13629',
  'price[2]' => '33.00',
  'qty[2]' => 1,
  'productname[3]' => 'New York Rangers #30 Henrik Lundqvist White 2014 Stadium Series Stitched NHL Jersey
 Size:M(48)',
  'productno[3]' => 'NHL12410',
  'price[3]' => '33.00',
  'qty[3]' => 1,
  'productname[4]' => 'Mitchell and Ness Yankees #15 Thurman Munson Stitched White Throwback Baseball Jersey
 Size:Extra Large/52',
  'productno[4]' => 'MLB12581',
  'price[4]' => '18.50',
  'qty[4]' => 1,
  'checkcode' => '1d0f4aa8bdf96af014eda026b4cede76',
  'backurl' => 'http://www.stars-jersey.com/index.php?main_page=checkout_process',
  'notifyreurl' => 'http://www.stars-jersey.com/mallpay_check.php',
  's_firstname' => 'Brian',
  's_lastname' => 'O\'Hara',
  's_address' => '4277 N. Brynner Pass ',
  's_city' => 'Beverly Hills',
  's_state' => 'FL',
  's_postcode' => '34465',
  's_country' => 'US',
  'email' => 'yanks1521us@yahoo.com',
  's_tel' => '352-362-6391',
  'b_firstname' => 'Brian',
  'b_lastname' => 'O\'Hara',
  'b_address' => '4277 N. Brynner Pass ',
  'b_city' => 'Beverly Hills',
  'b_state' => 'FL',
  'b_postcode' => '34465',
  'b_country' => 'US',
  'b_tel' => '352-362-6391',
) 
04:33:33 array (
  'siteno' => '519276143',
  'version' => '',
  'orderid' => '323150515010',
  'order_time' => '20150515043333',
  'lang' => 'en',
  'currency' => 'USD',
  'vat' => '4.50',
  'discount' => '0.00',
  'shippingfee' => '58.00',
  'productname[0]' => 'Chicago Blackhawks Reebok 65 Andrew Shaw Green Jersey Men Stiched Noble Fashion NHL Jersey
 Size:56 (XXXL)',
  'productno[0]' => 'NHL1548005',
  'price[0]' => '33.00',
  'qty[0]' => 1,
  'productname[1]' => 'NHL Chicago Blackhawks #88 Kane Red Fashion Noble Jersey
 Size:56 (XXXL)',
  'productno[1]' => 'NHL15425007',
  'price[1]' => '33.00',
  'qty[1]' => 1,
  'productname[2]' => 'OK3163 73-W40 Polarised Sunglass Grey Lens Black Frame',
  'productno[2]' => 'OK3163 73-W40',
  'price[2]' => '36.69',
  'qty[2]' => 1,
  'checkcode' => '4736e6f82980612d1412c2fc86eb8959',
  'backurl' => 'http://www.stars-jersey.com/index.php?main_page=checkout_process',
  'notifyreurl' => 'http://www.stars-jersey.com/mallpay_check.php',
  's_firstname' => 'Matthew',
  's_lastname' => 'Day',
  's_address' => '301 Chateau Dr ',
  's_city' => 'Buffalo Grove',
  's_state' => 'IL',
  's_postcode' => '60089',
  's_country' => 'US',
  'email' => 'daymatt@aol.com',
  's_tel' => '3124988864',
  'b_firstname' => 'Matthew',
  'b_lastname' => 'Day',
  'b_address' => '301 Chateau Dr ',
  'b_city' => 'Buffalo Grove',
  'b_state' => 'IL',
  'b_postcode' => '60089',
  'b_country' => 'US',
  'b_tel' => '3124988864',
) 
10:19:57 array (
  'siteno' => '519276143',
  'version' => '',
  'orderid' => '323150515016',
  'order_time' => '20150515101957',
  'lang' => 'en',
  'currency' => 'USD',
  'vat' => '1.50',
  'discount' => '0.00',
  'shippingfee' => '28.00',
  'productname[0]' => 'NHL Jersey Chicago Blackhawks 88 Kane 3rd  Men Stitched Fights Cancer Stitched Hockey Jersey
 Size:M(48)',
  'productno[0]' => 'NHL2015019621',
  'price[0]' => '33.00',
  'qty[0]' => 1,
  'checkcode' => '61e4172d391c781e2aa9cd236966fac9',
  'backurl' => 'http://www.stars-jersey.com/index.php?main_page=checkout_process',
  'notifyreurl' => 'http://www.stars-jersey.com/mallpay_check.php',
  's_firstname' => 'Enaungksah',
  's_lastname' => 'OBannon',
  's_address' => '2336 E 70th pl apt 3 ',
  's_city' => 'CHICAGO',
  's_state' => 'IL',
  's_postcode' => '60649',
  's_country' => 'US',
  'email' => 'Naunksa@gmail.com',
  's_tel' => '7739914599',
  'b_firstname' => 'Enaungksah',
  'b_lastname' => 'OBannon',
  'b_address' => '2336 E 70th pl apt 3 ',
  'b_city' => 'CHICAGO',
  'b_state' => 'IL',
  'b_postcode' => '60649',
  'b_country' => 'US',
  'b_tel' => '7739914599',
) 
10:21:24 array (
  'siteno' => '519276143',
  'version' => '',
  'orderid' => '323150515017',
  'order_time' => '20150515102124',
  'lang' => 'en',
  'currency' => 'USD',
  'vat' => '1.50',
  'discount' => '0.00',
  'shippingfee' => '28.00',
  'productname[0]' => 'NHL Jersey Chicago Blackhawks 88 Kane 3rd  Men Stitched Fights Cancer Stitched Hockey Jersey
 Size:M(48)',
  'productno[0]' => 'NHL2015019621',
  'price[0]' => '33.00',
  'qty[0]' => 1,
  'checkcode' => '2e0cac4c5191569881ac1c38073ed2ad',
  'backurl' => 'http://www.stars-jersey.com/index.php?main_page=checkout_process',
  'notifyreurl' => 'http://www.stars-jersey.com/mallpay_check.php',
  's_firstname' => 'Enaungksah',
  's_lastname' => 'OBannon',
  's_address' => '2336 E 70th pl apt 3 ',
  's_city' => 'CHICAGO',
  's_state' => 'IL',
  's_postcode' => '60649',
  's_country' => 'US',
  'email' => 'Naunksa@gmail.com',
  's_tel' => '7739914599',
  'b_firstname' => 'Enaungksah',
  'b_lastname' => 'OBannon',
  'b_address' => '2336 E 70th pl apt 3 ',
  'b_city' => 'CHICAGO',
  'b_state' => 'IL',
  'b_postcode' => '60649',
  'b_country' => 'US',
  'b_tel' => '7739914599',
) 
