04:26:14 array (
  'siteno' => '193736180',
  'version' => '',
  'orderid' => '245150415012',
  'order_time' => '20150415042614',
  'lang' => 'en',
  'currency' => 'USD',
  'vat' => '1.50',
  'discount' => '0.00',
  'shippingfee' => '25.00',
  'productname[0]' => 'Dallas Stars #91 Tyler Seguin Green Home NHL Jersey
 Size:M(48)',
  'productno[0]' => 'NHL11759',
  'price[0]' => '33.00',
  'qty[0]' => 1,
  'checkcode' => 'a011628c2c8369b7e0c44c4e8528ee0b',
  'backurl' => 'http://www.outlet-jersey.com/index.php?main_page=checkout_process',
  'notifyreurl' => 'http://www.outlet-jersey.com/mallpay_check.php',
  's_firstname' => 'Lee',
  's_lastname' => 'cooper',
  's_address' => '1623 park place ',
  's_city' => 'college station',
  's_state' => 'TX',
  's_postcode' => '75205',
  's_country' => 'US',
  'email' => 'lccooper13@gmail.com',
  's_tel' => '2145367623',
  'b_firstname' => 'Lee',
  'b_lastname' => 'cooper',
  'b_address' => '3724 potomac ',
  'b_city' => 'dallas',
  'b_state' => 'TX',
  'b_postcode' => '75205',
  'b_country' => 'US',
  'b_tel' => '2145367623',
) 
08:15:05 array (
  'siteno' => '193736180',
  'version' => '',
  'orderid' => '245150415019',
  'order_time' => '20150415081505',
  'lang' => 'en',
  'currency' => 'USD',
  'vat' => '4.50',
  'discount' => '0.00',
  'shippingfee' => '44.00',
  'productname[0]' => 'Detroit Red Wings 24 Chris Chelios Red Jersey Men Stiched Noble Fashion NHL Jersey
 Size:52 (XL)',
  'productno[0]' => 'NHL1548007',
  'price[0]' => '38.99',
  'qty[0]' => 1,
  'productname[1]' => 'NHL Jersey Detroit Red Wings 3  Men Stitched Fights Cancer Stitched Hockey Jersey
 Size:XXL(54)',
  'productno[1]' => 'NHL2015019657',
  'price[1]' => '36.80',
  'qty[1]' => 1,
  'productname[2]' => 'NHL Jersey Edmonton Oiler 4  Men Stitched Charcoal Cross Check Fashion Jersey
 Size:XXL(54)',
  'productno[2]' => 'NHL2015019667',
  'price[2]' => '36.80',
  'qty[2]' => 1,
  'checkcode' => '317a6db97d988bafa713d5a75d96ab30',
  'backurl' => 'http://www.outlet-jersey.com/index.php?main_page=checkout_process',
  'notifyreurl' => 'http://www.outlet-jersey.com/mallpay_check.php',
  's_firstname' => 'Joshua',
  's_lastname' => 'Evans',
  's_address' => '1529 4th avenue west ',
  's_city' => 'Williston',
  's_state' => 'ND',
  's_postcode' => '58801',
  's_country' => 'US',
  'email' => 'evanspenni@yahoo.com',
  's_tel' => '7015805149',
  'b_firstname' => 'Joshua',
  'b_lastname' => 'Evans',
  'b_address' => '1529 4th avenue west ',
  'b_city' => 'Williston',
  'b_state' => 'ND',
  'b_postcode' => '58801',
  'b_country' => 'US',
  'b_tel' => '7015805149',
) 
08:17:32 array (
  'siteno' => '193736180',
  'version' => '',
  'orderid' => '245150415020',
  'order_time' => '20150415081732',
  'lang' => 'en',
  'currency' => 'USD',
  'vat' => '4.50',
  'discount' => '0.00',
  'shippingfee' => '20.00',
  'productname[0]' => 'Detroit Red Wings 24 Chris Chelios Red Jersey Men Stiched Noble Fashion NHL Jersey
 Size:52 (XL)',
  'productno[0]' => 'NHL1548007',
  'price[0]' => '38.99',
  'qty[0]' => 1,
  'productname[1]' => 'NHL Jersey Detroit Red Wings 3  Men Stitched Fights Cancer Stitched Hockey Jersey
 Size:XXL(54)',
  'productno[1]' => 'NHL2015019657',
  'price[1]' => '36.80',
  'qty[1]' => 1,
  'productname[2]' => 'NHL Jersey Edmonton Oiler 4  Men Stitched Charcoal Cross Check Fashion Jersey
 Size:XXL(54)',
  'productno[2]' => 'NHL2015019667',
  'price[2]' => '36.80',
  'qty[2]' => 1,
  'checkcode' => '11b63a0893b06a6f46fd49ef128ce040',
  'backurl' => 'http://www.outlet-jersey.com/index.php?main_page=checkout_process',
  'notifyreurl' => 'http://www.outlet-jersey.com/mallpay_check.php',
  's_firstname' => 'Joshua',
  's_lastname' => 'Evans',
  's_address' => '1529 4th avenue west ',
  's_city' => 'Williston',
  's_state' => 'ND',
  's_postcode' => '58801',
  's_country' => 'US',
  'email' => 'evanspenni@yahoo.com',
  's_tel' => '7015805149',
  'b_firstname' => 'Joshua',
  'b_lastname' => 'Evans',
  'b_address' => '1529 4th avenue west ',
  'b_city' => 'Williston',
  'b_state' => 'ND',
  'b_postcode' => '58801',
  'b_country' => 'US',
  'b_tel' => '7015805149',
) 
10:32:06 array (
  'siteno' => '193736180',
  'version' => '',
  'orderid' => '245150415024',
  'order_time' => '20150415103206',
  'lang' => 'en',
  'currency' => 'USD',
  'vat' => '7.50',
  'discount' => '0.00',
  'shippingfee' => '60.00',
  'productname[0]' => 'New York Rangers 11 Mark Messier Blue White Word Jersey New CH Stitched NHL Jersey
 Size:54 (XXL)',
  'productno[0]' => 'NHL13720',
  'price[0]' => '38.99',
  'qty[0]' => 1,
  'productname[1]' => 'NHL Jersey Canadiens 33 Patrick Roy Stitched Red CCM NHL Jersey Jersey  Men Stitched Charcoal Cross Check Fashion Jersey
 Size:XXL(54)',
  'productno[1]' => 'NHL2015019695',
  'price[1]' => '36.53',
  'qty[1]' => 1,
  'productname[2]' => 'Red Wings #9 Gordie Howe Red 2014 Winter Classic Stitched NHL Jersey
 Size:XXL(54)',
  'productno[2]' => 'NHL11847',
  'price[2]' => '33.00',
  'qty[2]' => 1,
  'productname[3]' => 'Bruins #4 Bobby Orr CCM Throwback White Stitched NHL Jersey
 Size:XXL(54)',
  'productno[3]' => 'NHL10959',
  'price[3]' => '33.00',
  'qty[3]' => 1,
  'productname[4]' => 'Bruins #77 Ray Bourque White All Star CCM Throwback 75TH Stitched NHL Jersey
 Size:XXL(54)',
  'productno[4]' => 'NHL10977',
  'price[4]' => '33.00',
  'qty[4]' => 1,
  'checkcode' => '8bd262d08dd9c5df3ee24fbb9d1fed06',
  'backurl' => 'http://www.outlet-jersey.com/index.php?main_page=checkout_process',
  'notifyreurl' => 'http://www.outlet-jersey.com/mallpay_check.php',
  's_firstname' => 'Richard',
  's_lastname' => 'Cornell',
  's_address' => '4840 express dr south ',
  's_city' => 'Ronkonkoma',
  's_state' => 'NY',
  's_postcode' => '11779',
  's_country' => 'US',
  'email' => 'Animalcornell913@gmail.com',
  's_tel' => '631-352-8183',
  'b_firstname' => 'Richard',
  'b_lastname' => 'Cornell',
  'b_address' => '4840 express dr south ',
  'b_city' => 'Ronkonkoma',
  'b_state' => 'NY',
  'b_postcode' => '11779',
  'b_country' => 'US',
  'b_tel' => '631-352-8183',
) 
23:59:45 array (
  'siteno' => '193736180',
  'version' => '',
  'orderid' => '245150415045',
  'order_time' => '20150415235945',
  'lang' => 'en',
  'currency' => 'USD',
  'vat' => '6.00',
  'discount' => '0.00',
  'shippingfee' => '48.00',
  'productname[0]' => 'Red Wings #13 Pavel Datsyuk Red 2014 Winter Classic Stitched NHL Jersey
 Size:M(48)',
  'productno[0]' => 'NHL11802',
  'price[0]' => '33.00',
  'qty[0]' => 1,
  'productname[1]' => 'Tigers #27 Jhonny Peralta Blue All-Star 2013 American League Stitched Baseball Jersey
 Size:Medium/48',
  'productno[1]' => 'MLB11271',
  'price[1]' => '18.50',
  'qty[1]' => 1,
  'productname[2]' => 'Dodgers #99 Manny Ramirez Stitched White Baseball Jersey
 Size:Medium/48',
  'productno[2]' => 'MLB11555',
  'price[2]' => '18.50',
  'qty[2]' => 1,
  'productname[3]' => 'Philadelphia 76ers 34 Charles Barkley Blue Hardwood Classics Revolution 30 NBA Jerseys
 Size:48(M)',
  'productno[3]' => 'NBA12464',
  'price[3]' => '18.50',
  'qty[3]' => 1,
  'checkcode' => '0be51dde05ded1d36b375ed43ce74736',
  'backurl' => 'http://www.outlet-jersey.com/index.php?main_page=checkout_process',
  'notifyreurl' => 'http://www.outlet-jersey.com/mallpay_check.php',
  's_firstname' => 'Kate',
  's_lastname' => 'OFlynn',
  's_address' => '9007 Paddock Ln ',
  's_city' => 'Saline',
  's_state' => 'MI',
  's_postcode' => '48176',
  's_country' => 'US',
  'email' => 'brianoflynn@comcast.net',
  's_tel' => '734 429 5335',
  'b_firstname' => 'Kate',
  'b_lastname' => 'OFlynn',
  'b_address' => '9007 Paddock Ln ',
  'b_city' => 'Saline',
  'b_state' => 'MI',
  'b_postcode' => '48176',
  'b_country' => 'US',
  'b_tel' => '734 429 5335',
) 
