03:41:40 array (
  'siteno' => '519276143',
  'version' => '',
  'orderid' => '323150518003',
  'order_time' => '20150518034140',
  'lang' => 'en',
  'currency' => 'USD',
  'vat' => '1.50',
  'discount' => '0.00',
  'shippingfee' => '25.00',
  'productname[0]' => 'Bruins 2011 Stanley Cup Champions Patch #33 Zdeno Chara Black Stitched Youth NHL Jersey
 Size:Small/Medium',
  'productno[0]' => 'YOUTH4418',
  'price[0]' => '31.00',
  'qty[0]' => 1,
  'checkcode' => 'bb7a5ef1d18c5c6bfddebf259d60bd39',
  'backurl' => 'http://www.stars-jersey.com/index.php?main_page=checkout_process',
  'notifyreurl' => 'http://www.stars-jersey.com/mallpay_check.php',
  's_firstname' => 'steven',
  's_lastname' => 'byrnes',
  's_address' => '684 broadway ',
  's_city' => 'everett',
  's_state' => 'MA',
  's_postcode' => '02149',
  's_country' => 'US',
  'email' => 'steven528tina@gmail.com',
  's_tel' => '6176052018',
  'b_firstname' => 'steven',
  'b_lastname' => 'byrnes',
  'b_address' => '684 broadway ',
  'b_city' => 'everett',
  'b_state' => 'MA',
  'b_postcode' => '02149',
  'b_country' => 'US',
  'b_tel' => '6176052018',
) 
