23:13:50 array (
  'siteno' => '519276143',
  'version' => '',
  'orderid' => '323150517008',
  'order_time' => '20150517231350',
  'lang' => 'en',
  'currency' => 'USD',
  'vat' => '4.50',
  'discount' => '0.00',
  'shippingfee' => '20.00',
  'productname[0]' => 'Mitchelland Ness Yankees #4 Lou Gehrig Stitched White Throwback Baseball Jersey
 Size:Extra Large/52',
  'productno[0]' => 'MLB12586',
  'price[0]' => '18.50',
  'qty[0]' => 1,
  'productname[1]' => 'Mitchelland Ness Yankees #5 Joe DiMaggio Stitched White Throwback Baseball Jersey
 Size:Extra Large/52',
  'productno[1]' => 'MLB12588',
  'price[1]' => '18.50',
  'qty[1]' => 1,
  'productname[2]' => 'Mitchell And Ness 1929 Yankees #3 Babe Ruth White Throwback Stitched Baseball Jersey
 Size:Extra Large/52',
  'productno[2]' => 'MLB12570',
  'price[2]' => '18.50',
  'qty[2]' => 1,
  'checkcode' => '840e77f2c82a0a4d59dc6142bd116884',
  'backurl' => 'http://www.stars-jersey.com/index.php?main_page=checkout_process',
  'notifyreurl' => 'http://www.stars-jersey.com/mallpay_check.php',
  's_firstname' => 'Richard',
  's_lastname' => 'Guinther',
  's_address' => '7 Serven Pl ',
  's_city' => 'CLIFTON',
  's_state' => 'NJ',
  's_postcode' => '07011',
  's_country' => 'US',
  'email' => 'RICHGUNS007@GMAIL.COM',
  's_tel' => '(201)739-5079',
  'b_firstname' => 'Richard',
  'b_lastname' => 'Guinther',
  'b_address' => '7 Serven Pl ',
  'b_city' => 'CLIFTON',
  'b_state' => 'NJ',
  'b_postcode' => '07011',
  'b_country' => 'US',
  'b_tel' => '(201)739-5079',
) 
23:23:45 array (
  'siteno' => '519276143',
  'version' => '',
  'orderid' => '323150517009',
  'order_time' => '20150517232345',
  'lang' => 'en',
  'currency' => 'USD',
  'vat' => '4.50',
  'discount' => '0.00',
  'shippingfee' => '20.00',
  'productname[0]' => 'Mitchelland Ness Yankees #4 Lou Gehrig Stitched White Throwback Baseball Jersey
 Size:Extra Large/52',
  'productno[0]' => 'MLB12586',
  'price[0]' => '18.50',
  'qty[0]' => 1,
  'productname[1]' => 'Mitchelland Ness Yankees #5 Joe DiMaggio Stitched White Throwback Baseball Jersey
 Size:Extra Large/52',
  'productno[1]' => 'MLB12588',
  'price[1]' => '18.50',
  'qty[1]' => 1,
  'productname[2]' => 'Mitchell And Ness 1929 Yankees #3 Babe Ruth White Throwback Stitched Baseball Jersey
 Size:Extra Large/52',
  'productno[2]' => 'MLB12570',
  'price[2]' => '18.50',
  'qty[2]' => 1,
  'checkcode' => '8a47462fad1f7fe4f6318ee7c6f2b5f9',
  'backurl' => 'http://www.stars-jersey.com/index.php?main_page=checkout_process',
  'notifyreurl' => 'http://www.stars-jersey.com/mallpay_check.php',
  's_firstname' => 'Richard',
  's_lastname' => 'Guinther',
  's_address' => '7 Serven Pl ',
  's_city' => 'CLIFTON',
  's_state' => 'NJ',
  's_postcode' => '07011',
  's_country' => 'US',
  'email' => 'RICHGUNS007@GMAIL.COM',
  's_tel' => '(201)739-5079',
  'b_firstname' => 'Richard',
  'b_lastname' => 'Guinther',
  'b_address' => '7 Serven Pl ',
  'b_city' => 'CLIFTON',
  'b_state' => 'NJ',
  'b_postcode' => '07011',
  'b_country' => 'US',
  'b_tel' => '(201)739-5079',
) 
