04:32:30 array (
  'siteno' => '193736180',
  'version' => '',
  'orderid' => '245150131007',
  'order_time' => '20150131043230',
  'lang' => 'en',
  'currency' => 'USD',
  'vat' => '4.00',
  'discount' => '0.00',
  'shippingfee' => '25.00',
  'productname[0]' => '2012 NEW NFL Seattle Seahawks #89 Doug Baldwin Grey Jerseys (Elite)
 Size:60',
  'productno[0]' => 'NFL28149',
  'price[0]' => '22.50',
  'qty[0]' => 1,
  'checkcode' => 'fbec7a964bb70ec4c697c14001e4b766',
  'backurl' => 'http://www.outlet-jersey.com/index.php?main_page=checkout_process',
  'notifyreurl' => 'http://www.outlet-jersey.com/mallpay_check.php',
  's_firstname' => 'Christopher',
  's_lastname' => 'Lucas',
  's_address' => '6582 NE Capricorn LN ',
  's_city' => 'Bremerton',
  's_state' => 'WA',
  's_postcode' => '98311',
  's_country' => 'US',
  'email' => 'cenelson6582@comcast.net',
  's_tel' => '360-731-3709',
  'b_firstname' => 'Christopher',
  'b_lastname' => 'Lucas',
  'b_address' => '6582 NE Capricorn LN ',
  'b_city' => 'Bremerton',
  'b_state' => 'WA',
  'b_postcode' => '98311',
  'b_country' => 'US',
  'b_tel' => '360-731-3709',
) 
06:33:57 array (
  'siteno' => '193736180',
  'version' => '',
  'orderid' => '245150131013',
  'order_time' => '20150131063357',
  'lang' => 'en',
  'currency' => 'USD',
  'vat' => '44.00',
  'discount' => '0.00',
  'shippingfee' => '0.00',
  'productname[0]' => 'Nike Seahawks #24 Marshawn Lynch Steel Blue Men\'s Stitched NFL Game Jersey
 Size:XL',
  'productno[0]' => 'NFL28361',
  'price[0]' => '21.50',
  'qty[0]' => 1,
  'productname[1]' => 'NEW Seattle Seahawks 12 Fan Blue Green Drift Fashion II Elite NFL Jerseys
 Size:48',
  'productno[1]' => 'NFL28295',
  'price[1]' => '22.50',
  'qty[1]' => 1,
  'productname[2]' => 'Nike Seattle Seahawks #3 Russell Wilson Light Blue Super Bowl XLVIII NFL Elite Jersey
 Size:40',
  'productno[2]' => 'NFL28467',
  'price[2]' => '22.50',
  'qty[2]' => 1,
  'productname[3]' => 'Nike Seattle Seahawks #3 Russell Wilson Light Blue Super Bowl XLVIII NFL Elite Jersey
 Size:48',
  'productno[3]' => 'NFL28467',
  'price[3]' => '22.50',
  'qty[3]' => 1,
  'productname[4]' => 'Nike Seattle Seahawks #3 Russell Wilson Red NFL Elite QB Practice Jersey
 Size:48',
  'productno[4]' => 'NFL28468',
  'price[4]' => '22.50',
  'qty[4]' => 1,
  'productname[5]' => 'Nike Seahawks #31 Kam Chancellor Steel Blue Team Color Men\'s Stitched NFL Elite Jersey
 Size:52/2XL',
  'productno[5]' => 'NFL28422',
  'price[5]' => '22.50',
  'qty[5]' => 1,
  'productname[6]' => '2013 NFL NEW Denver Broncos 58 Von Miller Orange Jerseys(Limited)
 Size:L',
  'productno[6]' => 'NFL19872',
  'price[6]' => '21.50',
  'qty[6]' => 1,
  'productname[7]' => 'Men\'s Nike Denver Broncos Vapor Jet 2.0 Gloves
 Size:L',
  'productno[7]' => 'NFL19919',
  'price[7]' => '18.00',
  'qty[7]' => 1,
  'productname[8]' => 'Mitchell & Ness Broncos #84 Shannon Sharpe Orange Stitched Throwback NFL Jersey
 Size:Large/50',
  'productno[8]' => 'NFL19937',
  'price[8]' => '19.00',
  'qty[8]' => 1,
  'productname[9]' => 'Nike Broncos #7 John Elway Orange Team Color Men\'s Stitched NFL Elite Jersey
 Size:48/XL',
  'productno[9]' => 'NFL20148',
  'price[9]' => '22.50',
  'qty[9]' => 1,
  'productname[10]' => 'Men\'s Nike Seattle Seahawks Vapor Jet 2.0 Gloves
 Size:L',
  'productno[10]' => 'NFL28206',
  'price[10]' => '18.00',
  'qty[10]' => 1,
  'checkcode' => 'eedb3214e8f900fd5f2dcb4760b616a2',
  'backurl' => 'http://www.outlet-jersey.com/index.php?main_page=checkout_process',
  'notifyreurl' => 'http://www.outlet-jersey.com/mallpay_check.php',
  's_firstname' => 'James',
  's_lastname' => 'Harper',
  's_address' => '8018 So Thompson Ave ',
  's_city' => 'Tacoma',
  's_state' => 'WA',
  's_postcode' => '98408',
  's_country' => 'US',
  'email' => 'stickshooter69@aol.com',
  's_tel' => '2534743513',
  'b_firstname' => 'James',
  'b_lastname' => 'Harper',
  'b_address' => '8018 So Thompson Ave ',
  'b_city' => 'Tacoma',
  'b_state' => 'WA',
  'b_postcode' => '98408',
  'b_country' => 'US',
  'b_tel' => '2534743513',
) 
12:15:14 array (
  'siteno' => '193736180',
  'version' => '',
  'orderid' => '245150131025',
  'order_time' => '20150131121514',
  'lang' => 'en',
  'currency' => 'USD',
  'vat' => '4.00',
  'discount' => '0.00',
  'shippingfee' => '25.00',
  'productname[0]' => '2015 NFL Seattle Seahawks Knit Hats 15',
  'productno[0]' => 'HAT13240',
  'price[0]' => '9.90',
  'qty[0]' => 1,
  'checkcode' => '4386b5f5659203ecd2e3b28a21c4398a',
  'backurl' => 'http://www.outlet-jersey.com/index.php?main_page=checkout_process',
  'notifyreurl' => 'http://www.outlet-jersey.com/mallpay_check.php',
  's_firstname' => 'vhanhalin',
  's_lastname' => 'tamayo',
  's_address' => '2001 31st street ',
  's_city' => 'fort lee',
  's_state' => 'VA',
  's_postcode' => '23801',
  's_country' => 'US',
  'email' => 'vhantamayo@ymail.com',
  's_tel' => '2064584820',
  'b_firstname' => 'vhanhalin',
  'b_lastname' => 'tamayo',
  'b_address' => '2001 31st street ',
  'b_city' => 'fort lee',
  'b_state' => 'VA',
  'b_postcode' => '23801',
  'b_country' => 'US',
  'b_tel' => '2064584820',
) 
21:03:07 array (
  'siteno' => '193736180',
  'version' => '',
  'orderid' => '245150131030',
  'order_time' => '20150131210307',
  'lang' => 'en',
  'currency' => 'USD',
  'vat' => '4.00',
  'discount' => '0.00',
  'shippingfee' => '25.00',
  'productname[0]' => 'Seattle Seahawks #31 Kam Chancellor Black Gold No. Fashion NFL Elite Jersey
 Size:52',
  'productno[0]' => 'NFL28505',
  'price[0]' => '22.50',
  'qty[0]' => 1,
  'checkcode' => '0b8222785a355da07ffb5cb323df6cc6',
  'backurl' => 'http://www.outlet-jersey.com/index.php?main_page=checkout_process',
  'notifyreurl' => 'http://www.outlet-jersey.com/mallpay_check.php',
  's_firstname' => 'Chris',
  's_lastname' => 'Anderson',
  's_address' => '201 E. Northlake Dr. ',
  's_city' => 'Shelton',
  's_state' => 'WA',
  's_postcode' => '98584',
  's_country' => 'US',
  'email' => 'roanoak88@gmail.com',
  's_tel' => '3605496634',
  'b_firstname' => 'Chris',
  'b_lastname' => 'Anderson',
  'b_address' => '201 E. Northlake Dr. ',
  'b_city' => 'Shelton',
  'b_state' => 'WA',
  'b_postcode' => '98584',
  'b_country' => 'US',
  'b_tel' => '3605496634',
) 
21:51:18 array (
  'siteno' => '193736180',
  'version' => '',
  'orderid' => '245150131034',
  'order_time' => '20150131215118',
  'lang' => 'en',
  'currency' => 'USD',
  'vat' => '12.00',
  'discount' => '0.00',
  'shippingfee' => '20.00',
  'productname[0]' => '2014 Nike New England Patriots 29 Blount Grey Vapor Elite Jerseys
 Size:40',
  'productno[0]' => 'NFL22479',
  'price[0]' => '22.50',
  'qty[0]' => 1,
  'productname[1]' => '2014 Nike New England Patriots 29 Blount Drift Fashion Grey Elite Jerseys
 Size:48',
  'productno[1]' => 'NFL22478',
  'price[1]' => '22.50',
  'qty[1]' => 1,
  'productname[2]' => 'NEW New England Patriots Tom Brady 12 Women Draft Him Shimmer V-Neck Pink
 Size:M',
  'productno[2]' => 'WOMEN1030',
  'price[2]' => '21.00',
  'qty[2]' => 1,
  'checkcode' => '4cfeebe86921b4bfaa7946b53fa24041',
  'backurl' => 'http://www.outlet-jersey.com/index.php?main_page=checkout_process',
  'notifyreurl' => 'http://www.outlet-jersey.com/mallpay_check.php',
  's_firstname' => 'Maurice',
  's_lastname' => 'Bean',
  's_address' => '77 Enfield Rd ',
  's_city' => 'Lincoln',
  's_state' => 'ME',
  's_postcode' => '04457',
  's_country' => 'US',
  'email' => 'bean.missy71@yahoo.com',
  's_tel' => '207-290-7963',
  'b_firstname' => 'Maurice',
  'b_lastname' => 'Bean',
  'b_address' => '77 Enfield Rd ',
  'b_city' => 'Lincoln',
  'b_state' => 'ME',
  'b_postcode' => '04457',
  'b_country' => 'US',
  'b_tel' => '207-290-7963',
) 
23:16:31 array (
  'siteno' => '193736180',
  'version' => '',
  'orderid' => '245150131038',
  'order_time' => '20150131231631',
  'lang' => 'en',
  'currency' => 'USD',
  'vat' => '8.00',
  'discount' => '0.00',
  'shippingfee' => '20.00',
  'productname[0]' => 'NEW Green Bay Packers #27 Lacy Black Jerseys(Lights Out Elite)
 Size:44',
  'productno[0]' => 'NFL20527',
  'price[0]' => '22.50',
  'qty[0]' => 1,
  'productname[1]' => 'Green Bay Packers #12 Aaron Rodgers Black Gold No. Fashion NFL Elite Jersey
 Size:44',
  'productno[1]' => 'NFL20490',
  'price[1]' => '22.50',
  'qty[1]' => 1,
  'checkcode' => 'b53a0b001c2b4847261cc8acf15b31e1',
  'backurl' => 'http://www.outlet-jersey.com/index.php?main_page=checkout_process',
  'notifyreurl' => 'http://www.outlet-jersey.com/mallpay_check.php',
  's_firstname' => 'Rochelle',
  's_lastname' => 'Blindauer',
  's_address' => '1352 Fleetwood Dr ',
  's_city' => 'Manitowoc',
  's_state' => 'WI',
  's_postcode' => '54220',
  's_country' => 'US',
  'email' => 'rblindauer22@gmail.com',
  's_tel' => '920410272$',
  'b_firstname' => 'Rochelle',
  'b_lastname' => 'Blindauer',
  'b_address' => '1352 Fleetwood Dr ',
  'b_city' => 'Manitowoc',
  'b_state' => 'WI',
  'b_postcode' => '54220',
  'b_country' => 'US',
  'b_tel' => '920410272$',
) 
