04:26:41 array (
  'siteno' => '193736180',
  'version' => '',
  'orderid' => '245150402009',
  'order_time' => '20150402042641',
  'lang' => 'en',
  'currency' => 'USD',
  'vat' => '4.00',
  'discount' => '0.00',
  'shippingfee' => '25.00',
  'productname[0]' => 'NHL Jersey Chicago Blackhawks 2 Keith black 3  Men Stitched 2015 Winter Classic Stitched NHL Jersey
 Size:XL(52)',
  'productno[0]' => 'NHL2015019552',
  'price[0]' => '36.53',
  'qty[0]' => 1,
  'checkcode' => '5e1123eb01c4175ea7a1931faa605f97',
  'backurl' => 'http://www.outlet-jersey.com/index.php?main_page=checkout_process',
  'notifyreurl' => 'http://www.outlet-jersey.com/mallpay_check.php',
  's_firstname' => 'Stacey',
  's_lastname' => 'moore',
  's_address' => '309 Gleneagles dr ',
  's_city' => 'friendswood',
  's_state' => 'TX',
  's_postcode' => '77546',
  's_country' => 'US',
  'email' => 'staceymoore1970@yahoo.co.uk',
  's_tel' => '7132459540',
  'b_firstname' => 'Stacey',
  'b_lastname' => 'moore',
  'b_address' => '309 Gleneagles dr ',
  'b_city' => 'friendswood',
  'b_state' => 'TX',
  'b_postcode' => '77546',
  'b_country' => 'US',
  'b_tel' => '7132459540',
) 
05:39:38 array (
  'siteno' => '193736180',
  'version' => '',
  'orderid' => '245150402012',
  'order_time' => '20150402053938',
  'lang' => 'en',
  'currency' => 'USD',
  'vat' => '4.00',
  'discount' => '0.00',
  'shippingfee' => '25.00',
  'productname[0]' => 'Red Wings #19 Steve Yzerman Red 2014 Winter Classic Stitched NHL Jersey
 Size:XXXL(56)',
  'productno[0]' => 'NHL11811',
  'price[0]' => '33.00',
  'qty[0]' => 1,
  'checkcode' => '8c1c941449485a18c490833f01bad733',
  'backurl' => 'http://www.outlet-jersey.com/index.php?main_page=checkout_process',
  'notifyreurl' => 'http://www.outlet-jersey.com/mallpay_check.php',
  's_firstname' => 'Stephen',
  's_lastname' => 'Dunlap',
  's_address' => '1213 woodbine cliff dr ',
  's_city' => 'Fort Worth',
  's_state' => 'TX',
  's_postcode' => '76179',
  's_country' => 'US',
  'email' => 'stevecbas@ymail.com',
  's_tel' => '6302480604',
  'b_firstname' => 'Stephen',
  'b_lastname' => 'Dunlap',
  'b_address' => '1213 woodbine cliff dr ',
  'b_city' => 'Fort Worth',
  'b_state' => 'TX',
  'b_postcode' => '76179',
  'b_country' => 'US',
  'b_tel' => '6302480604',
) 
05:42:44 array (
  'siteno' => '193736180',
  'version' => '',
  'orderid' => '245150402014',
  'order_time' => '20150402054244',
  'lang' => 'en',
  'currency' => 'USD',
  'vat' => '4.00',
  'discount' => '0.00',
  'shippingfee' => '25.00',
  'productname[0]' => 'Dallas Stars Blank Green Home Stitched NHL Jersey
 Size:XL(52)',
  'productno[0]' => 'NHL11763',
  'price[0]' => '34.00',
  'qty[0]' => 1,
  'checkcode' => '65709d7f2cc9e31a7b944e4df26050f5',
  'backurl' => 'http://www.outlet-jersey.com/index.php?main_page=checkout_process',
  'notifyreurl' => 'http://www.outlet-jersey.com/mallpay_check.php',
  's_firstname' => 'Richard',
  's_lastname' => 'Green',
  's_address' => '6501 Regina dr ',
  's_city' => 'fort Worth',
  's_state' => 'TX',
  's_postcode' => '76131',
  's_country' => 'US',
  'email' => 'richandmanda@msn.com',
  's_tel' => '8179059436',
  'b_firstname' => 'Richard',
  'b_lastname' => 'Green',
  'b_address' => '6501 Regina dr ',
  'b_city' => 'fort Worth',
  'b_state' => 'TX',
  'b_postcode' => '76131',
  'b_country' => 'US',
  'b_tel' => '8179059436',
) 
05:44:02 array (
  'siteno' => '193736180',
  'version' => '',
  'orderid' => '245150402015',
  'order_time' => '20150402054402',
  'lang' => 'en',
  'currency' => 'USD',
  'vat' => '4.00',
  'discount' => '0.00',
  'shippingfee' => '25.00',
  'productname[0]' => 'Red Wings #19 Steve Yzerman Red 2014 Winter Classic Stitched NHL Jersey
 Size:XXXL(56)',
  'productno[0]' => 'NHL11811',
  'price[0]' => '33.00',
  'qty[0]' => 1,
  'checkcode' => 'b644225cf6204313a2f0a58f26de203a',
  'backurl' => 'http://www.outlet-jersey.com/index.php?main_page=checkout_process',
  'notifyreurl' => 'http://www.outlet-jersey.com/mallpay_check.php',
  's_firstname' => 'Stephen',
  's_lastname' => 'Dunlap',
  's_address' => '1213 woodbine cliff dr ',
  's_city' => 'Fort Worth',
  's_state' => 'TX',
  's_postcode' => '76179',
  's_country' => 'US',
  'email' => 'stevecbas@ymail.com',
  's_tel' => '6302480604',
  'b_firstname' => 'Stephen',
  'b_lastname' => 'Dunlap',
  'b_address' => '1213 woodbine cliff dr ',
  'b_city' => 'Fort Worth',
  'b_state' => 'TX',
  'b_postcode' => '76179',
  'b_country' => 'US',
  'b_tel' => '6302480604',
) 
06:54:49 array (
  'siteno' => '193736180',
  'version' => '',
  'orderid' => '245150402017',
  'order_time' => '20150402065449',
  'lang' => 'en',
  'currency' => 'USD',
  'vat' => '28.00',
  'discount' => '0.00',
  'shippingfee' => '15.00',
  'productname[0]' => 'Dallas Stars #14 Jamie Benn New White NHL Jersey
 Size:L(50)',
  'productno[0]' => 'NHL11747',
  'price[0]' => '33.00',
  'qty[0]' => 1,
  'productname[1]' => 'Dallas Stars #43 Valeri Nichushkin Green Home NHL Jersey
 Size:L(50)',
  'productno[1]' => 'NHL11750',
  'price[1]' => '33.00',
  'qty[1]' => 2,
  'productname[2]' => 'Dallas Stars #90 Jason Spezza White NHL Jersey
 Size:L(50)',
  'productno[2]' => 'NHL11756',
  'price[2]' => '33.00',
  'qty[2]' => 1,
  'productname[3]' => 'Dallas Stars #91 Tyler Seguin Green Home NHL Jersey
 Size:L(50)',
  'productno[3]' => 'NHL11759',
  'price[3]' => '33.00',
  'qty[3]' => 1,
  'productname[4]' => 'Dallas Stars #14 Jamie Benn Green Home NHL Jersey
 Size:M(48)',
  'productno[4]' => 'NHL11746',
  'price[4]' => '33.00',
  'qty[4]' => 2,
  'checkcode' => '5f482bd94fabf5c171df182441260f2f',
  'backurl' => 'http://www.outlet-jersey.com/index.php?main_page=checkout_process',
  'notifyreurl' => 'http://www.outlet-jersey.com/mallpay_check.php',
  's_firstname' => 'Mark',
  's_lastname' => 'cousino',
  's_address' => '2352 Bradford pear dr ',
  's_city' => 'little elm',
  's_state' => 'TX',
  's_postcode' => '75068',
  's_country' => 'US',
  'email' => 'mcousino0111@gmail.com',
  's_tel' => '9728355361',
  'b_firstname' => 'Mark',
  'b_lastname' => 'cousino',
  'b_address' => '2352 Bradford pear dr ',
  'b_city' => 'little elm',
  'b_state' => 'TX',
  'b_postcode' => '75068',
  'b_country' => 'US',
  'b_tel' => '9728355361',
) 
06:56:09 array (
  'siteno' => '193736180',
  'version' => '',
  'orderid' => '245150402018',
  'order_time' => '20150402065609',
  'lang' => 'en',
  'currency' => 'USD',
  'vat' => '28.00',
  'discount' => '0.00',
  'shippingfee' => '15.00',
  'productname[0]' => 'Dallas Stars #14 Jamie Benn New White NHL Jersey
 Size:L(50)',
  'productno[0]' => 'NHL11747',
  'price[0]' => '33.00',
  'qty[0]' => 1,
  'productname[1]' => 'Dallas Stars #43 Valeri Nichushkin Green Home NHL Jersey
 Size:L(50)',
  'productno[1]' => 'NHL11750',
  'price[1]' => '33.00',
  'qty[1]' => 2,
  'productname[2]' => 'Dallas Stars #90 Jason Spezza White NHL Jersey
 Size:L(50)',
  'productno[2]' => 'NHL11756',
  'price[2]' => '33.00',
  'qty[2]' => 1,
  'productname[3]' => 'Dallas Stars #91 Tyler Seguin Green Home NHL Jersey
 Size:L(50)',
  'productno[3]' => 'NHL11759',
  'price[3]' => '33.00',
  'qty[3]' => 1,
  'productname[4]' => 'Dallas Stars #14 Jamie Benn Green Home NHL Jersey
 Size:M(48)',
  'productno[4]' => 'NHL11746',
  'price[4]' => '33.00',
  'qty[4]' => 2,
  'checkcode' => '27f52f09712f6203a40550c63226493e',
  'backurl' => 'http://www.outlet-jersey.com/index.php?main_page=checkout_process',
  'notifyreurl' => 'http://www.outlet-jersey.com/mallpay_check.php',
  's_firstname' => 'Mark',
  's_lastname' => 'cousino',
  's_address' => '2352 Bradford pear dr ',
  's_city' => 'little elm',
  's_state' => 'TX',
  's_postcode' => '75068',
  's_country' => 'US',
  'email' => 'mcousino0111@gmail.com',
  's_tel' => '9728355361',
  'b_firstname' => 'Mark',
  'b_lastname' => 'cousino',
  'b_address' => '2352 Bradford pear dr ',
  'b_city' => 'little elm',
  'b_state' => 'TX',
  'b_postcode' => '75068',
  'b_country' => 'US',
  'b_tel' => '9728355361',
) 
