00:03:17 array (
  'siteno' => '193736180',
  'version' => '',
  'orderid' => '245150128001',
  'order_time' => '20150128000317',
  'lang' => 'en',
  'currency' => 'USD',
  'vat' => '12.00',
  'discount' => '0.00',
  'shippingfee' => '20.00',
  'productname[0]' => 'Nike Seahawks #3 Russell Wilson Grey Alternate Men\'s Stitched NFL Game Jersey
 Size:L',
  'productno[0]' => 'NFL28400',
  'price[0]' => '21.50',
  'qty[0]' => 1,
  'productname[1]' => 'NEW Seattle Seahawks #25 Richard Sherman Grey NFL Limited Jersey
 Size:M',
  'productno[1]' => 'NFL28267',
  'price[1]' => '22.50',
  'qty[1]' => 1,
  'productname[2]' => '2015 NFL Seattle Seahawks Knit Hats 15',
  'productno[2]' => 'HAT13240',
  'price[2]' => '9.90',
  'qty[2]' => 1,
  'checkcode' => '4258d30602bc72ed534bcd596b394bb7',
  'backurl' => 'http://www.outlet-jersey.com/index.php?main_page=checkout_process',
  'notifyreurl' => 'http://www.outlet-jersey.com/mallpay_check.php',
  's_firstname' => 'Stephanie',
  's_lastname' => 'Guthrie',
  's_address' => '1925 135th St E ',
  's_city' => 'tacoma',
  's_state' => 'WA',
  's_postcode' => '98445',
  's_country' => 'US',
  'email' => 'sguthrie419@hotmail.com',
  's_tel' => '253-970-3367',
  'b_firstname' => 'Stephanie',
  'b_lastname' => 'Guthrie',
  'b_address' => '1925 135th St E ',
  'b_city' => 'tacoma',
  'b_state' => 'WA',
  'b_postcode' => '98445',
  'b_country' => 'US',
  'b_tel' => '253-970-3367',
) 
14:43:36 array (
  'siteno' => '193736180',
  'version' => '',
  'orderid' => '245150128013',
  'order_time' => '20150128144336',
  'lang' => 'en',
  'currency' => 'USD',
  'vat' => '8.00',
  'discount' => '0.00',
  'shippingfee' => '20.00',
  'productname[0]' => '2012 NEW NFL Seattle Seahawks #3 Russell Wilson Grey Jerseys(Signed Elite)
 Size:44',
  'productno[0]' => 'NFL28144',
  'price[0]' => '22.50',
  'qty[0]' => 2,
  'checkcode' => '07275c7d585290b6a852c86e96b801d6',
  'backurl' => 'http://www.outlet-jersey.com/index.php?main_page=checkout_process',
  'notifyreurl' => 'http://www.outlet-jersey.com/mallpay_check.php',
  's_firstname' => 'Solina',
  's_lastname' => 'Sotelo',
  's_address' => '10022 31st Ave SE ',
  's_city' => 'Everett',
  's_state' => 'WA',
  's_postcode' => '98208',
  's_country' => 'US',
  'email' => 'solshister@gmail.com',
  's_tel' => '4253460996',
  'b_firstname' => 'Solina',
  'b_lastname' => 'Sotelo',
  'b_address' => '10022 31st Ave SE ',
  'b_city' => 'Everett',
  'b_state' => 'WA',
  'b_postcode' => '98208',
  'b_country' => 'US',
  'b_tel' => '4253460996',
) 
