15:51:48 array (
  'siteno' => '193736180',
  'version' => '',
  'orderid' => '245150227024',
  'order_time' => '20150227155148',
  'lang' => 'en',
  'currency' => 'USD',
  'vat' => '12.00',
  'discount' => '0.00',
  'shippingfee' => '20.00',
  'productname[0]' => 'Red Wings #13 Pavel Datsyuk Stitched White Winter Classic NHL Jersey
 Size:Extra Large/52',
  'productno[0]' => 'NHL11806',
  'price[0]' => '33.00',
  'qty[0]' => 2,
  'productname[1]' => 'Nike Indianapolis Colts #12 Andrew Luck Team Color NFL Elite Fanatical Version Jersey
 Size:52',
  'productno[1]' => 'NFL21475',
  'price[1]' => '33.00',
  'qty[1]' => 1,
  'checkcode' => '43771073c40dd54a71d757e87fb00e91',
  'backurl' => 'http://www.outlet-jersey.com/index.php?main_page=checkout_process',
  'notifyreurl' => 'http://www.outlet-jersey.com/mallpay_check.php',
  's_firstname' => 'Randy',
  's_lastname' => 'Batten',
  's_address' => '6510 Hadley Farm Ln apt#204 ',
  's_city' => 'Fort Wayne',
  's_state' => 'IN',
  's_postcode' => '46835',
  's_country' => 'US',
  'email' => 'ragebatten@yahoo.com',
  's_tel' => '2605154089',
  'b_firstname' => 'Randy',
  'b_lastname' => 'Batten',
  'b_address' => '6510 Hadley Farm Ln apt#204 ',
  'b_city' => 'Fort Wayne',
  'b_state' => 'IN',
  'b_postcode' => '46835',
  'b_country' => 'US',
  'b_tel' => '2605154089',
) 
21:04:51 array (
  'siteno' => '193736180',
  'version' => '',
  'orderid' => '245150227026',
  'order_time' => '20150227210451',
  'lang' => 'en',
  'currency' => 'USD',
  'vat' => '8.00',
  'discount' => '0.00',
  'shippingfee' => '20.00',
  'productname[0]' => 'Red Wings #9 Gordie Howe Mitchell&Ness Stitched Red NHL Jersey
 Size:Large/50',
  'productno[0]' => 'NHL11846',
  'price[0]' => '33.00',
  'qty[0]' => 1,
  'productname[1]' => 'NHL Jersey Canadiens 9 Maurice Richard Stitched Red NHL Jersey Jersey  Men Stitched with Purple Num Stitched NHL Jersey
 Size:50 (L)',
  'productno[1]' => 'NHL2015019706',
  'price[1]' => '36.80',
  'qty[1]' => 1,
  'checkcode' => '8177cb54711c4eea2f370f44b7178b6e',
  'backurl' => 'http://www.outlet-jersey.com/index.php?main_page=checkout_process',
  'notifyreurl' => 'http://www.outlet-jersey.com/mallpay_check.php',
  's_firstname' => 'Brian',
  's_lastname' => 'Siurek',
  's_address' => '226 Cherry ',
  's_city' => 'Troy',
  's_state' => 'MI',
  's_postcode' => '48083',
  's_country' => 'US',
  'email' => 'brian@jarlab.com',
  's_tel' => '248-672-3926',
  'b_firstname' => 'Brian',
  'b_lastname' => 'Siurek',
  'b_address' => '226 Cherry ',
  'b_city' => 'Troy',
  'b_state' => 'MI',
  'b_postcode' => '48083',
  'b_country' => 'US',
  'b_tel' => '248-672-3926',
) 
