06:39:52 array (
  'siteno' => '193736180',
  'version' => '',
  'orderid' => '245150201009',
  'order_time' => '20150201063952',
  'lang' => 'en',
  'currency' => 'USD',
  'vat' => '4.00',
  'discount' => '0.00',
  'shippingfee' => '25.00',
  'productname[0]' => 'Green Bay Packers #27 Eddie Lacy Green Sawyer Hooded Sweatshirt Stitched Jersey
 Size:54 (XXL)',
  'productno[0]' => 'NFL20496',
  'price[0]' => '36.00',
  'qty[0]' => 1,
  'checkcode' => '6e58ae2644e9f07abb58fc87e85fdf96',
  'backurl' => 'http://www.outlet-jersey.com/index.php?main_page=checkout_process',
  'notifyreurl' => 'http://www.outlet-jersey.com/mallpay_check.php',
  's_firstname' => 'Richard',
  's_lastname' => 'Bastasic',
  's_address' => '2622 Saemann Ave. ',
  's_city' => 'Sheboygan',
  's_state' => 'WI',
  's_postcode' => '53081',
  's_country' => 'US',
  'email' => 'Jett61795@yahoo.com',
  's_tel' => '920-395-2114',
  'b_firstname' => 'Richard',
  'b_lastname' => 'Bastasic',
  'b_address' => '2622 Saemann Ave. ',
  'b_city' => 'Sheboygan',
  'b_state' => 'WI',
  'b_postcode' => '53081',
  'b_country' => 'US',
  'b_tel' => '920-395-2114',
) 
12:20:14 array (
  'siteno' => '193736180',
  'version' => '',
  'orderid' => '245150201028',
  'order_time' => '20150201122014',
  'lang' => 'en',
  'currency' => 'USD',
  'vat' => '8.00',
  'discount' => '0.00',
  'shippingfee' => '20.00',
  'productname[0]' => '2013 New Seattle Seahawks 25 Richard Sherman Drift Fashion Blue Elite Jerseys
 Size:48',
  'productno[0]' => 'NFL28182',
  'price[0]' => '22.50',
  'qty[0]' => 1,
  'productname[1]' => '2014 New Nike Seattle Seahawks 12 Fan Drift Fashion Blue Elite Jerseys
 Size:48',
  'productno[1]' => 'NFL28188',
  'price[1]' => '22.50',
  'qty[1]' => 1,
  'checkcode' => '28a17a157efc2c8b81686b7f2a5dfa30',
  'backurl' => 'http://www.outlet-jersey.com/index.php?main_page=checkout_process',
  'notifyreurl' => 'http://www.outlet-jersey.com/mallpay_check.php',
  's_firstname' => 'Donna',
  's_lastname' => 'Wilder',
  's_address' => '917 W. Satsop Road ',
  's_city' => 'Montesano',
  's_state' => 'WA',
  's_postcode' => '98563',
  's_country' => 'US',
  'email' => 'donnawilder@centurytel.net',
  's_tel' => '3604701813',
  'b_firstname' => 'Donna',
  'b_lastname' => 'Wilder',
  'b_address' => '917 W. Satsop Road ',
  'b_city' => 'Montesano',
  'b_state' => 'WA',
  'b_postcode' => '98563',
  'b_country' => 'US',
  'b_tel' => '3604701813',
) 
23:58:46 array (
  'siteno' => '193736180',
  'version' => '',
  'orderid' => '245150201039',
  'order_time' => '20150201235846',
  'lang' => 'en',
  'currency' => 'USD',
  'vat' => '4.00',
  'discount' => '0.00',
  'shippingfee' => '25.00',
  'productname[0]' => '2012 NEW NFL Seattle Seahawks #3 Russell Wilson Grey Jerseys(Signed Elite)
 Size:40',
  'productno[0]' => 'NFL28144',
  'price[0]' => '22.50',
  'qty[0]' => 1,
  'checkcode' => '8240beb7dd48cb71e6310d64cfa80410',
  'backurl' => 'http://www.outlet-jersey.com/index.php?main_page=checkout_process',
  'notifyreurl' => 'http://www.outlet-jersey.com/mallpay_check.php',
  's_firstname' => 'suzanne',
  's_lastname' => 'turnquist',
  's_address' => '15739 95th ct se ',
  's_city' => 'yelm',
  's_state' => 'WA',
  's_postcode' => '98597',
  's_country' => 'US',
  'email' => 'suzanneturnquist@gmail.com',
  's_tel' => '3609707502',
  'b_firstname' => 'suzanne',
  'b_lastname' => 'turnquist',
  'b_address' => '15739 95th ct se ',
  'b_city' => 'yelm',
  'b_state' => 'WA',
  'b_postcode' => '98597',
  'b_country' => 'US',
  'b_tel' => '3609707502',
) 
