01:51:20 array (
  'siteno' => '193736180',
  'version' => '',
  'orderid' => '245150408003',
  'order_time' => '20150408015120',
  'lang' => 'en',
  'currency' => 'USD',
  'vat' => '3.00',
  'discount' => '0.00',
  'shippingfee' => '36.00',
  'productname[0]' => 'Dallas Stars #91 Tyler Seguin Green Home NHL Jersey
 Size:M(48)',
  'productno[0]' => 'NHL11759',
  'price[0]' => '33.00',
  'qty[0]' => 1,
  'productname[1]' => 'Dallas Stars #14 Jamie Benn Green Home NHL Jersey
 Size:M(48)',
  'productno[1]' => 'NHL11746',
  'price[1]' => '33.00',
  'qty[1]' => 1,
  'checkcode' => '1ff922ce46b035d976ce4ba87f726c3d',
  'backurl' => 'http://www.outlet-jersey.com/index.php?main_page=checkout_process',
  'notifyreurl' => 'http://www.outlet-jersey.com/mallpay_check.php',
  's_firstname' => 'shelley',
  's_lastname' => 'qualls',
  's_address' => '1909 cancun ',
  's_city' => 'mansfield',
  's_state' => 'TX',
  's_postcode' => '76063',
  's_country' => 'US',
  'email' => 'shelley.qualls@gmail.com',
  's_tel' => '5863035173',
  'b_firstname' => 'shelley',
  'b_lastname' => 'wolny',
  'b_address' => '609 flooded gum ',
  'b_city' => 'Arlington',
  'b_state' => 'TX',
  'b_postcode' => '76002',
  'b_country' => 'US',
  'b_tel' => '5863035173',
) 
01:53:52 array (
  'siteno' => '193736180',
  'version' => '',
  'orderid' => '245150408004',
  'order_time' => '20150408015352',
  'lang' => 'en',
  'currency' => 'USD',
  'vat' => '3.00',
  'discount' => '0.00',
  'shippingfee' => '20.00',
  'productname[0]' => 'Dallas Stars #91 Tyler Seguin Green Home NHL Jersey
 Size:M(48)',
  'productno[0]' => 'NHL11759',
  'price[0]' => '33.00',
  'qty[0]' => 1,
  'productname[1]' => 'Dallas Stars #14 Jamie Benn Green Home NHL Jersey
 Size:M(48)',
  'productno[1]' => 'NHL11746',
  'price[1]' => '33.00',
  'qty[1]' => 1,
  'checkcode' => 'a4b5d950869e40ead06473a7b3f79fc1',
  'backurl' => 'http://www.outlet-jersey.com/index.php?main_page=checkout_process',
  'notifyreurl' => 'http://www.outlet-jersey.com/mallpay_check.php',
  's_firstname' => 'shelley',
  's_lastname' => 'qualls',
  's_address' => '1909 cancun ',
  's_city' => 'mansfield',
  's_state' => 'TX',
  's_postcode' => '76063',
  's_country' => 'US',
  'email' => 'shelley.qualls@gmail.com',
  's_tel' => '5863035173',
  'b_firstname' => 'shelley',
  'b_lastname' => 'wolny',
  'b_address' => '609 flooded gum ',
  'b_city' => 'Arlington',
  'b_state' => 'TX',
  'b_postcode' => '76002',
  'b_country' => 'US',
  'b_tel' => '5863035173',
) 
07:15:00 array (
  'siteno' => '193736180',
  'version' => '',
  'orderid' => '245150408015',
  'order_time' => '20150408071500',
  'lang' => 'en',
  'currency' => 'USD',
  'vat' => '1.50',
  'discount' => '0.00',
  'shippingfee' => '28.00',
  'productname[0]' => 'Rangers #30 Henrik Lundqvist Stitched Dark Blue 85TH  Third NHL Jersey
 Size:L(50)',
  'productno[0]' => 'NHL12485',
  'price[0]' => '33.00',
  'qty[0]' => 1,
  'checkcode' => 'e439cec7a295a3edb8892254b5fa6acb',
  'backurl' => 'http://www.outlet-jersey.com/index.php?main_page=checkout_process',
  'notifyreurl' => 'http://www.outlet-jersey.com/mallpay_check.php',
  's_firstname' => 'Angelia',
  's_lastname' => 'Ferrara',
  's_address' => '22 Montrose Station road ',
  's_city' => 'Montrose',
  's_state' => 'NY',
  's_postcode' => '10548',
  's_country' => 'US',
  'email' => 'Roxyangelprincess@Hotmail.com',
  's_tel' => '9149095213',
  'b_firstname' => 'Angelia',
  'b_lastname' => 'Ferrara',
  'b_address' => '22 Montrose Station road ',
  'b_city' => 'Montrose',
  'b_state' => 'NY',
  'b_postcode' => '10548',
  'b_country' => 'US',
  'b_tel' => '9149095213',
) 
09:22:49 array (
  'siteno' => '193736180',
  'version' => '',
  'orderid' => '245150408026',
  'order_time' => '20150408092249',
  'lang' => 'en',
  'currency' => 'USD',
  'vat' => '3.00',
  'discount' => '0.00',
  'shippingfee' => '36.00',
  'productname[0]' => 'Detroit Red Wings #40 Henrik Zetterberg White Fashion Stitched NHL Jersey
 Size:M(48)',
  'productno[0]' => 'NHL11790',
  'price[0]' => '34.00',
  'qty[0]' => 1,
  'productname[1]' => 'Detroit Red Wings #13 Pavel Datsyuk White Fashion Stitched NHL Jersey
 Size:M(48)',
  'productno[1]' => 'NHL11787',
  'price[1]' => '34.00',
  'qty[1]' => 1,
  'checkcode' => '8d9c2ab83d77f8fcfdb10d60cfce063e',
  'backurl' => 'http://www.outlet-jersey.com/index.php?main_page=checkout_process',
  'notifyreurl' => 'http://www.outlet-jersey.com/mallpay_check.php',
  's_firstname' => 'Brandon',
  's_lastname' => 'Coulter',
  's_address' => '4508 Tesla Park Apt 206 ',
  's_city' => 'Wilmington',
  's_state' => 'NC',
  's_postcode' => '28412',
  's_country' => 'US',
  'email' => 'bcoulter32@yahoo.com',
  's_tel' => '9198193369',
  'b_firstname' => 'Brandon',
  'b_lastname' => 'Coulter',
  'b_address' => '4508 Tesla Park Apt 206 ',
  'b_city' => 'Wilmington',
  'b_state' => 'NC',
  'b_postcode' => '28412',
  'b_country' => 'US',
  'b_tel' => '9198193369',
) 
21:21:57 array (
  'siteno' => '193736180',
  'version' => '',
  'orderid' => '245150408031',
  'order_time' => '20150408212157',
  'lang' => 'en',
  'currency' => 'USD',
  'vat' => '1.50',
  'discount' => '0.00',
  'shippingfee' => '25.00',
  'productname[0]' => 'Chicago Cubs #44 Anthony Rizzo Grey Alternate Road Cool Base Stitched Baseball Jersey
 Size:XXXL(56)',
  'productno[0]' => 'MLB10761',
  'price[0]' => '18.50',
  'qty[0]' => 1,
  'checkcode' => 'b42d291d9e2f6130860d085d6d85897f',
  'backurl' => 'http://www.outlet-jersey.com/index.php?main_page=checkout_process',
  'notifyreurl' => 'http://www.outlet-jersey.com/mallpay_check.php',
  's_firstname' => 'Luis Carlos',
  's_lastname' => 'Florez',
  's_address' => '3730 South Paulina Street ',
  's_city' => 'Chicago',
  's_state' => 'IL',
  's_postcode' => '60609',
  's_country' => 'US',
  'email' => 'Lucho577@gmail.com',
  's_tel' => '7736560142',
  'b_firstname' => 'Luis Carlos',
  'b_lastname' => 'Florez',
  'b_address' => '3730 South Paulina Street ',
  'b_city' => 'Chicago',
  'b_state' => 'IL',
  'b_postcode' => '60609',
  'b_country' => 'US',
  'b_tel' => '7736560142',
) 
