06:19:02 array (
  'siteno' => '193736180',
  'version' => '',
  'orderid' => '245150310023',
  'order_time' => '20150310061902',
  'lang' => 'en',
  'currency' => 'USD',
  'vat' => '16.00',
  'discount' => '0.00',
  'shippingfee' => '20.00',
  'productname[0]' => 'Lakers #24 Kobe Bryant Black Women Fashion Stitched NBA Jersey
 Size:Extra Large',
  'productno[0]' => 'WOMEN4877',
  'price[0]' => '18.00',
  'qty[0]' => 1,
  'productname[1]' => 'Lakers #24 Kobe Bryant Purple Champion Patch Stitched Youth NBA Jersey
 Size:Large',
  'productno[1]' => 'YOUTH3681',
  'price[1]' => '18.00',
  'qty[1]' => 1,
  'productname[2]' => 'Lakers #24 Kobe Bryant Black Shadow Stitched Youth NBA Jersey
 Size:Medium',
  'productno[2]' => 'YOUTH3680',
  'price[2]' => '18.00',
  'qty[2]' => 1,
  'productname[3]' => 'Lakers #24 Kobe Bryant Black Shadow Stitched Youth NBA Jersey
 Size:Small',
  'productno[3]' => 'YOUTH3680',
  'price[3]' => '18.00',
  'qty[3]' => 1,
  'checkcode' => '3ddc35369e7bb4aef04ed7e2cbe0e297',
  'backurl' => 'http://www.outlet-jersey.com/index.php?main_page=checkout_process',
  'notifyreurl' => 'http://www.outlet-jersey.com/mallpay_check.php',
  's_firstname' => 'Maria',
  's_lastname' => 'Estrada',
  's_address' => '1150 Amistad dr. ',
  's_city' => 'Prosper',
  's_state' => 'TX',
  's_postcode' => '75078',
  's_country' => 'US',
  'email' => 'maria_loves_tinkerbell@Yahoo.com',
  's_tel' => '5623721989',
  'b_firstname' => 'Maria',
  'b_lastname' => 'Estrada',
  'b_address' => '1150 Amistad dr. ',
  'b_city' => 'Prosper',
  'b_state' => 'TX',
  'b_postcode' => '75078',
  'b_country' => 'US',
  'b_tel' => '5623721989',
) 
06:19:02 array (
  'siteno' => '193736180',
  'version' => '',
  'orderid' => '245150310024',
  'order_time' => '20150310061902',
  'lang' => 'en',
  'currency' => 'USD',
  'vat' => '16.00',
  'discount' => '0.00',
  'shippingfee' => '20.00',
  'productname[0]' => 'Lakers #24 Kobe Bryant Black Women Fashion Stitched NBA Jersey
 Size:Extra Large',
  'productno[0]' => 'WOMEN4877',
  'price[0]' => '18.00',
  'qty[0]' => 1,
  'productname[1]' => 'Lakers #24 Kobe Bryant Purple Champion Patch Stitched Youth NBA Jersey
 Size:Large',
  'productno[1]' => 'YOUTH3681',
  'price[1]' => '18.00',
  'qty[1]' => 1,
  'productname[2]' => 'Lakers #24 Kobe Bryant Black Shadow Stitched Youth NBA Jersey
 Size:Medium',
  'productno[2]' => 'YOUTH3680',
  'price[2]' => '18.00',
  'qty[2]' => 1,
  'productname[3]' => 'Lakers #24 Kobe Bryant Black Shadow Stitched Youth NBA Jersey
 Size:Small',
  'productno[3]' => 'YOUTH3680',
  'price[3]' => '18.00',
  'qty[3]' => 1,
  'checkcode' => '6748ef354cc9e2dd75920b633067a34e',
  'backurl' => 'http://www.outlet-jersey.com/index.php?main_page=checkout_process',
  'notifyreurl' => 'http://www.outlet-jersey.com/mallpay_check.php',
  's_firstname' => 'Maria',
  's_lastname' => 'Estrada',
  's_address' => '1150 Amistad dr. ',
  's_city' => 'Prosper',
  's_state' => 'TX',
  's_postcode' => '75078',
  's_country' => 'US',
  'email' => 'maria_loves_tinkerbell@Yahoo.com',
  's_tel' => '5623721989',
  'b_firstname' => 'Maria',
  'b_lastname' => 'Estrada',
  'b_address' => '1150 Amistad dr. ',
  'b_city' => 'Prosper',
  'b_state' => 'TX',
  'b_postcode' => '75078',
  'b_country' => 'US',
  'b_tel' => '5623721989',
) 
07:17:31 array (
  'siteno' => '193736180',
  'version' => '',
  'orderid' => '245150310030',
  'order_time' => '20150310071731',
  'lang' => 'en',
  'currency' => 'USD',
  'vat' => '8.00',
  'discount' => '0.00',
  'shippingfee' => '20.00',
  'productname[0]' => 'New York Rangers #36 Mats Zuccarello Blue Home NHL Jersey
 Size:M(48)',
  'productno[0]' => 'NHL12411',
  'price[0]' => '33.00',
  'qty[0]' => 1,
  'productname[1]' => 'New York Rangers #20 Chris Kreider Blue Home NHL Jersey
 Size:XXXL(56)',
  'productno[1]' => 'NHL12397',
  'price[1]' => '33.00',
  'qty[1]' => 1,
  'checkcode' => 'dad1c652f8ab04299818d3c6e5df8922',
  'backurl' => 'http://www.outlet-jersey.com/index.php?main_page=checkout_process',
  'notifyreurl' => 'http://www.outlet-jersey.com/mallpay_check.php',
  's_firstname' => 'Ryan',
  's_lastname' => 'Ferry',
  's_address' => '140 maple Ln lot 54 ',
  's_city' => 'Hudson',
  's_state' => 'NY',
  's_postcode' => '12534',
  's_country' => 'US',
  'email' => 'rferry1027@gmail.com',
  's_tel' => '8453892491',
  'b_firstname' => 'Ryan',
  'b_lastname' => 'Ferry',
  'b_address' => '140 maple Ln lot 54 ',
  'b_city' => 'Hudson',
  'b_state' => 'NY',
  'b_postcode' => '12534',
  'b_country' => 'US',
  'b_tel' => '8453892491',
) 
09:12:50 array (
  'siteno' => '193736180',
  'version' => '',
  'orderid' => '245150310038',
  'order_time' => '20150310091250',
  'lang' => 'en',
  'currency' => 'USD',
  'vat' => '4.00',
  'discount' => '0.00',
  'shippingfee' => '25.00',
  'productname[0]' => 'NHL Jersey Chicago Blackhawks 014  Men Stitched Charcoal Cross Check Fashion Jersey
 Size:XL(52)',
  'productno[0]' => 'NHL2015019491',
  'price[0]' => '36.67',
  'qty[0]' => 1,
  'checkcode' => '142d04f81237869f9dd8674fd5ddea17',
  'backurl' => 'http://www.outlet-jersey.com/index.php?main_page=checkout_process',
  'notifyreurl' => 'http://www.outlet-jersey.com/mallpay_check.php',
  's_firstname' => 'Dawn',
  's_lastname' => 'Ruff',
  's_address' => '520 Kaufmann Ave ',
  's_city' => 'Dubuque',
  's_state' => 'IA',
  's_postcode' => '52001',
  's_country' => 'US',
  'email' => 'mustang520@mchsi.com',
  's_tel' => '563/258/9171',
  'b_firstname' => 'Dawn',
  'b_lastname' => 'Ruff',
  'b_address' => '520 Kaufmann Ave ',
  'b_city' => 'Dubuque',
  'b_state' => 'IA',
  'b_postcode' => '52001',
  'b_country' => 'US',
  'b_tel' => '563/258/9171',
) 
11:38:08 array (
  'siteno' => '193736180',
  'version' => '',
  'orderid' => '245150310046',
  'order_time' => '20150310113808',
  'lang' => 'en',
  'currency' => 'USD',
  'vat' => '32.00',
  'discount' => '0.00',
  'shippingfee' => '15.00',
  'productname[0]' => 'Blackhawks #81 Marian Hossa Stitched Black Youth NHL Jersey
 Size:Small/Medium',
  'productno[0]' => 'YOUTH4399',
  'price[0]' => '31.00',
  'qty[0]' => 1,
  'productname[1]' => 'Red Wings #13 Pavel Datsyuk Stitched Red NHL Jersey
 Size:M(48)',
  'productno[1]' => 'NHL11804',
  'price[1]' => '33.00',
  'qty[1]' => 1,
  'productname[2]' => 'Red Wings #40 Henrik Zetterberg Stitched Red NHL Jersey
 Size:L(50)',
  'productno[2]' => 'NHL11830',
  'price[2]' => '33.00',
  'qty[2]' => 1,
  'productname[3]' => 'Blackhawks #2 Duncan Keith Black Stitched Youth NHL Jersey
 Size:Large/X Large',
  'productno[3]' => 'YOUTH4384',
  'price[3]' => '31.00',
  'qty[3]' => 1,
  'productname[4]' => 'Detroit Red Wings #13 Pavel Datsyuk Camo Veterans Day Practice NHL Jersey
 Size:M(48)',
  'productno[4]' => 'NHL11786',
  'price[4]' => '33.00',
  'qty[4]' => 1,
  'productname[5]' => 'Mitchell And Ness 1968 Tigers #23 Kirk Gibson Grey Stitched Baseball Jersey
 Size:Medium/48',
  'productno[5]' => 'MLB11214',
  'price[5]' => '18.50',
  'qty[5]' => 1,
  'productname[6]' => 'Throwback Pistons #10 Richard Rodman Blue Stitched NBA Jersey
 Size:Medium/48',
  'productno[6]' => 'NBA10887',
  'price[6]' => '18.50',
  'qty[6]' => 1,
  'productname[7]' => 'Chicago Bulls #23 Michael Jordan Black Tune Squad NBA Jersey
 Size:M(48)',
  'productno[7]' => 'NBA10486',
  'price[7]' => '19.50',
  'qty[7]' => 1,
  'checkcode' => '9aca333020e28d27e9de9ba997e97ecd',
  'backurl' => 'http://www.outlet-jersey.com/index.php?main_page=checkout_process',
  'notifyreurl' => 'http://www.outlet-jersey.com/mallpay_check.php',
  's_firstname' => 'Matt',
  's_lastname' => 'Muhsam',
  's_address' => '3120 Parker Dr. ',
  's_city' => 'Royal Oak',
  's_state' => 'MI',
  's_postcode' => '48073',
  's_country' => 'US',
  'email' => 'matt.muhsam@gmail.com',
  's_tel' => '586-770-8604',
  'b_firstname' => 'Matt',
  'b_lastname' => 'Muhsam',
  'b_address' => '3120 Parker Dr. ',
  'b_city' => 'Royal Oak',
  'b_state' => 'MI',
  'b_postcode' => '48073',
  'b_country' => 'US',
  'b_tel' => '586-770-8604',
) 
12:21:05 array (
  'siteno' => '193736180',
  'version' => '',
  'orderid' => '245150310051',
  'order_time' => '20150310122105',
  'lang' => 'en',
  'currency' => 'USD',
  'vat' => '8.00',
  'discount' => '0.00',
  'shippingfee' => '20.00',
  'productname[0]' => 'NHL Jersey Pittsburgh Penguins  Men Stitched with Purple Num Stitched NHL Jersey
 Size:L(50)',
  'productno[0]' => 'NHL2015019866',
  'price[0]' => '36.57',
  'qty[0]' => 1,
  'productname[1]' => 'Penguins #29 Andre Fleury Men\'s Stitched Black Alternate Hockey Jersey
 Size:L(50)',
  'productno[1]' => 'JE1731711',
  'price[1]' => '36.95',
  'qty[1]' => 1,
  'checkcode' => '6160c8907042f20609a54bd8b109c88e',
  'backurl' => 'http://www.outlet-jersey.com/index.php?main_page=checkout_process',
  'notifyreurl' => 'http://www.outlet-jersey.com/mallpay_check.php',
  's_firstname' => 'james',
  's_lastname' => 'laquatra',
  's_address' => '207 sapling way ',
  's_city' => 'pittsburgh',
  's_state' => 'PA',
  's_postcode' => '15224',
  's_country' => 'US',
  'email' => 'hasanjim@aol.com',
  's_tel' => '4126831196',
  'b_firstname' => 'james',
  'b_lastname' => 'laquatra',
  'b_address' => '207 sapling way ',
  'b_city' => 'pittsburgh',
  'b_state' => 'PA',
  'b_postcode' => '15224',
  'b_country' => 'US',
  'b_tel' => '4126831196',
) 
12:21:07 array (
  'siteno' => '193736180',
  'version' => '',
  'orderid' => '245150310052',
  'order_time' => '20150310122107',
  'lang' => 'en',
  'currency' => 'USD',
  'vat' => '20.00',
  'discount' => '0.00',
  'shippingfee' => '15.00',
  'productname[0]' => 'New York Rangers #27 Ryan McDonagh White Road Stitched NHL Jersey
 Size:L(50)',
  'productno[0]' => 'NHL12407',
  'price[0]' => '33.00',
  'qty[0]' => 1,
  'productname[1]' => 'New York Rangers #21 Derek Stepan Blue NHL Jersey
 Size:L(50)',
  'productno[1]' => 'NHL12399',
  'price[1]' => '33.00',
  'qty[1]' => 1,
  'productname[2]' => 'New York Rangers #61 Rick Nash White 2014 Stadium Series Stitched NHL Jersey
 Size:L(50)',
  'productno[2]' => 'NHL12417',
  'price[2]' => '33.00',
  'qty[2]' => 1,
  'productname[3]' => 'Nationals #34 Bryce Harper Navy Blue Cool Base Stitched Baseball Jersey
 Size:Large/50',
  'productno[3]' => 'MLB14013',
  'price[3]' => '18.50',
  'qty[3]' => 1,
  'productname[4]' => 'Nationals #37 Stephen Strasburg White USMC Cool Base Stitched Baseball Jersey
 Size:Large/50',
  'productno[4]' => 'MLB14022',
  'price[4]' => '18.50',
  'qty[4]' => 1,
  'checkcode' => '8690436ce249db47873723c437a5d455',
  'backurl' => 'http://www.outlet-jersey.com/index.php?main_page=checkout_process',
  'notifyreurl' => 'http://www.outlet-jersey.com/mallpay_check.php',
  's_firstname' => 'Craig',
  's_lastname' => 'Zygmunt',
  's_address' => '7615 Southern Brook Bend Apt 104 ',
  's_city' => 'Tampa',
  's_state' => 'FL',
  's_postcode' => '33635',
  's_country' => 'US',
  'email' => 'Craig.zygmunt@yahoo.com',
  's_tel' => '973-943-7513',
  'b_firstname' => 'Craig',
  'b_lastname' => 'Zygmunt',
  'b_address' => '7615 Southern Brook Bend Apt 104 ',
  'b_city' => 'Tampa',
  'b_state' => 'FL',
  'b_postcode' => '33635',
  'b_country' => 'US',
  'b_tel' => '973-943-7513',
) 
12:28:51 array (
  'siteno' => '193736180',
  'version' => '',
  'orderid' => '245150310053',
  'order_time' => '20150310122851',
  'lang' => 'en',
  'currency' => 'USD',
  'vat' => '20.00',
  'discount' => '0.00',
  'shippingfee' => '15.00',
  'productname[0]' => 'New York Rangers #27 Ryan McDonagh White Road Stitched NHL Jersey
 Size:L(50)',
  'productno[0]' => 'NHL12407',
  'price[0]' => '33.00',
  'qty[0]' => 1,
  'productname[1]' => 'New York Rangers #21 Derek Stepan Blue NHL Jersey
 Size:L(50)',
  'productno[1]' => 'NHL12399',
  'price[1]' => '33.00',
  'qty[1]' => 1,
  'productname[2]' => 'New York Rangers #61 Rick Nash White 2014 Stadium Series Stitched NHL Jersey
 Size:L(50)',
  'productno[2]' => 'NHL12417',
  'price[2]' => '33.00',
  'qty[2]' => 1,
  'productname[3]' => 'Nationals #34 Bryce Harper Navy Blue Cool Base Stitched Baseball Jersey
 Size:Large/50',
  'productno[3]' => 'MLB14013',
  'price[3]' => '18.50',
  'qty[3]' => 1,
  'productname[4]' => 'Nationals #37 Stephen Strasburg White USMC Cool Base Stitched Baseball Jersey
 Size:Large/50',
  'productno[4]' => 'MLB14022',
  'price[4]' => '18.50',
  'qty[4]' => 1,
  'checkcode' => 'ab792a75c5dd135f6052b5b270e50d1f',
  'backurl' => 'http://www.outlet-jersey.com/index.php?main_page=checkout_process',
  'notifyreurl' => 'http://www.outlet-jersey.com/mallpay_check.php',
  's_firstname' => 'Craig',
  's_lastname' => 'Zygmunt',
  's_address' => '7615 Southern Brook Bend Apt 104 ',
  's_city' => 'Tampa',
  's_state' => 'FL',
  's_postcode' => '33635',
  's_country' => 'US',
  'email' => 'Craig.zygmunt@yahoo.com',
  's_tel' => '973-943-7513',
  'b_firstname' => 'Craig',
  'b_lastname' => 'Zygmunt',
  'b_address' => '7615 Southern Brook Bend Apt 104 ',
  'b_city' => 'Tampa',
  'b_state' => 'FL',
  'b_postcode' => '33635',
  'b_country' => 'US',
  'b_tel' => '973-943-7513',
) 
12:30:45 array (
  'siteno' => '193736180',
  'version' => '',
  'orderid' => '245150310054',
  'order_time' => '20150310123045',
  'lang' => 'en',
  'currency' => 'USD',
  'vat' => '20.00',
  'discount' => '0.00',
  'shippingfee' => '15.00',
  'productname[0]' => 'New York Rangers #27 Ryan McDonagh White Road Stitched NHL Jersey
 Size:L(50)',
  'productno[0]' => 'NHL12407',
  'price[0]' => '33.00',
  'qty[0]' => 1,
  'productname[1]' => 'New York Rangers #21 Derek Stepan Blue NHL Jersey
 Size:L(50)',
  'productno[1]' => 'NHL12399',
  'price[1]' => '33.00',
  'qty[1]' => 1,
  'productname[2]' => 'New York Rangers #61 Rick Nash White 2014 Stadium Series Stitched NHL Jersey
 Size:L(50)',
  'productno[2]' => 'NHL12417',
  'price[2]' => '33.00',
  'qty[2]' => 1,
  'productname[3]' => 'Nationals #34 Bryce Harper Navy Blue Cool Base Stitched Baseball Jersey
 Size:Large/50',
  'productno[3]' => 'MLB14013',
  'price[3]' => '18.50',
  'qty[3]' => 1,
  'productname[4]' => 'Nationals #37 Stephen Strasburg White USMC Cool Base Stitched Baseball Jersey
 Size:Large/50',
  'productno[4]' => 'MLB14022',
  'price[4]' => '18.50',
  'qty[4]' => 1,
  'checkcode' => '2dbc75b6139517efd9d0cdce6df63301',
  'backurl' => 'http://www.outlet-jersey.com/index.php?main_page=checkout_process',
  'notifyreurl' => 'http://www.outlet-jersey.com/mallpay_check.php',
  's_firstname' => 'Craig',
  's_lastname' => 'Zygmunt',
  's_address' => '7615 Southern Brook Bend Apt 104 ',
  's_city' => 'Tampa',
  's_state' => 'FL',
  's_postcode' => '33635',
  's_country' => 'US',
  'email' => 'Craig.zygmunt@yahoo.com',
  's_tel' => '973-943-7513',
  'b_firstname' => 'Craig',
  'b_lastname' => 'Zygmunt',
  'b_address' => '7615 Southern Brook Bend Apt 104 ',
  'b_city' => 'Tampa',
  'b_state' => 'FL',
  'b_postcode' => '33635',
  'b_country' => 'US',
  'b_tel' => '973-943-7513',
) 
12:30:51 array (
  'siteno' => '193736180',
  'version' => '',
  'orderid' => '245150310055',
  'order_time' => '20150310123051',
  'lang' => 'en',
  'currency' => 'USD',
  'vat' => '20.00',
  'discount' => '0.00',
  'shippingfee' => '15.00',
  'productname[0]' => 'New York Rangers #27 Ryan McDonagh White Road Stitched NHL Jersey
 Size:L(50)',
  'productno[0]' => 'NHL12407',
  'price[0]' => '33.00',
  'qty[0]' => 1,
  'productname[1]' => 'New York Rangers #21 Derek Stepan Blue NHL Jersey
 Size:L(50)',
  'productno[1]' => 'NHL12399',
  'price[1]' => '33.00',
  'qty[1]' => 1,
  'productname[2]' => 'New York Rangers #61 Rick Nash White 2014 Stadium Series Stitched NHL Jersey
 Size:L(50)',
  'productno[2]' => 'NHL12417',
  'price[2]' => '33.00',
  'qty[2]' => 1,
  'productname[3]' => 'Nationals #34 Bryce Harper Navy Blue Cool Base Stitched Baseball Jersey
 Size:Large/50',
  'productno[3]' => 'MLB14013',
  'price[3]' => '18.50',
  'qty[3]' => 1,
  'productname[4]' => 'Nationals #37 Stephen Strasburg White USMC Cool Base Stitched Baseball Jersey
 Size:Large/50',
  'productno[4]' => 'MLB14022',
  'price[4]' => '18.50',
  'qty[4]' => 1,
  'checkcode' => 'f65dbc69506b4e041659d060fe3f604d',
  'backurl' => 'http://www.outlet-jersey.com/index.php?main_page=checkout_process',
  'notifyreurl' => 'http://www.outlet-jersey.com/mallpay_check.php',
  's_firstname' => 'Craig',
  's_lastname' => 'Zygmunt',
  's_address' => '7615 Southern Brook Bend Apt 104 ',
  's_city' => 'Tampa',
  's_state' => 'FL',
  's_postcode' => '33635',
  's_country' => 'US',
  'email' => 'Craig.zygmunt@yahoo.com',
  's_tel' => '973-943-7513',
  'b_firstname' => 'Craig',
  'b_lastname' => 'Zygmunt',
  'b_address' => '7615 Southern Brook Bend Apt 104 ',
  'b_city' => 'Tampa',
  'b_state' => 'FL',
  'b_postcode' => '33635',
  'b_country' => 'US',
  'b_tel' => '973-943-7513',
) 
19:19:44 array (
  'siteno' => '193736180',
  'version' => '',
  'orderid' => '245150310061',
  'order_time' => '20150310191944',
  'lang' => 'en',
  'currency' => 'USD',
  'vat' => '4.00',
  'discount' => '0.00',
  'shippingfee' => '25.00',
  'productname[0]' => 'Boston Bruins #17 Milan Lucic Stitched Black NHL Jersey
 Size:XXXL(56)',
  'productno[0]' => 'NHL10907',
  'price[0]' => '33.00',
  'qty[0]' => 1,
  'checkcode' => '3f34740a079cca5ca1cbee6a634df121',
  'backurl' => 'http://www.outlet-jersey.com/index.php?main_page=checkout_process',
  'notifyreurl' => 'http://www.outlet-jersey.com/mallpay_check.php',
  's_firstname' => 'Jaclynn',
  's_lastname' => 'Driscoll',
  's_address' => '5158 Pavilion Dr ',
  's_city' => 'Kalamazoo',
  's_state' => 'MI',
  's_postcode' => '49048',
  's_country' => 'US',
  'email' => 'tdriscoll97@gmail.com',
  's_tel' => '2699108465',
  'b_firstname' => 'Jaclynn',
  'b_lastname' => 'Driscoll',
  'b_address' => '5158 Pavilion Dr ',
  'b_city' => 'Kalamazoo',
  'b_state' => 'MI',
  'b_postcode' => '49048',
  'b_country' => 'US',
  'b_tel' => '2699108465',
) 
20:38:10 array (
  'siteno' => '193736180',
  'version' => '',
  'orderid' => '245150310062',
  'order_time' => '20150310203810',
  'lang' => 'en',
  'currency' => 'USD',
  'vat' => '16.00',
  'discount' => '0.00',
  'shippingfee' => '20.00',
  'productname[0]' => 'Red Wings #5 Nicklas Lidstrom Stitched White Winter Classic NHL Jersey
 Size:XXL(54)',
  'productno[0]' => 'NHL11840',
  'price[0]' => '33.00',
  'qty[0]' => 1,
  'productname[1]' => 'Red Wings St Patty\'s Day #5 Nicklas Lidstrom Green Stitched NHL Jersey
 Size:XXL(54)',
  'productno[1]' => 'NHL11866',
  'price[1]' => '33.00',
  'qty[1]' => 1,
  'productname[2]' => 'Los Angeles Kings #23 Dustin Brown Grey 2014 Stadium Series Stitched NHL Jersey
 Size:XXL(54)',
  'productno[2]' => 'NHL12086',
  'price[2]' => '33.00',
  'qty[2]' => 1,
  'productname[3]' => 'Red Wings #5 Nicklas Lidstrom Black Ice Stitched NHL Jersey
 Size:XXL(54)',
  'productno[3]' => 'NHL11835',
  'price[3]' => '33.00',
  'qty[3]' => 1,
  'checkcode' => '60f17f0a19994b52a97c200e7afe9a47',
  'backurl' => 'http://www.outlet-jersey.com/index.php?main_page=checkout_process',
  'notifyreurl' => 'http://www.outlet-jersey.com/mallpay_check.php',
  's_firstname' => 'Kevin',
  's_lastname' => 'smith',
  's_address' => '5105 Bushnell ave. ',
  's_city' => 'riverside',
  's_state' => 'CA',
  's_postcode' => '92505',
  's_country' => 'US',
  'email' => 'kkkoolsmith1@aol.com',
  's_tel' => '951-515-2132',
  'b_firstname' => 'Kevin',
  'b_lastname' => 'smith',
  'b_address' => '5105 Bushnell ave. ',
  'b_city' => 'riverside',
  'b_state' => 'CA',
  'b_postcode' => '92505',
  'b_country' => 'US',
  'b_tel' => '951-515-2132',
) 
23:09:40 array (
  'siteno' => '193736180',
  'version' => '',
  'orderid' => '245150310079',
  'order_time' => '20150310230940',
  'lang' => 'en',
  'currency' => 'USD',
  'vat' => '8.00',
  'discount' => '0.00',
  'shippingfee' => '20.00',
  'productname[0]' => 'NHL Jersey Chicago Blackhawks 19 Toews black k  Men Stitched Fights Cancer Stitched Hockey Jersey
 Size:M(48)',
  'productno[0]' => 'NHL2015019521',
  'price[0]' => '36.95',
  'qty[0]' => 1,
  'productname[1]' => 'Blackhawks #19 Jonathan Toews Stitched Black NHL Jersey With Stanley Cup Finals
 Size:M(48)',
  'productno[1]' => 'NHL11251',
  'price[1]' => '33.00',
  'qty[1]' => 1,
  'checkcode' => '35c20c19ccd2db5b3922c3a467743be5',
  'backurl' => 'http://www.outlet-jersey.com/index.php?main_page=checkout_process',
  'notifyreurl' => 'http://www.outlet-jersey.com/mallpay_check.php',
  's_firstname' => 'Alison',
  's_lastname' => 'Gayda',
  's_address' => '127 Pinehurst Lane ',
  's_city' => 'Battle Creek',
  's_state' => 'MI',
  's_postcode' => '49015',
  's_country' => 'US',
  'email' => 'a.gayda21@gmail.com',
  's_tel' => '2699790285',
  'b_firstname' => 'Alison',
  'b_lastname' => 'Gayda',
  'b_address' => '127 Pinehurst Lane ',
  'b_city' => 'Battle Creek',
  'b_state' => 'MI',
  'b_postcode' => '49015',
  'b_country' => 'US',
  'b_tel' => '2699790285',
) 
23:37:52 array (
  'siteno' => '193736180',
  'version' => '',
  'orderid' => '245150310082',
  'order_time' => '20150310233752',
  'lang' => 'en',
  'currency' => 'USD',
  'vat' => '4.00',
  'discount' => '0.00',
  'shippingfee' => '25.00',
  'productname[0]' => 'New York Rangers #61 Rick Nash Blue Home With 2014 Stanley Cup Finals NHL Jersey
 Size:L(50)',
  'productno[0]' => 'NHL10793',
  'price[0]' => '34.00',
  'qty[0]' => 1,
  'checkcode' => '3ee263cbb26bcdc048a8b8a9f1e3dbf3',
  'backurl' => 'http://www.outlet-jersey.com/index.php?main_page=checkout_process',
  'notifyreurl' => 'http://www.outlet-jersey.com/mallpay_check.php',
  's_firstname' => 'Mike',
  's_lastname' => 'Sordillo',
  's_address' => '5 kingdom court ',
  's_city' => 'Ronkonkoma',
  's_state' => 'NY',
  's_postcode' => '11779',
  's_country' => 'US',
  'email' => 'Rangers1426@gmail.com',
  's_tel' => '6317864343',
  'b_firstname' => 'Mike',
  'b_lastname' => 'Sordillo',
  'b_address' => '5 kingdom court ',
  'b_city' => 'Ronkonkoma',
  'b_state' => 'NY',
  'b_postcode' => '11779',
  'b_country' => 'US',
  'b_tel' => '6317864343',
) 
