03:40:28 array (
  'siteno' => '193736180',
  'version' => '',
  'orderid' => '245150309016',
  'order_time' => '20150309034028',
  'lang' => 'en',
  'currency' => 'USD',
  'vat' => '4.00',
  'discount' => '0.00',
  'shippingfee' => '25.00',
  'productname[0]' => 'Canadiens #76 PK Subban Stitched Red New CH NHL Jersey
 Size:XX Large/54',
  'productno[0]' => 'NHL12224',
  'price[0]' => '33.00',
  'qty[0]' => 1,
  'checkcode' => '04f431ef2879f8b3a1f7d8fedbdbda27',
  'backurl' => 'http://www.outlet-jersey.com/index.php?main_page=checkout_process',
  'notifyreurl' => 'http://www.outlet-jersey.com/mallpay_check.php',
  's_firstname' => 'Darlene',
  's_lastname' => 'Rabideau',
  's_address' => '292 Davison Road ',
  's_city' => 'MOOERS FORKS',
  's_state' => 'NY',
  's_postcode' => '12959',
  's_country' => 'US',
  'email' => 'drabs@primelink1.net',
  's_tel' => '518-236-5008',
  'b_firstname' => 'Darlene',
  'b_lastname' => 'Rabideau',
  'b_address' => '292 Davison Road ',
  'b_city' => 'MOOERS FORKS',
  'b_state' => 'NY',
  'b_postcode' => '12959',
  'b_country' => 'US',
  'b_tel' => '518-236-5008',
) 
04:31:42 array (
  'siteno' => '193736180',
  'version' => '',
  'orderid' => '245150309022',
  'order_time' => '20150309043142',
  'lang' => 'en',
  'currency' => 'USD',
  'vat' => '8.00',
  'discount' => '0.00',
  'shippingfee' => '20.00',
  'productname[0]' => 'Ducks #8 Teemu Selanne Men\'s Stitched White CCM Throwback Hockey Jersey
 Size:56 (XXXL)',
  'productno[0]' => 'JE1731691',
  'price[0]' => '36.56',
  'qty[0]' => 1,
  'productname[1]' => 'NHL Jersey Quebec Nordiques Jersey 2  Men Stitched with Purple Num Stitched NHL Jersey
 Size:56 (XXXL)',
  'productno[1]' => 'NHL2015019938',
  'price[1]' => '36.55',
  'qty[1]' => 1,
  'checkcode' => 'fd27521f269bc6114fbc9c282f1780e7',
  'backurl' => 'http://www.outlet-jersey.com/index.php?main_page=checkout_process',
  'notifyreurl' => 'http://www.outlet-jersey.com/mallpay_check.php',
  's_firstname' => 'Courtney',
  's_lastname' => 'Hepple',
  's_address' => '315 Frost Rd ',
  's_city' => 'Waterbury',
  's_state' => 'CT',
  's_postcode' => '06705',
  's_country' => 'US',
  'email' => 'Chepple22@yahoo.com',
  's_tel' => '203-675-6152',
  'b_firstname' => 'Courtney',
  'b_lastname' => 'Hepple',
  'b_address' => '315 Frost Rd ',
  'b_city' => 'Waterbury',
  'b_state' => 'CT',
  'b_postcode' => '06705',
  'b_country' => 'US',
  'b_tel' => '203-675-6152',
) 
08:35:44 array (
  'siteno' => '193736180',
  'version' => '',
  'orderid' => '245150309035',
  'order_time' => '20150309083544',
  'lang' => 'en',
  'currency' => 'USD',
  'vat' => '4.00',
  'discount' => '0.00',
  'shippingfee' => '25.00',
  'productname[0]' => 'New York Rangers #36 Mats Zuccarello Blue Home With 2014 Stanley Cup Finals NHL Jersey
 Size:M(48)',
  'productno[0]' => 'NHL10789',
  'price[0]' => '34.00',
  'qty[0]' => 1,
  'checkcode' => 'c9740bf4992db76039d63a788507ca91',
  'backurl' => 'http://www.outlet-jersey.com/index.php?main_page=checkout_process',
  'notifyreurl' => 'http://www.outlet-jersey.com/mallpay_check.php',
  's_firstname' => 'John',
  's_lastname' => 'Dundon',
  's_address' => '348 West 3rd Street ',
  's_city' => 'West Islip',
  's_state' => 'NY',
  's_postcode' => '11795',
  's_country' => 'US',
  'email' => 'jdundon@noregretz.com',
  's_tel' => '516-557-7715',
  'b_firstname' => 'John',
  'b_lastname' => 'Dundon',
  'b_address' => '348 West 3rd Street ',
  'b_city' => 'West Islip',
  'b_state' => 'NY',
  'b_postcode' => '11795',
  'b_country' => 'US',
  'b_tel' => '516-557-7715',
) 
08:56:07 array (
  'siteno' => '193736180',
  'version' => '',
  'orderid' => '245150309038',
  'order_time' => '20150309085607',
  'lang' => 'en',
  'currency' => 'USD',
  'vat' => '8.00',
  'discount' => '0.00',
  'shippingfee' => '20.00',
  'productname[0]' => 'New York Rangers #36 Mats Zuccarello White 2014 Stadium Series NHL Jersey
 Size:XXL(54)',
  'productno[0]' => 'NHL12413',
  'price[0]' => '33.00',
  'qty[0]' => 1,
  'productname[1]' => 'New York Rangers #30 Henrik Lundqvist White 2014 Stadium Series Stitched NHL Jersey
 Size:XL(52)',
  'productno[1]' => 'NHL12410',
  'price[1]' => '33.00',
  'qty[1]' => 1,
  'checkcode' => '1326f277ea6f1b9e48fe5aff84cb85b2',
  'backurl' => 'http://www.outlet-jersey.com/index.php?main_page=checkout_process',
  'notifyreurl' => 'http://www.outlet-jersey.com/mallpay_check.php',
  's_firstname' => 'Timothy',
  's_lastname' => 'tyler',
  's_address' => '62 stebbins ave ',
  's_city' => 'Eastchester',
  's_state' => 'NY',
  's_postcode' => '10709',
  's_country' => 'US',
  'email' => 'shoulderpt@yahoo.com',
  's_tel' => '914-4130591',
  'b_firstname' => 'Timothy',
  'b_lastname' => 'tyler',
  'b_address' => '62 stebbins ave ',
  'b_city' => 'Eastchester',
  'b_state' => 'NY',
  'b_postcode' => '10709',
  'b_country' => 'US',
  'b_tel' => '914-4130591',
) 
09:54:31 array (
  'siteno' => '193736180',
  'version' => '',
  'orderid' => '245150309044',
  'order_time' => '20150309095431',
  'lang' => 'en',
  'currency' => 'USD',
  'vat' => '4.00',
  'discount' => '0.00',
  'shippingfee' => '25.00',
  'productname[0]' => 'Bruins 2011 Stanley Cup Champions Patch #18 Nathan Horton Black Stitched NHL Jersey
 Size:Large/50',
  'productno[0]' => 'NHL10990',
  'price[0]' => '33.00',
  'qty[0]' => 1,
  'checkcode' => '5954e94e8f18f0b371b05b2ac43a3915',
  'backurl' => 'http://www.outlet-jersey.com/index.php?main_page=checkout_process',
  'notifyreurl' => 'http://www.outlet-jersey.com/mallpay_check.php',
  's_firstname' => 'Alex',
  's_lastname' => 'Shedd',
  's_address' => '43 Province street apt A ',
  's_city' => 'Laconia',
  's_state' => 'NH',
  's_postcode' => '03246',
  's_country' => 'US',
  'email' => 'Shedd943@gmail.com',
  's_tel' => '6035203275',
  'b_firstname' => 'Alex',
  'b_lastname' => 'Shedd',
  'b_address' => '43 Province street apt A ',
  'b_city' => 'Laconia',
  'b_state' => 'NH',
  'b_postcode' => '03246',
  'b_country' => 'US',
  'b_tel' => '6035203275',
) 
16:07:40 array (
  'siteno' => '193736180',
  'version' => '',
  'orderid' => '245150309054',
  'order_time' => '20150309160740',
  'lang' => 'en',
  'currency' => 'USD',
  'vat' => '4.00',
  'discount' => '0.00',
  'shippingfee' => '25.00',
  'productname[0]' => 'NHL Jersey Chicago Blackhawks 018  Men Stitched Charcoal Cross Check Fashion Jersey
 Size:XL(52)',
  'productno[0]' => 'NHL2015019495',
  'price[0]' => '36.95',
  'qty[0]' => 1,
  'checkcode' => '78ed851635dab86994f671942a466b47',
  'backurl' => 'http://www.outlet-jersey.com/index.php?main_page=checkout_process',
  'notifyreurl' => 'http://www.outlet-jersey.com/mallpay_check.php',
  's_firstname' => 'Jake',
  's_lastname' => 'Denson',
  's_address' => '1728 fairview drive ',
  's_city' => 'beloit',
  's_state' => 'WI',
  's_postcode' => '53511',
  's_country' => 'US',
  'email' => 'jakedasnake4@yahoo.com',
  's_tel' => '815-289-9346',
  'b_firstname' => 'Jake',
  'b_lastname' => 'Denson',
  'b_address' => '1728 fairview drive ',
  'b_city' => 'beloit',
  'b_state' => 'WI',
  'b_postcode' => '53511',
  'b_country' => 'US',
  'b_tel' => '815-289-9346',
) 
17:46:49 array (
  'siteno' => '193736180',
  'version' => '',
  'orderid' => '245150309057',
  'order_time' => '20150309174649',
  'lang' => 'en',
  'currency' => 'USD',
  'vat' => '4.00',
  'discount' => '0.00',
  'shippingfee' => '25.00',
  'productname[0]' => 'Rangers #11 Mark Messier Stitched Blue CCM Throwback NHL Jersey
 Size:L(50)',
  'productno[0]' => 'NHL12432',
  'price[0]' => '33.00',
  'qty[0]' => 1,
  'checkcode' => '5d3a204b946dc79bd6069373ce2e3722',
  'backurl' => 'http://www.outlet-jersey.com/index.php?main_page=checkout_process',
  'notifyreurl' => 'http://www.outlet-jersey.com/mallpay_check.php',
  's_firstname' => 'Steven',
  's_lastname' => 'gould',
  's_address' => '23 Hanover square ',
  's_city' => 'Middlesex',
  's_state' => 'NJ',
  's_postcode' => '08846',
  's_country' => 'US',
  'email' => 'angels.gould@gmail.com',
  's_tel' => '732-208-1303',
  'b_firstname' => 'Steven',
  'b_lastname' => 'gould',
  'b_address' => '23 Hanover square ',
  'b_city' => 'Middlesex',
  'b_state' => 'NJ',
  'b_postcode' => '08846',
  'b_country' => 'US',
  'b_tel' => '732-208-1303',
) 
19:59:17 array (
  'siteno' => '193736180',
  'version' => '',
  'orderid' => '245150309061',
  'order_time' => '20150309195917',
  'lang' => 'en',
  'currency' => 'USD',
  'vat' => '4.00',
  'discount' => '0.00',
  'shippingfee' => '25.00',
  'productname[0]' => 'NHL Jersey Chicago Blackhawks 19 Toews green  Men Stitched Charcoal Cross Check Fashion Jersey
 Size:XL(52)',
  'productno[0]' => 'NHL2015019523',
  'price[0]' => '36.70',
  'qty[0]' => 1,
  'checkcode' => '70fbb0d518163bb0985fa7d2b59f5370',
  'backurl' => 'http://www.outlet-jersey.com/index.php?main_page=checkout_process',
  'notifyreurl' => 'http://www.outlet-jersey.com/mallpay_check.php',
  's_firstname' => 'Joshua',
  's_lastname' => 'Parrott',
  's_address' => '1410 Bennett Drive ',
  's_city' => 'Rock Falls',
  's_state' => 'IL',
  's_postcode' => '61071',
  's_country' => 'US',
  'email' => 'josh_prrtt@icloud.com',
  's_tel' => '815590787',
  'b_firstname' => 'Joshua',
  'b_lastname' => 'Parrott',
  'b_address' => '1410 Bennett Drive ',
  'b_city' => 'Rock Falls',
  'b_state' => 'IL',
  'b_postcode' => '61071',
  'b_country' => 'US',
  'b_tel' => '815590787',
) 
20:44:12 array (
  'siteno' => '193736180',
  'version' => '',
  'orderid' => '245150309065',
  'order_time' => '20150309204411',
  'lang' => 'en',
  'currency' => 'USD',
  'vat' => '4.00',
  'discount' => '0.00',
  'shippingfee' => '25.00',
  'productname[0]' => 'New York Rangers #36 Mats Zuccarello Blue Home NHL Jersey
 Size:L(50)',
  'productno[0]' => 'NHL12411',
  'price[0]' => '33.00',
  'qty[0]' => 1,
  'checkcode' => '094efc4cea802989334ee7133d3c3d47',
  'backurl' => 'http://www.outlet-jersey.com/index.php?main_page=checkout_process',
  'notifyreurl' => 'http://www.outlet-jersey.com/mallpay_check.php',
  's_firstname' => 'jonathan',
  's_lastname' => 'Barron',
  's_address' => '426 bloomfield ave. ',
  's_city' => 'bloomfield',
  's_state' => 'NJ',
  's_postcode' => '07003',
  's_country' => 'US',
  'email' => 'destructionzeve@aol.com',
  's_tel' => '2122032180',
  'b_firstname' => 'jonathan',
  'b_lastname' => 'Barron',
  'b_address' => '426 bloomfield ave. ',
  'b_city' => 'bloomfield',
  'b_state' => 'NJ',
  'b_postcode' => '07003',
  'b_country' => 'US',
  'b_tel' => '2122032180',
) 
20:44:12 array (
  'siteno' => '193736180',
  'version' => '',
  'orderid' => '245150309066',
  'order_time' => '20150309204412',
  'lang' => 'en',
  'currency' => 'USD',
  'vat' => '4.00',
  'discount' => '0.00',
  'shippingfee' => '25.00',
  'productname[0]' => 'New York Rangers #36 Mats Zuccarello Blue Home NHL Jersey
 Size:L(50)',
  'productno[0]' => 'NHL12411',
  'price[0]' => '33.00',
  'qty[0]' => 1,
  'checkcode' => '369ff19f6813d33bc1cd999f1e41739c',
  'backurl' => 'http://www.outlet-jersey.com/index.php?main_page=checkout_process',
  'notifyreurl' => 'http://www.outlet-jersey.com/mallpay_check.php',
  's_firstname' => 'jonathan',
  's_lastname' => 'Barron',
  's_address' => '426 bloomfield ave. ',
  's_city' => 'bloomfield',
  's_state' => 'NJ',
  's_postcode' => '07003',
  's_country' => 'US',
  'email' => 'destructionzeve@aol.com',
  's_tel' => '2122032180',
  'b_firstname' => 'jonathan',
  'b_lastname' => 'Barron',
  'b_address' => '426 bloomfield ave. ',
  'b_city' => 'bloomfield',
  'b_state' => 'NJ',
  'b_postcode' => '07003',
  'b_country' => 'US',
  'b_tel' => '2122032180',
) 
