02:08:32 array (
  'siteno' => '193736180',
  'version' => '',
  'orderid' => '245150214006',
  'order_time' => '20150214020832',
  'lang' => 'en',
  'currency' => 'USD',
  'vat' => '4.00',
  'discount' => '0.00',
  'shippingfee' => '25.00',
  'productname[0]' => '2015 NFL New England Patriots Knit Hats 12',
  'productno[0]' => 'HAT13225',
  'price[0]' => '9.90',
  'qty[0]' => 1,
  'checkcode' => '99f1bae368400848f1605dabd7d768ae',
  'backurl' => 'http://www.outlet-jersey.com/index.php?main_page=checkout_process',
  'notifyreurl' => 'http://www.outlet-jersey.com/mallpay_check.php',
  's_firstname' => 'Brandon',
  's_lastname' => 'Thompson',
  's_address' => '5839 Margery drive #108 ',
  's_city' => 'Mount pleasant',
  's_state' => 'WI',
  's_postcode' => '53406',
  's_country' => 'US',
  'email' => 'Bthompson1826@yahoo.com',
  's_tel' => '2628654298',
  'b_firstname' => 'Brandon',
  'b_lastname' => 'Thompson',
  'b_address' => '5839 Margery drive #108 ',
  'b_city' => 'Mount pleasant',
  'b_state' => 'WI',
  'b_postcode' => '53406',
  'b_country' => 'US',
  'b_tel' => '2628654298',
) 
02:10:41 array (
  'siteno' => '193736180',
  'version' => '',
  'orderid' => '245150214007',
  'order_time' => '20150214021041',
  'lang' => 'en',
  'currency' => 'USD',
  'vat' => '4.00',
  'discount' => '0.00',
  'shippingfee' => '25.00',
  'productname[0]' => '2015 NFL New England Patriots Knit Hats 12',
  'productno[0]' => 'HAT13225',
  'price[0]' => '9.90',
  'qty[0]' => 1,
  'checkcode' => '5cd48cecc1036310f9668f858f7eb709',
  'backurl' => 'http://www.outlet-jersey.com/index.php?main_page=checkout_process',
  'notifyreurl' => 'http://www.outlet-jersey.com/mallpay_check.php',
  's_firstname' => 'Brandon',
  's_lastname' => 'Thompson',
  's_address' => '5839 Margery drive #108 ',
  's_city' => 'Mount pleasant',
  's_state' => 'WI',
  's_postcode' => '53406',
  's_country' => 'US',
  'email' => 'Bthompson1826@yahoo.com',
  's_tel' => '2628654298',
  'b_firstname' => 'Brandon',
  'b_lastname' => 'Thompson',
  'b_address' => '5839 Margery drive #108 ',
  'b_city' => 'Mount pleasant',
  'b_state' => 'WI',
  'b_postcode' => '53406',
  'b_country' => 'US',
  'b_tel' => '2628654298',
) 
02:49:00 array (
  'siteno' => '193736180',
  'version' => '',
  'orderid' => '245150214010',
  'order_time' => '20150214024900',
  'lang' => 'en',
  'currency' => 'USD',
  'vat' => '4.00',
  'discount' => '0.00',
  'shippingfee' => '25.00',
  'productname[0]' => '2015 NFL Jersey Hats 13',
  'productno[0]' => 'HAT13296',
  'price[0]' => '9.90',
  'qty[0]' => 1,
  'checkcode' => 'a0cfc9a0b9cf2f4b657dc7eddb17f095',
  'backurl' => 'http://www.outlet-jersey.com/index.php?main_page=checkout_process',
  'notifyreurl' => 'http://www.outlet-jersey.com/mallpay_check.php',
  's_firstname' => 'Tyrone',
  's_lastname' => 'Jennings',
  's_address' => '862 brightridge street ',
  's_city' => 'Pittsburgh',
  's_state' => 'PA',
  's_postcode' => '15214',
  's_country' => 'US',
  'email' => 'Tyronejennings45@gmail.com',
  's_tel' => '412-961-1808',
  'b_firstname' => 'Tyrone',
  'b_lastname' => 'Jennings',
  'b_address' => '862 brightridge street ',
  'b_city' => 'Pittsburgh',
  'b_state' => 'PA',
  'b_postcode' => '15214',
  'b_country' => 'US',
  'b_tel' => '412-961-1808',
) 
03:47:32 array (
  'siteno' => '193736180',
  'version' => '',
  'orderid' => '245150214013',
  'order_time' => '20150214034732',
  'lang' => 'en',
  'currency' => 'USD',
  'vat' => '16.00',
  'discount' => '0.00',
  'shippingfee' => '20.00',
  'productname[0]' => 'NHL Jersey Chicago Blackhawks 019  Men Stitched 2015 Winter Classic Stitched NHL Jersey
 Size:48 (XL)',
  'productno[0]' => 'NHL2015019496',
  'price[0]' => '36.55',
  'qty[0]' => 1,
  'productname[1]' => 'NHL Jersey Chicago Blackhawks 016  Men Stitched Fights Cancer Stitched Hockey Jersey
 Size:40 (M)',
  'productno[1]' => 'NHL2015019493',
  'price[1]' => '36.56',
  'qty[1]' => 1,
  'productname[2]' => 'Blackhawks #10 Patrick Sharp Stitched Black New Third With Stanley Cup Finals NHL Jersey
 Size:Extra Large/52',
  'productno[2]' => 'NHL11183',
  'price[2]' => '33.00',
  'qty[2]' => 1,
  'productname[3]' => '2014 Olympic Team USA #88 Patrick Kane Navy Blue Stitched NHL Jersey
 Size:XL(52)',
  'productno[3]' => 'NHL10483',
  'price[3]' => '33.00',
  'qty[3]' => 1,
  'checkcode' => '93681ac49260fe17b53b9d19ccc7ded4',
  'backurl' => 'http://www.outlet-jersey.com/index.php?main_page=checkout_process',
  'notifyreurl' => 'http://www.outlet-jersey.com/mallpay_check.php',
  's_firstname' => 'Brittani',
  's_lastname' => 'Lawlis',
  's_address' => '21998 E 1500 North Road ',
  's_city' => 'Pontiac',
  's_state' => 'IL',
  's_postcode' => '61764',
  's_country' => 'US',
  'email' => 'brittani.beauti@me.com',
  's_tel' => '309-826-4257',
  'b_firstname' => 'Brittani',
  'b_lastname' => 'Lawlis',
  'b_address' => '21998 E 1500 North Road ',
  'b_city' => 'Pontiac',
  'b_state' => 'IL',
  'b_postcode' => '61764',
  'b_country' => 'US',
  'b_tel' => '309-826-4257',
) 
05:47:40 array (
  'siteno' => '193736180',
  'version' => '',
  'orderid' => '245150214024',
  'order_time' => '20150214054740',
  'lang' => 'en',
  'currency' => 'USD',
  'vat' => '4.00',
  'discount' => '0.00',
  'shippingfee' => '25.00',
  'productname[0]' => 'Bruins #17 Milan Lucic Stitched White NHL Jersey
 Size:Large/50',
  'productno[0]' => 'NHL10921',
  'price[0]' => '33.00',
  'qty[0]' => 1,
  'checkcode' => 'b4f136c50fa3cd71277018b9d3e94035',
  'backurl' => 'http://www.outlet-jersey.com/index.php?main_page=checkout_process',
  'notifyreurl' => 'http://www.outlet-jersey.com/mallpay_check.php',
  's_firstname' => 'Shila',
  's_lastname' => 'Hammond',
  's_address' => '471 China Road ',
  's_city' => 'Albion',
  's_state' => 'ME',
  's_postcode' => '04910',
  's_country' => 'US',
  'email' => 'shilahammond@yahoo.com',
  's_tel' => '2075095458',
  'b_firstname' => 'Shila',
  'b_lastname' => 'Hammond',
  'b_address' => '471 China Road ',
  'b_city' => 'Albion',
  'b_state' => 'ME',
  'b_postcode' => '04910',
  'b_country' => 'US',
  'b_tel' => '2075095458',
) 
06:54:22 array (
  'siteno' => '193736180',
  'version' => '',
  'orderid' => '245150214029',
  'order_time' => '20150214065422',
  'lang' => 'en',
  'currency' => 'USD',
  'vat' => '4.00',
  'discount' => '0.00',
  'shippingfee' => '25.00',
  'productname[0]' => 'Nike Panthers #59 Luke Kuechly Lights Out Grey With 20TH Season Patch Stitched Jersey
 Size:44',
  'productno[0]' => 'NFL18635',
  'price[0]' => '22.50',
  'qty[0]' => 1,
  'checkcode' => 'ecf0ae11f6243583d03177fbaa4c369f',
  'backurl' => 'http://www.outlet-jersey.com/index.php?main_page=checkout_process',
  'notifyreurl' => 'http://www.outlet-jersey.com/mallpay_check.php',
  's_firstname' => 'Bevan',
  's_lastname' => 'Hurlbert',
  's_address' => '2024 Clarion Drive ',
  's_city' => 'Indian Land',
  's_state' => 'SC',
  's_postcode' => '29707',
  's_country' => 'US',
  'email' => 'Bevan.hurlbert@yahoo.com',
  's_tel' => '804-852-3636',
  'b_firstname' => 'Bevan',
  'b_lastname' => 'Hurlbert',
  'b_address' => '2024 Clarion Drive ',
  'b_city' => 'Indian Land',
  'b_state' => 'SC',
  'b_postcode' => '29707',
  'b_country' => 'US',
  'b_tel' => '804-852-3636',
) 
07:48:40 array (
  'siteno' => '193736180',
  'version' => '',
  'orderid' => '245150214035',
  'order_time' => '20150214074840',
  'lang' => 'en',
  'currency' => 'USD',
  'vat' => '4.00',
  'discount' => '0.00',
  'shippingfee' => '25.00',
  'productname[0]' => '20141011 GREEN BAY PACKERS Knit Hats
 Size:One Size',
  'productno[0]' => 'HAT10536',
  'price[0]' => '9.90',
  'qty[0]' => 1,
  'checkcode' => 'a743ee27a9088f6310314ed967f0c3a8',
  'backurl' => 'http://www.outlet-jersey.com/index.php?main_page=checkout_process',
  'notifyreurl' => 'http://www.outlet-jersey.com/mallpay_check.php',
  's_firstname' => 'dawn',
  's_lastname' => 'wade',
  's_address' => '510 chestnut ave apt 1 ',
  's_city' => 'massillon',
  's_state' => 'OH',
  's_postcode' => '44646',
  's_country' => 'US',
  'email' => 'dwade34@gmail.com',
  's_tel' => '2346504843',
  'b_firstname' => 'dawn',
  'b_lastname' => 'wade',
  'b_address' => '510 chestnut ave apt 1 ',
  'b_city' => 'massillon',
  'b_state' => 'OH',
  'b_postcode' => '44646',
  'b_country' => 'US',
  'b_tel' => '2346504843',
) 
08:08:54 array (
  'siteno' => '193736180',
  'version' => '',
  'orderid' => '245150214037',
  'order_time' => '20150214080854',
  'lang' => 'en',
  'currency' => 'USD',
  'vat' => '8.00',
  'discount' => '0.00',
  'shippingfee' => '20.00',
  'productname[0]' => 'Youth NHL Boston Bruins #33 Zdeno Chara Black Jersey
 Size:S/M',
  'productno[0]' => 'YOUTH4630',
  'price[0]' => '33.00',
  'qty[0]' => 1,
  'productname[1]' => 'Boston Bruins #33 Zdeno Chara Stitched Black NHL Jersey
 Size:L(50)',
  'productno[1]' => 'NHL10909',
  'price[1]' => '33.00',
  'qty[1]' => 1,
  'checkcode' => '88295658f92e7d98d1b8efe6c03345ae',
  'backurl' => 'http://www.outlet-jersey.com/index.php?main_page=checkout_process',
  'notifyreurl' => 'http://www.outlet-jersey.com/mallpay_check.php',
  's_firstname' => 'Luis',
  's_lastname' => 'santa maria',
  's_address' => '123 depot at ',
  's_city' => 'williamstown',
  's_state' => 'VT',
  's_postcode' => '05679',
  's_country' => 'US',
  'email' => 'santamaria0772@yahoo.com',
  's_tel' => '802-498-7459',
  'b_firstname' => 'Luis',
  'b_lastname' => 'santa maria',
  'b_address' => '123 depot at ',
  'b_city' => 'williamstown',
  'b_state' => 'VT',
  'b_postcode' => '05679',
  'b_country' => 'US',
  'b_tel' => '802-498-7459',
) 
10:09:22 array (
  'siteno' => '193736180',
  'version' => '',
  'orderid' => '245150214047',
  'order_time' => '20150214100922',
  'lang' => 'en',
  'currency' => 'USD',
  'vat' => '8.00',
  'discount' => '0.00',
  'shippingfee' => '20.00',
  'productname[0]' => 'NHL Jersey Boston Bruins Green Black 37  Men Stitched 2015 Winter Classic Stitched NHL Jersey
 Size:44 (L)',
  'productno[0]' => 'NHL2015019452',
  'price[0]' => '36.67',
  'qty[0]' => 1,
  'productname[1]' => 'NHL Jersey Boston Bruins Green Black 4  Men Stitched Fights Cancer Stitched Hockey Jersey
 Size:48 (XL)',
  'productno[1]' => 'NHL2015019453',
  'price[1]' => '36.57',
  'qty[1]' => 1,
  'checkcode' => '641e72fa056405335727608aea82d70f',
  'backurl' => 'http://www.outlet-jersey.com/index.php?main_page=checkout_process',
  'notifyreurl' => 'http://www.outlet-jersey.com/mallpay_check.php',
  's_firstname' => 'Mike',
  's_lastname' => 'Morriso',
  's_address' => '86 Allen Rd ',
  's_city' => 'Billerica',
  's_state' => 'MA',
  's_postcode' => '01821',
  's_country' => 'US',
  'email' => 'dlrshand@yahoo.com',
  's_tel' => '9784083109',
  'b_firstname' => 'Mike',
  'b_lastname' => 'Morriso',
  'b_address' => '86 Allen Rd ',
  'b_city' => 'Billerica',
  'b_state' => 'MA',
  'b_postcode' => '01821',
  'b_country' => 'US',
  'b_tel' => '9784083109',
) 
11:59:21 array (
  'siteno' => '193736180',
  'version' => '',
  'orderid' => '245150214056',
  'order_time' => '20150214115921',
  'lang' => 'en',
  'currency' => 'USD',
  'vat' => '20.00',
  'discount' => '0.00',
  'shippingfee' => '15.00',
  'productname[0]' => 'NHL Jersey Boston Bruins Green Black 37  Men Stitched 2015 Winter Classic Stitched NHL Jersey
 Size:56 (XXXL)',
  'productno[0]' => 'NHL2015019452',
  'price[0]' => '36.67',
  'qty[0]' => 1,
  'productname[1]' => 'NHL Jersey Boston Bruins Green Black 17  Men Stitched Charcoal Cross Check Fashion Jersey
 Size:56 (XXXL)',
  'productno[1]' => 'NHL2015019451',
  'price[1]' => '36.66',
  'qty[1]' => 1,
  'productname[2]' => 'NHL Jersey Boston Bruins Yello Black 33  Men Stitched Fights Cancer Stitched Hockey Jersey
 Size:56 (XXXL)',
  'productno[2]' => 'NHL2015019457',
  'price[2]' => '36.55',
  'qty[2]' => 1,
  'productname[3]' => 'Team USA 2014 Olympic 32 Quick Navy Blue Stitched NHL Jerseys
 Size:56(3XL)',
  'productno[3]' => 'NHL10656',
  'price[3]' => '33.00',
  'qty[3]' => 1,
  'productname[4]' => 'Red Wings #9 Gordie Howe Red Sawyer Hooded Sweatshirt Stitched NHL Jersey
 Size:XXX Large/56',
  'productno[4]' => 'NHL11848',
  'price[4]' => '36.00',
  'qty[4]' => 1,
  'checkcode' => 'd1163e7b6cf65db6beb6dfd7537553e2',
  'backurl' => 'http://www.outlet-jersey.com/index.php?main_page=checkout_process',
  'notifyreurl' => 'http://www.outlet-jersey.com/mallpay_check.php',
  's_firstname' => 'Jaime',
  's_lastname' => 'Vazquez',
  's_address' => '1130 E. Fairhaven Ct ',
  's_city' => 'Porterville',
  's_state' => 'CA',
  's_postcode' => '93257',
  's_country' => 'US',
  'email' => 'sgtpapasito@aol.com',
  's_tel' => '5597828226',
  'b_firstname' => 'Jaime',
  'b_lastname' => 'Vazquez',
  'b_address' => '1130 E. Fairhaven Ct ',
  'b_city' => 'Porterville',
  'b_state' => 'CA',
  'b_postcode' => '93257',
  'b_country' => 'US',
  'b_tel' => '5597828226',
) 
14:57:31 array (
  'siteno' => '193736180',
  'version' => '',
  'orderid' => '245150214067',
  'order_time' => '20150214145731',
  'lang' => 'en',
  'currency' => 'USD',
  'vat' => '8.00',
  'discount' => '0.00',
  'shippingfee' => '20.00',
  'productname[0]' => 'Red Wings #14 Gustav Nyquist Red Stitched NHL Jersey
 Size:XX Large/54',
  'productno[0]' => 'NHL11807',
  'price[0]' => '33.00',
  'qty[0]' => 1,
  'productname[1]' => 'Detroit Red Wings Blank Camo Veterans Day Practice NHL Jersey
 Size:XXL(54)',
  'productno[1]' => 'NHL11794',
  'price[1]' => '33.00',
  'qty[1]' => 1,
  'checkcode' => '667bd581d4fc45b3c36cbfab0e8c44c7',
  'backurl' => 'http://www.outlet-jersey.com/index.php?main_page=checkout_process',
  'notifyreurl' => 'http://www.outlet-jersey.com/mallpay_check.php',
  's_firstname' => 'Matthew',
  's_lastname' => 'Lee',
  's_address' => '1211 Jordan Lake Ave ',
  's_city' => 'Lakeodessa',
  's_state' => 'MI',
  's_postcode' => '48849',
  's_country' => 'US',
  'email' => 'Griffinsfan27@yahoo.com',
  's_tel' => '616-5815572',
  'b_firstname' => 'Matthew',
  'b_lastname' => 'Lee',
  'b_address' => '1211 Jordan Lake Ave ',
  'b_city' => 'Lakeodessa',
  'b_state' => 'MI',
  'b_postcode' => '48849',
  'b_country' => 'US',
  'b_tel' => '616-5815572',
) 
19:47:29 array (
  'siteno' => '193736180',
  'version' => '',
  'orderid' => '245150214072',
  'order_time' => '20150214194729',
  'lang' => 'en',
  'currency' => 'USD',
  'vat' => '16.00',
  'discount' => '0.00',
  'shippingfee' => '20.00',
  'productname[0]' => 'NEW nfl jerseys seattle seahawks #3 wilson blue-green(Elite split)
 Size:56/3XL',
  'productno[0]' => 'NFL28228',
  'price[0]' => '22.50',
  'qty[0]' => 1,
  'productname[1]' => 'NEW Seattle Seahawks 12 Fan Blue Green Drift Fashion II Elite NFL Jerseys
 Size:56',
  'productno[1]' => 'NFL28295',
  'price[1]' => '22.50',
  'qty[1]' => 1,
  'productname[2]' => 'NEW NFL Drift Fashion NEW Seattle Seahawks #89 Doug Baldwin Green Stitched NFL Elite Drift Fashion Jerseys
 Size:60',
  'productno[2]' => 'NFL28227',
  'price[2]' => '22.50',
  'qty[2]' => 1,
  'productname[3]' => 'NEW NFL Seattle Seahawks 24 Marshawn Lynch White-Blue Jerseys(Split Elite)
 Size:56',
  'productno[3]' => 'NFL28243',
  'price[3]' => '22.50',
  'qty[3]' => 1,
  'checkcode' => '56add3b40021e0f493a0ece549db478c',
  'backurl' => 'http://www.outlet-jersey.com/index.php?main_page=checkout_process',
  'notifyreurl' => 'http://www.outlet-jersey.com/mallpay_check.php',
  's_firstname' => 'Mary',
  's_lastname' => 'Undis',
  's_address' => '1730 112th St. SW Apt. G-202 ',
  's_city' => 'Everett',
  's_state' => 'WA',
  's_postcode' => '98204',
  's_country' => 'US',
  'email' => 'mbundis23@gmail.com',
  's_tel' => '(425) 737-2182',
  'b_firstname' => 'Mary',
  'b_lastname' => 'Undis',
  'b_address' => '1730 112th St. SW Apt. G-202 ',
  'b_city' => 'Everett',
  'b_state' => 'WA',
  'b_postcode' => '98204',
  'b_country' => 'US',
  'b_tel' => '(425) 737-2182',
) 
23:43:50 array (
  'siteno' => '193736180',
  'version' => '',
  'orderid' => '245150214083',
  'order_time' => '20150214234350',
  'lang' => 'en',
  'currency' => 'USD',
  'vat' => '12.00',
  'discount' => '0.00',
  'shippingfee' => '20.00',
  'productname[0]' => '2014 New Nike New England Patriots 87 Gronkowski USA Flag Fashion Black Elite Jerseys
 Size:52',
  'productno[0]' => 'NFL22471',
  'price[0]' => '22.50',
  'qty[0]' => 1,
  'productname[1]' => 'Nike Patriots #12 Tom Brady Navy Blue Team Color Youth Stitched NFL Elite Jersey
 Size:M(10-12)',
  'productno[1]' => 'YOUTH2143',
  'price[1]' => '21.00',
  'qty[1]' => 1,
  'productname[2]' => 'Nike Patriots #87 Rob Gronkowski White Men\'s Stitched NFL Game Jersey
 Size:M',
  'productno[2]' => 'NFL22642',
  'price[2]' => '21.50',
  'qty[2]' => 1,
  'checkcode' => '0f8930fa04d7c2ff18d4923b779d773b',
  'backurl' => 'http://www.outlet-jersey.com/index.php?main_page=checkout_process',
  'notifyreurl' => 'http://www.outlet-jersey.com/mallpay_check.php',
  's_firstname' => 'Jill',
  's_lastname' => 'Cooper',
  's_address' => 'W-16 Algonquin Terrace ',
  's_city' => 'Plymouth',
  's_state' => 'MA',
  's_postcode' => '02360',
  's_country' => 'US',
  'email' => 'prnceswalkercoop@aol.com',
  's_tel' => '781-831-0784',
  'b_firstname' => 'Jill',
  'b_lastname' => 'Cooper',
  'b_address' => 'W-16 Algonquin Terrace ',
  'b_city' => 'Plymouth',
  'b_state' => 'MA',
  'b_postcode' => '02360',
  'b_country' => 'US',
  'b_tel' => '781-831-0784',
) 
