04:31:58 array (
  'siteno' => '193736180',
  'version' => '',
  'orderid' => '245150125006',
  'order_time' => '20150125043158',
  'lang' => 'en',
  'currency' => 'USD',
  'vat' => '4.00',
  'discount' => '0.00',
  'shippingfee' => '25.00',
  'productname[0]' => 'Nike Seattle Seahawks Customized Steel Blue Stitched Elite Men\'s NFL Jersey
 Size:56/3XL
 Name:BUDDHA
 Num#:62',
  'productno[0]' => 'CJ10690',
  'price[0]' => '79.00',
  'qty[0]' => 1,
  'checkcode' => 'f21357e4f3fb1b5c75743e014851bb45',
  'backurl' => 'http://www.outlet-jersey.com/index.php?main_page=checkout_process',
  'notifyreurl' => 'http://www.outlet-jersey.com/mallpay_check.php',
  's_firstname' => 'Catherine',
  's_lastname' => 'young',
  's_address' => '30115 2nd pl Sw ',
  's_city' => 'federal way',
  's_state' => 'WA',
  's_postcode' => '98023',
  's_country' => 'US',
  'email' => 'botswania75@hotmail.com',
  's_tel' => '2067073351',
  'b_firstname' => 'Catherine',
  'b_lastname' => 'young',
  'b_address' => '30115 2nd pl Sw ',
  'b_city' => 'federal way',
  'b_state' => 'WA',
  'b_postcode' => '98023',
  'b_country' => 'US',
  'b_tel' => '2067073351',
) 
04:43:11 array (
  'siteno' => '193736180',
  'version' => '',
  'orderid' => '245150125007',
  'order_time' => '20150125044311',
  'lang' => 'en',
  'currency' => 'USD',
  'vat' => '12.00',
  'discount' => '0.00',
  'shippingfee' => '20.00',
  'productname[0]' => 'Nike Seattle Seahawks Customized Steel Blue Stitched Elite Men\'s NFL Jersey
 Size:56/3XL
 Name:BUDDHA
 Num#:62',
  'productno[0]' => 'CJ10690',
  'price[0]' => '79.00',
  'qty[0]' => 1,
  'productname[1]' => 'Youth Nike Seattle Seahawks 3# Russell Wilson Blue Limited Jerseys
 Size:S(8)',
  'productno[1]' => 'YOUTH3624',
  'price[1]' => '21.00',
  'qty[1]' => 1,
  'productname[2]' => 'Youth Nike Seattle Seahawks 3# Russell Wilson Blue Limited Jerseys
 Size:M(10-12)',
  'productno[2]' => 'YOUTH3624',
  'price[2]' => '21.00',
  'qty[2]' => 1,
  'checkcode' => '97c920cd08638e945c75b915fe2883f4',
  'backurl' => 'http://www.outlet-jersey.com/index.php?main_page=checkout_process',
  'notifyreurl' => 'http://www.outlet-jersey.com/mallpay_check.php',
  's_firstname' => 'Catherine',
  's_lastname' => 'young',
  's_address' => '30115 2nd pl Sw ',
  's_city' => 'federal way',
  's_state' => 'WA',
  's_postcode' => '98023',
  's_country' => 'US',
  'email' => 'botswania75@hotmail.com',
  's_tel' => '2067073351',
  'b_firstname' => 'Catherine',
  'b_lastname' => 'young',
  'b_address' => '30115 2nd pl Sw ',
  'b_city' => 'federal way',
  'b_state' => 'WA',
  'b_postcode' => '98023',
  'b_country' => 'US',
  'b_tel' => '2067073351',
) 
06:16:15 array (
  'siteno' => '193736180',
  'version' => '',
  'orderid' => '245150125009',
  'order_time' => '20150125061615',
  'lang' => 'en',
  'currency' => 'USD',
  'vat' => '8.00',
  'discount' => '0.00',
  'shippingfee' => '20.00',
  'productname[0]' => 'Nike Ravens #9 Justin Tucker Black Alternate With Art Patch Men\'s Stitched NFL Elite Jersey
 Size:44/L',
  'productno[0]' => 'NFL16708',
  'price[0]' => '22.50',
  'qty[0]' => 1,
  'productname[1]' => 'NEW jerseys pittsburgh steelers #26 bell Black(Game)(bell)
 Size:XL',
  'productno[1]' => 'NFL26996',
  'price[1]' => '21.50',
  'qty[1]' => 1,
  'checkcode' => 'a774980052358312bd0fb80d060d09e0',
  'backurl' => 'http://www.outlet-jersey.com/index.php?main_page=checkout_process',
  'notifyreurl' => 'http://www.outlet-jersey.com/mallpay_check.php',
  's_firstname' => 'Craig',
  's_lastname' => 'Arthur',
  's_address' => '3432 Annamoriah Road ',
  's_city' => 'Creston',
  's_state' => 'WV',
  's_postcode' => '26141',
  's_country' => 'US',
  'email' => 'caarthur_3@yahoo.com',
  's_tel' => '3049910456',
  'b_firstname' => 'Craig',
  'b_lastname' => 'Arthur',
  'b_address' => '3432 Annamoriah Road ',
  'b_city' => 'Creston',
  'b_state' => 'WV',
  'b_postcode' => '26141',
  'b_country' => 'US',
  'b_tel' => '3049910456',
) 
