06:22:25 array (
  'siteno' => '193736180',
  'version' => '',
  'orderid' => '245150416015',
  'order_time' => '20150416062225',
  'lang' => 'en',
  'currency' => 'USD',
  'vat' => '1.50',
  'discount' => '0.00',
  'shippingfee' => '28.00',
  'productname[0]' => 'New York Islanders #91 John Tavares Baby Blue 2014 Stadium Series NHL Jersey
 Size:XL(52)',
  'productno[0]' => 'NHL12394',
  'price[0]' => '33.00',
  'qty[0]' => 1,
  'checkcode' => 'b266e7f7e009dc631251fd335da831f0',
  'backurl' => 'http://www.outlet-jersey.com/index.php?main_page=checkout_process',
  'notifyreurl' => 'http://www.outlet-jersey.com/mallpay_check.php',
  's_firstname' => 'jeff',
  's_lastname' => 'collins',
  's_address' => '100 wilson blvd ',
  's_city' => 'islip',
  's_state' => 'NY',
  's_postcode' => '11751',
  's_country' => 'US',
  'email' => 'scollins869007@gmail.com',
  's_tel' => '6318047863',
  'b_firstname' => 'jeff',
  'b_lastname' => 'collins',
  'b_address' => '100 wilson blvd ',
  'b_city' => 'islip',
  'b_state' => 'NY',
  'b_postcode' => '11751',
  'b_country' => 'US',
  'b_tel' => '6318047863',
) 
10:45:40 array (
  'siteno' => '193736180',
  'version' => '',
  'orderid' => '245150416028',
  'order_time' => '20150416104540',
  'lang' => 'en',
  'currency' => 'USD',
  'vat' => '15.00',
  'discount' => '0.00',
  'shippingfee' => '51.00',
  'productname[0]' => 'Mitchell And Ness 1939 Yankees #5 Joe DiMaggio Grey Stitched Baseball Jersey
 Size:XXX Large/56',
  'productno[0]' => 'MLB12573',
  'price[0]' => '18.50',
  'qty[0]' => 1,
  'productname[1]' => 'Mitchell And Ness 1939 Yankees #4 Lou Gehrig Grey Stitched Baseball Jersey
 Size:XXX Large/56',
  'productno[1]' => 'MLB12572',
  'price[1]' => '18.50',
  'qty[1]' => 1,
  'productname[2]' => 'Mitchelland Ness Yankees #4 Lou Gehrig Stitched White Throwback Baseball Jersey
 Size:XXX Large/56',
  'productno[2]' => 'MLB12586',
  'price[2]' => '18.50',
  'qty[2]' => 1,
  'productname[3]' => 'Mitchelland Ness Yankees #5 Joe DiMaggio Stitched White Throwback Baseball Jersey
 Size:XXX Large/56',
  'productno[3]' => 'MLB12588',
  'price[3]' => '18.50',
  'qty[3]' => 1,
  'productname[4]' => 'New York Yankees #2 Derek Jeter White Fashion Gold W Commemorative Retirement Patch Stitched Baseball Jersey
 Size:XXXL(56)',
  'productno[4]' => 'MLB12617',
  'price[4]' => '18.50',
  'qty[4]' => 1,
  'productname[5]' => 'MLB New York Yankees 2 Jeter White Signed Jersey W3000 Hits Patch
 Size:56(3XL)',
  'productno[5]' => 'MLB12598',
  'price[5]' => '21.00',
  'qty[5]' => 1,
  'productname[6]' => 'Yankees #5 Joe DiMaggio Black Fashion Stitched Baseball Jersey
 Size:XXX Large/56',
  'productno[6]' => 'MLB12748',
  'price[6]' => '18.50',
  'qty[6]' => 1,
  'productname[7]' => 'NHL Jersey Boston Bruins Green Black 17  Men Stitched Charcoal Cross Check Fashion Jersey
 Size:XXXL(56)',
  'productno[7]' => 'NHL2015019451',
  'price[7]' => '36.66',
  'qty[7]' => 1,
  'productname[8]' => 'Bruins #17 Milan Lucic Black Ice Stitched NHL Jersey
 Size:XXXL(56)',
  'productno[8]' => 'NHL10917',
  'price[8]' => '33.00',
  'qty[8]' => 1,
  'productname[9]' => '2013 NEW Nike San Francisco 49ers 16 Montana Drift Fashion Red Elite Jerseys
 Size:56/3XL',
  'productno[9]' => 'NFL27604',
  'price[9]' => '22.50',
  'qty[9]' => 1,
  'checkcode' => 'a4a90ec483de4a95eda95852aba6e92c',
  'backurl' => 'http://www.outlet-jersey.com/index.php?main_page=checkout_process',
  'notifyreurl' => 'http://www.outlet-jersey.com/mallpay_check.php',
  's_firstname' => 'nicholas',
  's_lastname' => 'marchetti',
  's_address' => '43 Pocasset ave ',
  's_city' => 'tiverton',
  's_state' => 'RI',
  's_postcode' => '02878',
  's_country' => 'US',
  'email' => 'nicholas.marchetti@cox.net',
  's_tel' => '4019358664',
  'b_firstname' => 'nicholas',
  'b_lastname' => 'marchetti',
  'b_address' => '43 Pocasset ave ',
  'b_city' => 'tiverton',
  'b_state' => 'RI',
  'b_postcode' => '02878',
  'b_country' => 'US',
  'b_tel' => '4019358664',
) 
11:02:59 array (
  'siteno' => '193736180',
  'version' => '',
  'orderid' => '245150416029',
  'order_time' => '20150416110259',
  'lang' => 'en',
  'currency' => 'USD',
  'vat' => '1.50',
  'discount' => '0.00',
  'shippingfee' => '25.00',
  'productname[0]' => 'Blackhawks #88 Patrick Kane Stitched White Stanley Cup Champions NHL Jersey
 Size:XL(52)',
  'productno[0]' => 'NHL11501',
  'price[0]' => '33.00',
  'qty[0]' => 1,
  'checkcode' => 'fb9ab038c8e364b2d06d269215f97767',
  'backurl' => 'http://www.outlet-jersey.com/index.php?main_page=checkout_process',
  'notifyreurl' => 'http://www.outlet-jersey.com/mallpay_check.php',
  's_firstname' => 'Lee',
  's_lastname' => 'Huml',
  's_address' => '1508-18th Place ',
  's_city' => 'Kenosha',
  's_state' => 'IL',
  's_postcode' => '53140',
  's_country' => 'US',
  'email' => 'rawjams@gmail.com',
  's_tel' => '847-623-3652',
  'b_firstname' => 'Lawrence',
  'b_lastname' => 'Huml',
  'b_address' => '2207 N Butrick ',
  'b_city' => 'Waukegan',
  'b_state' => 'IL',
  'b_postcode' => '60087',
  'b_country' => 'US',
  'b_tel' => '847-623-3652',
) 
12:54:01 array (
  'siteno' => '193736180',
  'version' => '',
  'orderid' => '245150416033',
  'order_time' => '20150416125401',
  'lang' => 'en',
  'currency' => 'USD',
  'vat' => '1.50',
  'discount' => '0.00',
  'shippingfee' => '28.00',
  'productname[0]' => 'Chicago Blackhawks VINTAGE 10 Patrick SHARP  Mitchell  Ness Red Throwback No Name Jersey 
 Size:50 (L)',
  'productno[0]' => 'NHL13675',
  'price[0]' => '38.99',
  'qty[0]' => 1,
  'checkcode' => 'e195416cbb4e807e7acc774528c86b6e',
  'backurl' => 'http://www.outlet-jersey.com/index.php?main_page=checkout_process',
  'notifyreurl' => 'http://www.outlet-jersey.com/mallpay_check.php',
  's_firstname' => 'Judy',
  's_lastname' => 'Przyby',
  's_address' => '1720 W Algonquin Rd. suite 200 ',
  's_city' => 'Mt. Prospect',
  's_state' => 'IL',
  's_postcode' => '60056',
  's_country' => 'US',
  'email' => 'gypsymom123@yahoo.com',
  's_tel' => '847 439 0400',
  'b_firstname' => 'Judy',
  'b_lastname' => 'Przyby',
  'b_address' => '1720 W Algonquin Rd. suite 200 ',
  'b_city' => 'Mt. Prospect',
  'b_state' => 'IL',
  'b_postcode' => '60056',
  'b_country' => 'US',
  'b_tel' => '847 439 0400',
) 
14:30:23 array (
  'siteno' => '193736180',
  'version' => '',
  'orderid' => '245150416036',
  'order_time' => '20150416143023',
  'lang' => 'en',
  'currency' => 'USD',
  'vat' => '1.50',
  'discount' => '0.00',
  'shippingfee' => '25.00',
  'productname[0]' => 'Chicago Bulls #1 ROSE Leopard grain Red Pullover NBA Hoodie
 Size:M',
  'productno[0]' => 'NBA11967',
  'price[0]' => '39.00',
  'qty[0]' => 1,
  'checkcode' => '97c5f053f3517e841aa3ff14d6588253',
  'backurl' => 'http://www.outlet-jersey.com/index.php?main_page=checkout_process',
  'notifyreurl' => 'http://www.outlet-jersey.com/mallpay_check.php',
  's_firstname' => 'Willis',
  's_lastname' => 'Cash',
  's_address' => '2100 tiebout 180 apt 323 ',
  's_city' => 'Bronx',
  's_state' => 'NY',
  's_postcode' => '10457',
  's_country' => 'US',
  'email' => 'Williscash89@gmail.com',
  's_tel' => '9175396737',
  'b_firstname' => 'Willis',
  'b_lastname' => 'Cash',
  'b_address' => '2100 tiebout 180 apt 323 ',
  'b_city' => 'Bronx',
  'b_state' => 'NY',
  'b_postcode' => '10457',
  'b_country' => 'US',
  'b_tel' => '9175396737',
) 
14:34:00 array (
  'siteno' => '193736180',
  'version' => '',
  'orderid' => '245150416037',
  'order_time' => '20150416143400',
  'lang' => 'en',
  'currency' => 'USD',
  'vat' => '1.50',
  'discount' => '0.00',
  'shippingfee' => '25.00',
  'productname[0]' => 'Chicago Bulls #1 ROSE Leopard grain Red Pullover NBA Hoodie
 Size:M',
  'productno[0]' => 'NBA11967',
  'price[0]' => '39.00',
  'qty[0]' => 1,
  'checkcode' => '3a9e6a0c5f3bea0a07566ef6cd97f6a4',
  'backurl' => 'http://www.outlet-jersey.com/index.php?main_page=checkout_process',
  'notifyreurl' => 'http://www.outlet-jersey.com/mallpay_check.php',
  's_firstname' => 'Willis',
  's_lastname' => 'Cash',
  's_address' => '2100 tiebout 180 apt 323 ',
  's_city' => 'Bronx',
  's_state' => 'NY',
  's_postcode' => '10457',
  's_country' => 'US',
  'email' => 'Williscash89@gmail.com',
  's_tel' => '9175396737',
  'b_firstname' => 'Willis',
  'b_lastname' => 'Cash',
  'b_address' => '2100 tiebout 180 apt 323 ',
  'b_city' => 'Bronx',
  'b_state' => 'NY',
  'b_postcode' => '10457',
  'b_country' => 'US',
  'b_tel' => '9175396737',
) 
14:35:00 array (
  'siteno' => '193736180',
  'version' => '',
  'orderid' => '245150416038',
  'order_time' => '20150416143500',
  'lang' => 'en',
  'currency' => 'USD',
  'vat' => '1.50',
  'discount' => '0.00',
  'shippingfee' => '25.00',
  'productname[0]' => 'Chicago Bulls #1 ROSE Leopard grain Red Pullover NBA Hoodie
 Size:M',
  'productno[0]' => 'NBA11967',
  'price[0]' => '39.00',
  'qty[0]' => 1,
  'checkcode' => '58bdad8f248c5dcade61ee903ca6b844',
  'backurl' => 'http://www.outlet-jersey.com/index.php?main_page=checkout_process',
  'notifyreurl' => 'http://www.outlet-jersey.com/mallpay_check.php',
  's_firstname' => 'Willis',
  's_lastname' => 'Cash',
  's_address' => '2100 tiebout 180 apt 323 ',
  's_city' => 'Bronx',
  's_state' => 'NY',
  's_postcode' => '10457',
  's_country' => 'US',
  'email' => 'Williscash89@gmail.com',
  's_tel' => '9175396737',
  'b_firstname' => 'Willis',
  'b_lastname' => 'Cash',
  'b_address' => '2100 tiebout 180 apt 323 ',
  'b_city' => 'Bronx',
  'b_state' => 'NY',
  'b_postcode' => '10457',
  'b_country' => 'US',
  'b_tel' => '9175396737',
) 
