23:09:25 array (
  'siteno' => '193736180',
  'version' => '',
  'orderid' => '245150307048',
  'order_time' => '20150307230925',
  'lang' => 'en',
  'currency' => 'USD',
  'vat' => '4.00',
  'discount' => '0.00',
  'shippingfee' => '25.00',
  'productname[0]' => 'Detroit Red Wings #13 Pavel Datsyuk Camo Veterans Day Practice NHL Jersey
 Size:L(50)',
  'productno[0]' => 'NHL11786',
  'price[0]' => '33.00',
  'qty[0]' => 1,
  'checkcode' => 'baacc76e61a32b2aeccd5842bdd3865d',
  'backurl' => 'http://www.outlet-jersey.com/index.php?main_page=checkout_process',
  'notifyreurl' => 'http://www.outlet-jersey.com/mallpay_check.php',
  's_firstname' => 'James',
  's_lastname' => 'Boisselle',
  's_address' => '41Nevada St ',
  's_city' => 'Toledo',
  's_state' => 'OH',
  's_postcode' => '43605',
  's_country' => 'US',
  'email' => 'jimbshort64@aol.com',
  's_tel' => '419-810-6063',
  'b_firstname' => 'James',
  'b_lastname' => 'Boisselle',
  'b_address' => '10300 County Road M ',
  'b_city' => 'Delta',
  'b_state' => 'OH',
  'b_postcode' => '43515',
  'b_country' => 'US',
  'b_tel' => '419-810-6063',
) 
23:12:07 array (
  'siteno' => '193736180',
  'version' => '',
  'orderid' => '245150307049',
  'order_time' => '20150307231207',
  'lang' => 'en',
  'currency' => 'USD',
  'vat' => '4.00',
  'discount' => '0.00',
  'shippingfee' => '25.00',
  'productname[0]' => 'Detroit Red Wings #13 Pavel Datsyuk Camo Veterans Day Practice NHL Jersey
 Size:L(50)',
  'productno[0]' => 'NHL11786',
  'price[0]' => '33.00',
  'qty[0]' => 1,
  'checkcode' => '4305273c33f6b277c2a0468eb0bfba77',
  'backurl' => 'http://www.outlet-jersey.com/index.php?main_page=checkout_process',
  'notifyreurl' => 'http://www.outlet-jersey.com/mallpay_check.php',
  's_firstname' => 'James',
  's_lastname' => 'Boisselle',
  's_address' => '41Nevada St ',
  's_city' => 'Toledo',
  's_state' => 'OH',
  's_postcode' => '43605',
  's_country' => 'US',
  'email' => 'jimbshort64@aol.com',
  's_tel' => '419-810-6063',
  'b_firstname' => 'James',
  'b_lastname' => 'Boisselle',
  'b_address' => '10300 County Road M ',
  'b_city' => 'Delta',
  'b_state' => 'OH',
  'b_postcode' => '43515',
  'b_country' => 'US',
  'b_tel' => '419-810-6063',
) 
