07:03:34 array (
  'siteno' => '193736180',
  'version' => '',
  'orderid' => '245150206014',
  'order_time' => '20150206070334',
  'lang' => 'en',
  'currency' => 'USD',
  'vat' => '16.00',
  'discount' => '0.00',
  'shippingfee' => '20.00',
  'productname[0]' => 'Mitchell & Ness Bills #34 Thurman Thomas White Stitched Throwback NFL Jersey
 Size:Extra Large/52',
  'productno[0]' => 'NFL18389',
  'price[0]' => '19.00',
  'qty[0]' => 1,
  'productname[1]' => 'Mitchell & Ness Bills #12 Jim Kelly Blue 35th Anniversary Patch Stitched Throwback NFL Jersey
 Size:Extra Large/52',
  'productno[1]' => 'NFL18386',
  'price[1]' => '19.00',
  'qty[1]' => 1,
  'productname[2]' => 'Mitchell & Ness Bills #83 Andre Reed White Stitched Throwback NFL Jersey
 Size:Extra Large/52',
  'productno[2]' => 'NFL18392',
  'price[2]' => '19.00',
  'qty[2]' => 1,
  'productname[3]' => 'Nike Bills #13 Steve Johnson White Men\'s Stitched NFL Helmet Tri-Blend Limited Jersey
 Size:XL',
  'productno[3]' => 'NFL18435',
  'price[3]' => '22.00',
  'qty[3]' => 1,
  'checkcode' => 'b186372dcf4f9b1c547981a302de1f68',
  'backurl' => 'http://www.outlet-jersey.com/index.php?main_page=checkout_process',
  'notifyreurl' => 'http://www.outlet-jersey.com/mallpay_check.php',
  's_firstname' => 'Luz',
  's_lastname' => 'Velasquez',
  's_address' => '1828 Roys Ave ',
  's_city' => 'Elkhart',
  's_state' => 'IN',
  's_postcode' => '46516',
  's_country' => 'US',
  'email' => 'velasquezp2212@yahoo.com',
  's_tel' => '5742387850',
  'b_firstname' => 'Luz',
  'b_lastname' => 'Velasquez',
  'b_address' => '1828 Roys Ave ',
  'b_city' => 'Elkhart',
  'b_state' => 'IN',
  'b_postcode' => '46516',
  'b_country' => 'US',
  'b_tel' => '5742387850',
) 
07:39:28 array (
  'siteno' => '193736180',
  'version' => '',
  'orderid' => '245150206015',
  'order_time' => '20150206073928',
  'lang' => 'en',
  'currency' => 'USD',
  'vat' => '4.00',
  'discount' => '0.00',
  'shippingfee' => '25.00',
  'productname[0]' => '2012 NEW NFL Indianapolis Colts 1 Pat McAfee Blue Jersey(Elite)
 Size:44/L',
  'productno[0]' => 'NFL21293',
  'price[0]' => '22.50',
  'qty[0]' => 1,
  'checkcode' => '6f00e68c1c41193c0cb1b03d5627235f',
  'backurl' => 'http://www.outlet-jersey.com/index.php?main_page=checkout_process',
  'notifyreurl' => 'http://www.outlet-jersey.com/mallpay_check.php',
  's_firstname' => 'Todd',
  's_lastname' => 'Patton',
  's_address' => '13242 Abbots Place ',
  's_city' => 'Carmel',
  's_state' => 'IN',
  's_postcode' => '46033',
  's_country' => 'US',
  'email' => 'tpatton@mi-techmetals.com',
  's_tel' => '317 985-6519',
  'b_firstname' => 'Todd',
  'b_lastname' => 'Patton',
  'b_address' => '13242 Abbots Place ',
  'b_city' => 'Carmel',
  'b_state' => 'IN',
  'b_postcode' => '46033',
  'b_country' => 'US',
  'b_tel' => '317 985-6519',
) 
09:02:57 array (
  'siteno' => '193736180',
  'version' => '',
  'orderid' => '245150206020',
  'order_time' => '20150206090257',
  'lang' => 'en',
  'currency' => 'USD',
  'vat' => '8.00',
  'discount' => '0.00',
  'shippingfee' => '20.00',
  'productname[0]' => 'NEW Seattle Seahawks #25 Richard Sherman Blue Jersey(Signed Elite)
 Size:52',
  'productno[0]' => 'NFL28264',
  'price[0]' => '22.50',
  'qty[0]' => 1,
  'productname[1]' => 'Mitchell & Ness Seahawks #80 Steve Largent Blue Throwback Stitched NFL Jersey
 Size:XX Large/54',
  'productno[1]' => 'NFL28207',
  'price[1]' => '19.00',
  'qty[1]' => 1,
  'checkcode' => '71658263d2d806a66336fa3733b6a7ed',
  'backurl' => 'http://www.outlet-jersey.com/index.php?main_page=checkout_process',
  'notifyreurl' => 'http://www.outlet-jersey.com/mallpay_check.php',
  's_firstname' => 'michael',
  's_lastname' => 'cone',
  's_address' => '8518 silver shores drive ',
  's_city' => 'reno',
  's_state' => 'NV',
  's_postcode' => '89506',
  's_country' => 'US',
  'email' => 'cone0013@yahoo.com',
  's_tel' => '7757700401',
  'b_firstname' => 'michael',
  'b_lastname' => 'cone',
  'b_address' => '8518 silver shores drive ',
  'b_city' => 'reno',
  'b_state' => 'NV',
  'b_postcode' => '89506',
  'b_country' => 'US',
  'b_tel' => '7757700401',
) 
09:11:48 array (
  'siteno' => '193736180',
  'version' => '',
  'orderid' => '245150206021',
  'order_time' => '20150206091148',
  'lang' => 'en',
  'currency' => 'USD',
  'vat' => '8.00',
  'discount' => '0.00',
  'shippingfee' => '20.00',
  'productname[0]' => '2015 NFL Green Bay Packers Knit Hats 08',
  'productno[0]' => 'HAT13207',
  'price[0]' => '9.90',
  'qty[0]' => 2,
  'checkcode' => '0131066d454f16f1ed5615473df49d5e',
  'backurl' => 'http://www.outlet-jersey.com/index.php?main_page=checkout_process',
  'notifyreurl' => 'http://www.outlet-jersey.com/mallpay_check.php',
  's_firstname' => 'Dustin',
  's_lastname' => 'kitsemble',
  's_address' => 'N10791 Red River Rd ',
  's_city' => 'Birnamwood',
  's_state' => 'WI',
  's_postcode' => '54414',
  's_country' => 'US',
  'email' => 'Dkitsemble@yahoo.com',
  's_tel' => '715-219-2727',
  'b_firstname' => 'Dustin',
  'b_lastname' => 'kitsemble',
  'b_address' => 'N10791 Red River Rd ',
  'b_city' => 'Birnamwood',
  'b_state' => 'WI',
  'b_postcode' => '54414',
  'b_country' => 'US',
  'b_tel' => '715-219-2727',
) 
09:19:42 array (
  'siteno' => '193736180',
  'version' => '',
  'orderid' => '245150206022',
  'order_time' => '20150206091942',
  'lang' => 'en',
  'currency' => 'USD',
  'vat' => '4.00',
  'discount' => '0.00',
  'shippingfee' => '25.00',
  'productname[0]' => '2012 NEW NFL Seattle Seahawks #89 Doug Baldwin Grey Jerseys (Elite)
 Size:44',
  'productno[0]' => 'NFL28149',
  'price[0]' => '22.50',
  'qty[0]' => 1,
  'checkcode' => '1b20c99896ed4e62693e2ddb739c8b62',
  'backurl' => 'http://www.outlet-jersey.com/index.php?main_page=checkout_process',
  'notifyreurl' => 'http://www.outlet-jersey.com/mallpay_check.php',
  's_firstname' => 'Nick',
  's_lastname' => 'posadas',
  's_address' => '5226 NE 3rd pl. ',
  's_city' => 'Renton',
  's_state' => 'WA',
  's_postcode' => '98059',
  's_country' => 'US',
  'email' => 'posadasnick@yahoo.com',
  's_tel' => '2064065814',
  'b_firstname' => 'Nick',
  'b_lastname' => 'posadas',
  'b_address' => '5226 NE 3rd pl. ',
  'b_city' => 'Renton',
  'b_state' => 'WA',
  'b_postcode' => '98059',
  'b_country' => 'US',
  'b_tel' => '2064065814',
) 
09:55:21 array (
  'siteno' => '193736180',
  'version' => '',
  'orderid' => '245150206025',
  'order_time' => '20150206095521',
  'lang' => 'en',
  'currency' => 'USD',
  'vat' => '4.00',
  'discount' => '0.00',
  'shippingfee' => '25.00',
  'productname[0]' => 'NEW New England Patriots 12 Tom Brady Blue White Drift Fashion II Elite NFL Jerseys
 Size:40',
  'productno[0]' => 'NFL22503',
  'price[0]' => '22.50',
  'qty[0]' => 1,
  'checkcode' => 'c90147cb34a3ba4a38b4aa4ac558ce5c',
  'backurl' => 'http://www.outlet-jersey.com/index.php?main_page=checkout_process',
  'notifyreurl' => 'http://www.outlet-jersey.com/mallpay_check.php',
  's_firstname' => 'Benjamin J',
  's_lastname' => 'Tso',
  's_address' => '3776 Frist Center Princeton University ',
  's_city' => 'Princeton',
  's_state' => 'MA',
  's_postcode' => '08544',
  's_country' => 'US',
  'email' => 'ben.tso27@Gmail.com',
  's_tel' => '7816405322',
  'b_firstname' => 'Benjamin',
  'b_lastname' => 'Tso',
  'b_address' => '2 Wildwood Road ',
  'b_city' => 'Lexington',
  'b_state' => 'MA',
  'b_postcode' => '02421',
  'b_country' => 'US',
  'b_tel' => '7816405322',
) 
11:35:05 array (
  'siteno' => '193736180',
  'version' => '',
  'orderid' => '245150206034',
  'order_time' => '20150206113505',
  'lang' => 'en',
  'currency' => 'USD',
  'vat' => '8.00',
  'discount' => '0.00',
  'shippingfee' => '20.00',
  'productname[0]' => 'Nike Steelers #43 Troy Polamalu Black Team Color Men\'s Stitched NFL Game Jersey
 Size:L',
  'productno[0]' => 'NFL27151',
  'price[0]' => '21.50',
  'qty[0]' => 1,
  'productname[1]' => 'Nike Patriots #12 Tom Brady Navy Blue Team Color With Hall of Fame 50th Patch Men\'s Stitched NFL Elite Jersey
 Size:48/XL',
  'productno[1]' => 'NFL22553',
  'price[1]' => '23.50',
  'qty[1]' => 1,
  'checkcode' => '72f508b1ee08038fa1d934ee40dd5d0b',
  'backurl' => 'http://www.outlet-jersey.com/index.php?main_page=checkout_process',
  'notifyreurl' => 'http://www.outlet-jersey.com/mallpay_check.php',
  's_firstname' => 'Julie',
  's_lastname' => 'boyle',
  's_address' => '15 Carolina Dr ',
  's_city' => 'Oakdale',
  's_state' => 'CT',
  's_postcode' => '06370',
  's_country' => 'US',
  'email' => 'julie.boyle45@yahoo.com',
  's_tel' => '860-859-5202',
  'b_firstname' => 'Julie',
  'b_lastname' => 'boyle',
  'b_address' => '15 Carolina Dr ',
  'b_city' => 'Oakdale',
  'b_state' => 'CT',
  'b_postcode' => '06370',
  'b_country' => 'US',
  'b_tel' => '860-859-5202',
) 
13:01:58 array (
  'siteno' => '193736180',
  'version' => '',
  'orderid' => '245150206042',
  'order_time' => '20150206130158',
  'lang' => 'en',
  'currency' => 'USD',
  'vat' => '56.00',
  'discount' => '0.00',
  'shippingfee' => '0.00',
  'productname[0]' => 'NEW Seahawks #3 Russell Wilson Steel Blue Team Color Super Bowl XLVIII NFL Elite Autographed Jersey
 Size:48',
  'productno[0]' => 'NFL15780',
  'price[0]' => '23.00',
  'qty[0]' => 1,
  'productname[1]' => 'NEW Seahawks #3 Russell Wilson Steel Blue Team Color Super Bowl XLVIII NFL Elite Autographed Jersey
 Size:52',
  'productno[1]' => 'NFL15780',
  'price[1]' => '23.00',
  'qty[1]' => 1,
  'productname[2]' => 'NEW Seahawks #24 Marshawn Lynch Steel Blue Team Color With C Patch Super Bowl XLVIII NFL Elite Jerseys
 Size:48',
  'productno[2]' => 'NFL15647',
  'price[2]' => '23.00',
  'qty[2]' => 1,
  'productname[3]' => 'NEW Seahawks #24 Marshawn Lynch Steel Blue Team Color With C Patch Super Bowl XLVIII NFL Elite Jerseys
 Size:52',
  'productno[3]' => 'NFL15647',
  'price[3]' => '23.00',
  'qty[3]' => 1,
  'productname[4]' => 'NEW Seahawks #15 Jermaine Kearse Steel Blue Team Color Super Bowl XLVIII NFL Elite Jerseys
 Size:48',
  'productno[4]' => 'NFL15567',
  'price[4]' => '23.00',
  'qty[4]' => 1,
  'productname[5]' => 'NEW Seahawks #15 Jermaine Kearse Steel Blue Team Color Super Bowl XLVIII NFL Elite Jerseys
 Size:52',
  'productno[5]' => 'NFL15567',
  'price[5]' => '23.00',
  'qty[5]' => 1,
  'productname[6]' => 'NEW Seahawks #31 Kam Chancellor Steel Blue Team Color Super Bowl XLVIII NFL Elite Jersey
 Size:48',
  'productno[6]' => 'NFL15818',
  'price[6]' => '23.00',
  'qty[6]' => 1,
  'productname[7]' => 'NEW Seahawks #31 Kam Chancellor Steel Blue Team Color Super Bowl XLVIII NFL Elite Jersey
 Size:52',
  'productno[7]' => 'NFL15818',
  'price[7]' => '23.00',
  'qty[7]' => 1,
  'productname[8]' => 'NEW Seahawks #25 Richard Sherman Steel Blue Team Color Super Bowl XLVIII NFL Elite Autographed Jerseys
 Size:48',
  'productno[8]' => 'NFL15688',
  'price[8]' => '23.00',
  'qty[8]' => 1,
  'productname[9]' => 'NEW Seahawks #25 Richard Sherman Steel Blue Team Color Super Bowl XLVIII NFL Elite Autographed Jerseys
 Size:52',
  'productno[9]' => 'NFL15688',
  'price[9]' => '23.00',
  'qty[9]' => 1,
  'productname[10]' => 'NEW Seahawks #89 Doug Baldwin Steel Blue Team Color Super Bowl XLVIII NFL Elite Jersey
 Size:48',
  'productno[10]' => 'NFL15853',
  'price[10]' => '23.00',
  'qty[10]' => 1,
  'productname[11]' => 'NEW Seahawks #89 Doug Baldwin Steel Blue Team Color Super Bowl XLVIII NFL Elite Jersey
 Size:52',
  'productno[11]' => 'NFL15853',
  'price[11]' => '23.00',
  'qty[11]' => 1,
  'productname[12]' => 'Nike Seahawks #29 Earl Thomas III Steel Blue Team Color Super Bowl XLVIII NFL Elite Jersey
 Size:48',
  'productno[12]' => 'NFL15910',
  'price[12]' => '23.00',
  'qty[12]' => 1,
  'productname[13]' => 'Nike Seahawks #29 Earl Thomas III Steel Blue Team Color Super Bowl XLVIII NFL Elite Jersey
 Size:52',
  'productno[13]' => 'NFL15910',
  'price[13]' => '23.00',
  'qty[13]' => 1,
  'checkcode' => '627cd0bce680ea85c86cea501289ad3a',
  'backurl' => 'http://www.outlet-jersey.com/index.php?main_page=checkout_process',
  'notifyreurl' => 'http://www.outlet-jersey.com/mallpay_check.php',
  's_firstname' => 'Brian',
  's_lastname' => 'Baldwin',
  's_address' => 'c/o KEY BANK 655 SW 152nd ST ',
  's_city' => 'Burien',
  's_state' => 'WA',
  's_postcode' => '98166',
  's_country' => 'US',
  'email' => 'the1bald1@gmail.com',
  's_tel' => '4254635135',
  'b_firstname' => 'BRIAN',
  'b_lastname' => 'BALDWIN',
  'b_address' => '921 E CHICAGO ST ',
  'b_city' => 'KENT',
  'b_state' => 'WA',
  'b_postcode' => '98030',
  'b_country' => 'US',
  'b_tel' => '4254635135',
) 
13:35:28 array (
  'siteno' => '193736180',
  'version' => '',
  'orderid' => '245150206046',
  'order_time' => '20150206133528',
  'lang' => 'en',
  'currency' => 'USD',
  'vat' => '12.00',
  'discount' => '0.00',
  'shippingfee' => '20.00',
  'productname[0]' => 'Seattle Seahawks #15 Jermaine Kearse Grey Alternate NFL Elite Jersey
 Size:48',
  'productno[0]' => 'NFL28496',
  'price[0]' => '22.50',
  'qty[0]' => 1,
  'productname[1]' => 'NEW Seattle Seahawks #51 Bruce Irvin Grey NFL Elite Jersey
 Size:52',
  'productno[1]' => 'NFL28282',
  'price[1]' => '22.50',
  'qty[1]' => 1,
  'productname[2]' => 'NEW  Seattle Seahawks #31 Kam Chancellor White NFL Elite Jersey
 Size:52',
  'productno[2]' => 'NFL28213',
  'price[2]' => '22.50',
  'qty[2]' => 1,
  'checkcode' => 'ab3a058e2ce547c09e5f712fb6cb2920',
  'backurl' => 'http://www.outlet-jersey.com/index.php?main_page=checkout_process',
  'notifyreurl' => 'http://www.outlet-jersey.com/mallpay_check.php',
  's_firstname' => 'jill',
  's_lastname' => 'cari',
  's_address' => '2322 callanan st ',
  's_city' => 'shelton',
  's_state' => 'WA',
  's_postcode' => '98584',
  's_country' => 'US',
  'email' => 'jilly1978@yahoo.com',
  's_tel' => '360-742-4335',
  'b_firstname' => 'jill',
  'b_lastname' => 'cari',
  'b_address' => '2322 callanan st ',
  'b_city' => 'shelton',
  'b_state' => 'WA',
  'b_postcode' => '98584',
  'b_country' => 'US',
  'b_tel' => '360-742-4335',
) 
13:37:47 array (
  'siteno' => '193736180',
  'version' => '',
  'orderid' => '245150206047',
  'order_time' => '20150206133747',
  'lang' => 'en',
  'currency' => 'USD',
  'vat' => '12.00',
  'discount' => '0.00',
  'shippingfee' => '20.00',
  'productname[0]' => 'Seattle Seahawks #15 Jermaine Kearse Grey Alternate NFL Elite Jersey
 Size:48',
  'productno[0]' => 'NFL28496',
  'price[0]' => '22.50',
  'qty[0]' => 1,
  'productname[1]' => 'NEW Seattle Seahawks #51 Bruce Irvin Grey NFL Elite Jersey
 Size:52',
  'productno[1]' => 'NFL28282',
  'price[1]' => '22.50',
  'qty[1]' => 1,
  'productname[2]' => 'NEW  Seattle Seahawks #31 Kam Chancellor White NFL Elite Jersey
 Size:52',
  'productno[2]' => 'NFL28213',
  'price[2]' => '22.50',
  'qty[2]' => 1,
  'checkcode' => 'e678cb4e919a0c904597c9ad5645ddee',
  'backurl' => 'http://www.outlet-jersey.com/index.php?main_page=checkout_process',
  'notifyreurl' => 'http://www.outlet-jersey.com/mallpay_check.php',
  's_firstname' => 'jill',
  's_lastname' => 'cari',
  's_address' => '2322 callanan st ',
  's_city' => 'shelton',
  's_state' => 'WA',
  's_postcode' => '98584',
  's_country' => 'US',
  'email' => 'jilly1978@yahoo.com',
  's_tel' => '360-742-4335',
  'b_firstname' => 'jill',
  'b_lastname' => 'cari',
  'b_address' => '2322 callanan st ',
  'b_city' => 'shelton',
  'b_state' => 'WA',
  'b_postcode' => '98584',
  'b_country' => 'US',
  'b_tel' => '360-742-4335',
) 
15:10:25 array (
  'siteno' => '193736180',
  'version' => '',
  'orderid' => '245150206051',
  'order_time' => '20150206151025',
  'lang' => 'en',
  'currency' => 'USD',
  'vat' => '4.00',
  'discount' => '0.00',
  'shippingfee' => '25.00',
  'productname[0]' => 'Nike Seahawks #12 Fan Lights Out Black Men\'s Stitched NFL Elite Jersey
 Size:40/M',
  'productno[0]' => 'NFL28319',
  'price[0]' => '22.50',
  'qty[0]' => 1,
  'checkcode' => '966828fb45a30c95651b39f48d8e2913',
  'backurl' => 'http://www.outlet-jersey.com/index.php?main_page=checkout_process',
  'notifyreurl' => 'http://www.outlet-jersey.com/mallpay_check.php',
  's_firstname' => 'yoomi',
  's_lastname' => 'cho',
  's_address' => '9765 alburtis ave apt139 ',
  's_city' => 'santa fe springs',
  's_state' => 'CA',
  's_postcode' => '90670',
  's_country' => 'US',
  'email' => '06audis4@gmail.com',
  's_tel' => '2062266323',
  'b_firstname' => 'yoomi',
  'b_lastname' => 'cho',
  'b_address' => '9765 alburtis ave apt139 ',
  'b_city' => 'santa fe springs',
  'b_state' => 'CA',
  'b_postcode' => '90670',
  'b_country' => 'US',
  'b_tel' => '2062266323',
) 
23:09:55 array (
  'siteno' => '193736180',
  'version' => '',
  'orderid' => '245150206058',
  'order_time' => '20150206230955',
  'lang' => 'en',
  'currency' => 'USD',
  'vat' => '56.00',
  'discount' => '0.00',
  'shippingfee' => '0.00',
  'productname[0]' => 'NEW Seahawks #3 Russell Wilson Steel Blue Team Color Super Bowl XLVIII NFL Elite Autographed Jersey
 Size:48',
  'productno[0]' => 'NFL15780',
  'price[0]' => '23.00',
  'qty[0]' => 1,
  'productname[1]' => 'NEW Seahawks #3 Russell Wilson Steel Blue Team Color Super Bowl XLVIII NFL Elite Autographed Jersey
 Size:52',
  'productno[1]' => 'NFL15780',
  'price[1]' => '23.00',
  'qty[1]' => 1,
  'productname[2]' => 'NEW Seahawks #24 Marshawn Lynch Steel Blue Team Color With C Patch Super Bowl XLVIII NFL Elite Jerseys
 Size:48',
  'productno[2]' => 'NFL15647',
  'price[2]' => '23.00',
  'qty[2]' => 1,
  'productname[3]' => 'NEW Seahawks #24 Marshawn Lynch Steel Blue Team Color With C Patch Super Bowl XLVIII NFL Elite Jerseys
 Size:52',
  'productno[3]' => 'NFL15647',
  'price[3]' => '23.00',
  'qty[3]' => 1,
  'productname[4]' => 'NEW Seahawks #15 Jermaine Kearse Steel Blue Team Color Super Bowl XLVIII NFL Elite Jerseys
 Size:48',
  'productno[4]' => 'NFL15567',
  'price[4]' => '23.00',
  'qty[4]' => 1,
  'productname[5]' => 'NEW Seahawks #15 Jermaine Kearse Steel Blue Team Color Super Bowl XLVIII NFL Elite Jerseys
 Size:52',
  'productno[5]' => 'NFL15567',
  'price[5]' => '23.00',
  'qty[5]' => 1,
  'productname[6]' => 'NEW Seahawks #31 Kam Chancellor Steel Blue Team Color Super Bowl XLVIII NFL Elite Jersey
 Size:48',
  'productno[6]' => 'NFL15818',
  'price[6]' => '23.00',
  'qty[6]' => 1,
  'productname[7]' => 'NEW Seahawks #31 Kam Chancellor Steel Blue Team Color Super Bowl XLVIII NFL Elite Jersey
 Size:52',
  'productno[7]' => 'NFL15818',
  'price[7]' => '23.00',
  'qty[7]' => 1,
  'productname[8]' => 'NEW Seahawks #25 Richard Sherman Steel Blue Team Color Super Bowl XLVIII NFL Elite Autographed Jerseys
 Size:48',
  'productno[8]' => 'NFL15688',
  'price[8]' => '23.00',
  'qty[8]' => 1,
  'productname[9]' => 'NEW Seahawks #25 Richard Sherman Steel Blue Team Color Super Bowl XLVIII NFL Elite Autographed Jerseys
 Size:52',
  'productno[9]' => 'NFL15688',
  'price[9]' => '23.00',
  'qty[9]' => 1,
  'productname[10]' => 'NEW Seahawks #89 Doug Baldwin Steel Blue Team Color Super Bowl XLVIII NFL Elite Jersey
 Size:48',
  'productno[10]' => 'NFL15853',
  'price[10]' => '23.00',
  'qty[10]' => 1,
  'productname[11]' => 'NEW Seahawks #89 Doug Baldwin Steel Blue Team Color Super Bowl XLVIII NFL Elite Jersey
 Size:52',
  'productno[11]' => 'NFL15853',
  'price[11]' => '23.00',
  'qty[11]' => 1,
  'productname[12]' => 'Nike Seahawks #29 Earl Thomas III Steel Blue Team Color Super Bowl XLVIII NFL Elite Jersey
 Size:48',
  'productno[12]' => 'NFL15910',
  'price[12]' => '23.00',
  'qty[12]' => 1,
  'productname[13]' => 'Nike Seahawks #29 Earl Thomas III Steel Blue Team Color Super Bowl XLVIII NFL Elite Jersey
 Size:52',
  'productno[13]' => 'NFL15910',
  'price[13]' => '23.00',
  'qty[13]' => 1,
  'checkcode' => '3993e2d881af39c1f42a22688cf7bf46',
  'backurl' => 'http://www.outlet-jersey.com/index.php?main_page=checkout_process',
  'notifyreurl' => 'http://www.outlet-jersey.com/mallpay_check.php',
  's_firstname' => 'BRIAN',
  's_lastname' => 'BALDWIN',
  's_address' => '921 E CHICAGO ST ',
  's_city' => 'KENT',
  's_state' => 'WA',
  's_postcode' => '98030',
  's_country' => 'US',
  'email' => 'the1bald1@gmail.com',
  's_tel' => '4254635135',
  'b_firstname' => 'BRIAN',
  'b_lastname' => 'BALDWIN',
  'b_address' => '921 E CHICAGO ST ',
  'b_city' => 'KENT',
  'b_state' => 'WA',
  'b_postcode' => '98030',
  'b_country' => 'US',
  'b_tel' => '4254635135',
) 
23:12:10 array (
  'siteno' => '193736180',
  'version' => '',
  'orderid' => '245150206059',
  'order_time' => '20150206231210',
  'lang' => 'en',
  'currency' => 'USD',
  'vat' => '56.00',
  'discount' => '0.00',
  'shippingfee' => '0.00',
  'productname[0]' => 'NEW Seahawks #3 Russell Wilson Steel Blue Team Color Super Bowl XLVIII NFL Elite Autographed Jersey
 Size:48',
  'productno[0]' => 'NFL15780',
  'price[0]' => '23.00',
  'qty[0]' => 1,
  'productname[1]' => 'NEW Seahawks #3 Russell Wilson Steel Blue Team Color Super Bowl XLVIII NFL Elite Autographed Jersey
 Size:52',
  'productno[1]' => 'NFL15780',
  'price[1]' => '23.00',
  'qty[1]' => 1,
  'productname[2]' => 'NEW Seahawks #24 Marshawn Lynch Steel Blue Team Color With C Patch Super Bowl XLVIII NFL Elite Jerseys
 Size:48',
  'productno[2]' => 'NFL15647',
  'price[2]' => '23.00',
  'qty[2]' => 1,
  'productname[3]' => 'NEW Seahawks #24 Marshawn Lynch Steel Blue Team Color With C Patch Super Bowl XLVIII NFL Elite Jerseys
 Size:52',
  'productno[3]' => 'NFL15647',
  'price[3]' => '23.00',
  'qty[3]' => 1,
  'productname[4]' => 'NEW Seahawks #15 Jermaine Kearse Steel Blue Team Color Super Bowl XLVIII NFL Elite Jerseys
 Size:48',
  'productno[4]' => 'NFL15567',
  'price[4]' => '23.00',
  'qty[4]' => 1,
  'productname[5]' => 'NEW Seahawks #15 Jermaine Kearse Steel Blue Team Color Super Bowl XLVIII NFL Elite Jerseys
 Size:52',
  'productno[5]' => 'NFL15567',
  'price[5]' => '23.00',
  'qty[5]' => 1,
  'productname[6]' => 'NEW Seahawks #31 Kam Chancellor Steel Blue Team Color Super Bowl XLVIII NFL Elite Jersey
 Size:48',
  'productno[6]' => 'NFL15818',
  'price[6]' => '23.00',
  'qty[6]' => 1,
  'productname[7]' => 'NEW Seahawks #31 Kam Chancellor Steel Blue Team Color Super Bowl XLVIII NFL Elite Jersey
 Size:52',
  'productno[7]' => 'NFL15818',
  'price[7]' => '23.00',
  'qty[7]' => 1,
  'productname[8]' => 'NEW Seahawks #25 Richard Sherman Steel Blue Team Color Super Bowl XLVIII NFL Elite Autographed Jerseys
 Size:48',
  'productno[8]' => 'NFL15688',
  'price[8]' => '23.00',
  'qty[8]' => 1,
  'productname[9]' => 'NEW Seahawks #25 Richard Sherman Steel Blue Team Color Super Bowl XLVIII NFL Elite Autographed Jerseys
 Size:52',
  'productno[9]' => 'NFL15688',
  'price[9]' => '23.00',
  'qty[9]' => 1,
  'productname[10]' => 'NEW Seahawks #89 Doug Baldwin Steel Blue Team Color Super Bowl XLVIII NFL Elite Jersey
 Size:48',
  'productno[10]' => 'NFL15853',
  'price[10]' => '23.00',
  'qty[10]' => 1,
  'productname[11]' => 'NEW Seahawks #89 Doug Baldwin Steel Blue Team Color Super Bowl XLVIII NFL Elite Jersey
 Size:52',
  'productno[11]' => 'NFL15853',
  'price[11]' => '23.00',
  'qty[11]' => 1,
  'productname[12]' => 'Nike Seahawks #29 Earl Thomas III Steel Blue Team Color Super Bowl XLVIII NFL Elite Jersey
 Size:48',
  'productno[12]' => 'NFL15910',
  'price[12]' => '23.00',
  'qty[12]' => 1,
  'productname[13]' => 'Nike Seahawks #29 Earl Thomas III Steel Blue Team Color Super Bowl XLVIII NFL Elite Jersey
 Size:52',
  'productno[13]' => 'NFL15910',
  'price[13]' => '23.00',
  'qty[13]' => 1,
  'checkcode' => 'f001dc520464d638747db44528a75286',
  'backurl' => 'http://www.outlet-jersey.com/index.php?main_page=checkout_process',
  'notifyreurl' => 'http://www.outlet-jersey.com/mallpay_check.php',
  's_firstname' => 'BRIAN',
  's_lastname' => 'BALDWIN',
  's_address' => '921 E CHICAGO ST ',
  's_city' => 'KENT',
  's_state' => 'WA',
  's_postcode' => '98030',
  's_country' => 'US',
  'email' => 'the1bald1@gmail.com',
  's_tel' => '4254635135',
  'b_firstname' => 'BRIAN',
  'b_lastname' => 'BALDWIN',
  'b_address' => '921 E CHICAGO ST ',
  'b_city' => 'KENT',
  'b_state' => 'WA',
  'b_postcode' => '98030',
  'b_country' => 'US',
  'b_tel' => '4254635135',
) 
23:35:08 array (
  'siteno' => '193736180',
  'version' => '',
  'orderid' => '245150206061',
  'order_time' => '20150206233508',
  'lang' => 'en',
  'currency' => 'USD',
  'vat' => '8.00',
  'discount' => '0.00',
  'shippingfee' => '20.00',
  'productname[0]' => '2012 NEW NFL Seattle Seahawks #89 Doug Baldwin Grey Jerseys (Elite)
 Size:40',
  'productno[0]' => 'NFL28149',
  'price[0]' => '22.50',
  'qty[0]' => 1,
  'productname[1]' => 'NEW jerseys seattle seahawks #3 wilson Blue(Elite signature)
 Size:40',
  'productno[1]' => 'NFL28222',
  'price[1]' => '22.50',
  'qty[1]' => 1,
  'checkcode' => '630ca66dcda47c77c997cbd13216865c',
  'backurl' => 'http://www.outlet-jersey.com/index.php?main_page=checkout_process',
  'notifyreurl' => 'http://www.outlet-jersey.com/mallpay_check.php',
  's_firstname' => 'Manuel',
  's_lastname' => 'Mendoza',
  's_address' => '4103 S Best Ct ',
  's_city' => 'Veradale',
  's_state' => 'WA',
  's_postcode' => '99037',
  's_country' => 'US',
  'email' => 'mmendoz@comcast.net',
  's_tel' => '5092902387',
  'b_firstname' => 'Manuel',
  'b_lastname' => 'Mendoza',
  'b_address' => '4103 S Best Ct ',
  'b_city' => 'Veradale',
  'b_state' => 'WA',
  'b_postcode' => '99037',
  'b_country' => 'US',
  'b_tel' => '5092902387',
) 
