02:04:58 array (
  'siteno' => '193736180',
  'version' => '',
  'orderid' => '245150426010',
  'order_time' => '20150426020458',
  'lang' => 'en',
  'currency' => 'USD',
  'vat' => '1.50',
  'discount' => '0.00',
  'shippingfee' => '28.00',
  'productname[0]' => 'NHL Chicago Blackhawks #7 Chelios Red Fashion Noble Jersey
 Size:48 (M)',
  'productno[0]' => 'NHL15425006',
  'price[0]' => '33.00',
  'qty[0]' => 1,
  'checkcode' => '5491d7b2d4e4e4486e2a3e671d9eecd0',
  'backurl' => 'http://www.outlet-jersey.com/index.php?main_page=checkout_process',
  'notifyreurl' => 'http://www.outlet-jersey.com/mallpay_check.php',
  's_firstname' => 'Daniel',
  's_lastname' => 'Cappello',
  's_address' => '1226 winterberry lane ',
  's_city' => 'Schererville',
  's_state' => 'IN',
  's_postcode' => '46375',
  's_country' => 'US',
  'email' => 'Dancappello@yahoo.com',
  's_tel' => '2198649601',
  'b_firstname' => 'Daniel',
  'b_lastname' => 'Cappello',
  'b_address' => '1226 winterberry lane ',
  'b_city' => 'Schererville',
  'b_state' => 'IN',
  'b_postcode' => '46375',
  'b_country' => 'US',
  'b_tel' => '2198649601',
) 
03:31:10 array (
  'siteno' => '193736180',
  'version' => '',
  'orderid' => '245150426011',
  'order_time' => '20150426033110',
  'lang' => 'en',
  'currency' => 'USD',
  'vat' => '15.00',
  'discount' => '0.00',
  'shippingfee' => '0.00',
  'productname[0]' => 'New York Rangers #26 Martin St.Louis Blue Home NHL Jersey
 Size:M(48)',
  'productno[0]' => 'NHL12402',
  'price[0]' => '33.00',
  'qty[0]' => 1,
  'productname[1]' => 'New York Rangers #26 Martin St.Louis Blue Home NHL Jersey
 Size:L(50)',
  'productno[1]' => 'NHL12402',
  'price[1]' => '33.00',
  'qty[1]' => 1,
  'productname[2]' => 'New York Rangers #20 Chris Kreider Blue Home NHL Jersey
 Size:L(50)',
  'productno[2]' => 'NHL12397',
  'price[2]' => '33.00',
  'qty[2]' => 1,
  'productname[3]' => 'New York Rangers #20 Chris Kreider White 2014 Stadium Series NHL Jersey
 Size:L(50)',
  'productno[3]' => 'NHL12398',
  'price[3]' => '33.00',
  'qty[3]' => 1,
  'productname[4]' => 'New York Rangers #36 Mats Zuccarello Blue Home NHL Jersey
 Size:L(50)',
  'productno[4]' => 'NHL12412',
  'price[4]' => '33.00',
  'qty[4]' => 1,
  'productname[5]' => 'New York Rangers #36 Mats Zuccarello White 2014 Stadium Series NHL Jersey
 Size:L(50)',
  'productno[5]' => 'NHL12413',
  'price[5]' => '33.00',
  'qty[5]' => 1,
  'productname[6]' => 'New York Rangers #62 Carl Hagelin Blue Home NHL Jersey
 Size:L(50)',
  'productno[6]' => 'NHL12418',
  'price[6]' => '33.00',
  'qty[6]' => 1,
  'productname[7]' => 'New York Rangers #30 Henrik Lundqvist White 2014 Stadium Series Stitched NHL Jersey
 Size:L(50)',
  'productno[7]' => 'NHL12410',
  'price[7]' => '33.00',
  'qty[7]' => 1,
  'productname[8]' => 'New York Rangers #27 Ryan McDonagh White 2014 Stadium Series NHL Jersey
 Size:L(50)',
  'productno[8]' => 'NHL12406',
  'price[8]' => '33.00',
  'qty[8]' => 1,
  'productname[9]' => 'New York Rangers #61 Rick Nash White 2014 Stadium Series Stitched NHL Jersey
 Size:L(50)',
  'productno[9]' => 'NHL12417',
  'price[9]' => '33.00',
  'qty[9]' => 1,
  'checkcode' => '85c1615d5ebee28c17b3d1690e74d137',
  'backurl' => 'http://www.outlet-jersey.com/index.php?main_page=checkout_process',
  'notifyreurl' => 'http://www.outlet-jersey.com/mallpay_check.php',
  's_firstname' => 'joseph',
  's_lastname' => 'torres',
  's_address' => '205 vista view dr ',
  's_city' => 'farmingville',
  's_state' => 'NY',
  's_postcode' => '11738',
  's_country' => 'US',
  'email' => 'jjtorres005@yahoo.com',
  's_tel' => '6315618012',
  'b_firstname' => 'joseph',
  'b_lastname' => 'torres',
  'b_address' => '205 vista view dr ',
  'b_city' => 'farmingville',
  'b_state' => 'NY',
  'b_postcode' => '11738',
  'b_country' => 'US',
  'b_tel' => '6315618012',
) 
04:26:47 array (
  'siteno' => '193736180',
  'version' => '',
  'orderid' => '245150426016',
  'order_time' => '20150426042647',
  'lang' => 'en',
  'currency' => 'USD',
  'vat' => '1.50',
  'discount' => '0.00',
  'shippingfee' => '28.00',
  'productname[0]' => 'NHL Jersey Boston Bruins Green Black 37  Men Stitched 2015 Winter Classic Stitched NHL Jersey
 Size:XL(52)',
  'productno[0]' => 'NHL2015019452',
  'price[0]' => '36.67',
  'qty[0]' => 1,
  'checkcode' => '6af73c76f6c54476783ab29f396392a7',
  'backurl' => 'http://www.outlet-jersey.com/index.php?main_page=checkout_process',
  'notifyreurl' => 'http://www.outlet-jersey.com/mallpay_check.php',
  's_firstname' => 'Lynn',
  's_lastname' => 'Lafogg',
  's_address' => '78 Stevens St ',
  's_city' => 'East Have',
  's_state' => 'CT',
  's_postcode' => '06512',
  's_country' => 'US',
  'email' => 'Lafoggcarlo@gmail.com',
  's_tel' => '2034448981',
  'b_firstname' => 'Lynn',
  'b_lastname' => 'Lafogg',
  'b_address' => '78 Stevens St ',
  'b_city' => 'East Have',
  'b_state' => 'CT',
  'b_postcode' => '06512',
  'b_country' => 'US',
  'b_tel' => '2034448981',
) 
05:05:10 array (
  'siteno' => '193736180',
  'version' => '',
  'orderid' => '245150426019',
  'order_time' => '20150426050510',
  'lang' => 'en',
  'currency' => 'USD',
  'vat' => '1.50',
  'discount' => '0.00',
  'shippingfee' => '25.00',
  'productname[0]' => 'Capitals #8 Alex Ovechkin Red Sawyer Hooded Sweatshirt Stitched NHL Jersey
 Size:L(50)',
  'productno[0]' => 'NHL13527',
  'price[0]' => '36.00',
  'qty[0]' => 1,
  'checkcode' => 'e0241170d593a8f0f8f441eda586a44a',
  'backurl' => 'http://www.outlet-jersey.com/index.php?main_page=checkout_process',
  'notifyreurl' => 'http://www.outlet-jersey.com/mallpay_check.php',
  's_firstname' => 'joshua',
  's_lastname' => 'wallace',
  's_address' => '12038 warrenfeltz lane ',
  's_city' => 'hagerstown',
  's_state' => 'MD',
  's_postcode' => '21742',
  's_country' => 'US',
  'email' => 'capshockeyfan4life@gmail.com',
  's_tel' => '2405279150',
  'b_firstname' => 'joshua',
  'b_lastname' => 'wallace',
  'b_address' => '337 south st ',
  'b_city' => 'hagerstown',
  'b_state' => 'MD',
  'b_postcode' => '21740',
  'b_country' => 'US',
  'b_tel' => '2405279150',
) 
05:07:53 array (
  'siteno' => '193736180',
  'version' => '',
  'orderid' => '245150426021',
  'order_time' => '20150426050753',
  'lang' => 'en',
  'currency' => 'USD',
  'vat' => '1.50',
  'discount' => '0.00',
  'shippingfee' => '25.00',
  'productname[0]' => 'Capitals #8 Alex Ovechkin Red Sawyer Hooded Sweatshirt Stitched NHL Jersey
 Size:L(50)',
  'productno[0]' => 'NHL13527',
  'price[0]' => '36.00',
  'qty[0]' => 1,
  'checkcode' => '8b7bfdbc986f78915534ec2281ecb6d2',
  'backurl' => 'http://www.outlet-jersey.com/index.php?main_page=checkout_process',
  'notifyreurl' => 'http://www.outlet-jersey.com/mallpay_check.php',
  's_firstname' => 'joshua',
  's_lastname' => 'wallace',
  's_address' => '12038 warrenfeltz lane ',
  's_city' => 'hagerstown',
  's_state' => 'MD',
  's_postcode' => '21742',
  's_country' => 'US',
  'email' => 'capshockeyfan4life@gmail.com',
  's_tel' => '2405279150',
  'b_firstname' => 'joshua',
  'b_lastname' => 'wallace',
  'b_address' => '337 south st ',
  'b_city' => 'hagerstown',
  'b_state' => 'MD',
  'b_postcode' => '21740',
  'b_country' => 'US',
  'b_tel' => '2405279150',
) 
06:03:49 array (
  'siteno' => '193736180',
  'version' => '',
  'orderid' => '245150426027',
  'order_time' => '20150426060349',
  'lang' => 'en',
  'currency' => 'USD',
  'vat' => '1.50',
  'discount' => '0.00',
  'shippingfee' => '28.00',
  'productname[0]' => '2014 Olympic Team Canada #99 Wayne Gretzky Red Hockey NHL Jersey
 Size:M(48)',
  'productno[0]' => 'NHL10449',
  'price[0]' => '33.00',
  'qty[0]' => 1,
  'checkcode' => '3152c77dee1e9f6471e2622d69b6a628',
  'backurl' => 'http://www.outlet-jersey.com/index.php?main_page=checkout_process',
  'notifyreurl' => 'http://www.outlet-jersey.com/mallpay_check.php',
  's_firstname' => 'Glen',
  's_lastname' => 'Trahan',
  's_address' => '162 Wild Dunns Way ',
  's_city' => 'Jackson',
  's_state' => 'NJ',
  's_postcode' => '08527',
  's_country' => 'US',
  'email' => 'kcdad5@yahoo.com',
  's_tel' => '732-267-6270',
  'b_firstname' => 'Glen',
  'b_lastname' => 'Trahan',
  'b_address' => '162 Wild Dunns Way ',
  'b_city' => 'Jackson',
  'b_state' => 'NJ',
  'b_postcode' => '08527',
  'b_country' => 'US',
  'b_tel' => '732-267-6270',
) 
07:55:04 array (
  'siteno' => '193736180',
  'version' => '',
  'orderid' => '245150426039',
  'order_time' => '20150426075504',
  'lang' => 'en',
  'currency' => 'USD',
  'vat' => '1.50',
  'discount' => '0.00',
  'shippingfee' => '28.00',
  'productname[0]' => 'NHL Jersey Chicago Blackhawks 19 Toews Red  Men Stitched 2015 Winter Classic Stitched NHL Jersey
 Size:L(50)',
  'productno[0]' => 'NHL2015019524',
  'price[0]' => '33.00',
  'qty[0]' => 1,
  'checkcode' => '0199ec345278d1b79f2d0da246e4b7fb',
  'backurl' => 'http://www.outlet-jersey.com/index.php?main_page=checkout_process',
  'notifyreurl' => 'http://www.outlet-jersey.com/mallpay_check.php',
  's_firstname' => 'Kyleigh',
  's_lastname' => 'Bennett',
  's_address' => '611 28th st w ',
  's_city' => 'Dickinson',
  's_state' => 'ND',
  's_postcode' => '59601',
  's_country' => 'US',
  'email' => 'Yellowbuddy93@yahoo.com',
  's_tel' => '(701)-225-7844',
  'b_firstname' => 'Kyleigh',
  'b_lastname' => 'Bennett',
  'b_address' => '611 28th st w ',
  'b_city' => 'Dickinson',
  'b_state' => 'ND',
  'b_postcode' => '59601',
  'b_country' => 'US',
  'b_tel' => '(701)-225-7844',
) 
08:00:51 array (
  'siteno' => '193736180',
  'version' => '',
  'orderid' => '245150426040',
  'order_time' => '20150426080051',
  'lang' => 'en',
  'currency' => 'USD',
  'vat' => '1.50',
  'discount' => '0.00',
  'shippingfee' => '25.00',
  'productname[0]' => 'NHL Jersey Chicago Blackhawks 19 Toews Red  Men Stitched 2015 Winter Classic Stitched NHL Jersey
 Size:L(50)',
  'productno[0]' => 'NHL2015019524',
  'price[0]' => '33.00',
  'qty[0]' => 1,
  'checkcode' => '1091136008da5f4a8606b40e1b4a3ba4',
  'backurl' => 'http://www.outlet-jersey.com/index.php?main_page=checkout_process',
  'notifyreurl' => 'http://www.outlet-jersey.com/mallpay_check.php',
  's_firstname' => 'Kyleigh',
  's_lastname' => 'Bennett',
  's_address' => '611 28th st w ',
  's_city' => 'Dickinson',
  's_state' => 'ND',
  's_postcode' => '59601',
  's_country' => 'US',
  'email' => 'Yellowbuddy93@yahoo.com',
  's_tel' => '(701)-225-7844',
  'b_firstname' => 'Kyleigh',
  'b_lastname' => 'Bennett',
  'b_address' => '611 28th st w ',
  'b_city' => 'Dickinson',
  'b_state' => 'ND',
  'b_postcode' => '59601',
  'b_country' => 'US',
  'b_tel' => '(701)-225-7844',
) 
08:02:38 array (
  'siteno' => '193736180',
  'version' => '',
  'orderid' => '245150426041',
  'order_time' => '20150426080238',
  'lang' => 'en',
  'currency' => 'USD',
  'vat' => '1.50',
  'discount' => '0.00',
  'shippingfee' => '25.00',
  'productname[0]' => 'NHL Jersey Chicago Blackhawks 19 Toews Red  Men Stitched 2015 Winter Classic Stitched NHL Jersey
 Size:L(50)',
  'productno[0]' => 'NHL2015019524',
  'price[0]' => '33.00',
  'qty[0]' => 1,
  'checkcode' => '1e0a8a26ba7d049d980289071ef1ec1a',
  'backurl' => 'http://www.outlet-jersey.com/index.php?main_page=checkout_process',
  'notifyreurl' => 'http://www.outlet-jersey.com/mallpay_check.php',
  's_firstname' => 'Kyleigh',
  's_lastname' => 'Bennett',
  's_address' => '611 28th st w ',
  's_city' => 'Dickinson',
  's_state' => 'ND',
  's_postcode' => '59601',
  's_country' => 'US',
  'email' => 'Yellowbuddy93@yahoo.com',
  's_tel' => '(701)-225-7844',
  'b_firstname' => 'Kyleigh',
  'b_lastname' => 'Bennett',
  'b_address' => '611 28th st w ',
  'b_city' => 'Dickinson',
  'b_state' => 'ND',
  'b_postcode' => '59601',
  'b_country' => 'US',
  'b_tel' => '(701)-225-7844',
) 
08:02:53 array (
  'siteno' => '193736180',
  'version' => '',
  'orderid' => '245150426042',
  'order_time' => '20150426080253',
  'lang' => 'en',
  'currency' => 'USD',
  'vat' => '1.50',
  'discount' => '0.00',
  'shippingfee' => '25.00',
  'productname[0]' => 'NHL Jersey Chicago Blackhawks 19 Toews Red  Men Stitched 2015 Winter Classic Stitched NHL Jersey
 Size:L(50)',
  'productno[0]' => 'NHL2015019524',
  'price[0]' => '33.00',
  'qty[0]' => 1,
  'checkcode' => 'eeac90559be8b55932f4e13e820abf58',
  'backurl' => 'http://www.outlet-jersey.com/index.php?main_page=checkout_process',
  'notifyreurl' => 'http://www.outlet-jersey.com/mallpay_check.php',
  's_firstname' => 'Kyleigh',
  's_lastname' => 'Bennett',
  's_address' => '611 28th st w ',
  's_city' => 'Dickinson',
  's_state' => 'ND',
  's_postcode' => '59601',
  's_country' => 'US',
  'email' => 'Yellowbuddy93@yahoo.com',
  's_tel' => '(701)-225-7844',
  'b_firstname' => 'Kyleigh',
  'b_lastname' => 'Bennett',
  'b_address' => '611 28th st w ',
  'b_city' => 'Dickinson',
  'b_state' => 'ND',
  'b_postcode' => '59601',
  'b_country' => 'US',
  'b_tel' => '(701)-225-7844',
) 
08:06:45 array (
  'siteno' => '193736180',
  'version' => '',
  'orderid' => '245150426044',
  'order_time' => '20150426080645',
  'lang' => 'en',
  'currency' => 'USD',
  'vat' => '1.50',
  'discount' => '0.00',
  'shippingfee' => '28.00',
  'productname[0]' => 'Boston Bruins #33 Zdeno Chara Stitched Black NHL Jersey
 Size:M(48)',
  'productno[0]' => 'NHL10909',
  'price[0]' => '33.00',
  'qty[0]' => 1,
  'checkcode' => 'c2ae7816dc3ed9ca6e63c5192f58584c',
  'backurl' => 'http://www.outlet-jersey.com/index.php?main_page=checkout_process',
  'notifyreurl' => 'http://www.outlet-jersey.com/mallpay_check.php',
  's_firstname' => 'Michael',
  's_lastname' => 'Macedo',
  's_address' => '7 Apache Drive ',
  's_city' => 'Shippensburg',
  's_state' => 'PA',
  's_postcode' => '17257',
  's_country' => 'US',
  'email' => 'mm200017257@yahoo.com',
  's_tel' => '7178301667',
  'b_firstname' => 'Michael',
  'b_lastname' => 'Macedo',
  'b_address' => '7 Apache Drive ',
  'b_city' => 'Shippensburg',
  'b_state' => 'PA',
  'b_postcode' => '17257',
  'b_country' => 'US',
  'b_tel' => '7178301667',
) 
08:06:46 array (
  'siteno' => '193736180',
  'version' => '',
  'orderid' => '245150426045',
  'order_time' => '20150426080646',
  'lang' => 'en',
  'currency' => 'USD',
  'vat' => '4.50',
  'discount' => '0.00',
  'shippingfee' => '20.00',
  'productname[0]' => 'Cardinals #4 Yadier Molina White Cool Base 2011 World Series Patch Stitched Baseball Jersey
 Size:Large/50',
  'productno[0]' => 'MLB13499',
  'price[0]' => '18.50',
  'qty[0]' => 1,
  'productname[1]' => 'Mitchell and Ness Cardinals #45 Bob Gibson Stitched Cream Throwback Baseball Jersey
 Size:XX Large/54',
  'productno[1]' => 'MLB13546',
  'price[1]' => '18.50',
  'qty[1]' => 1,
  'productname[2]' => 'Cardinals #7 Matt Holliday White Cool Base 2011 World Series Patch Stitched Baseball Jersey
 Size:XX Large/54',
  'productno[2]' => 'MLB13521',
  'price[2]' => '18.50',
  'qty[2]' => 1,
  'checkcode' => '0243a9ca20f8b89d2c1cb20aa899920d',
  'backurl' => 'http://www.outlet-jersey.com/index.php?main_page=checkout_process',
  'notifyreurl' => 'http://www.outlet-jersey.com/mallpay_check.php',
  's_firstname' => 'Joseph',
  's_lastname' => 'Thierry',
  's_address' => '8600 Ridge Dr. ',
  's_city' => 'Dittmer',
  's_state' => 'MO',
  's_postcode' => '63023',
  's_country' => 'US',
  'email' => 'jthierry@richmondheights.org',
  's_tel' => '636-274-5972',
  'b_firstname' => 'Joseph',
  'b_lastname' => 'Thierry',
  'b_address' => '8600 Ridge Dr. ',
  'b_city' => 'Dittmer',
  'b_state' => 'MO',
  'b_postcode' => '63023',
  'b_country' => 'US',
  'b_tel' => '636-274-5972',
) 
08:08:37 array (
  'siteno' => '193736180',
  'version' => '',
  'orderid' => '245150426046',
  'order_time' => '20150426080837',
  'lang' => 'en',
  'currency' => 'USD',
  'vat' => '1.50',
  'discount' => '0.00',
  'shippingfee' => '28.00',
  'productname[0]' => 'Boston Bruins #33 Zdeno Chara Stitched Black NHL Jersey
 Size:M(48)',
  'productno[0]' => 'NHL10909',
  'price[0]' => '33.00',
  'qty[0]' => 1,
  'checkcode' => 'baf1f931ae0f8d6b513519907660aabe',
  'backurl' => 'http://www.outlet-jersey.com/index.php?main_page=checkout_process',
  'notifyreurl' => 'http://www.outlet-jersey.com/mallpay_check.php',
  's_firstname' => 'Michael',
  's_lastname' => 'Macedo',
  's_address' => '7 Apache Drive ',
  's_city' => 'Shippensburg',
  's_state' => 'PA',
  's_postcode' => '17257',
  's_country' => 'US',
  'email' => 'mm200017257@yahoo.com',
  's_tel' => '7178301667',
  'b_firstname' => 'Michael',
  'b_lastname' => 'Macedo',
  'b_address' => '7 Apache Drive ',
  'b_city' => 'Shippensburg',
  'b_state' => 'PA',
  'b_postcode' => '17257',
  'b_country' => 'US',
  'b_tel' => '7178301667',
) 
08:13:55 array (
  'siteno' => '193736180',
  'version' => '',
  'orderid' => '245150426050',
  'order_time' => '20150426081355',
  'lang' => 'en',
  'currency' => 'USD',
  'vat' => '1.50',
  'discount' => '0.00',
  'shippingfee' => '28.00',
  'productname[0]' => 'Blackhawks #19 Jonathan Toews Stitched Red NHL Jersey
 Size:L(50)',
  'productno[0]' => 'NHL11254',
  'price[0]' => '33.00',
  'qty[0]' => 1,
  'checkcode' => 'd3b13e2ce67c9b838d187df42a8fa5cd',
  'backurl' => 'http://www.outlet-jersey.com/index.php?main_page=checkout_process',
  'notifyreurl' => 'http://www.outlet-jersey.com/mallpay_check.php',
  's_firstname' => 'Kyleigh',
  's_lastname' => 'Bennett',
  's_address' => '611 28th st w ',
  's_city' => 'Dickinson',
  's_state' => 'ND',
  's_postcode' => '59601',
  's_country' => 'US',
  'email' => 'Yellowbuddy93@yahoo.com',
  's_tel' => '(701)-225-7844',
  'b_firstname' => 'Kyleigh',
  'b_lastname' => 'Bennett',
  'b_address' => '611 28th st w ',
  'b_city' => 'Dickinson',
  'b_state' => 'ND',
  'b_postcode' => '59601',
  'b_country' => 'US',
  'b_tel' => '(701)-225-7844',
) 
08:19:19 array (
  'siteno' => '193736180',
  'version' => '',
  'orderid' => '245150426051',
  'order_time' => '20150426081919',
  'lang' => 'en',
  'currency' => 'USD',
  'vat' => '1.50',
  'discount' => '0.00',
  'shippingfee' => '28.00',
  'productname[0]' => 'Blackhawks #19 Jonathan Toews Stitched Red NHL Jersey
 Size:L(50)',
  'productno[0]' => 'NHL11254',
  'price[0]' => '33.00',
  'qty[0]' => 1,
  'checkcode' => 'd1dba7b88dbd369bfa0bd6ba4afc830c',
  'backurl' => 'http://www.outlet-jersey.com/index.php?main_page=checkout_process',
  'notifyreurl' => 'http://www.outlet-jersey.com/mallpay_check.php',
  's_firstname' => 'Kyleigh',
  's_lastname' => 'Bennett',
  's_address' => '611 28th st w ',
  's_city' => 'dickinson',
  's_state' => 'ND',
  's_postcode' => '58601',
  's_country' => 'US',
  'email' => 'yellowbuddy93@yaoo.com',
  's_tel' => '(701)-225-7844',
  'b_firstname' => 'Kyleigh',
  'b_lastname' => 'Bennett',
  'b_address' => '611 28th st w ',
  'b_city' => 'dickinson',
  'b_state' => 'ND',
  'b_postcode' => '58601',
  'b_country' => 'US',
  'b_tel' => '(701)-225-7844',
) 
08:27:03 array (
  'siteno' => '193736180',
  'version' => '',
  'orderid' => '245150426052',
  'order_time' => '20150426082703',
  'lang' => 'en',
  'currency' => 'USD',
  'vat' => '1.50',
  'discount' => '0.00',
  'shippingfee' => '28.00',
  'productname[0]' => 'Blackhawks #19 Jonathan Toews Stitched Red NHL Jersey
 Size:L(50)',
  'productno[0]' => 'NHL11254',
  'price[0]' => '33.00',
  'qty[0]' => 1,
  'checkcode' => '71d433576f39a9fef8d7e3048952beee',
  'backurl' => 'http://www.outlet-jersey.com/index.php?main_page=checkout_process',
  'notifyreurl' => 'http://www.outlet-jersey.com/mallpay_check.php',
  's_firstname' => 'Kyleigh',
  's_lastname' => 'Bennett',
  's_address' => '611 28th st w ',
  's_city' => 'dickinson',
  's_state' => 'ND',
  's_postcode' => '58601',
  's_country' => 'US',
  'email' => 'yellowbuddy93@yaoo.com',
  's_tel' => '(701)-225-7844',
  'b_firstname' => 'Kyleigh',
  'b_lastname' => 'Bennett',
  'b_address' => '611 28th st w ',
  'b_city' => 'dickinson',
  'b_state' => 'ND',
  'b_postcode' => '58601',
  'b_country' => 'US',
  'b_tel' => '(701)-225-7844',
) 
08:43:58 array (
  'siteno' => '193736180',
  'version' => '',
  'orderid' => '245150426055',
  'order_time' => '20150426084358',
  'lang' => 'en',
  'currency' => 'USD',
  'vat' => '1.50',
  'discount' => '0.00',
  'shippingfee' => '28.00',
  'productname[0]' => 'Blackhawks #19 Jonathan Toews Stitched Red NHL Jersey
 Size:L(50)',
  'productno[0]' => 'NHL11254',
  'price[0]' => '33.00',
  'qty[0]' => 1,
  'checkcode' => 'facd86900668655b229e04517ac0ac25',
  'backurl' => 'http://www.outlet-jersey.com/index.php?main_page=checkout_process',
  'notifyreurl' => 'http://www.outlet-jersey.com/mallpay_check.php',
  's_firstname' => 'Kyleigh',
  's_lastname' => 'Bennett',
  's_address' => '611 28th st w ',
  's_city' => 'dickinson',
  's_state' => 'ND',
  's_postcode' => '58601',
  's_country' => 'US',
  'email' => 'yellowbuddy93@yaoo.com',
  's_tel' => '(701)-225-7844',
  'b_firstname' => 'Kyleigh',
  'b_lastname' => 'Bennett',
  'b_address' => '611 28th st w ',
  'b_city' => 'dickinson',
  'b_state' => 'ND',
  'b_postcode' => '58601',
  'b_country' => 'US',
  'b_tel' => '(701)-225-7844',
) 
08:59:31 array (
  'siteno' => '193736180',
  'version' => '',
  'orderid' => '245150426059',
  'order_time' => '20150426085931',
  'lang' => 'en',
  'currency' => 'USD',
  'vat' => '1.50',
  'discount' => '0.00',
  'shippingfee' => '28.00',
  'productname[0]' => 'Blackhawks #19 Jonathan Toews Stitched Red NHL Jersey
 Size:L(50)',
  'productno[0]' => 'NHL11254',
  'price[0]' => '33.00',
  'qty[0]' => 1,
  'checkcode' => 'dbc568809705cd76d2c4efccdab98b25',
  'backurl' => 'http://www.outlet-jersey.com/index.php?main_page=checkout_process',
  'notifyreurl' => 'http://www.outlet-jersey.com/mallpay_check.php',
  's_firstname' => 'Kyleigh',
  's_lastname' => 'Bennett',
  's_address' => '611 28th st w ',
  's_city' => 'dickinson',
  's_state' => 'ND',
  's_postcode' => '58601',
  's_country' => 'US',
  'email' => 'yellowbuddy93@yaoo.com',
  's_tel' => '(701)-225-7844',
  'b_firstname' => 'Melissa',
  'b_lastname' => 'Bennett',
  'b_address' => '611 28th st w ',
  'b_city' => 'Dickinson',
  'b_state' => 'ND',
  'b_postcode' => '58601',
  'b_country' => 'US',
  'b_tel' => '(701)-225-7844',
) 
09:07:33 array (
  'siteno' => '193736180',
  'version' => '',
  'orderid' => '245150426060',
  'order_time' => '20150426090733',
  'lang' => 'en',
  'currency' => 'USD',
  'vat' => '1.50',
  'discount' => '0.00',
  'shippingfee' => '28.00',
  'productname[0]' => 'Blackhawks #19 Jonathan Toews Stitched Red NHL Jersey
 Size:L(50)',
  'productno[0]' => 'NHL11254',
  'price[0]' => '33.00',
  'qty[0]' => 1,
  'checkcode' => 'b829298431c4c1a941c79f9b261c52dc',
  'backurl' => 'http://www.outlet-jersey.com/index.php?main_page=checkout_process',
  'notifyreurl' => 'http://www.outlet-jersey.com/mallpay_check.php',
  's_firstname' => 'Kyleigh',
  's_lastname' => 'Bennett',
  's_address' => '611 28th st w ',
  's_city' => 'dickinson',
  's_state' => 'ND',
  's_postcode' => '58601',
  's_country' => 'US',
  'email' => 'yellowbuddy93@yaoo.com',
  's_tel' => '(701)-225-7844',
  'b_firstname' => 'Melissa',
  'b_lastname' => 'Bennett',
  'b_address' => '611 28th st w ',
  'b_city' => 'Dickinson',
  'b_state' => 'ND',
  'b_postcode' => '58601',
  'b_country' => 'US',
  'b_tel' => '(701)-225-7844',
) 
09:15:03 array (
  'siteno' => '193736180',
  'version' => '',
  'orderid' => '245150426062',
  'order_time' => '20150426091503',
  'lang' => 'en',
  'currency' => 'USD',
  'vat' => '3.00',
  'discount' => '0.00',
  'shippingfee' => '33.00',
  'productname[0]' => 'NHL Jersey Chicago Blackhawks 19 Toews green  Men Stitched Charcoal Cross Check Fashion Jersey
 Size:M(48)',
  'productno[0]' => 'NHL2015019523',
  'price[0]' => '33.00',
  'qty[0]' => 1,
  'productname[1]' => 'NHL Jersey Chicago Blackhawks 10 Sharp black 2014  Men Stitched with Purple Num Stitched NHL Jersey
 Size:M(48)',
  'productno[1]' => 'NHL2015019506',
  'price[1]' => '33.00',
  'qty[1]' => 1,
  'checkcode' => '3c8988eca1d17d8c17354ac5d8871d4e',
  'backurl' => 'http://www.outlet-jersey.com/index.php?main_page=checkout_process',
  'notifyreurl' => 'http://www.outlet-jersey.com/mallpay_check.php',
  's_firstname' => 'Samantha',
  's_lastname' => 'Elkin',
  's_address' => '4625 West Jerome ',
  's_city' => 'Skokie',
  's_state' => 'IL',
  's_postcode' => '60076',
  's_country' => 'US',
  'email' => 'samanthaelkin1@gmail.com',
  's_tel' => '7734161475',
  'b_firstname' => 'Samantha',
  'b_lastname' => 'Elkin',
  'b_address' => '4625 West Jerome ',
  'b_city' => 'Skokie',
  'b_state' => 'IL',
  'b_postcode' => '60076',
  'b_country' => 'US',
  'b_tel' => '7734161475',
) 
09:44:26 array (
  'siteno' => '193736180',
  'version' => '',
  'orderid' => '245150426065',
  'order_time' => '20150426094426',
  'lang' => 'en',
  'currency' => 'USD',
  'vat' => '1.50',
  'discount' => '0.00',
  'shippingfee' => '28.00',
  'productname[0]' => 'Blackhawks #19 Jonathan Toews Stitched Red NHL Jersey
 Size:L(50)',
  'productno[0]' => 'NHL11254',
  'price[0]' => '33.00',
  'qty[0]' => 1,
  'checkcode' => 'd863b69f476fc3e53088e2cecbef2261',
  'backurl' => 'http://www.outlet-jersey.com/index.php?main_page=checkout_process',
  'notifyreurl' => 'http://www.outlet-jersey.com/mallpay_check.php',
  's_firstname' => 'Kyleigh',
  's_lastname' => 'Bennett',
  's_address' => '611 28th st w ',
  's_city' => 'Dickinson',
  's_state' => 'ND',
  's_postcode' => '59601',
  's_country' => 'US',
  'email' => 'Yellowbuddy93@yahoo.com',
  's_tel' => '(701)-225-7844',
  'b_firstname' => 'Kyleigh',
  'b_lastname' => 'Bennett',
  'b_address' => '611 28th st w ',
  'b_city' => 'Dickinson',
  'b_state' => 'ND',
  'b_postcode' => '59601',
  'b_country' => 'US',
  'b_tel' => '(701)-225-7844',
) 
09:47:41 array (
  'siteno' => '193736180',
  'version' => '',
  'orderid' => '245150426067',
  'order_time' => '20150426094741',
  'lang' => 'en',
  'currency' => 'USD',
  'vat' => '1.50',
  'discount' => '0.00',
  'shippingfee' => '28.00',
  'productname[0]' => 'Blackhawks #19 Jonathan Toews Stitched Red NHL Jersey
 Size:L(50)',
  'productno[0]' => 'NHL11254',
  'price[0]' => '33.00',
  'qty[0]' => 1,
  'checkcode' => '1c0bdd40bf66ca8f29e08c698f0bf8f8',
  'backurl' => 'http://www.outlet-jersey.com/index.php?main_page=checkout_process',
  'notifyreurl' => 'http://www.outlet-jersey.com/mallpay_check.php',
  's_firstname' => 'Kyleigh',
  's_lastname' => 'Bennett',
  's_address' => '611 28th st w ',
  's_city' => 'Dickinson',
  's_state' => 'ND',
  's_postcode' => '59601',
  's_country' => 'US',
  'email' => 'Yellowbuddy93@yahoo.com',
  's_tel' => '(701)-225-7844',
  'b_firstname' => 'Kyleigh',
  'b_lastname' => 'Bennett',
  'b_address' => '611 28th st w ',
  'b_city' => 'Dickinson',
  'b_state' => 'ND',
  'b_postcode' => '59601',
  'b_country' => 'US',
  'b_tel' => '(701)-225-7844',
) 
09:51:49 array (
  'siteno' => '193736180',
  'version' => '',
  'orderid' => '245150426068',
  'order_time' => '20150426095149',
  'lang' => 'en',
  'currency' => 'USD',
  'vat' => '1.50',
  'discount' => '0.00',
  'shippingfee' => '28.00',
  'productname[0]' => 'Blackhawks #19 Jonathan Toews Stitched Red NHL Jersey
 Size:L(50)',
  'productno[0]' => 'NHL11254',
  'price[0]' => '33.00',
  'qty[0]' => 1,
  'checkcode' => 'd5bea7fc10b45e4246be5a3f0b6e64f8',
  'backurl' => 'http://www.outlet-jersey.com/index.php?main_page=checkout_process',
  'notifyreurl' => 'http://www.outlet-jersey.com/mallpay_check.php',
  's_firstname' => 'Kyleigh',
  's_lastname' => 'Bennett',
  's_address' => '611 28th st w ',
  's_city' => 'Dickinson',
  's_state' => 'ND',
  's_postcode' => '59601',
  's_country' => 'US',
  'email' => 'Yellowbuddy93@yahoo.com',
  's_tel' => '(701)-225-7844',
  'b_firstname' => 'Kyleigh',
  'b_lastname' => 'Bennett',
  'b_address' => '611 28th st w ',
  'b_city' => 'Dickinson',
  'b_state' => 'ND',
  'b_postcode' => '59601',
  'b_country' => 'US',
  'b_tel' => '(701)-225-7844',
) 
09:58:54 array (
  'siteno' => '193736180',
  'version' => '',
  'orderid' => '245150426069',
  'order_time' => '20150426095854',
  'lang' => 'en',
  'currency' => 'USD',
  'vat' => '1.50',
  'discount' => '0.00',
  'shippingfee' => '28.00',
  'productname[0]' => 'Blackhawks #19 Jonathan Toews Stitched Red NHL Jersey
 Size:L(50)',
  'productno[0]' => 'NHL11254',
  'price[0]' => '33.00',
  'qty[0]' => 1,
  'checkcode' => '1a9f1e18817677f30a8b2d93e485c8d3',
  'backurl' => 'http://www.outlet-jersey.com/index.php?main_page=checkout_process',
  'notifyreurl' => 'http://www.outlet-jersey.com/mallpay_check.php',
  's_firstname' => 'Kyleigh',
  's_lastname' => 'Bennett',
  's_address' => '611 28th st w ',
  's_city' => 'Dickinson',
  's_state' => 'ND',
  's_postcode' => '58601',
  's_country' => 'US',
  'email' => 'Yellowbuddy93@yahoo.com',
  's_tel' => '(701)-225-7844',
  'b_firstname' => 'Kyleigh',
  'b_lastname' => 'Bennett',
  'b_address' => '611 28th st w ',
  'b_city' => 'Dickinson',
  'b_state' => 'ND',
  'b_postcode' => '58601',
  'b_country' => 'US',
  'b_tel' => '(701)-225-7844',
) 
10:18:03 array (
  'siteno' => '193736180',
  'version' => '',
  'orderid' => '245150426072',
  'order_time' => '20150426101803',
  'lang' => 'en',
  'currency' => 'USD',
  'vat' => '1.50',
  'discount' => '0.00',
  'shippingfee' => '28.00',
  'productname[0]' => 'Blackhawks #19 Jonathan Toews Stitched Red NHL Jersey
 Size:L(50)',
  'productno[0]' => 'NHL11254',
  'price[0]' => '33.00',
  'qty[0]' => 1,
  'checkcode' => 'fe14db50ece9b5390ec5b010e36e73dc',
  'backurl' => 'http://www.outlet-jersey.com/index.php?main_page=checkout_process',
  'notifyreurl' => 'http://www.outlet-jersey.com/mallpay_check.php',
  's_firstname' => 'Kyleigh',
  's_lastname' => 'Bennett',
  's_address' => '61 28th st w ',
  's_city' => 'Dickinson',
  's_state' => 'ND',
  's_postcode' => '58601',
  's_country' => 'US',
  'email' => 'Yellowbuddy93@yahoo.com',
  's_tel' => '(701)-225-7844',
  'b_firstname' => 'Melissa',
  'b_lastname' => 'Bennett',
  'b_address' => '611 28th st w ',
  'b_city' => 'Dickinson',
  'b_state' => 'ND',
  'b_postcode' => '58601',
  'b_country' => 'US',
  'b_tel' => '(701)-225-7844',
) 
