09:33:06 array (
  'siteno' => '193736180',
  'version' => '',
  'orderid' => '245150213029',
  'order_time' => '20150213093306',
  'lang' => 'en',
  'currency' => 'USD',
  'vat' => '4.00',
  'discount' => '0.00',
  'shippingfee' => '25.00',
  'productname[0]' => '2015 NFL New England Patriots Knit Hats 09',
  'productno[0]' => 'HAT13222',
  'price[0]' => '9.90',
  'qty[0]' => 1,
  'checkcode' => '8db93e2e7fb070a018f52e601d658594',
  'backurl' => 'http://www.outlet-jersey.com/index.php?main_page=checkout_process',
  'notifyreurl' => 'http://www.outlet-jersey.com/mallpay_check.php',
  's_firstname' => 'Jeffrey',
  's_lastname' => 'Lubin',
  's_address' => '947 Montgomery St, Apt. 6F ',
  's_city' => 'Brooklyn',
  's_state' => 'NY',
  's_postcode' => '11213',
  's_country' => 'US',
  'email' => 'jeff.lubin@gmail.com',
  's_tel' => '617-501-7236',
  'b_firstname' => 'Jeffrey',
  'b_lastname' => 'Lubin',
  'b_address' => '947 Montgomery St, Apt. 6F ',
  'b_city' => 'Brooklyn',
  'b_state' => 'NY',
  'b_postcode' => '11213',
  'b_country' => 'US',
  'b_tel' => '617-501-7236',
) 
10:54:05 array (
  'siteno' => '193736180',
  'version' => '',
  'orderid' => '245150213039',
  'order_time' => '20150213105405',
  'lang' => 'en',
  'currency' => 'USD',
  'vat' => '4.00',
  'discount' => '0.00',
  'shippingfee' => '25.00',
  'productname[0]' => 'NHL Jersey Boston Bruins Green Black 4  Men Stitched Fights Cancer Stitched Hockey Jersey
 Size:52 (XXL)',
  'productno[0]' => 'NHL2015019453',
  'price[0]' => '36.57',
  'qty[0]' => 1,
  'checkcode' => '9555ff7044de8c094a538fa816f658b9',
  'backurl' => 'http://www.outlet-jersey.com/index.php?main_page=checkout_process',
  'notifyreurl' => 'http://www.outlet-jersey.com/mallpay_check.php',
  's_firstname' => 'Timothy',
  's_lastname' => 'Swaim',
  's_address' => '2624 Crouchwood Rd ',
  's_city' => 'Little Rock',
  's_state' => 'AR',
  's_postcode' => '72207',
  's_country' => 'US',
  'email' => 'timothyswaim@hotmail.com',
  's_tel' => '(501)613-8157',
  'b_firstname' => 'Timothy',
  'b_lastname' => 'Swaim',
  'b_address' => '2624 Crouchwood Rd ',
  'b_city' => 'Little Rock',
  'b_state' => 'AR',
  'b_postcode' => '72207',
  'b_country' => 'US',
  'b_tel' => '(501)613-8157',
) 
20:15:21 array (
  'siteno' => '193736180',
  'version' => '',
  'orderid' => '245150213048',
  'order_time' => '20150213201521',
  'lang' => 'en',
  'currency' => 'USD',
  'vat' => '4.00',
  'discount' => '0.00',
  'shippingfee' => '25.00',
  'productname[0]' => 'Red Wings #9 Gordie Howe White Winter Classic Stitched NHL Jersey
 Size:Large/50',
  'productno[0]' => 'NHL11851',
  'price[0]' => '33.00',
  'qty[0]' => 1,
  'checkcode' => 'ed85ce2a47ad0a57f7b96a270fc08d42',
  'backurl' => 'http://www.outlet-jersey.com/index.php?main_page=checkout_process',
  'notifyreurl' => 'http://www.outlet-jersey.com/mallpay_check.php',
  's_firstname' => 'shawnelle',
  's_lastname' => 'Dillard',
  's_address' => '3006-1 Craig Ave ',
  's_city' => 'Fort Riley',
  's_state' => 'KS',
  's_postcode' => '66442',
  's_country' => 'US',
  'email' => 'sdillard2006@gmail.com',
  's_tel' => '9892807953',
  'b_firstname' => 'shawnelle',
  'b_lastname' => 'Dillard',
  'b_address' => '3006-1 Craig Ave ',
  'b_city' => 'Fort Riley',
  'b_state' => 'KS',
  'b_postcode' => '66442',
  'b_country' => 'US',
  'b_tel' => '9892807953',
) 
