02:46:44 array (
  'siteno' => '193736180',
  'version' => '',
  'orderid' => '245150228008',
  'order_time' => '20150228024644',
  'lang' => 'en',
  'currency' => 'USD',
  'vat' => '4.00',
  'discount' => '0.00',
  'shippingfee' => '25.00',
  'productname[0]' => 'New England Patriots #87 Rob Gronkowski Nike Black Salute To Service Jersey
 Size:XL',
  'productno[0]' => 'NFL22495',
  'price[0]' => '22.50',
  'qty[0]' => 1,
  'checkcode' => 'e82640b54182ee9c3df47dde8ff9dedb',
  'backurl' => 'http://www.outlet-jersey.com/index.php?main_page=checkout_process',
  'notifyreurl' => 'http://www.outlet-jersey.com/mallpay_check.php',
  's_firstname' => 'Edward',
  's_lastname' => 'Zuroms',
  's_address' => '545 N. Main St. ',
  's_city' => 'Lanesborough',
  's_state' => 'MA',
  's_postcode' => '01237',
  's_country' => 'US',
  'email' => 'edzuroms@yahoo.com',
  's_tel' => '413-441-3068',
  'b_firstname' => 'Edward',
  'b_lastname' => 'Zuroms',
  'b_address' => '545 N. Main St. ',
  'b_city' => 'Lanesborough',
  'b_state' => 'MA',
  'b_postcode' => '01237',
  'b_country' => 'US',
  'b_tel' => '413-441-3068',
) 
04:15:22 array (
  'siteno' => '193736180',
  'version' => '',
  'orderid' => '245150228014',
  'order_time' => '20150228041522',
  'lang' => 'en',
  'currency' => 'USD',
  'vat' => '12.00',
  'discount' => '0.00',
  'shippingfee' => '20.00',
  'productname[0]' => 'Red Wings #40 Henrik Zetterberg Red 2014 Winter Classic Stitched NHL Jersey
 Size:Medium/48',
  'productno[0]' => 'NHL11828',
  'price[0]' => '33.00',
  'qty[0]' => 1,
  'productname[1]' => 'Blackhawks #9 Bobby Hull Red Sawyer Hooded Sweatshirt Stitched NHL Jersey
 Size:Large/50',
  'productno[1]' => 'NHL11504',
  'price[1]' => '36.00',
  'qty[1]' => 1,
  'productname[2]' => 'Throwback Pistons #11 Thomas White Stitched NBA Jersey
 Size:Medium/48',
  'productno[2]' => 'NBA10890',
  'price[2]' => '18.50',
  'qty[2]' => 1,
  'checkcode' => '504b3da5608ee861a649687301244bbe',
  'backurl' => 'http://www.outlet-jersey.com/index.php?main_page=checkout_process',
  'notifyreurl' => 'http://www.outlet-jersey.com/mallpay_check.php',
  's_firstname' => 'Mary',
  's_lastname' => 'VanNieulande',
  's_address' => '22113 Francis ',
  's_city' => 'St. Clair Shores',
  's_state' => 'MI',
  's_postcode' => '48082',
  's_country' => 'US',
  'email' => 'ryanvannieulande12@yahoo.com',
  's_tel' => '586-296-9549',
  'b_firstname' => 'Mary',
  'b_lastname' => 'VanNieulande',
  'b_address' => '22113 Francis ',
  'b_city' => 'St. Clair Shores',
  'b_state' => 'MI',
  'b_postcode' => '48082',
  'b_country' => 'US',
  'b_tel' => '586-296-9549',
) 
05:31:06 array (
  'siteno' => '193736180',
  'version' => '',
  'orderid' => '245150228017',
  'order_time' => '20150228053106',
  'lang' => 'en',
  'currency' => 'USD',
  'vat' => '4.00',
  'discount' => '0.00',
  'shippingfee' => '25.00',
  'productname[0]' => 'New England Patriots #12 Tom Brady Grey-Blue Sawyer Hooded Sweatshirt Stitched Jersey
 Size:54 (XXL)',
  'productno[0]' => 'NFL22486',
  'price[0]' => '36.00',
  'qty[0]' => 1,
  'checkcode' => '712d179daf0e3fdb65a30a469d98a889',
  'backurl' => 'http://www.outlet-jersey.com/index.php?main_page=checkout_process',
  'notifyreurl' => 'http://www.outlet-jersey.com/mallpay_check.php',
  's_firstname' => 'Dwayne',
  's_lastname' => 'pash',
  's_address' => '116 Titus mill rd ',
  's_city' => 'Pennington',
  's_state' => 'NJ',
  's_postcode' => '08534',
  's_country' => 'US',
  'email' => 'd.pash@yahoo.com',
  's_tel' => '7325800454',
  'b_firstname' => 'Dwayne',
  'b_lastname' => 'pash',
  'b_address' => '116 Titus mill rd ',
  'b_city' => 'Pennington',
  'b_state' => 'NJ',
  'b_postcode' => '08534',
  'b_country' => 'US',
  'b_tel' => '7325800454',
) 
11:00:05 array (
  'siteno' => '193736180',
  'version' => '',
  'orderid' => '245150228026',
  'order_time' => '20150228110005',
  'lang' => 'en',
  'currency' => 'USD',
  'vat' => '4.00',
  'discount' => '0.00',
  'shippingfee' => '25.00',
  'productname[0]' => 'NHL Jersey Detroit Red Wings 8  Men Stitched with Purple Num Stitched NHL Jersey
 Size:48 (XL)',
  'productno[0]' => 'NHL2015019662',
  'price[0]' => '36.56',
  'qty[0]' => 1,
  'checkcode' => '962559b05c24db2bfc615ab5a1300171',
  'backurl' => 'http://www.outlet-jersey.com/index.php?main_page=checkout_process',
  'notifyreurl' => 'http://www.outlet-jersey.com/mallpay_check.php',
  's_firstname' => 'Jessi',
  's_lastname' => 'Orton',
  's_address' => '1270 N. 2nd at. Apt 31 ',
  's_city' => 'Platteville',
  's_state' => 'MI',
  's_postcode' => '53818',
  's_country' => 'US',
  'email' => 'tscarter@mtu.edu',
  's_tel' => '5178035096',
  'b_firstname' => 'Tyler',
  'b_lastname' => 'Carter',
  'b_address' => '103 memorial Dr ',
  'b_city' => 'Potterville',
  'b_state' => 'MI',
  'b_postcode' => '48876',
  'b_country' => 'US',
  'b_tel' => '5178035096',
) 
11:21:57 array (
  'siteno' => '193736180',
  'version' => '',
  'orderid' => '245150228031',
  'order_time' => '20150228112157',
  'lang' => 'en',
  'currency' => 'USD',
  'vat' => '4.00',
  'discount' => '0.00',
  'shippingfee' => '25.00',
  'productname[0]' => 'Devils #4 Scott Stevens 2012 Stanley Cup Finals White Road Stitched NHL Jersey
 Size:Medium/48',
  'productno[0]' => 'NHL12351',
  'price[0]' => '33.00',
  'qty[0]' => 1,
  'checkcode' => '0c1362541a77baca51c3304f81fe6c3c',
  'backurl' => 'http://www.outlet-jersey.com/index.php?main_page=checkout_process',
  'notifyreurl' => 'http://www.outlet-jersey.com/mallpay_check.php',
  's_firstname' => 'Patrick',
  's_lastname' => 'Glasson',
  's_address' => '51 Seven Lakes Drive ',
  's_city' => 'Sloatsburg',
  's_state' => 'NY',
  's_postcode' => '10974',
  's_country' => 'US',
  'email' => 'glas2122@gmail.com',
  's_tel' => '9736683754',
  'b_firstname' => 'Patrick',
  'b_lastname' => 'Glasson',
  'b_address' => '51 Seven Lakes Drive ',
  'b_city' => 'Sloatsburg',
  'b_state' => 'NY',
  'b_postcode' => '10974',
  'b_country' => 'US',
  'b_tel' => '9736683754',
) 
11:43:53 array (
  'siteno' => '193736180',
  'version' => '',
  'orderid' => '245150228035',
  'order_time' => '20150228114353',
  'lang' => 'en',
  'currency' => 'USD',
  'vat' => '8.00',
  'discount' => '0.00',
  'shippingfee' => '20.00',
  'productname[0]' => 'Detroit Red Wings #13 Pavel Datsyuk Camo Veterans Day Practice NHL Jersey
 Size:XL(52)',
  'productno[0]' => 'NHL11786',
  'price[0]' => '33.00',
  'qty[0]' => 1,
  'productname[1]' => 'Red Wings #40 Henrik Zetterberg Red 2014 Winter Classic Stitched NHL Jersey
 Size:Extra Large/52',
  'productno[1]' => 'NHL11828',
  'price[1]' => '33.00',
  'qty[1]' => 1,
  'checkcode' => 'dcc0b300ab65decce3f9ac7ca39350a2',
  'backurl' => 'http://www.outlet-jersey.com/index.php?main_page=checkout_process',
  'notifyreurl' => 'http://www.outlet-jersey.com/mallpay_check.php',
  's_firstname' => 'Raymond',
  's_lastname' => 'Castillo',
  's_address' => '3405 102nd St ',
  's_city' => 'Lubbock',
  's_state' => 'TX',
  's_postcode' => '79423',
  's_country' => 'US',
  'email' => 'rttech72@yahoo.com',
  's_tel' => '806-831-9792',
  'b_firstname' => 'Raymond',
  'b_lastname' => 'Castillo',
  'b_address' => '3405 102nd St ',
  'b_city' => 'Lubbock',
  'b_state' => 'TX',
  'b_postcode' => '79423',
  'b_country' => 'US',
  'b_tel' => '806-831-9792',
) 
11:52:19 array (
  'siteno' => '193736180',
  'version' => '',
  'orderid' => '245150228036',
  'order_time' => '20150228115219',
  'lang' => 'en',
  'currency' => 'USD',
  'vat' => '8.00',
  'discount' => '0.00',
  'shippingfee' => '20.00',
  'productname[0]' => 'mlb jerseys detroit tigers #24 cabrera white[2013 new]
 Size:56(3XL)',
  'productno[0]' => 'MLB11235',
  'price[0]' => '18.50',
  'qty[0]' => 1,
  'productname[1]' => 'MLB Detroit Tigers #35 Justin Verlander White Jerseys
 Size:52(XL)',
  'productno[1]' => 'MLB11225',
  'price[1]' => '18.50',
  'qty[1]' => 1,
  'checkcode' => '69d3273c3cc07a88b89d20313b05ee78',
  'backurl' => 'http://www.outlet-jersey.com/index.php?main_page=checkout_process',
  'notifyreurl' => 'http://www.outlet-jersey.com/mallpay_check.php',
  's_firstname' => 'heather',
  's_lastname' => 'alexander',
  's_address' => '411 east walnut street ',
  's_city' => 'stanton',
  's_state' => 'MI',
  's_postcode' => '48888',
  's_country' => 'US',
  'email' => 'trevsgurl21513@gmail.com',
  's_tel' => '6164398287',
  'b_firstname' => 'heather',
  'b_lastname' => 'alexander',
  'b_address' => '411 east walnut street ',
  'b_city' => 'stanton',
  'b_state' => 'MI',
  'b_postcode' => '48888',
  'b_country' => 'US',
  'b_tel' => '6164398287',
) 
16:59:07 array (
  'siteno' => '193736180',
  'version' => '',
  'orderid' => '245150228043',
  'order_time' => '20150228165907',
  'lang' => 'en',
  'currency' => 'USD',
  'vat' => '12.00',
  'discount' => '0.00',
  'shippingfee' => '20.00',
  'productname[0]' => 'San Jose Sharks #8 Joe Pavelski Stitched Black NHL Jersey
 Size:52(XL)',
  'productno[0]' => 'NHL13136',
  'price[0]' => '33.00',
  'qty[0]' => 1,
  'productname[1]' => 'Golden State Warriors #11 Klay Thompson Blue Stitched NBA Jersey
 Size:52(XL)',
  'productno[1]' => 'NBA10897',
  'price[1]' => '19.00',
  'qty[1]' => 1,
  'productname[2]' => 'Giants #28 Buster Posey Cream Cool Base w/2010 World Series Patch Stitched Baseball Jersey
 Size:XX Large/54',
  'productno[2]' => 'MLB13247',
  'price[2]' => '18.50',
  'qty[2]' => 1,
  'checkcode' => '39e57524618215668c60c563531e56bc',
  'backurl' => 'http://www.outlet-jersey.com/index.php?main_page=checkout_process',
  'notifyreurl' => 'http://www.outlet-jersey.com/mallpay_check.php',
  's_firstname' => 'Brian',
  's_lastname' => 'Wilks',
  's_address' => '1601 18th ave ',
  's_city' => 'Lewiston',
  's_state' => 'ID',
  's_postcode' => '83501',
  's_country' => 'US',
  'email' => 'Brianmwilks@hotmail.com',
  's_tel' => '2083056487',
  'b_firstname' => 'Brian',
  'b_lastname' => 'Wilks',
  'b_address' => '1601 18th ave ',
  'b_city' => 'Lewiston',
  'b_state' => 'ID',
  'b_postcode' => '83501',
  'b_country' => 'US',
  'b_tel' => '2083056487',
) 
