17:10:33 array (
  'siteno' => '193736180',
  'version' => '',
  'orderid' => '245150122006',
  'order_time' => '20150122171033',
  'lang' => 'en',
  'currency' => 'USD',
  'vat' => '20.00',
  'discount' => '0.00',
  'shippingfee' => '15.00',
  'productname[0]' => 'NEW jerseys seattle seahawks #25 sherman blue-green(Elite split)
 Size:52',
  'productno[0]' => 'NFL28219',
  'price[0]' => '23.00',
  'qty[0]' => 1,
  'productname[1]' => 'NEW nfl jerseys seattle seahawks #3 wilson blue-green(Elite split)
 Size:52/2XL',
  'productno[1]' => 'NFL28228',
  'price[1]' => '22.50',
  'qty[1]' => 1,
  'productname[2]' => 'Nike Seattle Seahawks #31 Kam Chancellor Steel Blue-Green NFL Elite Fadeaway Fashion Jersey
 Size:52',
  'productno[2]' => 'NFL28469',
  'price[2]' => '22.50',
  'qty[2]' => 1,
  'productname[3]' => 'Nike Seattle Seahawks 31 Kam Chancellor Green Signed Elite NFL Jerseys
 Size:52',
  'productno[3]' => 'NFL28491',
  'price[3]' => '22.50',
  'qty[3]' => 1,
  'productname[4]' => 'NEW jerseys seattle seahawks #3 wilson blue(Drenched Limited)
 Size:XL',
  'productno[4]' => 'NFL28221',
  'price[4]' => '21.50',
  'qty[4]' => 1,
  'checkcode' => 'cb67986b7b9e5e39e44739503b9a34ed',
  'backurl' => 'http://www.outlet-jersey.com/index.php?main_page=checkout_process',
  'notifyreurl' => 'http://www.outlet-jersey.com/mallpay_check.php',
  's_firstname' => 'Carolyn',
  's_lastname' => 'Huffmaster',
  's_address' => '13812 10th Ave E ',
  's_city' => 'Tacoma',
  's_state' => 'WA',
  's_postcode' => '98446',
  's_country' => 'US',
  'email' => 'puffy69.ch@gmail.com',
  's_tel' => '2533707213',
  'b_firstname' => 'Carolyn',
  'b_lastname' => 'Huffmaster',
  'b_address' => '13812 10th Ave E ',
  'b_city' => 'Tacoma',
  'b_state' => 'WA',
  'b_postcode' => '98446',
  'b_country' => 'US',
  'b_tel' => '2533707213',
) 
17:14:42 array (
  'siteno' => '193736180',
  'version' => '',
  'orderid' => '245150122007',
  'order_time' => '20150122171442',
  'lang' => 'en',
  'currency' => 'USD',
  'vat' => '20.00',
  'discount' => '0.00',
  'shippingfee' => '15.00',
  'productname[0]' => 'NEW jerseys seattle seahawks #25 sherman blue-green(Elite split)
 Size:52',
  'productno[0]' => 'NFL28219',
  'price[0]' => '23.00',
  'qty[0]' => 1,
  'productname[1]' => 'NEW nfl jerseys seattle seahawks #3 wilson blue-green(Elite split)
 Size:52/2XL',
  'productno[1]' => 'NFL28228',
  'price[1]' => '22.50',
  'qty[1]' => 1,
  'productname[2]' => 'Nike Seattle Seahawks #31 Kam Chancellor Steel Blue-Green NFL Elite Fadeaway Fashion Jersey
 Size:52',
  'productno[2]' => 'NFL28469',
  'price[2]' => '22.50',
  'qty[2]' => 1,
  'productname[3]' => 'Nike Seattle Seahawks 31 Kam Chancellor Green Signed Elite NFL Jerseys
 Size:52',
  'productno[3]' => 'NFL28491',
  'price[3]' => '22.50',
  'qty[3]' => 1,
  'productname[4]' => 'NEW jerseys seattle seahawks #3 wilson blue(Drenched Limited)
 Size:XL',
  'productno[4]' => 'NFL28221',
  'price[4]' => '21.50',
  'qty[4]' => 1,
  'checkcode' => '71e714370faa70ee3c7dc7c833b97a6a',
  'backurl' => 'http://www.outlet-jersey.com/index.php?main_page=checkout_process',
  'notifyreurl' => 'http://www.outlet-jersey.com/mallpay_check.php',
  's_firstname' => 'Carolyn',
  's_lastname' => 'Huffmaster',
  's_address' => '13812 10th Ave E ',
  's_city' => 'Tacoma',
  's_state' => 'WA',
  's_postcode' => '98446',
  's_country' => 'US',
  'email' => 'puffy69.ch@gmail.com',
  's_tel' => '2533707213',
  'b_firstname' => 'Carolyn',
  'b_lastname' => 'Huffmaster',
  'b_address' => '13812 10th Ave E ',
  'b_city' => 'Tacoma',
  'b_state' => 'WA',
  'b_postcode' => '98446',
  'b_country' => 'US',
  'b_tel' => '2533707213',
) 
