02:17:53 array (
  'siteno' => '193736180',
  'version' => '',
  'orderid' => '245150411008',
  'order_time' => '20150411021753',
  'lang' => 'en',
  'currency' => 'USD',
  'vat' => '1.50',
  'discount' => '0.00',
  'shippingfee' => '28.00',
  'productname[0]' => 'Red Wings #13 Pavel Datsyuk Red 2014 Winter Classic Stitched NHL Jersey
 Size:L(50)',
  'productno[0]' => 'NHL11802',
  'price[0]' => '33.00',
  'qty[0]' => 1,
  'checkcode' => '1c205278044ec1a9b11aec0f5a831b0a',
  'backurl' => 'http://www.outlet-jersey.com/index.php?main_page=checkout_process',
  'notifyreurl' => 'http://www.outlet-jersey.com/mallpay_check.php',
  's_firstname' => 'Kevin',
  's_lastname' => 'Edwards',
  's_address' => '627 east ridge rd ',
  's_city' => 'griffith',
  's_state' => 'IN',
  's_postcode' => '46319',
  's_country' => 'US',
  'email' => 'amanda_edwards27@hotmail.com',
  's_tel' => '313-433-7690',
  'b_firstname' => 'Kevin',
  'b_lastname' => 'Edwards',
  'b_address' => '627 east ridge rd ',
  'b_city' => 'griffith',
  'b_state' => 'IN',
  'b_postcode' => '46319',
  'b_country' => 'US',
  'b_tel' => '313-433-7690',
) 
02:39:48 array (
  'siteno' => '193736180',
  'version' => '',
  'orderid' => '245150411009',
  'order_time' => '20150411023948',
  'lang' => 'en',
  'currency' => 'USD',
  'vat' => '1.50',
  'discount' => '0.00',
  'shippingfee' => '28.00',
  'productname[0]' => 'Red Wings #13 Pavel Datsyuk Red 2014 Winter Classic Stitched NHL Jersey
 Size:L(50)',
  'productno[0]' => 'NHL11802',
  'price[0]' => '33.00',
  'qty[0]' => 1,
  'checkcode' => 'ef38ca4e45b28b0074c2f5a433a76641',
  'backurl' => 'http://www.outlet-jersey.com/index.php?main_page=checkout_process',
  'notifyreurl' => 'http://www.outlet-jersey.com/mallpay_check.php',
  's_firstname' => 'Kevin',
  's_lastname' => 'Edwards',
  's_address' => '627 east ridge rd ',
  's_city' => 'griffith',
  's_state' => 'IN',
  's_postcode' => '46319',
  's_country' => 'US',
  'email' => 'amanda_edwards27@hotmail.com',
  's_tel' => '313-433-7690',
  'b_firstname' => 'Kevin',
  'b_lastname' => 'Edwards',
  'b_address' => '627 east ridge rd ',
  'b_city' => 'griffith',
  'b_state' => 'IN',
  'b_postcode' => '46319',
  'b_country' => 'US',
  'b_tel' => '313-433-7690',
) 
03:07:15 array (
  'siteno' => '193736180',
  'version' => '',
  'orderid' => '245150411011',
  'order_time' => '20150411030715',
  'lang' => 'en',
  'currency' => 'USD',
  'vat' => '1.50',
  'discount' => '0.00',
  'shippingfee' => '28.00',
  'productname[0]' => 'Red Wings #14 Gustav Nyquist Red Stitched NHL Jersey
 Size:M(48)',
  'productno[0]' => 'NHL11807',
  'price[0]' => '33.00',
  'qty[0]' => 1,
  'checkcode' => '5cc59d61b8ccc69739366d9670db58e2',
  'backurl' => 'http://www.outlet-jersey.com/index.php?main_page=checkout_process',
  'notifyreurl' => 'http://www.outlet-jersey.com/mallpay_check.php',
  's_firstname' => 'Aaron',
  's_lastname' => 'Phifer',
  's_address' => '11235 Harpham Dr. ',
  's_city' => 'Eagle',
  's_state' => 'MI',
  's_postcode' => '48822',
  's_country' => 'US',
  'email' => 'phiferaj@yahoo.com',
  's_tel' => '5178033180',
  'b_firstname' => 'Aaron',
  'b_lastname' => 'Phifer',
  'b_address' => '11235 Harpham Dr. ',
  'b_city' => 'Eagle',
  'b_state' => 'MI',
  'b_postcode' => '48822',
  'b_country' => 'US',
  'b_tel' => '5178033180',
) 
06:30:46 array (
  'siteno' => '193736180',
  'version' => '',
  'orderid' => '245150411019',
  'order_time' => '20150411063046',
  'lang' => 'en',
  'currency' => 'USD',
  'vat' => '1.50',
  'discount' => '0.00',
  'shippingfee' => '28.00',
  'productname[0]' => 'Red Wings #19 Steve Yzerman Stitched Red NHL Jersey
 Size:M(48)',
  'productno[0]' => 'NHL11815',
  'price[0]' => '33.00',
  'qty[0]' => 1,
  'checkcode' => '665e8427a340b0750589ec9f6ff53ee6',
  'backurl' => 'http://www.outlet-jersey.com/index.php?main_page=checkout_process',
  'notifyreurl' => 'http://www.outlet-jersey.com/mallpay_check.php',
  's_firstname' => 'Stephenie',
  's_lastname' => 'Hewson',
  's_address' => '1028 park st sw ',
  's_city' => 'Grand Rapids',
  's_state' => 'MI',
  's_postcode' => '49504',
  's_country' => 'US',
  'email' => 'shewson359@gmail.com',
  's_tel' => '6167245779',
  'b_firstname' => 'Stephenie',
  'b_lastname' => 'Hewson',
  'b_address' => '1028 park st sw ',
  'b_city' => 'Grand Rapids',
  'b_state' => 'MI',
  'b_postcode' => '49504',
  'b_country' => 'US',
  'b_tel' => '6167245779',
) 
10:48:41 array (
  'siteno' => '193736180',
  'version' => '',
  'orderid' => '245150411030',
  'order_time' => '20150411104841',
  'lang' => 'en',
  'currency' => 'USD',
  'vat' => '3.00',
  'discount' => '0.00',
  'shippingfee' => '36.00',
  'productname[0]' => 'Dallas Stars #91 Tyler Seguin Green Home NHL Jersey
 Size:M(48)',
  'productno[0]' => 'NHL11759',
  'price[0]' => '33.00',
  'qty[0]' => 1,
  'productname[1]' => 'Dallas Stars #91 Tyler Seguin Green Home NHL Jersey
 Size:XXL(54)',
  'productno[1]' => 'NHL11759',
  'price[1]' => '33.00',
  'qty[1]' => 1,
  'checkcode' => 'dfe6ceb27e22aadf1105a618052e022f',
  'backurl' => 'http://www.outlet-jersey.com/index.php?main_page=checkout_process',
  'notifyreurl' => 'http://www.outlet-jersey.com/mallpay_check.php',
  's_firstname' => 'Susan',
  's_lastname' => 'Judd',
  's_address' => '5840 Spring Valley #1010 ',
  's_city' => 'Dallas',
  's_state' => 'TX',
  's_postcode' => '75254',
  's_country' => 'US',
  'email' => 'Susan.judd@concentrix.com',
  's_tel' => '214-676-2772',
  'b_firstname' => 'Susan',
  'b_lastname' => 'Judd',
  'b_address' => '5840 Spring Valley #1010 ',
  'b_city' => 'Dallas',
  'b_state' => 'TX',
  'b_postcode' => '75254',
  'b_country' => 'US',
  'b_tel' => '214-676-2772',
) 
21:08:16 array (
  'siteno' => '193736180',
  'version' => '',
  'orderid' => '245150411038',
  'order_time' => '20150411210816',
  'lang' => 'en',
  'currency' => 'USD',
  'vat' => '3.00',
  'discount' => '0.00',
  'shippingfee' => '36.00',
  'productname[0]' => 'Boston Bruins #4 Bobby Orr Cream Sawyer Hooded Sweatshirt Stitched NHL Jersey
 Size:XL',
  'productno[0]' => 'NHL12540',
  'price[0]' => '39.00',
  'qty[0]' => 1,
  'productname[1]' => 'NHL Jersey Minnesota Wild 3  Men Stitched Charcoal Cross Check Fashion Jersey
 Size:XL(52)',
  'productno[1]' => 'NHL2015019683',
  'price[1]' => '36.80',
  'qty[1]' => 1,
  'checkcode' => '2dc5ca970b2ea8bbf16f1fb0f51afc92',
  'backurl' => 'http://www.outlet-jersey.com/index.php?main_page=checkout_process',
  'notifyreurl' => 'http://www.outlet-jersey.com/mallpay_check.php',
  's_firstname' => 'Ryan',
  's_lastname' => 'Dalzell',
  's_address' => '101 E. Frost St. ',
  's_city' => 'South St. Paul',
  's_state' => 'MN',
  's_postcode' => '55075',
  's_country' => 'US',
  'email' => 'ryandalzell.rd@gmail.com',
  's_tel' => '6516756528',
  'b_firstname' => 'Ryan',
  'b_lastname' => 'Dalzell',
  'b_address' => '101 E. Frost St. ',
  'b_city' => 'South St. Paul',
  'b_state' => 'MN',
  'b_postcode' => '55075',
  'b_country' => 'US',
  'b_tel' => '6516756528',
) 
22:12:16 array (
  'siteno' => '193736180',
  'version' => '',
  'orderid' => '245150411039',
  'order_time' => '20150411221216',
  'lang' => 'en',
  'currency' => 'USD',
  'vat' => '1.50',
  'discount' => '0.00',
  'shippingfee' => '28.00',
  'productname[0]' => 'Dallas Stars #14 Jamie Benn New White Stitched NHL Jersey
 Size:XL(52)',
  'productno[0]' => 'NHL11748',
  'price[0]' => '33.00',
  'qty[0]' => 1,
  'checkcode' => 'f6faf0bdda6ffece5b3e5de6e4463873',
  'backurl' => 'http://www.outlet-jersey.com/index.php?main_page=checkout_process',
  'notifyreurl' => 'http://www.outlet-jersey.com/mallpay_check.php',
  's_firstname' => 'John',
  's_lastname' => 'McDowell',
  's_address' => '5920 Brookside Drive ',
  's_city' => 'Argyle',
  's_state' => 'TX',
  's_postcode' => '76226',
  's_country' => 'US',
  'email' => 'meangreenfan@verizon.net',
  's_tel' => '940-464-7817',
  'b_firstname' => 'John',
  'b_lastname' => 'McDowell',
  'b_address' => '5920 Brookside Drive ',
  'b_city' => 'Argyle',
  'b_state' => 'TX',
  'b_postcode' => '76226',
  'b_country' => 'US',
  'b_tel' => '940-464-7817',
) 
