10:04:09 array (
  'siteno' => '193736180',
  'version' => '',
  'orderid' => '245150313037',
  'order_time' => '20150313100409',
  'lang' => 'en',
  'currency' => 'USD',
  'vat' => '8.00',
  'discount' => '0.00',
  'shippingfee' => '20.00',
  'productname[0]' => 'NHL Jersey Chicago Blackhawks 65 shaw black winter classic  Men Stitched with Purple Num Stitched NHL Jersey
 Size:L(50)',
  'productno[0]' => 'NHL2015019594',
  'price[0]' => '36.66',
  'qty[0]' => 1,
  'productname[1]' => 'NHL Jersey Chicago Blackhawks 20 saad Black  Men Stitched with Purple Num Stitched NHL Jersey
 Size:L(50)',
  'productno[1]' => 'NHL2015019530',
  'price[1]' => '36.67',
  'qty[1]' => 1,
  'checkcode' => 'ace6d093145297f442c8c4e5594464ca',
  'backurl' => 'http://www.outlet-jersey.com/index.php?main_page=checkout_process',
  'notifyreurl' => 'http://www.outlet-jersey.com/mallpay_check.php',
  's_firstname' => 'Matthew',
  's_lastname' => 'havelka',
  's_address' => '222 mason creek Dr #1213 ',
  's_city' => 'katy',
  's_state' => 'TX',
  's_postcode' => '77450',
  's_country' => 'US',
  'email' => 'havelka44@gmail.com',
  's_tel' => '6412087160',
  'b_firstname' => 'Matthew',
  'b_lastname' => 'havelka',
  'b_address' => '222 mason creek Dr #1213 ',
  'b_city' => 'katy',
  'b_state' => 'TX',
  'b_postcode' => '77450',
  'b_country' => 'US',
  'b_tel' => '6412087160',
) 
11:47:02 array (
  'siteno' => '193736180',
  'version' => '',
  'orderid' => '245150313051',
  'order_time' => '20150313114702',
  'lang' => 'en',
  'currency' => 'USD',
  'vat' => '4.00',
  'discount' => '0.00',
  'shippingfee' => '25.00',
  'productname[0]' => 'Anaheim Ducks #17 Ryan Kesler White New Road NHL Jersey
 Size:XL(52)',
  'productno[0]' => 'NHL10881',
  'price[0]' => '33.00',
  'qty[0]' => 1,
  'checkcode' => '3fb02dcc6c69d6c152aab732b1c39b40',
  'backurl' => 'http://www.outlet-jersey.com/index.php?main_page=checkout_process',
  'notifyreurl' => 'http://www.outlet-jersey.com/mallpay_check.php',
  's_firstname' => 'Gina',
  's_lastname' => 'Lord',
  's_address' => '30380 Bucktail Drive ',
  's_city' => 'Canyon Lake',
  's_state' => 'CA',
  's_postcode' => '92587',
  's_country' => 'US',
  'email' => 'Mommylord@msn.com',
  's_tel' => '951-237-5971',
  'b_firstname' => 'Gina',
  'b_lastname' => 'Lord',
  'b_address' => '23223 Skylink Drive ',
  'b_city' => 'Canyon Lake',
  'b_state' => 'CA',
  'b_postcode' => '92587',
  'b_country' => 'US',
  'b_tel' => '951-237-5971',
) 
17:18:38 array (
  'siteno' => '193736180',
  'version' => '',
  'orderid' => '245150313059',
  'order_time' => '20150313171838',
  'lang' => 'en',
  'currency' => 'USD',
  'vat' => '8.00',
  'discount' => '0.00',
  'shippingfee' => '20.00',
  'productname[0]' => '2013 NEW Nike Dallas cowboys 9 Romo Drift Fashion Grey Elite Jerseys
 Size:44/L',
  'productno[0]' => 'NFL19451',
  'price[0]' => '22.50',
  'qty[0]' => 1,
  'productname[1]' => 'Cowboys #82 Jason Witten Pink Women\'s Star Struck Stitched NFL Jersey
 Size:Extra Large',
  'productno[1]' => 'WOMEN5322',
  'price[1]' => '19.00',
  'qty[1]' => 1,
  'checkcode' => '4b3e1e6c17e9ff4e3a9530c1ce3e3374',
  'backurl' => 'http://www.outlet-jersey.com/index.php?main_page=checkout_process',
  'notifyreurl' => 'http://www.outlet-jersey.com/mallpay_check.php',
  's_firstname' => 'Shannon',
  's_lastname' => 'Mann',
  's_address' => '8208 Regal Pine Ct ',
  's_city' => 'Louisville',
  's_state' => 'KY',
  's_postcode' => '40214',
  's_country' => 'US',
  'email' => 'shannongmann@yahoo.com',
  's_tel' => '502 689-1807',
  'b_firstname' => 'Shannon',
  'b_lastname' => 'Mann',
  'b_address' => '8208 Regal Pine Ct ',
  'b_city' => 'Louisville',
  'b_state' => 'KY',
  'b_postcode' => '40214',
  'b_country' => 'US',
  'b_tel' => '502 689-1807',
) 
