00:15:30 array (
  'siteno' => '193736180',
  'version' => '',
  'orderid' => '245150319001',
  'order_time' => '20150319001530',
  'lang' => 'en',
  'currency' => 'USD',
  'vat' => '4.00',
  'discount' => '0.00',
  'shippingfee' => '25.00',
  'productname[0]' => 'NHL Jersey Chicago Blackhawks 018  Men Stitched Charcoal Cross Check Fashion Jersey
 Size:L(50)',
  'productno[0]' => 'NHL2015019495',
  'price[0]' => '36.95',
  'qty[0]' => 1,
  'checkcode' => '254d9b4689eebf6731e54658dbc1dde1',
  'backurl' => 'http://www.outlet-jersey.com/index.php?main_page=checkout_process',
  'notifyreurl' => 'http://www.outlet-jersey.com/mallpay_check.php',
  's_firstname' => 'Melissa',
  's_lastname' => 'Odom',
  's_address' => '16444 Newcastle Way ',
  's_city' => 'Lockport',
  's_state' => 'IL',
  's_postcode' => '60441',
  's_country' => 'US',
  'email' => 'Meluiuc@yahoo.com',
  's_tel' => '7082036037',
  'b_firstname' => 'Melissa',
  'b_lastname' => 'Odom',
  'b_address' => '16444 Newcastle Way ',
  'b_city' => 'Lockport',
  'b_state' => 'IL',
  'b_postcode' => '60441',
  'b_country' => 'US',
  'b_tel' => '7082036037',
) 
00:17:11 array (
  'siteno' => '193736180',
  'version' => '',
  'orderid' => '245150319002',
  'order_time' => '20150319001711',
  'lang' => 'en',
  'currency' => 'USD',
  'vat' => '4.00',
  'discount' => '0.00',
  'shippingfee' => '25.00',
  'productname[0]' => 'NHL Jersey Chicago Blackhawks 018  Men Stitched Charcoal Cross Check Fashion Jersey
 Size:L(50)',
  'productno[0]' => 'NHL2015019495',
  'price[0]' => '36.95',
  'qty[0]' => 1,
  'checkcode' => '95d3bf56d0c4601b7db472cbe8e77fc3',
  'backurl' => 'http://www.outlet-jersey.com/index.php?main_page=checkout_process',
  'notifyreurl' => 'http://www.outlet-jersey.com/mallpay_check.php',
  's_firstname' => 'Melissa',
  's_lastname' => 'Odom',
  's_address' => '16444 Newcastle Way ',
  's_city' => 'Lockport',
  's_state' => 'IL',
  's_postcode' => '60441',
  's_country' => 'US',
  'email' => 'Meluiuc@yahoo.com',
  's_tel' => '7082036037',
  'b_firstname' => 'Melissa',
  'b_lastname' => 'Odom',
  'b_address' => '16444 Newcastle Way ',
  'b_city' => 'Lockport',
  'b_state' => 'IL',
  'b_postcode' => '60441',
  'b_country' => 'US',
  'b_tel' => '7082036037',
) 
00:53:22 array (
  'siteno' => '193736180',
  'version' => '',
  'orderid' => '245150319006',
  'order_time' => '20150319005322',
  'lang' => 'en',
  'currency' => 'USD',
  'vat' => '4.00',
  'discount' => '0.00',
  'shippingfee' => '25.00',
  'productname[0]' => 'NHL Jersey Montreal Canadiens 31 Carey Price Stitched White NHL Jersey Jersey  Men Stitched 2015 Winter Classic Stitched NHL Jersey
 Size:M(48)',
  'productno[0]' => 'NHL2015019732',
  'price[0]' => '36.80',
  'qty[0]' => 1,
  'checkcode' => '96624b46aba03de69d3829572e41b8d9',
  'backurl' => 'http://www.outlet-jersey.com/index.php?main_page=checkout_process',
  'notifyreurl' => 'http://www.outlet-jersey.com/mallpay_check.php',
  's_firstname' => 'todd',
  's_lastname' => 'barnhart',
  's_address' => '62 lake street ',
  's_city' => 'tupper lake',
  's_state' => 'NY',
  's_postcode' => '12986',
  's_country' => 'US',
  'email' => 'toddbarnhart2000@gmail.com',
  's_tel' => '3158543841',
  'b_firstname' => 'todd',
  'b_lastname' => 'barnhart',
  'b_address' => '62 lake street ',
  'b_city' => 'tupper lake',
  'b_state' => 'NY',
  'b_postcode' => '12986',
  'b_country' => 'US',
  'b_tel' => '3158543841',
) 
01:21:42 array (
  'siteno' => '193736180',
  'version' => '',
  'orderid' => '245150319014',
  'order_time' => '20150319012142',
  'lang' => 'en',
  'currency' => 'USD',
  'vat' => '4.00',
  'discount' => '0.00',
  'shippingfee' => '25.00',
  'productname[0]' => 'NHL Jersey Chicago Blackhawks 19 Toews green  Men Stitched Charcoal Cross Check Fashion Jersey
 Size:M(48)',
  'productno[0]' => 'NHL2015019523',
  'price[0]' => '36.70',
  'qty[0]' => 1,
  'checkcode' => '7d23cf96f60b639446c5bd90c32cb183',
  'backurl' => 'http://www.outlet-jersey.com/index.php?main_page=checkout_process',
  'notifyreurl' => 'http://www.outlet-jersey.com/mallpay_check.php',
  's_firstname' => 'David',
  's_lastname' => 'Kunkel',
  's_address' => '21 E. Hillside Road ',
  's_city' => 'Naperville',
  's_state' => 'IL',
  's_postcode' => '60540',
  's_country' => 'US',
  'email' => 'dave@kunkelassociates.com',
  's_tel' => '6302205966',
  'b_firstname' => 'David',
  'b_lastname' => 'Kunkel',
  'b_address' => '21 E. Hillside Road ',
  'b_city' => 'Naperville',
  'b_state' => 'IL',
  'b_postcode' => '60540',
  'b_country' => 'US',
  'b_tel' => '6302205966',
) 
03:28:51 array (
  'siteno' => '193736180',
  'version' => '',
  'orderid' => '245150319025',
  'order_time' => '20150319032851',
  'lang' => 'en',
  'currency' => 'USD',
  'vat' => '4.00',
  'discount' => '0.00',
  'shippingfee' => '25.00',
  'productname[0]' => 'NHL Jersey Chicago Blackhawks 016  Men Stitched Fights Cancer Stitched Hockey Jersey
 Size:XL(52)',
  'productno[0]' => 'NHL2015019493',
  'price[0]' => '36.56',
  'qty[0]' => 1,
  'checkcode' => '011cd3a930c809c007717c9f8c9772ed',
  'backurl' => 'http://www.outlet-jersey.com/index.php?main_page=checkout_process',
  'notifyreurl' => 'http://www.outlet-jersey.com/mallpay_check.php',
  's_firstname' => 'Chris',
  's_lastname' => 'Fry',
  's_address' => '24101 Mountain Charlie Road ',
  's_city' => 'Los Gatos',
  's_state' => 'CA',
  's_postcode' => '95033',
  's_country' => 'US',
  'email' => 'csfry007@yahoo.com',
  's_tel' => '4087189515',
  'b_firstname' => 'Chris',
  'b_lastname' => 'Fry',
  'b_address' => '24101 Mountain Charlie Road ',
  'b_city' => 'Los Gatos',
  'b_state' => 'CA',
  'b_postcode' => '95033',
  'b_country' => 'US',
  'b_tel' => '4087189515',
) 
05:41:52 array (
  'siteno' => '193736180',
  'version' => '',
  'orderid' => '245150319031',
  'order_time' => '20150319054152',
  'lang' => 'en',
  'currency' => 'USD',
  'vat' => '4.00',
  'discount' => '0.00',
  'shippingfee' => '25.00',
  'productname[0]' => 'NHL Jersey NHL Jersey New York Rangers 11 Messier red Pullover Hoodie  Men Stitched Charcoal Cross Check Fashion Jersey
 Size:XL(52)',
  'productno[0]' => 'NHL2015019775',
  'price[0]' => '36.57',
  'qty[0]' => 1,
  'checkcode' => 'eb0e586f8ccf667012dfab796dd1ff5f',
  'backurl' => 'http://www.outlet-jersey.com/index.php?main_page=checkout_process',
  'notifyreurl' => 'http://www.outlet-jersey.com/mallpay_check.php',
  's_firstname' => 'mike',
  's_lastname' => 'doerr',
  's_address' => '25 stephenville Boulevard ',
  's_city' => 'red bank',
  's_state' => 'NJ',
  's_postcode' => '07701',
  's_country' => 'US',
  'email' => 'thormd1980@yahoo.com',
  's_tel' => '9089025859',
  'b_firstname' => 'mike',
  'b_lastname' => 'doerr',
  'b_address' => '25 stephenville Boulevard ',
  'b_city' => 'red bank',
  'b_state' => 'NJ',
  'b_postcode' => '07701',
  'b_country' => 'US',
  'b_tel' => '9089025859',
) 
06:12:02 array (
  'siteno' => '193736180',
  'version' => '',
  'orderid' => '245150319033',
  'order_time' => '20150319061202',
  'lang' => 'en',
  'currency' => 'USD',
  'vat' => '4.00',
  'discount' => '0.00',
  'shippingfee' => '25.00',
  'productname[0]' => 'Men\'s patrick kane authentic green jersey reebok 88 NHL chicago blackhawks
 Size:50 (L)',
  'productno[0]' => 'NHL13632',
  'price[0]' => '38.99',
  'qty[0]' => 1,
  'checkcode' => '02f996ddff20b135e9b7a2615191fe7c',
  'backurl' => 'http://www.outlet-jersey.com/index.php?main_page=checkout_process',
  'notifyreurl' => 'http://www.outlet-jersey.com/mallpay_check.php',
  's_firstname' => 'Desiree',
  's_lastname' => 'Canales',
  's_address' => '3644 Blanchan ',
  's_city' => 'Brookfield',
  's_state' => 'IL',
  's_postcode' => '60513',
  's_country' => 'US',
  'email' => 'chicagowhitesoxfan35@gmail.com',
  's_tel' => '708-990-3842',
  'b_firstname' => 'Desiree',
  'b_lastname' => 'Canales',
  'b_address' => '3644 Blanchan ',
  'b_city' => 'Brookfield',
  'b_state' => 'IL',
  'b_postcode' => '60513',
  'b_country' => 'US',
  'b_tel' => '708-990-3842',
) 
07:07:59 array (
  'siteno' => '193736180',
  'version' => '',
  'orderid' => '245150319040',
  'order_time' => '20150319070759',
  'lang' => 'en',
  'currency' => 'USD',
  'vat' => '8.00',
  'discount' => '0.00',
  'shippingfee' => '20.00',
  'productname[0]' => 'Men\'s New York Rangers #27 Ryan McDonagh White Stitched NHL Hockey Jersey
 Size:52 (XL)',
  'productno[0]' => 'NHL13630',
  'price[0]' => '38.99',
  'qty[0]' => 1,
  'productname[1]' => 'New York Rangers #36 Mats Zuccarello White 2014 Stadium Series NHL Jersey
 Size:XL(52)',
  'productno[1]' => 'NHL12413',
  'price[1]' => '33.00',
  'qty[1]' => 1,
  'checkcode' => '9d4ed36ae8d84f9269a78ffae85cfd5c',
  'backurl' => 'http://www.outlet-jersey.com/index.php?main_page=checkout_process',
  'notifyreurl' => 'http://www.outlet-jersey.com/mallpay_check.php',
  's_firstname' => 'Stephen',
  's_lastname' => 'Oreszczyn',
  's_address' => '2378 Lake ave ',
  's_city' => 'allison park',
  's_state' => 'PA',
  's_postcode' => '15101',
  's_country' => 'US',
  'email' => 'paroxysm5963@gmail.com',
  's_tel' => '7245060062',
  'b_firstname' => 'Stephen',
  'b_lastname' => 'Oreszczyn',
  'b_address' => '2378 Lake ave ',
  'b_city' => 'allison park',
  'b_state' => 'PA',
  'b_postcode' => '15101',
  'b_country' => 'US',
  'b_tel' => '7245060062',
) 
09:41:17 array (
  'siteno' => '193736180',
  'version' => '',
  'orderid' => '245150319048',
  'order_time' => '20150319094117',
  'lang' => 'en',
  'currency' => 'USD',
  'vat' => '8.00',
  'discount' => '0.00',
  'shippingfee' => '20.00',
  'productname[0]' => 'Blackhawks #19 Janathan Toews Red Women\'s Home Stitched NHL Jersey
 Size:Small/46',
  'productno[0]' => 'WOMEN6703',
  'price[0]' => '31.00',
  'qty[0]' => 1,
  'productname[1]' => 'NHL Jersey Chicago Blackhawks 7 chelios 75  Men Stitched with Purple Num Stitched NHL Jersey
 Size:L(50)',
  'productno[1]' => 'NHL2015019598',
  'price[1]' => '36.52',
  'qty[1]' => 1,
  'checkcode' => 'df3cea97463ef146a035811c1e649334',
  'backurl' => 'http://www.outlet-jersey.com/index.php?main_page=checkout_process',
  'notifyreurl' => 'http://www.outlet-jersey.com/mallpay_check.php',
  's_firstname' => 'Sean',
  's_lastname' => 'Gaffey',
  's_address' => '1108 Teegan Street ',
  's_city' => 'NORMAL',
  's_state' => 'IL',
  's_postcode' => '61761',
  's_country' => 'US',
  'email' => 'custg@hotmail.com',
  's_tel' => '630-461-9504',
  'b_firstname' => 'Sean',
  'b_lastname' => 'Gaffey',
  'b_address' => '1108 Teegan Street ',
  'b_city' => 'NORMAL',
  'b_state' => 'IL',
  'b_postcode' => '61761',
  'b_country' => 'US',
  'b_tel' => '630-461-9504',
) 
10:55:47 array (
  'siteno' => '193736180',
  'version' => '',
  'orderid' => '245150319057',
  'order_time' => '20150319105547',
  'lang' => 'en',
  'currency' => 'USD',
  'vat' => '8.00',
  'discount' => '0.00',
  'shippingfee' => '20.00',
  'productname[0]' => 'NHL Jersey Chicago Blackhawks 88 kane white kid  Men Stitched 2015 Winter Classic Stitched NHL Jersey
 Size:L(50)',
  'productno[0]' => 'NHL2015019628',
  'price[0]' => '36.80',
  'qty[0]' => 1,
  'productname[1]' => 'NHL Jersey Chicago Blackhawks 10 Sharp RED  Men Stitched 2015 Winter Classic Stitched NHL Jersey
 Size:L(50)',
  'productno[1]' => 'NHL2015019512',
  'price[1]' => '36.50',
  'qty[1]' => 1,
  'checkcode' => '58ff7cef1cf8dcd284dc1789a22911c8',
  'backurl' => 'http://www.outlet-jersey.com/index.php?main_page=checkout_process',
  'notifyreurl' => 'http://www.outlet-jersey.com/mallpay_check.php',
  's_firstname' => 'Gordon',
  's_lastname' => 'Robertson',
  's_address' => '2622 Village Court ',
  's_city' => 'Katy',
  's_state' => 'TX',
  's_postcode' => '77493',
  's_country' => 'US',
  'email' => 'robertsong@consolidated.net',
  's_tel' => '2813912512',
  'b_firstname' => 'Gordon',
  'b_lastname' => 'Robertson',
  'b_address' => '2622 Village Court ',
  'b_city' => 'Katy',
  'b_state' => 'TX',
  'b_postcode' => '77493',
  'b_country' => 'US',
  'b_tel' => '2813912512',
) 
12:04:22 array (
  'siteno' => '193736180',
  'version' => '',
  'orderid' => '245150319065',
  'order_time' => '20150319120422',
  'lang' => 'en',
  'currency' => 'USD',
  'vat' => '4.00',
  'discount' => '0.00',
  'shippingfee' => '25.00',
  'productname[0]' => 'Blue Jackets St Patty\'s Day #61 Rick Nash Green Stitched NHL Jersey
 Size:XL(52)',
  'productno[0]' => 'NHL11741',
  'price[0]' => '33.00',
  'qty[0]' => 1,
  'checkcode' => '01638eb5b80bed363bce8955fcfc26ec',
  'backurl' => 'http://www.outlet-jersey.com/index.php?main_page=checkout_process',
  'notifyreurl' => 'http://www.outlet-jersey.com/mallpay_check.php',
  's_firstname' => 'Thomas',
  's_lastname' => 'weaver',
  's_address' => '5533 Jordan court ',
  's_city' => 'johnston',
  's_state' => 'IA',
  's_postcode' => '50313',
  's_country' => 'US',
  'email' => 'Tommy.weaves@me.com',
  's_tel' => '515 240 7422',
  'b_firstname' => 'Thomas',
  'b_lastname' => 'weaver',
  'b_address' => '5533 Jordan court ',
  'b_city' => 'johnston',
  'b_state' => 'IA',
  'b_postcode' => '50313',
  'b_country' => 'US',
  'b_tel' => '515 240 7422',
) 
12:21:43 array (
  'siteno' => '193736180',
  'version' => '',
  'orderid' => '245150319067',
  'order_time' => '20150319122143',
  'lang' => 'en',
  'currency' => 'USD',
  'vat' => '12.00',
  'discount' => '0.00',
  'shippingfee' => '20.00',
  'productname[0]' => 'NHL Jersey Chicago Blackhawks 7 chelios 75  Men Stitched with Purple Num Stitched NHL Jersey
 Size:XL(52)',
  'productno[0]' => 'NHL2015019598',
  'price[0]' => '36.52',
  'qty[0]' => 1,
  'productname[1]' => 'NHL Jersey Chicago Blackhawks 3 Magnuson Red  Men Stitched 2015 Winter Classic Stitched NHL Jersey
 Size:L(50)',
  'productno[1]' => 'NHL2015019576',
  'price[1]' => '36.80',
  'qty[1]' => 1,
  'productname[2]' => 'NHL Jersey Chicago Blackhawks 012  Men Stitched Fights Cancer Stitched Hockey Jersey
 Size:XL(52)',
  'productno[2]' => 'NHL2015019489',
  'price[2]' => '36.57',
  'qty[2]' => 1,
  'checkcode' => '44247fb3f822d590c33d523b0af43c0f',
  'backurl' => 'http://www.outlet-jersey.com/index.php?main_page=checkout_process',
  'notifyreurl' => 'http://www.outlet-jersey.com/mallpay_check.php',
  's_firstname' => 'Gianni',
  's_lastname' => 'Valsecchi',
  's_address' => '7141 S. 86th Ave. ',
  's_city' => 'justice',
  's_state' => 'IL',
  's_postcode' => '60458',
  's_country' => 'US',
  'email' => 'valsecchi.giannic@gmail.com',
  's_tel' => '708-269-6498',
  'b_firstname' => 'Gianni',
  'b_lastname' => 'Valsecchi',
  'b_address' => '7141 S. 86th Ave. ',
  'b_city' => 'justice',
  'b_state' => 'IL',
  'b_postcode' => '60458',
  'b_country' => 'US',
  'b_tel' => '708-269-6498',
) 
12:48:19 array (
  'siteno' => '193736180',
  'version' => '',
  'orderid' => '245150319071',
  'order_time' => '20150319124819',
  'lang' => 'en',
  'currency' => 'USD',
  'vat' => '8.00',
  'discount' => '0.00',
  'shippingfee' => '20.00',
  'productname[0]' => 'Red Wings #13 Pavel Datsyuk Red 2014 Winter Classic Stitched NHL Jersey
 Size:M(48)',
  'productno[0]' => 'NHL11802',
  'price[0]' => '33.00',
  'qty[0]' => 1,
  'productname[1]' => 'NHL Jersey USA 6  Men Stitched 2015 Winter Classic Stitched NHL Jersey
 Size:M(48)',
  'productno[1]' => 'NHL2015020048',
  'price[1]' => '36.57',
  'qty[1]' => 1,
  'checkcode' => 'c5935bb58e424f9d2655ddbade1b080c',
  'backurl' => 'http://www.outlet-jersey.com/index.php?main_page=checkout_process',
  'notifyreurl' => 'http://www.outlet-jersey.com/mallpay_check.php',
  's_firstname' => 'Andrew',
  's_lastname' => 'Mancini',
  's_address' => '4057 Homestead dr ',
  's_city' => 'Howell',
  's_state' => 'MI',
  's_postcode' => '48843',
  's_country' => 'US',
  'email' => 'awmancin@svsu.edu',
  's_tel' => '7346260856',
  'b_firstname' => 'Andrew',
  'b_lastname' => 'Mancini',
  'b_address' => '4057 Homestead dr ',
  'b_city' => 'Howell',
  'b_state' => 'MI',
  'b_postcode' => '48843',
  'b_country' => 'US',
  'b_tel' => '7346260856',
) 
13:16:58 array (
  'siteno' => '193736180',
  'version' => '',
  'orderid' => '245150319073',
  'order_time' => '20150319131658',
  'lang' => 'en',
  'currency' => 'USD',
  'vat' => '4.00',
  'discount' => '0.00',
  'shippingfee' => '25.00',
  'productname[0]' => 'San Jose Sharks #8 Joe Pavelski Stitched Blue NHL Jersey
 Size:L(50)',
  'productno[0]' => 'NHL13137',
  'price[0]' => '33.00',
  'qty[0]' => 1,
  'checkcode' => '68555d6888ced978b6c7dce72ec3ad83',
  'backurl' => 'http://www.outlet-jersey.com/index.php?main_page=checkout_process',
  'notifyreurl' => 'http://www.outlet-jersey.com/mallpay_check.php',
  's_firstname' => 'Corey',
  's_lastname' => 'stevenson',
  's_address' => '288 hanoverian dr ',
  's_city' => 'hemet',
  's_state' => 'CA',
  's_postcode' => '92545',
  's_country' => 'US',
  'email' => 'Corey8snow@gmail.com',
  's_tel' => '9515755963',
  'b_firstname' => 'Corey',
  'b_lastname' => 'stevenson',
  'b_address' => '288 hanoverian dr ',
  'b_city' => 'hemet',
  'b_state' => 'CA',
  'b_postcode' => '92545',
  'b_country' => 'US',
  'b_tel' => '9515755963',
) 
15:16:32 array (
  'siteno' => '193736180',
  'version' => '',
  'orderid' => '245150319077',
  'order_time' => '20150319151632',
  'lang' => 'en',
  'currency' => 'USD',
  'vat' => '4.00',
  'discount' => '0.00',
  'shippingfee' => '25.00',
  'productname[0]' => 'Anaheim Ducks #8 Teemu Selanne Black Third Stitched NHL Jersey
 Size:M(48)',
  'productno[0]' => 'NHL10885',
  'price[0]' => '33.00',
  'qty[0]' => 1,
  'checkcode' => '00dae63ed141290e33496c3a40d59943',
  'backurl' => 'http://www.outlet-jersey.com/index.php?main_page=checkout_process',
  'notifyreurl' => 'http://www.outlet-jersey.com/mallpay_check.php',
  's_firstname' => 'jamie',
  's_lastname' => 'babiczuk',
  's_address' => '27632 Nopales ',
  's_city' => 'mission Viejo',
  's_state' => 'CA',
  's_postcode' => '92692',
  's_country' => 'US',
  'email' => 'jamielynneb@yahoo.com',
  's_tel' => '9495470804',
  'b_firstname' => 'jamie',
  'b_lastname' => 'babiczuk',
  'b_address' => '27632 Nopales ',
  'b_city' => 'mission Viejo',
  'b_state' => 'CA',
  'b_postcode' => '92692',
  'b_country' => 'US',
  'b_tel' => '9495470804',
) 
20:07:41 array (
  'siteno' => '193736180',
  'version' => '',
  'orderid' => '245150319084',
  'order_time' => '20150319200741',
  'lang' => 'en',
  'currency' => 'USD',
  'vat' => '4.00',
  'discount' => '0.00',
  'shippingfee' => '25.00',
  'productname[0]' => 'Chicago Blackhawks #4 Nikals Hjalmarsson Red NHL Jersey
 Size:M(48)',
  'productno[0]' => 'NHL11584',
  'price[0]' => '33.00',
  'qty[0]' => 1,
  'checkcode' => '5cd82931794d605bbc4d0b4f1fb83cb4',
  'backurl' => 'http://www.outlet-jersey.com/index.php?main_page=checkout_process',
  'notifyreurl' => 'http://www.outlet-jersey.com/mallpay_check.php',
  's_firstname' => 'Nicole',
  's_lastname' => 'Bettin',
  's_address' => '30w006 Laurel Ct ',
  's_city' => 'Warrenville',
  's_state' => 'IL',
  's_postcode' => '60555',
  's_country' => 'US',
  'email' => 'nmbettin@gmail.com',
  's_tel' => '6307210506',
  'b_firstname' => 'Nicole',
  'b_lastname' => 'Bettin',
  'b_address' => '30w006 Laurel Ct ',
  'b_city' => 'Warrenville',
  'b_state' => 'IL',
  'b_postcode' => '60555',
  'b_country' => 'US',
  'b_tel' => '6307210506',
) 
22:01:51 array (
  'siteno' => '193736180',
  'version' => '',
  'orderid' => '245150319091',
  'order_time' => '20150319220151',
  'lang' => 'en',
  'currency' => 'USD',
  'vat' => '20.00',
  'discount' => '0.00',
  'shippingfee' => '15.00',
  'productname[0]' => '2014 New Nike Houston Texans 99 Watt Drift Fashion Blue Elite Jerseys
 Size:40',
  'productno[0]' => 'NFL20857',
  'price[0]' => '22.50',
  'qty[0]' => 1,
  'productname[1]' => '2013 NEW NFL Green Bay Packers #12 Aaron Rodgers Green Team Color Drift Fashion Elite Jersey
 Size:44/L',
  'productno[1]' => 'NFL20463',
  'price[1]' => '22.50',
  'qty[1]' => 1,
  'productname[2]' => 'Badgers #99 J.J. Watt Red Rose Bowl Game Stitched NCAA Jersey
 Size:Medium/48',
  'productno[2]' => 'NCAA11252',
  'price[2]' => '20.00',
  'qty[2]' => 1,
  'productname[3]' => 'Nike Packers #12 Aaron Rodgers Camo Youth Stitched NFL Realtree Elite Jersey
 Size:XL(18-20)',
  'productno[3]' => 'YOUTH2020',
  'price[3]' => '21.00',
  'qty[3]' => 1,
  'productname[4]' => 'Nike Packers #87 Jordy Nelson Lights Out Black Men\'s Stitched NFL Elite Jersey
 Size:44/L',
  'productno[4]' => 'NFL20798',
  'price[4]' => '22.50',
  'qty[4]' => 1,
  'checkcode' => '39ad612288f48122431533f9e36d88c4',
  'backurl' => 'http://www.outlet-jersey.com/index.php?main_page=checkout_process',
  'notifyreurl' => 'http://www.outlet-jersey.com/mallpay_check.php',
  's_firstname' => 'Natalie',
  's_lastname' => 'Marx',
  's_address' => '502 Henry Street ',
  's_city' => 'Mazomanie',
  's_state' => 'WI',
  's_postcode' => '53560',
  's_country' => 'US',
  'email' => 'nattie.marx7@gmail.com',
  's_tel' => '6085756771',
  'b_firstname' => 'Natalie',
  'b_lastname' => 'Marx',
  'b_address' => '502 Henry Street ',
  'b_city' => 'Mazomanie',
  'b_state' => 'WI',
  'b_postcode' => '53560',
  'b_country' => 'US',
  'b_tel' => '6085756771',
) 
