01:26:58 array (
  'siteno' => '193736180',
  'version' => '',
  'orderid' => '245150330005',
  'order_time' => '20150330012658',
  'lang' => 'en',
  'currency' => 'USD',
  'vat' => '4.00',
  'discount' => '0.00',
  'shippingfee' => '25.00',
  'productname[0]' => 'NHL Jersey San Jose Shark 3  Men Stitched Fights Cancer Stitched Hockey Jersey
 Size:L(50)',
  'productno[0]' => 'NHL2015019941',
  'price[0]' => '36.50',
  'qty[0]' => 1,
  'checkcode' => '2a673381ab4a2763bcf2efc3068d1e70',
  'backurl' => 'http://www.outlet-jersey.com/index.php?main_page=checkout_process',
  'notifyreurl' => 'http://www.outlet-jersey.com/mallpay_check.php',
  's_firstname' => 'Travis',
  's_lastname' => 'Bishop',
  's_address' => '306 1/2 C St. ',
  's_city' => 'Roseville',
  's_state' => 'CA',
  's_postcode' => '95678',
  's_country' => 'US',
  'email' => 'tab3915@hotmail.com',
  's_tel' => '9164941772',
  'b_firstname' => 'Travis',
  'b_lastname' => 'Bishop',
  'b_address' => '306 1/2 C St. ',
  'b_city' => 'Roseville',
  'b_state' => 'CA',
  'b_postcode' => '95678',
  'b_country' => 'US',
  'b_tel' => '9164941772',
) 
01:47:19 array (
  'siteno' => '193736180',
  'version' => '',
  'orderid' => '245150330007',
  'order_time' => '20150330014719',
  'lang' => 'en',
  'currency' => 'USD',
  'vat' => '8.00',
  'discount' => '0.00',
  'shippingfee' => '20.00',
  'productname[0]' => 'Blackhawks #50 Corey Crawford Green Sawyer Hooded Sweatshirt Stitched
 Size:XL(52)',
  'productno[0]' => 'NHL11384',
  'price[0]' => '36.00',
  'qty[0]' => 1,
  'productname[1]' => 'Chicago Blackhawks #88 Patrick Kane Red-Black Split White Skull Stitched NHL Jersey
 Size:L(50)',
  'productno[1]' => 'NHL11634',
  'price[1]' => '33.00',
  'qty[1]' => 1,
  'checkcode' => 'a81f45554bfe56d5d4301fb000bcc5c0',
  'backurl' => 'http://www.outlet-jersey.com/index.php?main_page=checkout_process',
  'notifyreurl' => 'http://www.outlet-jersey.com/mallpay_check.php',
  's_firstname' => 'Michael',
  's_lastname' => 'waite',
  's_address' => '643 Monroe st ',
  's_city' => 'Aurora',
  's_state' => 'IL',
  's_postcode' => '60505',
  's_country' => 'US',
  'email' => 'waite4waite@gmail.com',
  's_tel' => '6308491254',
  'b_firstname' => 'Michael',
  'b_lastname' => 'waite',
  'b_address' => '643 Monroe st ',
  'b_city' => 'Aurora',
  'b_state' => 'IL',
  'b_postcode' => '60505',
  'b_country' => 'US',
  'b_tel' => '6308491254',
) 
07:22:32 array (
  'siteno' => '193736180',
  'version' => '',
  'orderid' => '245150330020',
  'order_time' => '20150330072232',
  'lang' => 'en',
  'currency' => 'USD',
  'vat' => '4.00',
  'discount' => '0.00',
  'shippingfee' => '25.00',
  'productname[0]' => 'Anaheim Ducks  #10 Corey Perry Orange Stitched NHL Jersey
 Size:L(50)',
  'productno[0]' => 'NHL10872',
  'price[0]' => '33.00',
  'qty[0]' => 1,
  'checkcode' => '5356e2da4293260cd11ad22276914a73',
  'backurl' => 'http://www.outlet-jersey.com/index.php?main_page=checkout_process',
  'notifyreurl' => 'http://www.outlet-jersey.com/mallpay_check.php',
  's_firstname' => 'Jesse',
  's_lastname' => 'vega',
  's_address' => '14952 lashburn st ',
  's_city' => 'whittier',
  's_state' => 'CA',
  's_postcode' => '90604',
  's_country' => 'US',
  'email' => 'Jav41424@csu.fullerton.edu',
  's_tel' => '5625006919',
  'b_firstname' => 'Jesse',
  'b_lastname' => 'vega',
  'b_address' => '14952 lashburn st ',
  'b_city' => 'whittier',
  'b_state' => 'CA',
  'b_postcode' => '90604',
  'b_country' => 'US',
  'b_tel' => '5625006919',
) 
22:52:52 array (
  'siteno' => '193736180',
  'version' => '',
  'orderid' => '245150330036',
  'order_time' => '20150330225252',
  'lang' => 'en',
  'currency' => 'USD',
  'vat' => '4.00',
  'discount' => '0.00',
  'shippingfee' => '25.00',
  'productname[0]' => 'Red Wings #13 Pavel Datsyuk Red 2014 Winter Classic Stitched NHL Jersey
 Size:M(48)',
  'productno[0]' => 'NHL11802',
  'price[0]' => '33.00',
  'qty[0]' => 1,
  'checkcode' => '551b6bba35e6dad30cb755989dd5c319',
  'backurl' => 'http://www.outlet-jersey.com/index.php?main_page=checkout_process',
  'notifyreurl' => 'http://www.outlet-jersey.com/mallpay_check.php',
  's_firstname' => 'Amber',
  's_lastname' => 'Quinn',
  's_address' => '7560 Dracena st ',
  's_city' => 'Punta Gorda',
  's_state' => 'FL',
  's_postcode' => '33955',
  's_country' => 'US',
  'email' => 'quinn.amber@yahoo.com',
  's_tel' => '941-204-3518',
  'b_firstname' => 'Amber',
  'b_lastname' => 'Quinn',
  'b_address' => '7560 Dracena st ',
  'b_city' => 'Punta Gorda',
  'b_state' => 'FL',
  'b_postcode' => '33955',
  'b_country' => 'US',
  'b_tel' => '941-204-3518',
) 
23:54:56 array (
  'siteno' => '193736180',
  'version' => '',
  'orderid' => '245150330040',
  'order_time' => '20150330235456',
  'lang' => 'en',
  'currency' => 'USD',
  'vat' => '4.00',
  'discount' => '0.00',
  'shippingfee' => '25.00',
  'productname[0]' => 'Dallas Stars #90 Jason Spezza Green Home NHL Jersey
 Size:M(48)',
  'productno[0]' => 'NHL11754',
  'price[0]' => '33.00',
  'qty[0]' => 1,
  'checkcode' => '93663a4317a3f86808bcbfd94b8ae089',
  'backurl' => 'http://www.outlet-jersey.com/index.php?main_page=checkout_process',
  'notifyreurl' => 'http://www.outlet-jersey.com/mallpay_check.php',
  's_firstname' => 'Grant',
  's_lastname' => 'Joyner',
  's_address' => '5006 Baton Rouge blvd ',
  's_city' => 'Frisco',
  's_state' => 'TX',
  's_postcode' => '75035',
  's_country' => 'US',
  'email' => 'Gjoyner5@gmail.com',
  's_tel' => '2142502195',
  'b_firstname' => 'Grant',
  'b_lastname' => 'Joyner',
  'b_address' => '5006 Baton Rouge blvd ',
  'b_city' => 'Frisco',
  'b_state' => 'TX',
  'b_postcode' => '75035',
  'b_country' => 'US',
  'b_tel' => '2142502195',
) 
