00:41:52 array (
  'siteno' => '193736180',
  'version' => '',
  'orderid' => '245150203004',
  'order_time' => '20150203004152',
  'lang' => 'en',
  'currency' => 'USD',
  'vat' => '8.00',
  'discount' => '0.00',
  'shippingfee' => '20.00',
  'productname[0]' => 'Mitchell & Ness Steelers #75 Joe Greene Black Stitched Throwback NFL Jersey
 Size:Large/50',
  'productno[0]' => 'NFL26967',
  'price[0]' => '19.00',
  'qty[0]' => 1,
  'productname[1]' => 'Mitchell And Ness Steelers #86 Hines Ward Black Stitched NFL Jersey
 Size:Large/50',
  'productno[1]' => 'NFL26990',
  'price[1]' => '19.00',
  'qty[1]' => 1,
  'checkcode' => 'ad833e4713b40291cbe511ddb5987c52',
  'backurl' => 'http://www.outlet-jersey.com/index.php?main_page=checkout_process',
  'notifyreurl' => 'http://www.outlet-jersey.com/mallpay_check.php',
  's_firstname' => 'Patrick',
  's_lastname' => 'McMackin',
  's_address' => '214 Hilltop DR ',
  's_city' => 'Kersey',
  's_state' => 'PA',
  's_postcode' => '15846',
  's_country' => 'US',
  'email' => 'mcmackin214@gmail.com',
  's_tel' => '8145944314',
  'b_firstname' => 'Patrick',
  'b_lastname' => 'McMackin',
  'b_address' => '214 Hilltop DR ',
  'b_city' => 'Kersey',
  'b_state' => 'PA',
  'b_postcode' => '15846',
  'b_country' => 'US',
  'b_tel' => '8145944314',
) 
00:59:02 array (
  'siteno' => '193736180',
  'version' => '',
  'orderid' => '245150203005',
  'order_time' => '20150203005902',
  'lang' => 'en',
  'currency' => 'USD',
  'vat' => '12.00',
  'discount' => '0.00',
  'shippingfee' => '20.00',
  'productname[0]' => 'Nike Seattle Seahawks 12# Fan Drift Fashion Blue Men\'s NFL Elite Jerseys
 Size:40 (M)',
  'productno[0]' => 'JE1731371',
  'price[0]' => '35.76',
  'qty[0]' => 1,
  'productname[1]' => 'Nike Seattle Seahawks 24# Lynch Drift Fashion Blue Men\'s NFL Elite Jerseys
 Size:40 (M)',
  'productno[1]' => 'JE1731373',
  'price[1]' => '35.81',
  'qty[1]' => 1,
  'productname[2]' => '2012 NEW NFL Seattle Seahawks #3 Russell Wilson Grey Jerseys(Signed Elite)
 Size:40',
  'productno[2]' => 'NFL28144',
  'price[2]' => '22.50',
  'qty[2]' => 1,
  'checkcode' => '636375b2e19911a8bc0ef9e08274c67e',
  'backurl' => 'http://www.outlet-jersey.com/index.php?main_page=checkout_process',
  'notifyreurl' => 'http://www.outlet-jersey.com/mallpay_check.php',
  's_firstname' => 'April',
  's_lastname' => 'Gihring',
  's_address' => '28105 232nd pl se ',
  's_city' => 'maple valley',
  's_state' => 'WA',
  's_postcode' => '98038',
  's_country' => 'US',
  'email' => 'Aprilgihring@gmail.com',
  's_tel' => '206-714-4495',
  'b_firstname' => 'April',
  'b_lastname' => 'Gihring',
  'b_address' => '28105 232nd pl se ',
  'b_city' => 'maple valley',
  'b_state' => 'WA',
  'b_postcode' => '98038',
  'b_country' => 'US',
  'b_tel' => '206-714-4495',
) 
04:54:52 array (
  'siteno' => '193736180',
  'version' => '',
  'orderid' => '245150203021',
  'order_time' => '20150203045452',
  'lang' => 'en',
  'currency' => 'USD',
  'vat' => '20.00',
  'discount' => '0.00',
  'shippingfee' => '15.00',
  'productname[0]' => 'Nike NFL Seattle Seahawks 12 Fan Black Jerseys(Impact Limited)
 Size:XXL',
  'productno[0]' => 'NFL28303',
  'price[0]' => '22.50',
  'qty[0]' => 1,
  'productname[1]' => 'Nike NFL Seattle Seahawks 12 Fan Black Jerseys(Impact Limited)
 Size:XXXL',
  'productno[1]' => 'NFL28303',
  'price[1]' => '22.50',
  'qty[1]' => 1,
  'productname[2]' => 'NEW Seattle Seahawks 24 Marshawn Lynch Black Impact Lmited NFL Jerseys
 Size:54 (XXL)',
  'productno[2]' => 'NFL28297',
  'price[2]' => '21.50',
  'qty[2]' => 1,
  'productname[3]' => 'Nike Seahawks #12 Fan Steel Blue Men\'s Stitched NFL Game Jersey
 Size:54 (XXL)',
  'productno[3]' => 'NFL28321',
  'price[3]' => '21.50',
  'qty[3]' => 1,
  'productname[4]' => 'Nike Seahawks #25 Richard Sherman Steel Blue Team Color Men\'s Stitched NFL Game Jersey
 Size:54 (XXL)',
  'productno[4]' => 'NFL28378',
  'price[4]' => '21.50',
  'qty[4]' => 1,
  'checkcode' => '98b754c1f2f1c8e63715b56337f9331b',
  'backurl' => 'http://www.outlet-jersey.com/index.php?main_page=checkout_process',
  'notifyreurl' => 'http://www.outlet-jersey.com/mallpay_check.php',
  's_firstname' => 'Jennifer',
  's_lastname' => 'Kelton',
  's_address' => '58056 N.E. 4th Street ',
  's_city' => 'Electric City',
  's_state' => 'WA',
  's_postcode' => '99123',
  's_country' => 'US',
  'email' => 'jbraybrook@yahoo.com',
  's_tel' => '5096412269',
  'b_firstname' => 'Jennifer',
  'b_lastname' => 'Kelton',
  'b_address' => '58056 N.E. 4th Street ',
  'b_city' => 'Electric City',
  'b_state' => 'WA',
  'b_postcode' => '99123',
  'b_country' => 'US',
  'b_tel' => '5096412269',
) 
11:14:23 array (
  'siteno' => '193736180',
  'version' => '',
  'orderid' => '245150203044',
  'order_time' => '20150203111423',
  'lang' => 'en',
  'currency' => 'USD',
  'vat' => '28.00',
  'discount' => '0.00',
  'shippingfee' => '15.00',
  'productname[0]' => 'Nike Packers #52 Clay Matthews Camo Men\'s Stitched NFL Realtree Elite Jersey
 Size:44/L',
  'productno[0]' => 'NFL20727',
  'price[0]' => '22.50',
  'qty[0]' => 1,
  'productname[1]' => 'Nike Packers #87 Jordy Nelson Black Men\'s Stitched NFL Impact Limited Jersey
 Size:L',
  'productno[1]' => 'NFL20790',
  'price[1]' => '22.00',
  'qty[1]' => 1,
  'productname[2]' => '2013 New Seattle Seahawks 3 Russell Wilson Drift Fashion Blue Elite Jerseys
 Size:40',
  'productno[2]' => 'NFL28183',
  'price[2]' => '22.50',
  'qty[2]' => 1,
  'productname[3]' => '2013 New Seattle Seahawks 3 Russell Wilson Drift Fashion Blue Elite Jerseys
 Size:44',
  'productno[3]' => 'NFL28183',
  'price[3]' => '22.50',
  'qty[3]' => 1,
  'productname[4]' => '2014 NFL Draft Green Bay Packers #84 Jared Abbrederi White NFL Elite Jersey
 Size:40',
  'productno[4]' => 'NFL20488',
  'price[4]' => '22.50',
  'qty[4]' => 1,
  'productname[5]' => '2013 NEW NFL Green Bay Packers #27 Eddie Lacy Green Team Color Drift Fashion Elite Jersey
 Size:44/L',
  'productno[5]' => 'NFL20465',
  'price[5]' => '22.50',
  'qty[5]' => 1,
  'productname[6]' => 'Green Bay Packers #12 Aaron Rodgers Nike Black Salute To Service Jersey
 Size:L',
  'productno[6]' => 'NFL20492',
  'price[6]' => '22.50',
  'qty[6]' => 1,
  'checkcode' => '7560c07cb1692c8c59d8d24639998b60',
  'backurl' => 'http://www.outlet-jersey.com/index.php?main_page=checkout_process',
  'notifyreurl' => 'http://www.outlet-jersey.com/mallpay_check.php',
  's_firstname' => 'Natalie',
  's_lastname' => 'Marx',
  's_address' => '502 Henry Street ',
  's_city' => 'Mazomanie',
  's_state' => 'WI',
  's_postcode' => '53560',
  's_country' => 'US',
  'email' => 'nattie.marx7@gmail.com',
  's_tel' => '6085756771',
  'b_firstname' => 'Natalie',
  'b_lastname' => 'Marx',
  'b_address' => '502 Henry Street ',
  'b_city' => 'Mazomanie',
  'b_state' => 'WI',
  'b_postcode' => '53560',
  'b_country' => 'US',
  'b_tel' => '6085756771',
) 
11:15:25 array (
  'siteno' => '193736180',
  'version' => '',
  'orderid' => '245150203045',
  'order_time' => '20150203111525',
  'lang' => 'en',
  'currency' => 'USD',
  'vat' => '28.00',
  'discount' => '0.00',
  'shippingfee' => '15.00',
  'productname[0]' => 'Nike Packers #52 Clay Matthews Camo Men\'s Stitched NFL Realtree Elite Jersey
 Size:44/L',
  'productno[0]' => 'NFL20727',
  'price[0]' => '22.50',
  'qty[0]' => 1,
  'productname[1]' => 'Nike Packers #87 Jordy Nelson Black Men\'s Stitched NFL Impact Limited Jersey
 Size:L',
  'productno[1]' => 'NFL20790',
  'price[1]' => '22.00',
  'qty[1]' => 1,
  'productname[2]' => '2013 New Seattle Seahawks 3 Russell Wilson Drift Fashion Blue Elite Jerseys
 Size:40',
  'productno[2]' => 'NFL28183',
  'price[2]' => '22.50',
  'qty[2]' => 1,
  'productname[3]' => '2013 New Seattle Seahawks 3 Russell Wilson Drift Fashion Blue Elite Jerseys
 Size:44',
  'productno[3]' => 'NFL28183',
  'price[3]' => '22.50',
  'qty[3]' => 1,
  'productname[4]' => '2014 NFL Draft Green Bay Packers #84 Jared Abbrederi White NFL Elite Jersey
 Size:40',
  'productno[4]' => 'NFL20488',
  'price[4]' => '22.50',
  'qty[4]' => 1,
  'productname[5]' => '2013 NEW NFL Green Bay Packers #27 Eddie Lacy Green Team Color Drift Fashion Elite Jersey
 Size:44/L',
  'productno[5]' => 'NFL20465',
  'price[5]' => '22.50',
  'qty[5]' => 1,
  'productname[6]' => 'Green Bay Packers #12 Aaron Rodgers Nike Black Salute To Service Jersey
 Size:L',
  'productno[6]' => 'NFL20492',
  'price[6]' => '22.50',
  'qty[6]' => 1,
  'checkcode' => 'a2b7fc3a9bada6b078bd19edf1d456c2',
  'backurl' => 'http://www.outlet-jersey.com/index.php?main_page=checkout_process',
  'notifyreurl' => 'http://www.outlet-jersey.com/mallpay_check.php',
  's_firstname' => 'Natalie',
  's_lastname' => 'Marx',
  's_address' => '502 Henry Street ',
  's_city' => 'Mazomanie',
  's_state' => 'WI',
  's_postcode' => '53560',
  's_country' => 'US',
  'email' => 'nattie.marx7@gmail.com',
  's_tel' => '6085756771',
  'b_firstname' => 'Natalie',
  'b_lastname' => 'Marx',
  'b_address' => '502 Henry Street ',
  'b_city' => 'Mazomanie',
  'b_state' => 'WI',
  'b_postcode' => '53560',
  'b_country' => 'US',
  'b_tel' => '6085756771',
) 
21:51:03 array (
  'siteno' => '193736180',
  'version' => '',
  'orderid' => '245150203056',
  'order_time' => '20150203215103',
  'lang' => 'en',
  'currency' => 'USD',
  'vat' => '28.00',
  'discount' => '0.00',
  'shippingfee' => '15.00',
  'productname[0]' => 'Nike Packers #52 Clay Matthews Camo Men\'s Stitched NFL Realtree Elite Jersey
 Size:44/L',
  'productno[0]' => 'NFL20727',
  'price[0]' => '22.50',
  'qty[0]' => 1,
  'productname[1]' => 'Nike Packers #87 Jordy Nelson Black Men\'s Stitched NFL Impact Limited Jersey
 Size:L',
  'productno[1]' => 'NFL20790',
  'price[1]' => '22.00',
  'qty[1]' => 1,
  'productname[2]' => '2013 New Seattle Seahawks 3 Russell Wilson Drift Fashion Blue Elite Jerseys
 Size:40',
  'productno[2]' => 'NFL28183',
  'price[2]' => '22.50',
  'qty[2]' => 1,
  'productname[3]' => '2013 New Seattle Seahawks 3 Russell Wilson Drift Fashion Blue Elite Jerseys
 Size:44',
  'productno[3]' => 'NFL28183',
  'price[3]' => '22.50',
  'qty[3]' => 1,
  'productname[4]' => '2014 NFL Draft Green Bay Packers #84 Jared Abbrederi White NFL Elite Jersey
 Size:40',
  'productno[4]' => 'NFL20488',
  'price[4]' => '22.50',
  'qty[4]' => 1,
  'productname[5]' => '2013 NEW NFL Green Bay Packers #27 Eddie Lacy Green Team Color Drift Fashion Elite Jersey
 Size:44/L',
  'productno[5]' => 'NFL20465',
  'price[5]' => '22.50',
  'qty[5]' => 1,
  'productname[6]' => 'Green Bay Packers #12 Aaron Rodgers Nike Black Salute To Service Jersey
 Size:L',
  'productno[6]' => 'NFL20492',
  'price[6]' => '22.50',
  'qty[6]' => 1,
  'checkcode' => 'f33399543671d3c73ccc308fc3e69f16',
  'backurl' => 'http://www.outlet-jersey.com/index.php?main_page=checkout_process',
  'notifyreurl' => 'http://www.outlet-jersey.com/mallpay_check.php',
  's_firstname' => 'Natalie',
  's_lastname' => 'Marx',
  's_address' => '502 Henry Street ',
  's_city' => 'Mazomanie',
  's_state' => 'WI',
  's_postcode' => '53560',
  's_country' => 'US',
  'email' => 'nattie.marx7@gmail.com',
  's_tel' => '6085756771',
  'b_firstname' => 'Natalie',
  'b_lastname' => 'Marx',
  'b_address' => '502 Henry Street ',
  'b_city' => 'Mazomanie',
  'b_state' => 'WI',
  'b_postcode' => '53560',
  'b_country' => 'US',
  'b_tel' => '6085756771',
) 
21:53:54 array (
  'siteno' => '193736180',
  'version' => '',
  'orderid' => '245150203057',
  'order_time' => '20150203215354',
  'lang' => 'en',
  'currency' => 'USD',
  'vat' => '28.00',
  'discount' => '0.00',
  'shippingfee' => '15.00',
  'productname[0]' => 'Nike Packers #52 Clay Matthews Camo Men\'s Stitched NFL Realtree Elite Jersey
 Size:44/L',
  'productno[0]' => 'NFL20727',
  'price[0]' => '22.50',
  'qty[0]' => 1,
  'productname[1]' => 'Nike Packers #87 Jordy Nelson Black Men\'s Stitched NFL Impact Limited Jersey
 Size:L',
  'productno[1]' => 'NFL20790',
  'price[1]' => '22.00',
  'qty[1]' => 1,
  'productname[2]' => '2013 New Seattle Seahawks 3 Russell Wilson Drift Fashion Blue Elite Jerseys
 Size:40',
  'productno[2]' => 'NFL28183',
  'price[2]' => '22.50',
  'qty[2]' => 1,
  'productname[3]' => '2013 New Seattle Seahawks 3 Russell Wilson Drift Fashion Blue Elite Jerseys
 Size:44',
  'productno[3]' => 'NFL28183',
  'price[3]' => '22.50',
  'qty[3]' => 1,
  'productname[4]' => '2014 NFL Draft Green Bay Packers #84 Jared Abbrederi White NFL Elite Jersey
 Size:40',
  'productno[4]' => 'NFL20488',
  'price[4]' => '22.50',
  'qty[4]' => 1,
  'productname[5]' => '2013 NEW NFL Green Bay Packers #27 Eddie Lacy Green Team Color Drift Fashion Elite Jersey
 Size:44/L',
  'productno[5]' => 'NFL20465',
  'price[5]' => '22.50',
  'qty[5]' => 1,
  'productname[6]' => 'Green Bay Packers #12 Aaron Rodgers Nike Black Salute To Service Jersey
 Size:L',
  'productno[6]' => 'NFL20492',
  'price[6]' => '22.50',
  'qty[6]' => 1,
  'checkcode' => '0fb5c01344c12444ddee575dba83d344',
  'backurl' => 'http://www.outlet-jersey.com/index.php?main_page=checkout_process',
  'notifyreurl' => 'http://www.outlet-jersey.com/mallpay_check.php',
  's_firstname' => 'Natalie',
  's_lastname' => 'Marx',
  's_address' => '502 Henry Street ',
  's_city' => 'Mazomanie',
  's_state' => 'WI',
  's_postcode' => '53560',
  's_country' => 'US',
  'email' => 'nattie.marx7@gmail.com',
  's_tel' => '6085756771',
  'b_firstname' => 'Natalie',
  'b_lastname' => 'Marx',
  'b_address' => '502 Henry Street ',
  'b_city' => 'Mazomanie',
  'b_state' => 'WI',
  'b_postcode' => '53560',
  'b_country' => 'US',
  'b_tel' => '6085756771',
) 
