00:35:27 array (
  'siteno' => '193736180',
  'version' => '',
  'orderid' => '245150424004',
  'order_time' => '20150424003527',
  'lang' => 'en',
  'currency' => 'USD',
  'vat' => '1.50',
  'discount' => '0.00',
  'shippingfee' => '28.00',
  'productname[0]' => 'NHL Jersey Chicago Blackhawks 88 Patrick Kane The skeleton head ice Jersey  Men Stitched Fights Cancer Stitched Hockey Jersey
 Size:XXL(54)',
  'productno[0]' => 'NHL2015019629',
  'price[0]' => '36.50',
  'qty[0]' => 1,
  'checkcode' => '8c5840a4e845cf7e02b82da664c81864',
  'backurl' => 'http://www.outlet-jersey.com/index.php?main_page=checkout_process',
  'notifyreurl' => 'http://www.outlet-jersey.com/mallpay_check.php',
  's_firstname' => 'Billie',
  's_lastname' => 'Kelly',
  's_address' => '413 S State St ',
  's_city' => 'Marengo',
  's_state' => 'IL',
  's_postcode' => '60152',
  's_country' => 'US',
  'email' => 'hazel0550@yahoo.com',
  's_tel' => '8153199623',
  'b_firstname' => 'Billie',
  'b_lastname' => 'Kelly',
  'b_address' => '413 S State St ',
  'b_city' => 'Marengo',
  'b_state' => 'IL',
  'b_postcode' => '60152',
  'b_country' => 'US',
  'b_tel' => '8153199623',
) 
00:38:25 array (
  'siteno' => '193736180',
  'version' => '',
  'orderid' => '245150424006',
  'order_time' => '20150424003825',
  'lang' => 'en',
  'currency' => 'USD',
  'vat' => '1.50',
  'discount' => '0.00',
  'shippingfee' => '25.00',
  'productname[0]' => 'NHL Jersey Chicago Blackhawks 88 Patrick Kane The skeleton head ice Jersey  Men Stitched Fights Cancer Stitched Hockey Jersey
 Size:XXL(54)',
  'productno[0]' => 'NHL2015019629',
  'price[0]' => '36.50',
  'qty[0]' => 1,
  'checkcode' => 'bc008bf0fc1a6c9d72a84e5f24a96d88',
  'backurl' => 'http://www.outlet-jersey.com/index.php?main_page=checkout_process',
  'notifyreurl' => 'http://www.outlet-jersey.com/mallpay_check.php',
  's_firstname' => 'Billie',
  's_lastname' => 'Kelly',
  's_address' => '413 S State St ',
  's_city' => 'Marengo',
  's_state' => 'IL',
  's_postcode' => '60152',
  's_country' => 'US',
  'email' => 'hazel0550@yahoo.com',
  's_tel' => '8153199623',
  'b_firstname' => 'Billie',
  'b_lastname' => 'Kelly',
  'b_address' => '413 S State St ',
  'b_city' => 'Marengo',
  'b_state' => 'IL',
  'b_postcode' => '60152',
  'b_country' => 'US',
  'b_tel' => '8153199623',
) 
00:56:36 array (
  'siteno' => '193736180',
  'version' => '',
  'orderid' => '245150424007',
  'order_time' => '20150424005636',
  'lang' => 'en',
  'currency' => 'USD',
  'vat' => '1.50',
  'discount' => '0.00',
  'shippingfee' => '25.00',
  'productname[0]' => 'NHL Jersey Chicago Blackhawks 88 Patrick Kane The skeleton head ice Jersey  Men Stitched Fights Cancer Stitched Hockey Jersey
 Size:XXL(54)',
  'productno[0]' => 'NHL2015019629',
  'price[0]' => '36.50',
  'qty[0]' => 1,
  'checkcode' => '92fd100b5ebdeaf704cbc3c821918da8',
  'backurl' => 'http://www.outlet-jersey.com/index.php?main_page=checkout_process',
  'notifyreurl' => 'http://www.outlet-jersey.com/mallpay_check.php',
  's_firstname' => 'Billie',
  's_lastname' => 'Kelly',
  's_address' => '413 S State St ',
  's_city' => 'Marengo',
  's_state' => 'IL',
  's_postcode' => '60152',
  's_country' => 'US',
  'email' => 'hazel0550@yahoo.com',
  's_tel' => '8153199623',
  'b_firstname' => 'Billie',
  'b_lastname' => 'Kelly',
  'b_address' => '413 S State St ',
  'b_city' => 'Marengo',
  'b_state' => 'IL',
  'b_postcode' => '60152',
  'b_country' => 'US',
  'b_tel' => '8153199623',
) 
06:20:42 array (
  'siteno' => '193736180',
  'version' => '',
  'orderid' => '245150424033',
  'order_time' => '20150424062042',
  'lang' => 'en',
  'currency' => 'USD',
  'vat' => '6.00',
  'discount' => '0.00',
  'shippingfee' => '53.00',
  'productname[0]' => 'Anaheim Ducks #15 Ryan Getzlaf White New Road NHL Jersey
 Size:XL(52)',
  'productno[0]' => 'NHL10878',
  'price[0]' => '33.00',
  'qty[0]' => 1,
  'productname[1]' => 'Anaheim Ducks  #10 Corey Perry Orange Stitched NHL Jersey
 Size:XL(52)',
  'productno[1]' => 'NHL10872',
  'price[1]' => '33.00',
  'qty[1]' => 1,
  'productname[2]' => 'Women\'s Los Angeles Dodgers Nike Short Sleeve Practice Baseball T-Shirts Blue
 Size:M',
  'productno[2]' => 'SPT10556',
  'price[2]' => '10.00',
  'qty[2]' => 1,
  'productname[3]' => 'Dodgers #22 Clayton Kershaw Pink Lady Fashion Stitched Baseball Jersey
 Size:Large',
  'productno[3]' => 'WOMEN4595',
  'price[3]' => '19.00',
  'qty[3]' => 1,
  'checkcode' => 'b71346b17111125cea505511654e0289',
  'backurl' => 'http://www.outlet-jersey.com/index.php?main_page=checkout_process',
  'notifyreurl' => 'http://www.outlet-jersey.com/mallpay_check.php',
  's_firstname' => 'Isaac',
  's_lastname' => 'Abbott',
  's_address' => '19321 Sidani Ln. ',
  's_city' => 'Santa Clarita',
  's_state' => 'CA',
  's_postcode' => '91350',
  's_country' => 'US',
  'email' => 'Isaacster@hotmail.com',
  's_tel' => '9073546444',
  'b_firstname' => 'Isaac',
  'b_lastname' => 'Abbott',
  'b_address' => '19321 Sidani Ln. ',
  'b_city' => 'Santa Clarita',
  'b_state' => 'CA',
  'b_postcode' => '91350',
  'b_country' => 'US',
  'b_tel' => '9073546444',
) 
06:26:10 array (
  'siteno' => '193736180',
  'version' => '',
  'orderid' => '245150424034',
  'order_time' => '20150424062610',
  'lang' => 'en',
  'currency' => 'USD',
  'vat' => '6.00',
  'discount' => '0.00',
  'shippingfee' => '20.00',
  'productname[0]' => 'Anaheim Ducks #15 Ryan Getzlaf White New Road NHL Jersey
 Size:XL(52)',
  'productno[0]' => 'NHL10878',
  'price[0]' => '33.00',
  'qty[0]' => 1,
  'productname[1]' => 'Anaheim Ducks  #10 Corey Perry Orange Stitched NHL Jersey
 Size:XL(52)',
  'productno[1]' => 'NHL10872',
  'price[1]' => '33.00',
  'qty[1]' => 1,
  'productname[2]' => 'Women\'s Los Angeles Dodgers Nike Short Sleeve Practice Baseball T-Shirts Blue
 Size:M',
  'productno[2]' => 'SPT10556',
  'price[2]' => '10.00',
  'qty[2]' => 1,
  'productname[3]' => 'Dodgers #22 Clayton Kershaw Pink Lady Fashion Stitched Baseball Jersey
 Size:Large',
  'productno[3]' => 'WOMEN4595',
  'price[3]' => '19.00',
  'qty[3]' => 1,
  'checkcode' => '49dccd63da4a2d9a6212d2549f90e248',
  'backurl' => 'http://www.outlet-jersey.com/index.php?main_page=checkout_process',
  'notifyreurl' => 'http://www.outlet-jersey.com/mallpay_check.php',
  's_firstname' => 'Isaac',
  's_lastname' => 'Abbott',
  's_address' => '19321 Sidani Ln. ',
  's_city' => 'Santa Clarita',
  's_state' => 'CA',
  's_postcode' => '91350',
  's_country' => 'US',
  'email' => 'Isaacster@hotmail.com',
  's_tel' => '9073546444',
  'b_firstname' => 'Isaac',
  'b_lastname' => 'Abbott',
  'b_address' => '19321 Sidani Ln. ',
  'b_city' => 'Santa Clarita',
  'b_state' => 'CA',
  'b_postcode' => '91350',
  'b_country' => 'US',
  'b_tel' => '9073546444',
) 
07:08:09 array (
  'siteno' => '193736180',
  'version' => '',
  'orderid' => '245150424041',
  'order_time' => '20150424070809',
  'lang' => 'en',
  'currency' => 'USD',
  'vat' => '3.00',
  'discount' => '0.00',
  'shippingfee' => '33.00',
  'productname[0]' => 'Ducks #13 Teemu Selanne Men\'s Stitched White CCM Throwback Hockey Jersey
 Size:XL(52)',
  'productno[0]' => 'JE1731695',
  'price[0]' => '36.88',
  'qty[0]' => 1,
  'productname[1]' => 'Kings #99 Wayne Gretzky Black CCM Throwback Stitched NHL Jersey
 Size:XXXL(56)',
  'productno[1]' => 'NHL12066',
  'price[1]' => '33.00',
  'qty[1]' => 1,
  'checkcode' => '39764fbf7efde0143e57c624485302f9',
  'backurl' => 'http://www.outlet-jersey.com/index.php?main_page=checkout_process',
  'notifyreurl' => 'http://www.outlet-jersey.com/mallpay_check.php',
  's_firstname' => 'Armando',
  's_lastname' => 'Pano',
  's_address' => '2005 peyton st, Unit A ',
  's_city' => 'Burbank',
  's_state' => 'CA',
  's_postcode' => '91504',
  's_country' => 'US',
  'email' => 'dunsplus@hotmail.com',
  's_tel' => '8187495784',
  'b_firstname' => 'Armando',
  'b_lastname' => 'Pano',
  'b_address' => '2005 peyton st, Unit A ',
  'b_city' => 'Burbank',
  'b_state' => 'CA',
  'b_postcode' => '91504',
  'b_country' => 'US',
  'b_tel' => '8187495784',
) 
09:06:22 array (
  'siteno' => '193736180',
  'version' => '',
  'orderid' => '245150424051',
  'order_time' => '20150424090622',
  'lang' => 'en',
  'currency' => 'USD',
  'vat' => '3.00',
  'discount' => '0.00',
  'shippingfee' => '53.00',
  'productname[0]' => 'New York Rangers #20 Chris Kreider White Road With 2014 Stanley Cup Finals Stitched NHL Jersey
 Size:M(48)',
  'productno[0]' => 'NHL10774',
  'price[0]' => '34.00',
  'qty[0]' => 1,
  'productname[1]' => 'Youth NHL New York Rangers #30 Henrik Lundqvist White 2014 Stadium Series Jersey
 Size:S/M',
  'productno[1]' => 'YOUTH4720',
  'price[1]' => '33.00',
  'qty[1]' => 1,
  'checkcode' => '6d118ba9111e3d0392214038fd109fe3',
  'backurl' => 'http://www.outlet-jersey.com/index.php?main_page=checkout_process',
  'notifyreurl' => 'http://www.outlet-jersey.com/mallpay_check.php',
  's_firstname' => 'Glenn',
  's_lastname' => 'Mayola',
  's_address' => '65 Crossbar Road ',
  's_city' => 'Medford',
  's_state' => 'NY',
  's_postcode' => '11763',
  's_country' => 'US',
  'email' => 'gmayola@gmail.com',
  's_tel' => '6316961536',
  'b_firstname' => 'Glenn',
  'b_lastname' => 'Mayola',
  'b_address' => '65 Crossbar Road ',
  'b_city' => 'Medford',
  'b_state' => 'NY',
  'b_postcode' => '11763',
  'b_country' => 'US',
  'b_tel' => '6316961536',
) 
12:35:31 array (
  'siteno' => '193736180',
  'version' => '',
  'orderid' => '245150424068',
  'order_time' => '20150424123531',
  'lang' => 'en',
  'currency' => 'USD',
  'vat' => '1.50',
  'discount' => '0.00',
  'shippingfee' => '28.00',
  'productname[0]' => 'Chicago Blackhawks #10 Patrick Sharp(A Patches) Red Hockey NHL Jersey
 Size:M(48)',
  'productno[0]' => 'NHL11530',
  'price[0]' => '33.00',
  'qty[0]' => 1,
  'checkcode' => '79709b64aa49ebcb75cd62fd990acd44',
  'backurl' => 'http://www.outlet-jersey.com/index.php?main_page=checkout_process',
  'notifyreurl' => 'http://www.outlet-jersey.com/mallpay_check.php',
  's_firstname' => 'Paul',
  's_lastname' => 'Delude',
  's_address' => '2701 Joneva Rd ',
  's_city' => 'Knoxville',
  's_state' => 'TN',
  's_postcode' => '37932',
  's_country' => 'US',
  'email' => 'pdelude@yahoo.com',
  's_tel' => '8653326446',
  'b_firstname' => 'Paul',
  'b_lastname' => 'Delude',
  'b_address' => '2701 Joneva Rd ',
  'b_city' => 'Knoxville',
  'b_state' => 'TN',
  'b_postcode' => '37932',
  'b_country' => 'US',
  'b_tel' => '8653326446',
) 
13:18:55 array (
  'siteno' => '193736180',
  'version' => '',
  'orderid' => '245150424072',
  'order_time' => '20150424131855',
  'lang' => 'en',
  'currency' => 'USD',
  'vat' => '1.50',
  'discount' => '0.00',
  'shippingfee' => '28.00',
  'productname[0]' => 'NHL Jersey Chicago Blackhawks 19 Toews white  Men Stitched with Purple Num Stitched NHL Jersey
 Size:L(50)',
  'productno[0]' => 'NHL2015019526',
  'price[0]' => '36.53',
  'qty[0]' => 1,
  'checkcode' => 'f23d712c4ad2987059a5536e5a5bdc5e',
  'backurl' => 'http://www.outlet-jersey.com/index.php?main_page=checkout_process',
  'notifyreurl' => 'http://www.outlet-jersey.com/mallpay_check.php',
  's_firstname' => 'James',
  's_lastname' => 'celander',
  's_address' => 'n 2732 duvenick on ',
  's_city' => 'waupaca',
  's_state' => 'WI',
  's_postcode' => '54981',
  's_country' => 'US',
  'email' => 'jcelander4165@gmail.com',
  's_tel' => '9202577126',
  'b_firstname' => 'James',
  'b_lastname' => 'celander',
  'b_address' => 'n 2732 duvenick on ',
  'b_city' => 'waupaca',
  'b_state' => 'WI',
  'b_postcode' => '54981',
  'b_country' => 'US',
  'b_tel' => '9202577126',
) 
13:23:21 array (
  'siteno' => '193736180',
  'version' => '',
  'orderid' => '245150424073',
  'order_time' => '20150424132321',
  'lang' => 'en',
  'currency' => 'USD',
  'vat' => '1.50',
  'discount' => '0.00',
  'shippingfee' => '28.00',
  'productname[0]' => 'NHL Jersey Chicago Blackhawks 19 Toews white  Men Stitched with Purple Num Stitched NHL Jersey
 Size:L(50)',
  'productno[0]' => 'NHL2015019526',
  'price[0]' => '36.53',
  'qty[0]' => 1,
  'checkcode' => '91167145619a71af3a0a1c2ac5f7c66d',
  'backurl' => 'http://www.outlet-jersey.com/index.php?main_page=checkout_process',
  'notifyreurl' => 'http://www.outlet-jersey.com/mallpay_check.php',
  's_firstname' => 'James',
  's_lastname' => 'celander',
  's_address' => 'n 2732 duvenick on ',
  's_city' => 'waupaca',
  's_state' => 'WI',
  's_postcode' => '54981',
  's_country' => 'US',
  'email' => 'jcelander4165@gmail.com',
  's_tel' => '9202577126',
  'b_firstname' => 'James',
  'b_lastname' => 'celander',
  'b_address' => '1640 holland rd apt#110 ',
  'b_city' => 'appleton',
  'b_state' => 'WI',
  'b_postcode' => '54911',
  'b_country' => 'US',
  'b_tel' => '9202577126',
) 
18:27:51 array (
  'siteno' => '193736180',
  'version' => '',
  'orderid' => '245150424077',
  'order_time' => '20150424182751',
  'lang' => 'en',
  'currency' => 'USD',
  'vat' => '1.50',
  'discount' => '0.00',
  'shippingfee' => '28.00',
  'productname[0]' => 'New York Rangers #20 Chris Kreider White 2014 Stadium Series NHL Jersey
 Size:M(48)',
  'productno[0]' => 'NHL12398',
  'price[0]' => '33.00',
  'qty[0]' => 1,
  'checkcode' => '8767da3da6d23dad4d4b843ede2d8112',
  'backurl' => 'http://www.outlet-jersey.com/index.php?main_page=checkout_process',
  'notifyreurl' => 'http://www.outlet-jersey.com/mallpay_check.php',
  's_firstname' => 'steve',
  's_lastname' => 'Colombo',
  's_address' => '111 Elm Dr ',
  's_city' => 'Neptune',
  's_state' => 'NJ',
  's_postcode' => '07753',
  's_country' => 'US',
  'email' => 'scarecrow191138@gmail.com',
  's_tel' => '732-361-3278',
  'b_firstname' => 'steve',
  'b_lastname' => 'Colombo',
  'b_address' => '111 Elm Dr ',
  'b_city' => 'Neptune',
  'b_state' => 'NJ',
  'b_postcode' => '07753',
  'b_country' => 'US',
  'b_tel' => '732-361-3278',
) 
