08:45:06 array (
  'siteno' => '193736180',
  'version' => '',
  'orderid' => '245150401024',
  'order_time' => '20150401084506',
  'lang' => 'en',
  'currency' => 'USD',
  'vat' => '8.00',
  'discount' => '0.00',
  'shippingfee' => '20.00',
  'productname[0]' => 'Red Wings #13 Pavel Datsyuk Black Ice Stitched NHL Jersey
 Size:M(48)',
  'productno[0]' => 'NHL11801',
  'price[0]' => '33.00',
  'qty[0]' => 1,
  'productname[1]' => 'Detroit Red Wings #19 Steve Yzerman Camo Veterans Day Practice NHL Jersey
 Size:M(48)',
  'productno[1]' => 'NHL11788',
  'price[1]' => '33.00',
  'qty[1]' => 1,
  'checkcode' => '9df5f539d6da4fdf85d82b4edf22a060',
  'backurl' => 'http://www.outlet-jersey.com/index.php?main_page=checkout_process',
  'notifyreurl' => 'http://www.outlet-jersey.com/mallpay_check.php',
  's_firstname' => 'Kara',
  's_lastname' => 'Bitten',
  's_address' => '486 Dixie Blvd ',
  's_city' => 'Algonac',
  's_state' => 'MI',
  's_postcode' => '48001',
  's_country' => 'US',
  'email' => 'k.bitten@hotmail.com',
  's_tel' => '8103350501',
  'b_firstname' => 'Kara',
  'b_lastname' => 'Bitten',
  'b_address' => '486 Dixie Blvd ',
  'b_city' => 'Algonac',
  'b_state' => 'MI',
  'b_postcode' => '48001',
  'b_country' => 'US',
  'b_tel' => '8103350501',
) 
09:03:40 array (
  'siteno' => '193736180',
  'version' => '',
  'orderid' => '245150401025',
  'order_time' => '20150401090340',
  'lang' => 'en',
  'currency' => 'USD',
  'vat' => '20.00',
  'discount' => '0.00',
  'shippingfee' => '15.00',
  'productname[0]' => 'Red Wings #9 Gordie Howe Mitchell&Ness Stitched Red NHL Jersey
 Size:XL(52)',
  'productno[0]' => 'NHL11846',
  'price[0]' => '33.00',
  'qty[0]' => 1,
  'productname[1]' => 'Red Wings #9 Gordie Howe Red Sawyer Hooded Sweatshirt Stitched NHL Jersey
 Size:L(50)',
  'productno[1]' => 'NHL11848',
  'price[1]' => '36.00',
  'qty[1]' => 1,
  'productname[2]' => 'Red Wings #9 Gordie Howe Red Sawyer Hooded Sweatshirt Stitched NHL Jersey
 Size:XL(52)',
  'productno[2]' => 'NHL11848',
  'price[2]' => '36.00',
  'qty[2]' => 1,
  'productname[3]' => 'Red Wings #5 Nicklas Lidstrom Black Ice Stitched NHL Jersey
 Size:XL(52)',
  'productno[3]' => 'NHL11835',
  'price[3]' => '33.00',
  'qty[3]' => 1,
  'productname[4]' => 'NHL Jersey Detroit Red Wings 9  Men Stitched Charcoal Cross Check Fashion Jersey
 Size:L(50)',
  'productno[4]' => 'NHL2015019663',
  'price[4]' => '36.52',
  'qty[4]' => 1,
  'checkcode' => '74b50f1e9e31c9c31d4aebd66d633e19',
  'backurl' => 'http://www.outlet-jersey.com/index.php?main_page=checkout_process',
  'notifyreurl' => 'http://www.outlet-jersey.com/mallpay_check.php',
  's_firstname' => 'Terri',
  's_lastname' => 'Sahlbom',
  's_address' => '5461 Roxbury Drive ',
  's_city' => 'North Charleston',
  's_state' => 'SC',
  's_postcode' => '29418',
  's_country' => 'US',
  'email' => 'wtl_65@yahoo.com',
  's_tel' => '843-327-3031',
  'b_firstname' => 'Terri',
  'b_lastname' => 'Sahlbom',
  'b_address' => '5461 Roxbury Drive ',
  'b_city' => 'North Charleston',
  'b_state' => 'SC',
  'b_postcode' => '29418',
  'b_country' => 'US',
  'b_tel' => '843-327-3031',
) 
