00:05:07 array (
  'siteno' => '519276143',
  'version' => '',
  'orderid' => '323150516001',
  'order_time' => '20150516000507',
  'lang' => 'en',
  'currency' => 'USD',
  'vat' => '1.50',
  'discount' => '0.00',
  'shippingfee' => '28.00',
  'productname[0]' => 'NHL Chicago Blackhawks #88 Kane Red Fashion Noble Jersey
 Size:52 (XL)',
  'productno[0]' => 'NHL15425007',
  'price[0]' => '33.00',
  'qty[0]' => 1,
  'checkcode' => '4fe4801df6d387d7836b0b0b4ce595cf',
  'backurl' => 'http://www.stars-jersey.com/index.php?main_page=checkout_process',
  'notifyreurl' => 'http://www.stars-jersey.com/mallpay_check.php',
  's_firstname' => 'sonia',
  's_lastname' => 'baez',
  's_address' => '5554 s mayfeild ave ',
  's_city' => 'chicago',
  's_state' => 'IL',
  's_postcode' => '60638',
  's_country' => 'US',
  'email' => 'redblacksonia@yahoo.com',
  's_tel' => '7739413724',
  'b_firstname' => 'sonia',
  'b_lastname' => 'baez',
  'b_address' => '5554 s mayfeild ave ',
  'b_city' => 'chicago',
  'b_state' => 'IL',
  'b_postcode' => '60638',
  'b_country' => 'US',
  'b_tel' => '7739413724',
) 
09:11:24 array (
  'siteno' => '519276143',
  'version' => '',
  'orderid' => '323150516006',
  'order_time' => '20150516091124',
  'lang' => 'en',
  'currency' => 'USD',
  'vat' => '1.50',
  'discount' => '0.00',
  'shippingfee' => '28.00',
  'productname[0]' => 'NHL Jersey Chicago Blackhawks 50 CRAWFORD black   Men Stitched with Purple Num Stitched NHL Jersey
 Size:M(48)',
  'productno[0]' => 'NHL2015019578',
  'price[0]' => '33.00',
  'qty[0]' => 1,
  'checkcode' => '7451a5868630ef3d7d62225fa6e3f6fb',
  'backurl' => 'http://www.stars-jersey.com/index.php?main_page=checkout_process',
  'notifyreurl' => 'http://www.stars-jersey.com/mallpay_check.php',
  's_firstname' => 'Dolly',
  's_lastname' => 'Taylor',
  's_address' => '30700 Drouillard rd. lot 232 ',
  's_city' => 'Walbridge',
  's_state' => 'OH',
  's_postcode' => '43465',
  's_country' => 'US',
  'email' => 'dollyg1206520@yahoo.com',
  's_tel' => '419-708-1393',
  'b_firstname' => 'Dolly',
  'b_lastname' => 'Taylor',
  'b_address' => '30700 Drouillard rd. lot 232 ',
  'b_city' => 'Walbridge',
  'b_state' => 'OH',
  'b_postcode' => '43465',
  'b_country' => 'US',
  'b_tel' => '419-708-1393',
) 
20:35:17 array (
  'siteno' => '519276143',
  'version' => '',
  'orderid' => '323150516010',
  'order_time' => '20150516203517',
  'lang' => 'en',
  'currency' => 'USD',
  'vat' => '1.50',
  'discount' => '0.00',
  'shippingfee' => '28.00',
  'productname[0]' => 'NHL Chicago Blackhawks #19 Toews Red Fashion Noble Jersey
 Size:54 (XXL)',
  'productno[0]' => 'NHL15425003',
  'price[0]' => '33.00',
  'qty[0]' => 1,
  'checkcode' => '02e1208ef6bf7ba912aebf9ddacd2518',
  'backurl' => 'http://www.stars-jersey.com/index.php?main_page=checkout_process',
  'notifyreurl' => 'http://www.stars-jersey.com/mallpay_check.php',
  's_firstname' => 'Lisa',
  's_lastname' => 'Roach',
  's_address' => '8412 Dunmore Drive ',
  's_city' => 'Tinley Park',
  's_state' => 'IL',
  's_postcode' => '60487',
  's_country' => 'US',
  'email' => 'Packerchick@att.net',
  's_tel' => '708-675-0188',
  'b_firstname' => 'Lisa',
  'b_lastname' => 'Roach',
  'b_address' => '8412 Dunmore Drive ',
  'b_city' => 'Tinley Park',
  'b_state' => 'IL',
  'b_postcode' => '60487',
  'b_country' => 'US',
  'b_tel' => '708-675-0188',
) 
