01:31:52 array (
  'siteno' => '193736180',
  'version' => '',
  'orderid' => '245150202007',
  'order_time' => '20150202013152',
  'lang' => 'en',
  'currency' => 'USD',
  'vat' => '16.00',
  'discount' => '0.00',
  'shippingfee' => '20.00',
  'productname[0]' => '2013 NEW Nike Dallas cowboys 29 Murray Drift Fashion Grey Elite Jerseys
 Size:56/3XL',
  'productno[0]' => 'NFL19444',
  'price[0]' => '22.50',
  'qty[0]' => 1,
  'productname[1]' => 'NEW Dallas cowboys #88 Bryant Grey Jerseys(Vapor Elite)
 Size:56',
  'productno[1]' => 'NFL19502',
  'price[1]' => '22.50',
  'qty[1]' => 1,
  'productname[2]' => 'NEW Dallas cowboys #50 Lee Grey Jerseys(Vapor Elite)
 Size:56',
  'productno[2]' => 'NFL19498',
  'price[2]' => '22.50',
  'qty[2]' => 1,
  'productname[3]' => 'NEW Dallas Cowboys 88 Dez Bryant Blue White Drift Fashion II Elite NFL Jerseys
 Size:56',
  'productno[3]' => 'NFL19528',
  'price[3]' => '22.50',
  'qty[3]' => 1,
  'checkcode' => '6b4b354fce6ae268bfc2faa3333d28c7',
  'backurl' => 'http://www.outlet-jersey.com/index.php?main_page=checkout_process',
  'notifyreurl' => 'http://www.outlet-jersey.com/mallpay_check.php',
  's_firstname' => 'Antonio',
  's_lastname' => 'mcclinton',
  's_address' => '2106 thunderbird dr ',
  's_city' => 'harker heights',
  's_state' => 'TX',
  's_postcode' => '76548',
  's_country' => 'US',
  'email' => 'antoniomcclinton@yahoo.com',
  's_tel' => '2542510808',
  'b_firstname' => 'Antonio',
  'b_lastname' => 'mcclinton',
  'b_address' => '2106 thunderbird dr ',
  'b_city' => 'harker heights',
  'b_state' => 'TX',
  'b_postcode' => '76548',
  'b_country' => 'US',
  'b_tel' => '2542510808',
) 
02:57:51 array (
  'siteno' => '193736180',
  'version' => '',
  'orderid' => '245150202012',
  'order_time' => '20150202025751',
  'lang' => 'en',
  'currency' => 'USD',
  'vat' => '8.00',
  'discount' => '0.00',
  'shippingfee' => '20.00',
  'productname[0]' => 'NEW Seattle Seahawks #31 Kam Chancellor Steel Blue Team Color NFL Legion of Boom Elite Jersey
 Size:48',
  'productno[0]' => 'NFL28279',
  'price[0]' => '22.50',
  'qty[0]' => 1,
  'productname[1]' => '2014 New Nike Seattle Seahawks 12 Fan Drift Fashion Blue Elite Jerseys
 Size:48',
  'productno[1]' => 'NFL28188',
  'price[1]' => '22.50',
  'qty[1]' => 1,
  'checkcode' => 'be4a198977380f506623141577798e3e',
  'backurl' => 'http://www.outlet-jersey.com/index.php?main_page=checkout_process',
  'notifyreurl' => 'http://www.outlet-jersey.com/mallpay_check.php',
  's_firstname' => 'Jeremy',
  's_lastname' => 'Hanson',
  's_address' => '207 Cardinal St SW ',
  's_city' => 'Orting',
  's_state' => 'WA',
  's_postcode' => '98360',
  's_country' => 'US',
  'email' => 'h20fun1610@gmail.com',
  's_tel' => '2537363312',
  'b_firstname' => 'Jeremy',
  'b_lastname' => 'Hanson',
  'b_address' => '207 Cardinal St SW ',
  'b_city' => 'Orting',
  'b_state' => 'WA',
  'b_postcode' => '98360',
  'b_country' => 'US',
  'b_tel' => '2537363312',
) 
03:05:20 array (
  'siteno' => '193736180',
  'version' => '',
  'orderid' => '245150202014',
  'order_time' => '20150202030520',
  'lang' => 'en',
  'currency' => 'USD',
  'vat' => '8.00',
  'discount' => '0.00',
  'shippingfee' => '20.00',
  'productname[0]' => 'NEW Seattle Seahawks #31 Kam Chancellor Steel Blue Team Color NFL Legion of Boom Elite Jersey
 Size:48',
  'productno[0]' => 'NFL28279',
  'price[0]' => '22.50',
  'qty[0]' => 1,
  'productname[1]' => '2014 New Nike Seattle Seahawks 12 Fan Drift Fashion Blue Elite Jerseys
 Size:48',
  'productno[1]' => 'NFL28188',
  'price[1]' => '22.50',
  'qty[1]' => 1,
  'checkcode' => 'b4b5f3c930484b915303e21ce035884f',
  'backurl' => 'http://www.outlet-jersey.com/index.php?main_page=checkout_process',
  'notifyreurl' => 'http://www.outlet-jersey.com/mallpay_check.php',
  's_firstname' => 'Jeremy',
  's_lastname' => 'Hanson',
  's_address' => '207 Cardinal St SW ',
  's_city' => 'Orting',
  's_state' => 'WA',
  's_postcode' => '98360',
  's_country' => 'US',
  'email' => 'h20fun1610@gmail.com',
  's_tel' => '2537363312',
  'b_firstname' => 'Jeremy',
  'b_lastname' => 'Hanson',
  'b_address' => '207 Cardinal St SW ',
  'b_city' => 'Orting',
  'b_state' => 'WA',
  'b_postcode' => '98360',
  'b_country' => 'US',
  'b_tel' => '2537363312',
) 
03:07:20 array (
  'siteno' => '193736180',
  'version' => '',
  'orderid' => '245150202015',
  'order_time' => '20150202030720',
  'lang' => 'en',
  'currency' => 'USD',
  'vat' => '8.00',
  'discount' => '0.00',
  'shippingfee' => '20.00',
  'productname[0]' => 'NEW Seattle Seahawks #31 Kam Chancellor Steel Blue Team Color NFL Legion of Boom Elite Jersey
 Size:48',
  'productno[0]' => 'NFL28279',
  'price[0]' => '22.50',
  'qty[0]' => 1,
  'productname[1]' => '2014 New Nike Seattle Seahawks 12 Fan Drift Fashion Blue Elite Jerseys
 Size:48',
  'productno[1]' => 'NFL28188',
  'price[1]' => '22.50',
  'qty[1]' => 1,
  'checkcode' => '6ce747950d8d0effc9875e2c54ea1fb1',
  'backurl' => 'http://www.outlet-jersey.com/index.php?main_page=checkout_process',
  'notifyreurl' => 'http://www.outlet-jersey.com/mallpay_check.php',
  's_firstname' => 'Jeremy',
  's_lastname' => 'Hanson',
  's_address' => '207 Cardinal St SW ',
  's_city' => 'Orting',
  's_state' => 'WA',
  's_postcode' => '98360',
  's_country' => 'US',
  'email' => 'h20fun1610@gmail.com',
  's_tel' => '2537363312',
  'b_firstname' => 'Jeremy',
  'b_lastname' => 'Hanson',
  'b_address' => '207 Cardinal St SW ',
  'b_city' => 'Orting',
  'b_state' => 'WA',
  'b_postcode' => '98360',
  'b_country' => 'US',
  'b_tel' => '2537363312',
) 
03:09:10 array (
  'siteno' => '193736180',
  'version' => '',
  'orderid' => '245150202016',
  'order_time' => '20150202030910',
  'lang' => 'en',
  'currency' => 'USD',
  'vat' => '8.00',
  'discount' => '0.00',
  'shippingfee' => '20.00',
  'productname[0]' => 'NEW Seattle Seahawks #31 Kam Chancellor Steel Blue Team Color NFL Legion of Boom Elite Jersey
 Size:48',
  'productno[0]' => 'NFL28279',
  'price[0]' => '22.50',
  'qty[0]' => 1,
  'productname[1]' => '2014 New Nike Seattle Seahawks 12 Fan Drift Fashion Blue Elite Jerseys
 Size:48',
  'productno[1]' => 'NFL28188',
  'price[1]' => '22.50',
  'qty[1]' => 1,
  'checkcode' => 'eaa06baf8920cac637e2640d7e40a775',
  'backurl' => 'http://www.outlet-jersey.com/index.php?main_page=checkout_process',
  'notifyreurl' => 'http://www.outlet-jersey.com/mallpay_check.php',
  's_firstname' => 'Jeremy',
  's_lastname' => 'Hanson',
  's_address' => '207 Cardinal St SW ',
  's_city' => 'Orting',
  's_state' => 'WA',
  's_postcode' => '98360',
  's_country' => 'US',
  'email' => 'h20fun1610@gmail.com',
  's_tel' => '2537363312',
  'b_firstname' => 'Jeremy',
  'b_lastname' => 'Hanson',
  'b_address' => '207 Cardinal St SW ',
  'b_city' => 'Orting',
  'b_state' => 'WA',
  'b_postcode' => '98360',
  'b_country' => 'US',
  'b_tel' => '2537363312',
) 
12:15:04 array (
  'siteno' => '193736180',
  'version' => '',
  'orderid' => '245150202050',
  'order_time' => '20150202121504',
  'lang' => 'en',
  'currency' => 'USD',
  'vat' => '28.00',
  'discount' => '0.00',
  'shippingfee' => '15.00',
  'productname[0]' => '2013 New Nike Seattle Seahawks 3 Wilson Lights Out Black Elite Jerseys
 Size:56',
  'productno[0]' => 'NFL28180',
  'price[0]' => '22.50',
  'qty[0]' => 1,
  'productname[1]' => 'Men\'s Nike Seattle Seahawks Vapor Jet 2.0 Gloves
 Size:M',
  'productno[1]' => 'NFL28206',
  'price[1]' => '18.00',
  'qty[1]' => 1,
  'productname[2]' => '2013 New Seattle Seahawks 24 Marshawn Lynch Drift Fashion Blue Elite Jerseys
 Size:52',
  'productno[2]' => 'NFL28181',
  'price[2]' => '22.50',
  'qty[2]' => 1,
  'productname[3]' => '2012 NEW NFL Seattle Seahawks 25 Richard Sherman Grey Jerseys(Elite)
 Size:40',
  'productno[3]' => 'NFL28158',
  'price[3]' => '22.50',
  'qty[3]' => 1,
  'productname[4]' => 'Nike Seahawks #3 Russell Wilson White With C Patch Men\'s Stitched NFL Elite Jersey
 Size:44/L',
  'productno[4]' => 'NFL28418',
  'price[4]' => '22.50',
  'qty[4]' => 1,
  'productname[5]' => 'NEW  Seattle Seahawks #31 Kam Chancellor White NFL Elite Jersey
 Size:52',
  'productno[5]' => 'NFL28213',
  'price[5]' => '22.50',
  'qty[5]' => 1,
  'productname[6]' => 'Nike Seahawks #24 Marshawn Lynch Grey Alternate Men\'s Stitched NFL Elite Jersey
 Size:48/XL',
  'productno[6]' => 'NFL28352',
  'price[6]' => '22.50',
  'qty[6]' => 1,
  'checkcode' => '216ea304e9e1b5a5c611826d51c11191',
  'backurl' => 'http://www.outlet-jersey.com/index.php?main_page=checkout_process',
  'notifyreurl' => 'http://www.outlet-jersey.com/mallpay_check.php',
  's_firstname' => 'Michael',
  's_lastname' => 'Brown',
  's_address' => '977 22nd ave ',
  's_city' => 'seattle',
  's_state' => 'WA',
  's_postcode' => '98122',
  's_country' => 'US',
  'email' => 'mjbrown213@yahoo.com',
  's_tel' => '2063252199',
  'b_firstname' => 'Michael',
  'b_lastname' => 'Brown',
  'b_address' => '977 22nd ave ',
  'b_city' => 'seattle',
  'b_state' => 'WA',
  'b_postcode' => '98122',
  'b_country' => 'US',
  'b_tel' => '2063252199',
) 
13:24:29 array (
  'siteno' => '193736180',
  'version' => '',
  'orderid' => '245150202055',
  'order_time' => '20150202132429',
  'lang' => 'en',
  'currency' => 'USD',
  'vat' => '8.00',
  'discount' => '0.00',
  'shippingfee' => '20.00',
  'productname[0]' => 'New Steelers #84 Antonio Brown Grey 2014 Pro Bowl NFL Elite Team Sanders Jersey
 Size:52',
  'productno[0]' => 'NFL15028',
  'price[0]' => '22.50',
  'qty[0]' => 1,
  'productname[1]' => 'Nike Seahawks #25 Richard Sherman Steel Blue Team Color Men\'s Stitched NFL Elite Jersey
 Size:48/XL',
  'productno[1]' => 'NFL28377',
  'price[1]' => '22.50',
  'qty[1]' => 1,
  'checkcode' => '9ec8d4fa94cf44d8e7a8ed70ff458608',
  'backurl' => 'http://www.outlet-jersey.com/index.php?main_page=checkout_process',
  'notifyreurl' => 'http://www.outlet-jersey.com/mallpay_check.php',
  's_firstname' => 'Jason',
  's_lastname' => 'Nelson',
  's_address' => '7610 120th st e ',
  's_city' => 'Puyallup',
  's_state' => 'WA',
  's_postcode' => '98373',
  's_country' => 'US',
  'email' => 'blakandgold58@yahoo.com',
  's_tel' => '253-282-2282',
  'b_firstname' => 'Jason',
  'b_lastname' => 'Nelson',
  'b_address' => '7610 120th st e ',
  'b_city' => 'Puyallup',
  'b_state' => 'WA',
  'b_postcode' => '98373',
  'b_country' => 'US',
  'b_tel' => '253-282-2282',
) 
13:34:27 array (
  'siteno' => '193736180',
  'version' => '',
  'orderid' => '245150202057',
  'order_time' => '20150202133427',
  'lang' => 'en',
  'currency' => 'USD',
  'vat' => '8.00',
  'discount' => '0.00',
  'shippingfee' => '20.00',
  'productname[0]' => 'NEW Seattle Seahawks #31 Kam Chancellor Steel Blue Team Color NFL Legion of Boom Elite Jersey
 Size:56',
  'productno[0]' => 'NFL28280',
  'price[0]' => '22.50',
  'qty[0]' => 1,
  'productname[1]' => 'NEW Seattle Seahawks #25 Richard Sherman Steel Blue Team Color NFL Legion of Boom Elite Jersey
 Size:52',
  'productno[1]' => 'NFL28269',
  'price[1]' => '22.50',
  'qty[1]' => 1,
  'checkcode' => '61fa02ff9b688ed4e01c805bc98dfc73',
  'backurl' => 'http://www.outlet-jersey.com/index.php?main_page=checkout_process',
  'notifyreurl' => 'http://www.outlet-jersey.com/mallpay_check.php',
  's_firstname' => 'jeremy',
  's_lastname' => 'shepard',
  's_address' => '3106 west wernett rd. ',
  's_city' => 'pasco',
  's_state' => 'WA',
  's_postcode' => '99301',
  's_country' => 'US',
  'email' => 'jeremyshepard84@gmail.com',
  's_tel' => '509430-2979',
  'b_firstname' => 'jeremy',
  'b_lastname' => 'shepard',
  'b_address' => '3106 west wernett rd. ',
  'b_city' => 'pasco',
  'b_state' => 'WA',
  'b_postcode' => '99301',
  'b_country' => 'US',
  'b_tel' => '509430-2979',
) 
22:38:37 array (
  'siteno' => '193736180',
  'version' => '',
  'orderid' => '245150202066',
  'order_time' => '20150202223837',
  'lang' => 'en',
  'currency' => 'USD',
  'vat' => '8.00',
  'discount' => '0.00',
  'shippingfee' => '20.00',
  'productname[0]' => '2015 NFL Seattle Seahawks Knit Hats 03',
  'productno[0]' => 'HAT13228',
  'price[0]' => '9.90',
  'qty[0]' => 1,
  'productname[1]' => 'Nike Seahawks #25 Richard Sherman Team Color NFL Elite Fanatical Version Jersey
 Size:56',
  'productno[1]' => 'NFL28379',
  'price[1]' => '33.00',
  'qty[1]' => 1,
  'checkcode' => '9c4ec864c3ac260220216b1798de85aa',
  'backurl' => 'http://www.outlet-jersey.com/index.php?main_page=checkout_process',
  'notifyreurl' => 'http://www.outlet-jersey.com/mallpay_check.php',
  's_firstname' => 'Sky',
  's_lastname' => 'Mason',
  's_address' => '6780 thorp prairie road ',
  's_city' => 'Thorp',
  's_state' => 'WA',
  's_postcode' => '98946',
  's_country' => 'US',
  'email' => 'Masonsky18@gmail.com',
  's_tel' => '15098596851',
  'b_firstname' => 'Sky',
  'b_lastname' => 'Mason',
  'b_address' => '6780 thorp prairie road ',
  'b_city' => 'Thorp',
  'b_state' => 'WA',
  'b_postcode' => '98946',
  'b_country' => 'US',
  'b_tel' => '15098596851',
) 
22:39:41 array (
  'siteno' => '193736180',
  'version' => '',
  'orderid' => '245150202067',
  'order_time' => '20150202223941',
  'lang' => 'en',
  'currency' => 'USD',
  'vat' => '8.00',
  'discount' => '0.00',
  'shippingfee' => '20.00',
  'productname[0]' => '2015 NFL Seattle Seahawks Knit Hats 03',
  'productno[0]' => 'HAT13228',
  'price[0]' => '9.90',
  'qty[0]' => 1,
  'productname[1]' => 'Nike Seahawks #25 Richard Sherman Team Color NFL Elite Fanatical Version Jersey
 Size:56',
  'productno[1]' => 'NFL28379',
  'price[1]' => '33.00',
  'qty[1]' => 1,
  'checkcode' => 'd775b2298a1a7f375fabf7007272e6fd',
  'backurl' => 'http://www.outlet-jersey.com/index.php?main_page=checkout_process',
  'notifyreurl' => 'http://www.outlet-jersey.com/mallpay_check.php',
  's_firstname' => 'Sky',
  's_lastname' => 'Mason',
  's_address' => '6780 thorp prairie road ',
  's_city' => 'Thorp',
  's_state' => 'WA',
  's_postcode' => '98946',
  's_country' => 'US',
  'email' => 'Masonsky18@gmail.com',
  's_tel' => '15098596851',
  'b_firstname' => 'Sky',
  'b_lastname' => 'Mason',
  'b_address' => '6780 thorp prairie road ',
  'b_city' => 'Thorp',
  'b_state' => 'WA',
  'b_postcode' => '98946',
  'b_country' => 'US',
  'b_tel' => '15098596851',
) 
