00:48:51 array (
  'siteno' => '193736180',
  'version' => '',
  'orderid' => '245150320003',
  'order_time' => '20150320004851',
  'lang' => 'en',
  'currency' => 'USD',
  'vat' => '4.00',
  'discount' => '0.00',
  'shippingfee' => '25.00',
  'productname[0]' => 'Chicago Blackhawks #7 Brent Seabrook Red NHL Jersey
 Size:XXL(54)',
  'productno[0]' => 'NHL11607',
  'price[0]' => '33.00',
  'qty[0]' => 1,
  'checkcode' => '5a35688251868fa031a42953886442d6',
  'backurl' => 'http://www.outlet-jersey.com/index.php?main_page=checkout_process',
  'notifyreurl' => 'http://www.outlet-jersey.com/mallpay_check.php',
  's_firstname' => 'Michael',
  's_lastname' => 'hannion',
  's_address' => '2430 Winchester Drive ',
  's_city' => 'bismarck',
  's_state' => 'ND',
  's_postcode' => '58503',
  's_country' => 'US',
  'email' => 'Hannion48@yahoo.com',
  's_tel' => '7013011188',
  'b_firstname' => 'Michael',
  'b_lastname' => 'hannion',
  'b_address' => '2430 Winchester Drive ',
  'b_city' => 'bismarck',
  'b_state' => 'ND',
  'b_postcode' => '58503',
  'b_country' => 'US',
  'b_tel' => '7013011188',
) 
01:37:36 array (
  'siteno' => '193736180',
  'version' => '',
  'orderid' => '245150320010',
  'order_time' => '20150320013736',
  'lang' => 'en',
  'currency' => 'USD',
  'vat' => '4.00',
  'discount' => '0.00',
  'shippingfee' => '25.00',
  'productname[0]' => 'Boston Bruins #37 Patrice Bergeron Camo Veterans Day Practice NHL Jersey
 Size:M(48)',
  'productno[0]' => 'NHL10910',
  'price[0]' => '33.00',
  'qty[0]' => 1,
  'checkcode' => 'be9941cb009e7e612a053f1ccd5c920b',
  'backurl' => 'http://www.outlet-jersey.com/index.php?main_page=checkout_process',
  'notifyreurl' => 'http://www.outlet-jersey.com/mallpay_check.php',
  's_firstname' => 'Taylor',
  's_lastname' => 'Burgess',
  's_address' => '60 SW 13th Street Unit 4200 ',
  's_city' => 'Miami',
  's_state' => 'FL',
  's_postcode' => '33130',
  's_country' => 'US',
  'email' => 'tylrbrgss@yahoo.com',
  's_tel' => '5084687932',
  'b_firstname' => 'Taylor',
  'b_lastname' => 'Burgess',
  'b_address' => '60 SW 13th Street Unit 4200 ',
  'b_city' => 'Miami',
  'b_state' => 'FL',
  'b_postcode' => '33130',
  'b_country' => 'US',
  'b_tel' => '5084687932',
) 
01:50:09 array (
  'siteno' => '193736180',
  'version' => '',
  'orderid' => '245150320011',
  'order_time' => '20150320015009',
  'lang' => 'en',
  'currency' => 'USD',
  'vat' => '8.00',
  'discount' => '0.00',
  'shippingfee' => '20.00',
  'productname[0]' => '2012 All Star Bulls #1 Derrick Rose Blue Stitched NBA Jersey
 Size:Extra Large/52',
  'productno[0]' => 'NBA10001',
  'price[0]' => '18.50',
  'qty[0]' => 1,
  'productname[1]' => 'Chicago Bears #17 Alshon Jeffery White 2014 Pro Bowl NFL Elite Team Rice Jersey
 Size:52',
  'productno[1]' => 'NFL15008',
  'price[1]' => '22.50',
  'qty[1]' => 1,
  'checkcode' => '6a6a6be578d9d2c86ca4be027ae8e020',
  'backurl' => 'http://www.outlet-jersey.com/index.php?main_page=checkout_process',
  'notifyreurl' => 'http://www.outlet-jersey.com/mallpay_check.php',
  's_firstname' => 'Sanel',
  's_lastname' => 'Karadolami',
  's_address' => '1154 S Mitchell Ave ',
  's_city' => 'Arlington Heights',
  's_state' => 'IL',
  's_postcode' => '60005',
  's_country' => 'US',
  'email' => 'Sanely.karadolami@gmail.com',
  's_tel' => '224-578-8479',
  'b_firstname' => 'Sanel',
  'b_lastname' => 'Karadolami',
  'b_address' => '1154 S Mitchell Ave ',
  'b_city' => 'Arlington Heights',
  'b_state' => 'IL',
  'b_postcode' => '60005',
  'b_country' => 'US',
  'b_tel' => '224-578-8479',
) 
02:03:08 array (
  'siteno' => '193736180',
  'version' => '',
  'orderid' => '245150320013',
  'order_time' => '20150320020308',
  'lang' => 'en',
  'currency' => 'USD',
  'vat' => '4.00',
  'discount' => '0.00',
  'shippingfee' => '25.00',
  'productname[0]' => 'Rangers #30 Henrik Lundqvist Stitched Dark Blue 85TH  Third NHL Jersey
 Size:XXL(54)',
  'productno[0]' => 'NHL12485',
  'price[0]' => '33.00',
  'qty[0]' => 1,
  'checkcode' => '967769e55a3ed2cf04e88e579defe6db',
  'backurl' => 'http://www.outlet-jersey.com/index.php?main_page=checkout_process',
  'notifyreurl' => 'http://www.outlet-jersey.com/mallpay_check.php',
  's_firstname' => 'christopher',
  's_lastname' => 'Barrett',
  's_address' => '68 Ebersohl Circle ',
  's_city' => 'White House Station',
  's_state' => 'NJ',
  's_postcode' => '08889',
  's_country' => 'US',
  'email' => 'cblastcall@yahoo.com',
  's_tel' => '407-666-3180',
  'b_firstname' => 'christopher',
  'b_lastname' => 'Barrett',
  'b_address' => '68 Ebersohl Circle ',
  'b_city' => 'White House Station',
  'b_state' => 'NJ',
  'b_postcode' => '08889',
  'b_country' => 'US',
  'b_tel' => '407-666-3180',
) 
02:04:44 array (
  'siteno' => '193736180',
  'version' => '',
  'orderid' => '245150320014',
  'order_time' => '20150320020444',
  'lang' => 'en',
  'currency' => 'USD',
  'vat' => '4.00',
  'discount' => '0.00',
  'shippingfee' => '25.00',
  'productname[0]' => 'Rangers #30 Henrik Lundqvist Stitched Dark Blue 85TH  Third NHL Jersey
 Size:XXL(54)',
  'productno[0]' => 'NHL12485',
  'price[0]' => '33.00',
  'qty[0]' => 1,
  'checkcode' => '785113f1189d9edff7ceab97f8296b18',
  'backurl' => 'http://www.outlet-jersey.com/index.php?main_page=checkout_process',
  'notifyreurl' => 'http://www.outlet-jersey.com/mallpay_check.php',
  's_firstname' => 'christopher',
  's_lastname' => 'Barrett',
  's_address' => '68 Ebersohl Circle ',
  's_city' => 'White House Station',
  's_state' => 'NJ',
  's_postcode' => '08889',
  's_country' => 'US',
  'email' => 'cblastcall@yahoo.com',
  's_tel' => '407-666-3180',
  'b_firstname' => 'christopher',
  'b_lastname' => 'Barrett',
  'b_address' => '68 Ebersohl Circle ',
  'b_city' => 'White House Station',
  'b_state' => 'NJ',
  'b_postcode' => '08889',
  'b_country' => 'US',
  'b_tel' => '407-666-3180',
) 
02:16:28 array (
  'siteno' => '193736180',
  'version' => '',
  'orderid' => '245150320017',
  'order_time' => '20150320021628',
  'lang' => 'en',
  'currency' => 'USD',
  'vat' => '4.00',
  'discount' => '0.00',
  'shippingfee' => '25.00',
  'productname[0]' => 'New York Rangers #36 Mats Zuccarello Blue Home NHL Jersey
 Size:L(50)',
  'productno[0]' => 'NHL12411',
  'price[0]' => '33.00',
  'qty[0]' => 1,
  'checkcode' => '816448b8475c08495c34814673d8db0a',
  'backurl' => 'http://www.outlet-jersey.com/index.php?main_page=checkout_process',
  'notifyreurl' => 'http://www.outlet-jersey.com/mallpay_check.php',
  's_firstname' => 'Tim',
  's_lastname' => 'Koeppenkastrop',
  's_address' => '245 Taunton Rd ',
  's_city' => 'Fairfield',
  's_state' => 'CT',
  's_postcode' => '06824',
  's_country' => 'US',
  'email' => 'tim.koeppenkastrop@web.de',
  's_tel' => '9176923591',
  'b_firstname' => 'Tim',
  'b_lastname' => 'Koeppenkastrop',
  'b_address' => '245 Taunton Rd ',
  'b_city' => 'Fairfield',
  'b_state' => 'CT',
  'b_postcode' => '06824',
  'b_country' => 'US',
  'b_tel' => '9176923591',
) 
02:32:58 array (
  'siteno' => '193736180',
  'version' => '',
  'orderid' => '245150320019',
  'order_time' => '20150320023258',
  'lang' => 'en',
  'currency' => 'USD',
  'vat' => '8.00',
  'discount' => '0.00',
  'shippingfee' => '20.00',
  'productname[0]' => 'Detroit Red Wings #40 Henrik Zetterberg Camo Veterans Day Practice NHL Jersey
 Size:XXXL(56)',
  'productno[0]' => 'NHL11789',
  'price[0]' => '33.00',
  'qty[0]' => 2,
  'checkcode' => '8be5e13b0b7d1a460dd94dead1d31658',
  'backurl' => 'http://www.outlet-jersey.com/index.php?main_page=checkout_process',
  'notifyreurl' => 'http://www.outlet-jersey.com/mallpay_check.php',
  's_firstname' => 'Donna',
  's_lastname' => 'Mathis',
  's_address' => '29819 vinewood ln. ',
  's_city' => 'Rockwood mi.',
  's_state' => 'MI',
  's_postcode' => '48173',
  's_country' => 'US',
  'email' => 'beverleyt160@hotmail.com',
  's_tel' => '7343095017',
  'b_firstname' => 'Donna',
  'b_lastname' => 'Mathis',
  'b_address' => '29819 vinewood ln. ',
  'b_city' => 'Rockwood mi.',
  'b_state' => 'MI',
  'b_postcode' => '48173',
  'b_country' => 'US',
  'b_tel' => '7343095017',
) 
04:40:24 array (
  'siteno' => '193736180',
  'version' => '',
  'orderid' => '245150320030',
  'order_time' => '20150320044024',
  'lang' => 'en',
  'currency' => 'USD',
  'vat' => '20.00',
  'discount' => '0.00',
  'shippingfee' => '15.00',
  'productname[0]' => 'NHL Jersey Chicago Blackhawks 3 Magnuson Red  Men Stitched 2015 Winter Classic Stitched NHL Jersey
 Size:XL(52)',
  'productno[0]' => 'NHL2015019576',
  'price[0]' => '36.80',
  'qty[0]' => 1,
  'productname[1]' => 'NHL Jersey Chicago Blackhawks 9 HULL Red ccm   Men Stitched Charcoal Cross Check Fashion Jersey
 Size:XL(52)',
  'productno[1]' => 'NHL2015019639',
  'price[1]' => '36.55',
  'qty[1]' => 1,
  'productname[2]' => 'Blackhawks #00 Clark Griswold White CCM Throwback Stitched NHL Jersey
 Size:XL(52)',
  'productno[2]' => 'NHL11160',
  'price[2]' => '33.00',
  'qty[2]' => 1,
  'productname[3]' => 'Blackhawks #21 Stan Mikita Stitched Red CCM Throwback NHL Jersey
 Size:XXXL(56)',
  'productno[3]' => 'NHL11286',
  'price[3]' => '33.00',
  'qty[3]' => 1,
  'productname[4]' => 'Blackhawks #4 Nikals Hjalmarsson Green Stitched NHL Jersey
 Size:XL(52)',
  'productno[4]' => 'NHL11374',
  'price[4]' => '33.00',
  'qty[4]' => 1,
  'checkcode' => '04fa3fcd160199dadd83d8c4188b46d5',
  'backurl' => 'http://www.outlet-jersey.com/index.php?main_page=checkout_process',
  'notifyreurl' => 'http://www.outlet-jersey.com/mallpay_check.php',
  's_firstname' => 'Greg',
  's_lastname' => 'Miller',
  's_address' => '3626 Hale Lane ',
  's_city' => 'Island Lake',
  's_state' => 'IL',
  's_postcode' => '60042',
  's_country' => 'US',
  'email' => 'Mills211@comcast.net',
  's_tel' => '847 526-4091',
  'b_firstname' => 'Greg',
  'b_lastname' => 'Miller',
  'b_address' => '3626 Hale Lane ',
  'b_city' => 'Island Lake',
  'b_state' => 'IL',
  'b_postcode' => '60042',
  'b_country' => 'US',
  'b_tel' => '847 526-4091',
) 
05:11:38 array (
  'siteno' => '193736180',
  'version' => '',
  'orderid' => '245150320031',
  'order_time' => '20150320051138',
  'lang' => 'en',
  'currency' => 'USD',
  'vat' => '4.00',
  'discount' => '0.00',
  'shippingfee' => '25.00',
  'productname[0]' => 'New York Rangers #36 Mats Zuccarello Blue Home With 2014 Stanley Cup Finals NHL Jersey
 Size:XXXL(56)',
  'productno[0]' => 'NHL10790',
  'price[0]' => '34.00',
  'qty[0]' => 1,
  'checkcode' => 'ff4972c8a7fbf3c1a28bc40f94ef1384',
  'backurl' => 'http://www.outlet-jersey.com/index.php?main_page=checkout_process',
  'notifyreurl' => 'http://www.outlet-jersey.com/mallpay_check.php',
  's_firstname' => 'Dominick',
  's_lastname' => 'Coribello',
  's_address' => '390 Cochran Place ',
  's_city' => 'Valley Stream',
  's_state' => 'NY',
  's_postcode' => '11581',
  's_country' => 'US',
  'email' => 'hooksandhoses@al.com',
  's_tel' => '3478660151',
  'b_firstname' => 'Dominick',
  'b_lastname' => 'Coribello',
  'b_address' => '390 Cochran Place ',
  'b_city' => 'Valley Stream',
  'b_state' => 'NY',
  'b_postcode' => '11581',
  'b_country' => 'US',
  'b_tel' => '3478660151',
) 
05:14:25 array (
  'siteno' => '193736180',
  'version' => '',
  'orderid' => '245150320032',
  'order_time' => '20150320051425',
  'lang' => 'en',
  'currency' => 'USD',
  'vat' => '4.00',
  'discount' => '0.00',
  'shippingfee' => '25.00',
  'productname[0]' => 'New York Rangers #36 Mats Zuccarello Blue Home With 2014 Stanley Cup Finals NHL Jersey
 Size:XXXL(56)',
  'productno[0]' => 'NHL10790',
  'price[0]' => '34.00',
  'qty[0]' => 1,
  'checkcode' => '7151ec0ac2de3e49058b1d60ef2f9688',
  'backurl' => 'http://www.outlet-jersey.com/index.php?main_page=checkout_process',
  'notifyreurl' => 'http://www.outlet-jersey.com/mallpay_check.php',
  's_firstname' => 'Dominick',
  's_lastname' => 'Coribello',
  's_address' => '390 Cochran Place ',
  's_city' => 'Valley Stream',
  's_state' => 'NY',
  's_postcode' => '11581',
  's_country' => 'US',
  'email' => 'hooksandhoses@al.com',
  's_tel' => '3478660151',
  'b_firstname' => 'Dominick',
  'b_lastname' => 'Coribello',
  'b_address' => '390 Cochran Place ',
  'b_city' => 'Valley Stream',
  'b_state' => 'NY',
  'b_postcode' => '11581',
  'b_country' => 'US',
  'b_tel' => '3478660151',
) 
09:54:24 array (
  'siteno' => '193736180',
  'version' => '',
  'orderid' => '245150320048',
  'order_time' => '20150320095424',
  'lang' => 'en',
  'currency' => 'USD',
  'vat' => '16.00',
  'discount' => '0.00',
  'shippingfee' => '20.00',
  'productname[0]' => 'NHL Jersey Chicago Blackhawks 017  Men Stitched with Purple Num Stitched NHL Jersey
 Size:M(48)',
  'productno[0]' => 'NHL2015019494',
  'price[0]' => '36.52',
  'qty[0]' => 1,
  'productname[1]' => 'NHL Jersey Chicago Blackhawks 007  Men Stitched Fights Cancer Stitched Hockey Jersey
 Size:M(48)',
  'productno[1]' => 'NHL2015019481',
  'price[1]' => '36.52',
  'qty[1]' => 1,
  'productname[2]' => 'NHL Jersey Chicago Blackhawks 7 Seabrook Black ice 2  Men Stitched Fights Cancer Stitched Hockey Jersey
 Size:M(48)',
  'productno[2]' => 'NHL2015019601',
  'price[2]' => '36.70',
  'qty[2]' => 1,
  'productname[3]' => 'Blackhawks #19 Janathan Toews White/Purple Women\'s Thanksgiving Edition Stitched NHL Jersey
 Size:Medium/48',
  'productno[3]' => 'WOMEN6704',
  'price[3]' => '31.00',
  'qty[3]' => 1,
  'checkcode' => '31f6912cd6d5b4ddc2625e1d1102f4fb',
  'backurl' => 'http://www.outlet-jersey.com/index.php?main_page=checkout_process',
  'notifyreurl' => 'http://www.outlet-jersey.com/mallpay_check.php',
  's_firstname' => 'eileen',
  's_lastname' => 'baker',
  's_address' => '127 cora ave ',
  's_city' => 'foxlake',
  's_state' => 'IL',
  's_postcode' => '60020',
  's_country' => 'US',
  'email' => 'eileenbaker45@yahoo.com',
  's_tel' => '224 627 2798',
  'b_firstname' => 'eileen',
  'b_lastname' => 'baker',
  'b_address' => '127 cora ave ',
  'b_city' => 'foxlake',
  'b_state' => 'IL',
  'b_postcode' => '60020',
  'b_country' => 'US',
  'b_tel' => '224 627 2798',
) 
10:04:14 array (
  'siteno' => '193736180',
  'version' => '',
  'orderid' => '245150320049',
  'order_time' => '20150320100414',
  'lang' => 'en',
  'currency' => 'USD',
  'vat' => '16.00',
  'discount' => '0.00',
  'shippingfee' => '20.00',
  'productname[0]' => 'NHL Jersey Chicago Blackhawks 017  Men Stitched with Purple Num Stitched NHL Jersey
 Size:M(48)',
  'productno[0]' => 'NHL2015019494',
  'price[0]' => '36.52',
  'qty[0]' => 1,
  'productname[1]' => 'NHL Jersey Chicago Blackhawks 007  Men Stitched Fights Cancer Stitched Hockey Jersey
 Size:M(48)',
  'productno[1]' => 'NHL2015019481',
  'price[1]' => '36.52',
  'qty[1]' => 1,
  'productname[2]' => 'NHL Jersey Chicago Blackhawks 7 Seabrook Black ice 2  Men Stitched Fights Cancer Stitched Hockey Jersey
 Size:M(48)',
  'productno[2]' => 'NHL2015019601',
  'price[2]' => '36.70',
  'qty[2]' => 1,
  'productname[3]' => 'Blackhawks #19 Janathan Toews White/Purple Women\'s Thanksgiving Edition Stitched NHL Jersey
 Size:Medium/48',
  'productno[3]' => 'WOMEN6704',
  'price[3]' => '31.00',
  'qty[3]' => 1,
  'checkcode' => 'dce59225c8725436c9a95fec7f3bede7',
  'backurl' => 'http://www.outlet-jersey.com/index.php?main_page=checkout_process',
  'notifyreurl' => 'http://www.outlet-jersey.com/mallpay_check.php',
  's_firstname' => 'eileen',
  's_lastname' => 'baker',
  's_address' => '127 cora ave ',
  's_city' => 'foxlake',
  's_state' => 'IL',
  's_postcode' => '60020',
  's_country' => 'US',
  'email' => 'eileenbaker45@yahoo.com',
  's_tel' => '224 627 2798',
  'b_firstname' => 'eileen',
  'b_lastname' => 'baker',
  'b_address' => '127 cora ave ',
  'b_city' => 'foxlake',
  'b_state' => 'IL',
  'b_postcode' => '60020',
  'b_country' => 'US',
  'b_tel' => '224 627 2798',
) 
10:15:00 array (
  'siteno' => '193736180',
  'version' => '',
  'orderid' => '245150320051',
  'order_time' => '20150320101500',
  'lang' => 'en',
  'currency' => 'USD',
  'vat' => '16.00',
  'discount' => '0.00',
  'shippingfee' => '20.00',
  'productname[0]' => 'Blackhawks #19 Jonathan Toews Black Accelerator Stitched Stanley Cup Champions NHL Jersey
 Size:M(48)',
  'productno[0]' => 'NHL11222',
  'price[0]' => '33.00',
  'qty[0]' => 1,
  'productname[1]' => 'Chicago Blackhawks #50 Corey Crawford Charcoal Cross Check Fashion Stitched NHL Jersey
 Size:L(50)',
  'productno[1]' => 'NHL11591',
  'price[1]' => '34.00',
  'qty[1]' => 1,
  'productname[2]' => 'Blackhawks #19 Jonathan Toews Stitched Black Stanley Cup Champions NHL Jersey
 Size:M(48)',
  'productno[2]' => 'NHL11252',
  'price[2]' => '33.00',
  'qty[2]' => 1,
  'productname[3]' => 'Blackhawks #50 Corey Crawford Black Stitched Stanley Cup Champions NHL Jersey
 Size:L(50)',
  'productno[3]' => 'NHL11382',
  'price[3]' => '33.00',
  'qty[3]' => 1,
  'checkcode' => 'ea10602c974f22b16d245c3b69b1a4e0',
  'backurl' => 'http://www.outlet-jersey.com/index.php?main_page=checkout_process',
  'notifyreurl' => 'http://www.outlet-jersey.com/mallpay_check.php',
  's_firstname' => 'ryan',
  's_lastname' => 'mcheffey',
  's_address' => '566 cherry st apt 5 ',
  's_city' => 'mosinee',
  's_state' => 'WI',
  's_postcode' => '54455',
  's_country' => 'US',
  'email' => 'ryanmcheffey@gmail.com',
  's_tel' => '6304602219',
  'b_firstname' => 'ryan',
  'b_lastname' => 'mcheffey',
  'b_address' => '566 cherry st apt 5 ',
  'b_city' => 'mosinee',
  'b_state' => 'WI',
  'b_postcode' => '54455',
  'b_country' => 'US',
  'b_tel' => '6304602219',
) 
10:17:06 array (
  'siteno' => '193736180',
  'version' => '',
  'orderid' => '245150320052',
  'order_time' => '20150320101706',
  'lang' => 'en',
  'currency' => 'USD',
  'vat' => '16.00',
  'discount' => '0.00',
  'shippingfee' => '20.00',
  'productname[0]' => 'Blackhawks #19 Jonathan Toews Black Accelerator Stitched Stanley Cup Champions NHL Jersey
 Size:M(48)',
  'productno[0]' => 'NHL11222',
  'price[0]' => '33.00',
  'qty[0]' => 1,
  'productname[1]' => 'Chicago Blackhawks #50 Corey Crawford Charcoal Cross Check Fashion Stitched NHL Jersey
 Size:L(50)',
  'productno[1]' => 'NHL11591',
  'price[1]' => '34.00',
  'qty[1]' => 1,
  'productname[2]' => 'Blackhawks #19 Jonathan Toews Stitched Black Stanley Cup Champions NHL Jersey
 Size:M(48)',
  'productno[2]' => 'NHL11252',
  'price[2]' => '33.00',
  'qty[2]' => 1,
  'productname[3]' => 'Blackhawks #50 Corey Crawford Black Stitched Stanley Cup Champions NHL Jersey
 Size:L(50)',
  'productno[3]' => 'NHL11382',
  'price[3]' => '33.00',
  'qty[3]' => 1,
  'checkcode' => 'a6670c61f821b78e17a3ddd67de7d2a6',
  'backurl' => 'http://www.outlet-jersey.com/index.php?main_page=checkout_process',
  'notifyreurl' => 'http://www.outlet-jersey.com/mallpay_check.php',
  's_firstname' => 'ryan',
  's_lastname' => 'mcheffey',
  's_address' => '566 cherry st apt 5 ',
  's_city' => 'mosinee',
  's_state' => 'WI',
  's_postcode' => '54455',
  's_country' => 'US',
  'email' => 'ryanmcheffey@gmail.com',
  's_tel' => '6304602219',
  'b_firstname' => 'ryan',
  'b_lastname' => 'mcheffey',
  'b_address' => '566 cherry st apt 5 ',
  'b_city' => 'mosinee',
  'b_state' => 'WI',
  'b_postcode' => '54455',
  'b_country' => 'US',
  'b_tel' => '6304602219',
) 
11:24:57 array (
  'siteno' => '193736180',
  'version' => '',
  'orderid' => '245150320054',
  'order_time' => '20150320112457',
  'lang' => 'en',
  'currency' => 'USD',
  'vat' => '12.00',
  'discount' => '0.00',
  'shippingfee' => '20.00',
  'productname[0]' => 'Red Wings #13 Pavel Datsyuk Red 2014 Winter Classic Women\'s Stitched NHL Jersey
 Size:Small/46',
  'productno[0]' => 'WOMEN6731',
  'price[0]' => '31.00',
  'qty[0]' => 1,
  'productname[1]' => 'Red Wings #13 Pavel Datsyuk Red 2014 Winter Classic Stitched NHL Jersey
 Size:M(48)',
  'productno[1]' => 'NHL11802',
  'price[1]' => '33.00',
  'qty[1]' => 1,
  'productname[2]' => 'Red Wings #13 Pavel Datsyuk Red 2014 Winter Classic Stitched NHL Jersey
 Size:L(50)',
  'productno[2]' => 'NHL11802',
  'price[2]' => '33.00',
  'qty[2]' => 1,
  'checkcode' => '11d0b0d31ccda87f7eb65985aab8e588',
  'backurl' => 'http://www.outlet-jersey.com/index.php?main_page=checkout_process',
  'notifyreurl' => 'http://www.outlet-jersey.com/mallpay_check.php',
  's_firstname' => 'Morgan',
  's_lastname' => 'Meyer',
  's_address' => '4642 Caspian Dr SW ',
  's_city' => 'Wyoming',
  's_state' => 'MI',
  's_postcode' => '49519',
  's_country' => 'US',
  'email' => 'xxteddyxx1313@gmail.com',
  's_tel' => '6162505817',
  'b_firstname' => 'Morgan',
  'b_lastname' => 'Meyer',
  'b_address' => '3650 Perry Ave ',
  'b_city' => 'Wyoming',
  'b_state' => 'MI',
  'b_postcode' => '49519',
  'b_country' => 'US',
  'b_tel' => '6162505817',
) 
11:29:26 array (
  'siteno' => '193736180',
  'version' => '',
  'orderid' => '245150320055',
  'order_time' => '20150320112926',
  'lang' => 'en',
  'currency' => 'USD',
  'vat' => '12.00',
  'discount' => '0.00',
  'shippingfee' => '20.00',
  'productname[0]' => 'Red Wings #13 Pavel Datsyuk Red 2014 Winter Classic Women\'s Stitched NHL Jersey
 Size:Small/46',
  'productno[0]' => 'WOMEN6731',
  'price[0]' => '31.00',
  'qty[0]' => 1,
  'productname[1]' => 'Red Wings #13 Pavel Datsyuk Red 2014 Winter Classic Stitched NHL Jersey
 Size:M(48)',
  'productno[1]' => 'NHL11802',
  'price[1]' => '33.00',
  'qty[1]' => 1,
  'productname[2]' => 'Red Wings #13 Pavel Datsyuk Red 2014 Winter Classic Stitched NHL Jersey
 Size:L(50)',
  'productno[2]' => 'NHL11802',
  'price[2]' => '33.00',
  'qty[2]' => 1,
  'checkcode' => '19db67adb60d134989202c47239c773f',
  'backurl' => 'http://www.outlet-jersey.com/index.php?main_page=checkout_process',
  'notifyreurl' => 'http://www.outlet-jersey.com/mallpay_check.php',
  's_firstname' => 'Morgan',
  's_lastname' => 'Meyer',
  's_address' => '4642 Caspian Dr SW ',
  's_city' => 'Wyoming',
  's_state' => 'MI',
  's_postcode' => '49519',
  's_country' => 'US',
  'email' => 'xxteddyxx1313@gmail.com',
  's_tel' => '6162505817',
  'b_firstname' => 'Morgan',
  'b_lastname' => 'Meyer',
  'b_address' => '3650 Perry Ave ',
  'b_city' => 'Wyoming',
  'b_state' => 'MI',
  'b_postcode' => '49519',
  'b_country' => 'US',
  'b_tel' => '6162505817',
) 
11:29:58 array (
  'siteno' => '193736180',
  'version' => '',
  'orderid' => '245150320056',
  'order_time' => '20150320112958',
  'lang' => 'en',
  'currency' => 'USD',
  'vat' => '12.00',
  'discount' => '0.00',
  'shippingfee' => '20.00',
  'productname[0]' => 'Red Wings #13 Pavel Datsyuk Red 2014 Winter Classic Women\'s Stitched NHL Jersey
 Size:Small/46',
  'productno[0]' => 'WOMEN6731',
  'price[0]' => '31.00',
  'qty[0]' => 1,
  'productname[1]' => 'Red Wings #13 Pavel Datsyuk Red 2014 Winter Classic Stitched NHL Jersey
 Size:M(48)',
  'productno[1]' => 'NHL11802',
  'price[1]' => '33.00',
  'qty[1]' => 1,
  'productname[2]' => 'Red Wings #13 Pavel Datsyuk Red 2014 Winter Classic Stitched NHL Jersey
 Size:L(50)',
  'productno[2]' => 'NHL11802',
  'price[2]' => '33.00',
  'qty[2]' => 1,
  'checkcode' => '9559f087456db109a6451ea489d4467b',
  'backurl' => 'http://www.outlet-jersey.com/index.php?main_page=checkout_process',
  'notifyreurl' => 'http://www.outlet-jersey.com/mallpay_check.php',
  's_firstname' => 'Morgan',
  's_lastname' => 'Meyer',
  's_address' => '4642 Caspian Dr SW ',
  's_city' => 'Wyoming',
  's_state' => 'MI',
  's_postcode' => '49519',
  's_country' => 'US',
  'email' => 'xxteddyxx1313@gmail.com',
  's_tel' => '6162505817',
  'b_firstname' => 'Morgan',
  'b_lastname' => 'Meyer',
  'b_address' => '3650 Perry Ave ',
  'b_city' => 'Wyoming',
  'b_state' => 'MI',
  'b_postcode' => '49519',
  'b_country' => 'US',
  'b_tel' => '6162505817',
) 
11:30:03 array (
  'siteno' => '193736180',
  'version' => '',
  'orderid' => '245150320057',
  'order_time' => '20150320113003',
  'lang' => 'en',
  'currency' => 'USD',
  'vat' => '12.00',
  'discount' => '0.00',
  'shippingfee' => '20.00',
  'productname[0]' => 'Red Wings #13 Pavel Datsyuk Red 2014 Winter Classic Women\'s Stitched NHL Jersey
 Size:Small/46',
  'productno[0]' => 'WOMEN6731',
  'price[0]' => '31.00',
  'qty[0]' => 1,
  'productname[1]' => 'Red Wings #13 Pavel Datsyuk Red 2014 Winter Classic Stitched NHL Jersey
 Size:M(48)',
  'productno[1]' => 'NHL11802',
  'price[1]' => '33.00',
  'qty[1]' => 1,
  'productname[2]' => 'Red Wings #13 Pavel Datsyuk Red 2014 Winter Classic Stitched NHL Jersey
 Size:L(50)',
  'productno[2]' => 'NHL11802',
  'price[2]' => '33.00',
  'qty[2]' => 1,
  'checkcode' => '20818b7f87b570e0d0eae3b1f2a42b34',
  'backurl' => 'http://www.outlet-jersey.com/index.php?main_page=checkout_process',
  'notifyreurl' => 'http://www.outlet-jersey.com/mallpay_check.php',
  's_firstname' => 'Morgan',
  's_lastname' => 'Meyer',
  's_address' => '4642 Caspian Dr SW ',
  's_city' => 'Wyoming',
  's_state' => 'MI',
  's_postcode' => '49519',
  's_country' => 'US',
  'email' => 'xxteddyxx1313@gmail.com',
  's_tel' => '6162505817',
  'b_firstname' => 'Morgan',
  'b_lastname' => 'Meyer',
  'b_address' => '3650 Perry Ave ',
  'b_city' => 'Wyoming',
  'b_state' => 'MI',
  'b_postcode' => '49519',
  'b_country' => 'US',
  'b_tel' => '6162505817',
) 
20:20:21 array (
  'siteno' => '193736180',
  'version' => '',
  'orderid' => '245150320073',
  'order_time' => '20150320202021',
  'lang' => 'en',
  'currency' => 'USD',
  'vat' => '8.00',
  'discount' => '0.00',
  'shippingfee' => '20.00',
  'productname[0]' => 'Jets #13 Teemu Selanne Stitched Blue CCM Throwback NHL Jersey
 Size:XXXL(56)',
  'productno[0]' => 'NHL13577',
  'price[0]' => '33.00',
  'qty[0]' => 1,
  'productname[1]' => 'NHL Jersey Canadiens 9 Maurice Richard Stitched Red NHL Jersey Jersey  Men Stitched with Purple Num Stitched NHL Jersey
 Size:XXXL(56)',
  'productno[1]' => 'NHL2015019706',
  'price[1]' => '36.80',
  'qty[1]' => 1,
  'checkcode' => '510e68e738e742fb7dac5b69ebbd5ce8',
  'backurl' => 'http://www.outlet-jersey.com/index.php?main_page=checkout_process',
  'notifyreurl' => 'http://www.outlet-jersey.com/mallpay_check.php',
  's_firstname' => 'Patrick',
  's_lastname' => 'Hogan',
  's_address' => '1200 Beville Rd Apt 31 ',
  's_city' => 'Daytona Beach',
  's_state' => 'FL',
  's_postcode' => '32114',
  's_country' => 'US',
  'email' => 'phogan12@cfl.rr.com',
  's_tel' => '3862352648',
  'b_firstname' => 'Patrick',
  'b_lastname' => 'Hogan',
  'b_address' => '1200 Beville Rd Apt 31 ',
  'b_city' => 'Daytona Beach',
  'b_state' => 'FL',
  'b_postcode' => '32114',
  'b_country' => 'US',
  'b_tel' => '3862352648',
) 
22:28:13 array (
  'siteno' => '193736180',
  'version' => '',
  'orderid' => '245150320083',
  'order_time' => '20150320222813',
  'lang' => 'en',
  'currency' => 'USD',
  'vat' => '8.00',
  'discount' => '0.00',
  'shippingfee' => '20.00',
  'productname[0]' => 'Sharks #8 Joe Pavelski Stitched Black NHL Jersey
 Size:XL(52)',
  'productno[0]' => 'NHL13168',
  'price[0]' => '33.00',
  'qty[0]' => 1,
  'productname[1]' => 'Sharks #12 Patrick Marleau White Stitched NHL Jersey
 Size:L(50)',
  'productno[1]' => 'NHL13143',
  'price[1]' => '33.00',
  'qty[1]' => 1,
  'checkcode' => '4c34699930757b5df496a2efd9d1c533',
  'backurl' => 'http://www.outlet-jersey.com/index.php?main_page=checkout_process',
  'notifyreurl' => 'http://www.outlet-jersey.com/mallpay_check.php',
  's_firstname' => 'Alessandro',
  's_lastname' => 'tani',
  's_address' => '10934 dryden ave ',
  's_city' => 'cupertino',
  's_state' => 'CA',
  's_postcode' => '95014',
  's_country' => 'US',
  'email' => 'alessandromtani@gmail.com',
  's_tel' => '4085052556',
  'b_firstname' => 'Alessandro',
  'b_lastname' => 'tani',
  'b_address' => '10934 dryden ave ',
  'b_city' => 'cupertino',
  'b_state' => 'CA',
  'b_postcode' => '95014',
  'b_country' => 'US',
  'b_tel' => '4085052556',
) 
