03:58:32 array (
  'siteno' => '193736180',
  'version' => '',
  'orderid' => '245150325009',
  'order_time' => '20150325035832',
  'lang' => 'en',
  'currency' => 'USD',
  'vat' => '104.00',
  'discount' => '0.00',
  'shippingfee' => '0.00',
  'productname[0]' => 'Men\'s Nike New Orleans Saints Vapor Jet 2.0 Gloves
 Size:M',
  'productno[0]' => 'NFL22674',
  'price[0]' => '18.00',
  'qty[0]' => 1,
  'productname[1]' => 'Nike Texans #99 J.J. Watt Lights Out Grey Youth Stitched NFL Elite Jersey
 Size:M(10-12)',
  'productno[1]' => 'YOUTH2843',
  'price[1]' => '21.00',
  'qty[1]' => 1,
  'productname[2]' => '2014 Youth Nike Seattle Seahawks 3# Russell Wilson New Lights Out Black Elite Jersey
 Size:S(8)',
  'productno[2]' => 'YOUTH1080',
  'price[2]' => '21.00',
  'qty[2]' => 1,
  'productname[3]' => 'Nike Giants #13 Odell Beckham Jr Youth Stitched Red Limited Jersey
 Size:L',
  'productno[3]' => 'JE1731623',
  'price[3]' => '23.53',
  'qty[3]' => 1,
  'productname[4]' => 'Thunder #35 Kevin Durant Blue Stitched Youth NBA Jersey
 Size:Small',
  'productno[4]' => 'YOUTH3722',
  'price[4]' => '18.00',
  'qty[4]' => 1,
  'productname[5]' => 'Men\'s Nike Indianapolis Colts Vapor Jet 2.0 Gloves
 Size:M',
  'productno[5]' => 'NFL21315',
  'price[5]' => '18.00',
  'qty[5]' => 1,
  'productname[6]' => 'Colts #12 Andrew Luck Blue Stitched NFL Jersey
 Size:Large/50',
  'productno[6]' => 'NFL10818',
  'price[6]' => '19.00',
  'qty[6]' => 1,
  'productname[7]' => 'Angels #27 Mike Trout Grey Cool Base Stitched Youth Baseball Jersey
 Size:XL(16-18)',
  'productno[7]' => 'YOUTH3330',
  'price[7]' => '18.00',
  'qty[7]' => 1,
  'productname[8]' => 'Nike Jets #24 Darrelle Revis Green Team Color Youth Stitched NFL Elite Jersey
 Size:S(8)',
  'productno[8]' => 'YOUTH1964',
  'price[8]' => '21.00',
  'qty[8]' => 1,
  'productname[9]' => 'Cavaliers #2 Kyrie Irving Red Stitched Youth NBA Jersey
 Size:Medium',
  'productno[9]' => 'YOUTH3636',
  'price[9]' => '18.00',
  'qty[9]' => 1,
  'productname[10]' => 'Revolution 30 Cleveland Cavaliers #23 LeBron James Dark Blue Stitched Youth NBA Jersey
 Size:S(10-12)',
  'productno[10]' => 'YOUTH3703',
  'price[10]' => '18.50',
  'qty[10]' => 1,
  'productname[11]' => 'Youth nba miami heat #3 wade red[revolution 30 swingman]
 Size:S(10-12)',
  'productno[11]' => 'YOUTH3746',
  'price[11]' => '18.00',
  'qty[11]' => 1,
  'productname[12]' => 'Youth NBA San Antonio Spurs #20 Manu Ginobili White With Finals Patch Stitched NBA Jersey
 Size:S(10-12)',
  'productno[12]' => 'YOUTH3761',
  'price[12]' => '18.50',
  'qty[12]' => 1,
  'productname[13]' => 'Adidas Spain 2014 World Short Sleeves Soccer T-shirts Light Grey
 Size:XL',
  'productno[13]' => 'SOC10692',
  'price[13]' => '11.00',
  'qty[13]' => 1,
  'productname[14]' => 'Nike Dolphins #17 Ryan Tannehill Aqua Green Team Color Men\'s Stitched NFL Game Jersey
 Size:XL',
  'productno[14]' => 'NFL22188',
  'price[14]' => '21.50',
  'qty[14]' => 1,
  'productname[15]' => 'Mavericks #41 Dirk Nowitzki Dark Blue Stitched Youth NBA Jersey
 Size:Extra Large',
  'productno[15]' => 'YOUTH3690',
  'price[15]' => '18.00',
  'qty[15]' => 1,
  'productname[16]' => 'Nationals #34 Bryce Harper Blue Cool Base Stitched Youth Baseball Jersey
 Size:XL(16-18)',
  'productno[16]' => 'YOUTH3399',
  'price[16]' => '18.00',
  'qty[16]' => 1,
  'productname[17]' => 'Rays #3 Evan Longoria Light Blue Stitched Youth Baseball Jersey
 Size:XL(16-18)',
  'productno[17]' => 'YOUTH3450',
  'price[17]' => '18.00',
  'qty[17]' => 1,
  'productname[18]' => 'Lakers #24 Kobe Bryant Yellow Champion Patch Stitched Youth NBA Jersey
 Size:Extra Large',
  'productno[18]' => 'YOUTH3683',
  'price[18]' => '18.00',
  'qty[18]' => 1,
  'productname[19]' => 'Nike USA 2014 World Short Sleeves Soccer T-shirts Light Grey
 Size:XL',
  'productno[19]' => 'SOC10871',
  'price[19]' => '11.00',
  'qty[19]' => 1,
  'productname[20]' => 'Cleveland Cavaliers #2 Kyrie Irving Blue Revolution 30 Swingman Jersey
 Size:52(XL)',
  'productno[20]' => 'NBA10579',
  'price[20]' => '18.50',
  'qty[20]' => 1,
  'productname[21]' => 'Kings #7 Jimmer Fredette White Stitched Youth NBA Jersey
 Size:Medium',
  'productno[21]' => 'YOUTH3674',
  'price[21]' => '18.00',
  'qty[21]' => 1,
  'productname[22]' => 'Devils #26 Patrik Elias Red Home 2012 Stanley Cup Stitched Youth NHL Jersey
 Size:Small/Medium',
  'productno[22]' => 'YOUTH4480',
  'price[22]' => '31.00',
  'qty[22]' => 2,
  'productname[23]' => 'Cavaliers #23 LeBron James Red Stitched Youth NBA Jersey
 Size:Medium',
  'productno[23]' => 'YOUTH3638',
  'price[23]' => '18.00',
  'qty[23]' => 1,
  'productname[24]' => 'Nuggets #55 Dikembe Mutombo Dark Blue Swingman Throwback Stitched NBA Jersey
 Size:Small/44',
  'productno[24]' => 'NBA10831',
  'price[24]' => '18.50',
  'qty[24]' => 1,
  'checkcode' => '4b7f0c02a5f4ed88f96364832fd598b2',
  'backurl' => 'http://www.outlet-jersey.com/index.php?main_page=checkout_process',
  'notifyreurl' => 'http://www.outlet-jersey.com/mallpay_check.php',
  's_firstname' => 'KENNY',
  's_lastname' => 'YUE',
  's_address' => '271 RICHARD AVE ',
  's_city' => 'STATEN ISLAND',
  's_state' => 'NY',
  's_postcode' => '10309',
  's_country' => 'US',
  'email' => 'yue.ken@gmail.com',
  's_tel' => '9174144024',
  'b_firstname' => 'KENNY',
  'b_lastname' => 'YUE',
  'b_address' => '271 RICHARD AVE ',
  'b_city' => 'STATEN ISLAND',
  'b_state' => 'NY',
  'b_postcode' => '10309',
  'b_country' => 'US',
  'b_tel' => '9174144024',
) 
04:00:43 array (
  'siteno' => '193736180',
  'version' => '',
  'orderid' => '245150325010',
  'order_time' => '20150325040043',
  'lang' => 'en',
  'currency' => 'USD',
  'vat' => '4.00',
  'discount' => '0.00',
  'shippingfee' => '25.00',
  'productname[0]' => 'Chicago Cubs #44 Anthony Rizzo Grey Alternate Road Cool Base Stitched Baseball Jersey
 Size:XXL(54)',
  'productno[0]' => 'MLB10761',
  'price[0]' => '18.50',
  'qty[0]' => 1,
  'checkcode' => 'c4ed66ce2ecc5794812269da5ee24b4f',
  'backurl' => 'http://www.outlet-jersey.com/index.php?main_page=checkout_process',
  'notifyreurl' => 'http://www.outlet-jersey.com/mallpay_check.php',
  's_firstname' => 'brad',
  's_lastname' => 'kapraun',
  's_address' => '374 east first ',
  's_city' => 'el paso',
  's_state' => 'IL',
  's_postcode' => '61738',
  's_country' => 'US',
  'email' => 'bkapraun@hotmail.com',
  's_tel' => '3097068959',
  'b_firstname' => 'brad',
  'b_lastname' => 'kapraun',
  'b_address' => '374 east first ',
  'b_city' => 'el paso',
  'b_state' => 'IL',
  'b_postcode' => '61738',
  'b_country' => 'US',
  'b_tel' => '3097068959',
) 
06:42:59 array (
  'siteno' => '193736180',
  'version' => '',
  'orderid' => '245150325021',
  'order_time' => '20150325064259',
  'lang' => 'en',
  'currency' => 'USD',
  'vat' => '8.00',
  'discount' => '0.00',
  'shippingfee' => '20.00',
  'productname[0]' => 'Rangers #61 Rick Nash Blue Home Stitched NHL Jersey
 Size:XL(52)',
  'productno[0]' => 'NHL12488',
  'price[0]' => '33.00',
  'qty[0]' => 1,
  'productname[1]' => 'Rangers #61 Rick Nash Blue Home Youth Stitched NHL Jersey
 Size:Large/X Large',
  'productno[1]' => 'YOUTH4569',
  'price[1]' => '31.00',
  'qty[1]' => 1,
  'checkcode' => '77f870da9cd75055b70071bd5507285a',
  'backurl' => 'http://www.outlet-jersey.com/index.php?main_page=checkout_process',
  'notifyreurl' => 'http://www.outlet-jersey.com/mallpay_check.php',
  's_firstname' => 'seth',
  's_lastname' => 'nicoli',
  's_address' => '1940 7th ave ',
  's_city' => 'watervliet',
  's_state' => 'NY',
  's_postcode' => '12189',
  's_country' => 'US',
  'email' => 'seth.nicoli@yahoo.com',
  's_tel' => '518-505-9543',
  'b_firstname' => 'seth',
  'b_lastname' => 'nicoli',
  'b_address' => '1940 7th ave ',
  'b_city' => 'watervliet',
  'b_state' => 'NY',
  'b_postcode' => '12189',
  'b_country' => 'US',
  'b_tel' => '518-505-9543',
) 
11:42:29 array (
  'siteno' => '193736180',
  'version' => '',
  'orderid' => '245150325038',
  'order_time' => '20150325114229',
  'lang' => 'en',
  'currency' => 'USD',
  'vat' => '4.00',
  'discount' => '0.00',
  'shippingfee' => '25.00',
  'productname[0]' => 'NHL Jersey Detroit Red Wings 3  Men Stitched Fights Cancer Stitched Hockey Jersey
 Size:XL(52)',
  'productno[0]' => 'NHL2015019657',
  'price[0]' => '36.80',
  'qty[0]' => 1,
  'checkcode' => 'd5283835ec8505b4d75acd9aac8678d0',
  'backurl' => 'http://www.outlet-jersey.com/index.php?main_page=checkout_process',
  'notifyreurl' => 'http://www.outlet-jersey.com/mallpay_check.php',
  's_firstname' => 'Josh',
  's_lastname' => 'Hernandez',
  's_address' => '12304 Bannock st Apt. 19104 ',
  's_city' => 'Westminster',
  's_state' => 'CO',
  's_postcode' => '80234',
  's_country' => 'US',
  'email' => 'movingjunk@outlook.com',
  's_tel' => '7209879549',
  'b_firstname' => 'Mayra',
  'b_lastname' => 'Zuniga',
  'b_address' => '7140 Canosa ct ',
  'b_city' => 'Westminister',
  'b_state' => 'CO',
  'b_postcode' => '80030',
  'b_country' => 'US',
  'b_tel' => '7209879549',
) 
