00:37:25 array (
  'siteno' => '193736180',
  'version' => '',
  'orderid' => '245150420003',
  'order_time' => '20150420003725',
  'lang' => 'en',
  'currency' => 'USD',
  'vat' => '10.50',
  'discount' => '0.00',
  'shippingfee' => '43.00',
  'productname[0]' => 'Dallas Stars #14 Jamie Benn New White NHL Jersey
 Size:M(48)',
  'productno[0]' => 'NHL11747',
  'price[0]' => '33.00',
  'qty[0]' => 1,
  'productname[1]' => 'Mens New England Patriots Majestic Red Super Bowl XLIX Bound Heart and Soul Pullover Hoodie
 Size:56',
  'productno[1]' => 'NFL29369',
  'price[1]' => '36.00',
  'qty[1]' => 1,
  'productname[2]' => 'Nike Patriots #12 Tom Brady Navy Blue Team Color Men\'s Stitched NFL Elite Autographed Jersey
 Size:56/3XL',
  'productno[2]' => 'NFL22548',
  'price[2]' => '22.50',
  'qty[2]' => 1,
  'productname[3]' => 'New England Patriots #87 Rob Gronkowski Grey-Blue Sawyer Hooded Sweatshirt Stitched Jersey
 Size:XL',
  'productno[3]' => 'NFL22493',
  'price[3]' => '36.00',
  'qty[3]' => 1,
  'productname[4]' => 'Penguins #29 Andre Fleury Black Women\'s Home Stitched NHL Jersey
 Size:Medium/48',
  'productno[4]' => 'WOMEN6724',
  'price[4]' => '31.00',
  'qty[4]' => 1,
  'productname[5]' => 'Nike New England Patriots Just Do It Dark Grey T-Shirt
 Size:XL',
  'productno[5]' => 'SPT13513',
  'price[5]' => '10.00',
  'qty[5]' => 1,
  'productname[6]' => 'Nike New England Patriots Big & Tall Critical Victory NFL T-Shirt Black
 Size:52',
  'productno[6]' => 'SPT13496',
  'price[6]' => '10.00',
  'qty[6]' => 1,
  'checkcode' => '8c04b6ccaa820817a544ea4a5835daca',
  'backurl' => 'http://www.outlet-jersey.com/index.php?main_page=checkout_process',
  'notifyreurl' => 'http://www.outlet-jersey.com/mallpay_check.php',
  's_firstname' => 'Deidre',
  's_lastname' => 'Lynch',
  's_address' => '62 Torrey Street ',
  's_city' => 'Weymouth',
  's_state' => 'MA',
  's_postcode' => '02190',
  's_country' => 'US',
  'email' => 'pdkia.duke@verizon.net',
  's_tel' => '508-230-6736',
  'b_firstname' => 'Deidre',
  'b_lastname' => 'Lynch',
  'b_address' => '62 Torrey Street ',
  'b_city' => 'Weymouth',
  'b_state' => 'MA',
  'b_postcode' => '02190',
  'b_country' => 'US',
  'b_tel' => '508-230-6736',
) 
01:21:28 array (
  'siteno' => '193736180',
  'version' => '',
  'orderid' => '245150420004',
  'order_time' => '20150420012127',
  'lang' => 'en',
  'currency' => 'USD',
  'vat' => '1.50',
  'discount' => '0.00',
  'shippingfee' => '28.00',
  'productname[0]' => 'Men\'s john tavares authentic green jersey reebok 91 NHL new york islanders
 Size:56',
  'productno[0]' => 'NHL13624',
  'price[0]' => '38.99',
  'qty[0]' => 1,
  'checkcode' => '5134f71781cb153c204041388b9aae05',
  'backurl' => 'http://www.outlet-jersey.com/index.php?main_page=checkout_process',
  'notifyreurl' => 'http://www.outlet-jersey.com/mallpay_check.php',
  's_firstname' => 'Maria',
  's_lastname' => 'Stadler',
  's_address' => '10 Carol Drive ',
  's_city' => 'Ronkonkoma',
  's_state' => 'NY',
  's_postcode' => '11779',
  's_country' => 'US',
  'email' => 'Jinxsig1@aol.com',
  's_tel' => '631-467-0748',
  'b_firstname' => 'Maria',
  'b_lastname' => 'Stadler',
  'b_address' => '10 Carol Drive ',
  'b_city' => 'Ronkonkoma',
  'b_state' => 'NY',
  'b_postcode' => '11779',
  'b_country' => 'US',
  'b_tel' => '631-467-0748',
) 
05:38:04 array (
  'siteno' => '193736180',
  'version' => '',
  'orderid' => '245150420007',
  'order_time' => '20150420053804',
  'lang' => 'en',
  'currency' => 'USD',
  'vat' => '4.50',
  'discount' => '0.00',
  'shippingfee' => '44.00',
  'productname[0]' => 'Chicago Blackhawks #50 Corey Crawford Red Autographed Stitched NHL Jersey
 Size:XXL(54)',
  'productno[0]' => 'NHL11593',
  'price[0]' => '33.00',
  'qty[0]' => 1,
  'productname[1]' => 'Chicago Blackhawks #81 Marian Hossa Red Autographed Stitched NHL Jersey
 Size:XXL(54)',
  'productno[1]' => 'NHL11617',
  'price[1]' => '33.00',
  'qty[1]' => 1,
  'productname[2]' => 'Chicago Blackhawks #88 Patrick Kane Red Autographed Stitched NHL Jersey
 Size:XXL(54)',
  'productno[2]' => 'NHL11629',
  'price[2]' => '33.00',
  'qty[2]' => 1,
  'checkcode' => 'b58b1bc9edef5e12977baa6b3f0d6311',
  'backurl' => 'http://www.outlet-jersey.com/index.php?main_page=checkout_process',
  'notifyreurl' => 'http://www.outlet-jersey.com/mallpay_check.php',
  's_firstname' => 'mark',
  's_lastname' => 'dziekanski',
  's_address' => '1162 prides run ',
  's_city' => 'lake in the hills',
  's_state' => 'IL',
  's_postcode' => '60156',
  's_country' => 'US',
  'email' => 'mark5475@comcast.net',
  's_tel' => '8473870923',
  'b_firstname' => 'mark',
  'b_lastname' => 'dziekanski',
  'b_address' => '1162 prides run ',
  'b_city' => 'lake in the hills',
  'b_state' => 'IL',
  'b_postcode' => '60156',
  'b_country' => 'US',
  'b_tel' => '8473870923',
) 
05:47:48 array (
  'siteno' => '193736180',
  'version' => '',
  'orderid' => '245150420010',
  'order_time' => '20150420054748',
  'lang' => 'en',
  'currency' => 'USD',
  'vat' => '3.00',
  'discount' => '0.00',
  'shippingfee' => '36.00',
  'productname[0]' => 'Blackhawks #81 Marian Hossa Stitched Red Stanley Cup Champions NHL Jersey
 Size:XXL(54)',
  'productno[0]' => 'NHL11447',
  'price[0]' => '33.00',
  'qty[0]' => 1,
  'productname[1]' => 'Blackhawks #88 Patrick Kane Stitched Red Stanley Cup Champions NHL Jersey
 Size:XXL(54)',
  'productno[1]' => 'NHL11498',
  'price[1]' => '33.00',
  'qty[1]' => 1,
  'checkcode' => 'b56543ad1e66a60c96650a5775a22e56',
  'backurl' => 'http://www.outlet-jersey.com/index.php?main_page=checkout_process',
  'notifyreurl' => 'http://www.outlet-jersey.com/mallpay_check.php',
  's_firstname' => 'mark',
  's_lastname' => 'dziekanski',
  's_address' => '1162 prides run ',
  's_city' => 'lake in the hills',
  's_state' => 'IL',
  's_postcode' => '60156',
  's_country' => 'US',
  'email' => 'mark5475@comcast.net',
  's_tel' => '8473870923',
  'b_firstname' => 'mark',
  'b_lastname' => 'dziekanski',
  'b_address' => '1162 prides run ',
  'b_city' => 'lake in the hills',
  'b_state' => 'IL',
  'b_postcode' => '60156',
  'b_country' => 'US',
  'b_tel' => '8473870923',
) 
05:51:03 array (
  'siteno' => '193736180',
  'version' => '',
  'orderid' => '245150420011',
  'order_time' => '20150420055103',
  'lang' => 'en',
  'currency' => 'USD',
  'vat' => '3.00',
  'discount' => '0.00',
  'shippingfee' => '20.00',
  'productname[0]' => 'Blackhawks #81 Marian Hossa Stitched Red Stanley Cup Champions NHL Jersey
 Size:XXL(54)',
  'productno[0]' => 'NHL11447',
  'price[0]' => '33.00',
  'qty[0]' => 1,
  'productname[1]' => 'Blackhawks #88 Patrick Kane Stitched Red Stanley Cup Champions NHL Jersey
 Size:XXL(54)',
  'productno[1]' => 'NHL11498',
  'price[1]' => '33.00',
  'qty[1]' => 1,
  'checkcode' => '9524bdc8bea8371f6346c7a677ac85cf',
  'backurl' => 'http://www.outlet-jersey.com/index.php?main_page=checkout_process',
  'notifyreurl' => 'http://www.outlet-jersey.com/mallpay_check.php',
  's_firstname' => 'mark',
  's_lastname' => 'dziekanski',
  's_address' => '1162 prides run ',
  's_city' => 'lake in the hills',
  's_state' => 'IL',
  's_postcode' => '60156',
  's_country' => 'US',
  'email' => 'mark5475@comcast.net',
  's_tel' => '8473870923',
  'b_firstname' => 'mark',
  'b_lastname' => 'dziekanski',
  'b_address' => '1162 prides run ',
  'b_city' => 'lake in the hills',
  'b_state' => 'IL',
  'b_postcode' => '60156',
  'b_country' => 'US',
  'b_tel' => '8473870923',
) 
11:53:14 array (
  'siteno' => '193736180',
  'version' => '',
  'orderid' => '245150420028',
  'order_time' => '20150420115314',
  'lang' => 'en',
  'currency' => 'USD',
  'vat' => '3.00',
  'discount' => '0.00',
  'shippingfee' => '36.00',
  'productname[0]' => 'Canadiens #76 PK Subban Stitched Red New CH NHL Jersey
 Size:XXL(54)',
  'productno[0]' => 'NHL12224',
  'price[0]' => '33.00',
  'qty[0]' => 1,
  'productname[1]' => 'Canadiens #76 PK Subban Stitched White Heritage Classic Style NHL Jersey
 Size:XXL(54)',
  'productno[1]' => 'NHL12225',
  'price[1]' => '33.00',
  'qty[1]' => 1,
  'checkcode' => 'ee0ce5f0fe540e75612505e0a2abe7a6',
  'backurl' => 'http://www.outlet-jersey.com/index.php?main_page=checkout_process',
  'notifyreurl' => 'http://www.outlet-jersey.com/mallpay_check.php',
  's_firstname' => 'Dante',
  's_lastname' => 'Robinson',
  's_address' => '861 Southpark Drive Suite #200 ',
  's_city' => 'Littleton',
  's_state' => 'CO',
  's_postcode' => '80120',
  's_country' => 'US',
  'email' => 'robinson.d2012@yahoo.com',
  's_tel' => '3036417696',
  'b_firstname' => 'Dante',
  'b_lastname' => 'Robinson',
  'b_address' => '2856 Madison St ',
  'b_city' => 'Denver',
  'b_state' => 'CO',
  'b_postcode' => '80205',
  'b_country' => 'US',
  'b_tel' => '3036417696',
) 
21:09:15 array (
  'siteno' => '193736180',
  'version' => '',
  'orderid' => '245150420032',
  'order_time' => '20150420210915',
  'lang' => 'en',
  'currency' => 'USD',
  'vat' => '3.00',
  'discount' => '0.00',
  'shippingfee' => '36.00',
  'productname[0]' => 'Chicago Blackhawks #88 Patrick Kane Red Autographed Stitched NHL Jersey
 Size:XL(52)',
  'productno[0]' => 'NHL11629',
  'price[0]' => '33.00',
  'qty[0]' => 1,
  'productname[1]' => 'Chicago Blackhawks #19 Jonathan Toews(C patches) Red Hockey NHL Jersey
 Size:XL(52)',
  'productno[1]' => 'NHL11552',
  'price[1]' => '33.00',
  'qty[1]' => 1,
  'checkcode' => '9e57f54c7cbe54ff7d5856945500eb3f',
  'backurl' => 'http://www.outlet-jersey.com/index.php?main_page=checkout_process',
  'notifyreurl' => 'http://www.outlet-jersey.com/mallpay_check.php',
  's_firstname' => 'Christine',
  's_lastname' => 'Richeda',
  's_address' => '129 Spirit Mountain Lane ',
  's_city' => 'Easley',
  's_state' => 'SC',
  's_postcode' => '29642',
  's_country' => 'US',
  'email' => 'keowee413@yahoo.com',
  's_tel' => '864-982-6713',
  'b_firstname' => 'Christine',
  'b_lastname' => 'Richeda',
  'b_address' => '129 Spirit Mountain Lane ',
  'b_city' => 'Easley',
  'b_state' => 'SC',
  'b_postcode' => '29642',
  'b_country' => 'US',
  'b_tel' => '864-982-6713',
) 
