01:37:36 array (
  'siteno' => '193736180',
  'version' => '',
  'orderid' => '245150410007',
  'order_time' => '20150410013736',
  'lang' => 'en',
  'currency' => 'USD',
  'vat' => '3.00',
  'discount' => '0.00',
  'shippingfee' => '36.00',
  'productname[0]' => 'San Jose Sharks #48 Tomas Hertl Black Stitched NHL Jersey
 Size:XL(52)',
  'productno[0]' => 'NHL13135',
  'price[0]' => '33.00',
  'qty[0]' => 1,
  'productname[1]' => 'San Jose Sharks #19 Joe Thornton Stitched Black NHL Jersey
 Size:XL(52)',
  'productno[1]' => 'NHL13133',
  'price[1]' => '33.00',
  'qty[1]' => 1,
  'checkcode' => '75425f4ac5822fba20ed8e508e7b5df0',
  'backurl' => 'http://www.outlet-jersey.com/index.php?main_page=checkout_process',
  'notifyreurl' => 'http://www.outlet-jersey.com/mallpay_check.php',
  's_firstname' => 'andrew',
  's_lastname' => 'meraz',
  's_address' => '1957 lime wood dr. ',
  's_city' => 'San jose',
  's_state' => 'CA',
  's_postcode' => '95132',
  's_country' => 'US',
  'email' => 'aw.meraz@Gmail.com',
  's_tel' => '4084822419',
  'b_firstname' => 'andrew',
  'b_lastname' => 'meraz',
  'b_address' => '1957 lime wood dr. ',
  'b_city' => 'San jose',
  'b_state' => 'CA',
  'b_postcode' => '95132',
  'b_country' => 'US',
  'b_tel' => '4084822419',
) 
02:22:33 array (
  'siteno' => '193736180',
  'version' => '',
  'orderid' => '245150410008',
  'order_time' => '20150410022233',
  'lang' => 'en',
  'currency' => 'USD',
  'vat' => '3.00',
  'discount' => '0.00',
  'shippingfee' => '36.00',
  'productname[0]' => 'New York Rangers 11 Mark Messier Tie Domi blue 2015 Classic Jersey
 Size:52 (XL)',
  'productno[0]' => 'NHL13722',
  'price[0]' => '38.99',
  'qty[0]' => 1,
  'productname[1]' => 'New York Rangers #99 Wayne Gretzky White 2014 Stadium Series NHL Jersey
 Size:XXL(54)',
  'productno[1]' => 'NHL12422',
  'price[1]' => '33.00',
  'qty[1]' => 1,
  'checkcode' => '59a45ba12cdad0a3ab7026cd135db995',
  'backurl' => 'http://www.outlet-jersey.com/index.php?main_page=checkout_process',
  'notifyreurl' => 'http://www.outlet-jersey.com/mallpay_check.php',
  's_firstname' => 'Alvin',
  's_lastname' => 'Glymph',
  's_address' => '300 Glade Knoll Tr. ',
  's_city' => 'Fayetteville',
  's_state' => 'GA',
  's_postcode' => '30215',
  's_country' => 'US',
  'email' => 'alvinglymph@gmail.com',
  's_tel' => '4039316622',
  'b_firstname' => 'Alvin',
  'b_lastname' => 'Glymph',
  'b_address' => '300 Glade Knoll Tr. ',
  'b_city' => 'Fayetteville',
  'b_state' => 'GA',
  'b_postcode' => '30215',
  'b_country' => 'US',
  'b_tel' => '4039316622',
) 
05:21:58 array (
  'siteno' => '193736180',
  'version' => '',
  'orderid' => '245150410018',
  'order_time' => '20150410052158',
  'lang' => 'en',
  'currency' => 'USD',
  'vat' => '1.50',
  'discount' => '0.00',
  'shippingfee' => '28.00',
  'productname[0]' => 'Red Wings #13 Pavel Datsyuk Red 2014 Winter Classic Stitched NHL Jersey
 Size:M(48)',
  'productno[0]' => 'NHL11802',
  'price[0]' => '33.00',
  'qty[0]' => 1,
  'checkcode' => '936842a9a59038de6726b8a1bdfef039',
  'backurl' => 'http://www.outlet-jersey.com/index.php?main_page=checkout_process',
  'notifyreurl' => 'http://www.outlet-jersey.com/mallpay_check.php',
  's_firstname' => 'Glen',
  's_lastname' => 'MacDonald',
  's_address' => '1920 SE Debord ',
  's_city' => 'Corvallis',
  's_state' => 'OR',
  's_postcode' => '97333',
  's_country' => 'US',
  'email' => 'Brakilla@gmail.com',
  's_tel' => '6165020249',
  'b_firstname' => 'Glen',
  'b_lastname' => 'MacDonald',
  'b_address' => '1920 SE Debord ',
  'b_city' => 'Corvallis',
  'b_state' => 'OR',
  'b_postcode' => '97333',
  'b_country' => 'US',
  'b_tel' => '6165020249',
) 
07:51:47 array (
  'siteno' => '193736180',
  'version' => '',
  'orderid' => '245150410030',
  'order_time' => '20150410075147',
  'lang' => 'en',
  'currency' => 'USD',
  'vat' => '7.50',
  'discount' => '0.00',
  'shippingfee' => '56.00',
  'productname[0]' => 'nhl jerseys boston bruins #12 iginla black
 Size:XXXL(56)',
  'productno[0]' => 'NHL11066',
  'price[0]' => '33.00',
  'qty[0]' => 1,
  'productname[1]' => 'NHL Jersey Detroit Red Wings 6  Men Stitched 2015 Winter Classic Stitched NHL Jersey
 Size:XXXL(56)',
  'productno[1]' => 'NHL2015019660',
  'price[1]' => '36.67',
  'qty[1]' => 1,
  'productname[2]' => 'Nike Steelers #94 Lawrence Timmons Yellow/Black Alternate 80TH Throwback Men\'s Stitched NFL Elite Jersey
 Size:56/3XL',
  'productno[2]' => 'NFL27384',
  'price[2]' => '22.50',
  'qty[2]' => 1,
  'productname[3]' => 'Nike Pittsburgh Steelers #32 Franco Harris Black Team Color NFL Elite Jersey
 Size:56',
  'productno[3]' => 'NFL27057',
  'price[3]' => '22.50',
  'qty[3]' => 1,
  'productname[4]' => 'Green Bay Packers #12 Aaron Rodgers Green Sawyer Hooded Sweatshirt Stitched Jersey
 Size:54 (XXL)',
  'productno[4]' => 'NFL20491',
  'price[4]' => '36.00',
  'qty[4]' => 1,
  'checkcode' => '16f71402ebeed8c762754096b063d036',
  'backurl' => 'http://www.outlet-jersey.com/index.php?main_page=checkout_process',
  'notifyreurl' => 'http://www.outlet-jersey.com/mallpay_check.php',
  's_firstname' => 'Rod',
  's_lastname' => 'Timmons',
  's_address' => '10700 Troy St ',
  's_city' => 'Oak Park',
  's_state' => 'MI',
  's_postcode' => '48237',
  's_country' => 'US',
  'email' => 'ryokomasaki313@hotmail.com',
  's_tel' => '2482172692',
  'b_firstname' => 'Rod',
  'b_lastname' => 'Timmons',
  'b_address' => '10700 Troy St ',
  'b_city' => 'Oak Park',
  'b_state' => 'MI',
  'b_postcode' => '48237',
  'b_country' => 'US',
  'b_tel' => '2482172692',
) 
08:26:11 array (
  'siteno' => '193736180',
  'version' => '',
  'orderid' => '245150410032',
  'order_time' => '20150410082611',
  'lang' => 'en',
  'currency' => 'USD',
  'vat' => '1.50',
  'discount' => '0.00',
  'shippingfee' => '28.00',
  'productname[0]' => '2014 nhl jerseys minnesota wilds #11 parise White
 Size:L(50)',
  'productno[0]' => 'NHL12111',
  'price[0]' => '33.00',
  'qty[0]' => 1,
  'checkcode' => 'b7d58e547c2af5f6d5a4a1efb2a8989a',
  'backurl' => 'http://www.outlet-jersey.com/index.php?main_page=checkout_process',
  'notifyreurl' => 'http://www.outlet-jersey.com/mallpay_check.php',
  's_firstname' => 'Douglas',
  's_lastname' => 'Porter',
  's_address' => '1090 Cripple Creek Pass ',
  's_city' => 'Lino Lakes',
  's_state' => 'MN',
  's_postcode' => '55038',
  's_country' => 'US',
  'email' => 'd_w_porter@comcast.net',
  's_tel' => '651-491-0880',
  'b_firstname' => 'Douglas',
  'b_lastname' => 'Porter',
  'b_address' => '1090 Cripple Creek Pass ',
  'b_city' => 'Lino Lakes',
  'b_state' => 'MN',
  'b_postcode' => '55038',
  'b_country' => 'US',
  'b_tel' => '651-491-0880',
) 
10:34:38 array (
  'siteno' => '193736180',
  'version' => '',
  'orderid' => '245150410040',
  'order_time' => '20150410103438',
  'lang' => 'en',
  'currency' => 'USD',
  'vat' => '1.50',
  'discount' => '0.00',
  'shippingfee' => '28.00',
  'productname[0]' => 'Red Wings #8 Justin Abdelkader Red Stitched NHL Jersey
 Size:M(48)',
  'productno[0]' => 'NHL11844',
  'price[0]' => '33.00',
  'qty[0]' => 1,
  'checkcode' => '6ea1ce8ccf3bef271cbd5010ba4fe98f',
  'backurl' => 'http://www.outlet-jersey.com/index.php?main_page=checkout_process',
  'notifyreurl' => 'http://www.outlet-jersey.com/mallpay_check.php',
  's_firstname' => 'Andrew',
  's_lastname' => 'Gleesing',
  's_address' => '3916 wrenwood road ',
  's_city' => 'Toledo',
  's_state' => 'OH',
  's_postcode' => '43623',
  's_country' => 'US',
  'email' => 'awggraphics@gmail.com',
  's_tel' => '4195092703',
  'b_firstname' => 'Andrew',
  'b_lastname' => 'Gleesing',
  'b_address' => '3916 wrenwood road ',
  'b_city' => 'Toledo',
  'b_state' => 'OH',
  'b_postcode' => '43623',
  'b_country' => 'US',
  'b_tel' => '4195092703',
) 
11:59:13 array (
  'siteno' => '193736180',
  'version' => '',
  'orderid' => '245150410045',
  'order_time' => '20150410115913',
  'lang' => 'en',
  'currency' => 'USD',
  'vat' => '3.00',
  'discount' => '0.00',
  'shippingfee' => '36.00',
  'productname[0]' => 'New York Islanders #91 John Tavares Black Third NHL Jersey
 Size:M(48)',
  'productno[0]' => 'NHL12395',
  'price[0]' => '34.00',
  'qty[0]' => 1,
  'productname[1]' => 'Islanders #21 Kyle Okposo Baby Blue Stitched NHL Jersey
 Size:L(50)',
  'productno[1]' => 'NHL12381',
  'price[1]' => '33.00',
  'qty[1]' => 1,
  'checkcode' => '314d753530d0866eaa0dd84097979416',
  'backurl' => 'http://www.outlet-jersey.com/index.php?main_page=checkout_process',
  'notifyreurl' => 'http://www.outlet-jersey.com/mallpay_check.php',
  's_firstname' => 'Paul',
  's_lastname' => 'Clark',
  's_address' => '17 Lower Cross ',
  's_city' => 'Shoreham',
  's_state' => 'NY',
  's_postcode' => '11786',
  's_country' => 'US',
  'email' => 'clarkenator85@gmail.com',
  's_tel' => '6312416571',
  'b_firstname' => 'Paul',
  'b_lastname' => 'Clark',
  'b_address' => '17 Lower Cross ',
  'b_city' => 'Shoreham',
  'b_state' => 'NY',
  'b_postcode' => '11786',
  'b_country' => 'US',
  'b_tel' => '6312416571',
) 
