08:11:47 array (
  'siteno' => '193736180',
  'version' => '',
  'orderid' => '245150421019',
  'order_time' => '20150421081147',
  'lang' => 'en',
  'currency' => 'USD',
  'vat' => '15.00',
  'discount' => '0.00',
  'shippingfee' => '59.00',
  'productname[0]' => 'nhl jerseys montreal canadiens #27 galchenyuk black ice
 Size:XXL(54)',
  'productno[0]' => 'NHL12285',
  'price[0]' => '34.00',
  'qty[0]' => 1,
  'productname[1]' => 'Bulls #23 Michael Jordan Stitched Red Crabbed Typeface NBA Jersey
 Size:XX Large/54',
  'productno[1]' => 'NBA10432',
  'price[1]' => '18.50',
  'qty[1]' => 1,
  'productname[2]' => 'Montreal Canadiens #31 Carey Price Red Stitched NHL Jersey
 Size:M(48)',
  'productno[2]' => 'NHL12266',
  'price[2]' => '33.00',
  'qty[2]' => 1,
  'productname[3]' => 'Youth NHL Montreal Canadiens #27 Alex Galchenyuk White Stitched Jersey
 Size:L/XL',
  'productno[3]' => 'YOUTH4704',
  'price[3]' => '33.00',
  'qty[3]' => 1,
  'productname[4]' => 'Cavaliers #23 LeBron James Red Stitched Youth NBA Jersey
 Size:Extra Large',
  'productno[4]' => 'YOUTH3638',
  'price[4]' => '10.00',
  'qty[4]' => 1,
  'productname[5]' => 'Red Sox #33 Jason Varitek Stitched White Baseball Jersey
 Size:XX Large/54',
  'productno[5]' => 'MLB10708',
  'price[5]' => '18.50',
  'qty[5]' => 1,
  'productname[6]' => 'Red Sox #15 Dustin Pedroia Red Cool Base Stitched Youth Baseball Jersey
 Size:L(14-16)',
  'productno[6]' => 'YOUTH3454',
  'price[6]' => '10.00',
  'qty[6]' => 1,
  'productname[7]' => 'Youth NHL Montreal Canadiens #67 Max Pacioretty Red Jersey
 Size:L/XL',
  'productno[7]' => 'YOUTH4708',
  'price[7]' => '33.00',
  'qty[7]' => 1,
  'productname[8]' => 'Mitchell & Ness Broncos #84 Shannon Sharpe Orange Stitched Throwback NFL Jersey
 Size:XX Large/54',
  'productno[8]' => 'NFL19937',
  'price[8]' => '19.00',
  'qty[8]' => 1,
  'productname[9]' => 'NHL Jersey NHL Jersey All Star 66 lemieux Men  Stitched white with Purple Num Stitched NHL Jersey Jersey  Men Stitched 2015 Winter Classic Stitched NHL Jersey
 Size:XXL(54)',
  'productno[9]' => 'NHL2015019784',
  'price[9]' => '36.80',
  'qty[9]' => 1,
  'checkcode' => '740f2a17426cb41f5b86ab195210dd25',
  'backurl' => 'http://www.outlet-jersey.com/index.php?main_page=checkout_process',
  'notifyreurl' => 'http://www.outlet-jersey.com/mallpay_check.php',
  's_firstname' => 'Garrick',
  's_lastname' => 'Mercier',
  's_address' => '205 Finland St ',
  's_city' => 'Berlin',
  's_state' => 'NH',
  's_postcode' => '03570',
  's_country' => 'US',
  'email' => 'Swampbuck@gmail.com',
  's_tel' => '6037232046',
  'b_firstname' => 'Garrick',
  'b_lastname' => 'Mercier',
  'b_address' => '205 Finland St ',
  'b_city' => 'Berlin',
  'b_state' => 'NH',
  'b_postcode' => '03570',
  'b_country' => 'US',
  'b_tel' => '6037232046',
) 
09:09:50 array (
  'siteno' => '193736180',
  'version' => '',
  'orderid' => '245150421020',
  'order_time' => '20150421090950',
  'lang' => 'en',
  'currency' => 'USD',
  'vat' => '7.50',
  'discount' => '0.00',
  'shippingfee' => '56.00',
  'productname[0]' => 'San Jose Sharks #19 Joe Thornton Stitched Black NHL Jersey
 Size:L(50)',
  'productno[0]' => 'NHL13133',
  'price[0]' => '33.00',
  'qty[0]' => 1,
  'productname[1]' => 'San Jose Sharks #19 Joe Thornton Stitched Blue NHL Jersey
 Size:L(50)',
  'productno[1]' => 'NHL13134',
  'price[1]' => '33.00',
  'qty[1]' => 1,
  'productname[2]' => 'Chicago Cubs #23 Ryne Sandberg White 1988 Turn Back The Clock Baseball Jersey
 Size:L(50)',
  'productno[2]' => 'MLB10751',
  'price[2]' => '18.50',
  'qty[2]' => 1,
  'productname[3]' => 'Chicago Cubs #23 Ryne Sandberg Grey Mitchell and Ness 1990 Throwback Baseball Jersey
 Size:L(50)',
  'productno[3]' => 'MLB10750',
  'price[3]' => '18.50',
  'qty[3]' => 1,
  'productname[4]' => 'Chicago Cubs #23 Ryne Sandberg Blue Mitchell and Ness 1984 Throwback Baseball Jersey
 Size:L(50)',
  'productno[4]' => 'MLB10748',
  'price[4]' => '18.50',
  'qty[4]' => 1,
  'checkcode' => '81bf628a6af22a7da0b736b3011f30ef',
  'backurl' => 'http://www.outlet-jersey.com/index.php?main_page=checkout_process',
  'notifyreurl' => 'http://www.outlet-jersey.com/mallpay_check.php',
  's_firstname' => 'Ryan',
  's_lastname' => 'Meske',
  's_address' => '10915 25th st ct e ',
  's_city' => 'Edgewood',
  's_state' => 'WA',
  's_postcode' => '98372',
  's_country' => 'US',
  'email' => 'rm21meske@gmail.com',
  's_tel' => '253-355-6454',
  'b_firstname' => 'Ryan',
  'b_lastname' => 'Meske',
  'b_address' => '10915 25th st ct e ',
  'b_city' => 'Edgewood',
  'b_state' => 'WA',
  'b_postcode' => '98372',
  'b_country' => 'US',
  'b_tel' => '253-355-6454',
) 
09:12:41 array (
  'siteno' => '193736180',
  'version' => '',
  'orderid' => '245150421021',
  'order_time' => '20150421091241',
  'lang' => 'en',
  'currency' => 'USD',
  'vat' => '7.50',
  'discount' => '0.00',
  'shippingfee' => '56.00',
  'productname[0]' => 'San Jose Sharks #19 Joe Thornton Stitched Black NHL Jersey
 Size:L(50)',
  'productno[0]' => 'NHL13133',
  'price[0]' => '33.00',
  'qty[0]' => 1,
  'productname[1]' => 'San Jose Sharks #19 Joe Thornton Stitched Blue NHL Jersey
 Size:L(50)',
  'productno[1]' => 'NHL13134',
  'price[1]' => '33.00',
  'qty[1]' => 1,
  'productname[2]' => 'Chicago Cubs #23 Ryne Sandberg White 1988 Turn Back The Clock Baseball Jersey
 Size:L(50)',
  'productno[2]' => 'MLB10751',
  'price[2]' => '18.50',
  'qty[2]' => 1,
  'productname[3]' => 'Chicago Cubs #23 Ryne Sandberg Grey Mitchell and Ness 1990 Throwback Baseball Jersey
 Size:L(50)',
  'productno[3]' => 'MLB10750',
  'price[3]' => '18.50',
  'qty[3]' => 1,
  'productname[4]' => 'Chicago Cubs #23 Ryne Sandberg Blue Mitchell and Ness 1984 Throwback Baseball Jersey
 Size:L(50)',
  'productno[4]' => 'MLB10748',
  'price[4]' => '18.50',
  'qty[4]' => 1,
  'checkcode' => '5a3384bf616b1155882bfe8360f66814',
  'backurl' => 'http://www.outlet-jersey.com/index.php?main_page=checkout_process',
  'notifyreurl' => 'http://www.outlet-jersey.com/mallpay_check.php',
  's_firstname' => 'Ryan',
  's_lastname' => 'Meske',
  's_address' => '10915 25th st ct e ',
  's_city' => 'Edgewood',
  's_state' => 'WA',
  's_postcode' => '98372',
  's_country' => 'US',
  'email' => 'rm21meske@gmail.com',
  's_tel' => '253-355-6454',
  'b_firstname' => 'Ryan',
  'b_lastname' => 'Meske',
  'b_address' => '10915 25th st ct e ',
  'b_city' => 'Edgewood',
  'b_state' => 'WA',
  'b_postcode' => '98372',
  'b_country' => 'US',
  'b_tel' => '253-355-6454',
) 
11:03:23 array (
  'siteno' => '193736180',
  'version' => '',
  'orderid' => '245150421030',
  'order_time' => '20150421110323',
  'lang' => 'en',
  'currency' => 'USD',
  'vat' => '4.50',
  'discount' => '0.00',
  'shippingfee' => '20.00',
  'productname[0]' => 'Giants #28 Buster Posey Grey Cool Base Road 2 W 2014 World Series Patch Stitched Baseball Jersey
 Size:XL',
  'productno[0]' => 'MLB10245',
  'price[0]' => '19.50',
  'qty[0]' => 1,
  'productname[1]' => 'Dodgers #66 Yasiel Puig Grey Cool Base Stitched Baseball Jersey
 Size:Extra Large/52',
  'productno[1]' => 'MLB11543',
  'price[1]' => '18.50',
  'qty[1]' => 1,
  'productname[2]' => 'Angels of Anaheim #34 Nick Adenhart Stitched Grey Baseball Jersey
 Size:Extra Large/52',
  'productno[2]' => 'MLB11437',
  'price[2]' => '18.50',
  'qty[2]' => 1,
  'checkcode' => '0362598a5e43d2890f466eaca4c4b5c7',
  'backurl' => 'http://www.outlet-jersey.com/index.php?main_page=checkout_process',
  'notifyreurl' => 'http://www.outlet-jersey.com/mallpay_check.php',
  's_firstname' => 'Julie',
  's_lastname' => 'Browne',
  's_address' => '4124 Jenkins lane ',
  's_city' => 'Riverside',
  's_state' => 'CA',
  's_postcode' => '92501',
  's_country' => 'US',
  'email' => 'Luvbunny57@aol.com',
  's_tel' => '3109702202',
  'b_firstname' => 'Julie',
  'b_lastname' => 'Browne',
  'b_address' => '4124 Jenkins lane ',
  'b_city' => 'Riverside',
  'b_state' => 'CA',
  'b_postcode' => '92501',
  'b_country' => 'US',
  'b_tel' => '3109702202',
) 
11:05:56 array (
  'siteno' => '193736180',
  'version' => '',
  'orderid' => '245150421031',
  'order_time' => '20150421110556',
  'lang' => 'en',
  'currency' => 'USD',
  'vat' => '4.50',
  'discount' => '0.00',
  'shippingfee' => '20.00',
  'productname[0]' => 'Giants #28 Buster Posey Grey Cool Base Road 2 W 2014 World Series Patch Stitched Baseball Jersey
 Size:XL',
  'productno[0]' => 'MLB10245',
  'price[0]' => '19.50',
  'qty[0]' => 1,
  'productname[1]' => 'Dodgers #66 Yasiel Puig Grey Cool Base Stitched Baseball Jersey
 Size:Extra Large/52',
  'productno[1]' => 'MLB11543',
  'price[1]' => '18.50',
  'qty[1]' => 1,
  'productname[2]' => 'Angels of Anaheim #34 Nick Adenhart Stitched Grey Baseball Jersey
 Size:Extra Large/52',
  'productno[2]' => 'MLB11437',
  'price[2]' => '18.50',
  'qty[2]' => 1,
  'checkcode' => '5ceda5a9be2ac200a13a43b4773ed2d5',
  'backurl' => 'http://www.outlet-jersey.com/index.php?main_page=checkout_process',
  'notifyreurl' => 'http://www.outlet-jersey.com/mallpay_check.php',
  's_firstname' => 'Julie',
  's_lastname' => 'Browne',
  's_address' => '4124 Jenkins lane ',
  's_city' => 'Riverside',
  's_state' => 'CA',
  's_postcode' => '92501',
  's_country' => 'US',
  'email' => 'Luvbunny57@aol.com',
  's_tel' => '3109702202',
  'b_firstname' => 'Julie',
  'b_lastname' => 'Browne',
  'b_address' => '4124 Jenkins lane ',
  'b_city' => 'Riverside',
  'b_state' => 'CA',
  'b_postcode' => '92501',
  'b_country' => 'US',
  'b_tel' => '3109702202',
) 
11:51:53 array (
  'siteno' => '193736180',
  'version' => '',
  'orderid' => '245150421037',
  'order_time' => '20150421115153',
  'lang' => 'en',
  'currency' => 'USD',
  'vat' => '3.00',
  'discount' => '0.00',
  'shippingfee' => '36.00',
  'productname[0]' => 'NHL Jersey Chicago Blackhawks 021  Men Stitched with Purple Num Stitched NHL Jersey
 Size:M(48)',
  'productno[0]' => 'NHL2015019498',
  'price[0]' => '36.80',
  'qty[0]' => 2,
  'checkcode' => '03258f83b193fa82fad25f009e5c2d25',
  'backurl' => 'http://www.outlet-jersey.com/index.php?main_page=checkout_process',
  'notifyreurl' => 'http://www.outlet-jersey.com/mallpay_check.php',
  's_firstname' => 'Brandon',
  's_lastname' => 'Williams',
  's_address' => '810 oak street ',
  's_city' => 'Saint Charles',
  's_state' => 'IL',
  's_postcode' => '60174',
  's_country' => 'US',
  'email' => 'Williamslyrics@gmail.com',
  's_tel' => '6303276968',
  'b_firstname' => 'Brandon',
  'b_lastname' => 'Williams',
  'b_address' => '810 oak street ',
  'b_city' => 'Saint Charles',
  'b_state' => 'IL',
  'b_postcode' => '60174',
  'b_country' => 'US',
  'b_tel' => '6303276968',
) 
11:54:28 array (
  'siteno' => '193736180',
  'version' => '',
  'orderid' => '245150421038',
  'order_time' => '20150421115428',
  'lang' => 'en',
  'currency' => 'USD',
  'vat' => '3.00',
  'discount' => '0.00',
  'shippingfee' => '20.00',
  'productname[0]' => 'NHL Jersey Chicago Blackhawks 021  Men Stitched with Purple Num Stitched NHL Jersey
 Size:M(48)',
  'productno[0]' => 'NHL2015019498',
  'price[0]' => '36.80',
  'qty[0]' => 2,
  'checkcode' => '927254a8445eae4910daa122ed696289',
  'backurl' => 'http://www.outlet-jersey.com/index.php?main_page=checkout_process',
  'notifyreurl' => 'http://www.outlet-jersey.com/mallpay_check.php',
  's_firstname' => 'Brandon',
  's_lastname' => 'Williams',
  's_address' => '810 oak street ',
  's_city' => 'Saint Charles',
  's_state' => 'IL',
  's_postcode' => '60174',
  's_country' => 'US',
  'email' => 'Williamslyrics@gmail.com',
  's_tel' => '6303276968',
  'b_firstname' => 'Brandon',
  'b_lastname' => 'Williams',
  'b_address' => '810 oak street ',
  'b_city' => 'Saint Charles',
  'b_state' => 'IL',
  'b_postcode' => '60174',
  'b_country' => 'US',
  'b_tel' => '6303276968',
) 
12:39:43 array (
  'siteno' => '193736180',
  'version' => '',
  'orderid' => '245150421042',
  'order_time' => '20150421123943',
  'lang' => 'en',
  'currency' => 'USD',
  'vat' => '7.50',
  'discount' => '0.00',
  'shippingfee' => '48.00',
  'productname[0]' => 'Bruins #33 Zdeno Chara Black Women\'s Home Stitched NHL Jersey
 Size:Medium/48',
  'productno[0]' => 'WOMEN6709',
  'price[0]' => '31.00',
  'qty[0]' => 1,
  'productname[1]' => 'Bruins Chris Horton #18 Green St. Patty\'s Day Stitched NHL Jersey
 Size:XXL(54)',
  'productno[1]' => 'NHL11057',
  'price[1]' => '33.00',
  'qty[1]' => 1,
  'productname[2]' => 'Red Sox #34 David Ortiz White/Pink Women\'s Splash Fashion Stitched Baseball Jersey
 Size:Medium',
  'productno[2]' => 'WOMEN4690',
  'price[2]' => '19.00',
  'qty[2]' => 1,
  'productname[3]' => 'Red Sox #15 Dustin Pedroia Dark Blue Cool Base Stitched Youth Baseball Jersey
 Size:M(12-14)',
  'productno[3]' => 'YOUTH3452',
  'price[3]' => '10.00',
  'qty[3]' => 1,
  'productname[4]' => 'Red Sox #34 David Ortiz Dark Blue Cool Base Stitched Youth Baseball Jersey
 Size:M(12-14)',
  'productno[4]' => 'YOUTH3460',
  'price[4]' => '10.00',
  'qty[4]' => 1,
  'checkcode' => '6428bc7497aa09b7ed2ed34eec3231dc',
  'backurl' => 'http://www.outlet-jersey.com/index.php?main_page=checkout_process',
  'notifyreurl' => 'http://www.outlet-jersey.com/mallpay_check.php',
  's_firstname' => 'Amanda',
  's_lastname' => 'Fairbanks',
  's_address' => '1756N 460W #104 ',
  's_city' => 'Logan',
  's_state' => 'UT',
  's_postcode' => '84321',
  's_country' => 'US',
  'email' => 'cdmommy3@gmail.com',
  's_tel' => '4352130538',
  'b_firstname' => 'Amanda',
  'b_lastname' => 'Fairbanks',
  'b_address' => '1756N 460W #104 ',
  'b_city' => 'Logan',
  'b_state' => 'UT',
  'b_postcode' => '84321',
  'b_country' => 'US',
  'b_tel' => '4352130538',
) 
12:43:05 array (
  'siteno' => '193736180',
  'version' => '',
  'orderid' => '245150421043',
  'order_time' => '20150421124305',
  'lang' => 'en',
  'currency' => 'USD',
  'vat' => '7.50',
  'discount' => '0.00',
  'shippingfee' => '48.00',
  'productname[0]' => 'Bruins #33 Zdeno Chara Black Women\'s Home Stitched NHL Jersey
 Size:Medium/48',
  'productno[0]' => 'WOMEN6709',
  'price[0]' => '31.00',
  'qty[0]' => 1,
  'productname[1]' => 'Bruins Chris Horton #18 Green St. Patty\'s Day Stitched NHL Jersey
 Size:XXL(54)',
  'productno[1]' => 'NHL11057',
  'price[1]' => '33.00',
  'qty[1]' => 1,
  'productname[2]' => 'Red Sox #34 David Ortiz White/Pink Women\'s Splash Fashion Stitched Baseball Jersey
 Size:Medium',
  'productno[2]' => 'WOMEN4690',
  'price[2]' => '19.00',
  'qty[2]' => 1,
  'productname[3]' => 'Red Sox #15 Dustin Pedroia Dark Blue Cool Base Stitched Youth Baseball Jersey
 Size:M(12-14)',
  'productno[3]' => 'YOUTH3452',
  'price[3]' => '10.00',
  'qty[3]' => 1,
  'productname[4]' => 'Red Sox #34 David Ortiz Dark Blue Cool Base Stitched Youth Baseball Jersey
 Size:M(12-14)',
  'productno[4]' => 'YOUTH3460',
  'price[4]' => '10.00',
  'qty[4]' => 1,
  'checkcode' => 'c64bcb90b6c1d920bcdfef265a5027fd',
  'backurl' => 'http://www.outlet-jersey.com/index.php?main_page=checkout_process',
  'notifyreurl' => 'http://www.outlet-jersey.com/mallpay_check.php',
  's_firstname' => 'Amanda',
  's_lastname' => 'Fairbanks',
  's_address' => '1756N 460W #104 ',
  's_city' => 'Logan',
  's_state' => 'UT',
  's_postcode' => '84321',
  's_country' => 'US',
  'email' => 'cdmommy3@gmail.com',
  's_tel' => '4352130538',
  'b_firstname' => 'Amanda',
  'b_lastname' => 'Fairbanks',
  'b_address' => '1756 N 460 W #104 ',
  'b_city' => 'Logan',
  'b_state' => 'UT',
  'b_postcode' => '84341',
  'b_country' => 'US',
  'b_tel' => '4352130538',
) 
12:45:47 array (
  'siteno' => '193736180',
  'version' => '',
  'orderid' => '245150421044',
  'order_time' => '20150421124547',
  'lang' => 'en',
  'currency' => 'USD',
  'vat' => '7.50',
  'discount' => '0.00',
  'shippingfee' => '48.00',
  'productname[0]' => 'Bruins #33 Zdeno Chara Black Women\'s Home Stitched NHL Jersey
 Size:Medium/48',
  'productno[0]' => 'WOMEN6709',
  'price[0]' => '31.00',
  'qty[0]' => 1,
  'productname[1]' => 'Bruins Chris Horton #18 Green St. Patty\'s Day Stitched NHL Jersey
 Size:XXL(54)',
  'productno[1]' => 'NHL11057',
  'price[1]' => '33.00',
  'qty[1]' => 1,
  'productname[2]' => 'Red Sox #34 David Ortiz White/Pink Women\'s Splash Fashion Stitched Baseball Jersey
 Size:Medium',
  'productno[2]' => 'WOMEN4690',
  'price[2]' => '19.00',
  'qty[2]' => 1,
  'productname[3]' => 'Red Sox #15 Dustin Pedroia Dark Blue Cool Base Stitched Youth Baseball Jersey
 Size:M(12-14)',
  'productno[3]' => 'YOUTH3452',
  'price[3]' => '10.00',
  'qty[3]' => 1,
  'productname[4]' => 'Red Sox #34 David Ortiz Dark Blue Cool Base Stitched Youth Baseball Jersey
 Size:M(12-14)',
  'productno[4]' => 'YOUTH3460',
  'price[4]' => '10.00',
  'qty[4]' => 1,
  'checkcode' => '6581fa820f72d558599ccc5cfbc657c1',
  'backurl' => 'http://www.outlet-jersey.com/index.php?main_page=checkout_process',
  'notifyreurl' => 'http://www.outlet-jersey.com/mallpay_check.php',
  's_firstname' => 'Amanda',
  's_lastname' => 'Fairbanks',
  's_address' => '1756N 460W #104 ',
  's_city' => 'Logan',
  's_state' => 'UT',
  's_postcode' => '84321',
  's_country' => 'US',
  'email' => 'cdmommy3@gmail.com',
  's_tel' => '4352130538',
  'b_firstname' => 'Amanda',
  'b_lastname' => 'Fairbanks',
  'b_address' => '1756 N 460 W #104 ',
  'b_city' => 'Logan',
  'b_state' => 'UT',
  'b_postcode' => '84341',
  'b_country' => 'US',
  'b_tel' => '4352130538',
) 
