01:24:36 array (
  'siteno' => '193736180',
  'version' => '',
  'orderid' => '245150422004',
  'order_time' => '20150422012436',
  'lang' => 'en',
  'currency' => 'USD',
  'vat' => '19.50',
  'discount' => '0.00',
  'shippingfee' => '0.00',
  'productname[0]' => 'Angels #27 Mike Trout Grey Cool Base Stitched Youth Baseball Jersey
 Size:L(14-16)',
  'productno[0]' => 'YOUTH3330',
  'price[0]' => '10.00',
  'qty[0]' => 1,
  'productname[1]' => 'Angels #27 Mike Trout Grey Cool Base Stitched Youth Baseball Jersey
 Size:M(12-14)',
  'productno[1]' => 'YOUTH3330',
  'price[1]' => '10.00',
  'qty[1]' => 1,
  'productname[2]' => 'Angels #27 Mike Trout Grey Cool Base Stitched Youth Baseball Jersey
 Size:XL(16-18)',
  'productno[2]' => 'YOUTH3330',
  'price[2]' => '10.00',
  'qty[2]' => 1,
  'productname[3]' => 'Angels #27 Mike Trout Red Cool Base Stitched Youth Baseball Jersey
 Size:L(14-16)',
  'productno[3]' => 'YOUTH3331',
  'price[3]' => '10.00',
  'qty[3]' => 2,
  'productname[4]' => 'Angels #27 Mike Trout Red Cool Base Stitched Youth Baseball Jersey
 Size:M(12-14)',
  'productno[4]' => 'YOUTH3331',
  'price[4]' => '10.00',
  'qty[4]' => 1,
  'productname[5]' => 'Angels #27 Mike Trout Red Cool Base Stitched Youth Baseball Jersey
 Size:XL(16-18)',
  'productno[5]' => 'YOUTH3331',
  'price[5]' => '10.00',
  'qty[5]' => 2,
  'productname[6]' => 'Angels #27 Mike Trout White Cool Base Stitched Youth Baseball Jersey
 Size:L(14-16)',
  'productno[6]' => 'YOUTH3332',
  'price[6]' => '10.00',
  'qty[6]' => 2,
  'productname[7]' => 'Angels #27 Mike Trout White Cool Base Stitched Youth Baseball Jersey
 Size:M(12-14)',
  'productno[7]' => 'YOUTH3332',
  'price[7]' => '10.00',
  'qty[7]' => 1,
  'productname[8]' => 'Angels #27 Mike Trout White Cool Base Stitched Youth Baseball Jersey
 Size:XL(16-18)',
  'productno[8]' => 'YOUTH3332',
  'price[8]' => '10.00',
  'qty[8]' => 2,
  'checkcode' => 'ebc3807367a9eba94e129ff61d9c33c7',
  'backurl' => 'http://www.outlet-jersey.com/index.php?main_page=checkout_process',
  'notifyreurl' => 'http://www.outlet-jersey.com/mallpay_check.php',
  's_firstname' => 'Robert',
  's_lastname' => 'Barth',
  's_address' => '221 Laurel Rd, Suite 150 ',
  's_city' => 'Voorhees',
  's_state' => 'NJ',
  's_postcode' => '08043',
  's_country' => 'US',
  'email' => 'lhinchliffe@theseries.com',
  's_tel' => '844-385-4833',
  'b_firstname' => 'Robert',
  'b_lastname' => 'Barth',
  'b_address' => '125 Franklin Cr ',
  'b_city' => 'Somerdale',
  'b_state' => 'NJ',
  'b_postcode' => '08083',
  'b_country' => 'US',
  'b_tel' => '844-385-4833',
) 
05:35:08 array (
  'siteno' => '193736180',
  'version' => '',
  'orderid' => '245150422021',
  'order_time' => '20150422053508',
  'lang' => 'en',
  'currency' => 'USD',
  'vat' => '1.50',
  'discount' => '0.00',
  'shippingfee' => '25.00',
  'productname[0]' => 'Blackhawks #19 Janathan Toews Red Women\'s Home Stitched NHL Jersey
 Size:Medium/48',
  'productno[0]' => 'WOMEN6703',
  'price[0]' => '31.00',
  'qty[0]' => 1,
  'checkcode' => '9d1c2896485369192ef5ae9d48aecba4',
  'backurl' => 'http://www.outlet-jersey.com/index.php?main_page=checkout_process',
  'notifyreurl' => 'http://www.outlet-jersey.com/mallpay_check.php',
  's_firstname' => 'Lauren',
  's_lastname' => 'Gascon',
  's_address' => '2134 diamond loop Se ',
  's_city' => 'LACEY',
  's_state' => 'WA',
  's_postcode' => '98503',
  's_country' => 'US',
  'email' => 'scentsational.totes@gmail.com',
  's_tel' => '2545771121',
  'b_firstname' => 'Lauren',
  'b_lastname' => 'Gascon',
  'b_address' => '2134 diamond loop Se ',
  'b_city' => 'LACEY',
  'b_state' => 'WA',
  'b_postcode' => '98503',
  'b_country' => 'US',
  'b_tel' => '2545771121',
) 
05:38:32 array (
  'siteno' => '193736180',
  'version' => '',
  'orderid' => '245150422022',
  'order_time' => '20150422053832',
  'lang' => 'en',
  'currency' => 'USD',
  'vat' => '1.50',
  'discount' => '0.00',
  'shippingfee' => '25.00',
  'productname[0]' => 'Blackhawks #19 Janathan Toews Red Women\'s Home Stitched NHL Jersey
 Size:Medium/48',
  'productno[0]' => 'WOMEN6703',
  'price[0]' => '31.00',
  'qty[0]' => 1,
  'checkcode' => 'bf27823a5809170351017e6122c7068b',
  'backurl' => 'http://www.outlet-jersey.com/index.php?main_page=checkout_process',
  'notifyreurl' => 'http://www.outlet-jersey.com/mallpay_check.php',
  's_firstname' => 'Lauren',
  's_lastname' => 'Gascon',
  's_address' => '2134 diamond loop Se ',
  's_city' => 'LACEY',
  's_state' => 'WA',
  's_postcode' => '98503',
  's_country' => 'US',
  'email' => 'scentsational.totes@gmail.com',
  's_tel' => '2545771121',
  'b_firstname' => 'Lauren',
  'b_lastname' => 'Gascon',
  'b_address' => '2134 diamond loop Se ',
  'b_city' => 'LACEY',
  'b_state' => 'WA',
  'b_postcode' => '98503',
  'b_country' => 'US',
  'b_tel' => '2545771121',
) 
05:42:38 array (
  'siteno' => '193736180',
  'version' => '',
  'orderid' => '245150422023',
  'order_time' => '20150422054238',
  'lang' => 'en',
  'currency' => 'USD',
  'vat' => '1.50',
  'discount' => '0.00',
  'shippingfee' => '25.00',
  'productname[0]' => 'Blackhawks #19 Janathan Toews Red Women\'s Home Stitched NHL Jersey
 Size:Medium/48',
  'productno[0]' => 'WOMEN6703',
  'price[0]' => '31.00',
  'qty[0]' => 1,
  'checkcode' => 'fd74988f14ee08cc4fc3c03e8708d112',
  'backurl' => 'http://www.outlet-jersey.com/index.php?main_page=checkout_process',
  'notifyreurl' => 'http://www.outlet-jersey.com/mallpay_check.php',
  's_firstname' => 'Lauren',
  's_lastname' => 'Gascon',
  's_address' => '2134 diamond loop Se ',
  's_city' => 'LACEY',
  's_state' => 'WA',
  's_postcode' => '98503',
  's_country' => 'US',
  'email' => 'scentsational.totes@gmail.com',
  's_tel' => '2545771121',
  'b_firstname' => 'Lauren',
  'b_lastname' => 'Gascon',
  'b_address' => '2134 diamond loop Se ',
  'b_city' => 'LACEY',
  'b_state' => 'WA',
  'b_postcode' => '98503',
  'b_country' => 'US',
  'b_tel' => '2545771121',
) 
05:48:50 array (
  'siteno' => '193736180',
  'version' => '',
  'orderid' => '245150422024',
  'order_time' => '20150422054850',
  'lang' => 'en',
  'currency' => 'USD',
  'vat' => '1.50',
  'discount' => '0.00',
  'shippingfee' => '25.00',
  'productname[0]' => 'Blackhawks #19 Janathan Toews Red Women\'s Home Stitched NHL Jersey
 Size:Medium/48',
  'productno[0]' => 'WOMEN6703',
  'price[0]' => '31.00',
  'qty[0]' => 1,
  'checkcode' => 'f814f536bc70f20a3ef2e8c69927009b',
  'backurl' => 'http://www.outlet-jersey.com/index.php?main_page=checkout_process',
  'notifyreurl' => 'http://www.outlet-jersey.com/mallpay_check.php',
  's_firstname' => 'Lauren',
  's_lastname' => 'Gascon',
  's_address' => '2134 diamond loop Se ',
  's_city' => 'LACEY',
  's_state' => 'WA',
  's_postcode' => '98503',
  's_country' => 'US',
  'email' => 'scentsational.totes@gmail.com',
  's_tel' => '2545771121',
  'b_firstname' => 'Lauren',
  'b_lastname' => 'Gascon',
  'b_address' => '2134 diamond loop Se ',
  'b_city' => 'LACEY',
  'b_state' => 'WA',
  'b_postcode' => '98503',
  'b_country' => 'US',
  'b_tel' => '2545771121',
) 
06:10:00 array (
  'siteno' => '193736180',
  'version' => '',
  'orderid' => '245150422026',
  'order_time' => '20150422061000',
  'lang' => 'en',
  'currency' => 'USD',
  'vat' => '1.50',
  'discount' => '0.00',
  'shippingfee' => '28.00',
  'productname[0]' => 'NHL Jersey Chicago Blackhawks 018  Men Stitched Charcoal Cross Check Fashion Jersey
 Size:M(48)',
  'productno[0]' => 'NHL2015019495',
  'price[0]' => '36.95',
  'qty[0]' => 1,
  'checkcode' => '98dda9464ad08fbadba6d2123e1b4664',
  'backurl' => 'http://www.outlet-jersey.com/index.php?main_page=checkout_process',
  'notifyreurl' => 'http://www.outlet-jersey.com/mallpay_check.php',
  's_firstname' => 'jesus',
  's_lastname' => 'hernandez',
  's_address' => '116 Garden ',
  's_city' => 'Bolingbrook',
  's_state' => 'IL',
  's_postcode' => '60440',
  's_country' => 'US',
  'email' => 'jrhernandez9140@yahoo.com',
  's_tel' => '3314252932',
  'b_firstname' => 'jesus',
  'b_lastname' => 'hernandez',
  'b_address' => '116 Garden ',
  'b_city' => 'Bolingbrook',
  'b_state' => 'IL',
  'b_postcode' => '60440',
  'b_country' => 'US',
  'b_tel' => '3314252932',
) 
07:34:11 array (
  'siteno' => '193736180',
  'version' => '',
  'orderid' => '245150422033',
  'order_time' => '20150422073411',
  'lang' => 'en',
  'currency' => 'USD',
  'vat' => '1.50',
  'discount' => '0.00',
  'shippingfee' => '28.00',
  'productname[0]' => 'New York Rangers #26 Martin St.Louis Blue Home Hockey NHL Jersey
 Size:M(48)',
  'productno[0]' => 'NHL12401',
  'price[0]' => '33.00',
  'qty[0]' => 1,
  'checkcode' => '8d704c8db56e821d752977ef75e52f9c',
  'backurl' => 'http://www.outlet-jersey.com/index.php?main_page=checkout_process',
  'notifyreurl' => 'http://www.outlet-jersey.com/mallpay_check.php',
  's_firstname' => 'Rachael',
  's_lastname' => 'Everleth',
  's_address' => '738 gilbert rd ',
  's_city' => 'Mooers',
  's_state' => 'NY',
  's_postcode' => '12958',
  's_country' => 'US',
  'email' => 'Rachael_everleth@yahoo.com',
  's_tel' => '5185934573',
  'b_firstname' => 'Rachael',
  'b_lastname' => 'Everleth',
  'b_address' => '738 gilbert rd ',
  'b_city' => 'Mooers',
  'b_state' => 'NY',
  'b_postcode' => '12958',
  'b_country' => 'US',
  'b_tel' => '5185934573',
) 
09:26:23 array (
  'siteno' => '193736180',
  'version' => '',
  'orderid' => '245150422039',
  'order_time' => '20150422092623',
  'lang' => 'en',
  'currency' => 'USD',
  'vat' => '4.50',
  'discount' => '0.00',
  'shippingfee' => '20.00',
  'productname[0]' => 'Red Sox #34 David Ortiz Stitched Dark Blue Baseball Jersey
 Size:XX Large/54',
  'productno[0]' => 'MLB10713',
  'price[0]' => '18.50',
  'qty[0]' => 1,
  'productname[1]' => 'Red Sox #15 Dustin Pedroia Red Women\'s Fashion Stitched Baseball Jersey
 Size:Medium',
  'productno[1]' => 'WOMEN4676',
  'price[1]' => '19.00',
  'qty[1]' => 1,
  'productname[2]' => 'Red Sox #15 Dustin Pedroia Green Stitched Baseball Jersey
 Size:Extra Large/52',
  'productno[2]' => 'MLB10664',
  'price[2]' => '18.50',
  'qty[2]' => 1,
  'checkcode' => '02c792fd45927b354c1a69dd7651372e',
  'backurl' => 'http://www.outlet-jersey.com/index.php?main_page=checkout_process',
  'notifyreurl' => 'http://www.outlet-jersey.com/mallpay_check.php',
  's_firstname' => 'Nico',
  's_lastname' => 'Grande',
  's_address' => '401 Fox Hill rd ',
  's_city' => 'Bennington',
  's_state' => 'VT',
  's_postcode' => '05201',
  's_country' => 'US',
  'email' => 'emsguy44@gmail.com',
  's_tel' => '8023386335',
  'b_firstname' => 'Nico',
  'b_lastname' => 'Grande',
  'b_address' => '401 Fox Hill rd ',
  'b_city' => 'Bennington',
  'b_state' => 'VT',
  'b_postcode' => '05201',
  'b_country' => 'US',
  'b_tel' => '8023386335',
) 
09:28:05 array (
  'siteno' => '193736180',
  'version' => '',
  'orderid' => '245150422040',
  'order_time' => '20150422092805',
  'lang' => 'en',
  'currency' => 'USD',
  'vat' => '4.50',
  'discount' => '0.00',
  'shippingfee' => '20.00',
  'productname[0]' => 'Red Sox #34 David Ortiz Stitched Dark Blue Baseball Jersey
 Size:XX Large/54',
  'productno[0]' => 'MLB10713',
  'price[0]' => '18.50',
  'qty[0]' => 1,
  'productname[1]' => 'Red Sox #15 Dustin Pedroia Red Women\'s Fashion Stitched Baseball Jersey
 Size:Medium',
  'productno[1]' => 'WOMEN4676',
  'price[1]' => '19.00',
  'qty[1]' => 1,
  'productname[2]' => 'Red Sox #15 Dustin Pedroia Green Stitched Baseball Jersey
 Size:Extra Large/52',
  'productno[2]' => 'MLB10664',
  'price[2]' => '18.50',
  'qty[2]' => 1,
  'checkcode' => '608a2e1dee88ae271b3b11cf14746e6f',
  'backurl' => 'http://www.outlet-jersey.com/index.php?main_page=checkout_process',
  'notifyreurl' => 'http://www.outlet-jersey.com/mallpay_check.php',
  's_firstname' => 'Nico',
  's_lastname' => 'Grande',
  's_address' => '401 Fox Hill rd ',
  's_city' => 'Bennington',
  's_state' => 'VT',
  's_postcode' => '05201',
  's_country' => 'US',
  'email' => 'emsguy44@gmail.com',
  's_tel' => '8023386335',
  'b_firstname' => 'Nico',
  'b_lastname' => 'Grande',
  'b_address' => '401 Fox Hill rd ',
  'b_city' => 'Bennington',
  'b_state' => 'VT',
  'b_postcode' => '05201',
  'b_country' => 'US',
  'b_tel' => '8023386335',
) 
09:41:31 array (
  'siteno' => '193736180',
  'version' => '',
  'orderid' => '245150422042',
  'order_time' => '20150422094131',
  'lang' => 'en',
  'currency' => 'USD',
  'vat' => '3.00',
  'discount' => '0.00',
  'shippingfee' => '36.00',
  'productname[0]' => 'NHL Jersey Chicago Blackhawks 018  Men Stitched Charcoal Cross Check Fashion Jersey
 Size:M(48)',
  'productno[0]' => 'NHL2015019495',
  'price[0]' => '36.95',
  'qty[0]' => 1,
  'productname[1]' => 'NHL Jersey Chicago Blackhawks 024  Men Stitched Fights Cancer Stitched Hockey Jersey
 Size:M(48)',
  'productno[1]' => 'NHL2015019501',
  'price[1]' => '36.80',
  'qty[1]' => 1,
  'checkcode' => 'faf4c6d7106e420b0ce474d0f8d2cec9',
  'backurl' => 'http://www.outlet-jersey.com/index.php?main_page=checkout_process',
  'notifyreurl' => 'http://www.outlet-jersey.com/mallpay_check.php',
  's_firstname' => 'chadd',
  's_lastname' => 'delehoy',
  's_address' => '48 A elm street ',
  's_city' => 'milo',
  's_state' => 'ME',
  's_postcode' => '04463',
  's_country' => 'US',
  'email' => 'chadd.delehoy@gmail.com',
  's_tel' => '(207) 249-5700',
  'b_firstname' => 'chadd',
  'b_lastname' => 'delehoy',
  'b_address' => '48 A elm street ',
  'b_city' => 'milo',
  'b_state' => 'ME',
  'b_postcode' => '04463',
  'b_country' => 'US',
  'b_tel' => '(207) 249-5700',
) 
10:15:18 array (
  'siteno' => '193736180',
  'version' => '',
  'orderid' => '245150422048',
  'order_time' => '20150422101518',
  'lang' => 'en',
  'currency' => 'USD',
  'vat' => '1.50',
  'discount' => '0.00',
  'shippingfee' => '28.00',
  'productname[0]' => 'NHL Jersey Los Angeles 5  Men Stitched with Purple Num Stitched NHL Jersey
 Size:L(50)',
  'productno[0]' => 'NHL2015019678',
  'price[0]' => '36.55',
  'qty[0]' => 1,
  'checkcode' => '190c6d1f0030039f3ab9d31c2c8645fb',
  'backurl' => 'http://www.outlet-jersey.com/index.php?main_page=checkout_process',
  'notifyreurl' => 'http://www.outlet-jersey.com/mallpay_check.php',
  's_firstname' => 'kadeem',
  's_lastname' => 'mcneill',
  's_address' => '8104 rockaway beach ',
  's_city' => 'queens',
  's_state' => 'NY',
  's_postcode' => '11693',
  's_country' => 'US',
  'email' => 'deemissofly13@aim.com',
  's_tel' => '5168493331',
  'b_firstname' => 'kadeem',
  'b_lastname' => 'mcneill',
  'b_address' => '8104 rockaway beach ',
  'b_city' => 'queens',
  'b_state' => 'NY',
  'b_postcode' => '11693',
  'b_country' => 'US',
  'b_tel' => '5168493331',
) 
10:54:37 array (
  'siteno' => '193736180',
  'version' => '',
  'orderid' => '245150422052',
  'order_time' => '20150422105437',
  'lang' => 'en',
  'currency' => 'USD',
  'vat' => '1.50',
  'discount' => '0.00',
  'shippingfee' => '28.00',
  'productname[0]' => 'Islanders #21 Kyle Okposo Baby Blue Stitched NHL Jersey
 Size:L(50)',
  'productno[0]' => 'NHL12381',
  'price[0]' => '33.00',
  'qty[0]' => 1,
  'checkcode' => '3f1cd1eddc47bde72b829415766175aa',
  'backurl' => 'http://www.outlet-jersey.com/index.php?main_page=checkout_process',
  'notifyreurl' => 'http://www.outlet-jersey.com/mallpay_check.php',
  's_firstname' => 'Joshua',
  's_lastname' => 'Quagliato',
  's_address' => '253 Patchogue Ave ',
  's_city' => 'East Patchogue',
  's_state' => 'NY',
  's_postcode' => '11772',
  's_country' => 'US',
  'email' => 'mrq1993@hotmail.com',
  's_tel' => '6319461684',
  'b_firstname' => 'Joshua',
  'b_lastname' => 'Quagliato',
  'b_address' => '253 Patchogue Ave ',
  'b_city' => 'East Patchogue',
  'b_state' => 'NY',
  'b_postcode' => '11772',
  'b_country' => 'US',
  'b_tel' => '6319461684',
) 
21:37:41 array (
  'siteno' => '193736180',
  'version' => '',
  'orderid' => '245150422074',
  'order_time' => '20150422213741',
  'lang' => 'en',
  'currency' => 'USD',
  'vat' => '3.00',
  'discount' => '0.00',
  'shippingfee' => '20.00',
  'productname[0]' => 'Islanders #31 Billy Smith Stitched Baby Blue CCM Throwback NHL Jersey
 Size:XL(52)',
  'productno[0]' => 'NHL12385',
  'price[0]' => '33.00',
  'qty[0]' => 1,
  'productname[1]' => 'Islanders #22 Mike Bossy Men\'s Stitched Blue CCM Throwback Hockey Jersey
 Size:XL(52)',
  'productno[1]' => 'JE1731116',
  'price[1]' => '36.66',
  'qty[1]' => 1,
  'checkcode' => '1cd98df930b4d7b6cb5a131276f28192',
  'backurl' => 'http://www.outlet-jersey.com/index.php?main_page=checkout_process',
  'notifyreurl' => 'http://www.outlet-jersey.com/mallpay_check.php',
  's_firstname' => 'Joe',
  's_lastname' => 'ragonese',
  's_address' => '435 east 65th. 10F ',
  's_city' => 'new york',
  's_state' => 'FL',
  's_postcode' => '10065',
  's_country' => 'US',
  'email' => 'joerags@me.com',
  's_tel' => '9175444562',
  'b_firstname' => 'Joe',
  'b_lastname' => 'ragonese',
  'b_address' => '10134 Lexington cir n ',
  'b_city' => 'boynton beach',
  'b_state' => 'FL',
  'b_postcode' => '33436',
  'b_country' => 'US',
  'b_tel' => '9175444562',
) 
21:39:55 array (
  'siteno' => '193736180',
  'version' => '',
  'orderid' => '245150422075',
  'order_time' => '20150422213955',
  'lang' => 'en',
  'currency' => 'USD',
  'vat' => '3.00',
  'discount' => '0.00',
  'shippingfee' => '36.00',
  'productname[0]' => 'Islanders #31 Billy Smith Stitched Baby Blue CCM Throwback NHL Jersey
 Size:XL(52)',
  'productno[0]' => 'NHL12385',
  'price[0]' => '33.00',
  'qty[0]' => 1,
  'productname[1]' => 'Islanders #22 Mike Bossy Men\'s Stitched Blue CCM Throwback Hockey Jersey
 Size:XL(52)',
  'productno[1]' => 'JE1731116',
  'price[1]' => '36.66',
  'qty[1]' => 1,
  'checkcode' => '04af3e80cf0f539f77bab3d2d8fa72da',
  'backurl' => 'http://www.outlet-jersey.com/index.php?main_page=checkout_process',
  'notifyreurl' => 'http://www.outlet-jersey.com/mallpay_check.php',
  's_firstname' => 'Joe',
  's_lastname' => 'ragonese',
  's_address' => '435 east 65th. 10F ',
  's_city' => 'new york',
  's_state' => 'FL',
  's_postcode' => '10065',
  's_country' => 'US',
  'email' => 'joerags@me.com',
  's_tel' => '9175444562',
  'b_firstname' => 'Joe',
  'b_lastname' => 'ragonese',
  'b_address' => '10134 Lexington cir n ',
  'b_city' => 'boynton beach',
  'b_state' => 'FL',
  'b_postcode' => '33436',
  'b_country' => 'US',
  'b_tel' => '9175444562',
) 
21:53:38 array (
  'siteno' => '193736180',
  'version' => '',
  'orderid' => '245150422076',
  'order_time' => '20150422215338',
  'lang' => 'en',
  'currency' => 'USD',
  'vat' => '3.00',
  'discount' => '0.00',
  'shippingfee' => '36.00',
  'productname[0]' => 'Islanders #31 Billy Smith Stitched Baby Blue CCM Throwback NHL Jersey
 Size:XL(52)',
  'productno[0]' => 'NHL12385',
  'price[0]' => '33.00',
  'qty[0]' => 1,
  'productname[1]' => 'Islanders #22 Mike Bossy Men\'s Stitched Blue CCM Throwback Hockey Jersey
 Size:XL(52)',
  'productno[1]' => 'JE1731116',
  'price[1]' => '36.66',
  'qty[1]' => 1,
  'checkcode' => 'e2d66fbdbfd6c0efcb2bb8015d8a51e8',
  'backurl' => 'http://www.outlet-jersey.com/index.php?main_page=checkout_process',
  'notifyreurl' => 'http://www.outlet-jersey.com/mallpay_check.php',
  's_firstname' => 'Joe',
  's_lastname' => 'ragonese',
  's_address' => '435 east 65th. 10F ',
  's_city' => 'new york',
  's_state' => 'FL',
  's_postcode' => '10065',
  's_country' => 'US',
  'email' => 'joerags@me.com',
  's_tel' => '9175444562',
  'b_firstname' => 'Joe',
  'b_lastname' => 'ragonese',
  'b_address' => '10134 Lexington cir n ',
  'b_city' => 'boynton beach',
  'b_state' => 'FL',
  'b_postcode' => '33436',
  'b_country' => 'US',
  'b_tel' => '9175444562',
) 
