01:41:44 array (
  'siteno' => '519276143',
  'version' => '',
  'orderid' => '323150514002',
  'order_time' => '20150514014144',
  'lang' => 'en',
  'currency' => 'USD',
  'vat' => '1.50',
  'discount' => '0.00',
  'shippingfee' => '28.00',
  'productname[0]' => 'NHL New York Rangers 11 Messier red Pullover Hoodie 
 Size:50 (L)',
  'productno[0]' => 'NHL13655',
  'price[0]' => '38.99',
  'qty[0]' => 1,
  'checkcode' => '14afedd2eb344380b292b16257c14adc',
  'backurl' => 'http://www.stars-jersey.com/index.php?main_page=checkout_process',
  'notifyreurl' => 'http://www.stars-jersey.com/mallpay_check.php',
  's_firstname' => 'Patricia',
  's_lastname' => 'Olsen',
  's_address' => '15 corina ct ',
  's_city' => 'Watervliet',
  's_state' => 'NY',
  's_postcode' => '12189',
  's_country' => 'US',
  'email' => 'Pjos4@nycap.rr.com',
  's_tel' => '5182489488',
  'b_firstname' => 'Patricia',
  'b_lastname' => 'Olsen',
  'b_address' => '15 corina ct ',
  'b_city' => 'Watervliet',
  'b_state' => 'NY',
  'b_postcode' => '12189',
  'b_country' => 'US',
  'b_tel' => '5182489488',
) 
04:31:59 array (
  'siteno' => '519276143',
  'version' => '',
  'orderid' => '323150514006',
  'order_time' => '20150514043159',
  'lang' => 'en',
  'currency' => 'USD',
  'vat' => '22.50',
  'discount' => '0.00',
  'shippingfee' => '80.00',
  'productname[0]' => 'Chicago Blackhawks #88 Patrick Kane Red-Black Split White Skull Stitched NHL Jersey
 Size:XL(52)',
  'productno[0]' => 'NHL11634',
  'price[0]' => '33.00',
  'qty[0]' => 1,
  'productname[1]' => 'Blackhawks #65 Andrew Shaw Green Sawyer Hooded Sweatshirt Stitched NHL
 Size:XL(52)',
  'productno[1]' => 'NHL11405',
  'price[1]' => '36.00',
  'qty[1]' => 1,
  'productname[2]' => 'Chicago Cubs #44 Anthony Rizzo Grey Alternate Road Cool Base Baseball Jersey
 Size:XL(52)',
  'productno[2]' => 'MLB10760',
  'price[2]' => '18.50',
  'qty[2]' => 1,
  'productname[3]' => 'Blackhawks #88 Patrick Kane Black Accelerator Stitched NHL Jersey
 Size:L(50)',
  'productno[3]' => 'NHL11463',
  'price[3]' => '33.00',
  'qty[3]' => 1,
  'productname[4]' => 'Blackhawks #10 Patrick Sharp Stitched Red NHL Jersey
 Size:Small/Medium',
  'productno[4]' => 'YOUTH4376',
  'price[4]' => '31.00',
  'qty[4]' => 1,
  'productname[5]' => 'NHL Jersey Chicago Blackhawks 10 Sharp RED  Men Stitched 2015 Winter Classic Stitched NHL Jersey
 Size:L(50)',
  'productno[5]' => 'NHL2015019512',
  'price[5]' => '33.00',
  'qty[5]' => 1,
  'productname[6]' => 'Chicago Blackhawks #88 Patrick Kane Red-Black Split Stitched NHL Jersey
 Size:XL(52)',
  'productno[6]' => 'NHL11633',
  'price[6]' => '33.00',
  'qty[6]' => 1,
  'productname[7]' => 'NHL Jersey Chicago Blackhawks 19 Toews Red  Men Stitched 2015 Winter Classic Stitched NHL Jersey
 Size:XL(52)',
  'productno[7]' => 'NHL2015019524',
  'price[7]' => '33.00',
  'qty[7]' => 1,
  'productname[8]' => 'NHL Jersey Chicago Blackhawks 19 Toews black   Men Stitched with Purple Num Stitched NHL Jersey
 Size:XL(52)',
  'productno[8]' => 'NHL2015019518',
  'price[8]' => '33.00',
  'qty[8]' => 1,
  'productname[9]' => 'Chicago Blackhawks #19 Jonathan Toews Red-Black Split Stitched NHL Jersey
 Size:M(48)',
  'productno[9]' => 'NHL11548',
  'price[9]' => '33.00',
  'qty[9]' => 1,
  'productname[10]' => 'Blackhawks #88 Patrick Kane Red Women\'s Home Stitched NHL Jersey
 Size:Medium/48',
  'productno[10]' => 'WOMEN6706',
  'price[10]' => '31.00',
  'qty[10]' => 2,
  'productname[11]' => 'Chicago Blackhawks #19 Jonathan Toews Red-Black Split White Skull Stitched NHL Jersey
 Size:L(50)',
  'productno[11]' => 'NHL11549',
  'price[11]' => '33.00',
  'qty[11]' => 1,
  'productname[12]' => 'Chicago Blackhawks Big & Tall Logo Dark Green NHL T-Shirts
 Size:XXL',
  'productno[12]' => 'SPT16385',
  'price[12]' => '10.00',
  'qty[12]' => 1,
  'productname[13]' => 'Chicago Blackhawks Big & Tall Logo Midnight Blue NHL T-Shirts
 Size:XXL',
  'productno[13]' => 'SPT16388',
  'price[13]' => '10.00',
  'qty[13]' => 1,
  'checkcode' => 'fdb5255b12f81320da704618d129c525',
  'backurl' => 'http://www.stars-jersey.com/index.php?main_page=checkout_process',
  'notifyreurl' => 'http://www.stars-jersey.com/mallpay_check.php',
  's_firstname' => 'Michael',
  's_lastname' => 'Connors',
  's_address' => '6900 Veterans Blvd ',
  's_city' => 'Burr Ridge',
  's_state' => 'IL',
  's_postcode' => '60527',
  's_country' => 'US',
  'email' => 'mconnors9999@comcast.net',
  's_tel' => '630 887-3091',
  'b_firstname' => 'Michael',
  'b_lastname' => 'Connors',
  'b_address' => '17650 S. Gilbert Drive ',
  'b_city' => 'Lockport',
  'b_state' => 'IL',
  'b_postcode' => '60441',
  'b_country' => 'US',
  'b_tel' => '630 887-3091',
) 
21:00:19 array (
  'siteno' => '519276143',
  'version' => '',
  'orderid' => '323150514016',
  'order_time' => '20150514210019',
  'lang' => 'en',
  'currency' => 'USD',
  'vat' => '22.50',
  'discount' => '0.00',
  'shippingfee' => '80.00',
  'productname[0]' => 'Chicago Blackhawks #88 Patrick Kane Red-Black Split White Skull Stitched NHL Jersey
 Size:XL(52)',
  'productno[0]' => 'NHL11634',
  'price[0]' => '33.00',
  'qty[0]' => 1,
  'productname[1]' => 'Blackhawks #65 Andrew Shaw Green Sawyer Hooded Sweatshirt Stitched NHL
 Size:XL(52)',
  'productno[1]' => 'NHL11405',
  'price[1]' => '36.00',
  'qty[1]' => 1,
  'productname[2]' => 'Chicago Cubs #44 Anthony Rizzo Grey Alternate Road Cool Base Baseball Jersey
 Size:XL(52)',
  'productno[2]' => 'MLB10760',
  'price[2]' => '18.50',
  'qty[2]' => 1,
  'productname[3]' => 'Blackhawks #88 Patrick Kane Black Accelerator Stitched NHL Jersey
 Size:L(50)',
  'productno[3]' => 'NHL11463',
  'price[3]' => '33.00',
  'qty[3]' => 1,
  'productname[4]' => 'Blackhawks #10 Patrick Sharp Stitched Red NHL Jersey
 Size:Small/Medium',
  'productno[4]' => 'YOUTH4376',
  'price[4]' => '31.00',
  'qty[4]' => 1,
  'productname[5]' => 'NHL Jersey Chicago Blackhawks 10 Sharp RED  Men Stitched 2015 Winter Classic Stitched NHL Jersey
 Size:L(50)',
  'productno[5]' => 'NHL2015019512',
  'price[5]' => '33.00',
  'qty[5]' => 1,
  'productname[6]' => 'Chicago Blackhawks #88 Patrick Kane Red-Black Split Stitched NHL Jersey
 Size:XL(52)',
  'productno[6]' => 'NHL11633',
  'price[6]' => '33.00',
  'qty[6]' => 1,
  'productname[7]' => 'NHL Jersey Chicago Blackhawks 19 Toews Red  Men Stitched 2015 Winter Classic Stitched NHL Jersey
 Size:XL(52)',
  'productno[7]' => 'NHL2015019524',
  'price[7]' => '33.00',
  'qty[7]' => 1,
  'productname[8]' => 'NHL Jersey Chicago Blackhawks 19 Toews black   Men Stitched with Purple Num Stitched NHL Jersey
 Size:XL(52)',
  'productno[8]' => 'NHL2015019518',
  'price[8]' => '33.00',
  'qty[8]' => 1,
  'productname[9]' => 'Chicago Blackhawks #19 Jonathan Toews Red-Black Split Stitched NHL Jersey
 Size:M(48)',
  'productno[9]' => 'NHL11548',
  'price[9]' => '33.00',
  'qty[9]' => 1,
  'productname[10]' => 'Blackhawks #88 Patrick Kane Red Women\'s Home Stitched NHL Jersey
 Size:Medium/48',
  'productno[10]' => 'WOMEN6706',
  'price[10]' => '31.00',
  'qty[10]' => 2,
  'productname[11]' => 'Chicago Blackhawks #19 Jonathan Toews Red-Black Split White Skull Stitched NHL Jersey
 Size:L(50)',
  'productno[11]' => 'NHL11549',
  'price[11]' => '33.00',
  'qty[11]' => 1,
  'productname[12]' => 'Chicago Blackhawks Big & Tall Logo Dark Green NHL T-Shirts
 Size:XXL',
  'productno[12]' => 'SPT16385',
  'price[12]' => '10.00',
  'qty[12]' => 1,
  'productname[13]' => 'Chicago Blackhawks Big & Tall Logo Midnight Blue NHL T-Shirts
 Size:XXL',
  'productno[13]' => 'SPT16388',
  'price[13]' => '10.00',
  'qty[13]' => 1,
  'checkcode' => '988da27a6d3d14212f892e689f1fce7f',
  'backurl' => 'http://www.stars-jersey.com/index.php?main_page=checkout_process',
  'notifyreurl' => 'http://www.stars-jersey.com/mallpay_check.php',
  's_firstname' => 'Michael',
  's_lastname' => 'Connors',
  's_address' => '6900 Veterans Blvd ',
  's_city' => 'Burr Ridge',
  's_state' => 'IL',
  's_postcode' => '60527',
  's_country' => 'US',
  'email' => 'mconnors9999@comcast.net',
  's_tel' => '630 887-3091',
  'b_firstname' => 'Michael',
  'b_lastname' => 'Connors',
  'b_address' => '17650 S. Gilbert Drive ',
  'b_city' => 'Lockport',
  'b_state' => 'IL',
  'b_postcode' => '60441',
  'b_country' => 'US',
  'b_tel' => '630 887-3091',
) 
