04:06:46 array (
  'siteno' => '193736180',
  'version' => '',
  'orderid' => '245150308007',
  'order_time' => '20150308040646',
  'lang' => 'en',
  'currency' => 'USD',
  'vat' => '20.00',
  'discount' => '0.00',
  'shippingfee' => '15.00',
  'productname[0]' => '2014 New Nike Houston Texans 99 Watt Drift Fashion Blue Elite Jerseys
 Size:40',
  'productno[0]' => 'NFL20857',
  'price[0]' => '22.50',
  'qty[0]' => 1,
  'productname[1]' => '2013 NEW NFL Green Bay Packers #12 Aaron Rodgers Green Team Color Drift Fashion Elite Jersey
 Size:44/L',
  'productno[1]' => 'NFL20463',
  'price[1]' => '22.50',
  'qty[1]' => 1,
  'productname[2]' => 'Badgers #99 J.J. Watt Red Rose Bowl Game Stitched NCAA Jersey
 Size:Medium/48',
  'productno[2]' => 'NCAA11252',
  'price[2]' => '20.00',
  'qty[2]' => 1,
  'productname[3]' => 'Nike Packers #12 Aaron Rodgers Camo Youth Stitched NFL Realtree Elite Jersey
 Size:XL(18-20)',
  'productno[3]' => 'YOUTH2020',
  'price[3]' => '21.00',
  'qty[3]' => 1,
  'productname[4]' => 'Nike Packers #87 Jordy Nelson Lights Out Black Men\'s Stitched NFL Elite Jersey
 Size:44/L',
  'productno[4]' => 'NFL20798',
  'price[4]' => '22.50',
  'qty[4]' => 1,
  'checkcode' => '24af6d82679607d0d5fdb155023a786d',
  'backurl' => 'http://www.outlet-jersey.com/index.php?main_page=checkout_process',
  'notifyreurl' => 'http://www.outlet-jersey.com/mallpay_check.php',
  's_firstname' => 'Natalie',
  's_lastname' => 'Marx',
  's_address' => '502 Henry Street ',
  's_city' => 'Mazomanie',
  's_state' => 'WI',
  's_postcode' => '53560',
  's_country' => 'US',
  'email' => 'nattie.marx7@gmail.com',
  's_tel' => '6085756771',
  'b_firstname' => 'Natalie',
  'b_lastname' => 'Marx',
  'b_address' => '502 Henry Street ',
  'b_city' => 'Mazomanie',
  'b_state' => 'WI',
  'b_postcode' => '53560',
  'b_country' => 'US',
  'b_tel' => '6085756771',
) 
06:51:35 array (
  'siteno' => '193736180',
  'version' => '',
  'orderid' => '245150308019',
  'order_time' => '20150308065135',
  'lang' => 'en',
  'currency' => 'USD',
  'vat' => '4.00',
  'discount' => '0.00',
  'shippingfee' => '25.00',
  'productname[0]' => 'Red Wings #13 Pavel Datsyuk Black Ice Stitched NHL Jersey
 Size:XX Large/54',
  'productno[0]' => 'NHL11801',
  'price[0]' => '33.00',
  'qty[0]' => 1,
  'checkcode' => 'be8144752801385884a844e250c49980',
  'backurl' => 'http://www.outlet-jersey.com/index.php?main_page=checkout_process',
  'notifyreurl' => 'http://www.outlet-jersey.com/mallpay_check.php',
  's_firstname' => 'Adam',
  's_lastname' => 'Brown',
  's_address' => '1601 Portabella Trail #8 ',
  's_city' => 'Mt Pleasant',
  's_state' => 'MI',
  's_postcode' => '48858',
  's_country' => 'US',
  'email' => 'trucker77radar@gmail.com',
  's_tel' => '9894237470',
  'b_firstname' => 'Adam',
  'b_lastname' => 'Brown',
  'b_address' => '1601 Portabella Trail #8 ',
  'b_city' => 'Mt Pleasant',
  'b_state' => 'MI',
  'b_postcode' => '48858',
  'b_country' => 'US',
  'b_tel' => '9894237470',
) 
07:57:56 array (
  'siteno' => '193736180',
  'version' => '',
  'orderid' => '245150308024',
  'order_time' => '20150308075756',
  'lang' => 'en',
  'currency' => 'USD',
  'vat' => '20.00',
  'discount' => '0.00',
  'shippingfee' => '15.00',
  'productname[0]' => 'Red Wings #19 Steve Yzerman Red All Star CCM Throwback 75TH Stitched NHL Jersey
 Size:Extra Large/52',
  'productno[0]' => 'NHL11812',
  'price[0]' => '33.00',
  'qty[0]' => 1,
  'productname[1]' => 'NHL Jersey Detroit Red Wings 7  Men Stitched Fights Cancer Stitched Hockey Jersey
 Size:48 (XL)',
  'productno[1]' => 'NHL2015019661',
  'price[1]' => '36.57',
  'qty[1]' => 1,
  'productname[2]' => 'Red Wings #16 Vladimir Konstantinov Stitched White CCM Throwback NHL Jersey
 Size:Extra Large/52',
  'productno[2]' => 'NHL11808',
  'price[2]' => '33.00',
  'qty[2]' => 1,
  'productname[3]' => 'Red Wings St Patty\'s Day #9 Gordie Howe Green Stitched NHL Jersey
 Size:Extra Large/52',
  'productno[3]' => 'NHL11867',
  'price[3]' => '33.00',
  'qty[3]' => 1,
  'productname[4]' => 'New England Patriots #12 Tom Brady Grey-Blue Sawyer Hooded Sweatshirt Stitched Jersey
 Size:XL',
  'productno[4]' => 'NFL22486',
  'price[4]' => '36.00',
  'qty[4]' => 1,
  'checkcode' => '4b30f7d8da1c22059d197baea26c5d54',
  'backurl' => 'http://www.outlet-jersey.com/index.php?main_page=checkout_process',
  'notifyreurl' => 'http://www.outlet-jersey.com/mallpay_check.php',
  's_firstname' => 'Crystal',
  's_lastname' => 'Stuart',
  's_address' => '3538 W Gordon ',
  's_city' => 'Spring Arbor',
  's_state' => 'MI',
  's_postcode' => '49283',
  's_country' => 'US',
  'email' => 'srfalk1990@yahoo.com',
  's_tel' => '5177642553',
  'b_firstname' => 'Crystal',
  'b_lastname' => 'Stuart',
  'b_address' => '3538 W Gordon ',
  'b_city' => 'Spring Arbor',
  'b_state' => 'MI',
  'b_postcode' => '49283',
  'b_country' => 'US',
  'b_tel' => '5177642553',
) 
07:57:59 array (
  'siteno' => '193736180',
  'version' => '',
  'orderid' => '245150308025',
  'order_time' => '20150308075759',
  'lang' => 'en',
  'currency' => 'USD',
  'vat' => '20.00',
  'discount' => '0.00',
  'shippingfee' => '15.00',
  'productname[0]' => 'Red Wings #19 Steve Yzerman Red All Star CCM Throwback 75TH Stitched NHL Jersey
 Size:Extra Large/52',
  'productno[0]' => 'NHL11812',
  'price[0]' => '33.00',
  'qty[0]' => 1,
  'productname[1]' => 'NHL Jersey Detroit Red Wings 7  Men Stitched Fights Cancer Stitched Hockey Jersey
 Size:48 (XL)',
  'productno[1]' => 'NHL2015019661',
  'price[1]' => '36.57',
  'qty[1]' => 1,
  'productname[2]' => 'Red Wings #16 Vladimir Konstantinov Stitched White CCM Throwback NHL Jersey
 Size:Extra Large/52',
  'productno[2]' => 'NHL11808',
  'price[2]' => '33.00',
  'qty[2]' => 1,
  'productname[3]' => 'Red Wings St Patty\'s Day #9 Gordie Howe Green Stitched NHL Jersey
 Size:Extra Large/52',
  'productno[3]' => 'NHL11867',
  'price[3]' => '33.00',
  'qty[3]' => 1,
  'productname[4]' => 'New England Patriots #12 Tom Brady Grey-Blue Sawyer Hooded Sweatshirt Stitched Jersey
 Size:XL',
  'productno[4]' => 'NFL22486',
  'price[4]' => '36.00',
  'qty[4]' => 1,
  'checkcode' => '7b75e4e305f0e6260eb29f2a51216eb2',
  'backurl' => 'http://www.outlet-jersey.com/index.php?main_page=checkout_process',
  'notifyreurl' => 'http://www.outlet-jersey.com/mallpay_check.php',
  's_firstname' => 'Crystal',
  's_lastname' => 'Stuart',
  's_address' => '3538 W Gordon ',
  's_city' => 'Spring Arbor',
  's_state' => 'MI',
  's_postcode' => '49283',
  's_country' => 'US',
  'email' => 'srfalk1990@yahoo.com',
  's_tel' => '5177642553',
  'b_firstname' => 'Crystal',
  'b_lastname' => 'Stuart',
  'b_address' => '3538 W Gordon ',
  'b_city' => 'Spring Arbor',
  'b_state' => 'MI',
  'b_postcode' => '49283',
  'b_country' => 'US',
  'b_tel' => '5177642553',
) 
07:58:12 array (
  'siteno' => '193736180',
  'version' => '',
  'orderid' => '245150308026',
  'order_time' => '20150308075812',
  'lang' => 'en',
  'currency' => 'USD',
  'vat' => '20.00',
  'discount' => '0.00',
  'shippingfee' => '15.00',
  'productname[0]' => 'Red Wings #19 Steve Yzerman Red All Star CCM Throwback 75TH Stitched NHL Jersey
 Size:Extra Large/52',
  'productno[0]' => 'NHL11812',
  'price[0]' => '33.00',
  'qty[0]' => 1,
  'productname[1]' => 'NHL Jersey Detroit Red Wings 7  Men Stitched Fights Cancer Stitched Hockey Jersey
 Size:48 (XL)',
  'productno[1]' => 'NHL2015019661',
  'price[1]' => '36.57',
  'qty[1]' => 1,
  'productname[2]' => 'Red Wings #16 Vladimir Konstantinov Stitched White CCM Throwback NHL Jersey
 Size:Extra Large/52',
  'productno[2]' => 'NHL11808',
  'price[2]' => '33.00',
  'qty[2]' => 1,
  'productname[3]' => 'Red Wings St Patty\'s Day #9 Gordie Howe Green Stitched NHL Jersey
 Size:Extra Large/52',
  'productno[3]' => 'NHL11867',
  'price[3]' => '33.00',
  'qty[3]' => 1,
  'productname[4]' => 'New England Patriots #12 Tom Brady Grey-Blue Sawyer Hooded Sweatshirt Stitched Jersey
 Size:XL',
  'productno[4]' => 'NFL22486',
  'price[4]' => '36.00',
  'qty[4]' => 1,
  'checkcode' => '6029746469158c7dcf325d41f0add87d',
  'backurl' => 'http://www.outlet-jersey.com/index.php?main_page=checkout_process',
  'notifyreurl' => 'http://www.outlet-jersey.com/mallpay_check.php',
  's_firstname' => 'Crystal',
  's_lastname' => 'Stuart',
  's_address' => '3538 W Gordon ',
  's_city' => 'Spring Arbor',
  's_state' => 'MI',
  's_postcode' => '49283',
  's_country' => 'US',
  'email' => 'srfalk1990@yahoo.com',
  's_tel' => '5177642553',
  'b_firstname' => 'Crystal',
  'b_lastname' => 'Stuart',
  'b_address' => '3538 W Gordon ',
  'b_city' => 'Spring Arbor',
  'b_state' => 'MI',
  'b_postcode' => '49283',
  'b_country' => 'US',
  'b_tel' => '5177642553',
) 
19:45:25 array (
  'siteno' => '193736180',
  'version' => '',
  'orderid' => '245150308054',
  'order_time' => '20150308194525',
  'lang' => 'en',
  'currency' => 'USD',
  'vat' => '20.00',
  'discount' => '0.00',
  'shippingfee' => '15.00',
  'productname[0]' => 'Rangers #2 Brian Leetch Stitched Dark Blue 85TH  Third NHL Jersey
 Size:Extra Large/52',
  'productno[0]' => 'NHL12461',
  'price[0]' => '33.00',
  'qty[0]' => 1,
  'productname[1]' => 'Rangers #30 Henrik Lundqvist Stitched Blue NHL Jersey
 Size:Extra Large/52',
  'productno[1]' => 'NHL12484',
  'price[1]' => '33.00',
  'qty[1]' => 1,
  'productname[2]' => 'Chicago Blackhawks #88 Patrick Kane Red With Stanley Cup Finals NHL Jersey
 Size:XL(52)',
  'productno[2]' => 'NHL10254',
  'price[2]' => '34.00',
  'qty[2]' => 1,
  'productname[3]' => 'Nike Green Bay Packers Ladies Big Logo Tri-Blend Racerback stretch Tank Top Red
 Size:XL',
  'productno[3]' => 'WOMEN6946',
  'price[3]' => '12.00',
  'qty[3]' => 1,
  'productname[4]' => 'Packers #12 Aaron Rodgers Yellow Bowl Super Bowl XLV Stitched NFL Jersey
 Size:Medium/48',
  'productno[4]' => 'NFL12284',
  'price[4]' => '20.00',
  'qty[4]' => 1,
  'checkcode' => '4c028c1bd04a88f85be17c60ed9f1719',
  'backurl' => 'http://www.outlet-jersey.com/index.php?main_page=checkout_process',
  'notifyreurl' => 'http://www.outlet-jersey.com/mallpay_check.php',
  's_firstname' => 'John',
  's_lastname' => 'Sboros',
  's_address' => '1270 North Wickham Road Suite 16 ',
  's_city' => 'Melbourne',
  's_state' => 'FL',
  's_postcode' => '32935',
  's_country' => 'US',
  'email' => 'firesnake.sboros@gmail.com',
  's_tel' => '3212160374',
  'b_firstname' => 'John',
  'b_lastname' => 'Sboros',
  'b_address' => '1270 North Wickham Road Suite 16 ',
  'b_city' => 'Melbourne',
  'b_state' => 'FL',
  'b_postcode' => '32935',
  'b_country' => 'US',
  'b_tel' => '3212160374',
) 
19:52:28 array (
  'siteno' => '193736180',
  'version' => '',
  'orderid' => '245150308055',
  'order_time' => '20150308195228',
  'lang' => 'en',
  'currency' => 'USD',
  'vat' => '20.00',
  'discount' => '0.00',
  'shippingfee' => '15.00',
  'productname[0]' => 'Rangers #2 Brian Leetch Stitched Dark Blue 85TH  Third NHL Jersey
 Size:Extra Large/52',
  'productno[0]' => 'NHL12461',
  'price[0]' => '33.00',
  'qty[0]' => 1,
  'productname[1]' => 'Rangers #30 Henrik Lundqvist Stitched Blue NHL Jersey
 Size:Extra Large/52',
  'productno[1]' => 'NHL12484',
  'price[1]' => '33.00',
  'qty[1]' => 1,
  'productname[2]' => 'Chicago Blackhawks #88 Patrick Kane Red With Stanley Cup Finals NHL Jersey
 Size:XL(52)',
  'productno[2]' => 'NHL10254',
  'price[2]' => '34.00',
  'qty[2]' => 1,
  'productname[3]' => 'Nike Green Bay Packers Ladies Big Logo Tri-Blend Racerback stretch Tank Top Red
 Size:XL',
  'productno[3]' => 'WOMEN6946',
  'price[3]' => '12.00',
  'qty[3]' => 1,
  'productname[4]' => 'Packers #12 Aaron Rodgers Yellow Bowl Super Bowl XLV Stitched NFL Jersey
 Size:Medium/48',
  'productno[4]' => 'NFL12284',
  'price[4]' => '20.00',
  'qty[4]' => 1,
  'checkcode' => 'c384d04638dce582c8d06f87cb682bab',
  'backurl' => 'http://www.outlet-jersey.com/index.php?main_page=checkout_process',
  'notifyreurl' => 'http://www.outlet-jersey.com/mallpay_check.php',
  's_firstname' => 'John',
  's_lastname' => 'Sboros',
  's_address' => '1270 North Wickham Road Suite 16 ',
  's_city' => 'Melbourne',
  's_state' => 'FL',
  's_postcode' => '32935',
  's_country' => 'US',
  'email' => 'firesnake.sboros@gmail.com',
  's_tel' => '3212160374',
  'b_firstname' => 'John',
  'b_lastname' => 'Sboros',
  'b_address' => '1270 North Wickham Road Suite 16 ',
  'b_city' => 'Melbourne',
  'b_state' => 'FL',
  'b_postcode' => '32935',
  'b_country' => 'US',
  'b_tel' => '3212160374',
) 
19:55:59 array (
  'siteno' => '193736180',
  'version' => '',
  'orderid' => '245150308056',
  'order_time' => '20150308195559',
  'lang' => 'en',
  'currency' => 'USD',
  'vat' => '20.00',
  'discount' => '0.00',
  'shippingfee' => '15.00',
  'productname[0]' => 'Rangers #2 Brian Leetch Stitched Dark Blue 85TH  Third NHL Jersey
 Size:Extra Large/52',
  'productno[0]' => 'NHL12461',
  'price[0]' => '33.00',
  'qty[0]' => 1,
  'productname[1]' => 'Rangers #30 Henrik Lundqvist Stitched Blue NHL Jersey
 Size:Extra Large/52',
  'productno[1]' => 'NHL12484',
  'price[1]' => '33.00',
  'qty[1]' => 1,
  'productname[2]' => 'Chicago Blackhawks #88 Patrick Kane Red With Stanley Cup Finals NHL Jersey
 Size:XL(52)',
  'productno[2]' => 'NHL10254',
  'price[2]' => '34.00',
  'qty[2]' => 1,
  'productname[3]' => 'Nike Green Bay Packers Ladies Big Logo Tri-Blend Racerback stretch Tank Top Red
 Size:XL',
  'productno[3]' => 'WOMEN6946',
  'price[3]' => '12.00',
  'qty[3]' => 1,
  'productname[4]' => 'Packers #12 Aaron Rodgers Yellow Bowl Super Bowl XLV Stitched NFL Jersey
 Size:Medium/48',
  'productno[4]' => 'NFL12284',
  'price[4]' => '20.00',
  'qty[4]' => 1,
  'checkcode' => 'bf0c1396a217dc413838ddcff260a9c9',
  'backurl' => 'http://www.outlet-jersey.com/index.php?main_page=checkout_process',
  'notifyreurl' => 'http://www.outlet-jersey.com/mallpay_check.php',
  's_firstname' => 'John',
  's_lastname' => 'Sboros',
  's_address' => '1270 North Wickham Road Suite 16 ',
  's_city' => 'Melbourne',
  's_state' => 'FL',
  's_postcode' => '32935',
  's_country' => 'US',
  'email' => 'firesnake.sboros@gmail.com',
  's_tel' => '3212160374',
  'b_firstname' => 'John',
  'b_lastname' => 'Sboros',
  'b_address' => '1270 North Wickham Road Suite 16 ',
  'b_city' => 'Melbourne',
  'b_state' => 'FL',
  'b_postcode' => '32935',
  'b_country' => 'US',
  'b_tel' => '3212160374',
) 
