03:12:01 array (
  'siteno' => '193736180',
  'version' => '',
  'orderid' => '245150303003',
  'order_time' => '20150303031201',
  'lang' => 'en',
  'currency' => 'USD',
  'vat' => '8.00',
  'discount' => '0.00',
  'shippingfee' => '20.00',
  'productname[0]' => 'Rangers #30 Henrik Lundqvist Stitched Dark Blue 85TH  Third NHL Jersey
 Size:Extra Large/52',
  'productno[0]' => 'NHL12485',
  'price[0]' => '33.00',
  'qty[0]' => 1,
  'productname[1]' => 'Rangers #30 Henrik Lundqvist Stitched Dark Blue 85TH  Third NHL Jersey
 Size:Medium/48',
  'productno[1]' => 'NHL12485',
  'price[1]' => '33.00',
  'qty[1]' => 1,
  'checkcode' => '334d9c988226dcc82042563aabaa0546',
  'backurl' => 'http://www.outlet-jersey.com/index.php?main_page=checkout_process',
  'notifyreurl' => 'http://www.outlet-jersey.com/mallpay_check.php',
  's_firstname' => 'Charlie',
  's_lastname' => 'cozza',
  's_address' => '239 ELVERTON avenue ',
  's_city' => 'staten island',
  's_state' => 'NY',
  's_postcode' => '10308',
  's_country' => 'US',
  'email' => 'ccozza2@buffalo.edu',
  's_tel' => '3475521279',
  'b_firstname' => 'Charlie',
  'b_lastname' => 'cozza',
  'b_address' => '239 ELVERTON avenue ',
  'b_city' => 'staten island',
  'b_state' => 'NY',
  'b_postcode' => '10308',
  'b_country' => 'US',
  'b_tel' => '3475521279',
) 
04:03:55 array (
  'siteno' => '193736180',
  'version' => '',
  'orderid' => '245150303006',
  'order_time' => '20150303040355',
  'lang' => 'en',
  'currency' => 'USD',
  'vat' => '8.00',
  'discount' => '0.00',
  'shippingfee' => '20.00',
  'productname[0]' => 'Capitals #8 Alex Ovechkin Stitched Red NHL Jersey
 Size:Large/50',
  'productno[0]' => 'NHL13528',
  'price[0]' => '33.00',
  'qty[0]' => 1,
  'productname[1]' => 'Capitals #8 Alex Ovechkin Stitched Red NHL Jersey
 Size:Medium/48',
  'productno[1]' => 'NHL13528',
  'price[1]' => '33.00',
  'qty[1]' => 1,
  'checkcode' => '359744cb367507394b6ad54548100926',
  'backurl' => 'http://www.outlet-jersey.com/index.php?main_page=checkout_process',
  'notifyreurl' => 'http://www.outlet-jersey.com/mallpay_check.php',
  's_firstname' => 'gerald',
  's_lastname' => 'jones',
  's_address' => '12005 lord fairfax hwy ',
  's_city' => 'boyce',
  's_state' => 'VA',
  's_postcode' => '22620',
  's_country' => 'US',
  'email' => 'jonesn9@aol.com',
  's_tel' => '5408372468',
  'b_firstname' => 'gerald',
  'b_lastname' => 'jones',
  'b_address' => '12005 lord fairfax hwy ',
  'b_city' => 'boyce',
  'b_state' => 'VA',
  'b_postcode' => '22620',
  'b_country' => 'US',
  'b_tel' => '5408372468',
) 
04:07:05 array (
  'siteno' => '193736180',
  'version' => '',
  'orderid' => '245150303007',
  'order_time' => '20150303040705',
  'lang' => 'en',
  'currency' => 'USD',
  'vat' => '8.00',
  'discount' => '0.00',
  'shippingfee' => '20.00',
  'productname[0]' => 'Capitals #8 Alex Ovechkin Stitched Red NHL Jersey
 Size:Large/50',
  'productno[0]' => 'NHL13528',
  'price[0]' => '33.00',
  'qty[0]' => 1,
  'productname[1]' => 'Capitals #8 Alex Ovechkin Stitched Red NHL Jersey
 Size:Medium/48',
  'productno[1]' => 'NHL13528',
  'price[1]' => '33.00',
  'qty[1]' => 1,
  'checkcode' => '29eefc0f9f4cc9d1312a47ee3bb91648',
  'backurl' => 'http://www.outlet-jersey.com/index.php?main_page=checkout_process',
  'notifyreurl' => 'http://www.outlet-jersey.com/mallpay_check.php',
  's_firstname' => 'gerald',
  's_lastname' => 'jones',
  's_address' => '12005 lord fairfax hwy ',
  's_city' => 'boyce',
  's_state' => 'VA',
  's_postcode' => '22620',
  's_country' => 'US',
  'email' => 'jonesn9@aol.com',
  's_tel' => '5408372468',
  'b_firstname' => 'gerald',
  'b_lastname' => 'jones',
  'b_address' => '12005 lord fairfax hwy ',
  'b_city' => 'boyce',
  'b_state' => 'VA',
  'b_postcode' => '22620',
  'b_country' => 'US',
  'b_tel' => '5408372468',
) 
07:19:58 array (
  'siteno' => '193736180',
  'version' => '',
  'orderid' => '245150303015',
  'order_time' => '20150303071958',
  'lang' => 'en',
  'currency' => 'USD',
  'vat' => '4.00',
  'discount' => '0.00',
  'shippingfee' => '25.00',
  'productname[0]' => 'NHL Jersey Montreal Canadiens 31 Carey Price Red Stitched NHL Jersey Jersey  Men Stitched Charcoal Cross Check Fashion Jersey
 Size:44 (L)',
  'productno[0]' => 'NHL2015019731',
  'price[0]' => '36.70',
  'qty[0]' => 1,
  'checkcode' => 'b348855404537e842fb5b4bab984fae0',
  'backurl' => 'http://www.outlet-jersey.com/index.php?main_page=checkout_process',
  'notifyreurl' => 'http://www.outlet-jersey.com/mallpay_check.php',
  's_firstname' => 'Francis',
  's_lastname' => 'Pare',
  's_address' => '1306 Ivy Meadow Dr. Apt #515 ',
  's_city' => 'Charlotte',
  's_state' => 'NC',
  's_postcode' => '28213',
  's_country' => 'US',
  'email' => 'francistennis93@gmail.com',
  's_tel' => '8046158147',
  'b_firstname' => 'Francis',
  'b_lastname' => 'Pare',
  'b_address' => '1306 Ivy Meadow Dr. Apt #515 ',
  'b_city' => 'Charlotte',
  'b_state' => 'NC',
  'b_postcode' => '28213',
  'b_country' => 'US',
  'b_tel' => '8046158147',
) 
22:45:42 array (
  'siteno' => '193736180',
  'version' => '',
  'orderid' => '245150303042',
  'order_time' => '20150303224542',
  'lang' => 'en',
  'currency' => 'USD',
  'vat' => '4.00',
  'discount' => '0.00',
  'shippingfee' => '25.00',
  'productname[0]' => 'Devils #30 Martin Brodeur Stitched Red NHL Jersey
 Size:XX Large/54',
  'productno[0]' => 'NHL12347',
  'price[0]' => '33.00',
  'qty[0]' => 1,
  'checkcode' => 'bdcbf893a5ce052dda214c708ae03932',
  'backurl' => 'http://www.outlet-jersey.com/index.php?main_page=checkout_process',
  'notifyreurl' => 'http://www.outlet-jersey.com/mallpay_check.php',
  's_firstname' => 'Mike',
  's_lastname' => 'Mcandrews',
  's_address' => '59 fort point rd ',
  's_city' => 'Weymouth',
  's_state' => 'MA',
  's_postcode' => '02191',
  's_country' => 'US',
  'email' => 'Stonewallsieve@gmail.com',
  's_tel' => '781 331 6786',
  'b_firstname' => 'Mike',
  'b_lastname' => 'Mcandrews',
  'b_address' => '59 fort point rd ',
  'b_city' => 'Weymouth',
  'b_state' => 'MA',
  'b_postcode' => '02191',
  'b_country' => 'US',
  'b_tel' => '781 331 6786',
) 
