02:28:55 array (
  'siteno' => '193736180',
  'version' => '',
  'orderid' => '245150215010',
  'order_time' => '20150215022855',
  'lang' => 'en',
  'currency' => 'USD',
  'vat' => '8.00',
  'discount' => '0.00',
  'shippingfee' => '20.00',
  'productname[0]' => 'Mitchell and Ness Orioles #8 Cal Ripken Stitched White Throwback Baseball Jersey
 Size:XX Large/54',
  'productno[0]' => 'MLB10546',
  'price[0]' => '18.50',
  'qty[0]' => 1,
  'productname[1]' => 'Baltimore Orioles #10 Adam Jones Black MLB Jerseys(Signed)
 Size:XXL(54)',
  'productno[1]' => 'MLB10491',
  'price[1]' => '21.00',
  'qty[1]' => 1,
  'checkcode' => '6fc93e748d8375360bd724b969339a33',
  'backurl' => 'http://www.outlet-jersey.com/index.php?main_page=checkout_process',
  'notifyreurl' => 'http://www.outlet-jersey.com/mallpay_check.php',
  's_firstname' => 'Jason',
  's_lastname' => 'McGraw',
  's_address' => '140 Aster Ln ',
  's_city' => 'Christiansburg',
  's_state' => 'VA',
  's_postcode' => '24073',
  's_country' => 'US',
  'email' => 'vtquickie@yahoo.com',
  's_tel' => '540-818-4426',
  'b_firstname' => 'Jason',
  'b_lastname' => 'McGraw',
  'b_address' => '140 Aster Ln ',
  'b_city' => 'Christiansburg',
  'b_state' => 'VA',
  'b_postcode' => '24073',
  'b_country' => 'US',
  'b_tel' => '540-818-4426',
) 
02:31:54 array (
  'siteno' => '193736180',
  'version' => '',
  'orderid' => '245150215011',
  'order_time' => '20150215023154',
  'lang' => 'en',
  'currency' => 'USD',
  'vat' => '8.00',
  'discount' => '0.00',
  'shippingfee' => '20.00',
  'productname[0]' => 'Mitchell and Ness Orioles #8 Cal Ripken Stitched White Throwback Baseball Jersey
 Size:XX Large/54',
  'productno[0]' => 'MLB10546',
  'price[0]' => '18.50',
  'qty[0]' => 1,
  'productname[1]' => 'Baltimore Orioles #10 Adam Jones Black MLB Jerseys(Signed)
 Size:XXL(54)',
  'productno[1]' => 'MLB10491',
  'price[1]' => '21.00',
  'qty[1]' => 1,
  'checkcode' => 'e7f0d682f2ceefc10225bcc90cb8e6da',
  'backurl' => 'http://www.outlet-jersey.com/index.php?main_page=checkout_process',
  'notifyreurl' => 'http://www.outlet-jersey.com/mallpay_check.php',
  's_firstname' => 'Jason',
  's_lastname' => 'McGraw',
  's_address' => '140 Aster Ln ',
  's_city' => 'Christiansburg',
  's_state' => 'VA',
  's_postcode' => '24073',
  's_country' => 'US',
  'email' => 'vtquickie@yahoo.com',
  's_tel' => '540-818-4426',
  'b_firstname' => 'Jason',
  'b_lastname' => 'McGraw',
  'b_address' => '140 Aster Ln ',
  'b_city' => 'Christiansburg',
  'b_state' => 'VA',
  'b_postcode' => '24073',
  'b_country' => 'US',
  'b_tel' => '540-818-4426',
) 
03:14:32 array (
  'siteno' => '193736180',
  'version' => '',
  'orderid' => '245150215014',
  'order_time' => '20150215031432',
  'lang' => 'en',
  'currency' => 'USD',
  'vat' => '4.00',
  'discount' => '0.00',
  'shippingfee' => '25.00',
  'productname[0]' => 'NHL Jersey Boston Bruins Green Black 37  Men Stitched 2015 Winter Classic Stitched NHL Jersey
 Size:48 (XL)',
  'productno[0]' => 'NHL2015019452',
  'price[0]' => '36.67',
  'qty[0]' => 1,
  'checkcode' => '49e23be05b8484e16cf65fa7626171fa',
  'backurl' => 'http://www.outlet-jersey.com/index.php?main_page=checkout_process',
  'notifyreurl' => 'http://www.outlet-jersey.com/mallpay_check.php',
  's_firstname' => 'Gregory',
  's_lastname' => 'Gallinoto',
  's_address' => '125 Orchard ave ',
  's_city' => 'Newington',
  's_state' => 'CT',
  's_postcode' => '06111',
  's_country' => 'US',
  'email' => 'ggallinoto@gmail.com',
  's_tel' => '8605184558',
  'b_firstname' => 'Gregory',
  'b_lastname' => 'Gallinoto',
  'b_address' => '125 Orchard ave ',
  'b_city' => 'Newington',
  'b_state' => 'CT',
  'b_postcode' => '06111',
  'b_country' => 'US',
  'b_tel' => '8605184558',
) 
05:45:52 array (
  'siteno' => '193736180',
  'version' => '',
  'orderid' => '245150215033',
  'order_time' => '20150215054552',
  'lang' => 'en',
  'currency' => 'USD',
  'vat' => '8.00',
  'discount' => '0.00',
  'shippingfee' => '20.00',
  'productname[0]' => '2013 New Nike Seattle Seahawks 25 Sherman Drift Fashion Green Elite Jerseys
 Size:40/M',
  'productno[0]' => 'NFL28175',
  'price[0]' => '22.50',
  'qty[0]' => 1,
  'productname[1]' => 'New Nike Seattle Seahawks 25# Sherman Platinum White WoMen\'s NFL Limited Jerseys
 Size:40 (M)',
  'productno[1]' => 'JE1731293',
  'price[1]' => '24.92',
  'qty[1]' => 1,
  'checkcode' => '68c5e97f3d7444e42a80deae88d614b0',
  'backurl' => 'http://www.outlet-jersey.com/index.php?main_page=checkout_process',
  'notifyreurl' => 'http://www.outlet-jersey.com/mallpay_check.php',
  's_firstname' => 'Melinda',
  's_lastname' => 'ornduff',
  's_address' => '77 s Washington street ',
  's_city' => 'seattle',
  's_state' => 'WA',
  's_postcode' => '98104',
  's_country' => 'US',
  'email' => 'mindi33024@gmail.com',
  's_tel' => '2065788056',
  'b_firstname' => 'melinda',
  'b_lastname' => 'ornduff',
  'b_address' => '1120 sw 139th street ',
  'b_city' => 'burien',
  'b_state' => 'WA',
  'b_postcode' => '98166',
  'b_country' => 'US',
  'b_tel' => '2065788056',
) 
06:11:50 array (
  'siteno' => '193736180',
  'version' => '',
  'orderid' => '245150215035',
  'order_time' => '20150215061150',
  'lang' => 'en',
  'currency' => 'USD',
  'vat' => '8.00',
  'discount' => '0.00',
  'shippingfee' => '20.00',
  'productname[0]' => 'Nike Seahawks #24 Marshawn Lynch Steel Blue Team Color With C Patch Men\'s Stitched NFL Elite Jersey
 Size:56/3XL',
  'productno[0]' => 'NFL28364',
  'price[0]' => '22.50',
  'qty[0]' => 1,
  'productname[1]' => 'NEW Seattle Seahawks #25 Richard Sherman Steel Blue Team Color NFL Legion of Boom Elite Jersey
 Size:60',
  'productno[1]' => 'NFL28269',
  'price[1]' => '22.50',
  'qty[1]' => 1,
  'checkcode' => 'fee32ac6e50819b2e235f0f8bb4e14c0',
  'backurl' => 'http://www.outlet-jersey.com/index.php?main_page=checkout_process',
  'notifyreurl' => 'http://www.outlet-jersey.com/mallpay_check.php',
  's_firstname' => 'Taylor',
  's_lastname' => 'shaw',
  's_address' => '18111 25th Ave ne dd101 ',
  's_city' => 'marysville',
  's_state' => 'WA',
  's_postcode' => '98271',
  's_country' => 'US',
  'email' => 'shawfam_tkp@yahoo.com',
  's_tel' => '3604208791',
  'b_firstname' => 'Taylor',
  'b_lastname' => 'shaw',
  'b_address' => '18111 25th Ave ne dd101 ',
  'b_city' => 'marysville',
  'b_state' => 'WA',
  'b_postcode' => '98271',
  'b_country' => 'US',
  'b_tel' => '3604208791',
) 
06:26:56 array (
  'siteno' => '193736180',
  'version' => '',
  'orderid' => '245150215039',
  'order_time' => '20150215062656',
  'lang' => 'en',
  'currency' => 'USD',
  'vat' => '12.00',
  'discount' => '0.00',
  'shippingfee' => '20.00',
  'productname[0]' => 'NHL Jersey Boston Bruins Green Black 17  Men Stitched Charcoal Cross Check Fashion Jersey
 Size:40 (M)',
  'productno[0]' => 'NHL2015019451',
  'price[0]' => '36.66',
  'qty[0]' => 1,
  'productname[1]' => 'NHL Jersey Boston Bruins Green Black 37  Men Stitched 2015 Winter Classic Stitched NHL Jersey
 Size:40 (M)',
  'productno[1]' => 'NHL2015019452',
  'price[1]' => '36.67',
  'qty[1]' => 1,
  'productname[2]' => 'NHL Jersey Boston Bruins Green Black 4  Men Stitched Fights Cancer Stitched Hockey Jersey
 Size:56 (XXXL)',
  'productno[2]' => 'NHL2015019453',
  'price[2]' => '36.57',
  'qty[2]' => 1,
  'checkcode' => '4482388598e9f4a78a3bd300bd28f6ab',
  'backurl' => 'http://www.outlet-jersey.com/index.php?main_page=checkout_process',
  'notifyreurl' => 'http://www.outlet-jersey.com/mallpay_check.php',
  's_firstname' => 'Curtis',
  's_lastname' => 'Macfarland',
  's_address' => '463 North Bedford St ',
  's_city' => 'East Bridgewater',
  's_state' => 'MA',
  's_postcode' => '02333',
  's_country' => 'US',
  'email' => 'bostonboys04@gmail.com',
  's_tel' => '7819105029',
  'b_firstname' => 'Tara',
  'b_lastname' => 'Putnam',
  'b_address' => '463 North Bedford St ',
  'b_city' => 'East Bridgewater',
  'b_state' => 'MA',
  'b_postcode' => '02333',
  'b_country' => 'US',
  'b_tel' => '7819105029',
) 
06:26:59 array (
  'siteno' => '193736180',
  'version' => '',
  'orderid' => '245150215040',
  'order_time' => '20150215062659',
  'lang' => 'en',
  'currency' => 'USD',
  'vat' => '12.00',
  'discount' => '0.00',
  'shippingfee' => '20.00',
  'productname[0]' => 'NHL Jersey Boston Bruins Green Black 17  Men Stitched Charcoal Cross Check Fashion Jersey
 Size:40 (M)',
  'productno[0]' => 'NHL2015019451',
  'price[0]' => '36.66',
  'qty[0]' => 1,
  'productname[1]' => 'NHL Jersey Boston Bruins Green Black 37  Men Stitched 2015 Winter Classic Stitched NHL Jersey
 Size:40 (M)',
  'productno[1]' => 'NHL2015019452',
  'price[1]' => '36.67',
  'qty[1]' => 1,
  'productname[2]' => 'NHL Jersey Boston Bruins Green Black 4  Men Stitched Fights Cancer Stitched Hockey Jersey
 Size:56 (XXXL)',
  'productno[2]' => 'NHL2015019453',
  'price[2]' => '36.57',
  'qty[2]' => 1,
  'checkcode' => '1586fab90758af15714589f0978e473a',
  'backurl' => 'http://www.outlet-jersey.com/index.php?main_page=checkout_process',
  'notifyreurl' => 'http://www.outlet-jersey.com/mallpay_check.php',
  's_firstname' => 'Curtis',
  's_lastname' => 'Macfarland',
  's_address' => '463 North Bedford St ',
  's_city' => 'East Bridgewater',
  's_state' => 'MA',
  's_postcode' => '02333',
  's_country' => 'US',
  'email' => 'bostonboys04@gmail.com',
  's_tel' => '7819105029',
  'b_firstname' => 'Tara',
  'b_lastname' => 'Putnam',
  'b_address' => '463 North Bedford St ',
  'b_city' => 'East Bridgewater',
  'b_state' => 'MA',
  'b_postcode' => '02333',
  'b_country' => 'US',
  'b_tel' => '7819105029',
) 
06:51:39 array (
  'siteno' => '193736180',
  'version' => '',
  'orderid' => '245150215042',
  'order_time' => '20150215065139',
  'lang' => 'en',
  'currency' => 'USD',
  'vat' => '4.00',
  'discount' => '0.00',
  'shippingfee' => '25.00',
  'productname[0]' => 'Ducks #9 Paul Kariya Men\'s Stitched White CCM Throwback Hockey Jersey
 Size:54 (XXL)',
  'productno[0]' => 'JE1731698',
  'price[0]' => '36.74',
  'qty[0]' => 1,
  'checkcode' => '3d7bb70da5b657542553e800dee83119',
  'backurl' => 'http://www.outlet-jersey.com/index.php?main_page=checkout_process',
  'notifyreurl' => 'http://www.outlet-jersey.com/mallpay_check.php',
  's_firstname' => 'Tara',
  's_lastname' => 'seng',
  's_address' => '6050 churchland blvd apt 61 ',
  's_city' => 'Portsmouth',
  's_state' => 'VA',
  's_postcode' => '23703',
  's_country' => 'US',
  'email' => 'dec111979@yahoo.com',
  's_tel' => '7573946521',
  'b_firstname' => 'Tara',
  'b_lastname' => 'seng',
  'b_address' => '6050 churchland blvd apt 61 ',
  'b_city' => 'Portsmouth',
  'b_state' => 'VA',
  'b_postcode' => '23703',
  'b_country' => 'US',
  'b_tel' => '7573946521',
) 
10:43:07 array (
  'siteno' => '193736180',
  'version' => '',
  'orderid' => '245150215062',
  'order_time' => '20150215104307',
  'lang' => 'en',
  'currency' => 'USD',
  'vat' => '16.00',
  'discount' => '0.00',
  'shippingfee' => '20.00',
  'productname[0]' => 'Red Wings #19 Steve Yzerman White Stitched NHL Jersey
 Size:Extra Large/52',
  'productno[0]' => 'NHL11818',
  'price[0]' => '33.00',
  'qty[0]' => 1,
  'productname[1]' => 'St.Louis Cardinals #18 Oscar Taveras Cream Cool Base Stitched Baseball Jersey
 Size:XL(52)',
  'productno[1]' => 'MLB13448',
  'price[1]' => '18.50',
  'qty[1]' => 1,
  'productname[2]' => 'Detroit Pistons 33# Grant Hill Soul Swingman Stitched Green Jersey
 Size:52(XL)',
  'productno[2]' => 'NBA10862',
  'price[2]' => '18.50',
  'qty[2]' => 1,
  'productname[3]' => 'Oakley Oil Rig Sunglasses Black Lens Polished White Re
 Size:No Size',
  'productno[3]' => 'GLS13126',
  'price[3]' => '16.90',
  'qty[3]' => 1,
  'checkcode' => '6264f7577f2b95e24c17b401f6f5ed39',
  'backurl' => 'http://www.outlet-jersey.com/index.php?main_page=checkout_process',
  'notifyreurl' => 'http://www.outlet-jersey.com/mallpay_check.php',
  's_firstname' => 'Christopher',
  's_lastname' => 'Gizzard',
  's_address' => '416 James River Jct ',
  's_city' => 'Emporia',
  's_state' => 'VA',
  's_postcode' => '23847',
  's_country' => 'US',
  'email' => 'critter8402@ymail.com',
  's_tel' => '434-594-5877',
  'b_firstname' => 'Christopher',
  'b_lastname' => 'Gizzard',
  'b_address' => '416 James River Jct ',
  'b_city' => 'Emporia',
  'b_state' => 'VA',
  'b_postcode' => '23847',
  'b_country' => 'US',
  'b_tel' => '434-594-5877',
) 
11:08:25 array (
  'siteno' => '193736180',
  'version' => '',
  'orderid' => '245150215066',
  'order_time' => '20150215110825',
  'lang' => 'en',
  'currency' => 'USD',
  'vat' => '4.00',
  'discount' => '0.00',
  'shippingfee' => '25.00',
  'productname[0]' => '2014 NFL New England Patriots 11 Julian Edelman blue Elite Jersey
 Size:40',
  'productno[0]' => 'NFL22476',
  'price[0]' => '22.50',
  'qty[0]' => 1,
  'checkcode' => '69a592325814c3e6d98c65a72ecb4de2',
  'backurl' => 'http://www.outlet-jersey.com/index.php?main_page=checkout_process',
  'notifyreurl' => 'http://www.outlet-jersey.com/mallpay_check.php',
  's_firstname' => 'Donna',
  's_lastname' => 'Santaniello',
  's_address' => '104 maple st ',
  's_city' => 'East longmeadow',
  's_state' => 'MA',
  's_postcode' => '01028',
  's_country' => 'US',
  'email' => 'Donna_santaniello@yahoo.com',
  's_tel' => '413-627-6773',
  'b_firstname' => 'Donna',
  'b_lastname' => 'Santaniello',
  'b_address' => '104 maple st ',
  'b_city' => 'East longmeadow',
  'b_state' => 'MA',
  'b_postcode' => '01028',
  'b_country' => 'US',
  'b_tel' => '413-627-6773',
) 
11:40:21 array (
  'siteno' => '193736180',
  'version' => '',
  'orderid' => '245150215071',
  'order_time' => '20150215114021',
  'lang' => 'en',
  'currency' => 'USD',
  'vat' => '4.00',
  'discount' => '0.00',
  'shippingfee' => '25.00',
  'productname[0]' => 'NHL Jersey Detroit Red Wings 2  Men Stitched 2015 Winter Classic Stitched NHL Jersey
 Size:40 (M)',
  'productno[0]' => 'NHL2015019656',
  'price[0]' => '36.53',
  'qty[0]' => 1,
  'checkcode' => 'b50a7d9c8d6aec2b4c79e065e30f7ea0',
  'backurl' => 'http://www.outlet-jersey.com/index.php?main_page=checkout_process',
  'notifyreurl' => 'http://www.outlet-jersey.com/mallpay_check.php',
  's_firstname' => 'Brent',
  's_lastname' => 'Grose',
  's_address' => '2359 Overridge ave ',
  's_city' => 'Waterford',
  's_state' => 'MI',
  's_postcode' => '48327',
  's_country' => 'US',
  'email' => 'Brentnallgrose@yahoo.com',
  's_tel' => '8103428973',
  'b_firstname' => 'Brent',
  'b_lastname' => 'Grose',
  'b_address' => '2359 Overridge ave ',
  'b_city' => 'Waterford',
  'b_state' => 'MI',
  'b_postcode' => '48327',
  'b_country' => 'US',
  'b_tel' => '8103428973',
) 
11:43:37 array (
  'siteno' => '193736180',
  'version' => '',
  'orderid' => '245150215072',
  'order_time' => '20150215114337',
  'lang' => 'en',
  'currency' => 'USD',
  'vat' => '4.00',
  'discount' => '0.00',
  'shippingfee' => '25.00',
  'productname[0]' => 'NHL Jersey Detroit Red Wings 2  Men Stitched 2015 Winter Classic Stitched NHL Jersey
 Size:40 (M)',
  'productno[0]' => 'NHL2015019656',
  'price[0]' => '36.53',
  'qty[0]' => 1,
  'checkcode' => '2c248ab19c618edf51dc317c22bcb765',
  'backurl' => 'http://www.outlet-jersey.com/index.php?main_page=checkout_process',
  'notifyreurl' => 'http://www.outlet-jersey.com/mallpay_check.php',
  's_firstname' => 'Brent',
  's_lastname' => 'Grose',
  's_address' => '2359 Overridge ave ',
  's_city' => 'Waterford',
  's_state' => 'MI',
  's_postcode' => '48327',
  's_country' => 'US',
  'email' => 'Brentnallgrose@yahoo.com',
  's_tel' => '8103428973',
  'b_firstname' => 'Brent',
  'b_lastname' => 'Grose',
  'b_address' => '2359 Overridge ave ',
  'b_city' => 'Waterford',
  'b_state' => 'MI',
  'b_postcode' => '48327',
  'b_country' => 'US',
  'b_tel' => '8103428973',
) 
11:49:48 array (
  'siteno' => '193736180',
  'version' => '',
  'orderid' => '245150215073',
  'order_time' => '20150215114948',
  'lang' => 'en',
  'currency' => 'USD',
  'vat' => '4.00',
  'discount' => '0.00',
  'shippingfee' => '25.00',
  'productname[0]' => 'NHL Jersey Detroit Red Wings 2  Men Stitched 2015 Winter Classic Stitched NHL Jersey
 Size:40 (M)',
  'productno[0]' => 'NHL2015019656',
  'price[0]' => '36.53',
  'qty[0]' => 1,
  'checkcode' => '83f1b1054c9c26db6f3506dc68391414',
  'backurl' => 'http://www.outlet-jersey.com/index.php?main_page=checkout_process',
  'notifyreurl' => 'http://www.outlet-jersey.com/mallpay_check.php',
  's_firstname' => 'Brent',
  's_lastname' => 'Grose',
  's_address' => '2359 Overridge ave ',
  's_city' => 'Waterford',
  's_state' => 'MI',
  's_postcode' => '48327',
  's_country' => 'US',
  'email' => 'Brentnallgrose@yahoo.com',
  's_tel' => '8103428973',
  'b_firstname' => 'Brent',
  'b_lastname' => 'Grose',
  'b_address' => '2359 Overridge ave ',
  'b_city' => 'Waterford',
  'b_state' => 'MI',
  'b_postcode' => '48327',
  'b_country' => 'US',
  'b_tel' => '8103428973',
) 
12:01:44 array (
  'siteno' => '193736180',
  'version' => '',
  'orderid' => '245150215075',
  'order_time' => '20150215120144',
  'lang' => 'en',
  'currency' => 'USD',
  'vat' => '4.00',
  'discount' => '0.00',
  'shippingfee' => '25.00',
  'productname[0]' => 'NHL Jersey Detroit Red Wings 2  Men Stitched 2015 Winter Classic Stitched NHL Jersey
 Size:40 (M)',
  'productno[0]' => 'NHL2015019656',
  'price[0]' => '36.53',
  'qty[0]' => 1,
  'checkcode' => '8357c5b41217035f2754664856093b10',
  'backurl' => 'http://www.outlet-jersey.com/index.php?main_page=checkout_process',
  'notifyreurl' => 'http://www.outlet-jersey.com/mallpay_check.php',
  's_firstname' => 'Brent',
  's_lastname' => 'Grose',
  's_address' => '2359 Overridge ave ',
  's_city' => 'Waterford',
  's_state' => 'MI',
  's_postcode' => '48327',
  's_country' => 'US',
  'email' => 'Brentnallgrose@yahoo.com',
  's_tel' => '8103428973',
  'b_firstname' => 'Brent',
  'b_lastname' => 'Grose',
  'b_address' => '2359 Overridge ave ',
  'b_city' => 'Waterford',
  'b_state' => 'MI',
  'b_postcode' => '48327',
  'b_country' => 'US',
  'b_tel' => '8103428973',
) 
22:32:22 array (
  'siteno' => '193736180',
  'version' => '',
  'orderid' => '245150215087',
  'order_time' => '20150215223222',
  'lang' => 'en',
  'currency' => 'USD',
  'vat' => '12.00',
  'discount' => '0.00',
  'shippingfee' => '20.00',
  'productname[0]' => 'Capitals #70 Braden Holtby Red Stitched NHL Jersey
 Size:Medium/48',
  'productno[0]' => 'NHL13524',
  'price[0]' => '33.00',
  'qty[0]' => 1,
  'productname[1]' => 'NHL Jersey Washington Capitals 4  Men Stitched 2015 Winter Classic Stitched NHL Jersey
 Size:40 (M)',
  'productno[1]' => 'NHL2015020128',
  'price[1]' => '36.67',
  'qty[1]' => 1,
  'productname[2]' => 'Women\'s Capitals #70 Braden Holtby 2015 Winter Classic Red NHL Jersey
 Size:S(44)',
  'productno[2]' => 'WOMEN6736',
  'price[2]' => '33.00',
  'qty[2]' => 1,
  'checkcode' => 'a7dd718e0c923fb3a0dfd34b96bda570',
  'backurl' => 'http://www.outlet-jersey.com/index.php?main_page=checkout_process',
  'notifyreurl' => 'http://www.outlet-jersey.com/mallpay_check.php',
  's_firstname' => 'Ryan',
  's_lastname' => 'White',
  's_address' => '8661 Mitchell Road ',
  's_city' => 'Denton',
  's_state' => 'MD',
  's_postcode' => '21629',
  's_country' => 'US',
  'email' => 'Rwhite517@gmail.com',
  's_tel' => '4437864413',
  'b_firstname' => 'Ryan',
  'b_lastname' => 'White',
  'b_address' => '8661 Mitchell Road ',
  'b_city' => 'Denton',
  'b_state' => 'MD',
  'b_postcode' => '21629',
  'b_country' => 'US',
  'b_tel' => '4437864413',
) 
22:37:46 array (
  'siteno' => '193736180',
  'version' => '',
  'orderid' => '245150215088',
  'order_time' => '20150215223746',
  'lang' => 'en',
  'currency' => 'USD',
  'vat' => '12.00',
  'discount' => '0.00',
  'shippingfee' => '20.00',
  'productname[0]' => 'Capitals #70 Braden Holtby Red Stitched NHL Jersey
 Size:Medium/48',
  'productno[0]' => 'NHL13524',
  'price[0]' => '33.00',
  'qty[0]' => 1,
  'productname[1]' => 'NHL Jersey Washington Capitals 4  Men Stitched 2015 Winter Classic Stitched NHL Jersey
 Size:40 (M)',
  'productno[1]' => 'NHL2015020128',
  'price[1]' => '36.67',
  'qty[1]' => 1,
  'productname[2]' => 'Women\'s Capitals #70 Braden Holtby 2015 Winter Classic Red NHL Jersey
 Size:S(44)',
  'productno[2]' => 'WOMEN6736',
  'price[2]' => '33.00',
  'qty[2]' => 1,
  'checkcode' => '6f882b2ed51a7c2fcd473e7eeb531c01',
  'backurl' => 'http://www.outlet-jersey.com/index.php?main_page=checkout_process',
  'notifyreurl' => 'http://www.outlet-jersey.com/mallpay_check.php',
  's_firstname' => 'Ryan',
  's_lastname' => 'White',
  's_address' => '8661 Mitchell Road ',
  's_city' => 'Denton',
  's_state' => 'MD',
  's_postcode' => '21629',
  's_country' => 'US',
  'email' => 'Rwhite517@gmail.com',
  's_tel' => '4437864413',
  'b_firstname' => 'Ryan',
  'b_lastname' => 'White',
  'b_address' => '8661 Mitchell Road ',
  'b_city' => 'Denton',
  'b_state' => 'MD',
  'b_postcode' => '21629',
  'b_country' => 'US',
  'b_tel' => '4437864413',
) 
23:55:53 array (
  'siteno' => '193736180',
  'version' => '',
  'orderid' => '245150215094',
  'order_time' => '20150215235553',
  'lang' => 'en',
  'currency' => 'USD',
  'vat' => '28.00',
  'discount' => '0.00',
  'shippingfee' => '15.00',
  'productname[0]' => 'Nike New England Patriots #87 Rob Gronkowski Silver Grey
 Size:S',
  'productno[0]' => 'NFL22531',
  'price[0]' => '22.50',
  'qty[0]' => 1,
  'productname[1]' => 'New England Patriots #87 Rob Gronkowski Nike Black Salute To Service Jersey
 Size:L',
  'productno[1]' => 'NFL22495',
  'price[1]' => '22.50',
  'qty[1]' => 1,
  'productname[2]' => 'NEW New England Patriots #12 Tom Brady White Jerseys(game USA)
 Size:S',
  'productno[2]' => 'NFL22500',
  'price[2]' => '21.50',
  'qty[2]' => 1,
  'productname[3]' => 'New England Patriots Super Bowl XLIX Championship Patch',
  'productno[3]' => 'JE1731724',
  'price[3]' => '3.00',
  'qty[3]' => 4,
  'checkcode' => '9d5bf1166485bf2901a47f348e099022',
  'backurl' => 'http://www.outlet-jersey.com/index.php?main_page=checkout_process',
  'notifyreurl' => 'http://www.outlet-jersey.com/mallpay_check.php',
  's_firstname' => 'Fredrick',
  's_lastname' => 'DeAsis',
  's_address' => '23-5 Thayer Pond Drive ',
  's_city' => 'North Oxford',
  's_state' => 'MA',
  's_postcode' => '01537',
  's_country' => 'US',
  'email' => 'fdeasis470@aol.com',
  's_tel' => '6172163872',
  'b_firstname' => 'Fredrick',
  'b_lastname' => 'DeAsis',
  'b_address' => '23-5 Thayer Pond Drive ',
  'b_city' => 'North Oxford',
  'b_state' => 'MA',
  'b_postcode' => '01537',
  'b_country' => 'US',
  'b_tel' => '6172163872',
) 
23:57:20 array (
  'siteno' => '193736180',
  'version' => '',
  'orderid' => '245150215095',
  'order_time' => '20150215235720',
  'lang' => 'en',
  'currency' => 'USD',
  'vat' => '4.00',
  'discount' => '0.00',
  'shippingfee' => '25.00',
  'productname[0]' => 'NHL Jersey Detroit Red Wings 2  Men Stitched 2015 Winter Classic Stitched NHL Jersey
 Size:40 (M)',
  'productno[0]' => 'NHL2015019656',
  'price[0]' => '36.53',
  'qty[0]' => 1,
  'checkcode' => '5de775786840dd1f9f5c2b3def037655',
  'backurl' => 'http://www.outlet-jersey.com/index.php?main_page=checkout_process',
  'notifyreurl' => 'http://www.outlet-jersey.com/mallpay_check.php',
  's_firstname' => 'Brent',
  's_lastname' => 'Grose',
  's_address' => '2359 Overridge ave ',
  's_city' => 'Waterford',
  's_state' => 'MI',
  's_postcode' => '48327',
  's_country' => 'US',
  'email' => 'Brentnallgrose@yahoo.com',
  's_tel' => '8103428973',
  'b_firstname' => 'Brent',
  'b_lastname' => 'Grose',
  'b_address' => '2359 Overridge ave ',
  'b_city' => 'Waterford',
  'b_state' => 'MI',
  'b_postcode' => '48327',
  'b_country' => 'US',
  'b_tel' => '8103428973',
) 
