12:58:38 array (
  'siteno' => '193736180',
  'version' => '',
  'orderid' => '245150120004',
  'order_time' => '20150120125838',
  'lang' => 'en',
  'currency' => 'USD',
  'vat' => '4.00',
  'discount' => '0.00',
  'shippingfee' => '25.00',
  'productname[0]' => 'Nike Packers #12 Aaron Rodgers Green Team Color Men\'s Stitched NFL Limited Jersey
 Size:L',
  'productno[0]' => 'NFL20619',
  'price[0]' => '22.00',
  'qty[0]' => 1,
  'checkcode' => '8869892c2b9d53161c7e7bad2a73fc94',
  'backurl' => 'http://www.outlet-jersey.com/index.php?main_page=checkout_process',
  'notifyreurl' => 'http://www.outlet-jersey.com/mallpay_check.php',
  's_firstname' => 'Erin',
  's_lastname' => 'Garriety',
  's_address' => '205 Cherry Lane ',
  's_city' => 'Lomira',
  's_state' => 'WI',
  's_postcode' => '53048',
  's_country' => 'US',
  'email' => 'erin.garriety@hotmail.com',
  's_tel' => '920-904-2393',
  'b_firstname' => 'Erin',
  'b_lastname' => 'Garriety',
  'b_address' => '205 Cherry Lane ',
  'b_city' => 'Lomira',
  'b_state' => 'WI',
  'b_postcode' => '53048',
  'b_country' => 'US',
  'b_tel' => '920-904-2393',
) 
