09:30:17 array (
  'siteno' => '193736180',
  'version' => '',
  'orderid' => '245150304012',
  'order_time' => '20150304093017',
  'lang' => 'en',
  'currency' => 'USD',
  'vat' => '16.00',
  'discount' => '0.00',
  'shippingfee' => '20.00',
  'productname[0]' => 'Mitchell & Ness Steelers #20 Rocky Bleier White Stitched Throwback NFL Jersey
 Size:XX Large/54',
  'productno[0]' => 'NFL26958',
  'price[0]' => '19.00',
  'qty[0]' => 1,
  'productname[1]' => 'Mitchell & Ness Steelers #58 Jack Lambert Black Stitched Throwback NFL Jersey
 Size:Extra Large/52',
  'productno[1]' => 'NFL26965',
  'price[1]' => '19.00',
  'qty[1]' => 1,
  'productname[2]' => 'Mitchell And Ness Steelers #59 Jack Ham White Stitched NFL Jersey
 Size:Extra Large/52',
  'productno[2]' => 'NFL26981',
  'price[2]' => '19.00',
  'qty[2]' => 1,
  'productname[3]' => 'NEW Pittsburgh Steelers 83 Heath Miller Black Signed Elite NFL Jerseys
 Size:52/2XL',
  'productno[3]' => 'NFL27028',
  'price[3]' => '22.50',
  'qty[3]' => 1,
  'checkcode' => '595859ddd970ab5c26ade67c0ccad7f4',
  'backurl' => 'http://www.outlet-jersey.com/index.php?main_page=checkout_process',
  'notifyreurl' => 'http://www.outlet-jersey.com/mallpay_check.php',
  's_firstname' => 'Carrie',
  's_lastname' => 'Steele',
  's_address' => '4780 St Rt 34 S ',
  's_city' => 'hurricane',
  's_state' => 'WV',
  's_postcode' => '25526',
  's_country' => 'US',
  'email' => 'casteele1976@gmail.com',
  's_tel' => '3044125376',
  'b_firstname' => 'Carrie',
  'b_lastname' => 'Steele',
  'b_address' => '4780 St Rt 34 S ',
  'b_city' => 'hurricane',
  'b_state' => 'WV',
  'b_postcode' => '25526',
  'b_country' => 'US',
  'b_tel' => '3044125376',
) 
16:16:10 array (
  'siteno' => '193736180',
  'version' => '',
  'orderid' => '245150304017',
  'order_time' => '20150304161610',
  'lang' => 'en',
  'currency' => 'USD',
  'vat' => '12.00',
  'discount' => '0.00',
  'shippingfee' => '20.00',
  'productname[0]' => 'Discount Oakley Frogskins Sunglasses Transparent Frame Yellow Lens
 Size:No Size',
  'productno[0]' => 'GLS12926',
  'price[0]' => '16.90',
  'qty[0]' => 1,
  'productname[1]' => 'Oakley Holbrook Sunglasses Violet Iridium Lens Transparent Frame
 Size:No Size',
  'productno[1]' => 'GLS13054',
  'price[1]' => '16.90',
  'qty[1]' => 1,
  'productname[2]' => 'Oakley Oil Rig Sunglasses Blue Yellow Iridium Gradient Lens Pure
 Size:No Size',
  'productno[2]' => 'GLS13130',
  'price[2]' => '16.90',
  'qty[2]' => 1,
  'checkcode' => '9b264aa01371e9f937dfd4ffb82b145d',
  'backurl' => 'http://www.outlet-jersey.com/index.php?main_page=checkout_process',
  'notifyreurl' => 'http://www.outlet-jersey.com/mallpay_check.php',
  's_firstname' => 'Leonard',
  's_lastname' => 'Lampe',
  's_address' => '3270 Travis Lane ',
  's_city' => 'Anchorage',
  's_state' => 'AK',
  's_postcode' => '99507',
  's_country' => 'US',
  'email' => 'jamesleon@rocketmail.com',
  's_tel' => '9072270488',
  'b_firstname' => 'Leonard',
  'b_lastname' => 'Lampe',
  'b_address' => '3270 Travis Lane ',
  'b_city' => 'Anchorage',
  'b_state' => 'AK',
  'b_postcode' => '99507',
  'b_country' => 'US',
  'b_tel' => '9072270488',
) 
