08:44:25 array (
  'siteno' => '519276143',
  'version' => '',
  'orderid' => '323150519002',
  'order_time' => '20150519084425',
  'lang' => 'en',
  'currency' => 'USD',
  'vat' => '1.50',
  'discount' => '0.00',
  'shippingfee' => '28.00',
  'productname[0]' => 'New York Rangers #20 Chris Kreider Blue Home With 2014 Stanley Cup Finals Stitched NHL Jersey
 Size:XXXL(56)',
  'productno[0]' => 'NHL10771',
  'price[0]' => '34.00',
  'qty[0]' => 1,
  'checkcode' => '75a28b0fd78b7c5ebe26fd4d8197a62a',
  'backurl' => 'http://www.stars-jersey.com/index.php?main_page=checkout_process',
  'notifyreurl' => 'http://www.stars-jersey.com/mallpay_check.php',
  's_firstname' => 'Michael',
  's_lastname' => 'Beck',
  's_address' => '408 W Cala Breeze Way ',
  's_city' => 'Little Egg Harbor',
  's_state' => 'NJ',
  's_postcode' => '08087',
  's_country' => 'US',
  'email' => 'Msbeck73@gmail.com',
  's_tel' => '609-661-8272',
  'b_firstname' => 'Michael',
  'b_lastname' => 'Beck',
  'b_address' => '408 W Cala Breeze Way ',
  'b_city' => 'Little Egg Harbor',
  'b_state' => 'NJ',
  'b_postcode' => '08087',
  'b_country' => 'US',
  'b_tel' => '609-661-8272',
) 
10:40:25 array (
  'siteno' => '519276143',
  'version' => '',
  'orderid' => '323150519006',
  'order_time' => '20150519104025',
  'lang' => 'en',
  'currency' => 'USD',
  'vat' => '16.50',
  'discount' => '0.00',
  'shippingfee' => '0.00',
  'productname[0]' => 'Nike 15 16 Season Thai Version Club de Futbol America Home Yellow Soccer Jersey
 Size:S(10-12)',
  'productno[0]' => 'SOC15422470',
  'price[0]' => '21.00',
  'qty[0]' => 1,
  'productname[1]' => 'Adidas 15 16 Season Club Thai Version Real Madrid CF Home #14 Chicharito White Soccer Jersey
 Size:S(10-12)',
  'productno[1]' => 'SOC15422403',
  'price[1]' => '21.00',
  'qty[1]' => 3,
  'productname[2]' => 'Adidas 15 16 Season National Team Soccer Jersey Mexico Away #10 G.Dos Santos Black Short Sleeve Country Jersey
 Size:S(10-12)',
  'productno[2]' => 'SOC15411097',
  'price[2]' => '21.00',
  'qty[2]' => 1,
  'productname[3]' => 'Adidas 15 16 Season National Team Soccer Jersey Mexico Home Blank White Short Sleeve Country Jersey
 Size:M(12-14)',
  'productno[3]' => 'SOC15411120',
  'price[3]' => '21.00',
  'qty[3]' => 1,
  'productname[4]' => 'Adidas 15 16 Season National Team Soccer Jersey Mexico Home Blank White Short Sleeve Country Jersey
 Size:L(14-16)',
  'productno[4]' => 'SOC15411120',
  'price[4]' => '21.00',
  'qty[4]' => 1,
  'productname[5]' => 'Nike 15 16 Season Club Thai Version Futbol Club Barcelona Home #10 Messi Stripe Soccer Jersey
 Size:L(14-16)',
  'productno[5]' => 'SOC15422448',
  'price[5]' => '21.00',
  'qty[5]' => 1,
  'productname[6]' => 'Bulls #1 Derrick Rose Stitched Green NBA Jersey
 Size:Large/50',
  'productno[6]' => 'NBA10391',
  'price[6]' => '18.50',
  'qty[6]' => 1,
  'productname[7]' => 'Adidas 15 16 Season Thai Version Club Deportivo Chivas de Guadalajara S.A. de C.V Away Black Soccer Jersey
 Size:S(10-12)',
  'productno[7]' => 'SOC15422416',
  'price[7]' => '21.00',
  'qty[7]' => 1,
  'productname[8]' => 'Adidas 15 16 Season Thai Version Club Deportivo Chivas de Guadalajara S.A. de C.V Away Black Soccer Jersey
 Size:L(14-16)',
  'productno[8]' => 'SOC15422416',
  'price[8]' => '21.00',
  'qty[8]' => 1,
  'checkcode' => '694a0365fb246e5d07480f2657a7f652',
  'backurl' => 'http://www.stars-jersey.com/index.php?main_page=checkout_process',
  'notifyreurl' => 'http://www.stars-jersey.com/mallpay_check.php',
  's_firstname' => 'armando',
  's_lastname' => 'castro',
  's_address' => '842 e old willow rd apt101 ',
  's_city' => 'prospect hts',
  's_state' => 'IL',
  's_postcode' => '60070',
  's_country' => 'US',
  'email' => 'juroca_34@hotmail.com',
  's_tel' => '2244339376',
  'b_firstname' => 'armando',
  'b_lastname' => 'castro',
  'b_address' => '842 e old willow rd apt101 ',
  'b_city' => 'prospect hts',
  'b_state' => 'IL',
  'b_postcode' => '60070',
  'b_country' => 'US',
  'b_tel' => '2244339376',
) 
