00:09:20 array (
  'siteno' => '193736180',
  'version' => '',
  'orderid' => '245150419001',
  'order_time' => '20150419000920',
  'lang' => 'en',
  'currency' => 'USD',
  'vat' => '3.00',
  'discount' => '0.00',
  'shippingfee' => '36.00',
  'productname[0]' => 'Canadiens #31 Carey Price Men\'s Stitched White CCM Throwback Hockey Jersey
 Size:XL(52)',
  'productno[0]' => 'JE1731707',
  'price[0]' => '36.87',
  'qty[0]' => 1,
  'productname[1]' => 'Red Wings #40 Henrik Zetterberg Red 2014 Winter Classic Stitched NHL Jersey
 Size:XL(52)',
  'productno[1]' => 'NHL11828',
  'price[1]' => '33.00',
  'qty[1]' => 1,
  'checkcode' => 'b48fb3bfc743982ab24513446ab29fb6',
  'backurl' => 'http://www.outlet-jersey.com/index.php?main_page=checkout_process',
  'notifyreurl' => 'http://www.outlet-jersey.com/mallpay_check.php',
  's_firstname' => 'Mark',
  's_lastname' => 'Duford',
  's_address' => '22370 Donnelly Court ',
  's_city' => 'Brownstown',
  's_state' => 'MI',
  's_postcode' => '48193',
  's_country' => 'US',
  'email' => 'Drw.habs@sbcglobal.net',
  's_tel' => '734-250-1298',
  'b_firstname' => 'Mark',
  'b_lastname' => 'Duford',
  'b_address' => '22370 Donnelly Court ',
  'b_city' => 'Brownstown',
  'b_state' => 'MI',
  'b_postcode' => '48193',
  'b_country' => 'US',
  'b_tel' => '734-250-1298',
) 
00:12:27 array (
  'siteno' => '193736180',
  'version' => '',
  'orderid' => '245150419002',
  'order_time' => '20150419001227',
  'lang' => 'en',
  'currency' => 'USD',
  'vat' => '3.00',
  'discount' => '0.00',
  'shippingfee' => '20.00',
  'productname[0]' => 'Canadiens #31 Carey Price Men\'s Stitched White CCM Throwback Hockey Jersey
 Size:XL(52)',
  'productno[0]' => 'JE1731707',
  'price[0]' => '36.87',
  'qty[0]' => 1,
  'productname[1]' => 'Red Wings #40 Henrik Zetterberg Red 2014 Winter Classic Stitched NHL Jersey
 Size:XL(52)',
  'productno[1]' => 'NHL11828',
  'price[1]' => '33.00',
  'qty[1]' => 1,
  'checkcode' => '0319d3db76a57653a75592421308b904',
  'backurl' => 'http://www.outlet-jersey.com/index.php?main_page=checkout_process',
  'notifyreurl' => 'http://www.outlet-jersey.com/mallpay_check.php',
  's_firstname' => 'Mark',
  's_lastname' => 'Duford',
  's_address' => '22370 Donnelly Court ',
  's_city' => 'Brownstown',
  's_state' => 'MI',
  's_postcode' => '48193',
  's_country' => 'US',
  'email' => 'Drw.habs@sbcglobal.net',
  's_tel' => '734-250-1298',
  'b_firstname' => 'Mark',
  'b_lastname' => 'Duford',
  'b_address' => '22370 Donnelly Court ',
  'b_city' => 'Brownstown',
  'b_state' => 'MI',
  'b_postcode' => '48193',
  'b_country' => 'US',
  'b_tel' => '734-250-1298',
) 
00:23:28 array (
  'siteno' => '193736180',
  'version' => '',
  'orderid' => '245150419005',
  'order_time' => '20150419002328',
  'lang' => 'en',
  'currency' => 'USD',
  'vat' => '1.50',
  'discount' => '0.00',
  'shippingfee' => '28.00',
  'productname[0]' => 'Bruins 2011 Stanley Cup Champions Patch #91 Marc Savard White Stitched NHL Jersey
 Size:XXL(54)',
  'productno[0]' => 'NHL11012',
  'price[0]' => '33.00',
  'qty[0]' => 1,
  'checkcode' => '18c0e18fd724ce9eedb4cc1f02818436',
  'backurl' => 'http://www.outlet-jersey.com/index.php?main_page=checkout_process',
  'notifyreurl' => 'http://www.outlet-jersey.com/mallpay_check.php',
  's_firstname' => 'Clayton',
  's_lastname' => 'Soule',
  's_address' => '608 John Paul Jones Drive Apt#138 ',
  's_city' => 'Temple',
  's_state' => 'TX',
  's_postcode' => '76504',
  's_country' => 'US',
  'email' => 'claytonsoulecs@gmail.com',
  's_tel' => '254-462-5755',
  'b_firstname' => 'Clayton',
  'b_lastname' => 'Soule',
  'b_address' => '608 John Paul Jones Drive Apt#138 ',
  'b_city' => 'Temple',
  'b_state' => 'TX',
  'b_postcode' => '76504',
  'b_country' => 'US',
  'b_tel' => '254-462-5755',
) 
00:31:13 array (
  'siteno' => '193736180',
  'version' => '',
  'orderid' => '245150419007',
  'order_time' => '20150419003113',
  'lang' => 'en',
  'currency' => 'USD',
  'vat' => '1.50',
  'discount' => '0.00',
  'shippingfee' => '28.00',
  'productname[0]' => 'Bruins 2011 Stanley Cup Champions Patch #91 Marc Savard White Stitched NHL Jersey
 Size:XXL(54)',
  'productno[0]' => 'NHL11012',
  'price[0]' => '33.00',
  'qty[0]' => 1,
  'checkcode' => '0e2391d4b3f8dac543daf199b0ea3e2e',
  'backurl' => 'http://www.outlet-jersey.com/index.php?main_page=checkout_process',
  'notifyreurl' => 'http://www.outlet-jersey.com/mallpay_check.php',
  's_firstname' => 'Clayton',
  's_lastname' => 'Soule',
  's_address' => '608 John Paul Jones Drive Apt#138 ',
  's_city' => 'Temple',
  's_state' => 'TX',
  's_postcode' => '76504',
  's_country' => 'US',
  'email' => 'claytonsoulecs@gmail.com',
  's_tel' => '254-462-5755',
  'b_firstname' => 'Clayton',
  'b_lastname' => 'Soule',
  'b_address' => '608 John Paul Jones Drive Apt#138 ',
  'b_city' => 'Temple',
  'b_state' => 'TX',
  'b_postcode' => '76504',
  'b_country' => 'US',
  'b_tel' => '254-462-5755',
) 
00:36:33 array (
  'siteno' => '193736180',
  'version' => '',
  'orderid' => '245150419008',
  'order_time' => '20150419003633',
  'lang' => 'en',
  'currency' => 'USD',
  'vat' => '1.50',
  'discount' => '0.00',
  'shippingfee' => '28.00',
  'productname[0]' => 'Bruins 2011 Stanley Cup Champions Patch #91 Marc Savard White Stitched NHL Jersey
 Size:XXL(54)',
  'productno[0]' => 'NHL11012',
  'price[0]' => '33.00',
  'qty[0]' => 1,
  'checkcode' => '3acbacc82f62d635eb1994dfb47824d9',
  'backurl' => 'http://www.outlet-jersey.com/index.php?main_page=checkout_process',
  'notifyreurl' => 'http://www.outlet-jersey.com/mallpay_check.php',
  's_firstname' => 'Clayton',
  's_lastname' => 'Soule',
  's_address' => '608 John Paul Jones Drive Apt#138 ',
  's_city' => 'Temple',
  's_state' => 'TX',
  's_postcode' => '76504',
  's_country' => 'US',
  'email' => 'claytonsoulecs@gmail.com',
  's_tel' => '254-462-5755',
  'b_firstname' => 'Clayton',
  'b_lastname' => 'Soule',
  'b_address' => '608 John Paul Jones Drive Apt#138 ',
  'b_city' => 'Temple',
  'b_state' => 'TX',
  'b_postcode' => '76504',
  'b_country' => 'US',
  'b_tel' => '254-462-5755',
) 
00:46:31 array (
  'siteno' => '193736180',
  'version' => '',
  'orderid' => '245150419009',
  'order_time' => '20150419004631',
  'lang' => 'en',
  'currency' => 'USD',
  'vat' => '1.50',
  'discount' => '0.00',
  'shippingfee' => '28.00',
  'productname[0]' => 'Bruins 2011 Stanley Cup Champions Patch #91 Marc Savard White Stitched NHL Jersey
 Size:XXL(54)',
  'productno[0]' => 'NHL11012',
  'price[0]' => '33.00',
  'qty[0]' => 1,
  'checkcode' => 'dbc883ed1c38a1dfe455e111b20769b3',
  'backurl' => 'http://www.outlet-jersey.com/index.php?main_page=checkout_process',
  'notifyreurl' => 'http://www.outlet-jersey.com/mallpay_check.php',
  's_firstname' => 'Clayton',
  's_lastname' => 'Soule',
  's_address' => '608 John Paul Jones Drive Apt#138 ',
  's_city' => 'Temple',
  's_state' => 'TX',
  's_postcode' => '76504',
  's_country' => 'US',
  'email' => 'claytonsoulecs@gmail.com',
  's_tel' => '254-462-5755',
  'b_firstname' => 'Clayton',
  'b_lastname' => 'Soule',
  'b_address' => '608 John Paul Jones Drive Apt#138 ',
  'b_city' => 'Temple',
  'b_state' => 'TX',
  'b_postcode' => '76504',
  'b_country' => 'US',
  'b_tel' => '254-462-5755',
) 
02:04:32 array (
  'siteno' => '193736180',
  'version' => '',
  'orderid' => '245150419020',
  'order_time' => '20150419020432',
  'lang' => 'en',
  'currency' => 'USD',
  'vat' => '1.50',
  'discount' => '0.00',
  'shippingfee' => '25.00',
  'productname[0]' => 'NBA New Fabrics Raptors 15 drift edition 
 Size:52',
  'productno[0]' => 'NBA12899',
  'price[0]' => '18.50',
  'qty[0]' => 1,
  'checkcode' => 'd09b01f491bc1f58b83f99fd0206763c',
  'backurl' => 'http://www.outlet-jersey.com/index.php?main_page=checkout_process',
  'notifyreurl' => 'http://www.outlet-jersey.com/mallpay_check.php',
  's_firstname' => 'Alejandro',
  's_lastname' => 'Huizar',
  's_address' => '5701 Rosario blvd ',
  's_city' => 'North Highlands',
  's_state' => 'CA',
  's_postcode' => '95660',
  's_country' => 'US',
  'email' => 'Guzmanator15@gmail.com',
  's_tel' => '9165041650',
  'b_firstname' => 'Alejandro',
  'b_lastname' => 'Huizar',
  'b_address' => '5701 Rosario blvd ',
  'b_city' => 'North Highlands',
  'b_state' => 'CA',
  'b_postcode' => '95660',
  'b_country' => 'US',
  'b_tel' => '9165041650',
) 
02:12:46 array (
  'siteno' => '193736180',
  'version' => '',
  'orderid' => '245150419023',
  'order_time' => '20150419021246',
  'lang' => 'en',
  'currency' => 'USD',
  'vat' => '1.50',
  'discount' => '0.00',
  'shippingfee' => '25.00',
  'productname[0]' => 'NBA New Fabrics Raptors 15 drift edition 
 Size:52',
  'productno[0]' => 'NBA12899',
  'price[0]' => '18.50',
  'qty[0]' => 1,
  'checkcode' => 'ae939806ed624fc380013a54b6fe4072',
  'backurl' => 'http://www.outlet-jersey.com/index.php?main_page=checkout_process',
  'notifyreurl' => 'http://www.outlet-jersey.com/mallpay_check.php',
  's_firstname' => 'Alejandro',
  's_lastname' => 'Huizar',
  's_address' => '5701 Rosario blvd ',
  's_city' => 'North Highlands',
  's_state' => 'CA',
  's_postcode' => '95660',
  's_country' => 'US',
  'email' => 'Guzmanator15@gmail.com',
  's_tel' => '9165041650',
  'b_firstname' => 'Alejandro',
  'b_lastname' => 'Huizar',
  'b_address' => '5701 Rosario blvd ',
  'b_city' => 'North Highlands',
  'b_state' => 'CA',
  'b_postcode' => '95660',
  'b_country' => 'US',
  'b_tel' => '9165041650',
) 
02:22:54 array (
  'siteno' => '193736180',
  'version' => '',
  'orderid' => '245150419024',
  'order_time' => '20150419022254',
  'lang' => 'en',
  'currency' => 'USD',
  'vat' => '1.50',
  'discount' => '0.00',
  'shippingfee' => '25.00',
  'productname[0]' => 'NBA New Fabrics Raptors 15 drift edition 
 Size:52',
  'productno[0]' => 'NBA12899',
  'price[0]' => '18.50',
  'qty[0]' => 1,
  'checkcode' => '70c447819104c5f2fda5e073cce0eb6d',
  'backurl' => 'http://www.outlet-jersey.com/index.php?main_page=checkout_process',
  'notifyreurl' => 'http://www.outlet-jersey.com/mallpay_check.php',
  's_firstname' => 'Alejandro',
  's_lastname' => 'Huizar',
  's_address' => '5701 Rosario blvd ',
  's_city' => 'North Highlands',
  's_state' => 'CA',
  's_postcode' => '95660',
  's_country' => 'US',
  'email' => 'Guzmanator15@gmail.com',
  's_tel' => '9165041650',
  'b_firstname' => 'Alejandro',
  'b_lastname' => 'Huizar',
  'b_address' => '5701 Rosario blvd ',
  'b_city' => 'North Highlands',
  'b_state' => 'CA',
  'b_postcode' => '95660',
  'b_country' => 'US',
  'b_tel' => '9165041650',
) 
02:27:53 array (
  'siteno' => '193736180',
  'version' => '',
  'orderid' => '245150419026',
  'order_time' => '20150419022753',
  'lang' => 'en',
  'currency' => 'USD',
  'vat' => '1.50',
  'discount' => '0.00',
  'shippingfee' => '25.00',
  'productname[0]' => 'NBA New Fabrics Raptors 15 drift edition 
 Size:52',
  'productno[0]' => 'NBA12899',
  'price[0]' => '18.50',
  'qty[0]' => 1,
  'checkcode' => '6b50b0354c86cb9579c3cce5814217bf',
  'backurl' => 'http://www.outlet-jersey.com/index.php?main_page=checkout_process',
  'notifyreurl' => 'http://www.outlet-jersey.com/mallpay_check.php',
  's_firstname' => 'Alejandro',
  's_lastname' => 'Huizar',
  's_address' => '5701 Rosario blvd ',
  's_city' => 'North Highlands',
  's_state' => 'CA',
  's_postcode' => '95660',
  's_country' => 'US',
  'email' => 'Guzmanator15@gmail.com',
  's_tel' => '9165041650',
  'b_firstname' => 'Alejandro',
  'b_lastname' => 'Huizar',
  'b_address' => '5701 Rosario blvd ',
  'b_city' => 'North Highlands',
  'b_state' => 'CA',
  'b_postcode' => '95660',
  'b_country' => 'US',
  'b_tel' => '9165041650',
) 
02:29:59 array (
  'siteno' => '193736180',
  'version' => '',
  'orderid' => '245150419027',
  'order_time' => '20150419022959',
  'lang' => 'en',
  'currency' => 'USD',
  'vat' => '1.50',
  'discount' => '0.00',
  'shippingfee' => '25.00',
  'productname[0]' => 'NBA New Fabrics Raptors 15 drift edition 
 Size:52',
  'productno[0]' => 'NBA12899',
  'price[0]' => '18.50',
  'qty[0]' => 1,
  'checkcode' => 'cce5b5cee1c3bc24e4d82840854125f1',
  'backurl' => 'http://www.outlet-jersey.com/index.php?main_page=checkout_process',
  'notifyreurl' => 'http://www.outlet-jersey.com/mallpay_check.php',
  's_firstname' => 'Alejandro',
  's_lastname' => 'Huizar',
  's_address' => '5701 Rosario blvd ',
  's_city' => 'North Highlands',
  's_state' => 'CA',
  's_postcode' => '95660',
  's_country' => 'US',
  'email' => 'Guzmanator15@gmail.com',
  's_tel' => '9165041650',
  'b_firstname' => 'Alejandro',
  'b_lastname' => 'Huizar',
  'b_address' => '5701 Rosario blvd ',
  'b_city' => 'North Highlands',
  'b_state' => 'CA',
  'b_postcode' => '95660',
  'b_country' => 'US',
  'b_tel' => '9165041650',
) 
02:38:29 array (
  'siteno' => '193736180',
  'version' => '',
  'orderid' => '245150419029',
  'order_time' => '20150419023829',
  'lang' => 'en',
  'currency' => 'USD',
  'vat' => '1.50',
  'discount' => '0.00',
  'shippingfee' => '28.00',
  'productname[0]' => 'Blackhawks #81 Marian Hossa Winter Classic Stitched Black NHL Jersey
 Size:XXL(54)',
  'productno[0]' => 'NHL11452',
  'price[0]' => '33.00',
  'qty[0]' => 1,
  'checkcode' => 'b5a1b7dee394e33ee0d8e7645cdd3e15',
  'backurl' => 'http://www.outlet-jersey.com/index.php?main_page=checkout_process',
  'notifyreurl' => 'http://www.outlet-jersey.com/mallpay_check.php',
  's_firstname' => 'pamela',
  's_lastname' => 'domanski',
  's_address' => '3675 tamarack circle ',
  's_city' => 'crystal lake',
  's_state' => 'IL',
  's_postcode' => '60012',
  's_country' => 'US',
  'email' => 'Pamelastipetic@gmail.com',
  's_tel' => '815 526 3957',
  'b_firstname' => 'pamela',
  'b_lastname' => 'domanski',
  'b_address' => '3675 tamarack circle ',
  'b_city' => 'crystal lake',
  'b_state' => 'IL',
  'b_postcode' => '60012',
  'b_country' => 'US',
  'b_tel' => '815 526 3957',
) 
02:42:07 array (
  'siteno' => '193736180',
  'version' => '',
  'orderid' => '245150419032',
  'order_time' => '20150419024207',
  'lang' => 'en',
  'currency' => 'USD',
  'vat' => '1.50',
  'discount' => '0.00',
  'shippingfee' => '25.00',
  'productname[0]' => 'Blackhawks #81 Marian Hossa Winter Classic Stitched Black NHL Jersey
 Size:XXL(54)',
  'productno[0]' => 'NHL11452',
  'price[0]' => '33.00',
  'qty[0]' => 1,
  'checkcode' => '1b062b24e61eb5005be3a8b16471de34',
  'backurl' => 'http://www.outlet-jersey.com/index.php?main_page=checkout_process',
  'notifyreurl' => 'http://www.outlet-jersey.com/mallpay_check.php',
  's_firstname' => 'pamela',
  's_lastname' => 'domanski',
  's_address' => '3675 tamarack circle ',
  's_city' => 'crystal lake',
  's_state' => 'IL',
  's_postcode' => '60012',
  's_country' => 'US',
  'email' => 'Pamelastipetic@gmail.com',
  's_tel' => '815 526 3957',
  'b_firstname' => 'pamela',
  'b_lastname' => 'domanski',
  'b_address' => '3675 tamarack circle ',
  'b_city' => 'crystal lake',
  'b_state' => 'IL',
  'b_postcode' => '60012',
  'b_country' => 'US',
  'b_tel' => '815 526 3957',
) 
02:57:37 array (
  'siteno' => '193736180',
  'version' => '',
  'orderid' => '245150419041',
  'order_time' => '20150419025737',
  'lang' => 'en',
  'currency' => 'USD',
  'vat' => '1.50',
  'discount' => '0.00',
  'shippingfee' => '25.00',
  'productname[0]' => 'Blackhawks #81 Marian Hossa Winter Classic Stitched Black NHL Jersey
 Size:XXL(54)',
  'productno[0]' => 'NHL11452',
  'price[0]' => '33.00',
  'qty[0]' => 1,
  'checkcode' => 'db4a6fe2496eb90a6e90887238c55e70',
  'backurl' => 'http://www.outlet-jersey.com/index.php?main_page=checkout_process',
  'notifyreurl' => 'http://www.outlet-jersey.com/mallpay_check.php',
  's_firstname' => 'pamela',
  's_lastname' => 'domanski',
  's_address' => '3675 tamarack circle ',
  's_city' => 'crystal lake',
  's_state' => 'IL',
  's_postcode' => '60012',
  's_country' => 'US',
  'email' => 'Pamelastipetic@gmail.com',
  's_tel' => '815 526 3957',
  'b_firstname' => 'pamela',
  'b_lastname' => 'domanski',
  'b_address' => '3675 tamarack circle ',
  'b_city' => 'crystal lake',
  'b_state' => 'IL',
  'b_postcode' => '60012',
  'b_country' => 'US',
  'b_tel' => '815 526 3957',
) 
02:58:08 array (
  'siteno' => '193736180',
  'version' => '',
  'orderid' => '245150419043',
  'order_time' => '20150419025808',
  'lang' => 'en',
  'currency' => 'USD',
  'vat' => '1.50',
  'discount' => '0.00',
  'shippingfee' => '25.00',
  'productname[0]' => 'NBA New Fabrics Raptors 15 drift edition 
 Size:52',
  'productno[0]' => 'NBA12899',
  'price[0]' => '18.50',
  'qty[0]' => 1,
  'checkcode' => 'c9297e9d3abf78cdc822b0d0ce7ff2b5',
  'backurl' => 'http://www.outlet-jersey.com/index.php?main_page=checkout_process',
  'notifyreurl' => 'http://www.outlet-jersey.com/mallpay_check.php',
  's_firstname' => 'Alejandro',
  's_lastname' => 'Huizar',
  's_address' => '5701 Rosario blvd ',
  's_city' => 'North Highlands',
  's_state' => 'CA',
  's_postcode' => '95660',
  's_country' => 'US',
  'email' => 'Guzmanator15@gmail.com',
  's_tel' => '9165041650',
  'b_firstname' => 'Alejandro',
  'b_lastname' => 'Huizar',
  'b_address' => '5701 Rosario blvd ',
  'b_city' => 'North Highlands',
  'b_state' => 'CA',
  'b_postcode' => '95660',
  'b_country' => 'US',
  'b_tel' => '9165041650',
) 
03:06:05 array (
  'siteno' => '193736180',
  'version' => '',
  'orderid' => '245150419046',
  'order_time' => '20150419030605',
  'lang' => 'en',
  'currency' => 'USD',
  'vat' => '1.50',
  'discount' => '0.00',
  'shippingfee' => '25.00',
  'productname[0]' => 'NBA New Fabrics Raptors 15 drift edition 
 Size:52',
  'productno[0]' => 'NBA12899',
  'price[0]' => '18.50',
  'qty[0]' => 1,
  'checkcode' => '7e4ee3a8addf57d62bbc5135f056f6d6',
  'backurl' => 'http://www.outlet-jersey.com/index.php?main_page=checkout_process',
  'notifyreurl' => 'http://www.outlet-jersey.com/mallpay_check.php',
  's_firstname' => 'Alejandro',
  's_lastname' => 'Huizar',
  's_address' => '5701 Rosario blvd ',
  's_city' => 'North Highlands',
  's_state' => 'CA',
  's_postcode' => '95660',
  's_country' => 'US',
  'email' => 'Guzmanator15@gmail.com',
  's_tel' => '9165041650',
  'b_firstname' => 'Alejandro',
  'b_lastname' => 'Huizar',
  'b_address' => '5701 Rosario blvd ',
  'b_city' => 'North Highlands',
  'b_state' => 'CA',
  'b_postcode' => '95660',
  'b_country' => 'US',
  'b_tel' => '9165041650',
) 
03:06:06 array (
  'siteno' => '193736180',
  'version' => '',
  'orderid' => '245150419047',
  'order_time' => '20150419030606',
  'lang' => 'en',
  'currency' => 'USD',
  'vat' => '1.50',
  'discount' => '0.00',
  'shippingfee' => '25.00',
  'productname[0]' => 'NBA New Fabrics Raptors 15 drift edition 
 Size:52',
  'productno[0]' => 'NBA12899',
  'price[0]' => '18.50',
  'qty[0]' => 1,
  'checkcode' => 'ae52484c6f0fa7ec21d71c953b762b88',
  'backurl' => 'http://www.outlet-jersey.com/index.php?main_page=checkout_process',
  'notifyreurl' => 'http://www.outlet-jersey.com/mallpay_check.php',
  's_firstname' => 'Alejandro',
  's_lastname' => 'Huizar',
  's_address' => '5701 Rosario blvd ',
  's_city' => 'North Highlands',
  's_state' => 'CA',
  's_postcode' => '95660',
  's_country' => 'US',
  'email' => 'Guzmanator15@gmail.com',
  's_tel' => '9165041650',
  'b_firstname' => 'Alejandro',
  'b_lastname' => 'Huizar',
  'b_address' => '5701 Rosario blvd ',
  'b_city' => 'North Highlands',
  'b_state' => 'CA',
  'b_postcode' => '95660',
  'b_country' => 'US',
  'b_tel' => '9165041650',
) 
03:09:16 array (
  'siteno' => '193736180',
  'version' => '',
  'orderid' => '245150419050',
  'order_time' => '20150419030916',
  'lang' => 'en',
  'currency' => 'USD',
  'vat' => '1.50',
  'discount' => '0.00',
  'shippingfee' => '25.00',
  'productname[0]' => 'NBA New Fabrics Raptors 15 drift edition 
 Size:52',
  'productno[0]' => 'NBA12899',
  'price[0]' => '18.50',
  'qty[0]' => 1,
  'checkcode' => 'c459236d7fbd89b7cc200fdc2c43c3d7',
  'backurl' => 'http://www.outlet-jersey.com/index.php?main_page=checkout_process',
  'notifyreurl' => 'http://www.outlet-jersey.com/mallpay_check.php',
  's_firstname' => 'Alejandro',
  's_lastname' => 'Huizar',
  's_address' => '5701 Rosario blvd ',
  's_city' => 'North Highlands',
  's_state' => 'CA',
  's_postcode' => '95660',
  's_country' => 'US',
  'email' => 'Guzmanator15@gmail.com',
  's_tel' => '9165041650',
  'b_firstname' => 'Alejandro',
  'b_lastname' => 'Huizar',
  'b_address' => '5701 Rosario blvd ',
  'b_city' => 'North Highlands',
  'b_state' => 'CA',
  'b_postcode' => '95660',
  'b_country' => 'US',
  'b_tel' => '9165041650',
) 
05:15:23 array (
  'siteno' => '193736180',
  'version' => '',
  'orderid' => '245150419059',
  'order_time' => '20150419051523',
  'lang' => 'en',
  'currency' => 'USD',
  'vat' => '1.50',
  'discount' => '0.00',
  'shippingfee' => '28.00',
  'productname[0]' => 'Islanders #22 Mike Bossy Men\'s Stitched Blue CCM Throwback Hockey Jersey
 Size:XXL(54)',
  'productno[0]' => 'JE1731116',
  'price[0]' => '36.66',
  'qty[0]' => 1,
  'checkcode' => '75eb98eec21b3934a6eb2e81261d27ec',
  'backurl' => 'http://www.outlet-jersey.com/index.php?main_page=checkout_process',
  'notifyreurl' => 'http://www.outlet-jersey.com/mallpay_check.php',
  's_firstname' => 'David',
  's_lastname' => 'Campoli',
  's_address' => '88 Willis avenue ',
  's_city' => 'Floral park',
  's_state' => 'NY',
  's_postcode' => '11001',
  's_country' => 'US',
  'email' => 'Dcampoli@plyconvanlines.com',
  's_tel' => '6312697000',
  'b_firstname' => 'David',
  'b_lastname' => 'Campoli',
  'b_address' => '88 Willis avenue ',
  'b_city' => 'Floral park',
  'b_state' => 'NY',
  'b_postcode' => '11001',
  'b_country' => 'US',
  'b_tel' => '6312697000',
) 
07:32:43 array (
  'siteno' => '193736180',
  'version' => '',
  'orderid' => '245150419070',
  'order_time' => '20150419073243',
  'lang' => 'en',
  'currency' => 'USD',
  'vat' => '4.50',
  'discount' => '0.00',
  'shippingfee' => '44.00',
  'productname[0]' => 'New York Rangers #30 Henrik Lundqvist White 2014 Stadium Series Stitched NHL Jersey
 Size:M(48)',
  'productno[0]' => 'NHL12410',
  'price[0]' => '33.00',
  'qty[0]' => 1,
  'productname[1]' => 'New York Rangers #30 Henrik Lundqvist White 2014 Stadium Series Stitched NHL Jersey
 Size:XXXL(56)',
  'productno[1]' => 'NHL12410',
  'price[1]' => '33.00',
  'qty[1]' => 1,
  'productname[2]' => 'New York Rangers #27 Ryan McDonagh White Road Stitched NHL Jersey
 Size:XXXL(56)',
  'productno[2]' => 'NHL12407',
  'price[2]' => '33.00',
  'qty[2]' => 1,
  'checkcode' => 'b855209c5faeea5791eae32ed13092b7',
  'backurl' => 'http://www.outlet-jersey.com/index.php?main_page=checkout_process',
  'notifyreurl' => 'http://www.outlet-jersey.com/mallpay_check.php',
  's_firstname' => 'norman',
  's_lastname' => 'straube',
  's_address' => '85 bell st ',
  's_city' => 'belleville',
  's_state' => 'NJ',
  's_postcode' => '07109',
  's_country' => 'US',
  'email' => 'n_straube6@hotmail.com',
  's_tel' => '856 278 3696',
  'b_firstname' => 'norman',
  'b_lastname' => 'straube',
  'b_address' => '85 bell st ',
  'b_city' => 'belleville',
  'b_state' => 'NJ',
  'b_postcode' => '07109',
  'b_country' => 'US',
  'b_tel' => '856 278 3696',
) 
07:35:10 array (
  'siteno' => '193736180',
  'version' => '',
  'orderid' => '245150419072',
  'order_time' => '20150419073510',
  'lang' => 'en',
  'currency' => 'USD',
  'vat' => '3.00',
  'discount' => '0.00',
  'shippingfee' => '36.00',
  'productname[0]' => 'New York Rangers #30 Henrik Lundqvist White 2014 Stadium Series Stitched NHL Jersey
 Size:M(48)',
  'productno[0]' => 'NHL12410',
  'price[0]' => '33.00',
  'qty[0]' => 1,
  'productname[1]' => 'New York Rangers #30 Henrik Lundqvist White 2014 Stadium Series Stitched NHL Jersey
 Size:XXXL(56)',
  'productno[1]' => 'NHL12410',
  'price[1]' => '33.00',
  'qty[1]' => 1,
  'checkcode' => 'a533ec294329b83d1934bbb6560acd5a',
  'backurl' => 'http://www.outlet-jersey.com/index.php?main_page=checkout_process',
  'notifyreurl' => 'http://www.outlet-jersey.com/mallpay_check.php',
  's_firstname' => 'norman',
  's_lastname' => 'straube',
  's_address' => '85 bell st ',
  's_city' => 'belleville',
  's_state' => 'NJ',
  's_postcode' => '07109',
  's_country' => 'US',
  'email' => 'n_straube6@hotmail.com',
  's_tel' => '856 278 3696',
  'b_firstname' => 'norman',
  'b_lastname' => 'straube',
  'b_address' => '85 bell st ',
  'b_city' => 'belleville',
  'b_state' => 'NJ',
  'b_postcode' => '07109',
  'b_country' => 'US',
  'b_tel' => '856 278 3696',
) 
11:10:48 array (
  'siteno' => '193736180',
  'version' => '',
  'orderid' => '245150419091',
  'order_time' => '20150419111048',
  'lang' => 'en',
  'currency' => 'USD',
  'vat' => '1.50',
  'discount' => '0.00',
  'shippingfee' => '28.00',
  'productname[0]' => 'Bruins #37 Patrice Bergeron Stitched Winter Classic Yellow NHL Jersey
 Size:XXXL(56)',
  'productno[0]' => 'NHL10957',
  'price[0]' => '33.00',
  'qty[0]' => 1,
  'checkcode' => 'b5b475ebadfb4c329270e68a24665068',
  'backurl' => 'http://www.outlet-jersey.com/index.php?main_page=checkout_process',
  'notifyreurl' => 'http://www.outlet-jersey.com/mallpay_check.php',
  's_firstname' => 'james',
  's_lastname' => 'lewis 3 rd',
  's_address' => '58 river rd ',
  's_city' => 'clinton',
  's_state' => 'CT',
  's_postcode' => '06413',
  's_country' => 'US',
  'email' => 'fatkid717@gmail.com',
  's_tel' => '2036271704',
  'b_firstname' => 'james',
  'b_lastname' => 'lewis 3 rd',
  'b_address' => '58 river rd ',
  'b_city' => 'clinton',
  'b_state' => 'CT',
  'b_postcode' => '06413',
  'b_country' => 'US',
  'b_tel' => '2036271704',
) 
11:24:04 array (
  'siteno' => '193736180',
  'version' => '',
  'orderid' => '245150419100',
  'order_time' => '20150419112404',
  'lang' => 'en',
  'currency' => 'USD',
  'vat' => '1.50',
  'discount' => '0.00',
  'shippingfee' => '28.00',
  'productname[0]' => 'Anaheim Ducks #17 Ryan Kesler White New Road NHL Jersey
 Size:M(48)',
  'productno[0]' => 'NHL10881',
  'price[0]' => '33.00',
  'qty[0]' => 1,
  'checkcode' => '6c119ef94f0e7573e43f2752b7356c31',
  'backurl' => 'http://www.outlet-jersey.com/index.php?main_page=checkout_process',
  'notifyreurl' => 'http://www.outlet-jersey.com/mallpay_check.php',
  's_firstname' => 'Aaron',
  's_lastname' => 'Lee',
  's_address' => '8620 Nye Rd ',
  's_city' => 'Ventura',
  's_state' => 'CA',
  's_postcode' => '93001',
  's_country' => 'US',
  'email' => 'Aarondlee3@yahoo.Com',
  's_tel' => '562-777-4595',
  'b_firstname' => 'Aaron',
  'b_lastname' => 'Lee',
  'b_address' => '8620 Nye Rd ',
  'b_city' => 'Ventura',
  'b_state' => 'CA',
  'b_postcode' => '93001',
  'b_country' => 'US',
  'b_tel' => '562-777-4595',
) 
11:26:25 array (
  'siteno' => '193736180',
  'version' => '',
  'orderid' => '245150419101',
  'order_time' => '20150419112625',
  'lang' => 'en',
  'currency' => 'USD',
  'vat' => '1.50',
  'discount' => '0.00',
  'shippingfee' => '25.00',
  'productname[0]' => 'Anaheim Ducks #17 Ryan Kesler White New Road NHL Jersey
 Size:M(48)',
  'productno[0]' => 'NHL10881',
  'price[0]' => '33.00',
  'qty[0]' => 1,
  'checkcode' => 'd1561a9a5d22eed47c3b57e940b658eb',
  'backurl' => 'http://www.outlet-jersey.com/index.php?main_page=checkout_process',
  'notifyreurl' => 'http://www.outlet-jersey.com/mallpay_check.php',
  's_firstname' => 'Aaron',
  's_lastname' => 'Lee',
  's_address' => '8620 Nye Rd ',
  's_city' => 'Ventura',
  's_state' => 'CA',
  's_postcode' => '93001',
  's_country' => 'US',
  'email' => 'Aarondlee3@yahoo.Com',
  's_tel' => '562-777-4595',
  'b_firstname' => 'Aaron',
  'b_lastname' => 'Lee',
  'b_address' => '8620 Nye Rd ',
  'b_city' => 'Ventura',
  'b_state' => 'CA',
  'b_postcode' => '93001',
  'b_country' => 'US',
  'b_tel' => '562-777-4595',
) 
11:26:59 array (
  'siteno' => '193736180',
  'version' => '',
  'orderid' => '245150419102',
  'order_time' => '20150419112659',
  'lang' => 'en',
  'currency' => 'USD',
  'vat' => '1.50',
  'discount' => '0.00',
  'shippingfee' => '25.00',
  'productname[0]' => 'Anaheim Ducks #17 Ryan Kesler White New Road NHL Jersey
 Size:M(48)',
  'productno[0]' => 'NHL10881',
  'price[0]' => '33.00',
  'qty[0]' => 1,
  'checkcode' => '4f839ad84f6221aa570885e48fde901c',
  'backurl' => 'http://www.outlet-jersey.com/index.php?main_page=checkout_process',
  'notifyreurl' => 'http://www.outlet-jersey.com/mallpay_check.php',
  's_firstname' => 'Aaron',
  's_lastname' => 'Lee',
  's_address' => '8620 Nye Rd ',
  's_city' => 'Ventura',
  's_state' => 'CA',
  's_postcode' => '93001',
  's_country' => 'US',
  'email' => 'Aarondlee3@yahoo.Com',
  's_tel' => '562-777-4595',
  'b_firstname' => 'Aaron',
  'b_lastname' => 'Lee',
  'b_address' => '8620 Nye Rd ',
  'b_city' => 'Ventura',
  'b_state' => 'CA',
  'b_postcode' => '93001',
  'b_country' => 'US',
  'b_tel' => '562-777-4595',
) 
11:27:32 array (
  'siteno' => '193736180',
  'version' => '',
  'orderid' => '245150419103',
  'order_time' => '20150419112732',
  'lang' => 'en',
  'currency' => 'USD',
  'vat' => '1.50',
  'discount' => '0.00',
  'shippingfee' => '25.00',
  'productname[0]' => 'Anaheim Ducks #17 Ryan Kesler White New Road NHL Jersey
 Size:M(48)',
  'productno[0]' => 'NHL10881',
  'price[0]' => '33.00',
  'qty[0]' => 1,
  'checkcode' => '441437a9e38544990f6dd93e351ce8b5',
  'backurl' => 'http://www.outlet-jersey.com/index.php?main_page=checkout_process',
  'notifyreurl' => 'http://www.outlet-jersey.com/mallpay_check.php',
  's_firstname' => 'Aaron',
  's_lastname' => 'Lee',
  's_address' => '8620 Nye Rd ',
  's_city' => 'Ventura',
  's_state' => 'CA',
  's_postcode' => '93001',
  's_country' => 'US',
  'email' => 'Aarondlee3@yahoo.Com',
  's_tel' => '562-777-4595',
  'b_firstname' => 'Aaron',
  'b_lastname' => 'Lee',
  'b_address' => '8620 Nye Rd ',
  'b_city' => 'Ventura',
  'b_state' => 'CA',
  'b_postcode' => '93001',
  'b_country' => 'US',
  'b_tel' => '562-777-4595',
) 
