02:32:58 array (
  'siteno' => '193736180',
  'version' => '',
  'orderid' => '245150129003',
  'order_time' => '20150129023258',
  'lang' => 'en',
  'currency' => 'USD',
  'vat' => '20.00',
  'discount' => '0.00',
  'shippingfee' => '15.00',
  'productname[0]' => 'Nike Green Bay Packers #12 Aaron Rodgers Silver Grey
 Size:54 (XXL)',
  'productno[0]' => 'NFL20585',
  'price[0]' => '22.50',
  'qty[0]' => 1,
  'productname[1]' => 'Nike Green Bay Packers #52 Clay Matthews White NFL Limited Platinum Jersey
 Size:54 (XXL)',
  'productno[1]' => 'NFL20602',
  'price[1]' => '21.00',
  'qty[1]' => 1,
  'productname[2]' => 'Nike Packers #52 Clay Matthews White Men\'s Stitched NFL Elite Autographed Jersey
 Size:52/2XL',
  'productno[2]' => 'NFL20750',
  'price[2]' => '22.50',
  'qty[2]' => 1,
  'productname[3]' => 'Nike Packers #12 Aaron Rodgers Green Team Color Men\'s Stitched NFL Elite Autographed Jersey
 Size:52/2XL',
  'productno[3]' => 'NFL20615',
  'price[3]' => '22.50',
  'qty[3]' => 1,
  'productname[4]' => 'Green Bay Packers #27 Eddie Lacy Green Sawyer Hooded Sweatshirt Stitched Jersey
 Size:54 (XXL)',
  'productno[4]' => 'NFL20496',
  'price[4]' => '36.00',
  'qty[4]' => 1,
  'checkcode' => 'f64310006aabb13b62a6e786ec1c5355',
  'backurl' => 'http://www.outlet-jersey.com/index.php?main_page=checkout_process',
  'notifyreurl' => 'http://www.outlet-jersey.com/mallpay_check.php',
  's_firstname' => 'Jennifer',
  's_lastname' => 'Buhrow',
  's_address' => '18 Hatten Ave ',
  's_city' => 'Rice Lake',
  's_state' => 'WI',
  's_postcode' => '54868',
  's_country' => 'US',
  'email' => 'rbuhrow0855@gmail.com',
  's_tel' => '715-651-0839',
  'b_firstname' => 'Jennifer',
  'b_lastname' => 'Buhrow',
  'b_address' => '18 Hatten Ave ',
  'b_city' => 'Rice Lake',
  'b_state' => 'WI',
  'b_postcode' => '54868',
  'b_country' => 'US',
  'b_tel' => '715-651-0839',
) 
11:37:06 array (
  'siteno' => '193736180',
  'version' => '',
  'orderid' => '245150129010',
  'order_time' => '20150129113706',
  'lang' => 'en',
  'currency' => 'USD',
  'vat' => '4.00',
  'discount' => '0.00',
  'shippingfee' => '25.00',
  'productname[0]' => '
 :',
  'productno[0]' => NULL,
  'price[0]' => '0.00',
  'qty[0]' => 1,
  'checkcode' => '0c90f4e1c8e5ea418941ca7cade1b61e',
  'backurl' => 'http://www.outlet-jersey.com/index.php?main_page=checkout_process',
  'notifyreurl' => 'http://www.outlet-jersey.com/mallpay_check.php',
  's_firstname' => 'kylie',
  's_lastname' => 'tremmel',
  's_address' => '3000 royal hills Dr Se apt 2 h ',
  's_city' => 'Renton',
  's_state' => 'WA',
  's_postcode' => '98058',
  's_country' => 'US',
  'email' => 'kylietremmel@hotmail.com',
  's_tel' => '206_370 1271',
  'b_firstname' => 'kylie',
  'b_lastname' => 'tremmel',
  'b_address' => '3000 royal hills Dr Se apt 2 h ',
  'b_city' => 'Renton',
  'b_state' => 'WA',
  'b_postcode' => '98058',
  'b_country' => 'US',
  'b_tel' => '206_370 1271',
) 
11:40:48 array (
  'siteno' => '193736180',
  'version' => '',
  'orderid' => '245150129011',
  'order_time' => '20150129114048',
  'lang' => 'en',
  'currency' => 'USD',
  'vat' => '4.00',
  'discount' => '0.00',
  'shippingfee' => '25.00',
  'productname[0]' => '
 :',
  'productno[0]' => NULL,
  'price[0]' => '0.00',
  'qty[0]' => 1,
  'checkcode' => '38b70b5743d5ad0093cb1b967c3d1a19',
  'backurl' => 'http://www.outlet-jersey.com/index.php?main_page=checkout_process',
  'notifyreurl' => 'http://www.outlet-jersey.com/mallpay_check.php',
  's_firstname' => 'kylie',
  's_lastname' => 'tremmel',
  's_address' => '3000 royal hills Dr Se apt 2 h ',
  's_city' => 'Renton',
  's_state' => 'WA',
  's_postcode' => '98058',
  's_country' => 'US',
  'email' => 'kylietremmel@hotmail.com',
  's_tel' => '206_370 1271',
  'b_firstname' => 'kylie',
  'b_lastname' => 'tremmel',
  'b_address' => '3000 royal hills Dr Se apt 2 h ',
  'b_city' => 'Renton',
  'b_state' => 'WA',
  'b_postcode' => '98058',
  'b_country' => 'US',
  'b_tel' => '206_370 1271',
) 
12:05:52 array (
  'siteno' => '193736180',
  'version' => '',
  'orderid' => '245150129013',
  'order_time' => '20150129120552',
  'lang' => 'en',
  'currency' => 'USD',
  'vat' => '4.00',
  'discount' => '0.00',
  'shippingfee' => '25.00',
  'productname[0]' => 'NEW nfl jerseys seattle seahawks #3 wilson blue-green(Elite split)
 Size:56/3XL',
  'productno[0]' => 'NFL28228',
  'price[0]' => '22.50',
  'qty[0]' => 1,
  'checkcode' => '473b08aea73b86edac975629b09c7268',
  'backurl' => 'http://www.outlet-jersey.com/index.php?main_page=checkout_process',
  'notifyreurl' => 'http://www.outlet-jersey.com/mallpay_check.php',
  's_firstname' => 'kylie',
  's_lastname' => 'tremmel',
  's_address' => '3000 royal hills Dr Se apt 2 h ',
  's_city' => 'Renton',
  's_state' => 'WA',
  's_postcode' => '98058',
  's_country' => 'US',
  'email' => 'kylietremmel@hotmail.com',
  's_tel' => '206_370 1271',
  'b_firstname' => 'kylie',
  'b_lastname' => 'tremmel',
  'b_address' => '3000 royal hills Dr Se apt 2 h ',
  'b_city' => 'Renton',
  'b_state' => 'WA',
  'b_postcode' => '98058',
  'b_country' => 'US',
  'b_tel' => '206_370 1271',
) 
12:15:20 array (
  'siteno' => '193736180',
  'version' => '',
  'orderid' => '245150129015',
  'order_time' => '20150129121520',
  'lang' => 'en',
  'currency' => 'USD',
  'vat' => '8.00',
  'discount' => '0.00',
  'shippingfee' => '20.00',
  'productname[0]' => 'Penguins #71 Evgeni Malkin Men\'s Stitched Black CCM Throwback Stitched NHL Jersey
 Size:50 (L)',
  'productno[0]' => 'JE1730978',
  'price[0]' => '36.85',
  'qty[0]' => 1,
  'productname[1]' => 'Nike Steelers #83 Heath Miller Yellow/Black Alternate 80TH Throwback Men\'s Stitched NFL Elite Jersey
 Size:48/XL',
  'productno[1]' => 'NFL27300',
  'price[1]' => '22.50',
  'qty[1]' => 1,
  'checkcode' => 'dd0b721439017ea3d99b2871829dfb71',
  'backurl' => 'http://www.outlet-jersey.com/index.php?main_page=checkout_process',
  'notifyreurl' => 'http://www.outlet-jersey.com/mallpay_check.php',
  's_firstname' => 'Jesse',
  's_lastname' => 'Myers',
  's_address' => '312 Church Street ',
  's_city' => 'Pittsburgh',
  's_state' => 'PA',
  's_postcode' => '15215',
  's_country' => 'US',
  'email' => 'chris03my@aol.com',
  's_tel' => '4125836331',
  'b_firstname' => 'Jesse',
  'b_lastname' => 'Myers',
  'b_address' => '312 Church Street ',
  'b_city' => 'Pittsburgh',
  'b_state' => 'PA',
  'b_postcode' => '15215',
  'b_country' => 'US',
  'b_tel' => '4125836331',
) 
18:08:24 array (
  'siteno' => '193736180',
  'version' => '',
  'orderid' => '245150129022',
  'order_time' => '20150129180824',
  'lang' => 'en',
  'currency' => 'USD',
  'vat' => '8.00',
  'discount' => '0.00',
  'shippingfee' => '20.00',
  'productname[0]' => 'Seattle Seahawks #3 Russell Wilson Nike Silver Grey
 Size:L',
  'productno[0]' => 'NFL28504',
  'price[0]' => '22.50',
  'qty[0]' => 1,
  'productname[1]' => 'Women NEW NFL Seattle Seahawks 12 Fan Green Jerseys
 Size:S',
  'productno[1]' => 'WOMEN4250',
  'price[1]' => '21.00',
  'qty[1]' => 1,
  'checkcode' => '27f7b3322ef51667a3d9af4829ccbf12',
  'backurl' => 'http://www.outlet-jersey.com/index.php?main_page=checkout_process',
  'notifyreurl' => 'http://www.outlet-jersey.com/mallpay_check.php',
  's_firstname' => 'Jose',
  's_lastname' => 'Melendez',
  's_address' => '4248 A St SE Trlr 649 ',
  's_city' => 'Auburn',
  's_state' => 'WA',
  's_postcode' => '98002',
  's_country' => 'US',
  'email' => 'jmelendez1@comcast.net',
  's_tel' => '2535619142',
  'b_firstname' => 'Jose',
  'b_lastname' => 'Melendez',
  'b_address' => '4248 A St SE Trlr 649 ',
  'b_city' => 'Auburn',
  'b_state' => 'WA',
  'b_postcode' => '98002',
  'b_country' => 'US',
  'b_tel' => '2535619142',
) 
20:00:59 array (
  'siteno' => '193736180',
  'version' => '',
  'orderid' => '245150129023',
  'order_time' => '20150129200059',
  'lang' => 'en',
  'currency' => 'USD',
  'vat' => '16.00',
  'discount' => '0.00',
  'shippingfee' => '20.00',
  'productname[0]' => '2015 NFL Seattle Seahawks Knit Hats 15',
  'productno[0]' => 'HAT13240',
  'price[0]' => '9.90',
  'qty[0]' => 4,
  'checkcode' => 'f7b5a13d6faf3c8f64c375bdc4fbb7d3',
  'backurl' => 'http://www.outlet-jersey.com/index.php?main_page=checkout_process',
  'notifyreurl' => 'http://www.outlet-jersey.com/mallpay_check.php',
  's_firstname' => 'Phoebe',
  's_lastname' => 'Gray',
  's_address' => 'PO Box 554 ',
  's_city' => 'Metlakatla',
  's_state' => 'AK',
  's_postcode' => '99926-0554',
  's_country' => 'US',
  'email' => 'phoebeag.99@gmail.com',
  's_tel' => '9076170695',
  'b_firstname' => 'Phoebe',
  'b_lastname' => 'Gray',
  'b_address' => 'PO Box 554 ',
  'b_city' => 'Metlakatla',
  'b_state' => 'AK',
  'b_postcode' => '99926-0554',
  'b_country' => 'US',
  'b_tel' => '9076170695',
) 
