02:02:50 array (
  'siteno' => '193736180',
  'version' => '',
  'orderid' => '245150322012',
  'order_time' => '20150322020250',
  'lang' => 'en',
  'currency' => 'USD',
  'vat' => '4.00',
  'discount' => '0.00',
  'shippingfee' => '25.00',
  'productname[0]' => 'NHL Jersey Chicago Blackhawks 19 Toews green  Men Stitched Charcoal Cross Check Fashion Jersey
 Size:M(48)',
  'productno[0]' => 'NHL2015019523',
  'price[0]' => '36.70',
  'qty[0]' => 1,
  'checkcode' => '867503e6b802d2ee04893f611282390d',
  'backurl' => 'http://www.outlet-jersey.com/index.php?main_page=checkout_process',
  'notifyreurl' => 'http://www.outlet-jersey.com/mallpay_check.php',
  's_firstname' => 'Asheley',
  's_lastname' => 'Dunphy',
  's_address' => '724 W. 3rd st. Apt. D ',
  's_city' => 'Dixon',
  's_state' => 'IL',
  's_postcode' => '61021',
  's_country' => 'US',
  'email' => 'dunphy_asheley10@hotmail.com',
  's_tel' => '8159943353',
  'b_firstname' => 'Asheley',
  'b_lastname' => 'Dunphy',
  'b_address' => '724 W. 3rd st. Apt. D ',
  'b_city' => 'Dixon',
  'b_state' => 'IL',
  'b_postcode' => '61021',
  'b_country' => 'US',
  'b_tel' => '8159943353',
) 
02:28:32 array (
  'siteno' => '193736180',
  'version' => '',
  'orderid' => '245150322016',
  'order_time' => '20150322022832',
  'lang' => 'en',
  'currency' => 'USD',
  'vat' => '4.00',
  'discount' => '0.00',
  'shippingfee' => '25.00',
  'productname[0]' => 'Anaheim Ducks #8 Teemu Selanne Black Third Stitched NHL Jersey
 Size:L(50)',
  'productno[0]' => 'NHL10885',
  'price[0]' => '33.00',
  'qty[0]' => 1,
  'checkcode' => '16a904b961e9b3311a2471dc25aaf87a',
  'backurl' => 'http://www.outlet-jersey.com/index.php?main_page=checkout_process',
  'notifyreurl' => 'http://www.outlet-jersey.com/mallpay_check.php',
  's_firstname' => 'Kyler',
  's_lastname' => 'Griffith',
  's_address' => '10215 N 6890 W ',
  's_city' => 'Highland',
  's_state' => 'UT',
  's_postcode' => '84003',
  's_country' => 'US',
  'email' => 'k.j.griffith4@gmail.com',
  's_tel' => '8018895932',
  'b_firstname' => 'Kyler',
  'b_lastname' => 'Griffith',
  'b_address' => '10215 N 6890 W ',
  'b_city' => 'Highland',
  'b_state' => 'UT',
  'b_postcode' => '84003',
  'b_country' => 'US',
  'b_tel' => '8018895932',
) 
02:36:28 array (
  'siteno' => '193736180',
  'version' => '',
  'orderid' => '245150322017',
  'order_time' => '20150322023628',
  'lang' => 'en',
  'currency' => 'USD',
  'vat' => '8.00',
  'discount' => '0.00',
  'shippingfee' => '20.00',
  'productname[0]' => 'Red Wings #13 Pavel Datsyuk Black Ice Stitched NHL Jersey
 Size:XXL(54)',
  'productno[0]' => 'NHL11801',
  'price[0]' => '33.00',
  'qty[0]' => 1,
  'productname[1]' => 'Red Wings #9 Gordie Howe Red 2014 Winter Classic Stitched NHL Jersey
 Size:M(48)',
  'productno[1]' => 'NHL11847',
  'price[1]' => '33.00',
  'qty[1]' => 1,
  'checkcode' => '438bb16bb61ae81bb3cbcf2516e1507f',
  'backurl' => 'http://www.outlet-jersey.com/index.php?main_page=checkout_process',
  'notifyreurl' => 'http://www.outlet-jersey.com/mallpay_check.php',
  's_firstname' => 'Marcia',
  's_lastname' => 'Julson',
  's_address' => '2017 3rd St. NW ',
  's_city' => 'Minot',
  's_state' => 'ND',
  's_postcode' => '58703',
  's_country' => 'US',
  'email' => 'mjulson73@hotmail.com',
  's_tel' => '(701)838-1548',
  'b_firstname' => 'Marcia',
  'b_lastname' => 'Julson',
  'b_address' => '2017 3rd St. NW ',
  'b_city' => 'Minot',
  'b_state' => 'ND',
  'b_postcode' => '58703',
  'b_country' => 'US',
  'b_tel' => '(701)838-1548',
) 
02:58:59 array (
  'siteno' => '193736180',
  'version' => '',
  'orderid' => '245150322019',
  'order_time' => '20150322025859',
  'lang' => 'en',
  'currency' => 'USD',
  'vat' => '4.00',
  'discount' => '0.00',
  'shippingfee' => '25.00',
  'productname[0]' => 'Anaheim Ducks #8 Teemu Selanne Black Third Stitched NHL Jersey
 Size:L(50)',
  'productno[0]' => 'NHL10885',
  'price[0]' => '33.00',
  'qty[0]' => 1,
  'checkcode' => '07bb6dd155ca71300df47869b33f4666',
  'backurl' => 'http://www.outlet-jersey.com/index.php?main_page=checkout_process',
  'notifyreurl' => 'http://www.outlet-jersey.com/mallpay_check.php',
  's_firstname' => 'Kyler',
  's_lastname' => 'Griffith',
  's_address' => '10215 N 6890 W ',
  's_city' => 'Highland',
  's_state' => 'UT',
  's_postcode' => '84003',
  's_country' => 'US',
  'email' => 'k.j.griffith4@gmail.com',
  's_tel' => '8018895932',
  'b_firstname' => 'Kyler',
  'b_lastname' => 'Griffith',
  'b_address' => '10215 N 6890 W ',
  'b_city' => 'Highland',
  'b_state' => 'UT',
  'b_postcode' => '84003',
  'b_country' => 'US',
  'b_tel' => '8018895932',
) 
03:09:01 array (
  'siteno' => '193736180',
  'version' => '',
  'orderid' => '245150322021',
  'order_time' => '20150322030901',
  'lang' => 'en',
  'currency' => 'USD',
  'vat' => '12.00',
  'discount' => '0.00',
  'shippingfee' => '20.00',
  'productname[0]' => 'NHL Jersey Boston Bruins Yello Black 37  Men Stitched with Purple Num Stitched NHL Jersey
 Size:XXXL(56)',
  'productno[0]' => 'NHL2015019458',
  'price[0]' => '36.70',
  'qty[0]' => 1,
  'productname[1]' => 'NHL Jersey Boston Bruins Yello Black 19  Men Stitched 2015 Winter Classic Stitched NHL Jersey
 Size:XXL(54)',
  'productno[1]' => 'NHL2015019456',
  'price[1]' => '36.95',
  'qty[1]' => 1,
  'productname[2]' => 'Boston Bruins #33 Zdeno Chara Stitched Black NHL Jersey
 Size:XXL(54)',
  'productno[2]' => 'NHL10909',
  'price[2]' => '33.00',
  'qty[2]' => 1,
  'checkcode' => '6c40b51b0242b132ff3fceee828ad1ab',
  'backurl' => 'http://www.outlet-jersey.com/index.php?main_page=checkout_process',
  'notifyreurl' => 'http://www.outlet-jersey.com/mallpay_check.php',
  's_firstname' => 'Angela',
  's_lastname' => 'Vaillancourt',
  's_address' => '45 Primrose Drive ',
  's_city' => 'Laconia',
  's_state' => 'NH',
  's_postcode' => '03246',
  's_country' => 'US',
  'email' => 'capricorn1_3_75@yahoo.com',
  's_tel' => '603-527-8647',
  'b_firstname' => 'Angela',
  'b_lastname' => 'Vaillancourt',
  'b_address' => '82 Summer Street #1 ',
  'b_city' => 'Laconia',
  'b_state' => 'NH',
  'b_postcode' => '03246',
  'b_country' => 'US',
  'b_tel' => '603-527-8647',
) 
03:13:46 array (
  'siteno' => '193736180',
  'version' => '',
  'orderid' => '245150322023',
  'order_time' => '20150322031346',
  'lang' => 'en',
  'currency' => 'USD',
  'vat' => '8.00',
  'discount' => '0.00',
  'shippingfee' => '20.00',
  'productname[0]' => 'Anaheim Ducks #8 Teemu Selanne Black Third Stitched NHL Jersey
 Size:L(50)',
  'productno[0]' => 'NHL10885',
  'price[0]' => '33.00',
  'qty[0]' => 1,
  'productname[1]' => 'Angels of Anaheim #27 Mike Trout Black Fashion Stitched Baseball Jersey
 Size:Large/50',
  'productno[1]' => 'MLB11424',
  'price[1]' => '18.50',
  'qty[1]' => 1,
  'checkcode' => 'a8e9591cd2ebdcc108ae528bbdabea5e',
  'backurl' => 'http://www.outlet-jersey.com/index.php?main_page=checkout_process',
  'notifyreurl' => 'http://www.outlet-jersey.com/mallpay_check.php',
  's_firstname' => 'Kyler',
  's_lastname' => 'Griffith',
  's_address' => '10215 N 6890 W ',
  's_city' => 'Highland',
  's_state' => 'UT',
  's_postcode' => '84003',
  's_country' => 'US',
  'email' => 'k.j.griffith4@gmail.com',
  's_tel' => '8018895932',
  'b_firstname' => 'Kyler',
  'b_lastname' => 'Griffith',
  'b_address' => '10215 N 6890 W ',
  'b_city' => 'Highland',
  'b_state' => 'UT',
  'b_postcode' => '84003',
  'b_country' => 'US',
  'b_tel' => '8018895932',
) 
04:04:47 array (
  'siteno' => '193736180',
  'version' => '',
  'orderid' => '245150322027',
  'order_time' => '20150322040447',
  'lang' => 'en',
  'currency' => 'USD',
  'vat' => '12.00',
  'discount' => '0.00',
  'shippingfee' => '20.00',
  'productname[0]' => 'NHL Jersey Chicago Blackhawks 023  Men Stitched 2015 Winter Classic Stitched NHL Jersey
 Size:XXL(54)',
  'productno[0]' => 'NHL2015019500',
  'price[0]' => '36.53',
  'qty[0]' => 1,
  'productname[1]' => 'NHL Jersey Chicago Blackhawks 19 Toews black winter classic  Men Stitched with Purple Num Stitched NHL Jersey
 Size:M(48)',
  'productno[1]' => 'NHL2015019522',
  'price[1]' => '36.55',
  'qty[1]' => 1,
  'productname[2]' => 'NHL Jersey Chicago Blackhawks 9 Hull white  Men Stitched 2015 Winter Classic Stitched NHL Jersey
 Size:XXL(54)',
  'productno[2]' => 'NHL2015019640',
  'price[2]' => '36.70',
  'qty[2]' => 1,
  'checkcode' => '12bada3f868beb9b15bf84b31b524d98',
  'backurl' => 'http://www.outlet-jersey.com/index.php?main_page=checkout_process',
  'notifyreurl' => 'http://www.outlet-jersey.com/mallpay_check.php',
  's_firstname' => 'Sondra',
  's_lastname' => 'Apgar',
  's_address' => '8321 Glen Canyon Dr ',
  's_city' => 'Round Rock',
  's_state' => 'TX',
  's_postcode' => '78681',
  's_country' => 'US',
  'email' => 'smapgar1217@icloud.com',
  's_tel' => '5123649233',
  'b_firstname' => 'Sondra',
  'b_lastname' => 'Apgar',
  'b_address' => '8321 Glen Canyon Dr ',
  'b_city' => 'Round Rock',
  'b_state' => 'TX',
  'b_postcode' => '78681',
  'b_country' => 'US',
  'b_tel' => '5123649233',
) 
06:35:10 array (
  'siteno' => '193736180',
  'version' => '',
  'orderid' => '245150322037',
  'order_time' => '20150322063510',
  'lang' => 'en',
  'currency' => 'USD',
  'vat' => '20.00',
  'discount' => '0.00',
  'shippingfee' => '15.00',
  'productname[0]' => 'San Jose Sharks #19 Joe Thornton Stitched Black NHL Jersey
 Size:XL(52)',
  'productno[0]' => 'NHL13133',
  'price[0]' => '33.00',
  'qty[0]' => 1,
  'productname[1]' => '2013 NEW Nike San Francisco 49ers 99 Smith Drift Fashion Red Elite Jerseys
 Size:48/XL',
  'productno[1]' => 'NFL27615',
  'price[1]' => '22.50',
  'qty[1]' => 1,
  'productname[2]' => 'Sacramento Kings #15 Demarcus cousins black Revolution 30 NBA Jerseys
 Size:XL(52)',
  'productno[2]' => 'NBA12567',
  'price[2]' => '19.50',
  'qty[2]' => 1,
  'productname[3]' => '2015 NFL Jersey Hats 56',
  'productno[3]' => 'HAT13339',
  'price[3]' => '9.90',
  'qty[3]' => 1,
  'productname[4]' => 'Knit Beanies MLB San Francisco Giants  Beanie Hap ',
  'productno[4]' => 'HAT13566',
  'price[4]' => '9.90',
  'qty[4]' => 1,
  'checkcode' => '12a4bc49de000769a286d923d0a904a9',
  'backurl' => 'http://www.outlet-jersey.com/index.php?main_page=checkout_process',
  'notifyreurl' => 'http://www.outlet-jersey.com/mallpay_check.php',
  's_firstname' => 'Ryan',
  's_lastname' => 'Martinez',
  's_address' => '1016 Adams lane ',
  's_city' => 'Winters',
  's_state' => 'CA',
  's_postcode' => '95694',
  's_country' => 'US',
  'email' => 'Djbadger8323@yahoo.com',
  's_tel' => '5307952364',
  'b_firstname' => 'Ryan',
  'b_lastname' => 'Martinez',
  'b_address' => '1016 Adams lane ',
  'b_city' => 'Winters',
  'b_state' => 'CA',
  'b_postcode' => '95694',
  'b_country' => 'US',
  'b_tel' => '5307952364',
) 
06:39:03 array (
  'siteno' => '193736180',
  'version' => '',
  'orderid' => '245150322038',
  'order_time' => '20150322063903',
  'lang' => 'en',
  'currency' => 'USD',
  'vat' => '20.00',
  'discount' => '0.00',
  'shippingfee' => '15.00',
  'productname[0]' => 'San Jose Sharks #19 Joe Thornton Stitched Black NHL Jersey
 Size:XL(52)',
  'productno[0]' => 'NHL13133',
  'price[0]' => '33.00',
  'qty[0]' => 1,
  'productname[1]' => '2013 NEW Nike San Francisco 49ers 99 Smith Drift Fashion Red Elite Jerseys
 Size:48/XL',
  'productno[1]' => 'NFL27615',
  'price[1]' => '22.50',
  'qty[1]' => 1,
  'productname[2]' => 'Sacramento Kings #15 Demarcus cousins black Revolution 30 NBA Jerseys
 Size:XL(52)',
  'productno[2]' => 'NBA12567',
  'price[2]' => '19.50',
  'qty[2]' => 1,
  'productname[3]' => '2015 NFL Jersey Hats 56',
  'productno[3]' => 'HAT13339',
  'price[3]' => '9.90',
  'qty[3]' => 1,
  'productname[4]' => 'Knit Beanies MLB San Francisco Giants  Beanie Hap ',
  'productno[4]' => 'HAT13566',
  'price[4]' => '9.90',
  'qty[4]' => 1,
  'checkcode' => '8970e23da4b2462a500af99ed4a7d713',
  'backurl' => 'http://www.outlet-jersey.com/index.php?main_page=checkout_process',
  'notifyreurl' => 'http://www.outlet-jersey.com/mallpay_check.php',
  's_firstname' => 'Ryan',
  's_lastname' => 'Martinez',
  's_address' => '1016 Adams lane ',
  's_city' => 'Winters',
  's_state' => 'CA',
  's_postcode' => '95694',
  's_country' => 'US',
  'email' => 'Djbadger8323@yahoo.com',
  's_tel' => '5307952364',
  'b_firstname' => 'Ryan',
  'b_lastname' => 'Martinez',
  'b_address' => '1016 Adams lane ',
  'b_city' => 'Winters',
  'b_state' => 'CA',
  'b_postcode' => '95694',
  'b_country' => 'US',
  'b_tel' => '5307952364',
) 
08:50:41 array (
  'siteno' => '193736180',
  'version' => '',
  'orderid' => '245150322052',
  'order_time' => '20150322085041',
  'lang' => 'en',
  'currency' => 'USD',
  'vat' => '8.00',
  'discount' => '0.00',
  'shippingfee' => '20.00',
  'productname[0]' => 'Lightning #91 Steven Stamkos Stitched Blue Third NHL Jersey
 Size:L(50)',
  'productno[0]' => 'NHL13236',
  'price[0]' => '33.00',
  'qty[0]' => 1,
  'productname[1]' => 'Bruins #40 Tuukka Rask Black Home Stitched NHL Jersey
 Size:L(50)',
  'productno[1]' => 'NHL10960',
  'price[1]' => '33.00',
  'qty[1]' => 1,
  'checkcode' => '7a37526ca6cae261ba8e8bdcc255805b',
  'backurl' => 'http://www.outlet-jersey.com/index.php?main_page=checkout_process',
  'notifyreurl' => 'http://www.outlet-jersey.com/mallpay_check.php',
  's_firstname' => 'Katherine',
  's_lastname' => 'Cronin',
  's_address' => '4302 Lenox Blvd ',
  's_city' => 'Venice',
  's_state' => 'FL',
  's_postcode' => '34293',
  's_country' => 'US',
  'email' => 'katherine.j.cronin@gmail.com',
  's_tel' => '9413232741',
  'b_firstname' => 'Katherine',
  'b_lastname' => 'Cronin',
  'b_address' => '4302 Lenox Blvd ',
  'b_city' => 'Venice',
  'b_state' => 'FL',
  'b_postcode' => '34293',
  'b_country' => 'US',
  'b_tel' => '9413232741',
) 
09:32:52 array (
  'siteno' => '193736180',
  'version' => '',
  'orderid' => '245150322058',
  'order_time' => '20150322093252',
  'lang' => 'en',
  'currency' => 'USD',
  'vat' => '4.00',
  'discount' => '0.00',
  'shippingfee' => '25.00',
  'productname[0]' => 'Flyers #17 Wayne Simmonds Orange Official 2012 Winter Classic Stitched NHL Jersey
 Size:L(50)',
  'productno[0]' => 'NHL12856',
  'price[0]' => '33.00',
  'qty[0]' => 1,
  'checkcode' => 'c4d651f4bc31a48c89dc2a9d89f0d048',
  'backurl' => 'http://www.outlet-jersey.com/index.php?main_page=checkout_process',
  'notifyreurl' => 'http://www.outlet-jersey.com/mallpay_check.php',
  's_firstname' => 'Brad',
  's_lastname' => 'Stephenson',
  's_address' => '502 Weat Wyomissing Blvd ',
  's_city' => 'west lawn',
  's_state' => 'PA',
  's_postcode' => '19609',
  's_country' => 'US',
  'email' => 'bradzhane@yahoo.com',
  's_tel' => '4849551414',
  'b_firstname' => 'Brad',
  'b_lastname' => 'Stephenson',
  'b_address' => '502 Weat Wyomissing Blvd ',
  'b_city' => 'west lawn',
  'b_state' => 'PA',
  'b_postcode' => '19609',
  'b_country' => 'US',
  'b_tel' => '4849551414',
) 
11:40:11 array (
  'siteno' => '193736180',
  'version' => '',
  'orderid' => '245150322064',
  'order_time' => '20150322114011',
  'lang' => 'en',
  'currency' => 'USD',
  'vat' => '8.00',
  'discount' => '0.00',
  'shippingfee' => '20.00',
  'productname[0]' => 'NHL Jersey Chicago Blackhawks 025  Men Stitched with Purple Num Stitched NHL Jersey
 Size:XL(52)',
  'productno[0]' => 'NHL2015019502',
  'price[0]' => '36.57',
  'qty[0]' => 1,
  'productname[1]' => 'NHL Jersey Chicago Blackhawks 88 Kane black  Men Stitched Charcoal Cross Check Fashion Jersey
 Size:XXL(54)',
  'productno[1]' => 'NHL2015019623',
  'price[1]' => '36.56',
  'qty[1]' => 1,
  'checkcode' => 'a29480a75ceb82ccefb44ad069af7c37',
  'backurl' => 'http://www.outlet-jersey.com/index.php?main_page=checkout_process',
  'notifyreurl' => 'http://www.outlet-jersey.com/mallpay_check.php',
  's_firstname' => 'Zachary',
  's_lastname' => 'Boehm',
  's_address' => '101 Tenderfoot ',
  's_city' => 'Kingsland',
  's_state' => 'TX',
  's_postcode' => '78639',
  's_country' => 'US',
  'email' => 'Victoria.sanders87@gmail.com',
  's_tel' => '3259561611',
  'b_firstname' => 'Victoria',
  'b_lastname' => 'Sanders',
  'b_address' => '101 Tenderfoot ',
  'b_city' => 'Kingsland',
  'b_state' => 'TX',
  'b_postcode' => '78639',
  'b_country' => 'US',
  'b_tel' => '3259561611',
) 
11:44:58 array (
  'siteno' => '193736180',
  'version' => '',
  'orderid' => '245150322066',
  'order_time' => '20150322114458',
  'lang' => 'en',
  'currency' => 'USD',
  'vat' => '4.00',
  'discount' => '0.00',
  'shippingfee' => '25.00',
  'productname[0]' => 'Boston Bruins #33 Zdeno Chara Stitched Black NHL Jersey
 Size:XL(52)',
  'productno[0]' => 'NHL10909',
  'price[0]' => '33.00',
  'qty[0]' => 1,
  'checkcode' => '9068a2cec39deafc5c49ec2433573532',
  'backurl' => 'http://www.outlet-jersey.com/index.php?main_page=checkout_process',
  'notifyreurl' => 'http://www.outlet-jersey.com/mallpay_check.php',
  's_firstname' => 'Grant',
  's_lastname' => 'Morgan',
  's_address' => '31 belmont ave (barn) ',
  's_city' => 'Quakertown',
  's_state' => 'PA',
  's_postcode' => '18951',
  's_country' => 'US',
  'email' => 'yuengwing@gmail.com',
  's_tel' => '2152621163',
  'b_firstname' => 'Grant',
  'b_lastname' => 'Morgan',
  'b_address' => '31 belmont ave (barn) ',
  'b_city' => 'Quakertown',
  'b_state' => 'PA',
  'b_postcode' => '18951',
  'b_country' => 'US',
  'b_tel' => '2152621163',
) 
11:46:59 array (
  'siteno' => '193736180',
  'version' => '',
  'orderid' => '245150322067',
  'order_time' => '20150322114659',
  'lang' => 'en',
  'currency' => 'USD',
  'vat' => '4.00',
  'discount' => '0.00',
  'shippingfee' => '25.00',
  'productname[0]' => 'Boston Bruins #33 Zdeno Chara Stitched Black NHL Jersey
 Size:XL(52)',
  'productno[0]' => 'NHL10909',
  'price[0]' => '33.00',
  'qty[0]' => 1,
  'checkcode' => '23d477c4aaf98f62a0a96225dab4d24f',
  'backurl' => 'http://www.outlet-jersey.com/index.php?main_page=checkout_process',
  'notifyreurl' => 'http://www.outlet-jersey.com/mallpay_check.php',
  's_firstname' => 'Grant',
  's_lastname' => 'Morgan',
  's_address' => '31 belmont ave (barn) ',
  's_city' => 'Quakertown',
  's_state' => 'PA',
  's_postcode' => '18951',
  's_country' => 'US',
  'email' => 'yuengwing@gmail.com',
  's_tel' => '2152621163',
  'b_firstname' => 'Grant',
  'b_lastname' => 'Morgan',
  'b_address' => '31 belmont ave (barn) ',
  'b_city' => 'Quakertown',
  'b_state' => 'PA',
  'b_postcode' => '18951',
  'b_country' => 'US',
  'b_tel' => '2152621163',
) 
11:56:30 array (
  'siteno' => '193736180',
  'version' => '',
  'orderid' => '245150322069',
  'order_time' => '20150322115630',
  'lang' => 'en',
  'currency' => 'USD',
  'vat' => '8.00',
  'discount' => '0.00',
  'shippingfee' => '20.00',
  'productname[0]' => 'Flyers #48 Danny Briere Stitched Black NHL Jersey
 Size:M(48)',
  'productno[0]' => 'NHL12921',
  'price[0]' => '33.00',
  'qty[0]' => 1,
  'productname[1]' => 'Flyers #27 Ron Hextall Orange CCM Throwback Stitched NHL Jersey
 Size:L(50)',
  'productno[1]' => 'NHL12889',
  'price[1]' => '33.00',
  'qty[1]' => 1,
  'checkcode' => '7b94a5688cf7ec3561908ca2d0cd54d6',
  'backurl' => 'http://www.outlet-jersey.com/index.php?main_page=checkout_process',
  'notifyreurl' => 'http://www.outlet-jersey.com/mallpay_check.php',
  's_firstname' => 'robert',
  's_lastname' => 'foster',
  's_address' => '68 s. bethlehem pike ',
  's_city' => 'ambler',
  's_state' => 'PA',
  's_postcode' => '19002',
  's_country' => 'US',
  'email' => 'skyysoblue@verizon.net',
  's_tel' => '610-716-5443',
  'b_firstname' => 'robert',
  'b_lastname' => 'foster',
  'b_address' => '68 s. bethlehem pike ',
  'b_city' => 'ambler',
  'b_state' => 'PA',
  'b_postcode' => '19002',
  'b_country' => 'US',
  'b_tel' => '610-716-5443',
) 
12:09:00 array (
  'siteno' => '193736180',
  'version' => '',
  'orderid' => '245150322071',
  'order_time' => '20150322120900',
  'lang' => 'en',
  'currency' => 'USD',
  'vat' => '8.00',
  'discount' => '0.00',
  'shippingfee' => '20.00',
  'productname[0]' => 'NHL Jersey Chicago Blackhawks 88 kane Black 2014  Men Stitched 2015 Winter Classic Stitched NHL Jersey
 Size:M(48)',
  'productno[0]' => 'NHL2015019624',
  'price[0]' => '36.52',
  'qty[0]' => 1,
  'productname[1]' => 'NHL Jersey Chicago Blackhawks 10 Sharp black 2014  Men Stitched with Purple Num Stitched NHL Jersey
 Size:M(48)',
  'productno[1]' => 'NHL2015019506',
  'price[1]' => '36.56',
  'qty[1]' => 1,
  'checkcode' => 'de245c04c70acce70c5df3e60ed6adae',
  'backurl' => 'http://www.outlet-jersey.com/index.php?main_page=checkout_process',
  'notifyreurl' => 'http://www.outlet-jersey.com/mallpay_check.php',
  's_firstname' => 'Jacob',
  's_lastname' => 'Zumdome',
  's_address' => '220 West Madison Street ',
  's_city' => 'Springfield',
  's_state' => 'MO',
  's_postcode' => '65806',
  's_country' => 'US',
  'email' => 'zumdome89@hotmail.com',
  's_tel' => '3193716484',
  'b_firstname' => 'Jacob',
  'b_lastname' => 'Zumdome',
  'b_address' => '220 West Madison Street ',
  'b_city' => 'Springfield',
  'b_state' => 'MO',
  'b_postcode' => '65806',
  'b_country' => 'US',
  'b_tel' => '3193716484',
) 
21:49:37 array (
  'siteno' => '193736180',
  'version' => '',
  'orderid' => '245150322085',
  'order_time' => '20150322214937',
  'lang' => 'en',
  'currency' => 'USD',
  'vat' => '40.00',
  'discount' => '0.00',
  'shippingfee' => '0.00',
  'productname[0]' => 'Men\'s john tavares authentic green jersey reebok 91 NHL new york islanders
 Size:56 (XXXL)',
  'productno[0]' => 'NHL13624',
  'price[0]' => '38.99',
  'qty[0]' => 1,
  'productname[1]' => 'New York Islanders #91 John Tavares Black Third NHL Jersey
 Size:XXXL(56)',
  'productno[1]' => 'NHL12395',
  'price[1]' => '34.00',
  'qty[1]' => 1,
  'productname[2]' => 'Kings #8 Drew Doughty Men\'s Stitched White/Grey 2015 Stadium Series Hockey Jersey
 Size:XXXL(56)',
  'productno[2]' => 'JE1731112',
  'price[2]' => '36.50',
  'qty[2]' => 1,
  'productname[3]' => 'Cardinals #4 Yadier Molina Cream Alternate Cool Base Stitched Baseball Jersey
 Size:Extra Large/52',
  'productno[3]' => 'MLB13494',
  'price[3]' => '18.50',
  'qty[3]' => 1,
  'productname[4]' => 'New York Yankees #2 Derek Jeter Red Navy American League 2014 All Star BP Stitched Baseball Jersey
 Size:M(48)',
  'productno[4]' => 'MLB12615',
  'price[4]' => '18.50',
  'qty[4]' => 1,
  'productname[5]' => 'NHL Hartford Whalers Hap ',
  'productno[5]' => 'HAT13933',
  'price[5]' => '9.90',
  'qty[5]' => 1,
  'productname[6]' => '2015 NFL Jersey Hat 70',
  'productno[6]' => 'HAT13430',
  'price[6]' => '9.90',
  'qty[6]' => 1,
  'productname[7]' => 'NFL 2NFLGreen Bay Packers Snapback Hap ',
  'productno[7]' => 'HAT13817',
  'price[7]' => '9.90',
  'qty[7]' => 1,
  'productname[8]' => 'NBA Washington Wizards  Hap ',
  'productno[8]' => 'HAT13815',
  'price[8]' => '9.90',
  'qty[8]' => 1,
  'productname[9]' => 'NFL Oakland Raiders Snapback23 Hap ',
  'productno[9]' => 'HAT13890',
  'price[9]' => '9.90',
  'qty[9]' => 1,
  'checkcode' => '7592ac25a7cecb02e42f54a56b8c2881',
  'backurl' => 'http://www.outlet-jersey.com/index.php?main_page=checkout_process',
  'notifyreurl' => 'http://www.outlet-jersey.com/mallpay_check.php',
  's_firstname' => 'john',
  's_lastname' => 'brady',
  's_address' => '102 boatside court ',
  's_city' => 'dardenne prarie',
  's_state' => 'MO',
  's_postcode' => '63368',
  's_country' => 'US',
  'email' => 'tystjude6499@aol.com',
  's_tel' => '6362945257',
  'b_firstname' => 'john',
  'b_lastname' => 'brady',
  'b_address' => '102 boatside court ',
  'b_city' => 'dardenne prarie',
  'b_state' => 'MO',
  'b_postcode' => '63368',
  'b_country' => 'US',
  'b_tel' => '6362945257',
) 
21:53:13 array (
  'siteno' => '193736180',
  'version' => '',
  'orderid' => '245150322086',
  'order_time' => '20150322215313',
  'lang' => 'en',
  'currency' => 'USD',
  'vat' => '40.00',
  'discount' => '0.00',
  'shippingfee' => '0.00',
  'productname[0]' => 'Men\'s john tavares authentic green jersey reebok 91 NHL new york islanders
 Size:56 (XXXL)',
  'productno[0]' => 'NHL13624',
  'price[0]' => '38.99',
  'qty[0]' => 1,
  'productname[1]' => 'New York Islanders #91 John Tavares Black Third NHL Jersey
 Size:XXXL(56)',
  'productno[1]' => 'NHL12395',
  'price[1]' => '34.00',
  'qty[1]' => 1,
  'productname[2]' => 'Kings #8 Drew Doughty Men\'s Stitched White/Grey 2015 Stadium Series Hockey Jersey
 Size:XXXL(56)',
  'productno[2]' => 'JE1731112',
  'price[2]' => '36.50',
  'qty[2]' => 1,
  'productname[3]' => 'Cardinals #4 Yadier Molina Cream Alternate Cool Base Stitched Baseball Jersey
 Size:Extra Large/52',
  'productno[3]' => 'MLB13494',
  'price[3]' => '18.50',
  'qty[3]' => 1,
  'productname[4]' => 'New York Yankees #2 Derek Jeter Red Navy American League 2014 All Star BP Stitched Baseball Jersey
 Size:M(48)',
  'productno[4]' => 'MLB12615',
  'price[4]' => '18.50',
  'qty[4]' => 1,
  'productname[5]' => 'NHL Hartford Whalers Hap ',
  'productno[5]' => 'HAT13933',
  'price[5]' => '9.90',
  'qty[5]' => 1,
  'productname[6]' => '2015 NFL Jersey Hat 70',
  'productno[6]' => 'HAT13430',
  'price[6]' => '9.90',
  'qty[6]' => 1,
  'productname[7]' => 'NFL 2NFLGreen Bay Packers Snapback Hap ',
  'productno[7]' => 'HAT13817',
  'price[7]' => '9.90',
  'qty[7]' => 1,
  'productname[8]' => 'NBA Washington Wizards  Hap ',
  'productno[8]' => 'HAT13815',
  'price[8]' => '9.90',
  'qty[8]' => 1,
  'productname[9]' => 'NFL Oakland Raiders Snapback23 Hap ',
  'productno[9]' => 'HAT13890',
  'price[9]' => '9.90',
  'qty[9]' => 1,
  'checkcode' => '6e7a987fcf98d7415ecfdfadad09c833',
  'backurl' => 'http://www.outlet-jersey.com/index.php?main_page=checkout_process',
  'notifyreurl' => 'http://www.outlet-jersey.com/mallpay_check.php',
  's_firstname' => 'john',
  's_lastname' => 'brady',
  's_address' => '102 boatside court ',
  's_city' => 'dardenne prarie',
  's_state' => 'MO',
  's_postcode' => '63368',
  's_country' => 'US',
  'email' => 'tystjude6499@aol.com',
  's_tel' => '6362945257',
  'b_firstname' => 'john',
  'b_lastname' => 'brady',
  'b_address' => '102 boatside court ',
  'b_city' => 'dardenne prarie',
  'b_state' => 'MO',
  'b_postcode' => '63368',
  'b_country' => 'US',
  'b_tel' => '6362945257',
) 
