20:28:48 array (
  'siteno' => '193736180',
  'version' => '',
  'orderid' => '245150118001',
  'order_time' => '20150118202848',
  'lang' => 'en',
  'currency' => 'USD',
  'vat' => '4.00',
  'discount' => '0.00',
  'shippingfee' => '25.00',
  'productname[0]' => 'Royal Blue Andrew Luck Women\'s Nike NFL Jersey: #12 Indianapolis Colts Breast Cancer Awareness',
  'productno[0]' => 'NFL20150214b',
  'price[0]' => '29.99',
  'qty[0]' => 1,
  'checkcode' => '06d540dc5b4f74c2550cbba62cbdbd2c',
  'backurl' => 'http://www.outlet-jersey.com/index.php?main_page=checkout_process',
  'notifyreurl' => 'http://www.outlet-jersey.com/mallpay_check.php',
  's_firstname' => 'Ruth',
  's_lastname' => 'Chance',
  's_address' => '2800 Vanderburg Street ',
  's_city' => 'Lake Station',
  's_state' => 'IN',
  's_postcode' => '46405',
  's_country' => 'US',
  'email' => 'chance2800@comcast.net',
  's_tel' => '219-508-1835',
  'b_firstname' => 'Ruth',
  'b_lastname' => 'Chance',
  'b_address' => '2800 Vanderburg Street ',
  'b_city' => 'Lake Station',
  'b_state' => 'IN',
  'b_postcode' => '46405',
  'b_country' => 'US',
  'b_tel' => '219-508-1835',
) 
20:33:44 array (
  'siteno' => '193736180',
  'version' => '',
  'orderid' => '245150118002',
  'order_time' => '20150118203344',
  'lang' => 'en',
  'currency' => 'USD',
  'vat' => '4.00',
  'discount' => '0.00',
  'shippingfee' => '25.00',
  'productname[0]' => 'Royal Blue Andrew Luck Women\'s Nike NFL Jersey: #12 Indianapolis Colts Breast Cancer Awareness',
  'productno[0]' => 'NFL20150214b',
  'price[0]' => '29.99',
  'qty[0]' => 1,
  'checkcode' => '115c868fe882b8c566470be4dcd11b97',
  'backurl' => 'http://www.outlet-jersey.com/index.php?main_page=checkout_process',
  'notifyreurl' => 'http://www.outlet-jersey.com/mallpay_check.php',
  's_firstname' => 'Ruth',
  's_lastname' => 'Chance',
  's_address' => '2800 Vanderburg Street ',
  's_city' => 'Lake Station',
  's_state' => 'IN',
  's_postcode' => '46405',
  's_country' => 'US',
  'email' => 'chance2800@comcast.net',
  's_tel' => '219-508-1835',
  'b_firstname' => 'Ruth',
  'b_lastname' => 'Chance',
  'b_address' => '2800 Vanderburg Street ',
  'b_city' => 'Lake Station',
  'b_state' => 'IN',
  'b_postcode' => '46405',
  'b_country' => 'US',
  'b_tel' => '219-508-1835',
) 
