01:54:05 array (
  'siteno' => '193736180',
  'version' => '',
  'orderid' => '245150316010',
  'order_time' => '20150316015405',
  'lang' => 'en',
  'currency' => 'USD',
  'vat' => '12.00',
  'discount' => '0.00',
  'shippingfee' => '20.00',
  'productname[0]' => 'Boston Bruins #37 Patrice Bergeron Camo Veterans Day Practice NHL Jersey
 Size:XL(52)',
  'productno[0]' => 'NHL10910',
  'price[0]' => '33.00',
  'qty[0]' => 1,
  'productname[1]' => 'Boston Bruins #37 Patrice Bergeron Camo Veterans Day Practice NHL Jersey
 Size:XXL(54)',
  'productno[1]' => 'NHL10910',
  'price[1]' => '33.00',
  'qty[1]' => 2,
  'checkcode' => '4df92ba1620643a6895fd8961dabfcd3',
  'backurl' => 'http://www.outlet-jersey.com/index.php?main_page=checkout_process',
  'notifyreurl' => 'http://www.outlet-jersey.com/mallpay_check.php',
  's_firstname' => 'Kenneth.',
  's_lastname' => 'Lessard',
  's_address' => '22 hunting lane ',
  's_city' => 'Agawam',
  's_state' => 'MA',
  's_postcode' => '01001',
  's_country' => 'US',
  'email' => 'Refsoxkl@gmail.com',
  's_tel' => '413 519 1167',
  'b_firstname' => 'Kenneth.',
  'b_lastname' => 'Lessard',
  'b_address' => '22 hunting lane ',
  'b_city' => 'Agawam',
  'b_state' => 'MA',
  'b_postcode' => '01001',
  'b_country' => 'US',
  'b_tel' => '413 519 1167',
) 
02:04:28 array (
  'siteno' => '193736180',
  'version' => '',
  'orderid' => '245150316011',
  'order_time' => '20150316020428',
  'lang' => 'en',
  'currency' => 'USD',
  'vat' => '12.00',
  'discount' => '0.00',
  'shippingfee' => '20.00',
  'productname[0]' => 'Boston Bruins #37 Patrice Bergeron Camo Veterans Day Practice NHL Jersey
 Size:XL(52)',
  'productno[0]' => 'NHL10910',
  'price[0]' => '33.00',
  'qty[0]' => 1,
  'productname[1]' => 'Boston Bruins #37 Patrice Bergeron Camo Veterans Day Practice NHL Jersey
 Size:XXL(54)',
  'productno[1]' => 'NHL10910',
  'price[1]' => '33.00',
  'qty[1]' => 2,
  'checkcode' => '42a66831563b2e3132aae44083eb16f7',
  'backurl' => 'http://www.outlet-jersey.com/index.php?main_page=checkout_process',
  'notifyreurl' => 'http://www.outlet-jersey.com/mallpay_check.php',
  's_firstname' => 'Kenneth.',
  's_lastname' => 'Lessard',
  's_address' => '22 hunting lane ',
  's_city' => 'Agawam',
  's_state' => 'MA',
  's_postcode' => '01001',
  's_country' => 'US',
  'email' => 'Refsoxkl@gmail.com',
  's_tel' => '413 519 1167',
  'b_firstname' => 'Kenneth.',
  'b_lastname' => 'Lessard',
  'b_address' => '22 hunting lane ',
  'b_city' => 'Agawam',
  'b_state' => 'MA',
  'b_postcode' => '01001',
  'b_country' => 'US',
  'b_tel' => '413 519 1167',
) 
04:14:12 array (
  'siteno' => '193736180',
  'version' => '',
  'orderid' => '245150316018',
  'order_time' => '20150316041412',
  'lang' => 'en',
  'currency' => 'USD',
  'vat' => '4.00',
  'discount' => '0.00',
  'shippingfee' => '25.00',
  'productname[0]' => 'Flyers Blank Stitched Black NHL Jersey
 Size:L(50)',
  'productno[0]' => 'NHL12940',
  'price[0]' => '33.00',
  'qty[0]' => 1,
  'checkcode' => '77cdc1b02055f9b4e0d011c742aa4cfe',
  'backurl' => 'http://www.outlet-jersey.com/index.php?main_page=checkout_process',
  'notifyreurl' => 'http://www.outlet-jersey.com/mallpay_check.php',
  's_firstname' => 'Brian',
  's_lastname' => 'Herb',
  's_address' => '3795 St. Rt. 61 ',
  's_city' => 'Sunbury',
  's_state' => 'PA',
  's_postcode' => '17801',
  's_country' => 'US',
  'email' => 'Herbie8814@Yahoo.com',
  's_tel' => '570-898-3791',
  'b_firstname' => 'Brian',
  'b_lastname' => 'Herb',
  'b_address' => '25 S.Gold st. ',
  'b_city' => 'Shamokin',
  'b_state' => 'PA',
  'b_postcode' => '17872',
  'b_country' => 'US',
  'b_tel' => '570-898-3791',
) 
04:21:22 array (
  'siteno' => '193736180',
  'version' => '',
  'orderid' => '245150316019',
  'order_time' => '20150316042122',
  'lang' => 'en',
  'currency' => 'USD',
  'vat' => '16.00',
  'discount' => '0.00',
  'shippingfee' => '20.00',
  'productname[0]' => 'Angels of Anaheim #27 Mike Trout Red Cool Base Stitched Baseball Jersey
 Size:Extra Large/52',
  'productno[0]' => 'MLB11428',
  'price[0]' => '18.50',
  'qty[0]' => 2,
  'productname[1]' => 'Angels of Anaheim #27 Mike Trout Red Cool Base Stitched Baseball Jersey
 Size:Medium/48',
  'productno[1]' => 'MLB11428',
  'price[1]' => '18.50',
  'qty[1]' => 1,
  'productname[2]' => 'Los Angeles Angels #36 Weaver Jered White Cool Base 2010 All Star Patch Stitched Baseball Jersey
 Size:XL(52)',
  'productno[2]' => 'MLB11479',
  'price[2]' => '18.50',
  'qty[2]' => 1,
  'checkcode' => '3bb665adcb21bb7d7ddfcb6874204c62',
  'backurl' => 'http://www.outlet-jersey.com/index.php?main_page=checkout_process',
  'notifyreurl' => 'http://www.outlet-jersey.com/mallpay_check.php',
  's_firstname' => 'Derek',
  's_lastname' => 'Heisey',
  's_address' => '698 Sycamore Ave. ',
  's_city' => 'Claremont',
  's_state' => 'CA',
  's_postcode' => '91711',
  's_country' => 'US',
  'email' => 'dheisey@live.com',
  's_tel' => '6268243041',
  'b_firstname' => 'Derek',
  'b_lastname' => 'Heisey',
  'b_address' => '698 Sycamore Ave. ',
  'b_city' => 'Claremont',
  'b_state' => 'CA',
  'b_postcode' => '91711',
  'b_country' => 'US',
  'b_tel' => '6268243041',
) 
06:19:10 array (
  'siteno' => '193736180',
  'version' => '',
  'orderid' => '245150316032',
  'order_time' => '20150316061910',
  'lang' => 'en',
  'currency' => 'USD',
  'vat' => '8.00',
  'discount' => '0.00',
  'shippingfee' => '20.00',
  'productname[0]' => 'Rangers #30 Henrik Lundqvist Stitched Dark Blue 85TH  Third NHL Jersey
 Size:M(48)',
  'productno[0]' => 'NHL12485',
  'price[0]' => '33.00',
  'qty[0]' => 1,
  'productname[1]' => 'Rangers #30 Henrik Lundqvist Stitched Dark Blue 85TH  Third NHL Jersey
 Size:L(50)',
  'productno[1]' => 'NHL12485',
  'price[1]' => '33.00',
  'qty[1]' => 1,
  'checkcode' => '2654dfbde06db0ebb656564022455135',
  'backurl' => 'http://www.outlet-jersey.com/index.php?main_page=checkout_process',
  'notifyreurl' => 'http://www.outlet-jersey.com/mallpay_check.php',
  's_firstname' => 'Barbara',
  's_lastname' => 'mcpherson',
  's_address' => '9438 NE Coral Ct ',
  's_city' => 'bainbridge Island',
  's_state' => 'WA',
  's_postcode' => '98110',
  's_country' => 'US',
  'email' => 'Barbara.m.mcpherson@gmail.com',
  's_tel' => '7039093841',
  'b_firstname' => 'Barbara',
  'b_lastname' => 'mcpherson',
  'b_address' => '9438 NE Coral Ct ',
  'b_city' => 'bainbridge Island',
  'b_state' => 'WA',
  'b_postcode' => '98110',
  'b_country' => 'US',
  'b_tel' => '7039093841',
) 
06:29:50 array (
  'siteno' => '193736180',
  'version' => '',
  'orderid' => '245150316034',
  'order_time' => '20150316062950',
  'lang' => 'en',
  'currency' => 'USD',
  'vat' => '12.00',
  'discount' => '0.00',
  'shippingfee' => '20.00',
  'productname[0]' => 'Mitchell & Ness 1995 Cowboys #21 Deion Sanders White Stitched Throwback NFL Jersey
 Size:XX Large/54',
  'productno[0]' => 'NFL19472',
  'price[0]' => '19.00',
  'qty[0]' => 1,
  'productname[1]' => 'NEW Dallas Cowboys #88 Michael Irvin White NFL Elite Jersey
 Size:52',
  'productno[1]' => 'NFL19504',
  'price[1]' => '22.50',
  'qty[1]' => 1,
  'productname[2]' => 'Mitchell and Ness Giants #56 Lawrence Taylor Blue Stitched NFL Jersey
 Size:Large/50',
  'productno[2]' => 'NFL22888',
  'price[2]' => '19.00',
  'qty[2]' => 1,
  'checkcode' => 'ee61527471d968b982c2a61a0f460b8c',
  'backurl' => 'http://www.outlet-jersey.com/index.php?main_page=checkout_process',
  'notifyreurl' => 'http://www.outlet-jersey.com/mallpay_check.php',
  's_firstname' => 'Jose',
  's_lastname' => 'Sosa - Perez',
  's_address' => '45 Rowley Street ',
  's_city' => 'Rochester',
  's_state' => 'NY',
  's_postcode' => '14607',
  's_country' => 'US',
  'email' => 'jsosaperez@gmail.com',
  's_tel' => '(585)301-3172',
  'b_firstname' => 'Jose',
  'b_lastname' => 'Sosa - Perez',
  'b_address' => '45 Rowley Street ',
  'b_city' => 'Rochester',
  'b_state' => 'NY',
  'b_postcode' => '14607',
  'b_country' => 'US',
  'b_tel' => '(585)301-3172',
) 
07:16:37 array (
  'siteno' => '193736180',
  'version' => '',
  'orderid' => '245150316037',
  'order_time' => '20150316071637',
  'lang' => 'en',
  'currency' => 'USD',
  'vat' => '4.00',
  'discount' => '0.00',
  'shippingfee' => '25.00',
  'productname[0]' => 'Nike Raiders #34 Bo Jackson Black Team Color Men\'s Stitched NFL Elite Jersey
 Size:40/M',
  'productno[0]' => 'NFL26655',
  'price[0]' => '22.50',
  'qty[0]' => 1,
  'checkcode' => 'eb823bc5032cccc641acebb2a65094da',
  'backurl' => 'http://www.outlet-jersey.com/index.php?main_page=checkout_process',
  'notifyreurl' => 'http://www.outlet-jersey.com/mallpay_check.php',
  's_firstname' => 'John',
  's_lastname' => 'La Rocca',
  's_address' => '247 owl hollow rd. ',
  's_city' => 'Tannersville',
  's_state' => 'PA',
  's_postcode' => '18372',
  's_country' => 'US',
  'email' => 'lillarocca9@aol.com',
  's_tel' => '5706209233',
  'b_firstname' => 'John',
  'b_lastname' => 'La Rocca',
  'b_address' => '247 owl hollow rd. ',
  'b_city' => 'Tannersville',
  'b_state' => 'PA',
  'b_postcode' => '18372',
  'b_country' => 'US',
  'b_tel' => '5706209233',
) 
08:00:46 array (
  'siteno' => '193736180',
  'version' => '',
  'orderid' => '245150316040',
  'order_time' => '20150316080046',
  'lang' => 'en',
  'currency' => 'USD',
  'vat' => '8.00',
  'discount' => '0.00',
  'shippingfee' => '20.00',
  'productname[0]' => 'nhl jerseys chicago blackhawks #65 shaw green
 Size:XXL(54)',
  'productno[0]' => 'NHL11673',
  'price[0]' => '33.00',
  'qty[0]' => 1,
  'productname[1]' => 'Arizona State Sun Devis (ASU) 42 Pat Tillman Black NCAA Jerseys
 Size:52(XL)',
  'productno[1]' => 'NCAA10175',
  'price[1]' => '19.00',
  'qty[1]' => 1,
  'checkcode' => 'a9b2ec9ed6434881b7f18e5a1e1bcd06',
  'backurl' => 'http://www.outlet-jersey.com/index.php?main_page=checkout_process',
  'notifyreurl' => 'http://www.outlet-jersey.com/mallpay_check.php',
  's_firstname' => 'john',
  's_lastname' => 'melody',
  's_address' => '4060 Pennsbury court ',
  's_city' => 'Hanover park',
  's_state' => 'IL',
  's_postcode' => '60133',
  's_country' => 'US',
  'email' => 'melody0724@att.net',
  's_tel' => '6304563619',
  'b_firstname' => 'john',
  'b_lastname' => 'melody',
  'b_address' => '4060 Pennsbury court ',
  'b_city' => 'Hanover park',
  'b_state' => 'IL',
  'b_postcode' => '60133',
  'b_country' => 'US',
  'b_tel' => '6304563619',
) 
09:35:47 array (
  'siteno' => '193736180',
  'version' => '',
  'orderid' => '245150316053',
  'order_time' => '20150316093547',
  'lang' => 'en',
  'currency' => 'USD',
  'vat' => '4.00',
  'discount' => '0.00',
  'shippingfee' => '25.00',
  'productname[0]' => 'NHL Jersey NHL Jersey New York Rangers  30 Lundovist red Pullover Hoodie  Men Stitched with Purple Num Stitched NHL Jersey
 Size:M(48)',
  'productno[0]' => 'NHL2015019774',
  'price[0]' => '36.80',
  'qty[0]' => 1,
  'checkcode' => '6bbf04a79249243546396bcb595dc81f',
  'backurl' => 'http://www.outlet-jersey.com/index.php?main_page=checkout_process',
  'notifyreurl' => 'http://www.outlet-jersey.com/mallpay_check.php',
  's_firstname' => 'Andrew',
  's_lastname' => 'Neville',
  's_address' => '632 Mayrum Street ',
  's_city' => 'Santa Barbara',
  's_state' => 'CA',
  's_postcode' => '93111',
  's_country' => 'US',
  'email' => 'drewneville1212@gmail.com',
  's_tel' => '6035022634',
  'b_firstname' => 'Andrew',
  'b_lastname' => 'Neville',
  'b_address' => '632 Mayrum Street ',
  'b_city' => 'Santa Barbara',
  'b_state' => 'CA',
  'b_postcode' => '93111',
  'b_country' => 'US',
  'b_tel' => '6035022634',
) 
09:38:59 array (
  'siteno' => '193736180',
  'version' => '',
  'orderid' => '245150316054',
  'order_time' => '20150316093859',
  'lang' => 'en',
  'currency' => 'USD',
  'vat' => '4.00',
  'discount' => '0.00',
  'shippingfee' => '25.00',
  'productname[0]' => 'NHL Jersey NHL Jersey New York Rangers  30 Lundovist red Pullover Hoodie  Men Stitched with Purple Num Stitched NHL Jersey
 Size:M(48)',
  'productno[0]' => 'NHL2015019774',
  'price[0]' => '36.80',
  'qty[0]' => 1,
  'checkcode' => '5ed766be7c3138737dc2ecce15e5c328',
  'backurl' => 'http://www.outlet-jersey.com/index.php?main_page=checkout_process',
  'notifyreurl' => 'http://www.outlet-jersey.com/mallpay_check.php',
  's_firstname' => 'Andrew',
  's_lastname' => 'Neville',
  's_address' => '632 Mayrum Street ',
  's_city' => 'Santa Barbara',
  's_state' => 'CA',
  's_postcode' => '93111',
  's_country' => 'US',
  'email' => 'drewneville1212@gmail.com',
  's_tel' => '6035022634',
  'b_firstname' => 'Andrew',
  'b_lastname' => 'Neville',
  'b_address' => '632 Mayrum Street ',
  'b_city' => 'Santa Barbara',
  'b_state' => 'CA',
  'b_postcode' => '93111',
  'b_country' => 'US',
  'b_tel' => '6035022634',
) 
09:40:53 array (
  'siteno' => '193736180',
  'version' => '',
  'orderid' => '245150316057',
  'order_time' => '20150316094053',
  'lang' => 'en',
  'currency' => 'USD',
  'vat' => '4.00',
  'discount' => '0.00',
  'shippingfee' => '25.00',
  'productname[0]' => 'NHL Jersey NHL Jersey New York Rangers  30 Lundovist red Pullover Hoodie  Men Stitched with Purple Num Stitched NHL Jersey
 Size:M(48)',
  'productno[0]' => 'NHL2015019774',
  'price[0]' => '36.80',
  'qty[0]' => 1,
  'checkcode' => '23e6f43548edd6f49c791053ace038b2',
  'backurl' => 'http://www.outlet-jersey.com/index.php?main_page=checkout_process',
  'notifyreurl' => 'http://www.outlet-jersey.com/mallpay_check.php',
  's_firstname' => 'Andrew',
  's_lastname' => 'Neville',
  's_address' => '632 Mayrum Street ',
  's_city' => 'Santa Barbara',
  's_state' => 'CA',
  's_postcode' => '93111',
  's_country' => 'US',
  'email' => 'drewneville1212@gmail.com',
  's_tel' => '6035022634',
  'b_firstname' => 'Andrew',
  'b_lastname' => 'Neville',
  'b_address' => '632 Mayrum Street ',
  'b_city' => 'Santa Barbara',
  'b_state' => 'CA',
  'b_postcode' => '93111',
  'b_country' => 'US',
  'b_tel' => '6035022634',
) 
22:33:28 array (
  'siteno' => '193736180',
  'version' => '',
  'orderid' => '245150316077',
  'order_time' => '20150316223328',
  'lang' => 'en',
  'currency' => 'USD',
  'vat' => '4.00',
  'discount' => '0.00',
  'shippingfee' => '25.00',
  'productname[0]' => 'New York Rangers #20 Chris Kreider White 2014 Stadium Series NHL Jersey
 Size:M(48)',
  'productno[0]' => 'NHL12398',
  'price[0]' => '33.00',
  'qty[0]' => 1,
  'checkcode' => '029c2acb4fe3d83b5ab930fbcc558445',
  'backurl' => 'http://www.outlet-jersey.com/index.php?main_page=checkout_process',
  'notifyreurl' => 'http://www.outlet-jersey.com/mallpay_check.php',
  's_firstname' => 'Susan',
  's_lastname' => 'martin',
  's_address' => '7 sachem court ',
  's_city' => 'farmingville',
  's_state' => 'NY',
  's_postcode' => '11738',
  's_country' => 'US',
  'email' => 'Puzie63@aol.com',
  's_tel' => '631-736-7596',
  'b_firstname' => 'Susan',
  'b_lastname' => 'martin',
  'b_address' => '7 sachem court ',
  'b_city' => 'farmingville',
  'b_state' => 'NY',
  'b_postcode' => '11738',
  'b_country' => 'US',
  'b_tel' => '631-736-7596',
) 
