00:33:03 array (
  'siteno' => '193736180',
  'version' => '',
  'orderid' => '245150405001',
  'order_time' => '20150405003303',
  'lang' => 'en',
  'currency' => 'USD',
  'vat' => '12.00',
  'discount' => '0.00',
  'shippingfee' => '61.00',
  'productname[0]' => 'Mets #21 Lucas Duda Black Cool Base Stitched Baseball Jersey
 Size:Large/50',
  'productno[0]' => 'MLB12424',
  'price[0]' => '18.50',
  'qty[0]' => 1,
  'productname[1]' => 'New York Rangers 35 Mike Richter dark blue 2015 Stitched NHL Jersey
 Size:50 (L)',
  'productno[1]' => 'NHL13729',
  'price[1]' => '38.99',
  'qty[1]' => 1,
  'productname[2]' => 'Rangers #30 Henrik Lundqvist Stitched Dark Blue 85TH  Third NHL Jersey
 Size:XXL(54)',
  'productno[2]' => 'NHL12485',
  'price[2]' => '33.00',
  'qty[2]' => 1,
  'checkcode' => 'b2d64f3c4aeec0b354a7be10b613f585',
  'backurl' => 'http://www.outlet-jersey.com/index.php?main_page=checkout_process',
  'notifyreurl' => 'http://www.outlet-jersey.com/mallpay_check.php',
  's_firstname' => 'Amanda',
  's_lastname' => 'Stever',
  's_address' => '118 Slayton Ave ',
  's_city' => 'Syracuse',
  's_state' => 'NY',
  's_postcode' => '13205',
  's_country' => 'US',
  'email' => 'fjd_14@hotmail.com',
  's_tel' => '3154863610',
  'b_firstname' => 'Amanda',
  'b_lastname' => 'Stever',
  'b_address' => '118 Slayton Ave ',
  'b_city' => 'Syracuse',
  'b_state' => 'NY',
  'b_postcode' => '13205',
  'b_country' => 'US',
  'b_tel' => '3154863610',
) 
00:37:48 array (
  'siteno' => '193736180',
  'version' => '',
  'orderid' => '245150405002',
  'order_time' => '20150405003748',
  'lang' => 'en',
  'currency' => 'USD',
  'vat' => '4.00',
  'discount' => '0.00',
  'shippingfee' => '28.00',
  'productname[0]' => 'Dallas Stars #14 Jamie Benn Green Home NHL Jersey
 Size:XL(52)',
  'productno[0]' => 'NHL11746',
  'price[0]' => '33.00',
  'qty[0]' => 1,
  'checkcode' => '0f511650ef8d001e76d1e666f23db615',
  'backurl' => 'http://www.outlet-jersey.com/index.php?main_page=checkout_process',
  'notifyreurl' => 'http://www.outlet-jersey.com/mallpay_check.php',
  's_firstname' => 'Erich',
  's_lastname' => 'Dalrymple',
  's_address' => '3612 Bedford Ave. ',
  's_city' => 'Midland',
  's_state' => 'TX',
  's_postcode' => '79703',
  's_country' => 'US',
  'email' => 'spastic_erich@yahoo.com',
  's_tel' => '214-632-2118',
  'b_firstname' => 'Erich',
  'b_lastname' => 'Dalrymple',
  'b_address' => '3612 Bedford Ave. ',
  'b_city' => 'Midland',
  'b_state' => 'TX',
  'b_postcode' => '79703',
  'b_country' => 'US',
  'b_tel' => '214-632-2118',
) 
02:19:10 array (
  'siteno' => '193736180',
  'version' => '',
  'orderid' => '245150405013',
  'order_time' => '20150405021910',
  'lang' => 'en',
  'currency' => 'USD',
  'vat' => '8.00',
  'discount' => '0.00',
  'shippingfee' => '36.00',
  'productname[0]' => 'Dallas Stars #14 Jamie Benn Green Home NHL Jersey
 Size:M(48)',
  'productno[0]' => 'NHL11746',
  'price[0]' => '33.00',
  'qty[0]' => 1,
  'productname[1]' => 'Dallas Stars #91 Tyler Seguin Green Home NHL Jersey
 Size:M(48)',
  'productno[1]' => 'NHL11759',
  'price[1]' => '33.00',
  'qty[1]' => 1,
  'checkcode' => 'b51c86b4d83a4968eb148e68ca87da33',
  'backurl' => 'http://www.outlet-jersey.com/index.php?main_page=checkout_process',
  'notifyreurl' => 'http://www.outlet-jersey.com/mallpay_check.php',
  's_firstname' => 'Chris',
  's_lastname' => 'Nguyen',
  's_address' => '10211 Shadow Way ',
  's_city' => 'Dallas',
  's_state' => 'TX',
  's_postcode' => '75243',
  's_country' => 'US',
  'email' => 'cqn82691@yahoo.com',
  's_tel' => '9729008725',
  'b_firstname' => 'Chris',
  'b_lastname' => 'Nguyen',
  'b_address' => '10211 Shadow Way ',
  'b_city' => 'Dallas',
  'b_state' => 'TX',
  'b_postcode' => '75243',
  'b_country' => 'US',
  'b_tel' => '9729008725',
) 
06:20:27 array (
  'siteno' => '193736180',
  'version' => '',
  'orderid' => '245150405020',
  'order_time' => '20150405062027',
  'lang' => 'en',
  'currency' => 'USD',
  'vat' => '8.00',
  'discount' => '0.00',
  'shippingfee' => '36.00',
  'productname[0]' => 'Ducks #8 Teemu Selanne Men\'s Stitched Black CCM Throwback Hockey Jersey
 Size:XXXL(56)',
  'productno[0]' => 'JE1731692',
  'price[0]' => '36.67',
  'qty[0]' => 1,
  'productname[1]' => 'NHL Jersey San Jose Shark 2  Men Stitched 2015 Winter Classic Stitched NHL Jersey
 Size:XXXL(56)',
  'productno[1]' => 'NHL2015019940',
  'price[1]' => '36.80',
  'qty[1]' => 1,
  'checkcode' => 'af6bf6f3f5e877c3cc857162fc2efa1e',
  'backurl' => 'http://www.outlet-jersey.com/index.php?main_page=checkout_process',
  'notifyreurl' => 'http://www.outlet-jersey.com/mallpay_check.php',
  's_firstname' => 'Damien',
  's_lastname' => 'Hepple',
  's_address' => '315 Frost Rd ',
  's_city' => 'Waterbury',
  's_state' => 'CT',
  's_postcode' => '06705',
  's_country' => 'US',
  'email' => 'dhepple1123@comcast.net',
  's_tel' => '860-406-0234',
  'b_firstname' => 'Damien',
  'b_lastname' => 'Hepple',
  'b_address' => '315 Frost Rd ',
  'b_city' => 'Waterbury',
  'b_state' => 'CT',
  'b_postcode' => '06705',
  'b_country' => 'US',
  'b_tel' => '860-406-0234',
) 
07:18:08 array (
  'siteno' => '193736180',
  'version' => '',
  'orderid' => '245150405022',
  'order_time' => '20150405071808',
  'lang' => 'en',
  'currency' => 'USD',
  'vat' => '12.00',
  'discount' => '0.00',
  'shippingfee' => '48.00',
  'productname[0]' => 'Nike Philadelphia Eagles #50 Kiko Alonso White Elite jerseys
 Size:56 (XXXL)',
  'productno[0]' => 'JE1732200',
  'price[0]' => '35.95',
  'qty[0]' => 1,
  'productname[1]' => 'OK5987-Q38 Straight Jacket Sunglass Grey Lens Black Frame',
  'productno[1]' => 'OK5987-Q38',
  'price[1]' => '19.93',
  'qty[1]' => 1,
  'productname[2]' => 'Flyers #17 Wayne Simmonds Orange Stitched NHL Jersey
 Size:L(50)',
  'productno[2]' => 'NHL12857',
  'price[2]' => '33.00',
  'qty[2]' => 1,
  'checkcode' => '53787d108c4a847cceeaf2e0335eaed7',
  'backurl' => 'http://www.outlet-jersey.com/index.php?main_page=checkout_process',
  'notifyreurl' => 'http://www.outlet-jersey.com/mallpay_check.php',
  's_firstname' => 'Jacob',
  's_lastname' => 'Shensky',
  's_address' => '50 Old York Road ',
  's_city' => 'Wellsville',
  's_state' => 'PA',
  's_postcode' => '17365',
  's_country' => 'US',
  'email' => 'jwshensky@gmail.com',
  's_tel' => '717-364-2281',
  'b_firstname' => 'Jacob',
  'b_lastname' => 'Shensky',
  'b_address' => '50 Old York Road ',
  'b_city' => 'Wellsville',
  'b_state' => 'PA',
  'b_postcode' => '17365',
  'b_country' => 'US',
  'b_tel' => '717-364-2281',
) 
09:18:38 array (
  'siteno' => '193736180',
  'version' => '',
  'orderid' => '245150405030',
  'order_time' => '20150405091838',
  'lang' => 'en',
  'currency' => 'USD',
  'vat' => '8.00',
  'discount' => '0.00',
  'shippingfee' => '36.00',
  'productname[0]' => 'Stars #7 Neal Broten Stitched Green CCM Throwback NHL Jersey
 Size:M(48)',
  'productno[0]' => 'NHL11777',
  'price[0]' => '33.00',
  'qty[0]' => 1,
  'productname[1]' => 'Dallas Stars Blank Green Home Stitched NHL Jersey
 Size:M(48)',
  'productno[1]' => 'NHL11763',
  'price[1]' => '34.00',
  'qty[1]' => 1,
  'checkcode' => '14862a9f43f82de80ddbfa189cf59d28',
  'backurl' => 'http://www.outlet-jersey.com/index.php?main_page=checkout_process',
  'notifyreurl' => 'http://www.outlet-jersey.com/mallpay_check.php',
  's_firstname' => 'linda',
  's_lastname' => 'Gum',
  's_address' => '8443 mission ridge dr ',
  's_city' => 'edmond',
  's_state' => 'OK',
  's_postcode' => '73025',
  's_country' => 'US',
  'email' => 'lindavgum@yahoo.com',
  's_tel' => '8176582738',
  'b_firstname' => 'linda',
  'b_lastname' => 'Gum',
  'b_address' => '8443 mission ridge dr ',
  'b_city' => 'edmond',
  'b_state' => 'OK',
  'b_postcode' => '73025',
  'b_country' => 'US',
  'b_tel' => '8176582738',
) 
09:25:26 array (
  'siteno' => '193736180',
  'version' => '',
  'orderid' => '245150405031',
  'order_time' => '20150405092526',
  'lang' => 'en',
  'currency' => 'USD',
  'vat' => '4.00',
  'discount' => '0.00',
  'shippingfee' => '28.00',
  'productname[0]' => 'Red Wings #40 Henrik Zetterberg Black Ice Stitched NHL Jersey
 Size:M(48)',
  'productno[0]' => 'NHL11827',
  'price[0]' => '33.00',
  'qty[0]' => 1,
  'checkcode' => 'f6c58ea3f635e1e239f66ec38f61237e',
  'backurl' => 'http://www.outlet-jersey.com/index.php?main_page=checkout_process',
  'notifyreurl' => 'http://www.outlet-jersey.com/mallpay_check.php',
  's_firstname' => 'Madeline',
  's_lastname' => 'Bickings',
  's_address' => '7227 Bolingbrook Drive ',
  's_city' => 'Portage',
  's_state' => 'MI',
  's_postcode' => '49024',
  's_country' => 'US',
  'email' => 'madeline.r.lawrence@gmail.com',
  's_tel' => '2692674592',
  'b_firstname' => 'Madeline',
  'b_lastname' => 'Bickings',
  'b_address' => '7227 Bolingbrook Drive ',
  'b_city' => 'Portage',
  'b_state' => 'MI',
  'b_postcode' => '49024',
  'b_country' => 'US',
  'b_tel' => '2692674592',
) 
10:51:18 array (
  'siteno' => '193736180',
  'version' => '',
  'orderid' => '245150405040',
  'order_time' => '20150405105118',
  'lang' => 'en',
  'currency' => 'USD',
  'vat' => '8.00',
  'discount' => '0.00',
  'shippingfee' => '20.00',
  'productname[0]' => 'NHL Jersey Minnesota Wild 3  Men Stitched Charcoal Cross Check Fashion Jersey
 Size:M(48)',
  'productno[0]' => 'NHL2015019683',
  'price[0]' => '36.80',
  'qty[0]' => 1,
  'productname[1]' => 'Minnesota Wild #26 Thomas Vanek Green Stitched NHL Jersey
 Size:XXL(54)',
  'productno[1]' => 'NHL12121',
  'price[1]' => '34.00',
  'qty[1]' => 1,
  'checkcode' => 'b7c0ad1ed777de7030e5b14bcb2b793b',
  'backurl' => 'http://www.outlet-jersey.com/index.php?main_page=checkout_process',
  'notifyreurl' => 'http://www.outlet-jersey.com/mallpay_check.php',
  's_firstname' => 'Anthony',
  's_lastname' => 'Lund',
  's_address' => '3500 ne 10th st ',
  's_city' => 'mineral wells',
  's_state' => 'TX',
  's_postcode' => '76067',
  's_country' => 'US',
  'email' => 'tonylund02@gmail.com',
  's_tel' => '940 745 5036',
  'b_firstname' => 'Anthony',
  'b_lastname' => 'lund',
  'b_address' => '3500 ne 10th st ',
  'b_city' => 'Mineral wells',
  'b_state' => 'TX',
  'b_postcode' => '76067',
  'b_country' => 'US',
  'b_tel' => '940 745 5036',
) 
11:36:27 array (
  'siteno' => '193736180',
  'version' => '',
  'orderid' => '245150405041',
  'order_time' => '20150405113627',
  'lang' => 'en',
  'currency' => 'USD',
  'vat' => '4.00',
  'discount' => '0.00',
  'shippingfee' => '28.00',
  'productname[0]' => 'Men\'s patrick kane authentic black ice jersey reebok 88 NHL chicago blackhawks
 Size:52 (XL)',
  'productno[0]' => 'NHL13631',
  'price[0]' => '38.99',
  'qty[0]' => 1,
  'checkcode' => '30cf88997b909534d11002c68cbd26b9',
  'backurl' => 'http://www.outlet-jersey.com/index.php?main_page=checkout_process',
  'notifyreurl' => 'http://www.outlet-jersey.com/mallpay_check.php',
  's_firstname' => 'Julie',
  's_lastname' => 'seidel',
  's_address' => '7315 coventry ln ',
  's_city' => 'hanover park',
  's_state' => 'IL',
  's_postcode' => '60133',
  's_country' => 'US',
  'email' => 'jas2509@yahoo.com',
  's_tel' => '6307154240',
  'b_firstname' => 'Julie',
  'b_lastname' => 'seidel',
  'b_address' => '7315 coventry ln ',
  'b_city' => 'hanover park',
  'b_state' => 'IL',
  'b_postcode' => '60133',
  'b_country' => 'US',
  'b_tel' => '6307154240',
) 
11:43:50 array (
  'siteno' => '193736180',
  'version' => '',
  'orderid' => '245150405042',
  'order_time' => '20150405114350',
  'lang' => 'en',
  'currency' => 'USD',
  'vat' => '4.00',
  'discount' => '0.00',
  'shippingfee' => '28.00',
  'productname[0]' => 'Men\'s patrick kane authentic black ice jersey reebok 88 NHL chicago blackhawks
 Size:52 (XL)',
  'productno[0]' => 'NHL13631',
  'price[0]' => '38.99',
  'qty[0]' => 1,
  'checkcode' => '453223f0e8cb68f4eb83c5b708cd3119',
  'backurl' => 'http://www.outlet-jersey.com/index.php?main_page=checkout_process',
  'notifyreurl' => 'http://www.outlet-jersey.com/mallpay_check.php',
  's_firstname' => 'Julie',
  's_lastname' => 'seidel',
  's_address' => '7315 coventry ln ',
  's_city' => 'hanover park',
  's_state' => 'IL',
  's_postcode' => '60133',
  's_country' => 'US',
  'email' => 'jas2509@yahoo.com',
  's_tel' => '6307154240',
  'b_firstname' => 'Julie',
  'b_lastname' => 'seidel',
  'b_address' => '7315 coventry ln ',
  'b_city' => 'hanover park',
  'b_state' => 'IL',
  'b_postcode' => '60133',
  'b_country' => 'US',
  'b_tel' => '6307154240',
) 
11:43:53 array (
  'siteno' => '193736180',
  'version' => '',
  'orderid' => '245150405043',
  'order_time' => '20150405114353',
  'lang' => 'en',
  'currency' => 'USD',
  'vat' => '4.00',
  'discount' => '0.00',
  'shippingfee' => '28.00',
  'productname[0]' => 'Men\'s patrick kane authentic black ice jersey reebok 88 NHL chicago blackhawks
 Size:52 (XL)',
  'productno[0]' => 'NHL13631',
  'price[0]' => '38.99',
  'qty[0]' => 1,
  'checkcode' => '0867d0fd92473c99a157e2b102934535',
  'backurl' => 'http://www.outlet-jersey.com/index.php?main_page=checkout_process',
  'notifyreurl' => 'http://www.outlet-jersey.com/mallpay_check.php',
  's_firstname' => 'Julie',
  's_lastname' => 'seidel',
  's_address' => '7315 coventry ln ',
  's_city' => 'hanover park',
  's_state' => 'IL',
  's_postcode' => '60133',
  's_country' => 'US',
  'email' => 'jas2509@yahoo.com',
  's_tel' => '6307154240',
  'b_firstname' => 'Julie',
  'b_lastname' => 'seidel',
  'b_address' => '7315 coventry ln ',
  'b_city' => 'hanover park',
  'b_state' => 'IL',
  'b_postcode' => '60133',
  'b_country' => 'US',
  'b_tel' => '6307154240',
) 
12:00:02 array (
  'siteno' => '193736180',
  'version' => '',
  'orderid' => '245150405044',
  'order_time' => '20150405120002',
  'lang' => 'en',
  'currency' => 'USD',
  'vat' => '8.00',
  'discount' => '0.00',
  'shippingfee' => '36.00',
  'productname[0]' => 'Red Wings #8 Justin Abdelkader Red Stitched NHL Jersey
 Size:XXL(54)',
  'productno[0]' => 'NHL11844',
  'price[0]' => '33.00',
  'qty[0]' => 1,
  'productname[1]' => 'Red Wings #13 Pavel Datsyuk Stitched Red NHL Jersey
 Size:XXL(54)',
  'productno[1]' => 'NHL11804',
  'price[1]' => '33.00',
  'qty[1]' => 1,
  'checkcode' => '33bd12bc5f9cd435c7d46b779389bee9',
  'backurl' => 'http://www.outlet-jersey.com/index.php?main_page=checkout_process',
  'notifyreurl' => 'http://www.outlet-jersey.com/mallpay_check.php',
  's_firstname' => 'Nick',
  's_lastname' => 'monte',
  's_address' => '2037 michaywe dr ',
  's_city' => 'Gaylord',
  's_state' => 'MI',
  's_postcode' => '49735',
  's_country' => 'US',
  'email' => 'nckmonte1@gmail.com',
  's_tel' => '989-350-8354',
  'b_firstname' => 'Nick',
  'b_lastname' => 'monte',
  'b_address' => '2037 michaywe dr ',
  'b_city' => 'Gaylord',
  'b_state' => 'MI',
  'b_postcode' => '49735',
  'b_country' => 'US',
  'b_tel' => '989-350-8354',
) 
14:17:23 array (
  'siteno' => '193736180',
  'version' => '',
  'orderid' => '245150405046',
  'order_time' => '20150405141723',
  'lang' => 'en',
  'currency' => 'USD',
  'vat' => '20.00',
  'discount' => '0.00',
  'shippingfee' => '15.00',
  'productname[0]' => 'San Diego Padres Jersey 4dark blue
 Size:54 (XXL)',
  'productno[0]' => 'MLB14128',
  'price[0]' => '18.50',
  'qty[0]' => 1,
  'productname[1]' => 'San Diego Padres #19 Tony Gwynn Cream 1948 Turn Back The Clock Baseball Jersey
 Size:XXL(54)',
  'productno[1]' => 'MLB13180',
  'price[1]' => '18.50',
  'qty[1]' => 1,
  'productname[2]' => 'Mitchell and Ness Padres #19 Tony Gwynn White Stitched Throwback Baseball Jersey
 Size:XX Large/54',
  'productno[2]' => 'MLB13142',
  'price[2]' => '18.50',
  'qty[2]' => 1,
  'productname[3]' => 'NEW NFL San Diego Chargers 13 Allen Lt.Blue Jerseys (Elite)
 Size:56',
  'productno[3]' => 'NFL27449',
  'price[3]' => '22.50',
  'qty[3]' => 1,
  'productname[4]' => 'NEW San Diego Chargers #32 Eric Weddle Navy Blue Team Color NFL New Elite Jersey
 Size:56',
  'productno[4]' => 'NFL27469',
  'price[4]' => '22.50',
  'qty[4]' => 1,
  'checkcode' => '38211c3e18f11b2e5e1bf95cac167ed0',
  'backurl' => 'http://www.outlet-jersey.com/index.php?main_page=checkout_process',
  'notifyreurl' => 'http://www.outlet-jersey.com/mallpay_check.php',
  's_firstname' => 'Clayton',
  's_lastname' => 'Harris',
  's_address' => '10000 S Maryland Pkwy, Apt 2008 ',
  's_city' => 'Las Vegas',
  's_state' => 'NV',
  's_postcode' => '89183',
  's_country' => 'US',
  'email' => 'smclayton23@yahoo.com',
  's_tel' => '7605005006',
  'b_firstname' => 'Clayton',
  'b_lastname' => 'Harris',
  'b_address' => '10000 S Maryland Pkwy, Apt 2008 ',
  'b_city' => 'Las Vegas',
  'b_state' => 'NV',
  'b_postcode' => '89183',
  'b_country' => 'US',
  'b_tel' => '7605005006',
) 
