06:55:36 array (
  'siteno' => '193736180',
  'version' => '',
  'orderid' => '245150216025',
  'order_time' => '20150216065536',
  'lang' => 'en',
  'currency' => 'USD',
  'vat' => '12.00',
  'discount' => '0.00',
  'shippingfee' => '20.00',
  'productname[0]' => 'Nike Packers #12 Aaron Rodgers Navy Blue Alternate Men\'s Stitched NFL Elite Jersey
 Size:52/2XL',
  'productno[0]' => 'NFL20631',
  'price[0]' => '22.50',
  'qty[0]' => 1,
  'productname[1]' => 'Green Bay Packers #87 Jordy Nelson Green Sawyer Hooded Sweatshirt Stitched Jersey
 Size:54 (XXL)',
  'productno[1]' => 'NFL20501',
  'price[1]' => '36.00',
  'qty[1]' => 1,
  'productname[2]' => 'Nike Packers #87 Jordy Nelson Green Team Color Men\'s Stitched NFL Elite Jersey
 Size:52/2XL',
  'productno[2]' => 'NFL20793',
  'price[2]' => '22.50',
  'qty[2]' => 1,
  'checkcode' => 'aba9bfa0717b86f260889af945f78a30',
  'backurl' => 'http://www.outlet-jersey.com/index.php?main_page=checkout_process',
  'notifyreurl' => 'http://www.outlet-jersey.com/mallpay_check.php',
  's_firstname' => 'Jeremy',
  's_lastname' => 'Day',
  's_address' => '1216B South 45th Street ',
  's_city' => 'West Milwaukee',
  's_state' => 'WI',
  's_postcode' => '53214',
  's_country' => 'US',
  'email' => 'jeremyday56@gmail.com',
  's_tel' => '414-254-1896',
  'b_firstname' => 'Jeremy',
  'b_lastname' => 'Day',
  'b_address' => '1216B South 45th Street ',
  'b_city' => 'West Milwaukee',
  'b_state' => 'WI',
  'b_postcode' => '53214',
  'b_country' => 'US',
  'b_tel' => '414-254-1896',
) 
12:43:05 array (
  'siteno' => '193736180',
  'version' => '',
  'orderid' => '245150216041',
  'order_time' => '20150216124305',
  'lang' => 'en',
  'currency' => 'USD',
  'vat' => '16.00',
  'discount' => '0.00',
  'shippingfee' => '20.00',
  'productname[0]' => '2013 NEW Nike Dallas cowboys 22 E.Smith Drift Fashion Grey Elite Jerseys
 Size:48/XL',
  'productno[0]' => 'NFL19442',
  'price[0]' => '22.50',
  'qty[0]' => 1,
  'productname[1]' => '2012 NEW NFL Seattle Seahawks 3 Russell Wilson Green Jerseys (Elite)
 Size:44',
  'productno[1]' => 'NFL28160',
  'price[1]' => '23.00',
  'qty[1]' => 1,
  'productname[2]' => 'Cowboys #54 R.White White Legend Throwback Stitched NFL Jersey
 Size:Large/50',
  'productno[2]' => 'NFL10438',
  'price[2]' => '19.00',
  'qty[2]' => 1,
  'productname[3]' => 'Tigers #24 Miguel Cabrera Black Fashion Stitched Baseball Jersey
 Size:Medium/48',
  'productno[3]' => 'MLB11258',
  'price[3]' => '18.50',
  'qty[3]' => 1,
  'checkcode' => '36160224cc2917a0d1f543caeee5d269',
  'backurl' => 'http://www.outlet-jersey.com/index.php?main_page=checkout_process',
  'notifyreurl' => 'http://www.outlet-jersey.com/mallpay_check.php',
  's_firstname' => 'BARRY',
  's_lastname' => 'BEAUDOIN II',
  's_address' => '8836 Frasure Falls Ave ',
  's_city' => 'Las Vegas',
  's_state' => 'NV',
  's_postcode' => '89178',
  's_country' => 'US',
  'email' => 'bbeaudoini1@cox.net',
  's_tel' => '702-461-7999',
  'b_firstname' => 'BARRY',
  'b_lastname' => 'BEAUDOIN II',
  'b_address' => '8836 Frasure Falls Ave ',
  'b_city' => 'Las Vegas',
  'b_state' => 'NV',
  'b_postcode' => '89178',
  'b_country' => 'US',
  'b_tel' => '702-461-7999',
) 
12:45:05 array (
  'siteno' => '193736180',
  'version' => '',
  'orderid' => '245150216042',
  'order_time' => '20150216124505',
  'lang' => 'en',
  'currency' => 'USD',
  'vat' => '16.00',
  'discount' => '0.00',
  'shippingfee' => '20.00',
  'productname[0]' => 'Blackhawks #19 Janathan Toews Black Women\'s New Third Stitched NHL Jersey
 Size:Large/50',
  'productno[0]' => 'WOMEN6702',
  'price[0]' => '31.00',
  'qty[0]' => 1,
  'productname[1]' => 'Penguins #87 Sidney Crosby Women 2011 Winter Classic Vintage Stitched Dark Blue NHL Jersey
 Size:Large/50',
  'productno[1]' => 'WOMEN6729',
  'price[1]' => '31.00',
  'qty[1]' => 1,
  'productname[2]' => 'nhl jerseys hartford whalers #10 francis black-green(pullover hooded sweatshirt)(patch C)
 Size:Extra Large/52',
  'productno[2]' => 'NHL11933',
  'price[2]' => '36.00',
  'qty[2]' => 1,
  'productname[3]' => 'NHL Jersey Chicago Blackhawks 019  Men Stitched 2015 Winter Classic Stitched NHL Jersey
 Size:48 (XL)',
  'productno[3]' => 'NHL2015019496',
  'price[3]' => '36.55',
  'qty[3]' => 1,
  'checkcode' => '07eeba36cb0efeb61a9dbe5f7ae61902',
  'backurl' => 'http://www.outlet-jersey.com/index.php?main_page=checkout_process',
  'notifyreurl' => 'http://www.outlet-jersey.com/mallpay_check.php',
  's_firstname' => 'courtney',
  's_lastname' => 'glover',
  's_address' => '185 valentine lane ',
  's_city' => 'yonkers',
  's_state' => 'NY',
  's_postcode' => '10705',
  's_country' => 'US',
  'email' => 'courtneyjglover@gmail.com',
  's_tel' => '9142947160',
  'b_firstname' => 'courtney',
  'b_lastname' => 'glover',
  'b_address' => '185 valentine lane ',
  'b_city' => 'yonkers',
  'b_state' => 'NY',
  'b_postcode' => '10705',
  'b_country' => 'US',
  'b_tel' => '9142947160',
) 
12:46:20 array (
  'siteno' => '193736180',
  'version' => '',
  'orderid' => '245150216043',
  'order_time' => '20150216124620',
  'lang' => 'en',
  'currency' => 'USD',
  'vat' => '4.00',
  'discount' => '0.00',
  'shippingfee' => '25.00',
  'productname[0]' => 'NHL Jersey Boston Bruins Yello Black Blank  Men Stitched Fights Cancer Stitched Hockey Jersey
 Size:56 (XXXL)',
  'productno[0]' => 'NHL2015019461',
  'price[0]' => '36.53',
  'qty[0]' => 1,
  'checkcode' => 'e408f76244c08eae15bfd2a3cf1ac3e8',
  'backurl' => 'http://www.outlet-jersey.com/index.php?main_page=checkout_process',
  'notifyreurl' => 'http://www.outlet-jersey.com/mallpay_check.php',
  's_firstname' => 'Bill',
  's_lastname' => 'Hartnett',
  's_address' => '200 Trotter Rd #432 ',
  's_city' => 'weymouth',
  's_state' => 'MA',
  's_postcode' => '02190',
  's_country' => 'US',
  'email' => 'Bhartnett4@comcast.net',
  's_tel' => '781 264 0863',
  'b_firstname' => 'Bill',
  'b_lastname' => 'Hartnett',
  'b_address' => '200 Trotter Rd #432 ',
  'b_city' => 'weymouth',
  'b_state' => 'MA',
  'b_postcode' => '02190',
  'b_country' => 'US',
  'b_tel' => '781 264 0863',
) 
12:49:17 array (
  'siteno' => '193736180',
  'version' => '',
  'orderid' => '245150216044',
  'order_time' => '20150216124917',
  'lang' => 'en',
  'currency' => 'USD',
  'vat' => '16.00',
  'discount' => '0.00',
  'shippingfee' => '20.00',
  'productname[0]' => 'Blackhawks #19 Janathan Toews Black Women\'s New Third Stitched NHL Jersey
 Size:Large/50',
  'productno[0]' => 'WOMEN6702',
  'price[0]' => '31.00',
  'qty[0]' => 1,
  'productname[1]' => 'Penguins #87 Sidney Crosby Women 2011 Winter Classic Vintage Stitched Dark Blue NHL Jersey
 Size:Large/50',
  'productno[1]' => 'WOMEN6729',
  'price[1]' => '31.00',
  'qty[1]' => 1,
  'productname[2]' => 'nhl jerseys hartford whalers #10 francis black-green(pullover hooded sweatshirt)(patch C)
 Size:Extra Large/52',
  'productno[2]' => 'NHL11933',
  'price[2]' => '36.00',
  'qty[2]' => 1,
  'productname[3]' => 'NHL Jersey Chicago Blackhawks 019  Men Stitched 2015 Winter Classic Stitched NHL Jersey
 Size:48 (XL)',
  'productno[3]' => 'NHL2015019496',
  'price[3]' => '36.55',
  'qty[3]' => 1,
  'checkcode' => '3d17c46e950e8549610f6aa8095bee80',
  'backurl' => 'http://www.outlet-jersey.com/index.php?main_page=checkout_process',
  'notifyreurl' => 'http://www.outlet-jersey.com/mallpay_check.php',
  's_firstname' => 'courtney',
  's_lastname' => 'glover',
  's_address' => '185 valentine lane ',
  's_city' => 'yonkers',
  's_state' => 'NY',
  's_postcode' => '10705',
  's_country' => 'US',
  'email' => 'courtneyjglover@gmail.com',
  's_tel' => '9142947160',
  'b_firstname' => 'courtney',
  'b_lastname' => 'glover',
  'b_address' => '185 valentine lane ',
  'b_city' => 'yonkers',
  'b_state' => 'NY',
  'b_postcode' => '10705',
  'b_country' => 'US',
  'b_tel' => '9142947160',
) 
12:51:16 array (
  'siteno' => '193736180',
  'version' => '',
  'orderid' => '245150216045',
  'order_time' => '20150216125116',
  'lang' => 'en',
  'currency' => 'USD',
  'vat' => '16.00',
  'discount' => '0.00',
  'shippingfee' => '20.00',
  'productname[0]' => 'Blackhawks #19 Janathan Toews Black Women\'s New Third Stitched NHL Jersey
 Size:Large/50',
  'productno[0]' => 'WOMEN6702',
  'price[0]' => '31.00',
  'qty[0]' => 1,
  'productname[1]' => 'Penguins #87 Sidney Crosby Women 2011 Winter Classic Vintage Stitched Dark Blue NHL Jersey
 Size:Large/50',
  'productno[1]' => 'WOMEN6729',
  'price[1]' => '31.00',
  'qty[1]' => 1,
  'productname[2]' => 'nhl jerseys hartford whalers #10 francis black-green(pullover hooded sweatshirt)(patch C)
 Size:Extra Large/52',
  'productno[2]' => 'NHL11933',
  'price[2]' => '36.00',
  'qty[2]' => 1,
  'productname[3]' => 'NHL Jersey Chicago Blackhawks 019  Men Stitched 2015 Winter Classic Stitched NHL Jersey
 Size:48 (XL)',
  'productno[3]' => 'NHL2015019496',
  'price[3]' => '36.55',
  'qty[3]' => 1,
  'checkcode' => '665341d5e6c70f116ed9bf79cfd46495',
  'backurl' => 'http://www.outlet-jersey.com/index.php?main_page=checkout_process',
  'notifyreurl' => 'http://www.outlet-jersey.com/mallpay_check.php',
  's_firstname' => 'courtney',
  's_lastname' => 'glover',
  's_address' => '185 valentine lane ',
  's_city' => 'yonkers',
  's_state' => 'NY',
  's_postcode' => '10705',
  's_country' => 'US',
  'email' => 'courtneyjglover@gmail.com',
  's_tel' => '9142947160',
  'b_firstname' => 'courtney',
  'b_lastname' => 'glover',
  'b_address' => '185 valentine lane ',
  'b_city' => 'yonkers',
  'b_state' => 'NY',
  'b_postcode' => '10705',
  'b_country' => 'US',
  'b_tel' => '9142947160',
) 
13:15:13 array (
  'siteno' => '193736180',
  'version' => '',
  'orderid' => '245150216046',
  'order_time' => '20150216131513',
  'lang' => 'en',
  'currency' => 'USD',
  'vat' => '16.00',
  'discount' => '0.00',
  'shippingfee' => '20.00',
  'productname[0]' => 'nhl jerseys hartford whalers #10 francis black-green(pullover hooded sweatshirt)(patch C)
 Size:Extra Large/52',
  'productno[0]' => 'NHL11933',
  'price[0]' => '36.00',
  'qty[0]' => 1,
  'productname[1]' => 'NHL Jersey Chicago Blackhawks 019  Men Stitched 2015 Winter Classic Stitched NHL Jersey
 Size:48 (XL)',
  'productno[1]' => 'NHL2015019496',
  'price[1]' => '36.55',
  'qty[1]' => 1,
  'productname[2]' => 'Blackhawks #19 Janathan Toews Black Women\'s New Third Stitched NHL Jersey
 Size:Large/50',
  'productno[2]' => 'WOMEN6702',
  'price[2]' => '31.00',
  'qty[2]' => 1,
  'productname[3]' => 'Penguins #87 Sidney Crosby Women 2011 Winter Classic Vintage Stitched Dark Blue NHL Jersey
 Size:Large/50',
  'productno[3]' => 'WOMEN6729',
  'price[3]' => '31.00',
  'qty[3]' => 1,
  'checkcode' => 'ee2aa7912a66234d14de0950397ca7e2',
  'backurl' => 'http://www.outlet-jersey.com/index.php?main_page=checkout_process',
  'notifyreurl' => 'http://www.outlet-jersey.com/mallpay_check.php',
  's_firstname' => 'Courtney',
  's_lastname' => 'Glover',
  's_address' => '185 valentine lane ',
  's_city' => 'Yonkers',
  's_state' => 'NY',
  's_postcode' => '10705',
  's_country' => 'US',
  'email' => 'Gucciiboii4160@gmail.com',
  's_tel' => '9142947160',
  'b_firstname' => 'Courtney',
  'b_lastname' => 'Glover',
  'b_address' => '185 valentine lane ',
  'b_city' => 'Yonkers',
  'b_state' => 'NY',
  'b_postcode' => '10705',
  'b_country' => 'US',
  'b_tel' => '9142947160',
) 
13:22:56 array (
  'siteno' => '193736180',
  'version' => '',
  'orderid' => '245150216049',
  'order_time' => '20150216132256',
  'lang' => 'en',
  'currency' => 'USD',
  'vat' => '16.00',
  'discount' => '0.00',
  'shippingfee' => '20.00',
  'productname[0]' => 'nhl jerseys hartford whalers #10 francis black-green(pullover hooded sweatshirt)(patch C)
 Size:Extra Large/52',
  'productno[0]' => 'NHL11933',
  'price[0]' => '36.00',
  'qty[0]' => 1,
  'productname[1]' => 'NHL Jersey Chicago Blackhawks 019  Men Stitched 2015 Winter Classic Stitched NHL Jersey
 Size:48 (XL)',
  'productno[1]' => 'NHL2015019496',
  'price[1]' => '36.55',
  'qty[1]' => 1,
  'productname[2]' => 'Blackhawks #19 Janathan Toews Black Women\'s New Third Stitched NHL Jersey
 Size:Large/50',
  'productno[2]' => 'WOMEN6702',
  'price[2]' => '31.00',
  'qty[2]' => 1,
  'productname[3]' => 'Penguins #87 Sidney Crosby Women 2011 Winter Classic Vintage Stitched Dark Blue NHL Jersey
 Size:Large/50',
  'productno[3]' => 'WOMEN6729',
  'price[3]' => '31.00',
  'qty[3]' => 1,
  'checkcode' => '2bd8ffbcdb64253ed195b3a4ce133aa0',
  'backurl' => 'http://www.outlet-jersey.com/index.php?main_page=checkout_process',
  'notifyreurl' => 'http://www.outlet-jersey.com/mallpay_check.php',
  's_firstname' => 'Courtney',
  's_lastname' => 'Glover',
  's_address' => '185 valentine lane ',
  's_city' => 'Yonkers',
  's_state' => 'NY',
  's_postcode' => '10705',
  's_country' => 'US',
  'email' => 'Gucciiboii4160@gmail.com',
  's_tel' => '9142947160',
  'b_firstname' => 'Courtney',
  'b_lastname' => 'Glover',
  'b_address' => '185 valentine lane ',
  'b_city' => 'Yonkers',
  'b_state' => 'NY',
  'b_postcode' => '10705',
  'b_country' => 'US',
  'b_tel' => '9142947160',
) 
