00:24:53 array (
  'siteno' => '193736180',
  'version' => '',
  'orderid' => '245150327001',
  'order_time' => '20150327002453',
  'lang' => 'en',
  'currency' => 'USD',
  'vat' => '8.00',
  'discount' => '0.00',
  'shippingfee' => '20.00',
  'productname[0]' => 'NHL Jersey Detroit Red Wings 5  Men Stitched Charcoal Cross Check Fashion Jersey
 Size:M(48)',
  'productno[0]' => 'NHL2015019659',
  'price[0]' => '36.66',
  'qty[0]' => 1,
  'productname[1]' => 'Red Wings #5 Nicklas Lidstrom Stitched White Winter Classic NHL Jersey
 Size:M(48)',
  'productno[1]' => 'NHL11840',
  'price[1]' => '33.00',
  'qty[1]' => 1,
  'checkcode' => 'fc6c5dade7a12a741e795a67e4277222',
  'backurl' => 'http://www.outlet-jersey.com/index.php?main_page=checkout_process',
  'notifyreurl' => 'http://www.outlet-jersey.com/mallpay_check.php',
  's_firstname' => 'Karen',
  's_lastname' => 'Buchko',
  's_address' => '213 Elm Apt 1 ',
  's_city' => 'Wyandotte',
  's_state' => 'MI',
  's_postcode' => '48192',
  's_country' => 'US',
  'email' => 'kvb33318@gmail.com',
  's_tel' => '7343078023',
  'b_firstname' => 'Karen',
  'b_lastname' => 'Buchko',
  'b_address' => '466 Sycamore ',
  'b_city' => 'wyandotte',
  'b_state' => 'MI',
  'b_postcode' => '48192',
  'b_country' => 'US',
  'b_tel' => '7343078023',
) 
00:36:04 array (
  'siteno' => '193736180',
  'version' => '',
  'orderid' => '245150327003',
  'order_time' => '20150327003604',
  'lang' => 'en',
  'currency' => 'USD',
  'vat' => '8.00',
  'discount' => '0.00',
  'shippingfee' => '20.00',
  'productname[0]' => 'Men\'s patrick kane authentic green jersey reebok 88 NHL chicago blackhawks
 Size:52 (XL)',
  'productno[0]' => 'NHL13632',
  'price[0]' => '38.99',
  'qty[0]' => 1,
  'productname[1]' => 'Men\'s jonathan toews authentic green jersey reebok 19 NHL chicago blackhawks
 Size:52 (XL)',
  'productno[1]' => 'NHL13627',
  'price[1]' => '38.99',
  'qty[1]' => 1,
  'checkcode' => 'd4a088c78bb88873b8e376f5e40e9831',
  'backurl' => 'http://www.outlet-jersey.com/index.php?main_page=checkout_process',
  'notifyreurl' => 'http://www.outlet-jersey.com/mallpay_check.php',
  's_firstname' => 'Wade',
  's_lastname' => 'Dorsey',
  's_address' => '421 S Hickory Place ',
  's_city' => 'Broken Arrow',
  's_state' => 'OK',
  's_postcode' => '74012',
  's_country' => 'US',
  'email' => 'wdorsey52@cox.net',
  's_tel' => '918-286-4949',
  'b_firstname' => 'Wade',
  'b_lastname' => 'Dorsey',
  'b_address' => '421 S Hickory Place ',
  'b_city' => 'Broken Arrow',
  'b_state' => 'OK',
  'b_postcode' => '74012',
  'b_country' => 'US',
  'b_tel' => '918-286-4949',
) 
01:24:57 array (
  'siteno' => '193736180',
  'version' => '',
  'orderid' => '245150327004',
  'order_time' => '20150327012457',
  'lang' => 'en',
  'currency' => 'USD',
  'vat' => '8.00',
  'discount' => '0.00',
  'shippingfee' => '20.00',
  'productname[0]' => 'Sharks #88 Brent Burns Black Stitched NHL Jersey
 Size:XXL(54)',
  'productno[0]' => 'NHL13171',
  'price[0]' => '33.00',
  'qty[0]' => 1,
  'productname[1]' => 'Sharks #12 Patrick Marleau Stitched Black NHL Jersey
 Size:M(48)',
  'productno[1]' => 'NHL13141',
  'price[1]' => '33.00',
  'qty[1]' => 1,
  'checkcode' => 'ddf01938a2ddce1244395d39bad34797',
  'backurl' => 'http://www.outlet-jersey.com/index.php?main_page=checkout_process',
  'notifyreurl' => 'http://www.outlet-jersey.com/mallpay_check.php',
  's_firstname' => 'Susan',
  's_lastname' => 'Dale',
  's_address' => '1636 Jacob Ave ',
  's_city' => 'San Jose',
  's_state' => 'CA',
  's_postcode' => '95124',
  's_country' => 'US',
  'email' => 'dznycat@yahoo.com',
  's_tel' => '408-265-4619',
  'b_firstname' => 'Susan',
  'b_lastname' => 'Dale',
  'b_address' => '1636 Jacob Ave ',
  'b_city' => 'San Jose',
  'b_state' => 'CA',
  'b_postcode' => '95124',
  'b_country' => 'US',
  'b_tel' => '408-265-4619',
) 
02:34:30 array (
  'siteno' => '193736180',
  'version' => '',
  'orderid' => '245150327010',
  'order_time' => '20150327023430',
  'lang' => 'en',
  'currency' => 'USD',
  'vat' => '40.00',
  'discount' => '0.00',
  'shippingfee' => '0.00',
  'productname[0]' => 'Chicago Cubs Mitchell And Ness 1988 #31 Greg Maddux White Throwback Stitched Jersey
 Size:XL(52)',
  'productno[0]' => 'MLB10777',
  'price[0]' => '18.50',
  'qty[0]' => 1,
  'productname[1]' => 'NEW NFL Dallas Cowboys 22 Emmitt Smith White Jerseys(Signed Elite)
 Size:52/2XL',
  'productno[1]' => 'NFL19538',
  'price[1]' => '22.50',
  'qty[1]' => 1,
  'productname[2]' => 'Mitchell & Ness Steelers #36 Jerome Bettis Black Stitched Throwback NFL Jersey
 Size:Large/50',
  'productno[2]' => 'NFL26961',
  'price[2]' => '19.00',
  'qty[2]' => 1,
  'productname[3]' => 'Nike Steelers #7 Ben Roethlisberger Black Team Color With 80TH Patch Men\'s Stitched NFL Game Jersey
 Size:L',
  'productno[3]' => 'NFL27248',
  'price[3]' => '21.50',
  'qty[3]' => 1,
  'productname[4]' => 'Nike Steelers #86 Hines Ward White Men\'s Stitched NFL Game Jersey
 Size:L',
  'productno[4]' => 'NFL27341',
  'price[4]' => '21.50',
  'qty[4]' => 1,
  'productname[5]' => 'Cowboys #82 Jason Witten Blue Thanksgiving Stitched Throwback NFL Jersey
 Size:XX Large/54',
  'productno[5]' => 'NFL10460',
  'price[5]' => '19.00',
  'qty[5]' => 1,
  'productname[6]' => 'Bulls #23 Michael Jordan Red Nike Throwback Stitched NBA Jersey
 Size:Medium/48',
  'productno[6]' => 'NBA10426',
  'price[6]' => '18.50',
  'qty[6]' => 1,
  'productname[7]' => 'Mitchell and Ness Orioles #8 Cal Ripken Stitched White Throwback Baseball Jersey
 Size:Medium/48',
  'productno[7]' => 'MLB10546',
  'price[7]' => '18.50',
  'qty[7]' => 1,
  'productname[8]' => 'Mitchell and Ness Orioles #8 Cal Ripken Stitched Black Throwback Baseball Jersey
 Size:Medium/48',
  'productno[8]' => 'MLB10544',
  'price[8]' => '18.50',
  'qty[8]' => 1,
  'productname[9]' => 'Heat Finals Patch #3 Dwyane Wade Black Shadow Stitched NBA Jersey
 Size:Small/44',
  'productno[9]' => 'NBA11701',
  'price[9]' => '18.50',
  'qty[9]' => 1,
  'checkcode' => 'ddf5aa935a597b749151167ad14b4fda',
  'backurl' => 'http://www.outlet-jersey.com/index.php?main_page=checkout_process',
  'notifyreurl' => 'http://www.outlet-jersey.com/mallpay_check.php',
  's_firstname' => 'Daphne',
  's_lastname' => 'Bates',
  's_address' => '2423 autumn mist drive ',
  's_city' => 'Winston salem',
  's_state' => 'NC',
  's_postcode' => '27103',
  's_country' => 'US',
  'email' => 'Daphnebates23@yahoo.com',
  's_tel' => '4438394700',
  'b_firstname' => 'Daphne',
  'b_lastname' => 'Bates',
  'b_address' => '2423 autumn mist drive ',
  'b_city' => 'Winston salem',
  'b_state' => 'NC',
  'b_postcode' => '27103',
  'b_country' => 'US',
  'b_tel' => '4438394700',
) 
03:41:02 array (
  'siteno' => '193736180',
  'version' => '',
  'orderid' => '245150327018',
  'order_time' => '20150327034102',
  'lang' => 'en',
  'currency' => 'USD',
  'vat' => '8.00',
  'discount' => '0.00',
  'shippingfee' => '20.00',
  'productname[0]' => 'Tigers #41 Victor Martinez White Cool Base Stitched Baseball Jersey
 Size:XX Large/54',
  'productno[0]' => 'MLB11297',
  'price[0]' => '18.50',
  'qty[0]' => 1,
  'productname[1]' => 'Tigers #24 Miguel Cabrera White Cool Base w/2012 World Series Patch Stitched Baseball Jersey
 Size:XX Large/54',
  'productno[1]' => 'MLB11266',
  'price[1]' => '18.50',
  'qty[1]' => 1,
  'checkcode' => 'c2e4156f50db19228407eb0da0bd9751',
  'backurl' => 'http://www.outlet-jersey.com/index.php?main_page=checkout_process',
  'notifyreurl' => 'http://www.outlet-jersey.com/mallpay_check.php',
  's_firstname' => 'kenneth',
  's_lastname' => 'Cowan',
  's_address' => '601 Buckingham ave ',
  's_city' => 'Flint',
  's_state' => 'MI',
  's_postcode' => '48507',
  's_country' => 'US',
  'email' => 'kencow7201@yahoo.com',
  's_tel' => '8106100109',
  'b_firstname' => 'kenneth',
  'b_lastname' => 'Cowan',
  'b_address' => '601 Buckingham ave ',
  'b_city' => 'Flint',
  'b_state' => 'MI',
  'b_postcode' => '48507',
  'b_country' => 'US',
  'b_tel' => '8106100109',
) 
03:43:27 array (
  'siteno' => '193736180',
  'version' => '',
  'orderid' => '245150327019',
  'order_time' => '20150327034327',
  'lang' => 'en',
  'currency' => 'USD',
  'vat' => '8.00',
  'discount' => '0.00',
  'shippingfee' => '20.00',
  'productname[0]' => 'Tigers #41 Victor Martinez White Cool Base Stitched Baseball Jersey
 Size:XX Large/54',
  'productno[0]' => 'MLB11297',
  'price[0]' => '18.50',
  'qty[0]' => 1,
  'productname[1]' => 'Tigers #24 Miguel Cabrera White Cool Base w/2012 World Series Patch Stitched Baseball Jersey
 Size:XX Large/54',
  'productno[1]' => 'MLB11266',
  'price[1]' => '18.50',
  'qty[1]' => 1,
  'checkcode' => '0cc887afa563dfd28bd27651e2606d01',
  'backurl' => 'http://www.outlet-jersey.com/index.php?main_page=checkout_process',
  'notifyreurl' => 'http://www.outlet-jersey.com/mallpay_check.php',
  's_firstname' => 'kenneth',
  's_lastname' => 'Cowan',
  's_address' => '601 Buckingham ave ',
  's_city' => 'Flint',
  's_state' => 'MI',
  's_postcode' => '48507',
  's_country' => 'US',
  'email' => 'kencow7201@yahoo.com',
  's_tel' => '8106100109',
  'b_firstname' => 'kenneth',
  'b_lastname' => 'Cowan',
  'b_address' => '601 Buckingham ave ',
  'b_city' => 'Flint',
  'b_state' => 'MI',
  'b_postcode' => '48507',
  'b_country' => 'US',
  'b_tel' => '8106100109',
) 
05:41:15 array (
  'siteno' => '193736180',
  'version' => '',
  'orderid' => '245150327026',
  'order_time' => '20150327054115',
  'lang' => 'en',
  'currency' => 'USD',
  'vat' => '8.00',
  'discount' => '0.00',
  'shippingfee' => '20.00',
  'productname[0]' => 'NHL Jersey Blackhawks 50 Corey Crawford Mens Stitched Red Fights Cancer Hockey Jersey  Men Stitched Charcoal Cross Check Fashion Jersey
 Size:XL(52)',
  'productno[0]' => 'NHL2015019471',
  'price[0]' => '36.70',
  'qty[0]' => 1,
  'productname[1]' => 'NHL Jersey Blackhawks 19 Jonathan Toews Mens Stitched Red Fights Cancer Hockey Jersey  Men Stitched Fights Cancer Stitched Hockey Jersey
 Size:L(50)',
  'productno[1]' => 'NHL2015019469',
  'price[1]' => '36.95',
  'qty[1]' => 1,
  'checkcode' => 'd49641248bb19438fc29f3819e177506',
  'backurl' => 'http://www.outlet-jersey.com/index.php?main_page=checkout_process',
  'notifyreurl' => 'http://www.outlet-jersey.com/mallpay_check.php',
  's_firstname' => 'Cathy',
  's_lastname' => 'Akers',
  's_address' => '271 Indian Trail ',
  's_city' => 'Lake in the Hills',
  's_state' => 'IL',
  's_postcode' => '60156',
  's_country' => 'US',
  'email' => 'csa6818@yahoo.com',
  's_tel' => '847 458 4002',
  'b_firstname' => 'Cathy',
  'b_lastname' => 'Akers',
  'b_address' => '271 Indian Trail ',
  'b_city' => 'Lake in the Hills',
  'b_state' => 'IL',
  'b_postcode' => '60156',
  'b_country' => 'US',
  'b_tel' => '847 458 4002',
) 
05:44:59 array (
  'siteno' => '193736180',
  'version' => '',
  'orderid' => '245150327027',
  'order_time' => '20150327054459',
  'lang' => 'en',
  'currency' => 'USD',
  'vat' => '8.00',
  'discount' => '0.00',
  'shippingfee' => '20.00',
  'productname[0]' => 'NHL Jersey Blackhawks 50 Corey Crawford Mens Stitched Red Fights Cancer Hockey Jersey  Men Stitched Charcoal Cross Check Fashion Jersey
 Size:XL(52)',
  'productno[0]' => 'NHL2015019471',
  'price[0]' => '36.70',
  'qty[0]' => 1,
  'productname[1]' => 'NHL Jersey Blackhawks 19 Jonathan Toews Mens Stitched Red Fights Cancer Hockey Jersey  Men Stitched Fights Cancer Stitched Hockey Jersey
 Size:L(50)',
  'productno[1]' => 'NHL2015019469',
  'price[1]' => '36.95',
  'qty[1]' => 1,
  'checkcode' => '3592d429957f4083e157a2589e9b6e89',
  'backurl' => 'http://www.outlet-jersey.com/index.php?main_page=checkout_process',
  'notifyreurl' => 'http://www.outlet-jersey.com/mallpay_check.php',
  's_firstname' => 'Cathy',
  's_lastname' => 'Akers',
  's_address' => '271 Indian Trail ',
  's_city' => 'Lake in the Hills',
  's_state' => 'IL',
  's_postcode' => '60156',
  's_country' => 'US',
  'email' => 'csa6818@yahoo.com',
  's_tel' => '847 458 4002',
  'b_firstname' => 'Cathy',
  'b_lastname' => 'Akers',
  'b_address' => '271 Indian Trail ',
  'b_city' => 'Lake in the Hills',
  'b_state' => 'IL',
  'b_postcode' => '60156',
  'b_country' => 'US',
  'b_tel' => '847 458 4002',
) 
07:07:50 array (
  'siteno' => '193736180',
  'version' => '',
  'orderid' => '245150327029',
  'order_time' => '20150327070750',
  'lang' => 'en',
  'currency' => 'USD',
  'vat' => '4.00',
  'discount' => '0.00',
  'shippingfee' => '25.00',
  'productname[0]' => 'Red Wings #13 Pavel Datsyuk Red 2014 Winter Classic Stitched NHL Jersey
 Size:XL(52)',
  'productno[0]' => 'NHL11802',
  'price[0]' => '33.00',
  'qty[0]' => 1,
  'checkcode' => '79b57c9628f2e54b44b4c358b0d1ac77',
  'backurl' => 'http://www.outlet-jersey.com/index.php?main_page=checkout_process',
  'notifyreurl' => 'http://www.outlet-jersey.com/mallpay_check.php',
  's_firstname' => 'Jeffery',
  's_lastname' => 'Ciavone',
  's_address' => '3660 Azurite Street ',
  's_city' => 'Cumming',
  's_state' => 'GA',
  's_postcode' => '30040',
  's_country' => 'US',
  'email' => 'ciavone@gmail.com',
  's_tel' => '5862226350',
  'b_firstname' => 'Jeffery',
  'b_lastname' => 'Ciavone',
  'b_address' => '3660 Azurite Street ',
  'b_city' => 'Cumming',
  'b_state' => 'GA',
  'b_postcode' => '30040',
  'b_country' => 'US',
  'b_tel' => '5862226350',
) 
07:12:15 array (
  'siteno' => '193736180',
  'version' => '',
  'orderid' => '245150327031',
  'order_time' => '20150327071215',
  'lang' => 'en',
  'currency' => 'USD',
  'vat' => '8.00',
  'discount' => '0.00',
  'shippingfee' => '20.00',
  'productname[0]' => 'NHL Jersey Blackhawks 50 Corey Crawford Mens Stitched Red Fights Cancer Hockey Jersey  Men Stitched Charcoal Cross Check Fashion Jersey
 Size:XL(52)',
  'productno[0]' => 'NHL2015019471',
  'price[0]' => '36.70',
  'qty[0]' => 1,
  'productname[1]' => 'NHL Jersey Blackhawks 19 Jonathan Toews Mens Stitched Red Fights Cancer Hockey Jersey  Men Stitched Fights Cancer Stitched Hockey Jersey
 Size:L(50)',
  'productno[1]' => 'NHL2015019469',
  'price[1]' => '36.95',
  'qty[1]' => 1,
  'checkcode' => 'c35436083049235dbb2ce374ba0dd264',
  'backurl' => 'http://www.outlet-jersey.com/index.php?main_page=checkout_process',
  'notifyreurl' => 'http://www.outlet-jersey.com/mallpay_check.php',
  's_firstname' => 'Cathy',
  's_lastname' => 'Akers',
  's_address' => '271 Indian Trail ',
  's_city' => 'Lake in the Hills',
  's_state' => 'IL',
  's_postcode' => '60156',
  's_country' => 'US',
  'email' => 'csa6818@yahoo.com',
  's_tel' => '847 458 4002',
  'b_firstname' => 'Cathy',
  'b_lastname' => 'Akers',
  'b_address' => '271 Indian Trail ',
  'b_city' => 'Lake in the Hills',
  'b_state' => 'IL',
  'b_postcode' => '60156',
  'b_country' => 'US',
  'b_tel' => '847 458 4002',
) 
07:12:56 array (
  'siteno' => '193736180',
  'version' => '',
  'orderid' => '245150327033',
  'order_time' => '20150327071256',
  'lang' => 'en',
  'currency' => 'USD',
  'vat' => '8.00',
  'discount' => '0.00',
  'shippingfee' => '20.00',
  'productname[0]' => 'NHL Jersey Blackhawks 50 Corey Crawford Mens Stitched Red Fights Cancer Hockey Jersey  Men Stitched Charcoal Cross Check Fashion Jersey
 Size:XL(52)',
  'productno[0]' => 'NHL2015019471',
  'price[0]' => '36.70',
  'qty[0]' => 1,
  'productname[1]' => 'NHL Jersey Blackhawks 19 Jonathan Toews Mens Stitched Red Fights Cancer Hockey Jersey  Men Stitched Fights Cancer Stitched Hockey Jersey
 Size:L(50)',
  'productno[1]' => 'NHL2015019469',
  'price[1]' => '36.95',
  'qty[1]' => 1,
  'checkcode' => '5b0766d4edb5140eb9beee8a1dfbb995',
  'backurl' => 'http://www.outlet-jersey.com/index.php?main_page=checkout_process',
  'notifyreurl' => 'http://www.outlet-jersey.com/mallpay_check.php',
  's_firstname' => 'Cathy',
  's_lastname' => 'Akers',
  's_address' => '271 Indian Trail ',
  's_city' => 'Lake in the Hills',
  's_state' => 'IL',
  's_postcode' => '60156',
  's_country' => 'US',
  'email' => 'csa6818@yahoo.com',
  's_tel' => '847 458 4002',
  'b_firstname' => 'Cathy',
  'b_lastname' => 'Akers',
  'b_address' => '271 Indian Trail ',
  'b_city' => 'Lake in the Hills',
  'b_state' => 'IL',
  'b_postcode' => '60156',
  'b_country' => 'US',
  'b_tel' => '847 458 4002',
) 
07:13:28 array (
  'siteno' => '193736180',
  'version' => '',
  'orderid' => '245150327034',
  'order_time' => '20150327071328',
  'lang' => 'en',
  'currency' => 'USD',
  'vat' => '8.00',
  'discount' => '0.00',
  'shippingfee' => '20.00',
  'productname[0]' => 'NHL Jersey Blackhawks 50 Corey Crawford Mens Stitched Red Fights Cancer Hockey Jersey  Men Stitched Charcoal Cross Check Fashion Jersey
 Size:XL(52)',
  'productno[0]' => 'NHL2015019471',
  'price[0]' => '36.70',
  'qty[0]' => 1,
  'productname[1]' => 'NHL Jersey Blackhawks 19 Jonathan Toews Mens Stitched Red Fights Cancer Hockey Jersey  Men Stitched Fights Cancer Stitched Hockey Jersey
 Size:L(50)',
  'productno[1]' => 'NHL2015019469',
  'price[1]' => '36.95',
  'qty[1]' => 1,
  'checkcode' => 'c68a0c792772977d8d6e94f70fbd5009',
  'backurl' => 'http://www.outlet-jersey.com/index.php?main_page=checkout_process',
  'notifyreurl' => 'http://www.outlet-jersey.com/mallpay_check.php',
  's_firstname' => 'Cathy',
  's_lastname' => 'Akers',
  's_address' => '271 Indian Trail ',
  's_city' => 'Lake in the Hills',
  's_state' => 'IL',
  's_postcode' => '60156',
  's_country' => 'US',
  'email' => 'csa6818@yahoo.com',
  's_tel' => '847 458 4002',
  'b_firstname' => 'Cathy',
  'b_lastname' => 'Akers',
  'b_address' => '271 Indian Trail ',
  'b_city' => 'Lake in the Hills',
  'b_state' => 'IL',
  'b_postcode' => '60156',
  'b_country' => 'US',
  'b_tel' => '847 458 4002',
) 
08:48:49 array (
  'siteno' => '193736180',
  'version' => '',
  'orderid' => '245150327042',
  'order_time' => '20150327084849',
  'lang' => 'en',
  'currency' => 'USD',
  'vat' => '4.00',
  'discount' => '0.00',
  'shippingfee' => '25.00',
  'productname[0]' => 'NHL Jersey Chicago Blackhawks 50 CRAWFORD black  Men Stitched Fights Cancer Stitched Hockey Jersey
 Size:XXL(54)',
  'productno[0]' => 'NHL2015019577',
  'price[0]' => '36.50',
  'qty[0]' => 1,
  'checkcode' => 'c0ff831e85d6857cbf36705b04385aad',
  'backurl' => 'http://www.outlet-jersey.com/index.php?main_page=checkout_process',
  'notifyreurl' => 'http://www.outlet-jersey.com/mallpay_check.php',
  's_firstname' => 'dannielle',
  's_lastname' => 'folino',
  's_address' => '1570 gibson drive ',
  's_city' => 'elk grove village',
  's_state' => 'IL',
  's_postcode' => '8475026878',
  's_country' => 'US',
  'email' => 'imdanyell@aol.com',
  's_tel' => '8475026878',
  'b_firstname' => 'dannielle',
  'b_lastname' => 'folino',
  'b_address' => '1570 gibson drive ',
  'b_city' => 'elk grove village',
  'b_state' => 'IL',
  'b_postcode' => '8475026878',
  'b_country' => 'US',
  'b_tel' => '8475026878',
) 
13:08:58 array (
  'siteno' => '193736180',
  'version' => '',
  'orderid' => '245150327063',
  'order_time' => '20150327130858',
  'lang' => 'en',
  'currency' => 'USD',
  'vat' => '4.00',
  'discount' => '0.00',
  'shippingfee' => '25.00',
  'productname[0]' => 'NHL Jersey Chicago Blackhawks 19 Toews Red  Men Stitched 2015 Winter Classic Stitched NHL Jersey
 Size:XL(52)',
  'productno[0]' => 'NHL2015019524',
  'price[0]' => '36.80',
  'qty[0]' => 1,
  'checkcode' => '6e12722d738a8442cbfd545472a9285f',
  'backurl' => 'http://www.outlet-jersey.com/index.php?main_page=checkout_process',
  'notifyreurl' => 'http://www.outlet-jersey.com/mallpay_check.php',
  's_firstname' => 'kelsey',
  's_lastname' => 'plank',
  's_address' => '516 4th st nw ',
  's_city' => 'minot',
  's_state' => 'ND',
  's_postcode' => '58703',
  's_country' => 'US',
  'email' => 'plankter87@gmail.com',
  's_tel' => '701-721-4845',
  'b_firstname' => 'kelsey',
  'b_lastname' => 'plank',
  'b_address' => '516 4th st nw ',
  'b_city' => 'minot',
  'b_state' => 'ND',
  'b_postcode' => '58703',
  'b_country' => 'US',
  'b_tel' => '701-721-4845',
) 
19:04:48 array (
  'siteno' => '193736180',
  'version' => '',
  'orderid' => '245150327068',
  'order_time' => '20150327190448',
  'lang' => 'en',
  'currency' => 'USD',
  'vat' => '4.00',
  'discount' => '0.00',
  'shippingfee' => '25.00',
  'productname[0]' => 'New York Rangers #36 Mats Zuccarello Blue Home NHL Jersey
 Size:L(50)',
  'productno[0]' => 'NHL12411',
  'price[0]' => '33.00',
  'qty[0]' => 1,
  'checkcode' => 'bb54eb453217eaf1b0c06b6bf9e51afa',
  'backurl' => 'http://www.outlet-jersey.com/index.php?main_page=checkout_process',
  'notifyreurl' => 'http://www.outlet-jersey.com/mallpay_check.php',
  's_firstname' => 'Quinn',
  's_lastname' => 'Hammerman',
  's_address' => '863 Priestley Avenue ',
  's_city' => 'Erie',
  's_state' => 'PA',
  's_postcode' => '16511',
  's_country' => 'US',
  'email' => 'ColdGearHunter14@yahoo.com',
  's_tel' => '8149694250',
  'b_firstname' => 'Quinn',
  'b_lastname' => 'Hammerman',
  'b_address' => '863 Priestley Avenue ',
  'b_city' => 'Erie',
  'b_state' => 'PA',
  'b_postcode' => '16511',
  'b_country' => 'US',
  'b_tel' => '8149694250',
) 
19:09:48 array (
  'siteno' => '193736180',
  'version' => '',
  'orderid' => '245150327069',
  'order_time' => '20150327190948',
  'lang' => 'en',
  'currency' => 'USD',
  'vat' => '4.00',
  'discount' => '0.00',
  'shippingfee' => '25.00',
  'productname[0]' => 'New York Rangers #36 Mats Zuccarello Blue Home NHL Jersey
 Size:L(50)',
  'productno[0]' => 'NHL12411',
  'price[0]' => '33.00',
  'qty[0]' => 1,
  'checkcode' => 'bb14b8dd833295d4bccca2d33bdde9f3',
  'backurl' => 'http://www.outlet-jersey.com/index.php?main_page=checkout_process',
  'notifyreurl' => 'http://www.outlet-jersey.com/mallpay_check.php',
  's_firstname' => 'Quinn',
  's_lastname' => 'Hammerman',
  's_address' => '863 Priestley Avenue ',
  's_city' => 'Erie',
  's_state' => 'PA',
  's_postcode' => '16511',
  's_country' => 'US',
  'email' => 'ColdGearHunter14@yahoo.com',
  's_tel' => '8149694250',
  'b_firstname' => 'Quinn',
  'b_lastname' => 'Hammerman',
  'b_address' => '26798 Route 98 Lot#7 ',
  'b_city' => 'Edinboro',
  'b_state' => 'PA',
  'b_postcode' => '16412',
  'b_country' => 'US',
  'b_tel' => '8149694250',
) 
19:54:44 array (
  'siteno' => '193736180',
  'version' => '',
  'orderid' => '245150327072',
  'order_time' => '20150327195444',
  'lang' => 'en',
  'currency' => 'USD',
  'vat' => '4.00',
  'discount' => '0.00',
  'shippingfee' => '25.00',
  'productname[0]' => 'New York Rangers #36 Mats Zuccarello Blue Home NHL Jersey
 Size:L(50)',
  'productno[0]' => 'NHL12411',
  'price[0]' => '33.00',
  'qty[0]' => 1,
  'checkcode' => '1f6040c786795183d52b682a83950b0c',
  'backurl' => 'http://www.outlet-jersey.com/index.php?main_page=checkout_process',
  'notifyreurl' => 'http://www.outlet-jersey.com/mallpay_check.php',
  's_firstname' => 'Quinn',
  's_lastname' => 'Hammerman',
  's_address' => '863 Priestley Avenue ',
  's_city' => 'Erie',
  's_state' => 'PA',
  's_postcode' => '16511',
  's_country' => 'US',
  'email' => 'ColdGearHunter14@yahoo.com',
  's_tel' => '8149694250',
  'b_firstname' => 'Quinn',
  'b_lastname' => 'Hammerman',
  'b_address' => '863 Priestley Avenue ',
  'b_city' => 'Erie',
  'b_state' => 'PA',
  'b_postcode' => '16511',
  'b_country' => 'US',
  'b_tel' => '8149694250',
) 
20:24:39 array (
  'siteno' => '193736180',
  'version' => '',
  'orderid' => '245150327073',
  'order_time' => '20150327202439',
  'lang' => 'en',
  'currency' => 'USD',
  'vat' => '20.00',
  'discount' => '0.00',
  'shippingfee' => '15.00',
  'productname[0]' => 'NHL Jersey Chicago Blackhawks 88 Kane red  3  Men Stitched Charcoal Cross Check Fashion Jersey
 Size:XXXL(56)',
  'productno[0]' => 'NHL2015019627',
  'price[0]' => '36.70',
  'qty[0]' => 1,
  'productname[1]' => 'Nike Lions #81 Calvin Johnson Blue Team Color With WCF Patch Jersey
 Size:56',
  'productno[1]' => 'NFL20392',
  'price[1]' => '22.50',
  'qty[1]' => 1,
  'productname[2]' => 'Germany Soccer Football Scarf Yellow & Red',
  'productno[2]' => 'SPT11018',
  'price[2]' => '10.00',
  'qty[2]' => 1,
  'productname[3]' => 'Sharks #31 Antti Niemi Stitched Blue NHL Jersey
 Size:XXXL(56)',
  'productno[3]' => 'NHL13164',
  'price[3]' => '33.00',
  'qty[3]' => 1,
  'productname[4]' => 'Germany Soccer Football Sock White',
  'productno[4]' => 'SPT11054',
  'price[4]' => '3.00',
  'qty[4]' => 1,
  'checkcode' => '6c88397ab6fca515fe73b290565ce282',
  'backurl' => 'http://www.outlet-jersey.com/index.php?main_page=checkout_process',
  'notifyreurl' => 'http://www.outlet-jersey.com/mallpay_check.php',
  's_firstname' => 'matt',
  's_lastname' => 'randle',
  's_address' => '843 e green blossom court #53 ',
  's_city' => 'salt lake city',
  's_state' => 'UT',
  's_postcode' => '84107',
  's_country' => 'US',
  'email' => 'mtorandle@gmail.com',
  's_tel' => '7275158788',
  'b_firstname' => 'matt',
  'b_lastname' => 'randle',
  'b_address' => '856 e sherman ave ',
  'b_city' => 'salt lake city',
  'b_state' => 'UT',
  'b_postcode' => '84105',
  'b_country' => 'US',
  'b_tel' => '7275158788',
) 
21:14:59 array (
  'siteno' => '193736180',
  'version' => '',
  'orderid' => '245150327078',
  'order_time' => '20150327211459',
  'lang' => 'en',
  'currency' => 'USD',
  'vat' => '8.00',
  'discount' => '0.00',
  'shippingfee' => '20.00',
  'productname[0]' => 'NHL Jersey Chicago Blackhawks 008  Men Stitched with Purple Num Stitched NHL Jersey
 Size:XL(52)',
  'productno[0]' => 'NHL2015019482',
  'price[0]' => '36.95',
  'qty[0]' => 1,
  'productname[1]' => 'NHL Jersey Chicago Blackhawks 00 GRISWOLD white  Men Stitched with Purple Num Stitched NHL Jersey
 Size:XL(52)',
  'productno[1]' => 'NHL2015019486',
  'price[1]' => '36.50',
  'qty[1]' => 1,
  'checkcode' => '37c44d4227db63f21daa97adf975d318',
  'backurl' => 'http://www.outlet-jersey.com/index.php?main_page=checkout_process',
  'notifyreurl' => 'http://www.outlet-jersey.com/mallpay_check.php',
  's_firstname' => 'Chris',
  's_lastname' => 'Fink',
  's_address' => '46 N Park Blvd ',
  's_city' => 'Glen Ellyn',
  's_state' => 'IL',
  's_postcode' => '60137',
  's_country' => 'US',
  'email' => 'golfernutz@yahoo.com',
  's_tel' => '4074910038',
  'b_firstname' => 'Chris',
  'b_lastname' => 'Fink',
  'b_address' => '46 N Park Blvd ',
  'b_city' => 'Glen Ellyn',
  'b_state' => 'IL',
  'b_postcode' => '60137',
  'b_country' => 'US',
  'b_tel' => '4074910038',
) 
