[INFO ] 21:09:04.601 [main] org.quartz.impl.StdSchedulerFactory - Using default implementation for ThreadExecutor
[INFO ] 21:09:04.608 [main] org.quartz.simpl.SimpleThreadPool - Job execution threads will use class loader of thread: main
[INFO ] 21:09:04.630 [main] o.quartz.core.SchedulerSignalerImpl - Initialized Scheduler Signaller of type: class org.quartz.core.SchedulerSignalerImpl
[INFO ] 21:09:04.630 [main] org.quartz.core.QuartzScheduler - Quartz Scheduler v.2.2.3 created.
[INFO ] 21:09:04.631 [main] org.quartz.simpl.RAMJobStore - RAMJobStore initialized.
[INFO ] 21:09:04.634 [main] org.quartz.core.QuartzScheduler - Scheduler meta-data: Quartz Scheduler (v2.2.3) 'DefaultQuartzScheduler' with instanceId 'NON_CLUSTERED'
  Scheduler class: 'org.quartz.core.QuartzScheduler' - running locally.
  NOT STARTED.
  Currently in standby mode.
  Number of jobs executed: 0
  Using thread pool 'org.quartz.simpl.SimpleThreadPool' - with 10 threads.
  Using job-store 'org.quartz.simpl.RAMJobStore' - which does not support persistence. and is not clustered.

[INFO ] 21:09:04.634 [main] org.quartz.impl.StdSchedulerFactory - Quartz scheduler 'DefaultQuartzScheduler' initialized from default resource file in Quartz package: 'quartz.properties'
[INFO ] 21:09:04.634 [main] org.quartz.impl.StdSchedulerFactory - Quartz scheduler version: 2.2.3
[INFO ] 21:09:04.649 [main] org.quartz.core.QuartzScheduler - Scheduler DefaultQuartzScheduler_$_NON_CLUSTERED started.
[INFO ] 21:10:12.388 [DefaultQuartzScheduler_Worker-1] com.lxtech.inspect.LotteryCrawler - num:1	date:20170715	open_code:4,2,1,3,8	open_time:Sat Jul 15 00:06:00 CST 2017
[INFO ] 21:10:13.440 [DefaultQuartzScheduler_Worker-1] com.lxtech.inspect.LotteryCrawler - num:2	date:20170715	open_code:4,0,2,3,4	open_time:Sat Jul 15 00:11:00 CST 2017
[INFO ] 21:10:13.473 [DefaultQuartzScheduler_Worker-1] com.lxtech.inspect.LotteryCrawler - num:3	date:20170715	open_code:8,6,6,9,2	open_time:Sat Jul 15 00:16:00 CST 2017
[INFO ] 21:10:13.528 [DefaultQuartzScheduler_Worker-1] com.lxtech.inspect.LotteryCrawler - num:4	date:20170715	open_code:0,6,0,1,7	open_time:Sat Jul 15 00:21:00 CST 2017
[INFO ] 21:10:13.717 [DefaultQuartzScheduler_Worker-1] com.lxtech.inspect.LotteryCrawler - num:5	date:20170715	open_code:1,7,8,2,4	open_time:Sat Jul 15 00:26:00 CST 2017
[INFO ] 21:10:13.753 [DefaultQuartzScheduler_Worker-1] com.lxtech.inspect.LotteryCrawler - num:6	date:20170715	open_code:6,2,4,7,2	open_time:Sat Jul 15 00:31:00 CST 2017
[INFO ] 21:10:13.788 [DefaultQuartzScheduler_Worker-1] com.lxtech.inspect.LotteryCrawler - num:7	date:20170715	open_code:0,3,6,0,2	open_time:Sat Jul 15 00:36:00 CST 2017
[INFO ] 21:10:14.006 [DefaultQuartzScheduler_Worker-1] com.lxtech.inspect.LotteryCrawler - num:8	date:20170715	open_code:8,6,0,0,8	open_time:Sat Jul 15 00:41:00 CST 2017
[INFO ] 21:10:14.041 [DefaultQuartzScheduler_Worker-1] com.lxtech.inspect.LotteryCrawler - num:9	date:20170715	open_code:6,9,1,4,0	open_time:Sat Jul 15 00:46:00 CST 2017
[INFO ] 21:10:14.074 [DefaultQuartzScheduler_Worker-1] com.lxtech.inspect.LotteryCrawler - num:10	date:20170715	open_code:1,5,9,4,3	open_time:Sat Jul 15 00:51:00 CST 2017
[INFO ] 21:10:14.105 [DefaultQuartzScheduler_Worker-1] com.lxtech.inspect.LotteryCrawler - num:11	date:20170715	open_code:0,5,2,4,9	open_time:Sat Jul 15 00:56:00 CST 2017
[INFO ] 21:10:14.152 [DefaultQuartzScheduler_Worker-1] com.lxtech.inspect.LotteryCrawler - num:12	date:20170715	open_code:6,3,4,9,3	open_time:Sat Jul 15 01:01:00 CST 2017
[INFO ] 21:10:14.188 [DefaultQuartzScheduler_Worker-1] com.lxtech.inspect.LotteryCrawler - num:13	date:20170715	open_code:9,5,1,0,7	open_time:Sat Jul 15 01:06:00 CST 2017
[INFO ] 21:10:14.231 [DefaultQuartzScheduler_Worker-1] com.lxtech.inspect.LotteryCrawler - num:14	date:20170715	open_code:5,4,0,0,5	open_time:Sat Jul 15 01:11:00 CST 2017
[INFO ] 21:10:14.278 [DefaultQuartzScheduler_Worker-1] com.lxtech.inspect.LotteryCrawler - num:15	date:20170715	open_code:0,6,1,9,4	open_time:Sat Jul 15 01:16:00 CST 2017
[INFO ] 21:10:14.329 [DefaultQuartzScheduler_Worker-1] com.lxtech.inspect.LotteryCrawler - num:16	date:20170715	open_code:5,9,2,9,6	open_time:Sat Jul 15 01:21:00 CST 2017
[INFO ] 21:10:14.382 [DefaultQuartzScheduler_Worker-1] com.lxtech.inspect.LotteryCrawler - num:17	date:20170715	open_code:0,1,4,3,7	open_time:Sat Jul 15 01:26:00 CST 2017
[INFO ] 21:10:14.423 [DefaultQuartzScheduler_Worker-1] com.lxtech.inspect.LotteryCrawler - num:18	date:20170715	open_code:2,6,9,2,4	open_time:Sat Jul 15 01:31:00 CST 2017
[INFO ] 21:10:14.464 [DefaultQuartzScheduler_Worker-1] com.lxtech.inspect.LotteryCrawler - num:19	date:20170715	open_code:5,2,4,6,0	open_time:Sat Jul 15 01:36:00 CST 2017
[INFO ] 21:10:14.522 [DefaultQuartzScheduler_Worker-1] com.lxtech.inspect.LotteryCrawler - num:20	date:20170715	open_code:6,4,2,6,5	open_time:Sat Jul 15 01:41:00 CST 2017
[INFO ] 21:10:14.599 [DefaultQuartzScheduler_Worker-1] com.lxtech.inspect.LotteryCrawler - num:21	date:20170715	open_code:1,0,9,4,2	open_time:Sat Jul 15 01:46:00 CST 2017
[INFO ] 21:10:14.653 [DefaultQuartzScheduler_Worker-1] com.lxtech.inspect.LotteryCrawler - num:22	date:20170715	open_code:1,5,9,5,8	open_time:Sat Jul 15 01:51:00 CST 2017
[INFO ] 21:10:14.694 [DefaultQuartzScheduler_Worker-1] com.lxtech.inspect.LotteryCrawler - num:23	date:20170715	open_code:4,3,2,3,4	open_time:Sat Jul 15 01:56:00 CST 2017
[INFO ] 21:10:14.737 [DefaultQuartzScheduler_Worker-1] com.lxtech.inspect.LotteryCrawler - num:24	date:20170715	open_code:0,2,5,3,2	open_time:Sat Jul 15 10:01:00 CST 2017
[INFO ] 21:10:14.791 [DefaultQuartzScheduler_Worker-1] com.lxtech.inspect.LotteryCrawler - num:25	date:20170715	open_code:8,2,8,1,3	open_time:Sat Jul 15 10:11:00 CST 2017
[INFO ] 21:10:14.848 [DefaultQuartzScheduler_Worker-1] com.lxtech.inspect.LotteryCrawler - num:26	date:20170715	open_code:5,4,4,0,8	open_time:Sat Jul 15 10:21:00 CST 2017
[INFO ] 21:10:14.895 [DefaultQuartzScheduler_Worker-1] com.lxtech.inspect.LotteryCrawler - num:27	date:20170715	open_code:2,7,4,7,3	open_time:Sat Jul 15 10:31:00 CST 2017
[INFO ] 21:10:14.936 [DefaultQuartzScheduler_Worker-1] com.lxtech.inspect.LotteryCrawler - num:28	date:20170715	open_code:0,6,4,9,7	open_time:Sat Jul 15 10:41:00 CST 2017
[INFO ] 21:10:14.976 [DefaultQuartzScheduler_Worker-1] com.lxtech.inspect.LotteryCrawler - num:29	date:20170715	open_code:4,3,4,0,1	open_time:Sat Jul 15 10:51:00 CST 2017
[INFO ] 21:10:15.018 [DefaultQuartzScheduler_Worker-1] com.lxtech.inspect.LotteryCrawler - num:30	date:20170715	open_code:7,6,9,0,5	open_time:Sat Jul 15 11:01:00 CST 2017
[INFO ] 21:10:15.056 [DefaultQuartzScheduler_Worker-1] com.lxtech.inspect.LotteryCrawler - num:31	date:20170715	open_code:5,0,9,6,4	open_time:Sat Jul 15 11:11:00 CST 2017
[INFO ] 21:10:15.095 [DefaultQuartzScheduler_Worker-1] com.lxtech.inspect.LotteryCrawler - num:32	date:20170715	open_code:4,8,6,5,9	open_time:Sat Jul 15 11:21:00 CST 2017
[INFO ] 21:10:15.145 [DefaultQuartzScheduler_Worker-1] com.lxtech.inspect.LotteryCrawler - num:33	date:20170715	open_code:9,6,4,1,4	open_time:Sat Jul 15 11:31:00 CST 2017
[INFO ] 21:10:15.203 [DefaultQuartzScheduler_Worker-1] com.lxtech.inspect.LotteryCrawler - num:34	date:20170715	open_code:5,5,3,0,9	open_time:Sat Jul 15 11:41:00 CST 2017
[INFO ] 21:10:15.242 [DefaultQuartzScheduler_Worker-1] com.lxtech.inspect.LotteryCrawler - num:35	date:20170715	open_code:2,1,5,8,6	open_time:Sat Jul 15 11:51:00 CST 2017
[INFO ] 21:10:15.287 [DefaultQuartzScheduler_Worker-1] com.lxtech.inspect.LotteryCrawler - num:36	date:20170715	open_code:2,2,9,0,6	open_time:Sat Jul 15 12:01:00 CST 2017
[INFO ] 21:10:15.334 [DefaultQuartzScheduler_Worker-1] com.lxtech.inspect.LotteryCrawler - num:37	date:20170715	open_code:5,1,3,2,3	open_time:Sat Jul 15 12:11:00 CST 2017
[INFO ] 21:10:15.384 [DefaultQuartzScheduler_Worker-1] com.lxtech.inspect.LotteryCrawler - num:38	date:20170715	open_code:5,5,7,5,7	open_time:Sat Jul 15 12:21:00 CST 2017
[INFO ] 21:10:15.442 [DefaultQuartzScheduler_Worker-1] com.lxtech.inspect.LotteryCrawler - num:39	date:20170715	open_code:8,4,3,6,2	open_time:Sat Jul 15 12:31:00 CST 2017
[INFO ] 21:10:15.483 [DefaultQuartzScheduler_Worker-1] com.lxtech.inspect.LotteryCrawler - num:40	date:20170715	open_code:3,7,3,3,9	open_time:Sat Jul 15 12:41:00 CST 2017
[INFO ] 21:10:15.534 [DefaultQuartzScheduler_Worker-1] com.lxtech.inspect.LotteryCrawler - num:41	date:20170715	open_code:7,5,3,5,3	open_time:Sat Jul 15 12:51:00 CST 2017
[INFO ] 21:10:15.575 [DefaultQuartzScheduler_Worker-1] com.lxtech.inspect.LotteryCrawler - num:42	date:20170715	open_code:6,4,1,1,8	open_time:Sat Jul 15 13:01:00 CST 2017
[INFO ] 21:10:15.621 [DefaultQuartzScheduler_Worker-1] com.lxtech.inspect.LotteryCrawler - num:43	date:20170715	open_code:6,7,5,6,3	open_time:Sat Jul 15 13:11:00 CST 2017
[INFO ] 21:10:15.666 [DefaultQuartzScheduler_Worker-1] com.lxtech.inspect.LotteryCrawler - num:44	date:20170715	open_code:5,6,7,3,7	open_time:Sat Jul 15 13:21:00 CST 2017
[INFO ] 21:10:15.702 [DefaultQuartzScheduler_Worker-1] com.lxtech.inspect.LotteryCrawler - num:45	date:20170715	open_code:2,4,2,9,5	open_time:Sat Jul 15 13:31:00 CST 2017
[INFO ] 21:10:15.739 [DefaultQuartzScheduler_Worker-1] com.lxtech.inspect.LotteryCrawler - num:46	date:20170715	open_code:0,2,7,2,0	open_time:Sat Jul 15 13:41:00 CST 2017
[INFO ] 21:10:15.778 [DefaultQuartzScheduler_Worker-1] com.lxtech.inspect.LotteryCrawler - num:47	date:20170715	open_code:2,1,7,5,7	open_time:Sat Jul 15 13:51:00 CST 2017
[INFO ] 21:10:15.815 [DefaultQuartzScheduler_Worker-1] com.lxtech.inspect.LotteryCrawler - num:48	date:20170715	open_code:0,0,3,2,4	open_time:Sat Jul 15 14:01:00 CST 2017
[INFO ] 21:10:15.854 [DefaultQuartzScheduler_Worker-1] com.lxtech.inspect.LotteryCrawler - num:49	date:20170715	open_code:4,1,3,4,4	open_time:Sat Jul 15 14:11:00 CST 2017
[INFO ] 21:10:15.892 [DefaultQuartzScheduler_Worker-1] com.lxtech.inspect.LotteryCrawler - num:50	date:20170715	open_code:1,7,2,8,9	open_time:Sat Jul 15 14:21:00 CST 2017
[INFO ] 21:10:15.940 [DefaultQuartzScheduler_Worker-1] com.lxtech.inspect.LotteryCrawler - num:51	date:20170715	open_code:8,3,2,3,6	open_time:Sat Jul 15 14:31:00 CST 2017
[INFO ] 21:10:15.978 [DefaultQuartzScheduler_Worker-1] com.lxtech.inspect.LotteryCrawler - num:52	date:20170715	open_code:4,7,7,4,6	open_time:Sat Jul 15 14:41:00 CST 2017
[INFO ] 21:10:16.014 [DefaultQuartzScheduler_Worker-1] com.lxtech.inspect.LotteryCrawler - num:53	date:20170715	open_code:4,9,0,6,9	open_time:Sat Jul 15 14:51:00 CST 2017
[INFO ] 21:10:16.057 [DefaultQuartzScheduler_Worker-1] com.lxtech.inspect.LotteryCrawler - num:54	date:20170715	open_code:9,3,6,5,8	open_time:Sat Jul 15 15:01:00 CST 2017
[INFO ] 21:10:16.104 [DefaultQuartzScheduler_Worker-1] com.lxtech.inspect.LotteryCrawler - num:55	date:20170715	open_code:5,6,3,4,9	open_time:Sat Jul 15 15:11:00 CST 2017
[INFO ] 21:10:16.149 [DefaultQuartzScheduler_Worker-1] com.lxtech.inspect.LotteryCrawler - num:56	date:20170715	open_code:5,1,1,4,0	open_time:Sat Jul 15 15:21:00 CST 2017
[INFO ] 21:10:16.191 [DefaultQuartzScheduler_Worker-1] com.lxtech.inspect.LotteryCrawler - num:57	date:20170715	open_code:3,9,6,0,5	open_time:Sat Jul 15 15:31:00 CST 2017
[INFO ] 21:10:16.230 [DefaultQuartzScheduler_Worker-1] com.lxtech.inspect.LotteryCrawler - num:58	date:20170715	open_code:8,6,8,8,9	open_time:Sat Jul 15 15:41:00 CST 2017
[INFO ] 21:10:16.275 [DefaultQuartzScheduler_Worker-1] com.lxtech.inspect.LotteryCrawler - num:59	date:20170715	open_code:4,5,6,2,2	open_time:Sat Jul 15 15:51:00 CST 2017
[INFO ] 21:10:16.313 [DefaultQuartzScheduler_Worker-1] com.lxtech.inspect.LotteryCrawler - num:60	date:20170715	open_code:3,4,2,9,5	open_time:Sat Jul 15 16:01:00 CST 2017
[INFO ] 21:10:16.357 [DefaultQuartzScheduler_Worker-1] com.lxtech.inspect.LotteryCrawler - num:61	date:20170715	open_code:4,1,1,6,3	open_time:Sat Jul 15 16:11:00 CST 2017
[INFO ] 21:10:16.393 [DefaultQuartzScheduler_Worker-1] com.lxtech.inspect.LotteryCrawler - num:62	date:20170715	open_code:2,7,9,2,3	open_time:Sat Jul 15 16:21:00 CST 2017
[INFO ] 21:10:16.433 [DefaultQuartzScheduler_Worker-1] com.lxtech.inspect.LotteryCrawler - num:63	date:20170715	open_code:5,5,5,1,0	open_time:Sat Jul 15 16:31:00 CST 2017
[INFO ] 21:10:16.494 [DefaultQuartzScheduler_Worker-1] com.lxtech.inspect.LotteryCrawler - num:64	date:20170715	open_code:8,3,4,4,2	open_time:Sat Jul 15 16:41:00 CST 2017
[INFO ] 21:10:16.532 [DefaultQuartzScheduler_Worker-1] com.lxtech.inspect.LotteryCrawler - num:65	date:20170715	open_code:0,2,7,6,8	open_time:Sat Jul 15 16:51:00 CST 2017
[INFO ] 21:10:16.591 [DefaultQuartzScheduler_Worker-1] com.lxtech.inspect.LotteryCrawler - num:66	date:20170715	open_code:1,5,3,3,2	open_time:Sat Jul 15 17:01:00 CST 2017
[INFO ] 21:10:16.636 [DefaultQuartzScheduler_Worker-1] com.lxtech.inspect.LotteryCrawler - num:67	date:20170715	open_code:8,3,0,9,6	open_time:Sat Jul 15 17:11:00 CST 2017
[INFO ] 21:10:16.669 [DefaultQuartzScheduler_Worker-1] com.lxtech.inspect.LotteryCrawler - num:68	date:20170715	open_code:4,3,0,2,3	open_time:Sat Jul 15 17:21:00 CST 2017
[INFO ] 21:10:16.702 [DefaultQuartzScheduler_Worker-1] com.lxtech.inspect.LotteryCrawler - num:69	date:20170715	open_code:2,3,6,0,4	open_time:Sat Jul 15 17:31:00 CST 2017
[INFO ] 21:10:16.733 [DefaultQuartzScheduler_Worker-1] com.lxtech.inspect.LotteryCrawler - num:70	date:20170715	open_code:1,8,3,6,9	open_time:Sat Jul 15 17:41:00 CST 2017
[INFO ] 21:10:16.767 [DefaultQuartzScheduler_Worker-1] com.lxtech.inspect.LotteryCrawler - num:71	date:20170715	open_code:4,9,2,4,4	open_time:Sat Jul 15 17:51:00 CST 2017
[INFO ] 21:10:16.813 [DefaultQuartzScheduler_Worker-1] com.lxtech.inspect.LotteryCrawler - num:72	date:20170715	open_code:7,5,0,0,0	open_time:Sat Jul 15 18:01:00 CST 2017
[INFO ] 21:10:16.847 [DefaultQuartzScheduler_Worker-1] com.lxtech.inspect.LotteryCrawler - num:73	date:20170715	open_code:0,3,7,3,1	open_time:Sat Jul 15 18:11:00 CST 2017
[INFO ] 21:10:16.878 [DefaultQuartzScheduler_Worker-1] com.lxtech.inspect.LotteryCrawler - num:74	date:20170715	open_code:5,2,0,8,5	open_time:Sat Jul 15 18:21:00 CST 2017
[INFO ] 21:10:16.912 [DefaultQuartzScheduler_Worker-1] com.lxtech.inspect.LotteryCrawler - num:75	date:20170715	open_code:3,8,0,7,9	open_time:Sat Jul 15 18:31:00 CST 2017
[INFO ] 21:10:16.950 [DefaultQuartzScheduler_Worker-1] com.lxtech.inspect.LotteryCrawler - num:76	date:20170715	open_code:7,1,8,2,7	open_time:Sat Jul 15 18:41:00 CST 2017
[INFO ] 21:10:16.987 [DefaultQuartzScheduler_Worker-1] com.lxtech.inspect.LotteryCrawler - num:77	date:20170715	open_code:3,2,2,6,6	open_time:Sat Jul 15 18:51:00 CST 2017
[INFO ] 21:10:17.027 [DefaultQuartzScheduler_Worker-1] com.lxtech.inspect.LotteryCrawler - num:78	date:20170715	open_code:5,7,4,1,8	open_time:Sat Jul 15 19:01:00 CST 2017
[INFO ] 21:10:17.066 [DefaultQuartzScheduler_Worker-1] com.lxtech.inspect.LotteryCrawler - num:79	date:20170715	open_code:0,9,6,0,8	open_time:Sat Jul 15 19:11:00 CST 2017
[INFO ] 21:10:17.108 [DefaultQuartzScheduler_Worker-1] com.lxtech.inspect.LotteryCrawler - num:80	date:20170715	open_code:9,9,2,7,7	open_time:Sat Jul 15 19:21:00 CST 2017
[INFO ] 21:10:17.144 [DefaultQuartzScheduler_Worker-1] com.lxtech.inspect.LotteryCrawler - num:81	date:20170715	open_code:2,6,9,5,2	open_time:Sat Jul 15 19:31:00 CST 2017
[INFO ] 21:10:17.180 [DefaultQuartzScheduler_Worker-1] com.lxtech.inspect.LotteryCrawler - num:82	date:20170715	open_code:4,4,7,7,6	open_time:Sat Jul 15 19:41:00 CST 2017
[INFO ] 21:10:17.215 [DefaultQuartzScheduler_Worker-1] com.lxtech.inspect.LotteryCrawler - num:83	date:20170715	open_code:8,3,8,0,5	open_time:Sat Jul 15 19:51:00 CST 2017
[INFO ] 21:10:17.257 [DefaultQuartzScheduler_Worker-1] com.lxtech.inspect.LotteryCrawler - num:84	date:20170715	open_code:0,8,0,9,2	open_time:Sat Jul 15 20:01:00 CST 2017
[INFO ] 21:10:17.334 [DefaultQuartzScheduler_Worker-1] com.lxtech.inspect.LotteryCrawler - num:85	date:20170715	open_code:6,9,7,2,7	open_time:Sat Jul 15 20:11:00 CST 2017
[INFO ] 21:10:17.416 [DefaultQuartzScheduler_Worker-1] com.lxtech.inspect.LotteryCrawler - num:86	date:20170715	open_code:4,5,5,1,3	open_time:Sat Jul 15 20:21:00 CST 2017
[INFO ] 21:10:17.519 [DefaultQuartzScheduler_Worker-1] com.lxtech.inspect.LotteryCrawler - num:87	date:20170715	open_code:3,8,8,7,9	open_time:Sat Jul 15 20:31:00 CST 2017
[INFO ] 21:10:17.604 [DefaultQuartzScheduler_Worker-1] com.lxtech.inspect.LotteryCrawler - num:88	date:20170715	open_code:1,9,4,3,6	open_time:Sat Jul 15 20:41:00 CST 2017
[INFO ] 21:10:17.680 [DefaultQuartzScheduler_Worker-1] com.lxtech.inspect.LotteryCrawler - num:89	date:20170715	open_code:2,9,8,2,4	open_time:Sat Jul 15 20:51:00 CST 2017
[INFO ] 21:10:17.756 [DefaultQuartzScheduler_Worker-1] com.lxtech.inspect.LotteryCrawler - num:90	date:20170715	open_code:1,9,5,9,7	open_time:Sat Jul 15 21:01:00 CST 2017
[INFO ] 21:11:01.344 [DefaultQuartzScheduler_Worker-2] com.lxtech.inspect.LotteryCrawler - num:1	date:20170715	open_code:4,2,1,3,8	open_time:Sat Jul 15 00:06:00 CST 2017
[INFO ] 21:11:01.387 [DefaultQuartzScheduler_Worker-2] com.lxtech.inspect.LotteryCrawler - num:2	date:20170715	open_code:4,0,2,3,4	open_time:Sat Jul 15 00:11:00 CST 2017
[INFO ] 21:11:01.433 [DefaultQuartzScheduler_Worker-2] com.lxtech.inspect.LotteryCrawler - num:3	date:20170715	open_code:8,6,6,9,2	open_time:Sat Jul 15 00:16:00 CST 2017
[INFO ] 21:11:01.476 [DefaultQuartzScheduler_Worker-2] com.lxtech.inspect.LotteryCrawler - num:4	date:20170715	open_code:0,6,0,1,7	open_time:Sat Jul 15 00:21:00 CST 2017
[INFO ] 21:11:01.524 [DefaultQuartzScheduler_Worker-2] com.lxtech.inspect.LotteryCrawler - num:5	date:20170715	open_code:1,7,8,2,4	open_time:Sat Jul 15 00:26:00 CST 2017
[INFO ] 21:11:01.562 [DefaultQuartzScheduler_Worker-2] com.lxtech.inspect.LotteryCrawler - num:6	date:20170715	open_code:6,2,4,7,2	open_time:Sat Jul 15 00:31:00 CST 2017
[INFO ] 21:11:01.599 [DefaultQuartzScheduler_Worker-2] com.lxtech.inspect.LotteryCrawler - num:7	date:20170715	open_code:0,3,6,0,2	open_time:Sat Jul 15 00:36:00 CST 2017
[INFO ] 21:11:01.637 [DefaultQuartzScheduler_Worker-2] com.lxtech.inspect.LotteryCrawler - num:8	date:20170715	open_code:8,6,0,0,8	open_time:Sat Jul 15 00:41:00 CST 2017
[INFO ] 21:11:01.676 [DefaultQuartzScheduler_Worker-2] com.lxtech.inspect.LotteryCrawler - num:9	date:20170715	open_code:6,9,1,4,0	open_time:Sat Jul 15 00:46:00 CST 2017
[INFO ] 21:11:01.715 [DefaultQuartzScheduler_Worker-2] com.lxtech.inspect.LotteryCrawler - num:10	date:20170715	open_code:1,5,9,4,3	open_time:Sat Jul 15 00:51:00 CST 2017
[INFO ] 21:11:01.754 [DefaultQuartzScheduler_Worker-2] com.lxtech.inspect.LotteryCrawler - num:11	date:20170715	open_code:0,5,2,4,9	open_time:Sat Jul 15 00:56:00 CST 2017
[INFO ] 21:11:01.791 [DefaultQuartzScheduler_Worker-2] com.lxtech.inspect.LotteryCrawler - num:12	date:20170715	open_code:6,3,4,9,3	open_time:Sat Jul 15 01:01:00 CST 2017
[INFO ] 21:11:01.831 [DefaultQuartzScheduler_Worker-2] com.lxtech.inspect.LotteryCrawler - num:13	date:20170715	open_code:9,5,1,0,7	open_time:Sat Jul 15 01:06:00 CST 2017
[INFO ] 21:11:01.867 [DefaultQuartzScheduler_Worker-2] com.lxtech.inspect.LotteryCrawler - num:14	date:20170715	open_code:5,4,0,0,5	open_time:Sat Jul 15 01:11:00 CST 2017
[INFO ] 21:11:01.915 [DefaultQuartzScheduler_Worker-2] com.lxtech.inspect.LotteryCrawler - num:15	date:20170715	open_code:0,6,1,9,4	open_time:Sat Jul 15 01:16:00 CST 2017
[INFO ] 21:11:01.958 [DefaultQuartzScheduler_Worker-2] com.lxtech.inspect.LotteryCrawler - num:16	date:20170715	open_code:5,9,2,9,6	open_time:Sat Jul 15 01:21:00 CST 2017
[INFO ] 21:11:01.997 [DefaultQuartzScheduler_Worker-2] com.lxtech.inspect.LotteryCrawler - num:17	date:20170715	open_code:0,1,4,3,7	open_time:Sat Jul 15 01:26:00 CST 2017
[INFO ] 21:11:02.032 [DefaultQuartzScheduler_Worker-2] com.lxtech.inspect.LotteryCrawler - num:18	date:20170715	open_code:2,6,9,2,4	open_time:Sat Jul 15 01:31:00 CST 2017
[INFO ] 21:11:02.075 [DefaultQuartzScheduler_Worker-2] com.lxtech.inspect.LotteryCrawler - num:19	date:20170715	open_code:5,2,4,6,0	open_time:Sat Jul 15 01:36:00 CST 2017
[INFO ] 21:11:02.113 [DefaultQuartzScheduler_Worker-2] com.lxtech.inspect.LotteryCrawler - num:20	date:20170715	open_code:6,4,2,6,5	open_time:Sat Jul 15 01:41:00 CST 2017
[INFO ] 21:11:02.150 [DefaultQuartzScheduler_Worker-2] com.lxtech.inspect.LotteryCrawler - num:21	date:20170715	open_code:1,0,9,4,2	open_time:Sat Jul 15 01:46:00 CST 2017
[INFO ] 21:11:02.192 [DefaultQuartzScheduler_Worker-2] com.lxtech.inspect.LotteryCrawler - num:22	date:20170715	open_code:1,5,9,5,8	open_time:Sat Jul 15 01:51:00 CST 2017
[INFO ] 21:11:02.235 [DefaultQuartzScheduler_Worker-2] com.lxtech.inspect.LotteryCrawler - num:23	date:20170715	open_code:4,3,2,3,4	open_time:Sat Jul 15 01:56:00 CST 2017
[INFO ] 21:11:02.271 [DefaultQuartzScheduler_Worker-2] com.lxtech.inspect.LotteryCrawler - num:24	date:20170715	open_code:0,2,5,3,2	open_time:Sat Jul 15 10:01:00 CST 2017
[INFO ] 21:11:02.308 [DefaultQuartzScheduler_Worker-2] com.lxtech.inspect.LotteryCrawler - num:25	date:20170715	open_code:8,2,8,1,3	open_time:Sat Jul 15 10:11:00 CST 2017
[INFO ] 21:11:02.347 [DefaultQuartzScheduler_Worker-2] com.lxtech.inspect.LotteryCrawler - num:26	date:20170715	open_code:5,4,4,0,8	open_time:Sat Jul 15 10:21:00 CST 2017
[INFO ] 21:11:02.386 [DefaultQuartzScheduler_Worker-2] com.lxtech.inspect.LotteryCrawler - num:27	date:20170715	open_code:2,7,4,7,3	open_time:Sat Jul 15 10:31:00 CST 2017
[INFO ] 21:11:02.420 [DefaultQuartzScheduler_Worker-2] com.lxtech.inspect.LotteryCrawler - num:28	date:20170715	open_code:0,6,4,9,7	open_time:Sat Jul 15 10:41:00 CST 2017
[INFO ] 21:11:02.460 [DefaultQuartzScheduler_Worker-2] com.lxtech.inspect.LotteryCrawler - num:29	date:20170715	open_code:4,3,4,0,1	open_time:Sat Jul 15 10:51:00 CST 2017
[INFO ] 21:11:02.494 [DefaultQuartzScheduler_Worker-2] com.lxtech.inspect.LotteryCrawler - num:30	date:20170715	open_code:7,6,9,0,5	open_time:Sat Jul 15 11:01:00 CST 2017
[INFO ] 21:11:02.536 [DefaultQuartzScheduler_Worker-2] com.lxtech.inspect.LotteryCrawler - num:31	date:20170715	open_code:5,0,9,6,4	open_time:Sat Jul 15 11:11:00 CST 2017
[INFO ] 21:11:02.572 [DefaultQuartzScheduler_Worker-2] com.lxtech.inspect.LotteryCrawler - num:32	date:20170715	open_code:4,8,6,5,9	open_time:Sat Jul 15 11:21:00 CST 2017
[INFO ] 21:11:02.610 [DefaultQuartzScheduler_Worker-2] com.lxtech.inspect.LotteryCrawler - num:33	date:20170715	open_code:9,6,4,1,4	open_time:Sat Jul 15 11:31:00 CST 2017
[INFO ] 21:11:02.645 [DefaultQuartzScheduler_Worker-2] com.lxtech.inspect.LotteryCrawler - num:34	date:20170715	open_code:5,5,3,0,9	open_time:Sat Jul 15 11:41:00 CST 2017
[INFO ] 21:11:02.681 [DefaultQuartzScheduler_Worker-2] com.lxtech.inspect.LotteryCrawler - num:35	date:20170715	open_code:2,1,5,8,6	open_time:Sat Jul 15 11:51:00 CST 2017
[INFO ] 21:11:02.712 [DefaultQuartzScheduler_Worker-2] com.lxtech.inspect.LotteryCrawler - num:36	date:20170715	open_code:2,2,9,0,6	open_time:Sat Jul 15 12:01:00 CST 2017
[INFO ] 21:11:02.746 [DefaultQuartzScheduler_Worker-2] com.lxtech.inspect.LotteryCrawler - num:37	date:20170715	open_code:5,1,3,2,3	open_time:Sat Jul 15 12:11:00 CST 2017
[INFO ] 21:11:02.782 [DefaultQuartzScheduler_Worker-2] com.lxtech.inspect.LotteryCrawler - num:38	date:20170715	open_code:5,5,7,5,7	open_time:Sat Jul 15 12:21:00 CST 2017
[INFO ] 21:11:02.813 [DefaultQuartzScheduler_Worker-2] com.lxtech.inspect.LotteryCrawler - num:39	date:20170715	open_code:8,4,3,6,2	open_time:Sat Jul 15 12:31:00 CST 2017
[INFO ] 21:11:02.846 [DefaultQuartzScheduler_Worker-2] com.lxtech.inspect.LotteryCrawler - num:40	date:20170715	open_code:3,7,3,3,9	open_time:Sat Jul 15 12:41:00 CST 2017
[INFO ] 21:11:02.881 [DefaultQuartzScheduler_Worker-2] com.lxtech.inspect.LotteryCrawler - num:41	date:20170715	open_code:7,5,3,5,3	open_time:Sat Jul 15 12:51:00 CST 2017
[INFO ] 21:11:02.915 [DefaultQuartzScheduler_Worker-2] com.lxtech.inspect.LotteryCrawler - num:42	date:20170715	open_code:6,4,1,1,8	open_time:Sat Jul 15 13:01:00 CST 2017
[INFO ] 21:11:02.959 [DefaultQuartzScheduler_Worker-2] com.lxtech.inspect.LotteryCrawler - num:43	date:20170715	open_code:6,7,5,6,3	open_time:Sat Jul 15 13:11:00 CST 2017
[INFO ] 21:11:02.993 [DefaultQuartzScheduler_Worker-2] com.lxtech.inspect.LotteryCrawler - num:44	date:20170715	open_code:5,6,7,3,7	open_time:Sat Jul 15 13:21:00 CST 2017
[INFO ] 21:11:03.031 [DefaultQuartzScheduler_Worker-2] com.lxtech.inspect.LotteryCrawler - num:45	date:20170715	open_code:2,4,2,9,5	open_time:Sat Jul 15 13:31:00 CST 2017
[INFO ] 21:11:03.065 [DefaultQuartzScheduler_Worker-2] com.lxtech.inspect.LotteryCrawler - num:46	date:20170715	open_code:0,2,7,2,0	open_time:Sat Jul 15 13:41:00 CST 2017
[INFO ] 21:11:03.100 [DefaultQuartzScheduler_Worker-2] com.lxtech.inspect.LotteryCrawler - num:47	date:20170715	open_code:2,1,7,5,7	open_time:Sat Jul 15 13:51:00 CST 2017
[INFO ] 21:11:03.141 [DefaultQuartzScheduler_Worker-2] com.lxtech.inspect.LotteryCrawler - num:48	date:20170715	open_code:0,0,3,2,4	open_time:Sat Jul 15 14:01:00 CST 2017
[INFO ] 21:11:03.176 [DefaultQuartzScheduler_Worker-2] com.lxtech.inspect.LotteryCrawler - num:49	date:20170715	open_code:4,1,3,4,4	open_time:Sat Jul 15 14:11:00 CST 2017
[INFO ] 21:11:03.211 [DefaultQuartzScheduler_Worker-2] com.lxtech.inspect.LotteryCrawler - num:50	date:20170715	open_code:1,7,2,8,9	open_time:Sat Jul 15 14:21:00 CST 2017
[INFO ] 21:11:03.246 [DefaultQuartzScheduler_Worker-2] com.lxtech.inspect.LotteryCrawler - num:51	date:20170715	open_code:8,3,2,3,6	open_time:Sat Jul 15 14:31:00 CST 2017
[INFO ] 21:11:03.289 [DefaultQuartzScheduler_Worker-2] com.lxtech.inspect.LotteryCrawler - num:52	date:20170715	open_code:4,7,7,4,6	open_time:Sat Jul 15 14:41:00 CST 2017
[INFO ] 21:11:03.329 [DefaultQuartzScheduler_Worker-2] com.lxtech.inspect.LotteryCrawler - num:53	date:20170715	open_code:4,9,0,6,9	open_time:Sat Jul 15 14:51:00 CST 2017
[INFO ] 21:11:03.368 [DefaultQuartzScheduler_Worker-2] com.lxtech.inspect.LotteryCrawler - num:54	date:20170715	open_code:9,3,6,5,8	open_time:Sat Jul 15 15:01:00 CST 2017
[INFO ] 21:11:03.410 [DefaultQuartzScheduler_Worker-2] com.lxtech.inspect.LotteryCrawler - num:55	date:20170715	open_code:5,6,3,4,9	open_time:Sat Jul 15 15:11:00 CST 2017
[INFO ] 21:11:03.451 [DefaultQuartzScheduler_Worker-2] com.lxtech.inspect.LotteryCrawler - num:56	date:20170715	open_code:5,1,1,4,0	open_time:Sat Jul 15 15:21:00 CST 2017
[INFO ] 21:11:03.488 [DefaultQuartzScheduler_Worker-2] com.lxtech.inspect.LotteryCrawler - num:57	date:20170715	open_code:3,9,6,0,5	open_time:Sat Jul 15 15:31:00 CST 2017
[INFO ] 21:11:03.528 [DefaultQuartzScheduler_Worker-2] com.lxtech.inspect.LotteryCrawler - num:58	date:20170715	open_code:8,6,8,8,9	open_time:Sat Jul 15 15:41:00 CST 2017
[INFO ] 21:11:03.567 [DefaultQuartzScheduler_Worker-2] com.lxtech.inspect.LotteryCrawler - num:59	date:20170715	open_code:4,5,6,2,2	open_time:Sat Jul 15 15:51:00 CST 2017
[INFO ] 21:11:03.617 [DefaultQuartzScheduler_Worker-2] com.lxtech.inspect.LotteryCrawler - num:60	date:20170715	open_code:3,4,2,9,5	open_time:Sat Jul 15 16:01:00 CST 2017
[INFO ] 21:11:03.661 [DefaultQuartzScheduler_Worker-2] com.lxtech.inspect.LotteryCrawler - num:61	date:20170715	open_code:4,1,1,6,3	open_time:Sat Jul 15 16:11:00 CST 2017
[INFO ] 21:11:03.715 [DefaultQuartzScheduler_Worker-2] com.lxtech.inspect.LotteryCrawler - num:62	date:20170715	open_code:2,7,9,2,3	open_time:Sat Jul 15 16:21:00 CST 2017
[INFO ] 21:11:03.754 [DefaultQuartzScheduler_Worker-2] com.lxtech.inspect.LotteryCrawler - num:63	date:20170715	open_code:5,5,5,1,0	open_time:Sat Jul 15 16:31:00 CST 2017
[INFO ] 21:11:03.797 [DefaultQuartzScheduler_Worker-2] com.lxtech.inspect.LotteryCrawler - num:64	date:20170715	open_code:8,3,4,4,2	open_time:Sat Jul 15 16:41:00 CST 2017
[INFO ] 21:11:03.833 [DefaultQuartzScheduler_Worker-2] com.lxtech.inspect.LotteryCrawler - num:65	date:20170715	open_code:0,2,7,6,8	open_time:Sat Jul 15 16:51:00 CST 2017
[INFO ] 21:11:03.869 [DefaultQuartzScheduler_Worker-2] com.lxtech.inspect.LotteryCrawler - num:66	date:20170715	open_code:1,5,3,3,2	open_time:Sat Jul 15 17:01:00 CST 2017
[INFO ] 21:11:03.906 [DefaultQuartzScheduler_Worker-2] com.lxtech.inspect.LotteryCrawler - num:67	date:20170715	open_code:8,3,0,9,6	open_time:Sat Jul 15 17:11:00 CST 2017
[INFO ] 21:11:03.940 [DefaultQuartzScheduler_Worker-2] com.lxtech.inspect.LotteryCrawler - num:68	date:20170715	open_code:4,3,0,2,3	open_time:Sat Jul 15 17:21:00 CST 2017
[INFO ] 21:11:03.979 [DefaultQuartzScheduler_Worker-2] com.lxtech.inspect.LotteryCrawler - num:69	date:20170715	open_code:2,3,6,0,4	open_time:Sat Jul 15 17:31:00 CST 2017
[INFO ] 21:11:04.016 [DefaultQuartzScheduler_Worker-2] com.lxtech.inspect.LotteryCrawler - num:70	date:20170715	open_code:1,8,3,6,9	open_time:Sat Jul 15 17:41:00 CST 2017
[INFO ] 21:11:04.052 [DefaultQuartzScheduler_Worker-2] com.lxtech.inspect.LotteryCrawler - num:71	date:20170715	open_code:4,9,2,4,4	open_time:Sat Jul 15 17:51:00 CST 2017
[INFO ] 21:11:04.093 [DefaultQuartzScheduler_Worker-2] com.lxtech.inspect.LotteryCrawler - num:72	date:20170715	open_code:7,5,0,0,0	open_time:Sat Jul 15 18:01:00 CST 2017
[INFO ] 21:11:04.134 [DefaultQuartzScheduler_Worker-2] com.lxtech.inspect.LotteryCrawler - num:73	date:20170715	open_code:0,3,7,3,1	open_time:Sat Jul 15 18:11:00 CST 2017
[INFO ] 21:11:04.178 [DefaultQuartzScheduler_Worker-2] com.lxtech.inspect.LotteryCrawler - num:74	date:20170715	open_code:5,2,0,8,5	open_time:Sat Jul 15 18:21:00 CST 2017
[INFO ] 21:11:04.218 [DefaultQuartzScheduler_Worker-2] com.lxtech.inspect.LotteryCrawler - num:75	date:20170715	open_code:3,8,0,7,9	open_time:Sat Jul 15 18:31:00 CST 2017
[INFO ] 21:11:04.256 [DefaultQuartzScheduler_Worker-2] com.lxtech.inspect.LotteryCrawler - num:76	date:20170715	open_code:7,1,8,2,7	open_time:Sat Jul 15 18:41:00 CST 2017
[INFO ] 21:11:04.298 [DefaultQuartzScheduler_Worker-2] com.lxtech.inspect.LotteryCrawler - num:77	date:20170715	open_code:3,2,2,6,6	open_time:Sat Jul 15 18:51:00 CST 2017
[INFO ] 21:11:04.333 [DefaultQuartzScheduler_Worker-2] com.lxtech.inspect.LotteryCrawler - num:78	date:20170715	open_code:5,7,4,1,8	open_time:Sat Jul 15 19:01:00 CST 2017
[INFO ] 21:11:04.374 [DefaultQuartzScheduler_Worker-2] com.lxtech.inspect.LotteryCrawler - num:79	date:20170715	open_code:0,9,6,0,8	open_time:Sat Jul 15 19:11:00 CST 2017
[INFO ] 21:11:04.409 [DefaultQuartzScheduler_Worker-2] com.lxtech.inspect.LotteryCrawler - num:80	date:20170715	open_code:9,9,2,7,7	open_time:Sat Jul 15 19:21:00 CST 2017
[INFO ] 21:11:04.442 [DefaultQuartzScheduler_Worker-2] com.lxtech.inspect.LotteryCrawler - num:81	date:20170715	open_code:2,6,9,5,2	open_time:Sat Jul 15 19:31:00 CST 2017
[INFO ] 21:11:04.486 [DefaultQuartzScheduler_Worker-2] com.lxtech.inspect.LotteryCrawler - num:82	date:20170715	open_code:4,4,7,7,6	open_time:Sat Jul 15 19:41:00 CST 2017
[INFO ] 21:11:04.520 [DefaultQuartzScheduler_Worker-2] com.lxtech.inspect.LotteryCrawler - num:83	date:20170715	open_code:8,3,8,0,5	open_time:Sat Jul 15 19:51:00 CST 2017
[INFO ] 21:11:04.557 [DefaultQuartzScheduler_Worker-2] com.lxtech.inspect.LotteryCrawler - num:84	date:20170715	open_code:0,8,0,9,2	open_time:Sat Jul 15 20:01:00 CST 2017
[INFO ] 21:11:04.592 [DefaultQuartzScheduler_Worker-2] com.lxtech.inspect.LotteryCrawler - num:85	date:20170715	open_code:6,9,7,2,7	open_time:Sat Jul 15 20:11:00 CST 2017
[INFO ] 21:11:04.622 [DefaultQuartzScheduler_Worker-2] com.lxtech.inspect.LotteryCrawler - num:86	date:20170715	open_code:4,5,5,1,3	open_time:Sat Jul 15 20:21:00 CST 2017
[INFO ] 21:11:04.666 [DefaultQuartzScheduler_Worker-2] com.lxtech.inspect.LotteryCrawler - num:87	date:20170715	open_code:3,8,8,7,9	open_time:Sat Jul 15 20:31:00 CST 2017
[INFO ] 21:11:04.706 [DefaultQuartzScheduler_Worker-2] com.lxtech.inspect.LotteryCrawler - num:88	date:20170715	open_code:1,9,4,3,6	open_time:Sat Jul 15 20:41:00 CST 2017
[INFO ] 21:11:04.745 [DefaultQuartzScheduler_Worker-2] com.lxtech.inspect.LotteryCrawler - num:89	date:20170715	open_code:2,9,8,2,4	open_time:Sat Jul 15 20:51:00 CST 2017
[INFO ] 21:11:04.785 [DefaultQuartzScheduler_Worker-2] com.lxtech.inspect.LotteryCrawler - num:90	date:20170715	open_code:1,9,5,9,7	open_time:Sat Jul 15 21:01:00 CST 2017
